[2025-10-15T20:35:41.552+0100] {local_task_job_runner.py:123} INFO - ::group::Pre task execution logs
[2025-10-15T20:35:41.558+0100] {taskinstance.py:2612} INFO - Dependencies all met for dep_context=non-requeueable deps ti=<TaskInstance: ETL_toll_data.extract_data_from_fixed_width scheduled__2025-09-29T00:00:00+00:00 [queued]>
[2025-10-15T20:35:41.561+0100] {taskinstance.py:2612} INFO - Dependencies all met for dep_context=requeueable deps ti=<TaskInstance: ETL_toll_data.extract_data_from_fixed_width scheduled__2025-09-29T00:00:00+00:00 [queued]>
[2025-10-15T20:35:41.562+0100] {taskinstance.py:2865} INFO - Starting attempt 1 of 2
[2025-10-15T20:35:41.571+0100] {taskinstance.py:2888} INFO - Executing <Task(BashOperator): extract_data_from_fixed_width> on 2025-09-29 00:00:00+00:00
[2025-10-15T20:35:41.575+0100] {standard_task_runner.py:72} INFO - Started process 5285 to run task
[2025-10-15T20:35:41.579+0100] {standard_task_runner.py:104} INFO - Running: ['airflow', 'tasks', 'run', 'ETL_toll_data', 'extract_data_from_fixed_width', 'scheduled__2025-09-29T00:00:00+00:00', '--job-id', '85', '--raw', '--subdir', 'DAGS_FOLDER/ETL_toll_data.py', '--cfg-path', '/tmp/tmp0yxrc9_0']
[2025-10-15T20:35:41.580+0100] {standard_task_runner.py:105} INFO - Job 85: Subtask extract_data_from_fixed_width
[2025-10-15T20:35:41.614+0100] {task_command.py:467} INFO - Running <TaskInstance: ETL_toll_data.extract_data_from_fixed_width scheduled__2025-09-29T00:00:00+00:00 [running]> on host AZZ-PTT-1.localdomain
[2025-10-15T20:35:41.662+0100] {taskinstance.py:3131} INFO - Exporting env vars: AIRFLOW_CTX_DAG_EMAIL='kennethnebe@gmail.com' AIRFLOW_CTX_DAG_OWNER='The Engineer' AIRFLOW_CTX_DAG_ID='ETL_toll_data' AIRFLOW_CTX_TASK_ID='extract_data_from_fixed_width' AIRFLOW_CTX_EXECUTION_DATE='2025-09-29T00:00:00+00:00' AIRFLOW_CTX_TRY_NUMBER='1' AIRFLOW_CTX_DAG_RUN_ID='scheduled__2025-09-29T00:00:00+00:00'
[2025-10-15T20:35:41.663+0100] {taskinstance.py:731} INFO - ::endgroup::
[2025-10-15T20:35:41.672+0100] {subprocess.py:63} INFO - Tmp dir root location: /tmp
[2025-10-15T20:35:41.673+0100] {subprocess.py:75} INFO - Running command: ['/usr/bin/bash', '-c', "cut -c59-62,63-67 /home/engineer/project/tolldata/payment-data.txt | tr ' ' ',' > /home/engineer/project/tolldata/cleaned/fixed_width_data.csv"]
[2025-10-15T20:35:41.678+0100] {subprocess.py:86} INFO - Output:
[2025-10-15T20:35:41.681+0100] {subprocess.py:97} INFO - Command exited with return code 0
[2025-10-15T20:35:41.694+0100] {taskinstance.py:340} INFO - ::group::Post task execution logs
[2025-10-15T20:35:41.695+0100] {taskinstance.py:352} INFO - Marking task as SUCCESS. dag_id=ETL_toll_data, task_id=extract_data_from_fixed_width, run_id=scheduled__2025-09-29T00:00:00+00:00, execution_date=20250929T000000, start_date=20251015T193541, end_date=20251015T193541
[2025-10-15T20:35:41.712+0100] {local_task_job_runner.py:266} INFO - Task exited with return code 0
[2025-10-15T20:35:41.723+0100] {taskinstance.py:3900} INFO - 1 downstream tasks scheduled from follow-on schedule check
[2025-10-15T20:35:41.734+0100] {local_task_job_runner.py:245} INFO - ::endgroup::
