[2025-09-27T23:36:18.817+0100] {processor.py:186} INFO - Started process (PID=22896) to work on /home/engineer/project/airflow_home/dags/simple_hello_world.py
[2025-09-27T23:36:18.818+0100] {processor.py:914} INFO - Processing file /home/engineer/project/airflow_home/dags/simple_hello_world.py for tasks to queue
[2025-09-27T23:36:18.819+0100] {logging_mixin.py:190} INFO - [2025-09-27T23:36:18.819+0100] {dagbag.py:588} INFO - Filling up the DagBag from /home/engineer/project/airflow_home/dags/simple_hello_world.py
[2025-09-27T23:36:18.827+0100] {processor.py:925} INFO - DAG(s) 'hello_world' retrieved from /home/engineer/project/airflow_home/dags/simple_hello_world.py
[2025-09-27T23:36:18.911+0100] {logging_mixin.py:190} INFO - [2025-09-27T23:36:18.910+0100] {override.py:1900} INFO - Created Permission View: can delete on DAG:hello_world
[2025-09-27T23:36:18.919+0100] {logging_mixin.py:190} INFO - [2025-09-27T23:36:18.918+0100] {override.py:1900} INFO - Created Permission View: can read on DAG:hello_world
[2025-09-27T23:36:18.924+0100] {logging_mixin.py:190} INFO - [2025-09-27T23:36:18.924+0100] {override.py:1900} INFO - Created Permission View: can edit on DAG:hello_world
[2025-09-27T23:36:18.932+0100] {logging_mixin.py:190} INFO - [2025-09-27T23:36:18.932+0100] {override.py:1900} INFO - Created Permission View: can delete on DAG Run:hello_world
[2025-09-27T23:36:18.938+0100] {logging_mixin.py:190} INFO - [2025-09-27T23:36:18.937+0100] {override.py:1900} INFO - Created Permission View: can read on DAG Run:hello_world
[2025-09-27T23:36:18.943+0100] {logging_mixin.py:190} INFO - [2025-09-27T23:36:18.943+0100] {override.py:1900} INFO - Created Permission View: can create on DAG Run:hello_world
[2025-09-27T23:36:18.948+0100] {logging_mixin.py:190} INFO - [2025-09-27T23:36:18.948+0100] {override.py:1900} INFO - Created Permission View: menu access on DAG Run:hello_world
[2025-09-27T23:36:18.948+0100] {logging_mixin.py:190} INFO - [2025-09-27T23:36:18.948+0100] {dag.py:3239} INFO - Sync 1 DAGs
[2025-09-27T23:36:18.956+0100] {logging_mixin.py:190} INFO - [2025-09-27T23:36:18.956+0100] {dag.py:3262} INFO - Creating ORM DAG for hello_world
[2025-09-27T23:36:18.962+0100] {logging_mixin.py:190} INFO - [2025-09-27T23:36:18.962+0100] {dag.py:4180} INFO - Setting next_dagrun for hello_world to 2025-09-26 00:00:00+00:00, run_after=2025-09-27 00:00:00+00:00
[2025-09-27T23:36:18.976+0100] {processor.py:208} INFO - Processing /home/engineer/project/airflow_home/dags/simple_hello_world.py took 0.164 seconds
[2025-09-27T23:37:10.496+0100] {processor.py:186} INFO - Started process (PID=23120) to work on /home/engineer/project/airflow_home/dags/simple_hello_world.py
[2025-09-27T23:37:10.502+0100] {processor.py:914} INFO - Processing file /home/engineer/project/airflow_home/dags/simple_hello_world.py for tasks to queue
[2025-09-27T23:37:10.503+0100] {logging_mixin.py:190} INFO - [2025-09-27T23:37:10.503+0100] {dagbag.py:588} INFO - Filling up the DagBag from /home/engineer/project/airflow_home/dags/simple_hello_world.py
[2025-09-27T23:37:10.510+0100] {processor.py:925} INFO - DAG(s) 'hello_world' retrieved from /home/engineer/project/airflow_home/dags/simple_hello_world.py
[2025-09-27T23:37:10.522+0100] {logging_mixin.py:190} INFO - [2025-09-27T23:37:10.522+0100] {dag.py:3239} INFO - Sync 1 DAGs
[2025-09-27T23:37:10.538+0100] {logging_mixin.py:190} INFO - [2025-09-27T23:37:10.538+0100] {dag.py:4180} INFO - Setting next_dagrun for hello_world to 2025-09-26 00:00:00+00:00, run_after=2025-09-27 00:00:00+00:00
[2025-09-27T23:37:10.555+0100] {processor.py:208} INFO - Processing /home/engineer/project/airflow_home/dags/simple_hello_world.py took 0.063 seconds
[2025-09-27T23:38:33.828+0100] {processor.py:186} INFO - Started process (PID=23356) to work on /home/engineer/project/airflow_home/dags/simple_hello_world.py
[2025-09-27T23:38:33.830+0100] {processor.py:914} INFO - Processing file /home/engineer/project/airflow_home/dags/simple_hello_world.py for tasks to queue
[2025-09-27T23:38:33.831+0100] {logging_mixin.py:190} INFO - [2025-09-27T23:38:33.831+0100] {dagbag.py:588} INFO - Filling up the DagBag from /home/engineer/project/airflow_home/dags/simple_hello_world.py
[2025-09-27T23:38:33.842+0100] {processor.py:925} INFO - DAG(s) 'hello_world' retrieved from /home/engineer/project/airflow_home/dags/simple_hello_world.py
[2025-09-27T23:38:33.856+0100] {logging_mixin.py:190} INFO - [2025-09-27T23:38:33.856+0100] {dag.py:3239} INFO - Sync 1 DAGs
[2025-09-27T23:38:33.877+0100] {logging_mixin.py:190} INFO - [2025-09-27T23:38:33.877+0100] {dag.py:4180} INFO - Setting next_dagrun for hello_world to 2025-09-26 00:00:00+00:00, run_after=2025-09-27 00:00:00+00:00
[2025-09-27T23:38:33.897+0100] {processor.py:208} INFO - Processing /home/engineer/project/airflow_home/dags/simple_hello_world.py took 0.075 seconds
[2025-09-27T23:39:23.678+0100] {processor.py:186} INFO - Started process (PID=23557) to work on /home/engineer/project/airflow_home/dags/simple_hello_world.py
[2025-09-27T23:39:23.679+0100] {processor.py:914} INFO - Processing file /home/engineer/project/airflow_home/dags/simple_hello_world.py for tasks to queue
[2025-09-27T23:39:23.680+0100] {logging_mixin.py:190} INFO - [2025-09-27T23:39:23.680+0100] {dagbag.py:588} INFO - Filling up the DagBag from /home/engineer/project/airflow_home/dags/simple_hello_world.py
[2025-09-27T23:39:23.689+0100] {processor.py:925} INFO - DAG(s) 'hello_world' retrieved from /home/engineer/project/airflow_home/dags/simple_hello_world.py
[2025-09-27T23:39:23.702+0100] {logging_mixin.py:190} INFO - [2025-09-27T23:39:23.701+0100] {dag.py:3239} INFO - Sync 1 DAGs
[2025-09-27T23:39:23.716+0100] {logging_mixin.py:190} INFO - [2025-09-27T23:39:23.716+0100] {dag.py:4180} INFO - Setting next_dagrun for hello_world to 2025-09-26 00:00:00+00:00, run_after=2025-09-27 00:00:00+00:00
[2025-09-27T23:39:23.735+0100] {processor.py:208} INFO - Processing /home/engineer/project/airflow_home/dags/simple_hello_world.py took 0.062 seconds
[2025-09-27T23:40:14.270+0100] {processor.py:186} INFO - Started process (PID=23753) to work on /home/engineer/project/airflow_home/dags/simple_hello_world.py
[2025-09-27T23:40:14.271+0100] {processor.py:914} INFO - Processing file /home/engineer/project/airflow_home/dags/simple_hello_world.py for tasks to queue
[2025-09-27T23:40:14.272+0100] {logging_mixin.py:190} INFO - [2025-09-27T23:40:14.272+0100] {dagbag.py:588} INFO - Filling up the DagBag from /home/engineer/project/airflow_home/dags/simple_hello_world.py
[2025-09-27T23:40:14.281+0100] {processor.py:925} INFO - DAG(s) 'hello_world' retrieved from /home/engineer/project/airflow_home/dags/simple_hello_world.py
[2025-09-27T23:40:14.295+0100] {logging_mixin.py:190} INFO - [2025-09-27T23:40:14.295+0100] {dag.py:3239} INFO - Sync 1 DAGs
[2025-09-27T23:40:14.311+0100] {logging_mixin.py:190} INFO - [2025-09-27T23:40:14.311+0100] {dag.py:4180} INFO - Setting next_dagrun for hello_world to 2025-09-26 00:00:00+00:00, run_after=2025-09-27 00:00:00+00:00
[2025-09-27T23:40:14.333+0100] {processor.py:208} INFO - Processing /home/engineer/project/airflow_home/dags/simple_hello_world.py took 0.069 seconds
[2025-09-27T23:41:02.206+0100] {processor.py:186} INFO - Started process (PID=23948) to work on /home/engineer/project/airflow_home/dags/simple_hello_world.py
[2025-09-27T23:41:02.208+0100] {processor.py:914} INFO - Processing file /home/engineer/project/airflow_home/dags/simple_hello_world.py for tasks to queue
[2025-09-27T23:41:02.209+0100] {logging_mixin.py:190} INFO - [2025-09-27T23:41:02.209+0100] {dagbag.py:588} INFO - Filling up the DagBag from /home/engineer/project/airflow_home/dags/simple_hello_world.py
[2025-09-27T23:41:02.223+0100] {processor.py:925} INFO - DAG(s) 'hello_world' retrieved from /home/engineer/project/airflow_home/dags/simple_hello_world.py
[2025-09-27T23:41:02.242+0100] {logging_mixin.py:190} INFO - [2025-09-27T23:41:02.242+0100] {dag.py:3239} INFO - Sync 1 DAGs
[2025-09-27T23:41:02.269+0100] {logging_mixin.py:190} INFO - [2025-09-27T23:41:02.269+0100] {dag.py:4180} INFO - Setting next_dagrun for hello_world to 2025-09-26 00:00:00+00:00, run_after=2025-09-27 00:00:00+00:00
[2025-09-27T23:41:02.291+0100] {processor.py:208} INFO - Processing /home/engineer/project/airflow_home/dags/simple_hello_world.py took 0.092 seconds
[2025-09-27T23:41:54.012+0100] {processor.py:186} INFO - Started process (PID=24154) to work on /home/engineer/project/airflow_home/dags/simple_hello_world.py
[2025-09-27T23:41:54.019+0100] {processor.py:914} INFO - Processing file /home/engineer/project/airflow_home/dags/simple_hello_world.py for tasks to queue
[2025-09-27T23:41:54.020+0100] {logging_mixin.py:190} INFO - [2025-09-27T23:41:54.019+0100] {dagbag.py:588} INFO - Filling up the DagBag from /home/engineer/project/airflow_home/dags/simple_hello_world.py
[2025-09-27T23:41:54.029+0100] {processor.py:925} INFO - DAG(s) 'hello_world' retrieved from /home/engineer/project/airflow_home/dags/simple_hello_world.py
[2025-09-27T23:41:54.040+0100] {logging_mixin.py:190} INFO - [2025-09-27T23:41:54.040+0100] {dag.py:3239} INFO - Sync 1 DAGs
[2025-09-27T23:41:54.054+0100] {logging_mixin.py:190} INFO - [2025-09-27T23:41:54.054+0100] {dag.py:4180} INFO - Setting next_dagrun for hello_world to 2025-09-26 00:00:00+00:00, run_after=2025-09-27 00:00:00+00:00
[2025-09-27T23:41:54.073+0100] {processor.py:208} INFO - Processing /home/engineer/project/airflow_home/dags/simple_hello_world.py took 0.066 seconds
[2025-09-27T23:42:44.339+0100] {processor.py:186} INFO - Started process (PID=24378) to work on /home/engineer/project/airflow_home/dags/simple_hello_world.py
[2025-09-27T23:42:44.346+0100] {processor.py:914} INFO - Processing file /home/engineer/project/airflow_home/dags/simple_hello_world.py for tasks to queue
[2025-09-27T23:42:44.347+0100] {logging_mixin.py:190} INFO - [2025-09-27T23:42:44.347+0100] {dagbag.py:588} INFO - Filling up the DagBag from /home/engineer/project/airflow_home/dags/simple_hello_world.py
[2025-09-27T23:42:44.357+0100] {processor.py:925} INFO - DAG(s) 'hello_world' retrieved from /home/engineer/project/airflow_home/dags/simple_hello_world.py
[2025-09-27T23:42:44.374+0100] {logging_mixin.py:190} INFO - [2025-09-27T23:42:44.374+0100] {dag.py:3239} INFO - Sync 1 DAGs
[2025-09-27T23:42:44.392+0100] {logging_mixin.py:190} INFO - [2025-09-27T23:42:44.392+0100] {dag.py:4180} INFO - Setting next_dagrun for hello_world to 2025-09-26 00:00:00+00:00, run_after=2025-09-27 00:00:00+00:00
[2025-09-27T23:42:44.413+0100] {processor.py:208} INFO - Processing /home/engineer/project/airflow_home/dags/simple_hello_world.py took 0.079 seconds
[2025-09-27T23:43:35.930+0100] {processor.py:186} INFO - Started process (PID=24644) to work on /home/engineer/project/airflow_home/dags/simple_hello_world.py
[2025-09-27T23:43:35.932+0100] {processor.py:914} INFO - Processing file /home/engineer/project/airflow_home/dags/simple_hello_world.py for tasks to queue
[2025-09-27T23:43:35.933+0100] {logging_mixin.py:190} INFO - [2025-09-27T23:43:35.933+0100] {dagbag.py:588} INFO - Filling up the DagBag from /home/engineer/project/airflow_home/dags/simple_hello_world.py
[2025-09-27T23:43:35.941+0100] {processor.py:925} INFO - DAG(s) 'hello_world' retrieved from /home/engineer/project/airflow_home/dags/simple_hello_world.py
[2025-09-27T23:43:35.953+0100] {logging_mixin.py:190} INFO - [2025-09-27T23:43:35.953+0100] {dag.py:3239} INFO - Sync 1 DAGs
[2025-09-27T23:43:35.969+0100] {logging_mixin.py:190} INFO - [2025-09-27T23:43:35.969+0100] {dag.py:4180} INFO - Setting next_dagrun for hello_world to 2025-09-26 00:00:00+00:00, run_after=2025-09-27 00:00:00+00:00
[2025-09-27T23:43:35.986+0100] {processor.py:208} INFO - Processing /home/engineer/project/airflow_home/dags/simple_hello_world.py took 0.059 seconds
[2025-09-28T00:09:04.147+0100] {processor.py:186} INFO - Started process (PID=28044) to work on /home/engineer/project/airflow_home/dags/simple_hello_world.py
[2025-09-28T00:09:04.149+0100] {processor.py:914} INFO - Processing file /home/engineer/project/airflow_home/dags/simple_hello_world.py for tasks to queue
[2025-09-28T00:09:04.151+0100] {logging_mixin.py:190} INFO - [2025-09-28T00:09:04.150+0100] {dagbag.py:588} INFO - Filling up the DagBag from /home/engineer/project/airflow_home/dags/simple_hello_world.py
[2025-09-28T00:09:04.166+0100] {processor.py:925} INFO - DAG(s) 'hello_world' retrieved from /home/engineer/project/airflow_home/dags/simple_hello_world.py
[2025-09-28T00:09:04.193+0100] {logging_mixin.py:190} INFO - [2025-09-28T00:09:04.193+0100] {dag.py:3239} INFO - Sync 1 DAGs
[2025-09-28T00:09:04.212+0100] {logging_mixin.py:190} INFO - [2025-09-28T00:09:04.212+0100] {dag.py:4180} INFO - Setting next_dagrun for hello_world to 2025-09-26 00:00:00+00:00, run_after=2025-09-27 00:00:00+00:00
[2025-09-28T00:09:04.231+0100] {processor.py:208} INFO - Processing /home/engineer/project/airflow_home/dags/simple_hello_world.py took 0.089 seconds
[2025-09-28T00:09:34.283+0100] {processor.py:186} INFO - Started process (PID=28171) to work on /home/engineer/project/airflow_home/dags/simple_hello_world.py
[2025-09-28T00:09:34.291+0100] {processor.py:914} INFO - Processing file /home/engineer/project/airflow_home/dags/simple_hello_world.py for tasks to queue
[2025-09-28T00:09:34.292+0100] {logging_mixin.py:190} INFO - [2025-09-28T00:09:34.292+0100] {dagbag.py:588} INFO - Filling up the DagBag from /home/engineer/project/airflow_home/dags/simple_hello_world.py
[2025-09-28T00:09:34.302+0100] {processor.py:925} INFO - DAG(s) 'hello_world' retrieved from /home/engineer/project/airflow_home/dags/simple_hello_world.py
[2025-09-28T00:09:34.322+0100] {logging_mixin.py:190} INFO - [2025-09-28T00:09:34.321+0100] {dag.py:3239} INFO - Sync 1 DAGs
[2025-09-28T00:09:34.338+0100] {logging_mixin.py:190} INFO - [2025-09-28T00:09:34.338+0100] {dag.py:4180} INFO - Setting next_dagrun for hello_world to 2025-09-26 00:00:00+00:00, run_after=2025-09-27 00:00:00+00:00
[2025-09-28T00:09:34.356+0100] {processor.py:208} INFO - Processing /home/engineer/project/airflow_home/dags/simple_hello_world.py took 0.076 seconds
[2025-09-28T00:10:04.608+0100] {processor.py:186} INFO - Started process (PID=28262) to work on /home/engineer/project/airflow_home/dags/simple_hello_world.py
[2025-09-28T00:10:04.615+0100] {processor.py:914} INFO - Processing file /home/engineer/project/airflow_home/dags/simple_hello_world.py for tasks to queue
[2025-09-28T00:10:04.617+0100] {logging_mixin.py:190} INFO - [2025-09-28T00:10:04.616+0100] {dagbag.py:588} INFO - Filling up the DagBag from /home/engineer/project/airflow_home/dags/simple_hello_world.py
[2025-09-28T00:10:04.629+0100] {processor.py:925} INFO - DAG(s) 'hello_world' retrieved from /home/engineer/project/airflow_home/dags/simple_hello_world.py
[2025-09-28T00:10:04.650+0100] {logging_mixin.py:190} INFO - [2025-09-28T00:10:04.650+0100] {dag.py:3239} INFO - Sync 1 DAGs
[2025-09-28T00:10:04.664+0100] {logging_mixin.py:190} INFO - [2025-09-28T00:10:04.664+0100] {dag.py:4180} INFO - Setting next_dagrun for hello_world to 2025-09-26 00:00:00+00:00, run_after=2025-09-27 00:00:00+00:00
[2025-09-28T00:10:04.682+0100] {processor.py:208} INFO - Processing /home/engineer/project/airflow_home/dags/simple_hello_world.py took 0.080 seconds
[2025-09-28T00:10:34.919+0100] {processor.py:186} INFO - Started process (PID=28353) to work on /home/engineer/project/airflow_home/dags/simple_hello_world.py
[2025-09-28T00:10:34.921+0100] {processor.py:914} INFO - Processing file /home/engineer/project/airflow_home/dags/simple_hello_world.py for tasks to queue
[2025-09-28T00:10:34.923+0100] {logging_mixin.py:190} INFO - [2025-09-28T00:10:34.922+0100] {dagbag.py:588} INFO - Filling up the DagBag from /home/engineer/project/airflow_home/dags/simple_hello_world.py
[2025-09-28T00:10:34.934+0100] {processor.py:925} INFO - DAG(s) 'hello_world' retrieved from /home/engineer/project/airflow_home/dags/simple_hello_world.py
[2025-09-28T00:10:34.954+0100] {logging_mixin.py:190} INFO - [2025-09-28T00:10:34.954+0100] {dag.py:3239} INFO - Sync 1 DAGs
[2025-09-28T00:10:34.971+0100] {logging_mixin.py:190} INFO - [2025-09-28T00:10:34.970+0100] {dag.py:4180} INFO - Setting next_dagrun for hello_world to 2025-09-26 00:00:00+00:00, run_after=2025-09-27 00:00:00+00:00
[2025-09-28T00:10:34.987+0100] {processor.py:208} INFO - Processing /home/engineer/project/airflow_home/dags/simple_hello_world.py took 0.073 seconds
[2025-09-28T00:11:05.233+0100] {processor.py:186} INFO - Started process (PID=28444) to work on /home/engineer/project/airflow_home/dags/simple_hello_world.py
[2025-09-28T00:11:05.241+0100] {processor.py:914} INFO - Processing file /home/engineer/project/airflow_home/dags/simple_hello_world.py for tasks to queue
[2025-09-28T00:11:05.243+0100] {logging_mixin.py:190} INFO - [2025-09-28T00:11:05.242+0100] {dagbag.py:588} INFO - Filling up the DagBag from /home/engineer/project/airflow_home/dags/simple_hello_world.py
[2025-09-28T00:11:05.254+0100] {processor.py:925} INFO - DAG(s) 'hello_world' retrieved from /home/engineer/project/airflow_home/dags/simple_hello_world.py
[2025-09-28T00:11:05.275+0100] {logging_mixin.py:190} INFO - [2025-09-28T00:11:05.274+0100] {dag.py:3239} INFO - Sync 1 DAGs
[2025-09-28T00:11:05.292+0100] {logging_mixin.py:190} INFO - [2025-09-28T00:11:05.291+0100] {dag.py:4180} INFO - Setting next_dagrun for hello_world to 2025-09-26 00:00:00+00:00, run_after=2025-09-27 00:00:00+00:00
[2025-09-28T00:11:05.308+0100] {processor.py:208} INFO - Processing /home/engineer/project/airflow_home/dags/simple_hello_world.py took 0.079 seconds
[2025-09-28T00:11:35.470+0100] {processor.py:186} INFO - Started process (PID=28535) to work on /home/engineer/project/airflow_home/dags/simple_hello_world.py
[2025-09-28T00:11:35.472+0100] {processor.py:914} INFO - Processing file /home/engineer/project/airflow_home/dags/simple_hello_world.py for tasks to queue
[2025-09-28T00:11:35.474+0100] {logging_mixin.py:190} INFO - [2025-09-28T00:11:35.473+0100] {dagbag.py:588} INFO - Filling up the DagBag from /home/engineer/project/airflow_home/dags/simple_hello_world.py
[2025-09-28T00:11:35.483+0100] {processor.py:925} INFO - DAG(s) 'hello_world' retrieved from /home/engineer/project/airflow_home/dags/simple_hello_world.py
[2025-09-28T00:11:35.499+0100] {logging_mixin.py:190} INFO - [2025-09-28T00:11:35.499+0100] {dag.py:3239} INFO - Sync 1 DAGs
[2025-09-28T00:11:35.513+0100] {logging_mixin.py:190} INFO - [2025-09-28T00:11:35.513+0100] {dag.py:4180} INFO - Setting next_dagrun for hello_world to 2025-09-26 00:00:00+00:00, run_after=2025-09-27 00:00:00+00:00
[2025-09-28T00:11:35.528+0100] {processor.py:208} INFO - Processing /home/engineer/project/airflow_home/dags/simple_hello_world.py took 0.063 seconds
[2025-09-28T00:12:05.877+0100] {processor.py:186} INFO - Started process (PID=28620) to work on /home/engineer/project/airflow_home/dags/simple_hello_world.py
[2025-09-28T00:12:05.878+0100] {processor.py:914} INFO - Processing file /home/engineer/project/airflow_home/dags/simple_hello_world.py for tasks to queue
[2025-09-28T00:12:05.880+0100] {logging_mixin.py:190} INFO - [2025-09-28T00:12:05.880+0100] {dagbag.py:588} INFO - Filling up the DagBag from /home/engineer/project/airflow_home/dags/simple_hello_world.py
[2025-09-28T00:12:05.891+0100] {processor.py:925} INFO - DAG(s) 'hello_world' retrieved from /home/engineer/project/airflow_home/dags/simple_hello_world.py
[2025-09-28T00:12:05.913+0100] {logging_mixin.py:190} INFO - [2025-09-28T00:12:05.912+0100] {dag.py:3239} INFO - Sync 1 DAGs
[2025-09-28T00:12:05.931+0100] {logging_mixin.py:190} INFO - [2025-09-28T00:12:05.931+0100] {dag.py:4180} INFO - Setting next_dagrun for hello_world to 2025-09-26 00:00:00+00:00, run_after=2025-09-27 00:00:00+00:00
[2025-09-28T00:12:05.954+0100] {processor.py:208} INFO - Processing /home/engineer/project/airflow_home/dags/simple_hello_world.py took 0.083 seconds
[2025-09-28T00:12:36.229+0100] {processor.py:186} INFO - Started process (PID=28711) to work on /home/engineer/project/airflow_home/dags/simple_hello_world.py
[2025-09-28T00:12:36.236+0100] {processor.py:914} INFO - Processing file /home/engineer/project/airflow_home/dags/simple_hello_world.py for tasks to queue
[2025-09-28T00:12:36.239+0100] {logging_mixin.py:190} INFO - [2025-09-28T00:12:36.238+0100] {dagbag.py:588} INFO - Filling up the DagBag from /home/engineer/project/airflow_home/dags/simple_hello_world.py
[2025-09-28T00:12:36.248+0100] {processor.py:925} INFO - DAG(s) 'hello_world' retrieved from /home/engineer/project/airflow_home/dags/simple_hello_world.py
[2025-09-28T00:12:36.269+0100] {logging_mixin.py:190} INFO - [2025-09-28T00:12:36.268+0100] {dag.py:3239} INFO - Sync 1 DAGs
[2025-09-28T00:12:36.285+0100] {logging_mixin.py:190} INFO - [2025-09-28T00:12:36.285+0100] {dag.py:4180} INFO - Setting next_dagrun for hello_world to 2025-09-26 00:00:00+00:00, run_after=2025-09-27 00:00:00+00:00
[2025-09-28T00:12:36.302+0100] {processor.py:208} INFO - Processing /home/engineer/project/airflow_home/dags/simple_hello_world.py took 0.077 seconds
[2025-09-28T00:13:06.586+0100] {processor.py:186} INFO - Started process (PID=28802) to work on /home/engineer/project/airflow_home/dags/simple_hello_world.py
[2025-09-28T00:13:06.587+0100] {processor.py:914} INFO - Processing file /home/engineer/project/airflow_home/dags/simple_hello_world.py for tasks to queue
[2025-09-28T00:13:06.590+0100] {logging_mixin.py:190} INFO - [2025-09-28T00:13:06.589+0100] {dagbag.py:588} INFO - Filling up the DagBag from /home/engineer/project/airflow_home/dags/simple_hello_world.py
[2025-09-28T00:13:06.603+0100] {processor.py:925} INFO - DAG(s) 'hello_world' retrieved from /home/engineer/project/airflow_home/dags/simple_hello_world.py
[2025-09-28T00:13:06.623+0100] {logging_mixin.py:190} INFO - [2025-09-28T00:13:06.623+0100] {dag.py:3239} INFO - Sync 1 DAGs
[2025-09-28T00:13:06.640+0100] {logging_mixin.py:190} INFO - [2025-09-28T00:13:06.640+0100] {dag.py:4180} INFO - Setting next_dagrun for hello_world to 2025-09-26 00:00:00+00:00, run_after=2025-09-27 00:00:00+00:00
[2025-09-28T00:13:06.656+0100] {processor.py:208} INFO - Processing /home/engineer/project/airflow_home/dags/simple_hello_world.py took 0.075 seconds
[2025-09-28T00:13:36.822+0100] {processor.py:186} INFO - Started process (PID=28893) to work on /home/engineer/project/airflow_home/dags/simple_hello_world.py
[2025-09-28T00:13:36.824+0100] {processor.py:914} INFO - Processing file /home/engineer/project/airflow_home/dags/simple_hello_world.py for tasks to queue
[2025-09-28T00:13:36.826+0100] {logging_mixin.py:190} INFO - [2025-09-28T00:13:36.825+0100] {dagbag.py:588} INFO - Filling up the DagBag from /home/engineer/project/airflow_home/dags/simple_hello_world.py
[2025-09-28T00:13:36.835+0100] {processor.py:925} INFO - DAG(s) 'hello_world' retrieved from /home/engineer/project/airflow_home/dags/simple_hello_world.py
[2025-09-28T00:13:36.851+0100] {logging_mixin.py:190} INFO - [2025-09-28T00:13:36.851+0100] {dag.py:3239} INFO - Sync 1 DAGs
[2025-09-28T00:13:36.865+0100] {logging_mixin.py:190} INFO - [2025-09-28T00:13:36.865+0100] {dag.py:4180} INFO - Setting next_dagrun for hello_world to 2025-09-26 00:00:00+00:00, run_after=2025-09-27 00:00:00+00:00
[2025-09-28T00:13:36.881+0100] {processor.py:208} INFO - Processing /home/engineer/project/airflow_home/dags/simple_hello_world.py took 0.064 seconds
[2025-09-28T00:14:07.140+0100] {processor.py:186} INFO - Started process (PID=29005) to work on /home/engineer/project/airflow_home/dags/simple_hello_world.py
[2025-09-28T00:14:07.141+0100] {processor.py:914} INFO - Processing file /home/engineer/project/airflow_home/dags/simple_hello_world.py for tasks to queue
[2025-09-28T00:14:07.143+0100] {logging_mixin.py:190} INFO - [2025-09-28T00:14:07.143+0100] {dagbag.py:588} INFO - Filling up the DagBag from /home/engineer/project/airflow_home/dags/simple_hello_world.py
[2025-09-28T00:14:07.153+0100] {processor.py:925} INFO - DAG(s) 'hello_world' retrieved from /home/engineer/project/airflow_home/dags/simple_hello_world.py
[2025-09-28T00:14:07.169+0100] {logging_mixin.py:190} INFO - [2025-09-28T00:14:07.169+0100] {dag.py:3239} INFO - Sync 1 DAGs
[2025-09-28T00:14:07.183+0100] {logging_mixin.py:190} INFO - [2025-09-28T00:14:07.183+0100] {dag.py:4180} INFO - Setting next_dagrun for hello_world to 2025-09-26 00:00:00+00:00, run_after=2025-09-27 00:00:00+00:00
[2025-09-28T00:14:07.199+0100] {processor.py:208} INFO - Processing /home/engineer/project/airflow_home/dags/simple_hello_world.py took 0.063 seconds
[2025-09-28T00:14:37.477+0100] {processor.py:186} INFO - Started process (PID=29090) to work on /home/engineer/project/airflow_home/dags/simple_hello_world.py
[2025-09-28T00:14:37.484+0100] {processor.py:914} INFO - Processing file /home/engineer/project/airflow_home/dags/simple_hello_world.py for tasks to queue
[2025-09-28T00:14:37.487+0100] {logging_mixin.py:190} INFO - [2025-09-28T00:14:37.486+0100] {dagbag.py:588} INFO - Filling up the DagBag from /home/engineer/project/airflow_home/dags/simple_hello_world.py
[2025-09-28T00:14:37.496+0100] {processor.py:925} INFO - DAG(s) 'hello_world' retrieved from /home/engineer/project/airflow_home/dags/simple_hello_world.py
[2025-09-28T00:14:37.516+0100] {logging_mixin.py:190} INFO - [2025-09-28T00:14:37.515+0100] {dag.py:3239} INFO - Sync 1 DAGs
[2025-09-28T00:14:37.532+0100] {logging_mixin.py:190} INFO - [2025-09-28T00:14:37.532+0100] {dag.py:4180} INFO - Setting next_dagrun for hello_world to 2025-09-26 00:00:00+00:00, run_after=2025-09-27 00:00:00+00:00
[2025-09-28T00:14:37.548+0100] {processor.py:208} INFO - Processing /home/engineer/project/airflow_home/dags/simple_hello_world.py took 0.075 seconds
[2025-09-28T00:15:07.802+0100] {processor.py:186} INFO - Started process (PID=29181) to work on /home/engineer/project/airflow_home/dags/simple_hello_world.py
[2025-09-28T00:15:07.809+0100] {processor.py:914} INFO - Processing file /home/engineer/project/airflow_home/dags/simple_hello_world.py for tasks to queue
[2025-09-28T00:15:07.811+0100] {logging_mixin.py:190} INFO - [2025-09-28T00:15:07.811+0100] {dagbag.py:588} INFO - Filling up the DagBag from /home/engineer/project/airflow_home/dags/simple_hello_world.py
[2025-09-28T00:15:07.820+0100] {processor.py:925} INFO - DAG(s) 'hello_world' retrieved from /home/engineer/project/airflow_home/dags/simple_hello_world.py
[2025-09-28T00:15:07.837+0100] {logging_mixin.py:190} INFO - [2025-09-28T00:15:07.837+0100] {dag.py:3239} INFO - Sync 1 DAGs
[2025-09-28T00:15:07.852+0100] {logging_mixin.py:190} INFO - [2025-09-28T00:15:07.852+0100] {dag.py:4180} INFO - Setting next_dagrun for hello_world to 2025-09-26 00:00:00+00:00, run_after=2025-09-27 00:00:00+00:00
[2025-09-28T00:15:07.868+0100] {processor.py:208} INFO - Processing /home/engineer/project/airflow_home/dags/simple_hello_world.py took 0.071 seconds
[2025-09-28T00:15:38.123+0100] {processor.py:186} INFO - Started process (PID=29272) to work on /home/engineer/project/airflow_home/dags/simple_hello_world.py
[2025-09-28T00:15:38.130+0100] {processor.py:914} INFO - Processing file /home/engineer/project/airflow_home/dags/simple_hello_world.py for tasks to queue
[2025-09-28T00:15:38.132+0100] {logging_mixin.py:190} INFO - [2025-09-28T00:15:38.132+0100] {dagbag.py:588} INFO - Filling up the DagBag from /home/engineer/project/airflow_home/dags/simple_hello_world.py
[2025-09-28T00:15:38.141+0100] {processor.py:925} INFO - DAG(s) 'hello_world' retrieved from /home/engineer/project/airflow_home/dags/simple_hello_world.py
[2025-09-28T00:15:38.158+0100] {logging_mixin.py:190} INFO - [2025-09-28T00:15:38.158+0100] {dag.py:3239} INFO - Sync 1 DAGs
[2025-09-28T00:15:38.172+0100] {logging_mixin.py:190} INFO - [2025-09-28T00:15:38.172+0100] {dag.py:4180} INFO - Setting next_dagrun for hello_world to 2025-09-26 00:00:00+00:00, run_after=2025-09-27 00:00:00+00:00
[2025-09-28T00:15:38.188+0100] {processor.py:208} INFO - Processing /home/engineer/project/airflow_home/dags/simple_hello_world.py took 0.069 seconds
[2025-09-28T00:16:08.235+0100] {processor.py:186} INFO - Started process (PID=29363) to work on /home/engineer/project/airflow_home/dags/simple_hello_world.py
[2025-09-28T00:16:08.242+0100] {processor.py:914} INFO - Processing file /home/engineer/project/airflow_home/dags/simple_hello_world.py for tasks to queue
[2025-09-28T00:16:08.244+0100] {logging_mixin.py:190} INFO - [2025-09-28T00:16:08.244+0100] {dagbag.py:588} INFO - Filling up the DagBag from /home/engineer/project/airflow_home/dags/simple_hello_world.py
[2025-09-28T00:16:08.253+0100] {processor.py:925} INFO - DAG(s) 'hello_world' retrieved from /home/engineer/project/airflow_home/dags/simple_hello_world.py
[2025-09-28T00:16:08.270+0100] {logging_mixin.py:190} INFO - [2025-09-28T00:16:08.270+0100] {dag.py:3239} INFO - Sync 1 DAGs
[2025-09-28T00:16:08.284+0100] {logging_mixin.py:190} INFO - [2025-09-28T00:16:08.284+0100] {dag.py:4180} INFO - Setting next_dagrun for hello_world to 2025-09-26 00:00:00+00:00, run_after=2025-09-27 00:00:00+00:00
[2025-09-28T00:16:08.301+0100] {processor.py:208} INFO - Processing /home/engineer/project/airflow_home/dags/simple_hello_world.py took 0.070 seconds
[2025-09-28T00:16:38.715+0100] {processor.py:186} INFO - Started process (PID=29454) to work on /home/engineer/project/airflow_home/dags/simple_hello_world.py
[2025-09-28T00:16:38.715+0100] {processor.py:914} INFO - Processing file /home/engineer/project/airflow_home/dags/simple_hello_world.py for tasks to queue
[2025-09-28T00:16:38.717+0100] {logging_mixin.py:190} INFO - [2025-09-28T00:16:38.717+0100] {dagbag.py:588} INFO - Filling up the DagBag from /home/engineer/project/airflow_home/dags/simple_hello_world.py
[2025-09-28T00:16:38.727+0100] {processor.py:925} INFO - DAG(s) 'hello_world' retrieved from /home/engineer/project/airflow_home/dags/simple_hello_world.py
[2025-09-28T00:16:38.745+0100] {logging_mixin.py:190} INFO - [2025-09-28T00:16:38.744+0100] {dag.py:3239} INFO - Sync 1 DAGs
[2025-09-28T00:16:38.759+0100] {logging_mixin.py:190} INFO - [2025-09-28T00:16:38.759+0100] {dag.py:4180} INFO - Setting next_dagrun for hello_world to 2025-09-26 00:00:00+00:00, run_after=2025-09-27 00:00:00+00:00
[2025-09-28T00:16:38.774+0100] {processor.py:208} INFO - Processing /home/engineer/project/airflow_home/dags/simple_hello_world.py took 0.064 seconds
[2025-09-28T00:17:09.061+0100] {processor.py:186} INFO - Started process (PID=29545) to work on /home/engineer/project/airflow_home/dags/simple_hello_world.py
[2025-09-28T00:17:09.069+0100] {processor.py:914} INFO - Processing file /home/engineer/project/airflow_home/dags/simple_hello_world.py for tasks to queue
[2025-09-28T00:17:09.071+0100] {logging_mixin.py:190} INFO - [2025-09-28T00:17:09.071+0100] {dagbag.py:588} INFO - Filling up the DagBag from /home/engineer/project/airflow_home/dags/simple_hello_world.py
[2025-09-28T00:17:09.081+0100] {processor.py:925} INFO - DAG(s) 'hello_world' retrieved from /home/engineer/project/airflow_home/dags/simple_hello_world.py
[2025-09-28T00:17:09.097+0100] {logging_mixin.py:190} INFO - [2025-09-28T00:17:09.097+0100] {dag.py:3239} INFO - Sync 1 DAGs
[2025-09-28T00:17:09.113+0100] {logging_mixin.py:190} INFO - [2025-09-28T00:17:09.113+0100] {dag.py:4180} INFO - Setting next_dagrun for hello_world to 2025-09-26 00:00:00+00:00, run_after=2025-09-27 00:00:00+00:00
[2025-09-28T00:17:09.132+0100] {processor.py:208} INFO - Processing /home/engineer/project/airflow_home/dags/simple_hello_world.py took 0.077 seconds
[2025-09-28T00:17:39.405+0100] {processor.py:186} INFO - Started process (PID=29630) to work on /home/engineer/project/airflow_home/dags/simple_hello_world.py
[2025-09-28T00:17:39.407+0100] {processor.py:914} INFO - Processing file /home/engineer/project/airflow_home/dags/simple_hello_world.py for tasks to queue
[2025-09-28T00:17:39.409+0100] {logging_mixin.py:190} INFO - [2025-09-28T00:17:39.409+0100] {dagbag.py:588} INFO - Filling up the DagBag from /home/engineer/project/airflow_home/dags/simple_hello_world.py
[2025-09-28T00:17:39.419+0100] {processor.py:925} INFO - DAG(s) 'hello_world' retrieved from /home/engineer/project/airflow_home/dags/simple_hello_world.py
[2025-09-28T00:17:39.437+0100] {logging_mixin.py:190} INFO - [2025-09-28T00:17:39.437+0100] {dag.py:3239} INFO - Sync 1 DAGs
[2025-09-28T00:17:39.454+0100] {logging_mixin.py:190} INFO - [2025-09-28T00:17:39.454+0100] {dag.py:4180} INFO - Setting next_dagrun for hello_world to 2025-09-26 00:00:00+00:00, run_after=2025-09-27 00:00:00+00:00
[2025-09-28T00:17:39.471+0100] {processor.py:208} INFO - Processing /home/engineer/project/airflow_home/dags/simple_hello_world.py took 0.070 seconds
[2025-09-28T00:18:09.587+0100] {processor.py:186} INFO - Started process (PID=29721) to work on /home/engineer/project/airflow_home/dags/simple_hello_world.py
[2025-09-28T00:18:09.587+0100] {processor.py:914} INFO - Processing file /home/engineer/project/airflow_home/dags/simple_hello_world.py for tasks to queue
[2025-09-28T00:18:09.589+0100] {logging_mixin.py:190} INFO - [2025-09-28T00:18:09.589+0100] {dagbag.py:588} INFO - Filling up the DagBag from /home/engineer/project/airflow_home/dags/simple_hello_world.py
[2025-09-28T00:18:09.598+0100] {processor.py:925} INFO - DAG(s) 'hello_world' retrieved from /home/engineer/project/airflow_home/dags/simple_hello_world.py
[2025-09-28T00:18:09.616+0100] {logging_mixin.py:190} INFO - [2025-09-28T00:18:09.616+0100] {dag.py:3239} INFO - Sync 1 DAGs
[2025-09-28T00:18:09.630+0100] {logging_mixin.py:190} INFO - [2025-09-28T00:18:09.630+0100] {dag.py:4180} INFO - Setting next_dagrun for hello_world to 2025-09-26 00:00:00+00:00, run_after=2025-09-27 00:00:00+00:00
[2025-09-28T00:18:09.644+0100] {processor.py:208} INFO - Processing /home/engineer/project/airflow_home/dags/simple_hello_world.py took 0.062 seconds
[2025-09-28T00:18:39.986+0100] {processor.py:186} INFO - Started process (PID=29830) to work on /home/engineer/project/airflow_home/dags/simple_hello_world.py
[2025-09-28T00:18:39.993+0100] {processor.py:914} INFO - Processing file /home/engineer/project/airflow_home/dags/simple_hello_world.py for tasks to queue
[2025-09-28T00:18:39.995+0100] {logging_mixin.py:190} INFO - [2025-09-28T00:18:39.995+0100] {dagbag.py:588} INFO - Filling up the DagBag from /home/engineer/project/airflow_home/dags/simple_hello_world.py
[2025-09-28T00:18:40.003+0100] {processor.py:925} INFO - DAG(s) 'hello_world' retrieved from /home/engineer/project/airflow_home/dags/simple_hello_world.py
[2025-09-28T00:18:40.019+0100] {logging_mixin.py:190} INFO - [2025-09-28T00:18:40.019+0100] {dag.py:3239} INFO - Sync 1 DAGs
[2025-09-28T00:18:40.034+0100] {logging_mixin.py:190} INFO - [2025-09-28T00:18:40.034+0100] {dag.py:4180} INFO - Setting next_dagrun for hello_world to 2025-09-26 00:00:00+00:00, run_after=2025-09-27 00:00:00+00:00
[2025-09-28T00:18:40.052+0100] {processor.py:208} INFO - Processing /home/engineer/project/airflow_home/dags/simple_hello_world.py took 0.069 seconds
[2025-09-28T00:19:10.316+0100] {processor.py:186} INFO - Started process (PID=29942) to work on /home/engineer/project/airflow_home/dags/simple_hello_world.py
[2025-09-28T00:19:10.317+0100] {processor.py:914} INFO - Processing file /home/engineer/project/airflow_home/dags/simple_hello_world.py for tasks to queue
[2025-09-28T00:19:10.318+0100] {logging_mixin.py:190} INFO - [2025-09-28T00:19:10.318+0100] {dagbag.py:588} INFO - Filling up the DagBag from /home/engineer/project/airflow_home/dags/simple_hello_world.py
[2025-09-28T00:19:10.329+0100] {processor.py:925} INFO - DAG(s) 'hello_world' retrieved from /home/engineer/project/airflow_home/dags/simple_hello_world.py
[2025-09-28T00:19:10.348+0100] {logging_mixin.py:190} INFO - [2025-09-28T00:19:10.348+0100] {dag.py:3239} INFO - Sync 1 DAGs
[2025-09-28T00:19:10.364+0100] {logging_mixin.py:190} INFO - [2025-09-28T00:19:10.364+0100] {dag.py:4180} INFO - Setting next_dagrun for hello_world to 2025-09-26 00:00:00+00:00, run_after=2025-09-27 00:00:00+00:00
[2025-09-28T00:19:10.382+0100] {processor.py:208} INFO - Processing /home/engineer/project/airflow_home/dags/simple_hello_world.py took 0.070 seconds
[2025-09-28T00:19:40.652+0100] {processor.py:186} INFO - Started process (PID=30033) to work on /home/engineer/project/airflow_home/dags/simple_hello_world.py
[2025-09-28T00:19:40.659+0100] {processor.py:914} INFO - Processing file /home/engineer/project/airflow_home/dags/simple_hello_world.py for tasks to queue
[2025-09-28T00:19:40.661+0100] {logging_mixin.py:190} INFO - [2025-09-28T00:19:40.660+0100] {dagbag.py:588} INFO - Filling up the DagBag from /home/engineer/project/airflow_home/dags/simple_hello_world.py
[2025-09-28T00:19:40.669+0100] {processor.py:925} INFO - DAG(s) 'hello_world' retrieved from /home/engineer/project/airflow_home/dags/simple_hello_world.py
[2025-09-28T00:19:40.685+0100] {logging_mixin.py:190} INFO - [2025-09-28T00:19:40.685+0100] {dag.py:3239} INFO - Sync 1 DAGs
[2025-09-28T00:19:40.699+0100] {logging_mixin.py:190} INFO - [2025-09-28T00:19:40.699+0100] {dag.py:4180} INFO - Setting next_dagrun for hello_world to 2025-09-26 00:00:00+00:00, run_after=2025-09-27 00:00:00+00:00
[2025-09-28T00:19:40.714+0100] {processor.py:208} INFO - Processing /home/engineer/project/airflow_home/dags/simple_hello_world.py took 0.066 seconds
[2025-09-28T00:20:10.999+0100] {processor.py:186} INFO - Started process (PID=30118) to work on /home/engineer/project/airflow_home/dags/simple_hello_world.py
[2025-09-28T00:20:11.000+0100] {processor.py:914} INFO - Processing file /home/engineer/project/airflow_home/dags/simple_hello_world.py for tasks to queue
[2025-09-28T00:20:11.002+0100] {logging_mixin.py:190} INFO - [2025-09-28T00:20:11.001+0100] {dagbag.py:588} INFO - Filling up the DagBag from /home/engineer/project/airflow_home/dags/simple_hello_world.py
[2025-09-28T00:20:11.011+0100] {processor.py:925} INFO - DAG(s) 'hello_world' retrieved from /home/engineer/project/airflow_home/dags/simple_hello_world.py
[2025-09-28T00:20:11.028+0100] {logging_mixin.py:190} INFO - [2025-09-28T00:20:11.028+0100] {dag.py:3239} INFO - Sync 1 DAGs
[2025-09-28T00:20:11.042+0100] {logging_mixin.py:190} INFO - [2025-09-28T00:20:11.042+0100] {dag.py:4180} INFO - Setting next_dagrun for hello_world to 2025-09-26 00:00:00+00:00, run_after=2025-09-27 00:00:00+00:00
[2025-09-28T00:20:11.058+0100] {processor.py:208} INFO - Processing /home/engineer/project/airflow_home/dags/simple_hello_world.py took 0.063 seconds
[2025-09-28T00:20:41.332+0100] {processor.py:186} INFO - Started process (PID=30209) to work on /home/engineer/project/airflow_home/dags/simple_hello_world.py
[2025-09-28T00:20:41.334+0100] {processor.py:914} INFO - Processing file /home/engineer/project/airflow_home/dags/simple_hello_world.py for tasks to queue
[2025-09-28T00:20:41.335+0100] {logging_mixin.py:190} INFO - [2025-09-28T00:20:41.335+0100] {dagbag.py:588} INFO - Filling up the DagBag from /home/engineer/project/airflow_home/dags/simple_hello_world.py
[2025-09-28T00:20:41.345+0100] {processor.py:925} INFO - DAG(s) 'hello_world' retrieved from /home/engineer/project/airflow_home/dags/simple_hello_world.py
[2025-09-28T00:20:41.362+0100] {logging_mixin.py:190} INFO - [2025-09-28T00:20:41.362+0100] {dag.py:3239} INFO - Sync 1 DAGs
[2025-09-28T00:20:41.375+0100] {logging_mixin.py:190} INFO - [2025-09-28T00:20:41.375+0100] {dag.py:4180} INFO - Setting next_dagrun for hello_world to 2025-09-26 00:00:00+00:00, run_after=2025-09-27 00:00:00+00:00
[2025-09-28T00:20:41.391+0100] {processor.py:208} INFO - Processing /home/engineer/project/airflow_home/dags/simple_hello_world.py took 0.062 seconds
[2025-09-28T00:21:11.658+0100] {processor.py:186} INFO - Started process (PID=30300) to work on /home/engineer/project/airflow_home/dags/simple_hello_world.py
[2025-09-28T00:21:11.659+0100] {processor.py:914} INFO - Processing file /home/engineer/project/airflow_home/dags/simple_hello_world.py for tasks to queue
[2025-09-28T00:21:11.661+0100] {logging_mixin.py:190} INFO - [2025-09-28T00:21:11.660+0100] {dagbag.py:588} INFO - Filling up the DagBag from /home/engineer/project/airflow_home/dags/simple_hello_world.py
[2025-09-28T00:21:11.670+0100] {processor.py:925} INFO - DAG(s) 'hello_world' retrieved from /home/engineer/project/airflow_home/dags/simple_hello_world.py
[2025-09-28T00:21:11.687+0100] {logging_mixin.py:190} INFO - [2025-09-28T00:21:11.687+0100] {dag.py:3239} INFO - Sync 1 DAGs
[2025-09-28T00:21:11.700+0100] {logging_mixin.py:190} INFO - [2025-09-28T00:21:11.700+0100] {dag.py:4180} INFO - Setting next_dagrun for hello_world to 2025-09-26 00:00:00+00:00, run_after=2025-09-27 00:00:00+00:00
[2025-09-28T00:21:11.716+0100] {processor.py:208} INFO - Processing /home/engineer/project/airflow_home/dags/simple_hello_world.py took 0.062 seconds
[2025-09-28T00:21:41.983+0100] {processor.py:186} INFO - Started process (PID=30391) to work on /home/engineer/project/airflow_home/dags/simple_hello_world.py
[2025-09-28T00:21:41.986+0100] {processor.py:914} INFO - Processing file /home/engineer/project/airflow_home/dags/simple_hello_world.py for tasks to queue
[2025-09-28T00:21:41.989+0100] {logging_mixin.py:190} INFO - [2025-09-28T00:21:41.989+0100] {dagbag.py:588} INFO - Filling up the DagBag from /home/engineer/project/airflow_home/dags/simple_hello_world.py
[2025-09-28T00:21:41.998+0100] {processor.py:925} INFO - DAG(s) 'hello_world' retrieved from /home/engineer/project/airflow_home/dags/simple_hello_world.py
[2025-09-28T00:21:42.017+0100] {logging_mixin.py:190} INFO - [2025-09-28T00:21:42.017+0100] {dag.py:3239} INFO - Sync 1 DAGs
[2025-09-28T00:21:42.031+0100] {logging_mixin.py:190} INFO - [2025-09-28T00:21:42.031+0100] {dag.py:4180} INFO - Setting next_dagrun for hello_world to 2025-09-26 00:00:00+00:00, run_after=2025-09-27 00:00:00+00:00
[2025-09-28T00:21:42.050+0100] {processor.py:208} INFO - Processing /home/engineer/project/airflow_home/dags/simple_hello_world.py took 0.071 seconds
[2025-09-28T00:22:12.404+0100] {processor.py:186} INFO - Started process (PID=30482) to work on /home/engineer/project/airflow_home/dags/simple_hello_world.py
[2025-09-28T00:22:12.405+0100] {processor.py:914} INFO - Processing file /home/engineer/project/airflow_home/dags/simple_hello_world.py for tasks to queue
[2025-09-28T00:22:12.407+0100] {logging_mixin.py:190} INFO - [2025-09-28T00:22:12.407+0100] {dagbag.py:588} INFO - Filling up the DagBag from /home/engineer/project/airflow_home/dags/simple_hello_world.py
[2025-09-28T00:22:12.416+0100] {processor.py:925} INFO - DAG(s) 'hello_world' retrieved from /home/engineer/project/airflow_home/dags/simple_hello_world.py
[2025-09-28T00:22:12.434+0100] {logging_mixin.py:190} INFO - [2025-09-28T00:22:12.434+0100] {dag.py:3239} INFO - Sync 1 DAGs
[2025-09-28T00:22:12.448+0100] {logging_mixin.py:190} INFO - [2025-09-28T00:22:12.448+0100] {dag.py:4180} INFO - Setting next_dagrun for hello_world to 2025-09-26 00:00:00+00:00, run_after=2025-09-27 00:00:00+00:00
[2025-09-28T00:22:12.468+0100] {processor.py:208} INFO - Processing /home/engineer/project/airflow_home/dags/simple_hello_world.py took 0.068 seconds
[2025-09-28T00:22:42.708+0100] {processor.py:186} INFO - Started process (PID=30567) to work on /home/engineer/project/airflow_home/dags/simple_hello_world.py
[2025-09-28T00:22:42.709+0100] {processor.py:914} INFO - Processing file /home/engineer/project/airflow_home/dags/simple_hello_world.py for tasks to queue
[2025-09-28T00:22:42.711+0100] {logging_mixin.py:190} INFO - [2025-09-28T00:22:42.710+0100] {dagbag.py:588} INFO - Filling up the DagBag from /home/engineer/project/airflow_home/dags/simple_hello_world.py
[2025-09-28T00:22:42.721+0100] {processor.py:925} INFO - DAG(s) 'hello_world' retrieved from /home/engineer/project/airflow_home/dags/simple_hello_world.py
[2025-09-28T00:22:42.738+0100] {logging_mixin.py:190} INFO - [2025-09-28T00:22:42.738+0100] {dag.py:3239} INFO - Sync 1 DAGs
[2025-09-28T00:22:42.755+0100] {logging_mixin.py:190} INFO - [2025-09-28T00:22:42.755+0100] {dag.py:4180} INFO - Setting next_dagrun for hello_world to 2025-09-26 00:00:00+00:00, run_after=2025-09-27 00:00:00+00:00
[2025-09-28T00:22:42.772+0100] {processor.py:208} INFO - Processing /home/engineer/project/airflow_home/dags/simple_hello_world.py took 0.068 seconds
[2025-09-28T00:23:13.046+0100] {processor.py:186} INFO - Started process (PID=30658) to work on /home/engineer/project/airflow_home/dags/simple_hello_world.py
[2025-09-28T00:23:13.047+0100] {processor.py:914} INFO - Processing file /home/engineer/project/airflow_home/dags/simple_hello_world.py for tasks to queue
[2025-09-28T00:23:13.049+0100] {logging_mixin.py:190} INFO - [2025-09-28T00:23:13.049+0100] {dagbag.py:588} INFO - Filling up the DagBag from /home/engineer/project/airflow_home/dags/simple_hello_world.py
[2025-09-28T00:23:13.059+0100] {processor.py:925} INFO - DAG(s) 'hello_world' retrieved from /home/engineer/project/airflow_home/dags/simple_hello_world.py
[2025-09-28T00:23:13.076+0100] {logging_mixin.py:190} INFO - [2025-09-28T00:23:13.076+0100] {dag.py:3239} INFO - Sync 1 DAGs
[2025-09-28T00:23:13.092+0100] {logging_mixin.py:190} INFO - [2025-09-28T00:23:13.091+0100] {dag.py:4180} INFO - Setting next_dagrun for hello_world to 2025-09-26 00:00:00+00:00, run_after=2025-09-27 00:00:00+00:00
[2025-09-28T00:23:13.109+0100] {processor.py:208} INFO - Processing /home/engineer/project/airflow_home/dags/simple_hello_world.py took 0.067 seconds
[2025-09-28T00:23:43.379+0100] {processor.py:186} INFO - Started process (PID=30749) to work on /home/engineer/project/airflow_home/dags/simple_hello_world.py
[2025-09-28T00:23:43.381+0100] {processor.py:914} INFO - Processing file /home/engineer/project/airflow_home/dags/simple_hello_world.py for tasks to queue
[2025-09-28T00:23:43.383+0100] {logging_mixin.py:190} INFO - [2025-09-28T00:23:43.383+0100] {dagbag.py:588} INFO - Filling up the DagBag from /home/engineer/project/airflow_home/dags/simple_hello_world.py
[2025-09-28T00:23:43.393+0100] {processor.py:925} INFO - DAG(s) 'hello_world' retrieved from /home/engineer/project/airflow_home/dags/simple_hello_world.py
[2025-09-28T00:23:43.412+0100] {logging_mixin.py:190} INFO - [2025-09-28T00:23:43.412+0100] {dag.py:3239} INFO - Sync 1 DAGs
[2025-09-28T00:23:43.428+0100] {logging_mixin.py:190} INFO - [2025-09-28T00:23:43.427+0100] {dag.py:4180} INFO - Setting next_dagrun for hello_world to 2025-09-26 00:00:00+00:00, run_after=2025-09-27 00:00:00+00:00
[2025-09-28T00:23:43.446+0100] {processor.py:208} INFO - Processing /home/engineer/project/airflow_home/dags/simple_hello_world.py took 0.071 seconds
[2025-09-28T00:24:13.724+0100] {processor.py:186} INFO - Started process (PID=30861) to work on /home/engineer/project/airflow_home/dags/simple_hello_world.py
[2025-09-28T00:24:13.725+0100] {processor.py:914} INFO - Processing file /home/engineer/project/airflow_home/dags/simple_hello_world.py for tasks to queue
[2025-09-28T00:24:13.727+0100] {logging_mixin.py:190} INFO - [2025-09-28T00:24:13.727+0100] {dagbag.py:588} INFO - Filling up the DagBag from /home/engineer/project/airflow_home/dags/simple_hello_world.py
[2025-09-28T00:24:13.737+0100] {processor.py:925} INFO - DAG(s) 'hello_world' retrieved from /home/engineer/project/airflow_home/dags/simple_hello_world.py
[2025-09-28T00:24:13.754+0100] {logging_mixin.py:190} INFO - [2025-09-28T00:24:13.754+0100] {dag.py:3239} INFO - Sync 1 DAGs
[2025-09-28T00:24:13.769+0100] {logging_mixin.py:190} INFO - [2025-09-28T00:24:13.769+0100] {dag.py:4180} INFO - Setting next_dagrun for hello_world to 2025-09-26 00:00:00+00:00, run_after=2025-09-27 00:00:00+00:00
[2025-09-28T00:24:13.784+0100] {processor.py:208} INFO - Processing /home/engineer/project/airflow_home/dags/simple_hello_world.py took 0.064 seconds
[2025-09-28T00:24:44.057+0100] {processor.py:186} INFO - Started process (PID=30952) to work on /home/engineer/project/airflow_home/dags/simple_hello_world.py
[2025-09-28T00:24:44.058+0100] {processor.py:914} INFO - Processing file /home/engineer/project/airflow_home/dags/simple_hello_world.py for tasks to queue
[2025-09-28T00:24:44.059+0100] {logging_mixin.py:190} INFO - [2025-09-28T00:24:44.059+0100] {dagbag.py:588} INFO - Filling up the DagBag from /home/engineer/project/airflow_home/dags/simple_hello_world.py
[2025-09-28T00:24:44.069+0100] {processor.py:925} INFO - DAG(s) 'hello_world' retrieved from /home/engineer/project/airflow_home/dags/simple_hello_world.py
[2025-09-28T00:24:44.085+0100] {logging_mixin.py:190} INFO - [2025-09-28T00:24:44.085+0100] {dag.py:3239} INFO - Sync 1 DAGs
[2025-09-28T00:24:44.099+0100] {logging_mixin.py:190} INFO - [2025-09-28T00:24:44.099+0100] {dag.py:4180} INFO - Setting next_dagrun for hello_world to 2025-09-26 00:00:00+00:00, run_after=2025-09-27 00:00:00+00:00
[2025-09-28T00:24:44.117+0100] {processor.py:208} INFO - Processing /home/engineer/project/airflow_home/dags/simple_hello_world.py took 0.063 seconds
[2025-09-28T00:25:14.357+0100] {processor.py:186} INFO - Started process (PID=31040) to work on /home/engineer/project/airflow_home/dags/simple_hello_world.py
[2025-09-28T00:25:14.359+0100] {processor.py:914} INFO - Processing file /home/engineer/project/airflow_home/dags/simple_hello_world.py for tasks to queue
[2025-09-28T00:25:14.360+0100] {logging_mixin.py:190} INFO - [2025-09-28T00:25:14.360+0100] {dagbag.py:588} INFO - Filling up the DagBag from /home/engineer/project/airflow_home/dags/simple_hello_world.py
[2025-09-28T00:25:14.370+0100] {processor.py:925} INFO - DAG(s) 'hello_world' retrieved from /home/engineer/project/airflow_home/dags/simple_hello_world.py
[2025-09-28T00:25:14.388+0100] {logging_mixin.py:190} INFO - [2025-09-28T00:25:14.387+0100] {dag.py:3239} INFO - Sync 1 DAGs
[2025-09-28T00:25:14.402+0100] {logging_mixin.py:190} INFO - [2025-09-28T00:25:14.402+0100] {dag.py:4180} INFO - Setting next_dagrun for hello_world to 2025-09-26 00:00:00+00:00, run_after=2025-09-27 00:00:00+00:00
[2025-09-28T00:25:14.417+0100] {processor.py:208} INFO - Processing /home/engineer/project/airflow_home/dags/simple_hello_world.py took 0.063 seconds
[2025-09-28T00:25:44.694+0100] {processor.py:186} INFO - Started process (PID=31128) to work on /home/engineer/project/airflow_home/dags/simple_hello_world.py
[2025-09-28T00:25:44.695+0100] {processor.py:914} INFO - Processing file /home/engineer/project/airflow_home/dags/simple_hello_world.py for tasks to queue
[2025-09-28T00:25:44.697+0100] {logging_mixin.py:190} INFO - [2025-09-28T00:25:44.696+0100] {dagbag.py:588} INFO - Filling up the DagBag from /home/engineer/project/airflow_home/dags/simple_hello_world.py
[2025-09-28T00:25:44.704+0100] {processor.py:925} INFO - DAG(s) 'hello_world' retrieved from /home/engineer/project/airflow_home/dags/simple_hello_world.py
[2025-09-28T00:25:44.721+0100] {logging_mixin.py:190} INFO - [2025-09-28T00:25:44.721+0100] {dag.py:3239} INFO - Sync 1 DAGs
[2025-09-28T00:25:44.735+0100] {logging_mixin.py:190} INFO - [2025-09-28T00:25:44.735+0100] {dag.py:4180} INFO - Setting next_dagrun for hello_world to 2025-09-26 00:00:00+00:00, run_after=2025-09-27 00:00:00+00:00
[2025-09-28T00:25:44.752+0100] {processor.py:208} INFO - Processing /home/engineer/project/airflow_home/dags/simple_hello_world.py took 0.062 seconds
[2025-09-28T00:26:15.037+0100] {processor.py:186} INFO - Started process (PID=31219) to work on /home/engineer/project/airflow_home/dags/simple_hello_world.py
[2025-09-28T00:26:15.044+0100] {processor.py:914} INFO - Processing file /home/engineer/project/airflow_home/dags/simple_hello_world.py for tasks to queue
[2025-09-28T00:26:15.045+0100] {logging_mixin.py:190} INFO - [2025-09-28T00:26:15.045+0100] {dagbag.py:588} INFO - Filling up the DagBag from /home/engineer/project/airflow_home/dags/simple_hello_world.py
[2025-09-28T00:26:15.053+0100] {processor.py:925} INFO - DAG(s) 'hello_world' retrieved from /home/engineer/project/airflow_home/dags/simple_hello_world.py
[2025-09-28T00:26:15.070+0100] {logging_mixin.py:190} INFO - [2025-09-28T00:26:15.070+0100] {dag.py:3239} INFO - Sync 1 DAGs
[2025-09-28T00:26:15.083+0100] {logging_mixin.py:190} INFO - [2025-09-28T00:26:15.083+0100] {dag.py:4180} INFO - Setting next_dagrun for hello_world to 2025-09-26 00:00:00+00:00, run_after=2025-09-27 00:00:00+00:00
[2025-09-28T00:26:15.188+0100] {processor.py:208} INFO - Processing /home/engineer/project/airflow_home/dags/simple_hello_world.py took 0.154 seconds
[2025-09-28T00:26:45.487+0100] {processor.py:186} INFO - Started process (PID=31310) to work on /home/engineer/project/airflow_home/dags/simple_hello_world.py
[2025-09-28T00:26:45.487+0100] {processor.py:914} INFO - Processing file /home/engineer/project/airflow_home/dags/simple_hello_world.py for tasks to queue
[2025-09-28T00:26:45.489+0100] {logging_mixin.py:190} INFO - [2025-09-28T00:26:45.489+0100] {dagbag.py:588} INFO - Filling up the DagBag from /home/engineer/project/airflow_home/dags/simple_hello_world.py
[2025-09-28T00:26:45.497+0100] {processor.py:925} INFO - DAG(s) 'hello_world' retrieved from /home/engineer/project/airflow_home/dags/simple_hello_world.py
[2025-09-28T00:26:45.515+0100] {logging_mixin.py:190} INFO - [2025-09-28T00:26:45.515+0100] {dag.py:3239} INFO - Sync 1 DAGs
[2025-09-28T00:26:45.620+0100] {logging_mixin.py:190} INFO - [2025-09-28T00:26:45.620+0100] {dag.py:4180} INFO - Setting next_dagrun for hello_world to 2025-09-26 00:00:00+00:00, run_after=2025-09-27 00:00:00+00:00
[2025-09-28T00:26:45.634+0100] {processor.py:208} INFO - Processing /home/engineer/project/airflow_home/dags/simple_hello_world.py took 0.151 seconds
[2025-09-28T00:27:15.921+0100] {processor.py:186} INFO - Started process (PID=31401) to work on /home/engineer/project/airflow_home/dags/simple_hello_world.py
[2025-09-28T00:27:15.928+0100] {processor.py:914} INFO - Processing file /home/engineer/project/airflow_home/dags/simple_hello_world.py for tasks to queue
[2025-09-28T00:27:15.931+0100] {logging_mixin.py:190} INFO - [2025-09-28T00:27:15.930+0100] {dagbag.py:588} INFO - Filling up the DagBag from /home/engineer/project/airflow_home/dags/simple_hello_world.py
[2025-09-28T00:27:15.942+0100] {processor.py:925} INFO - DAG(s) 'hello_world' retrieved from /home/engineer/project/airflow_home/dags/simple_hello_world.py
[2025-09-28T00:27:15.962+0100] {logging_mixin.py:190} INFO - [2025-09-28T00:27:15.962+0100] {dag.py:3239} INFO - Sync 1 DAGs
[2025-09-28T00:27:16.067+0100] {logging_mixin.py:190} INFO - [2025-09-28T00:27:16.067+0100] {dag.py:4180} INFO - Setting next_dagrun for hello_world to 2025-09-26 00:00:00+00:00, run_after=2025-09-27 00:00:00+00:00
[2025-09-28T00:27:16.083+0100] {processor.py:208} INFO - Processing /home/engineer/project/airflow_home/dags/simple_hello_world.py took 0.166 seconds
[2025-09-28T00:27:46.336+0100] {processor.py:186} INFO - Started process (PID=31492) to work on /home/engineer/project/airflow_home/dags/simple_hello_world.py
[2025-09-28T00:27:46.337+0100] {processor.py:914} INFO - Processing file /home/engineer/project/airflow_home/dags/simple_hello_world.py for tasks to queue
[2025-09-28T00:27:46.338+0100] {logging_mixin.py:190} INFO - [2025-09-28T00:27:46.338+0100] {dagbag.py:588} INFO - Filling up the DagBag from /home/engineer/project/airflow_home/dags/simple_hello_world.py
[2025-09-28T00:27:46.348+0100] {processor.py:925} INFO - DAG(s) 'hello_world' retrieved from /home/engineer/project/airflow_home/dags/simple_hello_world.py
[2025-09-28T00:27:46.365+0100] {logging_mixin.py:190} INFO - [2025-09-28T00:27:46.365+0100] {dag.py:3239} INFO - Sync 1 DAGs
[2025-09-28T00:27:46.465+0100] {logging_mixin.py:190} INFO - [2025-09-28T00:27:46.465+0100] {dag.py:4180} INFO - Setting next_dagrun for hello_world to 2025-09-26 00:00:00+00:00, run_after=2025-09-27 00:00:00+00:00
[2025-09-28T00:27:46.480+0100] {processor.py:208} INFO - Processing /home/engineer/project/airflow_home/dags/simple_hello_world.py took 0.147 seconds
[2025-09-28T00:28:16.796+0100] {processor.py:186} INFO - Started process (PID=31583) to work on /home/engineer/project/airflow_home/dags/simple_hello_world.py
[2025-09-28T00:28:16.797+0100] {processor.py:914} INFO - Processing file /home/engineer/project/airflow_home/dags/simple_hello_world.py for tasks to queue
[2025-09-28T00:28:16.799+0100] {logging_mixin.py:190} INFO - [2025-09-28T00:28:16.799+0100] {dagbag.py:588} INFO - Filling up the DagBag from /home/engineer/project/airflow_home/dags/simple_hello_world.py
[2025-09-28T00:28:16.809+0100] {processor.py:925} INFO - DAG(s) 'hello_world' retrieved from /home/engineer/project/airflow_home/dags/simple_hello_world.py
[2025-09-28T00:28:16.917+0100] {logging_mixin.py:190} INFO - [2025-09-28T00:28:16.917+0100] {dag.py:3239} INFO - Sync 1 DAGs
[2025-09-28T00:28:16.928+0100] {logging_mixin.py:190} INFO - [2025-09-28T00:28:16.928+0100] {dag.py:4180} INFO - Setting next_dagrun for hello_world to 2025-09-26 00:00:00+00:00, run_after=2025-09-27 00:00:00+00:00
[2025-09-28T00:28:16.944+0100] {processor.py:208} INFO - Processing /home/engineer/project/airflow_home/dags/simple_hello_world.py took 0.153 seconds
[2025-09-28T00:28:47.238+0100] {processor.py:186} INFO - Started process (PID=31668) to work on /home/engineer/project/airflow_home/dags/simple_hello_world.py
[2025-09-28T00:28:47.239+0100] {processor.py:914} INFO - Processing file /home/engineer/project/airflow_home/dags/simple_hello_world.py for tasks to queue
[2025-09-28T00:28:47.240+0100] {logging_mixin.py:190} INFO - [2025-09-28T00:28:47.240+0100] {dagbag.py:588} INFO - Filling up the DagBag from /home/engineer/project/airflow_home/dags/simple_hello_world.py
[2025-09-28T00:28:47.347+0100] {processor.py:925} INFO - DAG(s) 'hello_world' retrieved from /home/engineer/project/airflow_home/dags/simple_hello_world.py
[2025-09-28T00:28:47.359+0100] {logging_mixin.py:190} INFO - [2025-09-28T00:28:47.359+0100] {dag.py:3239} INFO - Sync 1 DAGs
[2025-09-28T00:28:47.370+0100] {logging_mixin.py:190} INFO - [2025-09-28T00:28:47.370+0100] {dag.py:4180} INFO - Setting next_dagrun for hello_world to 2025-09-26 00:00:00+00:00, run_after=2025-09-27 00:00:00+00:00
[2025-09-28T00:28:47.384+0100] {processor.py:208} INFO - Processing /home/engineer/project/airflow_home/dags/simple_hello_world.py took 0.150 seconds
[2025-09-28T00:29:17.542+0100] {processor.py:186} INFO - Started process (PID=31780) to work on /home/engineer/project/airflow_home/dags/simple_hello_world.py
[2025-09-28T00:29:17.549+0100] {processor.py:914} INFO - Processing file /home/engineer/project/airflow_home/dags/simple_hello_world.py for tasks to queue
[2025-09-28T00:29:17.551+0100] {logging_mixin.py:190} INFO - [2025-09-28T00:29:17.550+0100] {dagbag.py:588} INFO - Filling up the DagBag from /home/engineer/project/airflow_home/dags/simple_hello_world.py
[2025-09-28T00:29:17.560+0100] {processor.py:925} INFO - DAG(s) 'hello_world' retrieved from /home/engineer/project/airflow_home/dags/simple_hello_world.py
[2025-09-28T00:29:17.577+0100] {logging_mixin.py:190} INFO - [2025-09-28T00:29:17.577+0100] {dag.py:3239} INFO - Sync 1 DAGs
[2025-09-28T00:29:17.591+0100] {logging_mixin.py:190} INFO - [2025-09-28T00:29:17.591+0100] {dag.py:4180} INFO - Setting next_dagrun for hello_world to 2025-09-26 00:00:00+00:00, run_after=2025-09-27 00:00:00+00:00
[2025-09-28T00:29:17.607+0100] {processor.py:208} INFO - Processing /home/engineer/project/airflow_home/dags/simple_hello_world.py took 0.070 seconds
[2025-09-28T00:29:47.742+0100] {processor.py:186} INFO - Started process (PID=31871) to work on /home/engineer/project/airflow_home/dags/simple_hello_world.py
[2025-09-28T00:29:47.742+0100] {processor.py:914} INFO - Processing file /home/engineer/project/airflow_home/dags/simple_hello_world.py for tasks to queue
[2025-09-28T00:29:47.744+0100] {logging_mixin.py:190} INFO - [2025-09-28T00:29:47.744+0100] {dagbag.py:588} INFO - Filling up the DagBag from /home/engineer/project/airflow_home/dags/simple_hello_world.py
[2025-09-28T00:29:47.754+0100] {processor.py:925} INFO - DAG(s) 'hello_world' retrieved from /home/engineer/project/airflow_home/dags/simple_hello_world.py
[2025-09-28T00:29:47.771+0100] {logging_mixin.py:190} INFO - [2025-09-28T00:29:47.771+0100] {dag.py:3239} INFO - Sync 1 DAGs
[2025-09-28T00:29:47.786+0100] {logging_mixin.py:190} INFO - [2025-09-28T00:29:47.786+0100] {dag.py:4180} INFO - Setting next_dagrun for hello_world to 2025-09-26 00:00:00+00:00, run_after=2025-09-27 00:00:00+00:00
[2025-09-28T00:29:47.803+0100] {processor.py:208} INFO - Processing /home/engineer/project/airflow_home/dags/simple_hello_world.py took 0.065 seconds
[2025-09-28T00:30:17.943+0100] {processor.py:186} INFO - Started process (PID=31980) to work on /home/engineer/project/airflow_home/dags/simple_hello_world.py
[2025-09-28T00:30:17.944+0100] {processor.py:914} INFO - Processing file /home/engineer/project/airflow_home/dags/simple_hello_world.py for tasks to queue
[2025-09-28T00:30:17.947+0100] {logging_mixin.py:190} INFO - [2025-09-28T00:30:17.946+0100] {dagbag.py:588} INFO - Filling up the DagBag from /home/engineer/project/airflow_home/dags/simple_hello_world.py
[2025-09-28T00:30:17.962+0100] {processor.py:925} INFO - DAG(s) 'hello_world' retrieved from /home/engineer/project/airflow_home/dags/simple_hello_world.py
[2025-09-28T00:30:17.995+0100] {logging_mixin.py:190} INFO - [2025-09-28T00:30:17.995+0100] {dag.py:3239} INFO - Sync 1 DAGs
[2025-09-28T00:30:18.031+0100] {logging_mixin.py:190} INFO - [2025-09-28T00:30:18.030+0100] {dag.py:4180} INFO - Setting next_dagrun for hello_world to 2025-09-26 00:00:00+00:00, run_after=2025-09-27 00:00:00+00:00
[2025-09-28T00:30:18.060+0100] {processor.py:208} INFO - Processing /home/engineer/project/airflow_home/dags/simple_hello_world.py took 0.123 seconds
[2025-09-28T00:31:19.568+0100] {processor.py:186} INFO - Started process (PID=31987) to work on /home/engineer/project/airflow_home/dags/simple_hello_world.py
[2025-09-28T00:31:19.568+0100] {processor.py:914} INFO - Processing file /home/engineer/project/airflow_home/dags/simple_hello_world.py for tasks to queue
[2025-09-28T00:31:19.570+0100] {logging_mixin.py:190} INFO - [2025-09-28T00:31:19.570+0100] {dagbag.py:588} INFO - Filling up the DagBag from /home/engineer/project/airflow_home/dags/simple_hello_world.py
[2025-09-28T00:31:19.579+0100] {processor.py:925} INFO - DAG(s) 'hello_world' retrieved from /home/engineer/project/airflow_home/dags/simple_hello_world.py
[2025-09-28T00:31:19.597+0100] {logging_mixin.py:190} INFO - [2025-09-28T00:31:19.597+0100] {dag.py:3239} INFO - Sync 1 DAGs
[2025-09-28T00:31:19.618+0100] {logging_mixin.py:190} INFO - [2025-09-28T00:31:19.617+0100] {dag.py:4180} INFO - Setting next_dagrun for hello_world to 2025-09-26 00:00:00+00:00, run_after=2025-09-27 00:00:00+00:00
[2025-09-28T00:31:19.647+0100] {processor.py:208} INFO - Processing /home/engineer/project/airflow_home/dags/simple_hello_world.py took 0.085 seconds
[2025-09-28T00:31:49.735+0100] {processor.py:186} INFO - Started process (PID=32108) to work on /home/engineer/project/airflow_home/dags/simple_hello_world.py
[2025-09-28T00:31:49.742+0100] {processor.py:914} INFO - Processing file /home/engineer/project/airflow_home/dags/simple_hello_world.py for tasks to queue
[2025-09-28T00:31:49.745+0100] {logging_mixin.py:190} INFO - [2025-09-28T00:31:49.744+0100] {dagbag.py:588} INFO - Filling up the DagBag from /home/engineer/project/airflow_home/dags/simple_hello_world.py
[2025-09-28T00:31:49.754+0100] {processor.py:925} INFO - DAG(s) 'hello_world' retrieved from /home/engineer/project/airflow_home/dags/simple_hello_world.py
[2025-09-28T00:31:49.775+0100] {logging_mixin.py:190} INFO - [2025-09-28T00:31:49.775+0100] {dag.py:3239} INFO - Sync 1 DAGs
[2025-09-28T00:31:49.795+0100] {logging_mixin.py:190} INFO - [2025-09-28T00:31:49.794+0100] {dag.py:4180} INFO - Setting next_dagrun for hello_world to 2025-09-26 00:00:00+00:00, run_after=2025-09-27 00:00:00+00:00
[2025-09-28T00:31:49.810+0100] {processor.py:208} INFO - Processing /home/engineer/project/airflow_home/dags/simple_hello_world.py took 0.079 seconds
[2025-09-28T00:32:19.892+0100] {processor.py:186} INFO - Started process (PID=32199) to work on /home/engineer/project/airflow_home/dags/simple_hello_world.py
[2025-09-28T00:32:19.899+0100] {processor.py:914} INFO - Processing file /home/engineer/project/airflow_home/dags/simple_hello_world.py for tasks to queue
[2025-09-28T00:32:19.900+0100] {logging_mixin.py:190} INFO - [2025-09-28T00:32:19.900+0100] {dagbag.py:588} INFO - Filling up the DagBag from /home/engineer/project/airflow_home/dags/simple_hello_world.py
[2025-09-28T00:32:19.908+0100] {processor.py:925} INFO - DAG(s) 'hello_world' retrieved from /home/engineer/project/airflow_home/dags/simple_hello_world.py
[2025-09-28T00:32:19.924+0100] {logging_mixin.py:190} INFO - [2025-09-28T00:32:19.924+0100] {dag.py:3239} INFO - Sync 1 DAGs
[2025-09-28T00:32:19.938+0100] {logging_mixin.py:190} INFO - [2025-09-28T00:32:19.938+0100] {dag.py:4180} INFO - Setting next_dagrun for hello_world to 2025-09-26 00:00:00+00:00, run_after=2025-09-27 00:00:00+00:00
[2025-09-28T00:32:19.956+0100] {processor.py:208} INFO - Processing /home/engineer/project/airflow_home/dags/simple_hello_world.py took 0.069 seconds
[2025-09-28T00:32:50.050+0100] {processor.py:186} INFO - Started process (PID=32290) to work on /home/engineer/project/airflow_home/dags/simple_hello_world.py
[2025-09-28T00:32:50.051+0100] {processor.py:914} INFO - Processing file /home/engineer/project/airflow_home/dags/simple_hello_world.py for tasks to queue
[2025-09-28T00:32:50.052+0100] {logging_mixin.py:190} INFO - [2025-09-28T00:32:50.052+0100] {dagbag.py:588} INFO - Filling up the DagBag from /home/engineer/project/airflow_home/dags/simple_hello_world.py
[2025-09-28T00:32:50.060+0100] {processor.py:925} INFO - DAG(s) 'hello_world' retrieved from /home/engineer/project/airflow_home/dags/simple_hello_world.py
[2025-09-28T00:32:50.075+0100] {logging_mixin.py:190} INFO - [2025-09-28T00:32:50.075+0100] {dag.py:3239} INFO - Sync 1 DAGs
[2025-09-28T00:32:50.090+0100] {logging_mixin.py:190} INFO - [2025-09-28T00:32:50.090+0100] {dag.py:4180} INFO - Setting next_dagrun for hello_world to 2025-09-26 00:00:00+00:00, run_after=2025-09-27 00:00:00+00:00
[2025-09-28T00:32:50.108+0100] {processor.py:208} INFO - Processing /home/engineer/project/airflow_home/dags/simple_hello_world.py took 0.063 seconds
[2025-09-28T00:33:20.212+0100] {processor.py:186} INFO - Started process (PID=32375) to work on /home/engineer/project/airflow_home/dags/simple_hello_world.py
[2025-09-28T00:33:20.214+0100] {processor.py:914} INFO - Processing file /home/engineer/project/airflow_home/dags/simple_hello_world.py for tasks to queue
[2025-09-28T00:33:20.216+0100] {logging_mixin.py:190} INFO - [2025-09-28T00:33:20.215+0100] {dagbag.py:588} INFO - Filling up the DagBag from /home/engineer/project/airflow_home/dags/simple_hello_world.py
[2025-09-28T00:33:20.224+0100] {processor.py:925} INFO - DAG(s) 'hello_world' retrieved from /home/engineer/project/airflow_home/dags/simple_hello_world.py
[2025-09-28T00:33:20.238+0100] {logging_mixin.py:190} INFO - [2025-09-28T00:33:20.238+0100] {dag.py:3239} INFO - Sync 1 DAGs
[2025-09-28T00:33:20.253+0100] {logging_mixin.py:190} INFO - [2025-09-28T00:33:20.252+0100] {dag.py:4180} INFO - Setting next_dagrun for hello_world to 2025-09-26 00:00:00+00:00, run_after=2025-09-27 00:00:00+00:00
[2025-09-28T00:33:20.270+0100] {processor.py:208} INFO - Processing /home/engineer/project/airflow_home/dags/simple_hello_world.py took 0.062 seconds
[2025-09-28T00:33:50.372+0100] {processor.py:186} INFO - Started process (PID=32466) to work on /home/engineer/project/airflow_home/dags/simple_hello_world.py
[2025-09-28T00:33:50.374+0100] {processor.py:914} INFO - Processing file /home/engineer/project/airflow_home/dags/simple_hello_world.py for tasks to queue
[2025-09-28T00:33:50.375+0100] {logging_mixin.py:190} INFO - [2025-09-28T00:33:50.375+0100] {dagbag.py:588} INFO - Filling up the DagBag from /home/engineer/project/airflow_home/dags/simple_hello_world.py
[2025-09-28T00:33:50.383+0100] {processor.py:925} INFO - DAG(s) 'hello_world' retrieved from /home/engineer/project/airflow_home/dags/simple_hello_world.py
[2025-09-28T00:33:50.399+0100] {logging_mixin.py:190} INFO - [2025-09-28T00:33:50.399+0100] {dag.py:3239} INFO - Sync 1 DAGs
[2025-09-28T00:33:50.414+0100] {logging_mixin.py:190} INFO - [2025-09-28T00:33:50.413+0100] {dag.py:4180} INFO - Setting next_dagrun for hello_world to 2025-09-26 00:00:00+00:00, run_after=2025-09-27 00:00:00+00:00
[2025-09-28T00:33:50.429+0100] {processor.py:208} INFO - Processing /home/engineer/project/airflow_home/dags/simple_hello_world.py took 0.061 seconds
[2025-09-28T00:34:20.531+0100] {processor.py:186} INFO - Started process (PID=32575) to work on /home/engineer/project/airflow_home/dags/simple_hello_world.py
[2025-09-28T00:34:20.532+0100] {processor.py:914} INFO - Processing file /home/engineer/project/airflow_home/dags/simple_hello_world.py for tasks to queue
[2025-09-28T00:34:20.534+0100] {logging_mixin.py:190} INFO - [2025-09-28T00:34:20.533+0100] {dagbag.py:588} INFO - Filling up the DagBag from /home/engineer/project/airflow_home/dags/simple_hello_world.py
[2025-09-28T00:34:20.543+0100] {processor.py:925} INFO - DAG(s) 'hello_world' retrieved from /home/engineer/project/airflow_home/dags/simple_hello_world.py
[2025-09-28T00:34:20.560+0100] {logging_mixin.py:190} INFO - [2025-09-28T00:34:20.560+0100] {dag.py:3239} INFO - Sync 1 DAGs
[2025-09-28T00:34:20.578+0100] {logging_mixin.py:190} INFO - [2025-09-28T00:34:20.578+0100] {dag.py:4180} INFO - Setting next_dagrun for hello_world to 2025-09-26 00:00:00+00:00, run_after=2025-09-27 00:00:00+00:00
[2025-09-28T00:34:20.602+0100] {processor.py:208} INFO - Processing /home/engineer/project/airflow_home/dags/simple_hello_world.py took 0.076 seconds
[2025-09-28T00:39:10.531+0100] {processor.py:186} INFO - Started process (PID=32585) to work on /home/engineer/project/airflow_home/dags/simple_hello_world.py
[2025-09-28T00:39:10.531+0100] {processor.py:914} INFO - Processing file /home/engineer/project/airflow_home/dags/simple_hello_world.py for tasks to queue
[2025-09-28T00:39:10.533+0100] {logging_mixin.py:190} INFO - [2025-09-28T00:39:10.533+0100] {dagbag.py:588} INFO - Filling up the DagBag from /home/engineer/project/airflow_home/dags/simple_hello_world.py
[2025-09-28T00:39:10.541+0100] {processor.py:925} INFO - DAG(s) 'hello_world' retrieved from /home/engineer/project/airflow_home/dags/simple_hello_world.py
[2025-09-28T00:39:10.556+0100] {logging_mixin.py:190} INFO - [2025-09-28T00:39:10.556+0100] {dag.py:3239} INFO - Sync 1 DAGs
[2025-09-28T00:39:10.571+0100] {logging_mixin.py:190} INFO - [2025-09-28T00:39:10.571+0100] {dag.py:4180} INFO - Setting next_dagrun for hello_world to 2025-09-26 00:00:00+00:00, run_after=2025-09-27 00:00:00+00:00
[2025-09-28T00:39:10.587+0100] {processor.py:208} INFO - Processing /home/engineer/project/airflow_home/dags/simple_hello_world.py took 0.060 seconds
[2025-09-28T00:39:41.646+0100] {processor.py:186} INFO - Started process (PID=32721) to work on /home/engineer/project/airflow_home/dags/simple_hello_world.py
[2025-09-28T00:39:41.647+0100] {processor.py:914} INFO - Processing file /home/engineer/project/airflow_home/dags/simple_hello_world.py for tasks to queue
[2025-09-28T00:39:41.649+0100] {logging_mixin.py:190} INFO - [2025-09-28T00:39:41.649+0100] {dagbag.py:588} INFO - Filling up the DagBag from /home/engineer/project/airflow_home/dags/simple_hello_world.py
[2025-09-28T00:39:41.658+0100] {processor.py:925} INFO - DAG(s) 'hello_world' retrieved from /home/engineer/project/airflow_home/dags/simple_hello_world.py
[2025-09-28T00:39:41.674+0100] {logging_mixin.py:190} INFO - [2025-09-28T00:39:41.673+0100] {dag.py:3239} INFO - Sync 1 DAGs
[2025-09-28T00:39:41.689+0100] {logging_mixin.py:190} INFO - [2025-09-28T00:39:41.689+0100] {dag.py:4180} INFO - Setting next_dagrun for hello_world to 2025-09-26 00:00:00+00:00, run_after=2025-09-27 00:00:00+00:00
[2025-09-28T00:39:41.705+0100] {processor.py:208} INFO - Processing /home/engineer/project/airflow_home/dags/simple_hello_world.py took 0.064 seconds
[2025-09-28T00:40:12.186+0100] {processor.py:186} INFO - Started process (PID=359) to work on /home/engineer/project/airflow_home/dags/simple_hello_world.py
[2025-09-28T00:40:12.187+0100] {processor.py:914} INFO - Processing file /home/engineer/project/airflow_home/dags/simple_hello_world.py for tasks to queue
[2025-09-28T00:40:12.189+0100] {logging_mixin.py:190} INFO - [2025-09-28T00:40:12.188+0100] {dagbag.py:588} INFO - Filling up the DagBag from /home/engineer/project/airflow_home/dags/simple_hello_world.py
[2025-09-28T00:40:12.196+0100] {processor.py:925} INFO - DAG(s) 'hello_world' retrieved from /home/engineer/project/airflow_home/dags/simple_hello_world.py
[2025-09-28T00:40:12.211+0100] {logging_mixin.py:190} INFO - [2025-09-28T00:40:12.211+0100] {dag.py:3239} INFO - Sync 1 DAGs
[2025-09-28T00:40:12.226+0100] {logging_mixin.py:190} INFO - [2025-09-28T00:40:12.226+0100] {dag.py:4180} INFO - Setting next_dagrun for hello_world to 2025-09-26 00:00:00+00:00, run_after=2025-09-27 00:00:00+00:00
[2025-09-28T00:40:12.241+0100] {processor.py:208} INFO - Processing /home/engineer/project/airflow_home/dags/simple_hello_world.py took 0.060 seconds
