[2025-09-27T23:26:17.523+0100] {processor.py:186} INFO - Started process (PID=19708) to work on /home/engineer/project/airflow_env/lib/python3.12/site-packages/airflow/example_dags/subdags/subdag.py
[2025-09-27T23:26:17.524+0100] {processor.py:914} INFO - Processing file /home/engineer/project/airflow_env/lib/python3.12/site-packages/airflow/example_dags/subdags/subdag.py for tasks to queue
[2025-09-27T23:26:17.525+0100] {logging_mixin.py:190} INFO - [2025-09-27T23:26:17.525+0100] {dagbag.py:588} INFO - Filling up the DagBag from /home/engineer/project/airflow_env/lib/python3.12/site-packages/airflow/example_dags/subdags/subdag.py
[2025-09-27T23:26:17.527+0100] {processor.py:927} WARNING - No viable dags retrieved from /home/engineer/project/airflow_env/lib/python3.12/site-packages/airflow/example_dags/subdags/subdag.py
[2025-09-27T23:26:17.537+0100] {processor.py:208} INFO - Processing /home/engineer/project/airflow_env/lib/python3.12/site-packages/airflow/example_dags/subdags/subdag.py took 0.020 seconds
[2025-09-27T23:27:19.646+0100] {processor.py:186} INFO - Started process (PID=19996) to work on /home/engineer/project/airflow_env/lib/python3.12/site-packages/airflow/example_dags/subdags/subdag.py
[2025-09-27T23:27:19.648+0100] {processor.py:914} INFO - Processing file /home/engineer/project/airflow_env/lib/python3.12/site-packages/airflow/example_dags/subdags/subdag.py for tasks to queue
[2025-09-27T23:27:19.649+0100] {logging_mixin.py:190} INFO - [2025-09-27T23:27:19.649+0100] {dagbag.py:588} INFO - Filling up the DagBag from /home/engineer/project/airflow_env/lib/python3.12/site-packages/airflow/example_dags/subdags/subdag.py
[2025-09-27T23:27:19.651+0100] {processor.py:927} WARNING - No viable dags retrieved from /home/engineer/project/airflow_env/lib/python3.12/site-packages/airflow/example_dags/subdags/subdag.py
[2025-09-27T23:27:19.659+0100] {processor.py:208} INFO - Processing /home/engineer/project/airflow_env/lib/python3.12/site-packages/airflow/example_dags/subdags/subdag.py took 0.017 seconds
[2025-09-27T23:28:14.430+0100] {processor.py:186} INFO - Started process (PID=20274) to work on /home/engineer/project/airflow_env/lib/python3.12/site-packages/airflow/example_dags/subdags/subdag.py
[2025-09-27T23:28:14.437+0100] {processor.py:914} INFO - Processing file /home/engineer/project/airflow_env/lib/python3.12/site-packages/airflow/example_dags/subdags/subdag.py for tasks to queue
[2025-09-27T23:28:14.438+0100] {logging_mixin.py:190} INFO - [2025-09-27T23:28:14.438+0100] {dagbag.py:588} INFO - Filling up the DagBag from /home/engineer/project/airflow_env/lib/python3.12/site-packages/airflow/example_dags/subdags/subdag.py
[2025-09-27T23:28:14.440+0100] {processor.py:927} WARNING - No viable dags retrieved from /home/engineer/project/airflow_env/lib/python3.12/site-packages/airflow/example_dags/subdags/subdag.py
[2025-09-27T23:28:14.448+0100] {processor.py:208} INFO - Processing /home/engineer/project/airflow_env/lib/python3.12/site-packages/airflow/example_dags/subdags/subdag.py took 0.022 seconds
[2025-09-27T23:29:00.731+0100] {processor.py:186} INFO - Started process (PID=20456) to work on /home/engineer/project/airflow_env/lib/python3.12/site-packages/airflow/example_dags/subdags/subdag.py
[2025-09-27T23:29:00.732+0100] {processor.py:914} INFO - Processing file /home/engineer/project/airflow_env/lib/python3.12/site-packages/airflow/example_dags/subdags/subdag.py for tasks to queue
[2025-09-27T23:29:00.733+0100] {logging_mixin.py:190} INFO - [2025-09-27T23:29:00.733+0100] {dagbag.py:588} INFO - Filling up the DagBag from /home/engineer/project/airflow_env/lib/python3.12/site-packages/airflow/example_dags/subdags/subdag.py
[2025-09-27T23:29:00.735+0100] {processor.py:927} WARNING - No viable dags retrieved from /home/engineer/project/airflow_env/lib/python3.12/site-packages/airflow/example_dags/subdags/subdag.py
[2025-09-27T23:29:00.744+0100] {processor.py:208} INFO - Processing /home/engineer/project/airflow_env/lib/python3.12/site-packages/airflow/example_dags/subdags/subdag.py took 0.018 seconds
[2025-09-27T23:29:47.198+0100] {processor.py:186} INFO - Started process (PID=20643) to work on /home/engineer/project/airflow_env/lib/python3.12/site-packages/airflow/example_dags/subdags/subdag.py
[2025-09-27T23:29:47.205+0100] {processor.py:914} INFO - Processing file /home/engineer/project/airflow_env/lib/python3.12/site-packages/airflow/example_dags/subdags/subdag.py for tasks to queue
[2025-09-27T23:29:47.207+0100] {logging_mixin.py:190} INFO - [2025-09-27T23:29:47.206+0100] {dagbag.py:588} INFO - Filling up the DagBag from /home/engineer/project/airflow_env/lib/python3.12/site-packages/airflow/example_dags/subdags/subdag.py
[2025-09-27T23:29:47.209+0100] {processor.py:927} WARNING - No viable dags retrieved from /home/engineer/project/airflow_env/lib/python3.12/site-packages/airflow/example_dags/subdags/subdag.py
[2025-09-27T23:29:47.218+0100] {processor.py:208} INFO - Processing /home/engineer/project/airflow_env/lib/python3.12/site-packages/airflow/example_dags/subdags/subdag.py took 0.023 seconds
[2025-09-27T23:30:31.948+0100] {processor.py:186} INFO - Started process (PID=20870) to work on /home/engineer/project/airflow_env/lib/python3.12/site-packages/airflow/example_dags/subdags/subdag.py
[2025-09-27T23:30:31.949+0100] {processor.py:914} INFO - Processing file /home/engineer/project/airflow_env/lib/python3.12/site-packages/airflow/example_dags/subdags/subdag.py for tasks to queue
[2025-09-27T23:30:31.951+0100] {logging_mixin.py:190} INFO - [2025-09-27T23:30:31.951+0100] {dagbag.py:588} INFO - Filling up the DagBag from /home/engineer/project/airflow_env/lib/python3.12/site-packages/airflow/example_dags/subdags/subdag.py
[2025-09-27T23:30:31.953+0100] {processor.py:927} WARNING - No viable dags retrieved from /home/engineer/project/airflow_env/lib/python3.12/site-packages/airflow/example_dags/subdags/subdag.py
[2025-09-27T23:30:31.966+0100] {processor.py:208} INFO - Processing /home/engineer/project/airflow_env/lib/python3.12/site-packages/airflow/example_dags/subdags/subdag.py took 0.023 seconds
[2025-09-27T23:31:22.723+0100] {processor.py:186} INFO - Started process (PID=21632) to work on /home/engineer/project/airflow_env/lib/python3.12/site-packages/airflow/example_dags/subdags/subdag.py
[2025-09-27T23:31:22.730+0100] {processor.py:914} INFO - Processing file /home/engineer/project/airflow_env/lib/python3.12/site-packages/airflow/example_dags/subdags/subdag.py for tasks to queue
[2025-09-27T23:31:22.732+0100] {logging_mixin.py:190} INFO - [2025-09-27T23:31:22.732+0100] {dagbag.py:588} INFO - Filling up the DagBag from /home/engineer/project/airflow_env/lib/python3.12/site-packages/airflow/example_dags/subdags/subdag.py
[2025-09-27T23:31:22.734+0100] {processor.py:927} WARNING - No viable dags retrieved from /home/engineer/project/airflow_env/lib/python3.12/site-packages/airflow/example_dags/subdags/subdag.py
[2025-09-27T23:31:22.743+0100] {processor.py:208} INFO - Processing /home/engineer/project/airflow_env/lib/python3.12/site-packages/airflow/example_dags/subdags/subdag.py took 0.024 seconds
[2025-09-27T23:32:18.569+0100] {processor.py:186} INFO - Started process (PID=21934) to work on /home/engineer/project/airflow_env/lib/python3.12/site-packages/airflow/example_dags/subdags/subdag.py
[2025-09-27T23:32:18.571+0100] {processor.py:914} INFO - Processing file /home/engineer/project/airflow_env/lib/python3.12/site-packages/airflow/example_dags/subdags/subdag.py for tasks to queue
[2025-09-27T23:32:18.572+0100] {logging_mixin.py:190} INFO - [2025-09-27T23:32:18.572+0100] {dagbag.py:588} INFO - Filling up the DagBag from /home/engineer/project/airflow_env/lib/python3.12/site-packages/airflow/example_dags/subdags/subdag.py
[2025-09-27T23:32:18.574+0100] {processor.py:927} WARNING - No viable dags retrieved from /home/engineer/project/airflow_env/lib/python3.12/site-packages/airflow/example_dags/subdags/subdag.py
[2025-09-27T23:32:18.583+0100] {processor.py:208} INFO - Processing /home/engineer/project/airflow_env/lib/python3.12/site-packages/airflow/example_dags/subdags/subdag.py took 0.019 seconds
[2025-09-27T23:33:04.936+0100] {processor.py:186} INFO - Started process (PID=22121) to work on /home/engineer/project/airflow_env/lib/python3.12/site-packages/airflow/example_dags/subdags/subdag.py
[2025-09-27T23:33:04.937+0100] {processor.py:914} INFO - Processing file /home/engineer/project/airflow_env/lib/python3.12/site-packages/airflow/example_dags/subdags/subdag.py for tasks to queue
[2025-09-27T23:33:04.939+0100] {logging_mixin.py:190} INFO - [2025-09-27T23:33:04.938+0100] {dagbag.py:588} INFO - Filling up the DagBag from /home/engineer/project/airflow_env/lib/python3.12/site-packages/airflow/example_dags/subdags/subdag.py
[2025-09-27T23:33:04.940+0100] {processor.py:927} WARNING - No viable dags retrieved from /home/engineer/project/airflow_env/lib/python3.12/site-packages/airflow/example_dags/subdags/subdag.py
[2025-09-27T23:33:04.949+0100] {processor.py:208} INFO - Processing /home/engineer/project/airflow_env/lib/python3.12/site-packages/airflow/example_dags/subdags/subdag.py took 0.017 seconds
[2025-09-27T23:33:54.738+0100] {processor.py:186} INFO - Started process (PID=22316) to work on /home/engineer/project/airflow_env/lib/python3.12/site-packages/airflow/example_dags/subdags/subdag.py
[2025-09-27T23:33:54.745+0100] {processor.py:914} INFO - Processing file /home/engineer/project/airflow_env/lib/python3.12/site-packages/airflow/example_dags/subdags/subdag.py for tasks to queue
[2025-09-27T23:33:54.746+0100] {logging_mixin.py:190} INFO - [2025-09-27T23:33:54.746+0100] {dagbag.py:588} INFO - Filling up the DagBag from /home/engineer/project/airflow_env/lib/python3.12/site-packages/airflow/example_dags/subdags/subdag.py
[2025-09-27T23:33:54.748+0100] {processor.py:927} WARNING - No viable dags retrieved from /home/engineer/project/airflow_env/lib/python3.12/site-packages/airflow/example_dags/subdags/subdag.py
[2025-09-27T23:33:54.756+0100] {processor.py:208} INFO - Processing /home/engineer/project/airflow_env/lib/python3.12/site-packages/airflow/example_dags/subdags/subdag.py took 0.022 seconds
[2025-09-27T23:34:44.274+0100] {processor.py:186} INFO - Started process (PID=22517) to work on /home/engineer/project/airflow_env/lib/python3.12/site-packages/airflow/example_dags/subdags/subdag.py
[2025-09-27T23:34:44.281+0100] {processor.py:914} INFO - Processing file /home/engineer/project/airflow_env/lib/python3.12/site-packages/airflow/example_dags/subdags/subdag.py for tasks to queue
[2025-09-27T23:34:44.282+0100] {logging_mixin.py:190} INFO - [2025-09-27T23:34:44.282+0100] {dagbag.py:588} INFO - Filling up the DagBag from /home/engineer/project/airflow_env/lib/python3.12/site-packages/airflow/example_dags/subdags/subdag.py
[2025-09-27T23:34:44.284+0100] {processor.py:927} WARNING - No viable dags retrieved from /home/engineer/project/airflow_env/lib/python3.12/site-packages/airflow/example_dags/subdags/subdag.py
[2025-09-27T23:34:44.292+0100] {processor.py:208} INFO - Processing /home/engineer/project/airflow_env/lib/python3.12/site-packages/airflow/example_dags/subdags/subdag.py took 0.022 seconds
[2025-09-27T23:35:33.226+0100] {processor.py:186} INFO - Started process (PID=22712) to work on /home/engineer/project/airflow_env/lib/python3.12/site-packages/airflow/example_dags/subdags/subdag.py
[2025-09-27T23:35:33.233+0100] {processor.py:914} INFO - Processing file /home/engineer/project/airflow_env/lib/python3.12/site-packages/airflow/example_dags/subdags/subdag.py for tasks to queue
[2025-09-27T23:35:33.235+0100] {logging_mixin.py:190} INFO - [2025-09-27T23:35:33.234+0100] {dagbag.py:588} INFO - Filling up the DagBag from /home/engineer/project/airflow_env/lib/python3.12/site-packages/airflow/example_dags/subdags/subdag.py
[2025-09-27T23:35:33.236+0100] {processor.py:927} WARNING - No viable dags retrieved from /home/engineer/project/airflow_env/lib/python3.12/site-packages/airflow/example_dags/subdags/subdag.py
[2025-09-27T23:35:33.244+0100] {processor.py:208} INFO - Processing /home/engineer/project/airflow_env/lib/python3.12/site-packages/airflow/example_dags/subdags/subdag.py took 0.022 seconds
[2025-09-27T23:36:22.904+0100] {processor.py:186} INFO - Started process (PID=22931) to work on /home/engineer/project/airflow_env/lib/python3.12/site-packages/airflow/example_dags/subdags/subdag.py
[2025-09-27T23:36:22.905+0100] {processor.py:914} INFO - Processing file /home/engineer/project/airflow_env/lib/python3.12/site-packages/airflow/example_dags/subdags/subdag.py for tasks to queue
[2025-09-27T23:36:22.906+0100] {logging_mixin.py:190} INFO - [2025-09-27T23:36:22.906+0100] {dagbag.py:588} INFO - Filling up the DagBag from /home/engineer/project/airflow_env/lib/python3.12/site-packages/airflow/example_dags/subdags/subdag.py
[2025-09-27T23:36:22.907+0100] {processor.py:927} WARNING - No viable dags retrieved from /home/engineer/project/airflow_env/lib/python3.12/site-packages/airflow/example_dags/subdags/subdag.py
[2025-09-27T23:36:22.915+0100] {processor.py:208} INFO - Processing /home/engineer/project/airflow_env/lib/python3.12/site-packages/airflow/example_dags/subdags/subdag.py took 0.015 seconds
[2025-09-27T23:37:11.386+0100] {processor.py:186} INFO - Started process (PID=23127) to work on /home/engineer/project/airflow_env/lib/python3.12/site-packages/airflow/example_dags/subdags/subdag.py
[2025-09-27T23:37:11.387+0100] {processor.py:914} INFO - Processing file /home/engineer/project/airflow_env/lib/python3.12/site-packages/airflow/example_dags/subdags/subdag.py for tasks to queue
[2025-09-27T23:37:11.388+0100] {logging_mixin.py:190} INFO - [2025-09-27T23:37:11.388+0100] {dagbag.py:588} INFO - Filling up the DagBag from /home/engineer/project/airflow_env/lib/python3.12/site-packages/airflow/example_dags/subdags/subdag.py
[2025-09-27T23:37:11.390+0100] {processor.py:927} WARNING - No viable dags retrieved from /home/engineer/project/airflow_env/lib/python3.12/site-packages/airflow/example_dags/subdags/subdag.py
[2025-09-27T23:37:11.397+0100] {processor.py:208} INFO - Processing /home/engineer/project/airflow_env/lib/python3.12/site-packages/airflow/example_dags/subdags/subdag.py took 0.015 seconds
[2025-09-27T23:38:34.970+0100] {processor.py:186} INFO - Started process (PID=23363) to work on /home/engineer/project/airflow_env/lib/python3.12/site-packages/airflow/example_dags/subdags/subdag.py
[2025-09-27T23:38:34.971+0100] {processor.py:914} INFO - Processing file /home/engineer/project/airflow_env/lib/python3.12/site-packages/airflow/example_dags/subdags/subdag.py for tasks to queue
[2025-09-27T23:38:34.972+0100] {logging_mixin.py:190} INFO - [2025-09-27T23:38:34.972+0100] {dagbag.py:588} INFO - Filling up the DagBag from /home/engineer/project/airflow_env/lib/python3.12/site-packages/airflow/example_dags/subdags/subdag.py
[2025-09-27T23:38:34.974+0100] {processor.py:927} WARNING - No viable dags retrieved from /home/engineer/project/airflow_env/lib/python3.12/site-packages/airflow/example_dags/subdags/subdag.py
[2025-09-27T23:38:34.983+0100] {processor.py:208} INFO - Processing /home/engineer/project/airflow_env/lib/python3.12/site-packages/airflow/example_dags/subdags/subdag.py took 0.018 seconds
[2025-09-27T23:39:24.805+0100] {processor.py:186} INFO - Started process (PID=23558) to work on /home/engineer/project/airflow_env/lib/python3.12/site-packages/airflow/example_dags/subdags/subdag.py
[2025-09-27T23:39:24.806+0100] {processor.py:914} INFO - Processing file /home/engineer/project/airflow_env/lib/python3.12/site-packages/airflow/example_dags/subdags/subdag.py for tasks to queue
[2025-09-27T23:39:24.807+0100] {logging_mixin.py:190} INFO - [2025-09-27T23:39:24.807+0100] {dagbag.py:588} INFO - Filling up the DagBag from /home/engineer/project/airflow_env/lib/python3.12/site-packages/airflow/example_dags/subdags/subdag.py
[2025-09-27T23:39:24.809+0100] {processor.py:927} WARNING - No viable dags retrieved from /home/engineer/project/airflow_env/lib/python3.12/site-packages/airflow/example_dags/subdags/subdag.py
[2025-09-27T23:39:24.817+0100] {processor.py:208} INFO - Processing /home/engineer/project/airflow_env/lib/python3.12/site-packages/airflow/example_dags/subdags/subdag.py took 0.016 seconds
[2025-09-27T23:40:15.407+0100] {processor.py:186} INFO - Started process (PID=23760) to work on /home/engineer/project/airflow_env/lib/python3.12/site-packages/airflow/example_dags/subdags/subdag.py
[2025-09-27T23:40:15.414+0100] {processor.py:914} INFO - Processing file /home/engineer/project/airflow_env/lib/python3.12/site-packages/airflow/example_dags/subdags/subdag.py for tasks to queue
[2025-09-27T23:40:15.416+0100] {logging_mixin.py:190} INFO - [2025-09-27T23:40:15.415+0100] {dagbag.py:588} INFO - Filling up the DagBag from /home/engineer/project/airflow_env/lib/python3.12/site-packages/airflow/example_dags/subdags/subdag.py
[2025-09-27T23:40:15.419+0100] {processor.py:927} WARNING - No viable dags retrieved from /home/engineer/project/airflow_env/lib/python3.12/site-packages/airflow/example_dags/subdags/subdag.py
[2025-09-27T23:40:15.429+0100] {processor.py:208} INFO - Processing /home/engineer/project/airflow_env/lib/python3.12/site-packages/airflow/example_dags/subdags/subdag.py took 0.026 seconds
[2025-09-27T23:41:02.843+0100] {processor.py:186} INFO - Started process (PID=23949) to work on /home/engineer/project/airflow_env/lib/python3.12/site-packages/airflow/example_dags/subdags/subdag.py
[2025-09-27T23:41:02.851+0100] {processor.py:914} INFO - Processing file /home/engineer/project/airflow_env/lib/python3.12/site-packages/airflow/example_dags/subdags/subdag.py for tasks to queue
[2025-09-27T23:41:02.854+0100] {logging_mixin.py:190} INFO - [2025-09-27T23:41:02.853+0100] {dagbag.py:588} INFO - Filling up the DagBag from /home/engineer/project/airflow_env/lib/python3.12/site-packages/airflow/example_dags/subdags/subdag.py
[2025-09-27T23:41:02.857+0100] {processor.py:927} WARNING - No viable dags retrieved from /home/engineer/project/airflow_env/lib/python3.12/site-packages/airflow/example_dags/subdags/subdag.py
[2025-09-27T23:41:02.870+0100] {processor.py:208} INFO - Processing /home/engineer/project/airflow_env/lib/python3.12/site-packages/airflow/example_dags/subdags/subdag.py took 0.033 seconds
[2025-09-27T23:41:54.331+0100] {processor.py:186} INFO - Started process (PID=24155) to work on /home/engineer/project/airflow_env/lib/python3.12/site-packages/airflow/example_dags/subdags/subdag.py
[2025-09-27T23:41:54.338+0100] {processor.py:914} INFO - Processing file /home/engineer/project/airflow_env/lib/python3.12/site-packages/airflow/example_dags/subdags/subdag.py for tasks to queue
[2025-09-27T23:41:54.339+0100] {logging_mixin.py:190} INFO - [2025-09-27T23:41:54.338+0100] {dagbag.py:588} INFO - Filling up the DagBag from /home/engineer/project/airflow_env/lib/python3.12/site-packages/airflow/example_dags/subdags/subdag.py
[2025-09-27T23:41:54.340+0100] {processor.py:927} WARNING - No viable dags retrieved from /home/engineer/project/airflow_env/lib/python3.12/site-packages/airflow/example_dags/subdags/subdag.py
[2025-09-27T23:41:54.349+0100] {processor.py:208} INFO - Processing /home/engineer/project/airflow_env/lib/python3.12/site-packages/airflow/example_dags/subdags/subdag.py took 0.023 seconds
[2025-09-27T23:42:45.479+0100] {processor.py:186} INFO - Started process (PID=24379) to work on /home/engineer/project/airflow_env/lib/python3.12/site-packages/airflow/example_dags/subdags/subdag.py
[2025-09-27T23:42:45.480+0100] {processor.py:914} INFO - Processing file /home/engineer/project/airflow_env/lib/python3.12/site-packages/airflow/example_dags/subdags/subdag.py for tasks to queue
[2025-09-27T23:42:45.482+0100] {logging_mixin.py:190} INFO - [2025-09-27T23:42:45.481+0100] {dagbag.py:588} INFO - Filling up the DagBag from /home/engineer/project/airflow_env/lib/python3.12/site-packages/airflow/example_dags/subdags/subdag.py
[2025-09-27T23:42:45.484+0100] {processor.py:927} WARNING - No viable dags retrieved from /home/engineer/project/airflow_env/lib/python3.12/site-packages/airflow/example_dags/subdags/subdag.py
[2025-09-27T23:42:45.495+0100] {processor.py:208} INFO - Processing /home/engineer/project/airflow_env/lib/python3.12/site-packages/airflow/example_dags/subdags/subdag.py took 0.021 seconds
[2025-09-27T23:43:36.993+0100] {processor.py:186} INFO - Started process (PID=24645) to work on /home/engineer/project/airflow_env/lib/python3.12/site-packages/airflow/example_dags/subdags/subdag.py
[2025-09-27T23:43:37.000+0100] {processor.py:914} INFO - Processing file /home/engineer/project/airflow_env/lib/python3.12/site-packages/airflow/example_dags/subdags/subdag.py for tasks to queue
[2025-09-27T23:43:37.001+0100] {logging_mixin.py:190} INFO - [2025-09-27T23:43:37.001+0100] {dagbag.py:588} INFO - Filling up the DagBag from /home/engineer/project/airflow_env/lib/python3.12/site-packages/airflow/example_dags/subdags/subdag.py
[2025-09-27T23:43:37.002+0100] {processor.py:927} WARNING - No viable dags retrieved from /home/engineer/project/airflow_env/lib/python3.12/site-packages/airflow/example_dags/subdags/subdag.py
[2025-09-27T23:43:37.010+0100] {processor.py:208} INFO - Processing /home/engineer/project/airflow_env/lib/python3.12/site-packages/airflow/example_dags/subdags/subdag.py took 0.022 seconds
