[2025-10-15T20:35:18.306+0100] {local_task_job_runner.py:123} INFO - ::group::Pre task execution logs
[2025-10-15T20:35:18.311+0100] {taskinstance.py:2612} INFO - Dependencies all met for dep_context=non-requeueable deps ti=<TaskInstance: ETL_toll_data.unzip_data scheduled__2025-09-29T00:00:00+00:00 [queued]>
[2025-10-15T20:35:18.314+0100] {taskinstance.py:2612} INFO - Dependencies all met for dep_context=requeueable deps ti=<TaskInstance: ETL_toll_data.unzip_data scheduled__2025-09-29T00:00:00+00:00 [queued]>
[2025-10-15T20:35:18.315+0100] {taskinstance.py:2865} INFO - Starting attempt 1 of 2
[2025-10-15T20:35:18.324+0100] {taskinstance.py:2888} INFO - Executing <Task(BashOperator): unzip_data> on 2025-09-29 00:00:00+00:00
[2025-10-15T20:35:18.327+0100] {standard_task_runner.py:72} INFO - Started process 4795 to run task
[2025-10-15T20:35:18.330+0100] {standard_task_runner.py:104} INFO - Running: ['airflow', 'tasks', 'run', 'ETL_toll_data', 'unzip_data', 'scheduled__2025-09-29T00:00:00+00:00', '--job-id', '74', '--raw', '--subdir', 'DAGS_FOLDER/ETL_toll_data.py', '--cfg-path', '/tmp/tmpb8ztnl37']
[2025-10-15T20:35:18.331+0100] {standard_task_runner.py:105} INFO - Job 74: Subtask unzip_data
[2025-10-15T20:35:18.363+0100] {task_command.py:467} INFO - Running <TaskInstance: ETL_toll_data.unzip_data scheduled__2025-09-29T00:00:00+00:00 [running]> on host AZZ-PTT-1.localdomain
[2025-10-15T20:35:18.411+0100] {taskinstance.py:3131} INFO - Exporting env vars: AIRFLOW_CTX_DAG_EMAIL='kennethnebe@gmail.com' AIRFLOW_CTX_DAG_OWNER='The Engineer' AIRFLOW_CTX_DAG_ID='ETL_toll_data' AIRFLOW_CTX_TASK_ID='unzip_data' AIRFLOW_CTX_EXECUTION_DATE='2025-09-29T00:00:00+00:00' AIRFLOW_CTX_TRY_NUMBER='1' AIRFLOW_CTX_DAG_RUN_ID='scheduled__2025-09-29T00:00:00+00:00'
[2025-10-15T20:35:18.412+0100] {taskinstance.py:731} INFO - ::endgroup::
[2025-10-15T20:35:18.425+0100] {subprocess.py:63} INFO - Tmp dir root location: /tmp
[2025-10-15T20:35:18.426+0100] {subprocess.py:75} INFO - Running command: ['/usr/bin/bash', '-c', 'tar -xvf /home/engineer/project/tolldata.tgz -C /home/engineer/project/tolldata']
[2025-10-15T20:35:18.431+0100] {subprocess.py:86} INFO - Output:
[2025-10-15T20:35:18.438+0100] {subprocess.py:93} INFO - fileformats.txt
[2025-10-15T20:35:18.439+0100] {subprocess.py:93} INFO - payment-data.txt
[2025-10-15T20:35:18.443+0100] {subprocess.py:93} INFO - ._tollplaza-data.tsv
[2025-10-15T20:35:18.443+0100] {subprocess.py:93} INFO - tollplaza-data.tsv
[2025-10-15T20:35:18.446+0100] {subprocess.py:93} INFO - ._vehicle-data.csv
[2025-10-15T20:35:18.447+0100] {subprocess.py:93} INFO - vehicle-data.csv
[2025-10-15T20:35:18.450+0100] {subprocess.py:97} INFO - Command exited with return code 0
[2025-10-15T20:35:18.463+0100] {taskinstance.py:340} INFO - ::group::Post task execution logs
[2025-10-15T20:35:18.464+0100] {taskinstance.py:352} INFO - Marking task as SUCCESS. dag_id=ETL_toll_data, task_id=unzip_data, run_id=scheduled__2025-09-29T00:00:00+00:00, execution_date=20250929T000000, start_date=20251015T193518, end_date=20251015T193518
[2025-10-15T20:35:18.503+0100] {local_task_job_runner.py:266} INFO - Task exited with return code 0
[2025-10-15T20:35:18.515+0100] {taskinstance.py:3900} INFO - 1 downstream tasks scheduled from follow-on schedule check
[2025-10-15T20:35:18.521+0100] {local_task_job_runner.py:245} INFO - ::endgroup::
