[2025-09-28T10:51:36.652+0100] {local_task_job_runner.py:123} INFO - ::group::Pre task execution logs
[2025-09-28T10:51:36.720+0100] {taskinstance.py:2612} INFO - Dependencies all met for dep_context=non-requeueable deps ti=<TaskInstance: ETL_toll_data.extract_data_from_fixed_width manual__2025-09-28T09:51:29.333501+00:00 [queued]>
[2025-09-28T10:51:36.725+0100] {taskinstance.py:2612} INFO - Dependencies all met for dep_context=requeueable deps ti=<TaskInstance: ETL_toll_data.extract_data_from_fixed_width manual__2025-09-28T09:51:29.333501+00:00 [queued]>
[2025-09-28T10:51:36.726+0100] {taskinstance.py:2865} INFO - Starting attempt 1 of 2
[2025-09-28T10:51:36.735+0100] {taskinstance.py:2888} INFO - Executing <Task(BashOperator): extract_data_from_fixed_width> on 2025-09-28 09:51:29.333501+00:00
[2025-09-28T10:51:36.739+0100] {standard_task_runner.py:72} INFO - Started process 14694 to run task
[2025-09-28T10:51:36.741+0100] {standard_task_runner.py:104} INFO - Running: ['airflow', 'tasks', 'run', 'ETL_toll_data', 'extract_data_from_fixed_width', 'manual__2025-09-28T09:51:29.333501+00:00', '--job-id', '18', '--raw', '--subdir', 'DAGS_FOLDER/ETL_toll_data.py', '--cfg-path', '/tmp/tmpgeddqk1b']
[2025-09-28T10:51:36.743+0100] {standard_task_runner.py:105} INFO - Job 18: Subtask extract_data_from_fixed_width
[2025-09-28T10:51:36.775+0100] {task_command.py:467} INFO - Running <TaskInstance: ETL_toll_data.extract_data_from_fixed_width manual__2025-09-28T09:51:29.333501+00:00 [running]> on host AZZ-PTT-1.localdomain
[2025-09-28T10:51:36.831+0100] {taskinstance.py:3131} INFO - Exporting env vars: AIRFLOW_CTX_DAG_EMAIL='thengineer@data.com' AIRFLOW_CTX_DAG_OWNER='The Engineer' AIRFLOW_CTX_DAG_ID='ETL_toll_data' AIRFLOW_CTX_TASK_ID='extract_data_from_fixed_width' AIRFLOW_CTX_EXECUTION_DATE='2025-09-28T09:51:29.333501+00:00' AIRFLOW_CTX_TRY_NUMBER='1' AIRFLOW_CTX_DAG_RUN_ID='manual__2025-09-28T09:51:29.333501+00:00'
[2025-09-28T10:51:36.832+0100] {taskinstance.py:731} INFO - ::endgroup::
[2025-09-28T10:51:36.842+0100] {subprocess.py:63} INFO - Tmp dir root location: /tmp
[2025-09-28T10:51:36.842+0100] {subprocess.py:75} INFO - Running command: ['/usr/bin/bash', '-c', "cut -c59-62,63-67 /home/engineer/project/tolldata/payment-data.txt | tr ' ' ',' > /home/engineer/project/tolldata/cleaned/fixed_width_data.csv"]
[2025-09-28T10:51:36.847+0100] {subprocess.py:86} INFO - Output:
[2025-09-28T10:51:36.850+0100] {subprocess.py:97} INFO - Command exited with return code 0
[2025-09-28T10:51:36.867+0100] {taskinstance.py:340} INFO - ::group::Post task execution logs
[2025-09-28T10:51:36.867+0100] {taskinstance.py:352} INFO - Marking task as SUCCESS. dag_id=ETL_toll_data, task_id=extract_data_from_fixed_width, run_id=manual__2025-09-28T09:51:29.333501+00:00, execution_date=20250928T095129, start_date=20250928T095136, end_date=20250928T095136
[2025-09-28T10:51:36.914+0100] {local_task_job_runner.py:266} INFO - Task exited with return code 0
[2025-09-28T10:51:36.930+0100] {taskinstance.py:3900} INFO - 1 downstream tasks scheduled from follow-on schedule check
[2025-09-28T10:51:36.935+0100] {local_task_job_runner.py:245} INFO - ::endgroup::
