[2025-10-15T20:39:42.187+0100] {local_task_job_runner.py:123} INFO - ::group::Pre task execution logs
[2025-10-15T20:39:42.191+0100] {taskinstance.py:2612} INFO - Dependencies all met for dep_context=non-requeueable deps ti=<TaskInstance: process_web_log.extract_data manual__2025-10-15T19:39:40.916609+00:00 [queued]>
[2025-10-15T20:39:42.194+0100] {taskinstance.py:2612} INFO - Dependencies all met for dep_context=requeueable deps ti=<TaskInstance: process_web_log.extract_data manual__2025-10-15T19:39:40.916609+00:00 [queued]>
[2025-10-15T20:39:42.195+0100] {taskinstance.py:2865} INFO - Starting attempt 1 of 2
[2025-10-15T20:39:42.206+0100] {taskinstance.py:2888} INFO - Executing <Task(BashOperator): extract_data> on 2025-10-15 19:39:40.916609+00:00
[2025-10-15T20:39:42.208+0100] {standard_task_runner.py:72} INFO - Started process 7834 to run task
[2025-10-15T20:39:42.211+0100] {standard_task_runner.py:104} INFO - Running: ['airflow', 'tasks', 'run', 'process_web_log', 'extract_data', 'manual__2025-10-15T19:39:40.916609+00:00', '--job-id', '95', '--raw', '--subdir', 'DAGS_FOLDER/process_web_log.py', '--cfg-path', '/tmp/tmpzbj9cno8']
[2025-10-15T20:39:42.212+0100] {standard_task_runner.py:105} INFO - Job 95: Subtask extract_data
[2025-10-15T20:39:42.242+0100] {task_command.py:467} INFO - Running <TaskInstance: process_web_log.extract_data manual__2025-10-15T19:39:40.916609+00:00 [running]> on host AZZ-PTT-1.localdomain
[2025-10-15T20:39:42.289+0100] {taskinstance.py:3131} INFO - Exporting env vars: AIRFLOW_CTX_DAG_EMAIL='kennethnebe@gmail.com' AIRFLOW_CTX_DAG_OWNER='Onyinyechukwu Kenneth Nebe' AIRFLOW_CTX_DAG_ID='process_web_log' AIRFLOW_CTX_TASK_ID='extract_data' AIRFLOW_CTX_EXECUTION_DATE='2025-10-15T19:39:40.916609+00:00' AIRFLOW_CTX_TRY_NUMBER='1' AIRFLOW_CTX_DAG_RUN_ID='manual__2025-10-15T19:39:40.916609+00:00'
[2025-10-15T20:39:42.290+0100] {taskinstance.py:731} INFO - ::endgroup::
[2025-10-15T20:39:42.300+0100] {subprocess.py:63} INFO - Tmp dir root location: /tmp
[2025-10-15T20:39:42.300+0100] {subprocess.py:75} INFO - Running command: ['/usr/bin/bash', '-c', 'cut -d " " -f1 $AIRFLOW_HOME/dags/capstone/accesslog.txt > $AIRFLOW_HOME/dags/capstone/extracted_data.txt']
[2025-10-15T20:39:42.305+0100] {subprocess.py:86} INFO - Output:
[2025-10-15T20:39:42.313+0100] {subprocess.py:97} INFO - Command exited with return code 0
[2025-10-15T20:39:42.326+0100] {taskinstance.py:340} INFO - ::group::Post task execution logs
[2025-10-15T20:39:42.326+0100] {taskinstance.py:352} INFO - Marking task as SUCCESS. dag_id=process_web_log, task_id=extract_data, run_id=manual__2025-10-15T19:39:40.916609+00:00, execution_date=20251015T193940, start_date=20251015T193942, end_date=20251015T193942
[2025-10-15T20:39:42.344+0100] {local_task_job_runner.py:266} INFO - Task exited with return code 0
[2025-10-15T20:39:42.355+0100] {taskinstance.py:3900} INFO - 1 downstream tasks scheduled from follow-on schedule check
[2025-10-15T20:39:42.360+0100] {local_task_job_runner.py:245} INFO - ::endgroup::
