[2025-09-28T12:15:25.147+0100] {local_task_job_runner.py:123} INFO - ::group::Pre task execution logs
[2025-09-28T12:15:25.153+0100] {taskinstance.py:2612} INFO - Dependencies all met for dep_context=non-requeueable deps ti=<TaskInstance: ETL_toll_data.postgresload manual__2025-09-28T11:15:14.308897+00:00 [queued]>
[2025-09-28T12:15:25.157+0100] {taskinstance.py:2612} INFO - Dependencies all met for dep_context=requeueable deps ti=<TaskInstance: ETL_toll_data.postgresload manual__2025-09-28T11:15:14.308897+00:00 [queued]>
[2025-09-28T12:15:25.157+0100] {taskinstance.py:2865} INFO - Starting attempt 1 of 2
[2025-09-28T12:15:25.167+0100] {taskinstance.py:2888} INFO - Executing <Task(PythonOperator): postgresload> on 2025-09-28 11:15:14.308897+00:00
[2025-09-28T12:15:25.170+0100] {standard_task_runner.py:72} INFO - Started process 8095 to run task
[2025-09-28T12:15:25.172+0100] {standard_task_runner.py:104} INFO - Running: ['airflow', 'tasks', 'run', 'ETL_toll_data', 'postgresload', 'manual__2025-09-28T11:15:14.308897+00:00', '--job-id', '43', '--raw', '--subdir', 'DAGS_FOLDER/ETL_toll_data.py', '--cfg-path', '/tmp/tmpxoa68644']
[2025-09-28T12:15:25.174+0100] {standard_task_runner.py:105} INFO - Job 43: Subtask postgresload
[2025-09-28T12:15:25.210+0100] {task_command.py:467} INFO - Running <TaskInstance: ETL_toll_data.postgresload manual__2025-09-28T11:15:14.308897+00:00 [running]> on host AZZ-PTT-1.localdomain
[2025-09-28T12:15:25.261+0100] {taskinstance.py:3131} INFO - Exporting env vars: AIRFLOW_CTX_DAG_EMAIL='kennethnebe@gmail.com' AIRFLOW_CTX_DAG_OWNER='The Engineer' AIRFLOW_CTX_DAG_ID='ETL_toll_data' AIRFLOW_CTX_TASK_ID='postgresload' AIRFLOW_CTX_EXECUTION_DATE='2025-09-28T11:15:14.308897+00:00' AIRFLOW_CTX_TRY_NUMBER='1' AIRFLOW_CTX_DAG_RUN_ID='manual__2025-09-28T11:15:14.308897+00:00'
[2025-09-28T12:15:25.262+0100] {taskinstance.py:731} INFO - ::endgroup::
[2025-09-28T12:15:25.290+0100] {logging_mixin.py:190} WARNING - /home/engineer/project/airflow_home/dags/ETL_toll_data.py:39 UserWarning: pandas only supports SQLAlchemy connectable (engine/connection) or database string URI or sqlite3 DBAPI2 connection. Other DBAPI2 objects are not tested. Please consider using SQLAlchemy.
[2025-09-28T12:15:25.292+0100] {taskinstance.py:3310} ERROR - Task failed with exception
Traceback (most recent call last):
  File "/home/engineer/project/airflow_env/lib/python3.12/site-packages/airflow/models/taskinstance.py", line 767, in _execute_task
    result = _execute_callable(context=context, **execute_callable_kwargs)
             ^^^^^^^^^^^^^^^^^^^^^^^^^^^^^^^^^^^^^^^^^^^^^^^^^^^^^^^^^^^^^
  File "/home/engineer/project/airflow_env/lib/python3.12/site-packages/airflow/models/taskinstance.py", line 733, in _execute_callable
    return ExecutionCallableRunner(
           ^^^^^^^^^^^^^^^^^^^^^^^^
  File "/home/engineer/project/airflow_env/lib/python3.12/site-packages/airflow/utils/operator_helpers.py", line 252, in run
    return self.func(*args, **kwargs)
           ^^^^^^^^^^^^^^^^^^^^^^^^^^
  File "/home/engineer/project/airflow_env/lib/python3.12/site-packages/airflow/models/baseoperator.py", line 406, in wrapper
    return func(self, *args, **kwargs)
           ^^^^^^^^^^^^^^^^^^^^^^^^^^^
  File "/home/engineer/project/airflow_env/lib/python3.12/site-packages/airflow/operators/python.py", line 238, in execute
    return_value = self.execute_callable()
                   ^^^^^^^^^^^^^^^^^^^^^^^
  File "/home/engineer/project/airflow_env/lib/python3.12/site-packages/airflow/operators/python.py", line 256, in execute_callable
    return runner.run(*self.op_args, **self.op_kwargs)
           ^^^^^^^^^^^^^^^^^^^^^^^^^^^^^^^^^^^^^^^^^^^
  File "/home/engineer/project/airflow_env/lib/python3.12/site-packages/airflow/utils/operator_helpers.py", line 252, in run
    return self.func(*args, **kwargs)
           ^^^^^^^^^^^^^^^^^^^^^^^^^^
  File "/home/engineer/project/airflow_home/dags/ETL_toll_data.py", line 39, in load_to_postgres
    df.to_sql("car_details", engine, if_exists="replace", index=False)
  File "/home/engineer/project/airflow_env/lib/python3.12/site-packages/pandas/util/_decorators.py", line 333, in wrapper
    return func(*args, **kwargs)
           ^^^^^^^^^^^^^^^^^^^^^
  File "/home/engineer/project/airflow_env/lib/python3.12/site-packages/pandas/core/generic.py", line 3106, in to_sql
    return sql.to_sql(
           ^^^^^^^^^^^
  File "/home/engineer/project/airflow_env/lib/python3.12/site-packages/pandas/io/sql.py", line 844, in to_sql
    return pandas_sql.to_sql(
           ^^^^^^^^^^^^^^^^^^
  File "/home/engineer/project/airflow_env/lib/python3.12/site-packages/pandas/io/sql.py", line 2840, in to_sql
    table.create()
  File "/home/engineer/project/airflow_env/lib/python3.12/site-packages/pandas/io/sql.py", line 986, in create
    if self.exists():
       ^^^^^^^^^^^^^
  File "/home/engineer/project/airflow_env/lib/python3.12/site-packages/pandas/io/sql.py", line 972, in exists
    return self.pd_sql.has_table(self.name, self.schema)
           ^^^^^^^^^^^^^^^^^^^^^^^^^^^^^^^^^^^^^^^^^^^^^
  File "/home/engineer/project/airflow_env/lib/python3.12/site-packages/pandas/io/sql.py", line 2855, in has_table
    return len(self.execute(query, [name]).fetchall()) > 0
               ^^^^^^^^^^^^^^^^^^^^^^^^^^^
  File "/home/engineer/project/airflow_env/lib/python3.12/site-packages/pandas/io/sql.py", line 2662, in execute
    cur = self.con.cursor()
          ^^^^^^^^^^^^^^^
AttributeError: 'Engine' object has no attribute 'cursor'
[2025-09-28T12:15:25.302+0100] {taskinstance.py:1225} INFO - Marking task as UP_FOR_RETRY. dag_id=ETL_toll_data, task_id=postgresload, run_id=manual__2025-09-28T11:15:14.308897+00:00, execution_date=20250928T111514, start_date=20250928T111525, end_date=20250928T111525
[2025-09-28T12:15:25.311+0100] {taskinstance.py:340} INFO - ::group::Post task execution logs
[2025-09-28T12:15:25.312+0100] {standard_task_runner.py:124} ERROR - Failed to execute job 43 for task postgresload ('Engine' object has no attribute 'cursor'; 8095)
Traceback (most recent call last):
  File "/home/engineer/project/airflow_env/lib/python3.12/site-packages/airflow/task/task_runner/standard_task_runner.py", line 117, in _start_by_fork
    ret = args.func(args, dag=self.dag)
          ^^^^^^^^^^^^^^^^^^^^^^^^^^^^^
  File "/home/engineer/project/airflow_env/lib/python3.12/site-packages/airflow/cli/cli_config.py", line 49, in command
    return func(*args, **kwargs)
           ^^^^^^^^^^^^^^^^^^^^^
  File "/home/engineer/project/airflow_env/lib/python3.12/site-packages/airflow/utils/cli.py", line 115, in wrapper
    return f(*args, **kwargs)
           ^^^^^^^^^^^^^^^^^^
  File "/home/engineer/project/airflow_env/lib/python3.12/site-packages/airflow/cli/commands/task_command.py", line 483, in task_run
    task_return_code = _run_task_by_selected_method(args, _dag, ti)
                       ^^^^^^^^^^^^^^^^^^^^^^^^^^^^^^^^^^^^^^^^^^^^
  File "/home/engineer/project/airflow_env/lib/python3.12/site-packages/airflow/cli/commands/task_command.py", line 256, in _run_task_by_selected_method
    return _run_raw_task(args, ti)
           ^^^^^^^^^^^^^^^^^^^^^^^
  File "/home/engineer/project/airflow_env/lib/python3.12/site-packages/airflow/cli/commands/task_command.py", line 341, in _run_raw_task
    return ti._run_raw_task(
           ^^^^^^^^^^^^^^^^^
  File "/home/engineer/project/airflow_env/lib/python3.12/site-packages/airflow/utils/session.py", line 97, in wrapper
    return func(*args, session=session, **kwargs)
           ^^^^^^^^^^^^^^^^^^^^^^^^^^^^^^^^^^^^^^
  File "/home/engineer/project/airflow_env/lib/python3.12/site-packages/airflow/models/taskinstance.py", line 3004, in _run_raw_task
    return _run_raw_task(
           ^^^^^^^^^^^^^^
  File "/home/engineer/project/airflow_env/lib/python3.12/site-packages/airflow/models/taskinstance.py", line 273, in _run_raw_task
    TaskInstance._execute_task_with_callbacks(
  File "/home/engineer/project/airflow_env/lib/python3.12/site-packages/airflow/models/taskinstance.py", line 3158, in _execute_task_with_callbacks
    result = self._execute_task(context, task_orig)
             ^^^^^^^^^^^^^^^^^^^^^^^^^^^^^^^^^^^^^^
  File "/home/engineer/project/airflow_env/lib/python3.12/site-packages/airflow/models/taskinstance.py", line 3182, in _execute_task
    return _execute_task(self, context, task_orig)
           ^^^^^^^^^^^^^^^^^^^^^^^^^^^^^^^^^^^^^^^
  File "/home/engineer/project/airflow_env/lib/python3.12/site-packages/airflow/models/taskinstance.py", line 767, in _execute_task
    result = _execute_callable(context=context, **execute_callable_kwargs)
             ^^^^^^^^^^^^^^^^^^^^^^^^^^^^^^^^^^^^^^^^^^^^^^^^^^^^^^^^^^^^^
  File "/home/engineer/project/airflow_env/lib/python3.12/site-packages/airflow/models/taskinstance.py", line 733, in _execute_callable
    return ExecutionCallableRunner(
           ^^^^^^^^^^^^^^^^^^^^^^^^
  File "/home/engineer/project/airflow_env/lib/python3.12/site-packages/airflow/utils/operator_helpers.py", line 252, in run
    return self.func(*args, **kwargs)
           ^^^^^^^^^^^^^^^^^^^^^^^^^^
  File "/home/engineer/project/airflow_env/lib/python3.12/site-packages/airflow/models/baseoperator.py", line 406, in wrapper
    return func(self, *args, **kwargs)
           ^^^^^^^^^^^^^^^^^^^^^^^^^^^
  File "/home/engineer/project/airflow_env/lib/python3.12/site-packages/airflow/operators/python.py", line 238, in execute
    return_value = self.execute_callable()
                   ^^^^^^^^^^^^^^^^^^^^^^^
  File "/home/engineer/project/airflow_env/lib/python3.12/site-packages/airflow/operators/python.py", line 256, in execute_callable
    return runner.run(*self.op_args, **self.op_kwargs)
           ^^^^^^^^^^^^^^^^^^^^^^^^^^^^^^^^^^^^^^^^^^^
  File "/home/engineer/project/airflow_env/lib/python3.12/site-packages/airflow/utils/operator_helpers.py", line 252, in run
    return self.func(*args, **kwargs)
           ^^^^^^^^^^^^^^^^^^^^^^^^^^
  File "/home/engineer/project/airflow_home/dags/ETL_toll_data.py", line 39, in load_to_postgres
    df.to_sql("car_details", engine, if_exists="replace", index=False)
  File "/home/engineer/project/airflow_env/lib/python3.12/site-packages/pandas/util/_decorators.py", line 333, in wrapper
    return func(*args, **kwargs)
           ^^^^^^^^^^^^^^^^^^^^^
  File "/home/engineer/project/airflow_env/lib/python3.12/site-packages/pandas/core/generic.py", line 3106, in to_sql
    return sql.to_sql(
           ^^^^^^^^^^^
  File "/home/engineer/project/airflow_env/lib/python3.12/site-packages/pandas/io/sql.py", line 844, in to_sql
    return pandas_sql.to_sql(
           ^^^^^^^^^^^^^^^^^^
  File "/home/engineer/project/airflow_env/lib/python3.12/site-packages/pandas/io/sql.py", line 2840, in to_sql
    table.create()
  File "/home/engineer/project/airflow_env/lib/python3.12/site-packages/pandas/io/sql.py", line 986, in create
    if self.exists():
       ^^^^^^^^^^^^^
  File "/home/engineer/project/airflow_env/lib/python3.12/site-packages/pandas/io/sql.py", line 972, in exists
    return self.pd_sql.has_table(self.name, self.schema)
           ^^^^^^^^^^^^^^^^^^^^^^^^^^^^^^^^^^^^^^^^^^^^^
  File "/home/engineer/project/airflow_env/lib/python3.12/site-packages/pandas/io/sql.py", line 2855, in has_table
    return len(self.execute(query, [name]).fetchall()) > 0
               ^^^^^^^^^^^^^^^^^^^^^^^^^^^
  File "/home/engineer/project/airflow_env/lib/python3.12/site-packages/pandas/io/sql.py", line 2662, in execute
    cur = self.con.cursor()
          ^^^^^^^^^^^^^^^
AttributeError: 'Engine' object has no attribute 'cursor'
[2025-09-28T12:15:25.347+0100] {local_task_job_runner.py:266} INFO - Task exited with return code 1
[2025-09-28T12:15:25.355+0100] {taskinstance.py:3900} INFO - 0 downstream tasks scheduled from follow-on schedule check
[2025-09-28T12:15:25.355+0100] {local_task_job_runner.py:245} INFO - ::endgroup::
