[2025-09-27T23:26:21.181+0100] {processor.py:186} INFO - Started process (PID=19746) to work on /home/engineer/project/airflow_env/lib/python3.12/site-packages/airflow/example_dags/example_workday_timetable.py
[2025-09-27T23:26:21.181+0100] {processor.py:914} INFO - Processing file /home/engineer/project/airflow_env/lib/python3.12/site-packages/airflow/example_dags/example_workday_timetable.py for tasks to queue
[2025-09-27T23:26:21.183+0100] {logging_mixin.py:190} INFO - [2025-09-27T23:26:21.183+0100] {dagbag.py:588} INFO - Filling up the DagBag from /home/engineer/project/airflow_env/lib/python3.12/site-packages/airflow/example_dags/example_workday_timetable.py
[2025-09-27T23:26:21.187+0100] {processor.py:925} INFO - DAG(s) 'example_workday_timetable' retrieved from /home/engineer/project/airflow_env/lib/python3.12/site-packages/airflow/example_dags/example_workday_timetable.py
[2025-09-27T23:26:21.253+0100] {logging_mixin.py:190} INFO - [2025-09-27T23:26:21.253+0100] {override.py:1900} INFO - Created Permission View: can delete on DAG:example_workday_timetable
[2025-09-27T23:26:21.261+0100] {logging_mixin.py:190} INFO - [2025-09-27T23:26:21.261+0100] {override.py:1900} INFO - Created Permission View: can read on DAG:example_workday_timetable
[2025-09-27T23:26:21.268+0100] {logging_mixin.py:190} INFO - [2025-09-27T23:26:21.268+0100] {override.py:1900} INFO - Created Permission View: can edit on DAG:example_workday_timetable
[2025-09-27T23:26:21.278+0100] {logging_mixin.py:190} INFO - [2025-09-27T23:26:21.278+0100] {override.py:1900} INFO - Created Permission View: can delete on DAG Run:example_workday_timetable
[2025-09-27T23:26:21.285+0100] {logging_mixin.py:190} INFO - [2025-09-27T23:26:21.285+0100] {override.py:1900} INFO - Created Permission View: can read on DAG Run:example_workday_timetable
[2025-09-27T23:26:21.292+0100] {logging_mixin.py:190} INFO - [2025-09-27T23:26:21.292+0100] {override.py:1900} INFO - Created Permission View: can create on DAG Run:example_workday_timetable
[2025-09-27T23:26:21.299+0100] {logging_mixin.py:190} INFO - [2025-09-27T23:26:21.298+0100] {override.py:1900} INFO - Created Permission View: menu access on DAG Run:example_workday_timetable
[2025-09-27T23:26:21.299+0100] {logging_mixin.py:190} INFO - [2025-09-27T23:26:21.299+0100] {dag.py:3239} INFO - Sync 1 DAGs
[2025-09-27T23:26:21.305+0100] {logging_mixin.py:190} INFO - [2025-09-27T23:26:21.305+0100] {dag.py:3262} INFO - Creating ORM DAG for example_workday_timetable
[2025-09-27T23:26:21.311+0100] {logging_mixin.py:190} INFO - [2025-09-27T23:26:21.310+0100] {dag.py:4180} INFO - Setting next_dagrun for example_workday_timetable to 2021-01-01 00:00:00+00:00, run_after=2021-01-02 00:00:00+00:00
[2025-09-27T23:26:21.326+0100] {processor.py:208} INFO - Processing /home/engineer/project/airflow_env/lib/python3.12/site-packages/airflow/example_dags/example_workday_timetable.py took 0.149 seconds
[2025-09-27T23:27:23.049+0100] {processor.py:186} INFO - Started process (PID=20011) to work on /home/engineer/project/airflow_env/lib/python3.12/site-packages/airflow/example_dags/example_workday_timetable.py
[2025-09-27T23:27:23.050+0100] {processor.py:914} INFO - Processing file /home/engineer/project/airflow_env/lib/python3.12/site-packages/airflow/example_dags/example_workday_timetable.py for tasks to queue
[2025-09-27T23:27:23.051+0100] {logging_mixin.py:190} INFO - [2025-09-27T23:27:23.051+0100] {dagbag.py:588} INFO - Filling up the DagBag from /home/engineer/project/airflow_env/lib/python3.12/site-packages/airflow/example_dags/example_workday_timetable.py
[2025-09-27T23:27:23.055+0100] {processor.py:925} INFO - DAG(s) 'example_workday_timetable' retrieved from /home/engineer/project/airflow_env/lib/python3.12/site-packages/airflow/example_dags/example_workday_timetable.py
[2025-09-27T23:27:23.066+0100] {logging_mixin.py:190} INFO - [2025-09-27T23:27:23.066+0100] {dag.py:3239} INFO - Sync 1 DAGs
[2025-09-27T23:27:23.078+0100] {logging_mixin.py:190} INFO - [2025-09-27T23:27:23.078+0100] {dag.py:4180} INFO - Setting next_dagrun for example_workday_timetable to 2021-01-01 00:00:00+00:00, run_after=2021-01-02 00:00:00+00:00
[2025-09-27T23:27:23.093+0100] {processor.py:208} INFO - Processing /home/engineer/project/airflow_env/lib/python3.12/site-packages/airflow/example_dags/example_workday_timetable.py took 0.048 seconds
[2025-09-27T23:28:17.311+0100] {processor.py:186} INFO - Started process (PID=20283) to work on /home/engineer/project/airflow_env/lib/python3.12/site-packages/airflow/example_dags/example_workday_timetable.py
[2025-09-27T23:28:17.318+0100] {processor.py:914} INFO - Processing file /home/engineer/project/airflow_env/lib/python3.12/site-packages/airflow/example_dags/example_workday_timetable.py for tasks to queue
[2025-09-27T23:28:17.319+0100] {logging_mixin.py:190} INFO - [2025-09-27T23:28:17.319+0100] {dagbag.py:588} INFO - Filling up the DagBag from /home/engineer/project/airflow_env/lib/python3.12/site-packages/airflow/example_dags/example_workday_timetable.py
[2025-09-27T23:28:17.324+0100] {processor.py:925} INFO - DAG(s) 'example_workday_timetable' retrieved from /home/engineer/project/airflow_env/lib/python3.12/site-packages/airflow/example_dags/example_workday_timetable.py
[2025-09-27T23:28:17.334+0100] {logging_mixin.py:190} INFO - [2025-09-27T23:28:17.334+0100] {dag.py:3239} INFO - Sync 1 DAGs
[2025-09-27T23:28:17.346+0100] {logging_mixin.py:190} INFO - [2025-09-27T23:28:17.346+0100] {dag.py:4180} INFO - Setting next_dagrun for example_workday_timetable to 2021-01-01 00:00:00+00:00, run_after=2021-01-02 00:00:00+00:00
[2025-09-27T23:28:17.359+0100] {processor.py:208} INFO - Processing /home/engineer/project/airflow_env/lib/python3.12/site-packages/airflow/example_dags/example_workday_timetable.py took 0.052 seconds
[2025-09-27T23:29:03.690+0100] {processor.py:186} INFO - Started process (PID=20471) to work on /home/engineer/project/airflow_env/lib/python3.12/site-packages/airflow/example_dags/example_workday_timetable.py
[2025-09-27T23:29:03.691+0100] {processor.py:914} INFO - Processing file /home/engineer/project/airflow_env/lib/python3.12/site-packages/airflow/example_dags/example_workday_timetable.py for tasks to queue
[2025-09-27T23:29:03.693+0100] {logging_mixin.py:190} INFO - [2025-09-27T23:29:03.693+0100] {dagbag.py:588} INFO - Filling up the DagBag from /home/engineer/project/airflow_env/lib/python3.12/site-packages/airflow/example_dags/example_workday_timetable.py
[2025-09-27T23:29:03.703+0100] {processor.py:925} INFO - DAG(s) 'example_workday_timetable' retrieved from /home/engineer/project/airflow_env/lib/python3.12/site-packages/airflow/example_dags/example_workday_timetable.py
[2025-09-27T23:29:03.724+0100] {logging_mixin.py:190} INFO - [2025-09-27T23:29:03.723+0100] {dag.py:3239} INFO - Sync 1 DAGs
[2025-09-27T23:29:03.743+0100] {logging_mixin.py:190} INFO - [2025-09-27T23:29:03.743+0100] {dag.py:4180} INFO - Setting next_dagrun for example_workday_timetable to 2021-01-01 00:00:00+00:00, run_after=2021-01-02 00:00:00+00:00
[2025-09-27T23:29:03.765+0100] {processor.py:208} INFO - Processing /home/engineer/project/airflow_env/lib/python3.12/site-packages/airflow/example_dags/example_workday_timetable.py took 0.080 seconds
[2025-09-27T23:29:49.537+0100] {processor.py:186} INFO - Started process (PID=20652) to work on /home/engineer/project/airflow_env/lib/python3.12/site-packages/airflow/example_dags/example_workday_timetable.py
[2025-09-27T23:29:49.539+0100] {processor.py:914} INFO - Processing file /home/engineer/project/airflow_env/lib/python3.12/site-packages/airflow/example_dags/example_workday_timetable.py for tasks to queue
[2025-09-27T23:29:49.541+0100] {logging_mixin.py:190} INFO - [2025-09-27T23:29:49.541+0100] {dagbag.py:588} INFO - Filling up the DagBag from /home/engineer/project/airflow_env/lib/python3.12/site-packages/airflow/example_dags/example_workday_timetable.py
[2025-09-27T23:29:49.547+0100] {processor.py:925} INFO - DAG(s) 'example_workday_timetable' retrieved from /home/engineer/project/airflow_env/lib/python3.12/site-packages/airflow/example_dags/example_workday_timetable.py
[2025-09-27T23:29:49.561+0100] {logging_mixin.py:190} INFO - [2025-09-27T23:29:49.561+0100] {dag.py:3239} INFO - Sync 1 DAGs
[2025-09-27T23:29:49.576+0100] {logging_mixin.py:190} INFO - [2025-09-27T23:29:49.576+0100] {dag.py:4180} INFO - Setting next_dagrun for example_workday_timetable to 2021-01-01 00:00:00+00:00, run_after=2021-01-02 00:00:00+00:00
[2025-09-27T23:29:49.597+0100] {processor.py:208} INFO - Processing /home/engineer/project/airflow_env/lib/python3.12/site-packages/airflow/example_dags/example_workday_timetable.py took 0.065 seconds
[2025-09-27T23:30:34.843+0100] {processor.py:186} INFO - Started process (PID=20879) to work on /home/engineer/project/airflow_env/lib/python3.12/site-packages/airflow/example_dags/example_workday_timetable.py
[2025-09-27T23:30:34.844+0100] {processor.py:914} INFO - Processing file /home/engineer/project/airflow_env/lib/python3.12/site-packages/airflow/example_dags/example_workday_timetable.py for tasks to queue
[2025-09-27T23:30:34.846+0100] {logging_mixin.py:190} INFO - [2025-09-27T23:30:34.845+0100] {dagbag.py:588} INFO - Filling up the DagBag from /home/engineer/project/airflow_env/lib/python3.12/site-packages/airflow/example_dags/example_workday_timetable.py
[2025-09-27T23:30:34.852+0100] {processor.py:925} INFO - DAG(s) 'example_workday_timetable' retrieved from /home/engineer/project/airflow_env/lib/python3.12/site-packages/airflow/example_dags/example_workday_timetable.py
[2025-09-27T23:30:34.865+0100] {logging_mixin.py:190} INFO - [2025-09-27T23:30:34.865+0100] {dag.py:3239} INFO - Sync 1 DAGs
[2025-09-27T23:30:34.881+0100] {logging_mixin.py:190} INFO - [2025-09-27T23:30:34.881+0100] {dag.py:4180} INFO - Setting next_dagrun for example_workday_timetable to 2021-01-01 00:00:00+00:00, run_after=2021-01-02 00:00:00+00:00
[2025-09-27T23:30:34.898+0100] {processor.py:208} INFO - Processing /home/engineer/project/airflow_env/lib/python3.12/site-packages/airflow/example_dags/example_workday_timetable.py took 0.060 seconds
[2025-09-27T23:31:26.210+0100] {processor.py:186} INFO - Started process (PID=21647) to work on /home/engineer/project/airflow_env/lib/python3.12/site-packages/airflow/example_dags/example_workday_timetable.py
[2025-09-27T23:31:26.211+0100] {processor.py:914} INFO - Processing file /home/engineer/project/airflow_env/lib/python3.12/site-packages/airflow/example_dags/example_workday_timetable.py for tasks to queue
[2025-09-27T23:31:26.213+0100] {logging_mixin.py:190} INFO - [2025-09-27T23:31:26.213+0100] {dagbag.py:588} INFO - Filling up the DagBag from /home/engineer/project/airflow_env/lib/python3.12/site-packages/airflow/example_dags/example_workday_timetable.py
[2025-09-27T23:31:26.217+0100] {processor.py:925} INFO - DAG(s) 'example_workday_timetable' retrieved from /home/engineer/project/airflow_env/lib/python3.12/site-packages/airflow/example_dags/example_workday_timetable.py
[2025-09-27T23:31:26.229+0100] {logging_mixin.py:190} INFO - [2025-09-27T23:31:26.228+0100] {dag.py:3239} INFO - Sync 1 DAGs
[2025-09-27T23:31:26.344+0100] {logging_mixin.py:190} INFO - [2025-09-27T23:31:26.344+0100] {dag.py:4180} INFO - Setting next_dagrun for example_workday_timetable to 2021-01-01 00:00:00+00:00, run_after=2021-01-02 00:00:00+00:00
[2025-09-27T23:31:26.362+0100] {processor.py:208} INFO - Processing /home/engineer/project/airflow_env/lib/python3.12/site-packages/airflow/example_dags/example_workday_timetable.py took 0.156 seconds
[2025-09-27T23:32:21.156+0100] {processor.py:186} INFO - Started process (PID=21948) to work on /home/engineer/project/airflow_env/lib/python3.12/site-packages/airflow/example_dags/example_workday_timetable.py
[2025-09-27T23:32:21.158+0100] {processor.py:914} INFO - Processing file /home/engineer/project/airflow_env/lib/python3.12/site-packages/airflow/example_dags/example_workday_timetable.py for tasks to queue
[2025-09-27T23:32:21.159+0100] {logging_mixin.py:190} INFO - [2025-09-27T23:32:21.159+0100] {dagbag.py:588} INFO - Filling up the DagBag from /home/engineer/project/airflow_env/lib/python3.12/site-packages/airflow/example_dags/example_workday_timetable.py
[2025-09-27T23:32:21.164+0100] {processor.py:925} INFO - DAG(s) 'example_workday_timetable' retrieved from /home/engineer/project/airflow_env/lib/python3.12/site-packages/airflow/example_dags/example_workday_timetable.py
[2025-09-27T23:32:21.175+0100] {logging_mixin.py:190} INFO - [2025-09-27T23:32:21.175+0100] {dag.py:3239} INFO - Sync 1 DAGs
[2025-09-27T23:32:21.189+0100] {logging_mixin.py:190} INFO - [2025-09-27T23:32:21.189+0100] {dag.py:4180} INFO - Setting next_dagrun for example_workday_timetable to 2021-01-01 00:00:00+00:00, run_after=2021-01-02 00:00:00+00:00
[2025-09-27T23:32:21.208+0100] {processor.py:208} INFO - Processing /home/engineer/project/airflow_env/lib/python3.12/site-packages/airflow/example_dags/example_workday_timetable.py took 0.056 seconds
[2025-09-27T23:33:07.685+0100] {processor.py:186} INFO - Started process (PID=22130) to work on /home/engineer/project/airflow_env/lib/python3.12/site-packages/airflow/example_dags/example_workday_timetable.py
[2025-09-27T23:33:07.686+0100] {processor.py:914} INFO - Processing file /home/engineer/project/airflow_env/lib/python3.12/site-packages/airflow/example_dags/example_workday_timetable.py for tasks to queue
[2025-09-27T23:33:07.688+0100] {logging_mixin.py:190} INFO - [2025-09-27T23:33:07.688+0100] {dagbag.py:588} INFO - Filling up the DagBag from /home/engineer/project/airflow_env/lib/python3.12/site-packages/airflow/example_dags/example_workday_timetable.py
[2025-09-27T23:33:07.693+0100] {processor.py:925} INFO - DAG(s) 'example_workday_timetable' retrieved from /home/engineer/project/airflow_env/lib/python3.12/site-packages/airflow/example_dags/example_workday_timetable.py
[2025-09-27T23:33:07.705+0100] {logging_mixin.py:190} INFO - [2025-09-27T23:33:07.705+0100] {dag.py:3239} INFO - Sync 1 DAGs
[2025-09-27T23:33:07.719+0100] {logging_mixin.py:190} INFO - [2025-09-27T23:33:07.719+0100] {dag.py:4180} INFO - Setting next_dagrun for example_workday_timetable to 2021-01-01 00:00:00+00:00, run_after=2021-01-02 00:00:00+00:00
[2025-09-27T23:33:07.739+0100] {processor.py:208} INFO - Processing /home/engineer/project/airflow_env/lib/python3.12/site-packages/airflow/example_dags/example_workday_timetable.py took 0.059 seconds
[2025-09-27T23:33:57.313+0100] {processor.py:186} INFO - Started process (PID=22331) to work on /home/engineer/project/airflow_env/lib/python3.12/site-packages/airflow/example_dags/example_workday_timetable.py
[2025-09-27T23:33:57.321+0100] {processor.py:914} INFO - Processing file /home/engineer/project/airflow_env/lib/python3.12/site-packages/airflow/example_dags/example_workday_timetable.py for tasks to queue
[2025-09-27T23:33:57.323+0100] {logging_mixin.py:190} INFO - [2025-09-27T23:33:57.322+0100] {dagbag.py:588} INFO - Filling up the DagBag from /home/engineer/project/airflow_env/lib/python3.12/site-packages/airflow/example_dags/example_workday_timetable.py
[2025-09-27T23:33:57.328+0100] {processor.py:925} INFO - DAG(s) 'example_workday_timetable' retrieved from /home/engineer/project/airflow_env/lib/python3.12/site-packages/airflow/example_dags/example_workday_timetable.py
[2025-09-27T23:33:57.339+0100] {logging_mixin.py:190} INFO - [2025-09-27T23:33:57.339+0100] {dag.py:3239} INFO - Sync 1 DAGs
[2025-09-27T23:33:57.352+0100] {logging_mixin.py:190} INFO - [2025-09-27T23:33:57.352+0100] {dag.py:4180} INFO - Setting next_dagrun for example_workday_timetable to 2021-01-01 00:00:00+00:00, run_after=2021-01-02 00:00:00+00:00
[2025-09-27T23:33:57.368+0100] {processor.py:208} INFO - Processing /home/engineer/project/airflow_env/lib/python3.12/site-packages/airflow/example_dags/example_workday_timetable.py took 0.059 seconds
[2025-09-27T23:34:47.658+0100] {processor.py:186} INFO - Started process (PID=22526) to work on /home/engineer/project/airflow_env/lib/python3.12/site-packages/airflow/example_dags/example_workday_timetable.py
[2025-09-27T23:34:47.665+0100] {processor.py:914} INFO - Processing file /home/engineer/project/airflow_env/lib/python3.12/site-packages/airflow/example_dags/example_workday_timetable.py for tasks to queue
[2025-09-27T23:34:47.667+0100] {logging_mixin.py:190} INFO - [2025-09-27T23:34:47.667+0100] {dagbag.py:588} INFO - Filling up the DagBag from /home/engineer/project/airflow_env/lib/python3.12/site-packages/airflow/example_dags/example_workday_timetable.py
[2025-09-27T23:34:47.672+0100] {processor.py:925} INFO - DAG(s) 'example_workday_timetable' retrieved from /home/engineer/project/airflow_env/lib/python3.12/site-packages/airflow/example_dags/example_workday_timetable.py
[2025-09-27T23:34:47.683+0100] {logging_mixin.py:190} INFO - [2025-09-27T23:34:47.683+0100] {dag.py:3239} INFO - Sync 1 DAGs
[2025-09-27T23:34:47.696+0100] {logging_mixin.py:190} INFO - [2025-09-27T23:34:47.696+0100] {dag.py:4180} INFO - Setting next_dagrun for example_workday_timetable to 2021-01-01 00:00:00+00:00, run_after=2021-01-02 00:00:00+00:00
[2025-09-27T23:34:47.712+0100] {processor.py:208} INFO - Processing /home/engineer/project/airflow_env/lib/python3.12/site-packages/airflow/example_dags/example_workday_timetable.py took 0.058 seconds
[2025-09-27T23:35:35.966+0100] {processor.py:186} INFO - Started process (PID=22721) to work on /home/engineer/project/airflow_env/lib/python3.12/site-packages/airflow/example_dags/example_workday_timetable.py
[2025-09-27T23:35:35.967+0100] {processor.py:914} INFO - Processing file /home/engineer/project/airflow_env/lib/python3.12/site-packages/airflow/example_dags/example_workday_timetable.py for tasks to queue
[2025-09-27T23:35:35.968+0100] {logging_mixin.py:190} INFO - [2025-09-27T23:35:35.968+0100] {dagbag.py:588} INFO - Filling up the DagBag from /home/engineer/project/airflow_env/lib/python3.12/site-packages/airflow/example_dags/example_workday_timetable.py
[2025-09-27T23:35:35.973+0100] {processor.py:925} INFO - DAG(s) 'example_workday_timetable' retrieved from /home/engineer/project/airflow_env/lib/python3.12/site-packages/airflow/example_dags/example_workday_timetable.py
[2025-09-27T23:35:35.984+0100] {logging_mixin.py:190} INFO - [2025-09-27T23:35:35.984+0100] {dag.py:3239} INFO - Sync 1 DAGs
[2025-09-27T23:35:35.997+0100] {logging_mixin.py:190} INFO - [2025-09-27T23:35:35.997+0100] {dag.py:4180} INFO - Setting next_dagrun for example_workday_timetable to 2021-01-01 00:00:00+00:00, run_after=2021-01-02 00:00:00+00:00
[2025-09-27T23:35:36.012+0100] {processor.py:208} INFO - Processing /home/engineer/project/airflow_env/lib/python3.12/site-packages/airflow/example_dags/example_workday_timetable.py took 0.050 seconds
[2025-09-27T23:36:25.480+0100] {processor.py:186} INFO - Started process (PID=22940) to work on /home/engineer/project/airflow_env/lib/python3.12/site-packages/airflow/example_dags/example_workday_timetable.py
[2025-09-27T23:36:25.481+0100] {processor.py:914} INFO - Processing file /home/engineer/project/airflow_env/lib/python3.12/site-packages/airflow/example_dags/example_workday_timetable.py for tasks to queue
[2025-09-27T23:36:25.482+0100] {logging_mixin.py:190} INFO - [2025-09-27T23:36:25.482+0100] {dagbag.py:588} INFO - Filling up the DagBag from /home/engineer/project/airflow_env/lib/python3.12/site-packages/airflow/example_dags/example_workday_timetable.py
[2025-09-27T23:36:25.487+0100] {processor.py:925} INFO - DAG(s) 'example_workday_timetable' retrieved from /home/engineer/project/airflow_env/lib/python3.12/site-packages/airflow/example_dags/example_workday_timetable.py
[2025-09-27T23:36:25.498+0100] {logging_mixin.py:190} INFO - [2025-09-27T23:36:25.498+0100] {dag.py:3239} INFO - Sync 1 DAGs
[2025-09-27T23:36:25.511+0100] {logging_mixin.py:190} INFO - [2025-09-27T23:36:25.511+0100] {dag.py:4180} INFO - Setting next_dagrun for example_workday_timetable to 2021-01-01 00:00:00+00:00, run_after=2021-01-02 00:00:00+00:00
[2025-09-27T23:36:25.528+0100] {processor.py:208} INFO - Processing /home/engineer/project/airflow_env/lib/python3.12/site-packages/airflow/example_dags/example_workday_timetable.py took 0.052 seconds
[2025-09-27T23:37:14.778+0100] {processor.py:186} INFO - Started process (PID=23136) to work on /home/engineer/project/airflow_env/lib/python3.12/site-packages/airflow/example_dags/example_workday_timetable.py
[2025-09-27T23:37:14.785+0100] {processor.py:914} INFO - Processing file /home/engineer/project/airflow_env/lib/python3.12/site-packages/airflow/example_dags/example_workday_timetable.py for tasks to queue
[2025-09-27T23:37:14.786+0100] {logging_mixin.py:190} INFO - [2025-09-27T23:37:14.785+0100] {dagbag.py:588} INFO - Filling up the DagBag from /home/engineer/project/airflow_env/lib/python3.12/site-packages/airflow/example_dags/example_workday_timetable.py
[2025-09-27T23:37:14.790+0100] {processor.py:925} INFO - DAG(s) 'example_workday_timetable' retrieved from /home/engineer/project/airflow_env/lib/python3.12/site-packages/airflow/example_dags/example_workday_timetable.py
[2025-09-27T23:37:14.800+0100] {logging_mixin.py:190} INFO - [2025-09-27T23:37:14.800+0100] {dag.py:3239} INFO - Sync 1 DAGs
[2025-09-27T23:37:14.813+0100] {logging_mixin.py:190} INFO - [2025-09-27T23:37:14.813+0100] {dag.py:4180} INFO - Setting next_dagrun for example_workday_timetable to 2021-01-01 00:00:00+00:00, run_after=2021-01-02 00:00:00+00:00
[2025-09-27T23:37:14.829+0100] {processor.py:208} INFO - Processing /home/engineer/project/airflow_env/lib/python3.12/site-packages/airflow/example_dags/example_workday_timetable.py took 0.055 seconds
[2025-09-27T23:38:38.366+0100] {processor.py:186} INFO - Started process (PID=23372) to work on /home/engineer/project/airflow_env/lib/python3.12/site-packages/airflow/example_dags/example_workday_timetable.py
[2025-09-27T23:38:38.373+0100] {processor.py:914} INFO - Processing file /home/engineer/project/airflow_env/lib/python3.12/site-packages/airflow/example_dags/example_workday_timetable.py for tasks to queue
[2025-09-27T23:38:38.374+0100] {logging_mixin.py:190} INFO - [2025-09-27T23:38:38.374+0100] {dagbag.py:588} INFO - Filling up the DagBag from /home/engineer/project/airflow_env/lib/python3.12/site-packages/airflow/example_dags/example_workday_timetable.py
[2025-09-27T23:38:38.380+0100] {processor.py:925} INFO - DAG(s) 'example_workday_timetable' retrieved from /home/engineer/project/airflow_env/lib/python3.12/site-packages/airflow/example_dags/example_workday_timetable.py
[2025-09-27T23:38:38.393+0100] {logging_mixin.py:190} INFO - [2025-09-27T23:38:38.393+0100] {dag.py:3239} INFO - Sync 1 DAGs
[2025-09-27T23:38:38.411+0100] {logging_mixin.py:190} INFO - [2025-09-27T23:38:38.410+0100] {dag.py:4180} INFO - Setting next_dagrun for example_workday_timetable to 2021-01-01 00:00:00+00:00, run_after=2021-01-02 00:00:00+00:00
[2025-09-27T23:38:38.428+0100] {processor.py:208} INFO - Processing /home/engineer/project/airflow_env/lib/python3.12/site-packages/airflow/example_dags/example_workday_timetable.py took 0.067 seconds
[2025-09-27T23:39:27.462+0100] {processor.py:186} INFO - Started process (PID=23568) to work on /home/engineer/project/airflow_env/lib/python3.12/site-packages/airflow/example_dags/example_workday_timetable.py
[2025-09-27T23:39:27.470+0100] {processor.py:914} INFO - Processing file /home/engineer/project/airflow_env/lib/python3.12/site-packages/airflow/example_dags/example_workday_timetable.py for tasks to queue
[2025-09-27T23:39:27.471+0100] {logging_mixin.py:190} INFO - [2025-09-27T23:39:27.471+0100] {dagbag.py:588} INFO - Filling up the DagBag from /home/engineer/project/airflow_env/lib/python3.12/site-packages/airflow/example_dags/example_workday_timetable.py
[2025-09-27T23:39:27.476+0100] {processor.py:925} INFO - DAG(s) 'example_workday_timetable' retrieved from /home/engineer/project/airflow_env/lib/python3.12/site-packages/airflow/example_dags/example_workday_timetable.py
[2025-09-27T23:39:27.489+0100] {logging_mixin.py:190} INFO - [2025-09-27T23:39:27.489+0100] {dag.py:3239} INFO - Sync 1 DAGs
[2025-09-27T23:39:27.503+0100] {logging_mixin.py:190} INFO - [2025-09-27T23:39:27.503+0100] {dag.py:4180} INFO - Setting next_dagrun for example_workday_timetable to 2021-01-01 00:00:00+00:00, run_after=2021-01-02 00:00:00+00:00
[2025-09-27T23:39:27.522+0100] {processor.py:208} INFO - Processing /home/engineer/project/airflow_env/lib/python3.12/site-packages/airflow/example_dags/example_workday_timetable.py took 0.065 seconds
[2025-09-27T23:40:17.719+0100] {processor.py:186} INFO - Started process (PID=23769) to work on /home/engineer/project/airflow_env/lib/python3.12/site-packages/airflow/example_dags/example_workday_timetable.py
[2025-09-27T23:40:17.726+0100] {processor.py:914} INFO - Processing file /home/engineer/project/airflow_env/lib/python3.12/site-packages/airflow/example_dags/example_workday_timetable.py for tasks to queue
[2025-09-27T23:40:17.727+0100] {logging_mixin.py:190} INFO - [2025-09-27T23:40:17.727+0100] {dagbag.py:588} INFO - Filling up the DagBag from /home/engineer/project/airflow_env/lib/python3.12/site-packages/airflow/example_dags/example_workday_timetable.py
[2025-09-27T23:40:17.732+0100] {processor.py:925} INFO - DAG(s) 'example_workday_timetable' retrieved from /home/engineer/project/airflow_env/lib/python3.12/site-packages/airflow/example_dags/example_workday_timetable.py
[2025-09-27T23:40:17.743+0100] {logging_mixin.py:190} INFO - [2025-09-27T23:40:17.743+0100] {dag.py:3239} INFO - Sync 1 DAGs
[2025-09-27T23:40:17.757+0100] {logging_mixin.py:190} INFO - [2025-09-27T23:40:17.757+0100] {dag.py:4180} INFO - Setting next_dagrun for example_workday_timetable to 2021-01-01 00:00:00+00:00, run_after=2021-01-02 00:00:00+00:00
[2025-09-27T23:40:17.774+0100] {processor.py:208} INFO - Processing /home/engineer/project/airflow_env/lib/python3.12/site-packages/airflow/example_dags/example_workday_timetable.py took 0.059 seconds
[2025-09-27T23:41:06.104+0100] {processor.py:186} INFO - Started process (PID=23964) to work on /home/engineer/project/airflow_env/lib/python3.12/site-packages/airflow/example_dags/example_workday_timetable.py
[2025-09-27T23:41:06.108+0100] {processor.py:914} INFO - Processing file /home/engineer/project/airflow_env/lib/python3.12/site-packages/airflow/example_dags/example_workday_timetable.py for tasks to queue
[2025-09-27T23:41:06.109+0100] {logging_mixin.py:190} INFO - [2025-09-27T23:41:06.109+0100] {dagbag.py:588} INFO - Filling up the DagBag from /home/engineer/project/airflow_env/lib/python3.12/site-packages/airflow/example_dags/example_workday_timetable.py
[2025-09-27T23:41:06.114+0100] {processor.py:925} INFO - DAG(s) 'example_workday_timetable' retrieved from /home/engineer/project/airflow_env/lib/python3.12/site-packages/airflow/example_dags/example_workday_timetable.py
[2025-09-27T23:41:06.125+0100] {logging_mixin.py:190} INFO - [2025-09-27T23:41:06.125+0100] {dag.py:3239} INFO - Sync 1 DAGs
[2025-09-27T23:41:06.140+0100] {logging_mixin.py:190} INFO - [2025-09-27T23:41:06.140+0100] {dag.py:4180} INFO - Setting next_dagrun for example_workday_timetable to 2021-01-01 00:00:00+00:00, run_after=2021-01-02 00:00:00+00:00
[2025-09-27T23:41:06.157+0100] {processor.py:208} INFO - Processing /home/engineer/project/airflow_env/lib/python3.12/site-packages/airflow/example_dags/example_workday_timetable.py took 0.057 seconds
[2025-09-27T23:41:56.776+0100] {processor.py:186} INFO - Started process (PID=24185) to work on /home/engineer/project/airflow_env/lib/python3.12/site-packages/airflow/example_dags/example_workday_timetable.py
[2025-09-27T23:41:56.777+0100] {processor.py:914} INFO - Processing file /home/engineer/project/airflow_env/lib/python3.12/site-packages/airflow/example_dags/example_workday_timetable.py for tasks to queue
[2025-09-27T23:41:56.778+0100] {logging_mixin.py:190} INFO - [2025-09-27T23:41:56.778+0100] {dagbag.py:588} INFO - Filling up the DagBag from /home/engineer/project/airflow_env/lib/python3.12/site-packages/airflow/example_dags/example_workday_timetable.py
[2025-09-27T23:41:56.782+0100] {processor.py:925} INFO - DAG(s) 'example_workday_timetable' retrieved from /home/engineer/project/airflow_env/lib/python3.12/site-packages/airflow/example_dags/example_workday_timetable.py
[2025-09-27T23:41:56.794+0100] {logging_mixin.py:190} INFO - [2025-09-27T23:41:56.794+0100] {dag.py:3239} INFO - Sync 1 DAGs
[2025-09-27T23:41:56.810+0100] {logging_mixin.py:190} INFO - [2025-09-27T23:41:56.810+0100] {dag.py:4180} INFO - Setting next_dagrun for example_workday_timetable to 2021-01-01 00:00:00+00:00, run_after=2021-01-02 00:00:00+00:00
[2025-09-27T23:41:56.827+0100] {processor.py:208} INFO - Processing /home/engineer/project/airflow_env/lib/python3.12/site-packages/airflow/example_dags/example_workday_timetable.py took 0.056 seconds
[2025-09-27T23:42:47.025+0100] {processor.py:186} INFO - Started process (PID=24388) to work on /home/engineer/project/airflow_env/lib/python3.12/site-packages/airflow/example_dags/example_workday_timetable.py
[2025-09-27T23:42:47.033+0100] {processor.py:914} INFO - Processing file /home/engineer/project/airflow_env/lib/python3.12/site-packages/airflow/example_dags/example_workday_timetable.py for tasks to queue
[2025-09-27T23:42:47.036+0100] {logging_mixin.py:190} INFO - [2025-09-27T23:42:47.035+0100] {dagbag.py:588} INFO - Filling up the DagBag from /home/engineer/project/airflow_env/lib/python3.12/site-packages/airflow/example_dags/example_workday_timetable.py
[2025-09-27T23:42:47.043+0100] {processor.py:925} INFO - DAG(s) 'example_workday_timetable' retrieved from /home/engineer/project/airflow_env/lib/python3.12/site-packages/airflow/example_dags/example_workday_timetable.py
[2025-09-27T23:42:47.062+0100] {logging_mixin.py:190} INFO - [2025-09-27T23:42:47.061+0100] {dag.py:3239} INFO - Sync 1 DAGs
[2025-09-27T23:42:47.083+0100] {logging_mixin.py:190} INFO - [2025-09-27T23:42:47.083+0100] {dag.py:4180} INFO - Setting next_dagrun for example_workday_timetable to 2021-01-01 00:00:00+00:00, run_after=2021-01-02 00:00:00+00:00
[2025-09-27T23:42:47.105+0100] {processor.py:208} INFO - Processing /home/engineer/project/airflow_env/lib/python3.12/site-packages/airflow/example_dags/example_workday_timetable.py took 0.084 seconds
[2025-09-27T23:43:39.569+0100] {processor.py:186} INFO - Started process (PID=24654) to work on /home/engineer/project/airflow_env/lib/python3.12/site-packages/airflow/example_dags/example_workday_timetable.py
[2025-09-27T23:43:39.576+0100] {processor.py:914} INFO - Processing file /home/engineer/project/airflow_env/lib/python3.12/site-packages/airflow/example_dags/example_workday_timetable.py for tasks to queue
[2025-09-27T23:43:39.577+0100] {logging_mixin.py:190} INFO - [2025-09-27T23:43:39.577+0100] {dagbag.py:588} INFO - Filling up the DagBag from /home/engineer/project/airflow_env/lib/python3.12/site-packages/airflow/example_dags/example_workday_timetable.py
[2025-09-27T23:43:39.582+0100] {processor.py:925} INFO - DAG(s) 'example_workday_timetable' retrieved from /home/engineer/project/airflow_env/lib/python3.12/site-packages/airflow/example_dags/example_workday_timetable.py
[2025-09-27T23:43:39.593+0100] {logging_mixin.py:190} INFO - [2025-09-27T23:43:39.593+0100] {dag.py:3239} INFO - Sync 1 DAGs
[2025-09-27T23:43:39.610+0100] {logging_mixin.py:190} INFO - [2025-09-27T23:43:39.610+0100] {dag.py:4180} INFO - Setting next_dagrun for example_workday_timetable to 2021-01-01 00:00:00+00:00, run_after=2021-01-02 00:00:00+00:00
[2025-09-27T23:43:39.629+0100] {processor.py:208} INFO - Processing /home/engineer/project/airflow_env/lib/python3.12/site-packages/airflow/example_dags/example_workday_timetable.py took 0.063 seconds
