[2025-09-27T23:27:11.852+0100] {processor.py:186} INFO - Started process (PID=19965) to work on /home/engineer/project/airflow_env/lib/python3.12/site-packages/airflow/example_dags/example_branch_datetime_operator.py
[2025-09-27T23:27:11.852+0100] {processor.py:914} INFO - Processing file /home/engineer/project/airflow_env/lib/python3.12/site-packages/airflow/example_dags/example_branch_datetime_operator.py for tasks to queue
[2025-09-27T23:27:11.854+0100] {logging_mixin.py:190} INFO - [2025-09-27T23:27:11.854+0100] {dagbag.py:588} INFO - Filling up the DagBag from /home/engineer/project/airflow_env/lib/python3.12/site-packages/airflow/example_dags/example_branch_datetime_operator.py
[2025-09-27T23:27:11.862+0100] {processor.py:925} INFO - DAG(s) 'example_branch_datetime_operator_3', 'example_branch_datetime_operator', 'example_branch_datetime_operator_2' retrieved from /home/engineer/project/airflow_env/lib/python3.12/site-packages/airflow/example_dags/example_branch_datetime_operator.py
[2025-09-27T23:27:11.931+0100] {logging_mixin.py:190} INFO - [2025-09-27T23:27:11.930+0100] {override.py:1900} INFO - Created Permission View: can delete on DAG:example_branch_datetime_operator_3
[2025-09-27T23:27:11.939+0100] {logging_mixin.py:190} INFO - [2025-09-27T23:27:11.938+0100] {override.py:1900} INFO - Created Permission View: can read on DAG:example_branch_datetime_operator_3
[2025-09-27T23:27:11.944+0100] {logging_mixin.py:190} INFO - [2025-09-27T23:27:11.944+0100] {override.py:1900} INFO - Created Permission View: can edit on DAG:example_branch_datetime_operator_3
[2025-09-27T23:27:11.954+0100] {logging_mixin.py:190} INFO - [2025-09-27T23:27:11.954+0100] {override.py:1900} INFO - Created Permission View: can delete on DAG Run:example_branch_datetime_operator_3
[2025-09-27T23:27:11.962+0100] {logging_mixin.py:190} INFO - [2025-09-27T23:27:11.961+0100] {override.py:1900} INFO - Created Permission View: can read on DAG Run:example_branch_datetime_operator_3
[2025-09-27T23:27:11.968+0100] {logging_mixin.py:190} INFO - [2025-09-27T23:27:11.968+0100] {override.py:1900} INFO - Created Permission View: can create on DAG Run:example_branch_datetime_operator_3
[2025-09-27T23:27:11.974+0100] {logging_mixin.py:190} INFO - [2025-09-27T23:27:11.973+0100] {override.py:1900} INFO - Created Permission View: menu access on DAG Run:example_branch_datetime_operator_3
[2025-09-27T23:27:11.985+0100] {logging_mixin.py:190} INFO - [2025-09-27T23:27:11.985+0100] {override.py:1900} INFO - Created Permission View: can delete on DAG:example_branch_datetime_operator
[2025-09-27T23:27:11.990+0100] {logging_mixin.py:190} INFO - [2025-09-27T23:27:11.990+0100] {override.py:1900} INFO - Created Permission View: can read on DAG:example_branch_datetime_operator
[2025-09-27T23:27:11.996+0100] {logging_mixin.py:190} INFO - [2025-09-27T23:27:11.996+0100] {override.py:1900} INFO - Created Permission View: can edit on DAG:example_branch_datetime_operator
[2025-09-27T23:27:12.006+0100] {logging_mixin.py:190} INFO - [2025-09-27T23:27:12.006+0100] {override.py:1900} INFO - Created Permission View: can delete on DAG Run:example_branch_datetime_operator
[2025-09-27T23:27:12.011+0100] {logging_mixin.py:190} INFO - [2025-09-27T23:27:12.011+0100] {override.py:1900} INFO - Created Permission View: can read on DAG Run:example_branch_datetime_operator
[2025-09-27T23:27:12.016+0100] {logging_mixin.py:190} INFO - [2025-09-27T23:27:12.016+0100] {override.py:1900} INFO - Created Permission View: can create on DAG Run:example_branch_datetime_operator
[2025-09-27T23:27:12.022+0100] {logging_mixin.py:190} INFO - [2025-09-27T23:27:12.022+0100] {override.py:1900} INFO - Created Permission View: menu access on DAG Run:example_branch_datetime_operator
[2025-09-27T23:27:12.033+0100] {logging_mixin.py:190} INFO - [2025-09-27T23:27:12.033+0100] {override.py:1900} INFO - Created Permission View: can delete on DAG:example_branch_datetime_operator_2
[2025-09-27T23:27:12.039+0100] {logging_mixin.py:190} INFO - [2025-09-27T23:27:12.039+0100] {override.py:1900} INFO - Created Permission View: can read on DAG:example_branch_datetime_operator_2
[2025-09-27T23:27:12.044+0100] {logging_mixin.py:190} INFO - [2025-09-27T23:27:12.044+0100] {override.py:1900} INFO - Created Permission View: can edit on DAG:example_branch_datetime_operator_2
[2025-09-27T23:27:12.052+0100] {logging_mixin.py:190} INFO - [2025-09-27T23:27:12.052+0100] {override.py:1900} INFO - Created Permission View: can delete on DAG Run:example_branch_datetime_operator_2
[2025-09-27T23:27:12.058+0100] {logging_mixin.py:190} INFO - [2025-09-27T23:27:12.058+0100] {override.py:1900} INFO - Created Permission View: can read on DAG Run:example_branch_datetime_operator_2
[2025-09-27T23:27:12.063+0100] {logging_mixin.py:190} INFO - [2025-09-27T23:27:12.063+0100] {override.py:1900} INFO - Created Permission View: can create on DAG Run:example_branch_datetime_operator_2
[2025-09-27T23:27:12.069+0100] {logging_mixin.py:190} INFO - [2025-09-27T23:27:12.068+0100] {override.py:1900} INFO - Created Permission View: menu access on DAG Run:example_branch_datetime_operator_2
[2025-09-27T23:27:12.069+0100] {logging_mixin.py:190} INFO - [2025-09-27T23:27:12.069+0100] {dag.py:3239} INFO - Sync 3 DAGs
[2025-09-27T23:27:12.078+0100] {logging_mixin.py:190} INFO - [2025-09-27T23:27:12.077+0100] {dag.py:3262} INFO - Creating ORM DAG for example_branch_datetime_operator_2
[2025-09-27T23:27:12.078+0100] {logging_mixin.py:190} INFO - [2025-09-27T23:27:12.078+0100] {dag.py:3262} INFO - Creating ORM DAG for example_branch_datetime_operator_3
[2025-09-27T23:27:12.078+0100] {logging_mixin.py:190} INFO - [2025-09-27T23:27:12.078+0100] {dag.py:3262} INFO - Creating ORM DAG for example_branch_datetime_operator
[2025-09-27T23:27:12.085+0100] {logging_mixin.py:190} INFO - [2025-09-27T23:27:12.084+0100] {dag.py:4180} INFO - Setting next_dagrun for example_branch_datetime_operator to 2025-09-26 00:00:00+00:00, run_after=2025-09-27 00:00:00+00:00
[2025-09-27T23:27:12.086+0100] {logging_mixin.py:190} INFO - [2025-09-27T23:27:12.086+0100] {dag.py:4180} INFO - Setting next_dagrun for example_branch_datetime_operator_2 to 2025-09-26 00:00:00+00:00, run_after=2025-09-27 00:00:00+00:00
[2025-09-27T23:27:12.087+0100] {logging_mixin.py:190} INFO - [2025-09-27T23:27:12.087+0100] {dag.py:4180} INFO - Setting next_dagrun for example_branch_datetime_operator_3 to 2025-09-26 00:00:00+00:00, run_after=2025-09-27 00:00:00+00:00
[2025-09-27T23:27:12.101+0100] {processor.py:208} INFO - Processing /home/engineer/project/airflow_env/lib/python3.12/site-packages/airflow/example_dags/example_branch_datetime_operator.py took 0.253 seconds
[2025-09-27T23:28:08.166+0100] {processor.py:186} INFO - Started process (PID=20250) to work on /home/engineer/project/airflow_env/lib/python3.12/site-packages/airflow/example_dags/example_branch_datetime_operator.py
[2025-09-27T23:28:08.173+0100] {processor.py:914} INFO - Processing file /home/engineer/project/airflow_env/lib/python3.12/site-packages/airflow/example_dags/example_branch_datetime_operator.py for tasks to queue
[2025-09-27T23:28:08.175+0100] {logging_mixin.py:190} INFO - [2025-09-27T23:28:08.175+0100] {dagbag.py:588} INFO - Filling up the DagBag from /home/engineer/project/airflow_env/lib/python3.12/site-packages/airflow/example_dags/example_branch_datetime_operator.py
[2025-09-27T23:28:08.183+0100] {processor.py:925} INFO - DAG(s) 'example_branch_datetime_operator', 'example_branch_datetime_operator_3', 'example_branch_datetime_operator_2' retrieved from /home/engineer/project/airflow_env/lib/python3.12/site-packages/airflow/example_dags/example_branch_datetime_operator.py
[2025-09-27T23:28:08.196+0100] {logging_mixin.py:190} INFO - [2025-09-27T23:28:08.196+0100] {dag.py:3239} INFO - Sync 3 DAGs
[2025-09-27T23:28:08.211+0100] {logging_mixin.py:190} INFO - [2025-09-27T23:28:08.210+0100] {dag.py:4180} INFO - Setting next_dagrun for example_branch_datetime_operator to 2025-09-26 00:00:00+00:00, run_after=2025-09-27 00:00:00+00:00
[2025-09-27T23:28:08.213+0100] {logging_mixin.py:190} INFO - [2025-09-27T23:28:08.213+0100] {dag.py:4180} INFO - Setting next_dagrun for example_branch_datetime_operator_2 to 2025-09-26 00:00:00+00:00, run_after=2025-09-27 00:00:00+00:00
[2025-09-27T23:28:08.214+0100] {logging_mixin.py:190} INFO - [2025-09-27T23:28:08.214+0100] {dag.py:4180} INFO - Setting next_dagrun for example_branch_datetime_operator_3 to 2025-09-26 00:00:00+00:00, run_after=2025-09-27 00:00:00+00:00
[2025-09-27T23:28:08.230+0100] {processor.py:208} INFO - Processing /home/engineer/project/airflow_env/lib/python3.12/site-packages/airflow/example_dags/example_branch_datetime_operator.py took 0.068 seconds
[2025-09-27T23:29:17.989+0100] {processor.py:186} INFO - Started process (PID=20529) to work on /home/engineer/project/airflow_env/lib/python3.12/site-packages/airflow/example_dags/example_branch_datetime_operator.py
[2025-09-27T23:29:17.990+0100] {processor.py:914} INFO - Processing file /home/engineer/project/airflow_env/lib/python3.12/site-packages/airflow/example_dags/example_branch_datetime_operator.py for tasks to queue
[2025-09-27T23:29:17.992+0100] {logging_mixin.py:190} INFO - [2025-09-27T23:29:17.992+0100] {dagbag.py:588} INFO - Filling up the DagBag from /home/engineer/project/airflow_env/lib/python3.12/site-packages/airflow/example_dags/example_branch_datetime_operator.py
[2025-09-27T23:29:18.002+0100] {processor.py:925} INFO - DAG(s) 'example_branch_datetime_operator_3', 'example_branch_datetime_operator_2', 'example_branch_datetime_operator' retrieved from /home/engineer/project/airflow_env/lib/python3.12/site-packages/airflow/example_dags/example_branch_datetime_operator.py
[2025-09-27T23:29:18.019+0100] {logging_mixin.py:190} INFO - [2025-09-27T23:29:18.019+0100] {dag.py:3239} INFO - Sync 3 DAGs
[2025-09-27T23:29:18.033+0100] {logging_mixin.py:190} INFO - [2025-09-27T23:29:18.033+0100] {dag.py:4180} INFO - Setting next_dagrun for example_branch_datetime_operator to 2025-09-26 00:00:00+00:00, run_after=2025-09-27 00:00:00+00:00
[2025-09-27T23:29:18.036+0100] {logging_mixin.py:190} INFO - [2025-09-27T23:29:18.036+0100] {dag.py:4180} INFO - Setting next_dagrun for example_branch_datetime_operator_2 to 2025-09-26 00:00:00+00:00, run_after=2025-09-27 00:00:00+00:00
[2025-09-27T23:29:18.037+0100] {logging_mixin.py:190} INFO - [2025-09-27T23:29:18.037+0100] {dag.py:4180} INFO - Setting next_dagrun for example_branch_datetime_operator_3 to 2025-09-26 00:00:00+00:00, run_after=2025-09-27 00:00:00+00:00
[2025-09-27T23:29:18.056+0100] {processor.py:208} INFO - Processing /home/engineer/project/airflow_env/lib/python3.12/site-packages/airflow/example_dags/example_branch_datetime_operator.py took 0.073 seconds
[2025-09-27T23:30:25.993+0100] {processor.py:186} INFO - Started process (PID=20831) to work on /home/engineer/project/airflow_env/lib/python3.12/site-packages/airflow/example_dags/example_branch_datetime_operator.py
[2025-09-27T23:30:26.000+0100] {processor.py:914} INFO - Processing file /home/engineer/project/airflow_env/lib/python3.12/site-packages/airflow/example_dags/example_branch_datetime_operator.py for tasks to queue
[2025-09-27T23:30:26.002+0100] {logging_mixin.py:190} INFO - [2025-09-27T23:30:26.002+0100] {dagbag.py:588} INFO - Filling up the DagBag from /home/engineer/project/airflow_env/lib/python3.12/site-packages/airflow/example_dags/example_branch_datetime_operator.py
[2025-09-27T23:30:26.013+0100] {processor.py:925} INFO - DAG(s) 'example_branch_datetime_operator_2', 'example_branch_datetime_operator', 'example_branch_datetime_operator_3' retrieved from /home/engineer/project/airflow_env/lib/python3.12/site-packages/airflow/example_dags/example_branch_datetime_operator.py
[2025-09-27T23:30:26.033+0100] {logging_mixin.py:190} INFO - [2025-09-27T23:30:26.033+0100] {dag.py:3239} INFO - Sync 3 DAGs
[2025-09-27T23:30:26.052+0100] {logging_mixin.py:190} INFO - [2025-09-27T23:30:26.052+0100] {dag.py:4180} INFO - Setting next_dagrun for example_branch_datetime_operator to 2025-09-26 00:00:00+00:00, run_after=2025-09-27 00:00:00+00:00
[2025-09-27T23:30:26.055+0100] {logging_mixin.py:190} INFO - [2025-09-27T23:30:26.055+0100] {dag.py:4180} INFO - Setting next_dagrun for example_branch_datetime_operator_2 to 2025-09-26 00:00:00+00:00, run_after=2025-09-27 00:00:00+00:00
[2025-09-27T23:30:26.056+0100] {logging_mixin.py:190} INFO - [2025-09-27T23:30:26.056+0100] {dag.py:4180} INFO - Setting next_dagrun for example_branch_datetime_operator_3 to 2025-09-26 00:00:00+00:00, run_after=2025-09-27 00:00:00+00:00
[2025-09-27T23:30:26.075+0100] {processor.py:208} INFO - Processing /home/engineer/project/airflow_env/lib/python3.12/site-packages/airflow/example_dags/example_branch_datetime_operator.py took 0.088 seconds
[2025-09-27T23:31:21.380+0100] {processor.py:186} INFO - Started process (PID=21631) to work on /home/engineer/project/airflow_env/lib/python3.12/site-packages/airflow/example_dags/example_branch_datetime_operator.py
[2025-09-27T23:31:21.381+0100] {processor.py:914} INFO - Processing file /home/engineer/project/airflow_env/lib/python3.12/site-packages/airflow/example_dags/example_branch_datetime_operator.py for tasks to queue
[2025-09-27T23:31:21.383+0100] {logging_mixin.py:190} INFO - [2025-09-27T23:31:21.383+0100] {dagbag.py:588} INFO - Filling up the DagBag from /home/engineer/project/airflow_env/lib/python3.12/site-packages/airflow/example_dags/example_branch_datetime_operator.py
[2025-09-27T23:31:21.392+0100] {processor.py:925} INFO - DAG(s) 'example_branch_datetime_operator_2', 'example_branch_datetime_operator_3', 'example_branch_datetime_operator' retrieved from /home/engineer/project/airflow_env/lib/python3.12/site-packages/airflow/example_dags/example_branch_datetime_operator.py
[2025-09-27T23:31:21.409+0100] {logging_mixin.py:190} INFO - [2025-09-27T23:31:21.408+0100] {dag.py:3239} INFO - Sync 3 DAGs
[2025-09-27T23:31:21.568+0100] {logging_mixin.py:190} INFO - [2025-09-27T23:31:21.568+0100] {dag.py:4180} INFO - Setting next_dagrun for example_branch_datetime_operator to 2025-09-26 00:00:00+00:00, run_after=2025-09-27 00:00:00+00:00
[2025-09-27T23:31:21.571+0100] {logging_mixin.py:190} INFO - [2025-09-27T23:31:21.571+0100] {dag.py:4180} INFO - Setting next_dagrun for example_branch_datetime_operator_2 to 2025-09-26 00:00:00+00:00, run_after=2025-09-27 00:00:00+00:00
[2025-09-27T23:31:21.573+0100] {logging_mixin.py:190} INFO - [2025-09-27T23:31:21.572+0100] {dag.py:4180} INFO - Setting next_dagrun for example_branch_datetime_operator_3 to 2025-09-26 00:00:00+00:00, run_after=2025-09-27 00:00:00+00:00
[2025-09-27T23:31:21.588+0100] {processor.py:208} INFO - Processing /home/engineer/project/airflow_env/lib/python3.12/site-packages/airflow/example_dags/example_branch_datetime_operator.py took 0.212 seconds
[2025-09-27T23:32:38.535+0100] {processor.py:186} INFO - Started process (PID=22015) to work on /home/engineer/project/airflow_env/lib/python3.12/site-packages/airflow/example_dags/example_branch_datetime_operator.py
[2025-09-27T23:32:38.542+0100] {processor.py:914} INFO - Processing file /home/engineer/project/airflow_env/lib/python3.12/site-packages/airflow/example_dags/example_branch_datetime_operator.py for tasks to queue
[2025-09-27T23:32:38.544+0100] {logging_mixin.py:190} INFO - [2025-09-27T23:32:38.544+0100] {dagbag.py:588} INFO - Filling up the DagBag from /home/engineer/project/airflow_env/lib/python3.12/site-packages/airflow/example_dags/example_branch_datetime_operator.py
[2025-09-27T23:32:38.554+0100] {processor.py:925} INFO - DAG(s) 'example_branch_datetime_operator_3', 'example_branch_datetime_operator_2', 'example_branch_datetime_operator' retrieved from /home/engineer/project/airflow_env/lib/python3.12/site-packages/airflow/example_dags/example_branch_datetime_operator.py
[2025-09-27T23:32:38.569+0100] {logging_mixin.py:190} INFO - [2025-09-27T23:32:38.569+0100] {dag.py:3239} INFO - Sync 3 DAGs
[2025-09-27T23:32:38.583+0100] {logging_mixin.py:190} INFO - [2025-09-27T23:32:38.583+0100] {dag.py:4180} INFO - Setting next_dagrun for example_branch_datetime_operator to 2025-09-26 00:00:00+00:00, run_after=2025-09-27 00:00:00+00:00
[2025-09-27T23:32:38.586+0100] {logging_mixin.py:190} INFO - [2025-09-27T23:32:38.586+0100] {dag.py:4180} INFO - Setting next_dagrun for example_branch_datetime_operator_2 to 2025-09-26 00:00:00+00:00, run_after=2025-09-27 00:00:00+00:00
[2025-09-27T23:32:38.587+0100] {logging_mixin.py:190} INFO - [2025-09-27T23:32:38.587+0100] {dag.py:4180} INFO - Setting next_dagrun for example_branch_datetime_operator_3 to 2025-09-26 00:00:00+00:00, run_after=2025-09-27 00:00:00+00:00
[2025-09-27T23:32:38.604+0100] {processor.py:208} INFO - Processing /home/engineer/project/airflow_env/lib/python3.12/site-packages/airflow/example_dags/example_branch_datetime_operator.py took 0.073 seconds
[2025-09-27T23:33:51.028+0100] {processor.py:186} INFO - Started process (PID=22306) to work on /home/engineer/project/airflow_env/lib/python3.12/site-packages/airflow/example_dags/example_branch_datetime_operator.py
[2025-09-27T23:33:51.030+0100] {processor.py:914} INFO - Processing file /home/engineer/project/airflow_env/lib/python3.12/site-packages/airflow/example_dags/example_branch_datetime_operator.py for tasks to queue
[2025-09-27T23:33:51.032+0100] {logging_mixin.py:190} INFO - [2025-09-27T23:33:51.031+0100] {dagbag.py:588} INFO - Filling up the DagBag from /home/engineer/project/airflow_env/lib/python3.12/site-packages/airflow/example_dags/example_branch_datetime_operator.py
[2025-09-27T23:33:51.040+0100] {processor.py:925} INFO - DAG(s) 'example_branch_datetime_operator', 'example_branch_datetime_operator_3', 'example_branch_datetime_operator_2' retrieved from /home/engineer/project/airflow_env/lib/python3.12/site-packages/airflow/example_dags/example_branch_datetime_operator.py
[2025-09-27T23:33:51.055+0100] {logging_mixin.py:190} INFO - [2025-09-27T23:33:51.055+0100] {dag.py:3239} INFO - Sync 3 DAGs
[2025-09-27T23:33:51.073+0100] {logging_mixin.py:190} INFO - [2025-09-27T23:33:51.073+0100] {dag.py:4180} INFO - Setting next_dagrun for example_branch_datetime_operator to 2025-09-26 00:00:00+00:00, run_after=2025-09-27 00:00:00+00:00
[2025-09-27T23:33:51.078+0100] {logging_mixin.py:190} INFO - [2025-09-27T23:33:51.078+0100] {dag.py:4180} INFO - Setting next_dagrun for example_branch_datetime_operator_2 to 2025-09-26 00:00:00+00:00, run_after=2025-09-27 00:00:00+00:00
[2025-09-27T23:33:51.080+0100] {logging_mixin.py:190} INFO - [2025-09-27T23:33:51.079+0100] {dag.py:4180} INFO - Setting next_dagrun for example_branch_datetime_operator_3 to 2025-09-26 00:00:00+00:00, run_after=2025-09-27 00:00:00+00:00
[2025-09-27T23:33:51.097+0100] {processor.py:208} INFO - Processing /home/engineer/project/airflow_env/lib/python3.12/site-packages/airflow/example_dags/example_branch_datetime_operator.py took 0.074 seconds
[2025-09-27T23:35:05.662+0100] {processor.py:186} INFO - Started process (PID=22599) to work on /home/engineer/project/airflow_env/lib/python3.12/site-packages/airflow/example_dags/example_branch_datetime_operator.py
[2025-09-27T23:35:05.663+0100] {processor.py:914} INFO - Processing file /home/engineer/project/airflow_env/lib/python3.12/site-packages/airflow/example_dags/example_branch_datetime_operator.py for tasks to queue
[2025-09-27T23:35:05.665+0100] {logging_mixin.py:190} INFO - [2025-09-27T23:35:05.664+0100] {dagbag.py:588} INFO - Filling up the DagBag from /home/engineer/project/airflow_env/lib/python3.12/site-packages/airflow/example_dags/example_branch_datetime_operator.py
[2025-09-27T23:35:05.673+0100] {processor.py:925} INFO - DAG(s) 'example_branch_datetime_operator_2', 'example_branch_datetime_operator', 'example_branch_datetime_operator_3' retrieved from /home/engineer/project/airflow_env/lib/python3.12/site-packages/airflow/example_dags/example_branch_datetime_operator.py
[2025-09-27T23:35:05.687+0100] {logging_mixin.py:190} INFO - [2025-09-27T23:35:05.687+0100] {dag.py:3239} INFO - Sync 3 DAGs
[2025-09-27T23:35:05.701+0100] {logging_mixin.py:190} INFO - [2025-09-27T23:35:05.701+0100] {dag.py:4180} INFO - Setting next_dagrun for example_branch_datetime_operator to 2025-09-26 00:00:00+00:00, run_after=2025-09-27 00:00:00+00:00
[2025-09-27T23:35:05.704+0100] {logging_mixin.py:190} INFO - [2025-09-27T23:35:05.703+0100] {dag.py:4180} INFO - Setting next_dagrun for example_branch_datetime_operator_2 to 2025-09-26 00:00:00+00:00, run_after=2025-09-27 00:00:00+00:00
[2025-09-27T23:35:05.705+0100] {logging_mixin.py:190} INFO - [2025-09-27T23:35:05.705+0100] {dag.py:4180} INFO - Setting next_dagrun for example_branch_datetime_operator_3 to 2025-09-26 00:00:00+00:00, run_after=2025-09-27 00:00:00+00:00
[2025-09-27T23:35:05.718+0100] {processor.py:208} INFO - Processing /home/engineer/project/airflow_env/lib/python3.12/site-packages/airflow/example_dags/example_branch_datetime_operator.py took 0.060 seconds
[2025-09-27T23:36:17.994+0100] {processor.py:186} INFO - Started process (PID=22891) to work on /home/engineer/project/airflow_env/lib/python3.12/site-packages/airflow/example_dags/example_branch_datetime_operator.py
[2025-09-27T23:36:17.995+0100] {processor.py:914} INFO - Processing file /home/engineer/project/airflow_env/lib/python3.12/site-packages/airflow/example_dags/example_branch_datetime_operator.py for tasks to queue
[2025-09-27T23:36:17.996+0100] {logging_mixin.py:190} INFO - [2025-09-27T23:36:17.996+0100] {dagbag.py:588} INFO - Filling up the DagBag from /home/engineer/project/airflow_env/lib/python3.12/site-packages/airflow/example_dags/example_branch_datetime_operator.py
[2025-09-27T23:36:18.004+0100] {processor.py:925} INFO - DAG(s) 'example_branch_datetime_operator_3', 'example_branch_datetime_operator', 'example_branch_datetime_operator_2' retrieved from /home/engineer/project/airflow_env/lib/python3.12/site-packages/airflow/example_dags/example_branch_datetime_operator.py
[2025-09-27T23:36:18.018+0100] {logging_mixin.py:190} INFO - [2025-09-27T23:36:18.018+0100] {dag.py:3239} INFO - Sync 3 DAGs
[2025-09-27T23:36:18.032+0100] {logging_mixin.py:190} INFO - [2025-09-27T23:36:18.032+0100] {dag.py:4180} INFO - Setting next_dagrun for example_branch_datetime_operator to 2025-09-26 00:00:00+00:00, run_after=2025-09-27 00:00:00+00:00
[2025-09-27T23:36:18.035+0100] {logging_mixin.py:190} INFO - [2025-09-27T23:36:18.035+0100] {dag.py:4180} INFO - Setting next_dagrun for example_branch_datetime_operator_2 to 2025-09-26 00:00:00+00:00, run_after=2025-09-27 00:00:00+00:00
[2025-09-27T23:36:18.036+0100] {logging_mixin.py:190} INFO - [2025-09-27T23:36:18.036+0100] {dag.py:4180} INFO - Setting next_dagrun for example_branch_datetime_operator_3 to 2025-09-26 00:00:00+00:00, run_after=2025-09-27 00:00:00+00:00
[2025-09-27T23:36:18.050+0100] {processor.py:208} INFO - Processing /home/engineer/project/airflow_env/lib/python3.12/site-packages/airflow/example_dags/example_branch_datetime_operator.py took 0.060 seconds
[2025-09-27T23:37:30.221+0100] {processor.py:186} INFO - Started process (PID=23202) to work on /home/engineer/project/airflow_env/lib/python3.12/site-packages/airflow/example_dags/example_branch_datetime_operator.py
[2025-09-27T23:37:30.223+0100] {processor.py:914} INFO - Processing file /home/engineer/project/airflow_env/lib/python3.12/site-packages/airflow/example_dags/example_branch_datetime_operator.py for tasks to queue
[2025-09-27T23:37:30.224+0100] {logging_mixin.py:190} INFO - [2025-09-27T23:37:30.224+0100] {dagbag.py:588} INFO - Filling up the DagBag from /home/engineer/project/airflow_env/lib/python3.12/site-packages/airflow/example_dags/example_branch_datetime_operator.py
[2025-09-27T23:37:30.233+0100] {processor.py:925} INFO - DAG(s) 'example_branch_datetime_operator_2', 'example_branch_datetime_operator', 'example_branch_datetime_operator_3' retrieved from /home/engineer/project/airflow_env/lib/python3.12/site-packages/airflow/example_dags/example_branch_datetime_operator.py
[2025-09-27T23:37:30.250+0100] {logging_mixin.py:190} INFO - [2025-09-27T23:37:30.249+0100] {dag.py:3239} INFO - Sync 3 DAGs
[2025-09-27T23:37:30.268+0100] {logging_mixin.py:190} INFO - [2025-09-27T23:37:30.268+0100] {dag.py:4180} INFO - Setting next_dagrun for example_branch_datetime_operator to 2025-09-26 00:00:00+00:00, run_after=2025-09-27 00:00:00+00:00
[2025-09-27T23:37:30.271+0100] {logging_mixin.py:190} INFO - [2025-09-27T23:37:30.271+0100] {dag.py:4180} INFO - Setting next_dagrun for example_branch_datetime_operator_2 to 2025-09-26 00:00:00+00:00, run_after=2025-09-27 00:00:00+00:00
[2025-09-27T23:37:30.272+0100] {logging_mixin.py:190} INFO - [2025-09-27T23:37:30.272+0100] {dag.py:4180} INFO - Setting next_dagrun for example_branch_datetime_operator_3 to 2025-09-26 00:00:00+00:00, run_after=2025-09-27 00:00:00+00:00
[2025-09-27T23:37:30.289+0100] {processor.py:208} INFO - Processing /home/engineer/project/airflow_env/lib/python3.12/site-packages/airflow/example_dags/example_branch_datetime_operator.py took 0.073 seconds
[2025-09-27T23:39:19.732+0100] {processor.py:186} INFO - Started process (PID=23540) to work on /home/engineer/project/airflow_env/lib/python3.12/site-packages/airflow/example_dags/example_branch_datetime_operator.py
[2025-09-27T23:39:19.734+0100] {processor.py:914} INFO - Processing file /home/engineer/project/airflow_env/lib/python3.12/site-packages/airflow/example_dags/example_branch_datetime_operator.py for tasks to queue
[2025-09-27T23:39:19.734+0100] {logging_mixin.py:190} INFO - [2025-09-27T23:39:19.734+0100] {dagbag.py:588} INFO - Filling up the DagBag from /home/engineer/project/airflow_env/lib/python3.12/site-packages/airflow/example_dags/example_branch_datetime_operator.py
[2025-09-27T23:39:19.743+0100] {processor.py:925} INFO - DAG(s) 'example_branch_datetime_operator', 'example_branch_datetime_operator_2', 'example_branch_datetime_operator_3' retrieved from /home/engineer/project/airflow_env/lib/python3.12/site-packages/airflow/example_dags/example_branch_datetime_operator.py
[2025-09-27T23:39:19.757+0100] {logging_mixin.py:190} INFO - [2025-09-27T23:39:19.756+0100] {dag.py:3239} INFO - Sync 3 DAGs
[2025-09-27T23:39:19.770+0100] {logging_mixin.py:190} INFO - [2025-09-27T23:39:19.770+0100] {dag.py:4180} INFO - Setting next_dagrun for example_branch_datetime_operator to 2025-09-26 00:00:00+00:00, run_after=2025-09-27 00:00:00+00:00
[2025-09-27T23:39:19.773+0100] {logging_mixin.py:190} INFO - [2025-09-27T23:39:19.773+0100] {dag.py:4180} INFO - Setting next_dagrun for example_branch_datetime_operator_2 to 2025-09-26 00:00:00+00:00, run_after=2025-09-27 00:00:00+00:00
[2025-09-27T23:39:19.774+0100] {logging_mixin.py:190} INFO - [2025-09-27T23:39:19.774+0100] {dag.py:4180} INFO - Setting next_dagrun for example_branch_datetime_operator_3 to 2025-09-26 00:00:00+00:00, run_after=2025-09-27 00:00:00+00:00
[2025-09-27T23:39:19.790+0100] {processor.py:208} INFO - Processing /home/engineer/project/airflow_env/lib/python3.12/site-packages/airflow/example_dags/example_branch_datetime_operator.py took 0.062 seconds
[2025-09-27T23:40:34.249+0100] {processor.py:186} INFO - Started process (PID=23834) to work on /home/engineer/project/airflow_env/lib/python3.12/site-packages/airflow/example_dags/example_branch_datetime_operator.py
[2025-09-27T23:40:34.256+0100] {processor.py:914} INFO - Processing file /home/engineer/project/airflow_env/lib/python3.12/site-packages/airflow/example_dags/example_branch_datetime_operator.py for tasks to queue
[2025-09-27T23:40:34.257+0100] {logging_mixin.py:190} INFO - [2025-09-27T23:40:34.257+0100] {dagbag.py:588} INFO - Filling up the DagBag from /home/engineer/project/airflow_env/lib/python3.12/site-packages/airflow/example_dags/example_branch_datetime_operator.py
[2025-09-27T23:40:34.270+0100] {processor.py:925} INFO - DAG(s) 'example_branch_datetime_operator_3', 'example_branch_datetime_operator', 'example_branch_datetime_operator_2' retrieved from /home/engineer/project/airflow_env/lib/python3.12/site-packages/airflow/example_dags/example_branch_datetime_operator.py
[2025-09-27T23:40:34.289+0100] {logging_mixin.py:190} INFO - [2025-09-27T23:40:34.289+0100] {dag.py:3239} INFO - Sync 3 DAGs
[2025-09-27T23:40:34.309+0100] {logging_mixin.py:190} INFO - [2025-09-27T23:40:34.309+0100] {dag.py:4180} INFO - Setting next_dagrun for example_branch_datetime_operator to 2025-09-26 00:00:00+00:00, run_after=2025-09-27 00:00:00+00:00
[2025-09-27T23:40:34.315+0100] {logging_mixin.py:190} INFO - [2025-09-27T23:40:34.315+0100] {dag.py:4180} INFO - Setting next_dagrun for example_branch_datetime_operator_2 to 2025-09-26 00:00:00+00:00, run_after=2025-09-27 00:00:00+00:00
[2025-09-27T23:40:34.317+0100] {logging_mixin.py:190} INFO - [2025-09-27T23:40:34.317+0100] {dag.py:4180} INFO - Setting next_dagrun for example_branch_datetime_operator_3 to 2025-09-26 00:00:00+00:00, run_after=2025-09-27 00:00:00+00:00
[2025-09-27T23:40:34.336+0100] {processor.py:208} INFO - Processing /home/engineer/project/airflow_env/lib/python3.12/site-packages/airflow/example_dags/example_branch_datetime_operator.py took 0.093 seconds
[2025-09-27T23:41:49.190+0100] {processor.py:186} INFO - Started process (PID=24137) to work on /home/engineer/project/airflow_env/lib/python3.12/site-packages/airflow/example_dags/example_branch_datetime_operator.py
[2025-09-27T23:41:49.191+0100] {processor.py:914} INFO - Processing file /home/engineer/project/airflow_env/lib/python3.12/site-packages/airflow/example_dags/example_branch_datetime_operator.py for tasks to queue
[2025-09-27T23:41:49.192+0100] {logging_mixin.py:190} INFO - [2025-09-27T23:41:49.192+0100] {dagbag.py:588} INFO - Filling up the DagBag from /home/engineer/project/airflow_env/lib/python3.12/site-packages/airflow/example_dags/example_branch_datetime_operator.py
[2025-09-27T23:41:49.201+0100] {processor.py:925} INFO - DAG(s) 'example_branch_datetime_operator', 'example_branch_datetime_operator_3', 'example_branch_datetime_operator_2' retrieved from /home/engineer/project/airflow_env/lib/python3.12/site-packages/airflow/example_dags/example_branch_datetime_operator.py
[2025-09-27T23:41:49.214+0100] {logging_mixin.py:190} INFO - [2025-09-27T23:41:49.214+0100] {dag.py:3239} INFO - Sync 3 DAGs
[2025-09-27T23:41:49.229+0100] {logging_mixin.py:190} INFO - [2025-09-27T23:41:49.229+0100] {dag.py:4180} INFO - Setting next_dagrun for example_branch_datetime_operator to 2025-09-26 00:00:00+00:00, run_after=2025-09-27 00:00:00+00:00
[2025-09-27T23:41:49.232+0100] {logging_mixin.py:190} INFO - [2025-09-27T23:41:49.232+0100] {dag.py:4180} INFO - Setting next_dagrun for example_branch_datetime_operator_2 to 2025-09-26 00:00:00+00:00, run_after=2025-09-27 00:00:00+00:00
[2025-09-27T23:41:49.233+0100] {logging_mixin.py:190} INFO - [2025-09-27T23:41:49.233+0100] {dag.py:4180} INFO - Setting next_dagrun for example_branch_datetime_operator_3 to 2025-09-26 00:00:00+00:00, run_after=2025-09-27 00:00:00+00:00
[2025-09-27T23:41:49.248+0100] {processor.py:208} INFO - Processing /home/engineer/project/airflow_env/lib/python3.12/site-packages/airflow/example_dags/example_branch_datetime_operator.py took 0.062 seconds
[2025-09-27T23:43:04.432+0100] {processor.py:186} INFO - Started process (PID=24454) to work on /home/engineer/project/airflow_env/lib/python3.12/site-packages/airflow/example_dags/example_branch_datetime_operator.py
[2025-09-27T23:43:04.434+0100] {processor.py:914} INFO - Processing file /home/engineer/project/airflow_env/lib/python3.12/site-packages/airflow/example_dags/example_branch_datetime_operator.py for tasks to queue
[2025-09-27T23:43:04.435+0100] {logging_mixin.py:190} INFO - [2025-09-27T23:43:04.435+0100] {dagbag.py:588} INFO - Filling up the DagBag from /home/engineer/project/airflow_env/lib/python3.12/site-packages/airflow/example_dags/example_branch_datetime_operator.py
[2025-09-27T23:43:04.444+0100] {processor.py:925} INFO - DAG(s) 'example_branch_datetime_operator_2', 'example_branch_datetime_operator', 'example_branch_datetime_operator_3' retrieved from /home/engineer/project/airflow_env/lib/python3.12/site-packages/airflow/example_dags/example_branch_datetime_operator.py
[2025-09-27T23:43:04.460+0100] {logging_mixin.py:190} INFO - [2025-09-27T23:43:04.460+0100] {dag.py:3239} INFO - Sync 3 DAGs
[2025-09-27T23:43:04.477+0100] {logging_mixin.py:190} INFO - [2025-09-27T23:43:04.477+0100] {dag.py:4180} INFO - Setting next_dagrun for example_branch_datetime_operator to 2025-09-26 00:00:00+00:00, run_after=2025-09-27 00:00:00+00:00
[2025-09-27T23:43:04.480+0100] {logging_mixin.py:190} INFO - [2025-09-27T23:43:04.480+0100] {dag.py:4180} INFO - Setting next_dagrun for example_branch_datetime_operator_2 to 2025-09-26 00:00:00+00:00, run_after=2025-09-27 00:00:00+00:00
[2025-09-27T23:43:04.482+0100] {logging_mixin.py:190} INFO - [2025-09-27T23:43:04.482+0100] {dag.py:4180} INFO - Setting next_dagrun for example_branch_datetime_operator_3 to 2025-09-26 00:00:00+00:00, run_after=2025-09-27 00:00:00+00:00
[2025-09-27T23:43:04.498+0100] {processor.py:208} INFO - Processing /home/engineer/project/airflow_env/lib/python3.12/site-packages/airflow/example_dags/example_branch_datetime_operator.py took 0.070 seconds
[2025-09-27T23:43:58.996+0100] {processor.py:186} INFO - Started process (PID=24766) to work on /home/engineer/project/airflow_env/lib/python3.12/site-packages/airflow/example_dags/example_branch_datetime_operator.py
[2025-09-27T23:43:58.998+0100] {processor.py:914} INFO - Processing file /home/engineer/project/airflow_env/lib/python3.12/site-packages/airflow/example_dags/example_branch_datetime_operator.py for tasks to queue
[2025-09-27T23:43:58.998+0100] {logging_mixin.py:190} INFO - [2025-09-27T23:43:58.998+0100] {dagbag.py:588} INFO - Filling up the DagBag from /home/engineer/project/airflow_env/lib/python3.12/site-packages/airflow/example_dags/example_branch_datetime_operator.py
[2025-09-27T23:43:59.007+0100] {processor.py:925} INFO - DAG(s) 'example_branch_datetime_operator', 'example_branch_datetime_operator_2', 'example_branch_datetime_operator_3' retrieved from /home/engineer/project/airflow_env/lib/python3.12/site-packages/airflow/example_dags/example_branch_datetime_operator.py
[2025-09-27T23:43:59.021+0100] {logging_mixin.py:190} INFO - [2025-09-27T23:43:59.021+0100] {dag.py:3239} INFO - Sync 3 DAGs
[2025-09-27T23:43:59.036+0100] {logging_mixin.py:190} INFO - [2025-09-27T23:43:59.036+0100] {dag.py:4180} INFO - Setting next_dagrun for example_branch_datetime_operator to 2025-09-26 00:00:00+00:00, run_after=2025-09-27 00:00:00+00:00
[2025-09-27T23:43:59.039+0100] {logging_mixin.py:190} INFO - [2025-09-27T23:43:59.039+0100] {dag.py:4180} INFO - Setting next_dagrun for example_branch_datetime_operator_2 to 2025-09-26 00:00:00+00:00, run_after=2025-09-27 00:00:00+00:00
[2025-09-27T23:43:59.040+0100] {logging_mixin.py:190} INFO - [2025-09-27T23:43:59.040+0100] {dag.py:4180} INFO - Setting next_dagrun for example_branch_datetime_operator_3 to 2025-09-26 00:00:00+00:00, run_after=2025-09-27 00:00:00+00:00
[2025-09-27T23:43:59.056+0100] {processor.py:208} INFO - Processing /home/engineer/project/airflow_env/lib/python3.12/site-packages/airflow/example_dags/example_branch_datetime_operator.py took 0.064 seconds
