[2025-09-27T23:26:22.422+0100] {processor.py:186} INFO - Started process (PID=19753) to work on /home/engineer/project/airflow_env/lib/python3.12/site-packages/airflow/example_dags/example_short_circuit_operator.py
[2025-09-27T23:26:22.422+0100] {processor.py:914} INFO - Processing file /home/engineer/project/airflow_env/lib/python3.12/site-packages/airflow/example_dags/example_short_circuit_operator.py for tasks to queue
[2025-09-27T23:26:22.424+0100] {logging_mixin.py:190} INFO - [2025-09-27T23:26:22.423+0100] {dagbag.py:588} INFO - Filling up the DagBag from /home/engineer/project/airflow_env/lib/python3.12/site-packages/airflow/example_dags/example_short_circuit_operator.py
[2025-09-27T23:26:22.432+0100] {processor.py:925} INFO - DAG(s) 'example_short_circuit_operator' retrieved from /home/engineer/project/airflow_env/lib/python3.12/site-packages/airflow/example_dags/example_short_circuit_operator.py
[2025-09-27T23:26:22.512+0100] {logging_mixin.py:190} INFO - [2025-09-27T23:26:22.512+0100] {override.py:1900} INFO - Created Permission View: can delete on DAG:example_short_circuit_operator
[2025-09-27T23:26:22.521+0100] {logging_mixin.py:190} INFO - [2025-09-27T23:26:22.521+0100] {override.py:1900} INFO - Created Permission View: can read on DAG:example_short_circuit_operator
[2025-09-27T23:26:22.528+0100] {logging_mixin.py:190} INFO - [2025-09-27T23:26:22.527+0100] {override.py:1900} INFO - Created Permission View: can edit on DAG:example_short_circuit_operator
[2025-09-27T23:26:22.537+0100] {logging_mixin.py:190} INFO - [2025-09-27T23:26:22.536+0100] {override.py:1900} INFO - Created Permission View: can delete on DAG Run:example_short_circuit_operator
[2025-09-27T23:26:22.542+0100] {logging_mixin.py:190} INFO - [2025-09-27T23:26:22.542+0100] {override.py:1900} INFO - Created Permission View: can read on DAG Run:example_short_circuit_operator
[2025-09-27T23:26:22.548+0100] {logging_mixin.py:190} INFO - [2025-09-27T23:26:22.548+0100] {override.py:1900} INFO - Created Permission View: can create on DAG Run:example_short_circuit_operator
[2025-09-27T23:26:22.554+0100] {logging_mixin.py:190} INFO - [2025-09-27T23:26:22.553+0100] {override.py:1900} INFO - Created Permission View: menu access on DAG Run:example_short_circuit_operator
[2025-09-27T23:26:22.554+0100] {logging_mixin.py:190} INFO - [2025-09-27T23:26:22.554+0100] {dag.py:3239} INFO - Sync 1 DAGs
[2025-09-27T23:26:22.561+0100] {logging_mixin.py:190} INFO - [2025-09-27T23:26:22.561+0100] {dag.py:3262} INFO - Creating ORM DAG for example_short_circuit_operator
[2025-09-27T23:26:22.561+0100] {logging_mixin.py:190} INFO - [2025-09-27T23:26:22.561+0100] {dag.py:4180} INFO - Setting next_dagrun for example_short_circuit_operator to None, run_after=None
[2025-09-27T23:26:22.574+0100] {processor.py:208} INFO - Processing /home/engineer/project/airflow_env/lib/python3.12/site-packages/airflow/example_dags/example_short_circuit_operator.py took 0.156 seconds
[2025-09-27T23:27:24.185+0100] {processor.py:186} INFO - Started process (PID=20012) to work on /home/engineer/project/airflow_env/lib/python3.12/site-packages/airflow/example_dags/example_short_circuit_operator.py
[2025-09-27T23:27:24.192+0100] {processor.py:914} INFO - Processing file /home/engineer/project/airflow_env/lib/python3.12/site-packages/airflow/example_dags/example_short_circuit_operator.py for tasks to queue
[2025-09-27T23:27:24.194+0100] {logging_mixin.py:190} INFO - [2025-09-27T23:27:24.194+0100] {dagbag.py:588} INFO - Filling up the DagBag from /home/engineer/project/airflow_env/lib/python3.12/site-packages/airflow/example_dags/example_short_circuit_operator.py
[2025-09-27T23:27:24.200+0100] {processor.py:925} INFO - DAG(s) 'example_short_circuit_operator' retrieved from /home/engineer/project/airflow_env/lib/python3.12/site-packages/airflow/example_dags/example_short_circuit_operator.py
[2025-09-27T23:27:24.212+0100] {logging_mixin.py:190} INFO - [2025-09-27T23:27:24.212+0100] {dag.py:3239} INFO - Sync 1 DAGs
[2025-09-27T23:27:24.221+0100] {logging_mixin.py:190} INFO - [2025-09-27T23:27:24.221+0100] {dag.py:4180} INFO - Setting next_dagrun for example_short_circuit_operator to None, run_after=None
[2025-09-27T23:27:24.238+0100] {processor.py:208} INFO - Processing /home/engineer/project/airflow_env/lib/python3.12/site-packages/airflow/example_dags/example_short_circuit_operator.py took 0.056 seconds
[2025-09-27T23:28:17.451+0100] {processor.py:186} INFO - Started process (PID=20284) to work on /home/engineer/project/airflow_env/lib/python3.12/site-packages/airflow/example_dags/example_short_circuit_operator.py
[2025-09-27T23:28:17.453+0100] {processor.py:914} INFO - Processing file /home/engineer/project/airflow_env/lib/python3.12/site-packages/airflow/example_dags/example_short_circuit_operator.py for tasks to queue
[2025-09-27T23:28:17.454+0100] {logging_mixin.py:190} INFO - [2025-09-27T23:28:17.454+0100] {dagbag.py:588} INFO - Filling up the DagBag from /home/engineer/project/airflow_env/lib/python3.12/site-packages/airflow/example_dags/example_short_circuit_operator.py
[2025-09-27T23:28:17.460+0100] {processor.py:925} INFO - DAG(s) 'example_short_circuit_operator' retrieved from /home/engineer/project/airflow_env/lib/python3.12/site-packages/airflow/example_dags/example_short_circuit_operator.py
[2025-09-27T23:28:17.472+0100] {logging_mixin.py:190} INFO - [2025-09-27T23:28:17.472+0100] {dag.py:3239} INFO - Sync 1 DAGs
[2025-09-27T23:28:17.480+0100] {logging_mixin.py:190} INFO - [2025-09-27T23:28:17.480+0100] {dag.py:4180} INFO - Setting next_dagrun for example_short_circuit_operator to None, run_after=None
[2025-09-27T23:28:17.498+0100] {processor.py:208} INFO - Processing /home/engineer/project/airflow_env/lib/python3.12/site-packages/airflow/example_dags/example_short_circuit_operator.py took 0.050 seconds
[2025-09-27T23:29:04.139+0100] {processor.py:186} INFO - Started process (PID=20472) to work on /home/engineer/project/airflow_env/lib/python3.12/site-packages/airflow/example_dags/example_short_circuit_operator.py
[2025-09-27T23:29:04.140+0100] {processor.py:914} INFO - Processing file /home/engineer/project/airflow_env/lib/python3.12/site-packages/airflow/example_dags/example_short_circuit_operator.py for tasks to queue
[2025-09-27T23:29:04.141+0100] {logging_mixin.py:190} INFO - [2025-09-27T23:29:04.141+0100] {dagbag.py:588} INFO - Filling up the DagBag from /home/engineer/project/airflow_env/lib/python3.12/site-packages/airflow/example_dags/example_short_circuit_operator.py
[2025-09-27T23:29:04.148+0100] {processor.py:925} INFO - DAG(s) 'example_short_circuit_operator' retrieved from /home/engineer/project/airflow_env/lib/python3.12/site-packages/airflow/example_dags/example_short_circuit_operator.py
[2025-09-27T23:29:04.162+0100] {logging_mixin.py:190} INFO - [2025-09-27T23:29:04.162+0100] {dag.py:3239} INFO - Sync 1 DAGs
[2025-09-27T23:29:04.170+0100] {logging_mixin.py:190} INFO - [2025-09-27T23:29:04.170+0100] {dag.py:4180} INFO - Setting next_dagrun for example_short_circuit_operator to None, run_after=None
[2025-09-27T23:29:04.188+0100] {processor.py:208} INFO - Processing /home/engineer/project/airflow_env/lib/python3.12/site-packages/airflow/example_dags/example_short_circuit_operator.py took 0.053 seconds
[2025-09-27T23:29:50.285+0100] {processor.py:186} INFO - Started process (PID=20653) to work on /home/engineer/project/airflow_env/lib/python3.12/site-packages/airflow/example_dags/example_short_circuit_operator.py
[2025-09-27T23:29:50.292+0100] {processor.py:914} INFO - Processing file /home/engineer/project/airflow_env/lib/python3.12/site-packages/airflow/example_dags/example_short_circuit_operator.py for tasks to queue
[2025-09-27T23:29:50.293+0100] {logging_mixin.py:190} INFO - [2025-09-27T23:29:50.293+0100] {dagbag.py:588} INFO - Filling up the DagBag from /home/engineer/project/airflow_env/lib/python3.12/site-packages/airflow/example_dags/example_short_circuit_operator.py
[2025-09-27T23:29:50.300+0100] {processor.py:925} INFO - DAG(s) 'example_short_circuit_operator' retrieved from /home/engineer/project/airflow_env/lib/python3.12/site-packages/airflow/example_dags/example_short_circuit_operator.py
[2025-09-27T23:29:50.313+0100] {logging_mixin.py:190} INFO - [2025-09-27T23:29:50.313+0100] {dag.py:3239} INFO - Sync 1 DAGs
[2025-09-27T23:29:50.322+0100] {logging_mixin.py:190} INFO - [2025-09-27T23:29:50.322+0100] {dag.py:4180} INFO - Setting next_dagrun for example_short_circuit_operator to None, run_after=None
[2025-09-27T23:29:50.341+0100] {processor.py:208} INFO - Processing /home/engineer/project/airflow_env/lib/python3.12/site-packages/airflow/example_dags/example_short_circuit_operator.py took 0.060 seconds
[2025-09-27T23:30:35.129+0100] {processor.py:186} INFO - Started process (PID=20880) to work on /home/engineer/project/airflow_env/lib/python3.12/site-packages/airflow/example_dags/example_short_circuit_operator.py
[2025-09-27T23:30:35.130+0100] {processor.py:914} INFO - Processing file /home/engineer/project/airflow_env/lib/python3.12/site-packages/airflow/example_dags/example_short_circuit_operator.py for tasks to queue
[2025-09-27T23:30:35.132+0100] {logging_mixin.py:190} INFO - [2025-09-27T23:30:35.132+0100] {dagbag.py:588} INFO - Filling up the DagBag from /home/engineer/project/airflow_env/lib/python3.12/site-packages/airflow/example_dags/example_short_circuit_operator.py
[2025-09-27T23:30:35.139+0100] {processor.py:925} INFO - DAG(s) 'example_short_circuit_operator' retrieved from /home/engineer/project/airflow_env/lib/python3.12/site-packages/airflow/example_dags/example_short_circuit_operator.py
[2025-09-27T23:30:35.151+0100] {logging_mixin.py:190} INFO - [2025-09-27T23:30:35.151+0100] {dag.py:3239} INFO - Sync 1 DAGs
[2025-09-27T23:30:35.159+0100] {logging_mixin.py:190} INFO - [2025-09-27T23:30:35.159+0100] {dag.py:4180} INFO - Setting next_dagrun for example_short_circuit_operator to None, run_after=None
[2025-09-27T23:30:35.175+0100] {processor.py:208} INFO - Processing /home/engineer/project/airflow_env/lib/python3.12/site-packages/airflow/example_dags/example_short_circuit_operator.py took 0.050 seconds
[2025-09-27T23:31:26.719+0100] {processor.py:186} INFO - Started process (PID=21648) to work on /home/engineer/project/airflow_env/lib/python3.12/site-packages/airflow/example_dags/example_short_circuit_operator.py
[2025-09-27T23:31:26.721+0100] {processor.py:914} INFO - Processing file /home/engineer/project/airflow_env/lib/python3.12/site-packages/airflow/example_dags/example_short_circuit_operator.py for tasks to queue
[2025-09-27T23:31:26.724+0100] {logging_mixin.py:190} INFO - [2025-09-27T23:31:26.723+0100] {dagbag.py:588} INFO - Filling up the DagBag from /home/engineer/project/airflow_env/lib/python3.12/site-packages/airflow/example_dags/example_short_circuit_operator.py
[2025-09-27T23:31:26.730+0100] {processor.py:925} INFO - DAG(s) 'example_short_circuit_operator' retrieved from /home/engineer/project/airflow_env/lib/python3.12/site-packages/airflow/example_dags/example_short_circuit_operator.py
[2025-09-27T23:31:26.830+0100] {logging_mixin.py:190} INFO - [2025-09-27T23:31:26.830+0100] {dag.py:3239} INFO - Sync 1 DAGs
[2025-09-27T23:31:26.837+0100] {logging_mixin.py:190} INFO - [2025-09-27T23:31:26.837+0100] {dag.py:4180} INFO - Setting next_dagrun for example_short_circuit_operator to None, run_after=None
[2025-09-27T23:31:26.851+0100] {processor.py:208} INFO - Processing /home/engineer/project/airflow_env/lib/python3.12/site-packages/airflow/example_dags/example_short_circuit_operator.py took 0.136 seconds
[2025-09-27T23:32:22.297+0100] {processor.py:186} INFO - Started process (PID=21949) to work on /home/engineer/project/airflow_env/lib/python3.12/site-packages/airflow/example_dags/example_short_circuit_operator.py
[2025-09-27T23:32:22.299+0100] {processor.py:914} INFO - Processing file /home/engineer/project/airflow_env/lib/python3.12/site-packages/airflow/example_dags/example_short_circuit_operator.py for tasks to queue
[2025-09-27T23:32:22.301+0100] {logging_mixin.py:190} INFO - [2025-09-27T23:32:22.301+0100] {dagbag.py:588} INFO - Filling up the DagBag from /home/engineer/project/airflow_env/lib/python3.12/site-packages/airflow/example_dags/example_short_circuit_operator.py
[2025-09-27T23:32:22.310+0100] {processor.py:925} INFO - DAG(s) 'example_short_circuit_operator' retrieved from /home/engineer/project/airflow_env/lib/python3.12/site-packages/airflow/example_dags/example_short_circuit_operator.py
[2025-09-27T23:32:22.327+0100] {logging_mixin.py:190} INFO - [2025-09-27T23:32:22.327+0100] {dag.py:3239} INFO - Sync 1 DAGs
[2025-09-27T23:32:22.340+0100] {logging_mixin.py:190} INFO - [2025-09-27T23:32:22.340+0100] {dag.py:4180} INFO - Setting next_dagrun for example_short_circuit_operator to None, run_after=None
[2025-09-27T23:32:22.358+0100] {processor.py:208} INFO - Processing /home/engineer/project/airflow_env/lib/python3.12/site-packages/airflow/example_dags/example_short_circuit_operator.py took 0.067 seconds
[2025-09-27T23:33:08.817+0100] {processor.py:186} INFO - Started process (PID=22137) to work on /home/engineer/project/airflow_env/lib/python3.12/site-packages/airflow/example_dags/example_short_circuit_operator.py
[2025-09-27T23:33:08.819+0100] {processor.py:914} INFO - Processing file /home/engineer/project/airflow_env/lib/python3.12/site-packages/airflow/example_dags/example_short_circuit_operator.py for tasks to queue
[2025-09-27T23:33:08.821+0100] {logging_mixin.py:190} INFO - [2025-09-27T23:33:08.820+0100] {dagbag.py:588} INFO - Filling up the DagBag from /home/engineer/project/airflow_env/lib/python3.12/site-packages/airflow/example_dags/example_short_circuit_operator.py
[2025-09-27T23:33:08.828+0100] {processor.py:925} INFO - DAG(s) 'example_short_circuit_operator' retrieved from /home/engineer/project/airflow_env/lib/python3.12/site-packages/airflow/example_dags/example_short_circuit_operator.py
[2025-09-27T23:33:08.843+0100] {logging_mixin.py:190} INFO - [2025-09-27T23:33:08.843+0100] {dag.py:3239} INFO - Sync 1 DAGs
[2025-09-27T23:33:08.853+0100] {logging_mixin.py:190} INFO - [2025-09-27T23:33:08.853+0100] {dag.py:4180} INFO - Setting next_dagrun for example_short_circuit_operator to None, run_after=None
[2025-09-27T23:33:08.872+0100] {processor.py:208} INFO - Processing /home/engineer/project/airflow_env/lib/python3.12/site-packages/airflow/example_dags/example_short_circuit_operator.py took 0.060 seconds
[2025-09-27T23:33:58.449+0100] {processor.py:186} INFO - Started process (PID=22332) to work on /home/engineer/project/airflow_env/lib/python3.12/site-packages/airflow/example_dags/example_short_circuit_operator.py
[2025-09-27T23:33:58.456+0100] {processor.py:914} INFO - Processing file /home/engineer/project/airflow_env/lib/python3.12/site-packages/airflow/example_dags/example_short_circuit_operator.py for tasks to queue
[2025-09-27T23:33:58.459+0100] {logging_mixin.py:190} INFO - [2025-09-27T23:33:58.459+0100] {dagbag.py:588} INFO - Filling up the DagBag from /home/engineer/project/airflow_env/lib/python3.12/site-packages/airflow/example_dags/example_short_circuit_operator.py
[2025-09-27T23:33:58.470+0100] {processor.py:925} INFO - DAG(s) 'example_short_circuit_operator' retrieved from /home/engineer/project/airflow_env/lib/python3.12/site-packages/airflow/example_dags/example_short_circuit_operator.py
[2025-09-27T23:33:58.491+0100] {logging_mixin.py:190} INFO - [2025-09-27T23:33:58.490+0100] {dag.py:3239} INFO - Sync 1 DAGs
[2025-09-27T23:33:58.503+0100] {logging_mixin.py:190} INFO - [2025-09-27T23:33:58.503+0100] {dag.py:4180} INFO - Setting next_dagrun for example_short_circuit_operator to None, run_after=None
[2025-09-27T23:33:58.527+0100] {processor.py:208} INFO - Processing /home/engineer/project/airflow_env/lib/python3.12/site-packages/airflow/example_dags/example_short_circuit_operator.py took 0.083 seconds
[2025-09-27T23:34:48.794+0100] {processor.py:186} INFO - Started process (PID=22533) to work on /home/engineer/project/airflow_env/lib/python3.12/site-packages/airflow/example_dags/example_short_circuit_operator.py
[2025-09-27T23:34:48.800+0100] {processor.py:914} INFO - Processing file /home/engineer/project/airflow_env/lib/python3.12/site-packages/airflow/example_dags/example_short_circuit_operator.py for tasks to queue
[2025-09-27T23:34:48.802+0100] {logging_mixin.py:190} INFO - [2025-09-27T23:34:48.802+0100] {dagbag.py:588} INFO - Filling up the DagBag from /home/engineer/project/airflow_env/lib/python3.12/site-packages/airflow/example_dags/example_short_circuit_operator.py
[2025-09-27T23:34:48.808+0100] {processor.py:925} INFO - DAG(s) 'example_short_circuit_operator' retrieved from /home/engineer/project/airflow_env/lib/python3.12/site-packages/airflow/example_dags/example_short_circuit_operator.py
[2025-09-27T23:34:48.821+0100] {logging_mixin.py:190} INFO - [2025-09-27T23:34:48.821+0100] {dag.py:3239} INFO - Sync 1 DAGs
[2025-09-27T23:34:48.829+0100] {logging_mixin.py:190} INFO - [2025-09-27T23:34:48.829+0100] {dag.py:4180} INFO - Setting next_dagrun for example_short_circuit_operator to None, run_after=None
[2025-09-27T23:34:48.846+0100] {processor.py:208} INFO - Processing /home/engineer/project/airflow_env/lib/python3.12/site-packages/airflow/example_dags/example_short_circuit_operator.py took 0.056 seconds
[2025-09-27T23:35:37.094+0100] {processor.py:186} INFO - Started process (PID=22725) to work on /home/engineer/project/airflow_env/lib/python3.12/site-packages/airflow/example_dags/example_short_circuit_operator.py
[2025-09-27T23:35:37.101+0100] {processor.py:914} INFO - Processing file /home/engineer/project/airflow_env/lib/python3.12/site-packages/airflow/example_dags/example_short_circuit_operator.py for tasks to queue
[2025-09-27T23:35:37.103+0100] {logging_mixin.py:190} INFO - [2025-09-27T23:35:37.103+0100] {dagbag.py:588} INFO - Filling up the DagBag from /home/engineer/project/airflow_env/lib/python3.12/site-packages/airflow/example_dags/example_short_circuit_operator.py
[2025-09-27T23:35:37.110+0100] {processor.py:925} INFO - DAG(s) 'example_short_circuit_operator' retrieved from /home/engineer/project/airflow_env/lib/python3.12/site-packages/airflow/example_dags/example_short_circuit_operator.py
[2025-09-27T23:35:37.123+0100] {logging_mixin.py:190} INFO - [2025-09-27T23:35:37.123+0100] {dag.py:3239} INFO - Sync 1 DAGs
[2025-09-27T23:35:37.131+0100] {logging_mixin.py:190} INFO - [2025-09-27T23:35:37.131+0100] {dag.py:4180} INFO - Setting next_dagrun for example_short_circuit_operator to None, run_after=None
[2025-09-27T23:35:37.147+0100] {processor.py:208} INFO - Processing /home/engineer/project/airflow_env/lib/python3.12/site-packages/airflow/example_dags/example_short_circuit_operator.py took 0.058 seconds
[2025-09-27T23:36:26.610+0100] {processor.py:186} INFO - Started process (PID=22947) to work on /home/engineer/project/airflow_env/lib/python3.12/site-packages/airflow/example_dags/example_short_circuit_operator.py
[2025-09-27T23:36:26.617+0100] {processor.py:914} INFO - Processing file /home/engineer/project/airflow_env/lib/python3.12/site-packages/airflow/example_dags/example_short_circuit_operator.py for tasks to queue
[2025-09-27T23:36:26.619+0100] {logging_mixin.py:190} INFO - [2025-09-27T23:36:26.618+0100] {dagbag.py:588} INFO - Filling up the DagBag from /home/engineer/project/airflow_env/lib/python3.12/site-packages/airflow/example_dags/example_short_circuit_operator.py
[2025-09-27T23:36:26.625+0100] {processor.py:925} INFO - DAG(s) 'example_short_circuit_operator' retrieved from /home/engineer/project/airflow_env/lib/python3.12/site-packages/airflow/example_dags/example_short_circuit_operator.py
[2025-09-27T23:36:26.639+0100] {logging_mixin.py:190} INFO - [2025-09-27T23:36:26.639+0100] {dag.py:3239} INFO - Sync 1 DAGs
[2025-09-27T23:36:26.649+0100] {logging_mixin.py:190} INFO - [2025-09-27T23:36:26.649+0100] {dag.py:4180} INFO - Setting next_dagrun for example_short_circuit_operator to None, run_after=None
[2025-09-27T23:36:26.666+0100] {processor.py:208} INFO - Processing /home/engineer/project/airflow_env/lib/python3.12/site-packages/airflow/example_dags/example_short_circuit_operator.py took 0.060 seconds
[2025-09-27T23:37:15.905+0100] {processor.py:186} INFO - Started process (PID=23143) to work on /home/engineer/project/airflow_env/lib/python3.12/site-packages/airflow/example_dags/example_short_circuit_operator.py
[2025-09-27T23:37:15.912+0100] {processor.py:914} INFO - Processing file /home/engineer/project/airflow_env/lib/python3.12/site-packages/airflow/example_dags/example_short_circuit_operator.py for tasks to queue
[2025-09-27T23:37:15.913+0100] {logging_mixin.py:190} INFO - [2025-09-27T23:37:15.913+0100] {dagbag.py:588} INFO - Filling up the DagBag from /home/engineer/project/airflow_env/lib/python3.12/site-packages/airflow/example_dags/example_short_circuit_operator.py
[2025-09-27T23:37:15.920+0100] {processor.py:925} INFO - DAG(s) 'example_short_circuit_operator' retrieved from /home/engineer/project/airflow_env/lib/python3.12/site-packages/airflow/example_dags/example_short_circuit_operator.py
[2025-09-27T23:37:15.933+0100] {logging_mixin.py:190} INFO - [2025-09-27T23:37:15.933+0100] {dag.py:3239} INFO - Sync 1 DAGs
[2025-09-27T23:37:15.947+0100] {logging_mixin.py:190} INFO - [2025-09-27T23:37:15.947+0100] {dag.py:4180} INFO - Setting next_dagrun for example_short_circuit_operator to None, run_after=None
[2025-09-27T23:37:15.966+0100] {processor.py:208} INFO - Processing /home/engineer/project/airflow_env/lib/python3.12/site-packages/airflow/example_dags/example_short_circuit_operator.py took 0.064 seconds
[2025-09-27T23:38:38.970+0100] {processor.py:186} INFO - Started process (PID=23379) to work on /home/engineer/project/airflow_env/lib/python3.12/site-packages/airflow/example_dags/example_short_circuit_operator.py
[2025-09-27T23:38:38.971+0100] {processor.py:914} INFO - Processing file /home/engineer/project/airflow_env/lib/python3.12/site-packages/airflow/example_dags/example_short_circuit_operator.py for tasks to queue
[2025-09-27T23:38:38.973+0100] {logging_mixin.py:190} INFO - [2025-09-27T23:38:38.972+0100] {dagbag.py:588} INFO - Filling up the DagBag from /home/engineer/project/airflow_env/lib/python3.12/site-packages/airflow/example_dags/example_short_circuit_operator.py
[2025-09-27T23:38:38.981+0100] {processor.py:925} INFO - DAG(s) 'example_short_circuit_operator' retrieved from /home/engineer/project/airflow_env/lib/python3.12/site-packages/airflow/example_dags/example_short_circuit_operator.py
[2025-09-27T23:38:38.998+0100] {logging_mixin.py:190} INFO - [2025-09-27T23:38:38.998+0100] {dag.py:3239} INFO - Sync 1 DAGs
[2025-09-27T23:38:39.019+0100] {logging_mixin.py:190} INFO - [2025-09-27T23:38:39.019+0100] {dag.py:4180} INFO - Setting next_dagrun for example_short_circuit_operator to None, run_after=None
[2025-09-27T23:38:39.041+0100] {processor.py:208} INFO - Processing /home/engineer/project/airflow_env/lib/python3.12/site-packages/airflow/example_dags/example_short_circuit_operator.py took 0.076 seconds
[2025-09-27T23:39:28.590+0100] {processor.py:186} INFO - Started process (PID=23574) to work on /home/engineer/project/airflow_env/lib/python3.12/site-packages/airflow/example_dags/example_short_circuit_operator.py
[2025-09-27T23:39:28.597+0100] {processor.py:914} INFO - Processing file /home/engineer/project/airflow_env/lib/python3.12/site-packages/airflow/example_dags/example_short_circuit_operator.py for tasks to queue
[2025-09-27T23:39:28.598+0100] {logging_mixin.py:190} INFO - [2025-09-27T23:39:28.597+0100] {dagbag.py:588} INFO - Filling up the DagBag from /home/engineer/project/airflow_env/lib/python3.12/site-packages/airflow/example_dags/example_short_circuit_operator.py
[2025-09-27T23:39:28.606+0100] {processor.py:925} INFO - DAG(s) 'example_short_circuit_operator' retrieved from /home/engineer/project/airflow_env/lib/python3.12/site-packages/airflow/example_dags/example_short_circuit_operator.py
[2025-09-27T23:39:28.620+0100] {logging_mixin.py:190} INFO - [2025-09-27T23:39:28.620+0100] {dag.py:3239} INFO - Sync 1 DAGs
[2025-09-27T23:39:28.630+0100] {logging_mixin.py:190} INFO - [2025-09-27T23:39:28.630+0100] {dag.py:4180} INFO - Setting next_dagrun for example_short_circuit_operator to None, run_after=None
[2025-09-27T23:39:28.650+0100] {processor.py:208} INFO - Processing /home/engineer/project/airflow_env/lib/python3.12/site-packages/airflow/example_dags/example_short_circuit_operator.py took 0.065 seconds
[2025-09-27T23:40:18.852+0100] {processor.py:186} INFO - Started process (PID=23776) to work on /home/engineer/project/airflow_env/lib/python3.12/site-packages/airflow/example_dags/example_short_circuit_operator.py
[2025-09-27T23:40:18.853+0100] {processor.py:914} INFO - Processing file /home/engineer/project/airflow_env/lib/python3.12/site-packages/airflow/example_dags/example_short_circuit_operator.py for tasks to queue
[2025-09-27T23:40:18.854+0100] {logging_mixin.py:190} INFO - [2025-09-27T23:40:18.854+0100] {dagbag.py:588} INFO - Filling up the DagBag from /home/engineer/project/airflow_env/lib/python3.12/site-packages/airflow/example_dags/example_short_circuit_operator.py
[2025-09-27T23:40:18.863+0100] {processor.py:925} INFO - DAG(s) 'example_short_circuit_operator' retrieved from /home/engineer/project/airflow_env/lib/python3.12/site-packages/airflow/example_dags/example_short_circuit_operator.py
[2025-09-27T23:40:18.892+0100] {logging_mixin.py:190} INFO - [2025-09-27T23:40:18.890+0100] {dag.py:3239} INFO - Sync 1 DAGs
[2025-09-27T23:40:18.913+0100] {logging_mixin.py:190} INFO - [2025-09-27T23:40:18.912+0100] {dag.py:4180} INFO - Setting next_dagrun for example_short_circuit_operator to None, run_after=None
[2025-09-27T23:40:18.932+0100] {processor.py:208} INFO - Processing /home/engineer/project/airflow_env/lib/python3.12/site-packages/airflow/example_dags/example_short_circuit_operator.py took 0.086 seconds
[2025-09-27T23:41:07.235+0100] {processor.py:186} INFO - Started process (PID=23965) to work on /home/engineer/project/airflow_env/lib/python3.12/site-packages/airflow/example_dags/example_short_circuit_operator.py
[2025-09-27T23:41:07.242+0100] {processor.py:914} INFO - Processing file /home/engineer/project/airflow_env/lib/python3.12/site-packages/airflow/example_dags/example_short_circuit_operator.py for tasks to queue
[2025-09-27T23:41:07.242+0100] {logging_mixin.py:190} INFO - [2025-09-27T23:41:07.242+0100] {dagbag.py:588} INFO - Filling up the DagBag from /home/engineer/project/airflow_env/lib/python3.12/site-packages/airflow/example_dags/example_short_circuit_operator.py
[2025-09-27T23:41:07.249+0100] {processor.py:925} INFO - DAG(s) 'example_short_circuit_operator' retrieved from /home/engineer/project/airflow_env/lib/python3.12/site-packages/airflow/example_dags/example_short_circuit_operator.py
[2025-09-27T23:41:07.262+0100] {logging_mixin.py:190} INFO - [2025-09-27T23:41:07.262+0100] {dag.py:3239} INFO - Sync 1 DAGs
[2025-09-27T23:41:07.273+0100] {logging_mixin.py:190} INFO - [2025-09-27T23:41:07.273+0100] {dag.py:4180} INFO - Setting next_dagrun for example_short_circuit_operator to None, run_after=None
[2025-09-27T23:41:07.291+0100] {processor.py:208} INFO - Processing /home/engineer/project/airflow_env/lib/python3.12/site-packages/airflow/example_dags/example_short_circuit_operator.py took 0.060 seconds
[2025-09-27T23:41:57.905+0100] {processor.py:186} INFO - Started process (PID=24192) to work on /home/engineer/project/airflow_env/lib/python3.12/site-packages/airflow/example_dags/example_short_circuit_operator.py
[2025-09-27T23:41:57.907+0100] {processor.py:914} INFO - Processing file /home/engineer/project/airflow_env/lib/python3.12/site-packages/airflow/example_dags/example_short_circuit_operator.py for tasks to queue
[2025-09-27T23:41:57.908+0100] {logging_mixin.py:190} INFO - [2025-09-27T23:41:57.908+0100] {dagbag.py:588} INFO - Filling up the DagBag from /home/engineer/project/airflow_env/lib/python3.12/site-packages/airflow/example_dags/example_short_circuit_operator.py
[2025-09-27T23:41:57.914+0100] {processor.py:925} INFO - DAG(s) 'example_short_circuit_operator' retrieved from /home/engineer/project/airflow_env/lib/python3.12/site-packages/airflow/example_dags/example_short_circuit_operator.py
[2025-09-27T23:41:57.927+0100] {logging_mixin.py:190} INFO - [2025-09-27T23:41:57.927+0100] {dag.py:3239} INFO - Sync 1 DAGs
[2025-09-27T23:41:57.935+0100] {logging_mixin.py:190} INFO - [2025-09-27T23:41:57.935+0100] {dag.py:4180} INFO - Setting next_dagrun for example_short_circuit_operator to None, run_after=None
[2025-09-27T23:41:57.953+0100] {processor.py:208} INFO - Processing /home/engineer/project/airflow_env/lib/python3.12/site-packages/airflow/example_dags/example_short_circuit_operator.py took 0.051 seconds
[2025-09-27T23:42:48.164+0100] {processor.py:186} INFO - Started process (PID=24389) to work on /home/engineer/project/airflow_env/lib/python3.12/site-packages/airflow/example_dags/example_short_circuit_operator.py
[2025-09-27T23:42:48.171+0100] {processor.py:914} INFO - Processing file /home/engineer/project/airflow_env/lib/python3.12/site-packages/airflow/example_dags/example_short_circuit_operator.py for tasks to queue
[2025-09-27T23:42:48.172+0100] {logging_mixin.py:190} INFO - [2025-09-27T23:42:48.172+0100] {dagbag.py:588} INFO - Filling up the DagBag from /home/engineer/project/airflow_env/lib/python3.12/site-packages/airflow/example_dags/example_short_circuit_operator.py
[2025-09-27T23:42:48.182+0100] {processor.py:925} INFO - DAG(s) 'example_short_circuit_operator' retrieved from /home/engineer/project/airflow_env/lib/python3.12/site-packages/airflow/example_dags/example_short_circuit_operator.py
[2025-09-27T23:42:48.199+0100] {logging_mixin.py:190} INFO - [2025-09-27T23:42:48.199+0100] {dag.py:3239} INFO - Sync 1 DAGs
[2025-09-27T23:42:48.208+0100] {logging_mixin.py:190} INFO - [2025-09-27T23:42:48.208+0100] {dag.py:4180} INFO - Setting next_dagrun for example_short_circuit_operator to None, run_after=None
[2025-09-27T23:42:48.230+0100] {processor.py:208} INFO - Processing /home/engineer/project/airflow_env/lib/python3.12/site-packages/airflow/example_dags/example_short_circuit_operator.py took 0.072 seconds
[2025-09-27T23:43:40.701+0100] {processor.py:186} INFO - Started process (PID=24661) to work on /home/engineer/project/airflow_env/lib/python3.12/site-packages/airflow/example_dags/example_short_circuit_operator.py
[2025-09-27T23:43:40.702+0100] {processor.py:914} INFO - Processing file /home/engineer/project/airflow_env/lib/python3.12/site-packages/airflow/example_dags/example_short_circuit_operator.py for tasks to queue
[2025-09-27T23:43:40.703+0100] {logging_mixin.py:190} INFO - [2025-09-27T23:43:40.702+0100] {dagbag.py:588} INFO - Filling up the DagBag from /home/engineer/project/airflow_env/lib/python3.12/site-packages/airflow/example_dags/example_short_circuit_operator.py
[2025-09-27T23:43:40.709+0100] {processor.py:925} INFO - DAG(s) 'example_short_circuit_operator' retrieved from /home/engineer/project/airflow_env/lib/python3.12/site-packages/airflow/example_dags/example_short_circuit_operator.py
[2025-09-27T23:43:40.724+0100] {logging_mixin.py:190} INFO - [2025-09-27T23:43:40.724+0100] {dag.py:3239} INFO - Sync 1 DAGs
[2025-09-27T23:43:40.735+0100] {logging_mixin.py:190} INFO - [2025-09-27T23:43:40.735+0100] {dag.py:4180} INFO - Setting next_dagrun for example_short_circuit_operator to None, run_after=None
[2025-09-27T23:43:40.753+0100] {processor.py:208} INFO - Processing /home/engineer/project/airflow_env/lib/python3.12/site-packages/airflow/example_dags/example_short_circuit_operator.py took 0.056 seconds
