[2025-09-27T23:26:32.907+0100] {processor.py:186} INFO - Started process (PID=19816) to work on /home/engineer/project/airflow_env/lib/python3.12/site-packages/airflow/example_dags/example_local_kubernetes_executor.py
[2025-09-27T23:26:32.907+0100] {processor.py:914} INFO - Processing file /home/engineer/project/airflow_env/lib/python3.12/site-packages/airflow/example_dags/example_local_kubernetes_executor.py for tasks to queue
[2025-09-27T23:26:32.909+0100] {logging_mixin.py:190} INFO - [2025-09-27T23:26:32.909+0100] {dagbag.py:588} INFO - Filling up the DagBag from /home/engineer/project/airflow_env/lib/python3.12/site-packages/airflow/example_dags/example_local_kubernetes_executor.py
[2025-09-27T23:26:32.911+0100] {logging_mixin.py:190} INFO - [2025-09-27T23:26:32.911+0100] {example_local_kubernetes_executor.py:40} WARNING - Could not import DAGs in example_local_kubernetes_executor.py
Traceback (most recent call last):
  File "/home/engineer/project/airflow_env/lib/python3.12/site-packages/airflow/example_dags/example_local_kubernetes_executor.py", line 38, in <module>
    from kubernetes.client import models as k8s
ModuleNotFoundError: No module named 'kubernetes'
[2025-09-27T23:26:32.911+0100] {logging_mixin.py:190} INFO - [2025-09-27T23:26:32.911+0100] {example_local_kubernetes_executor.py:41} WARNING - Install Kubernetes dependencies with: pip install apache-airflow[cncf.kubernetes]
[2025-09-27T23:26:32.912+0100] {processor.py:927} WARNING - No viable dags retrieved from /home/engineer/project/airflow_env/lib/python3.12/site-packages/airflow/example_dags/example_local_kubernetes_executor.py
[2025-09-27T23:26:32.919+0100] {processor.py:208} INFO - Processing /home/engineer/project/airflow_env/lib/python3.12/site-packages/airflow/example_dags/example_local_kubernetes_executor.py took 0.016 seconds
[2025-09-27T23:27:33.342+0100] {processor.py:186} INFO - Started process (PID=20052) to work on /home/engineer/project/airflow_env/lib/python3.12/site-packages/airflow/example_dags/example_local_kubernetes_executor.py
[2025-09-27T23:27:33.349+0100] {processor.py:914} INFO - Processing file /home/engineer/project/airflow_env/lib/python3.12/site-packages/airflow/example_dags/example_local_kubernetes_executor.py for tasks to queue
[2025-09-27T23:27:33.351+0100] {logging_mixin.py:190} INFO - [2025-09-27T23:27:33.350+0100] {dagbag.py:588} INFO - Filling up the DagBag from /home/engineer/project/airflow_env/lib/python3.12/site-packages/airflow/example_dags/example_local_kubernetes_executor.py
[2025-09-27T23:27:33.353+0100] {logging_mixin.py:190} INFO - [2025-09-27T23:27:33.353+0100] {example_local_kubernetes_executor.py:40} WARNING - Could not import DAGs in example_local_kubernetes_executor.py
Traceback (most recent call last):
  File "/home/engineer/project/airflow_env/lib/python3.12/site-packages/airflow/example_dags/example_local_kubernetes_executor.py", line 38, in <module>
    from kubernetes.client import models as k8s
ModuleNotFoundError: No module named 'kubernetes'
[2025-09-27T23:27:33.353+0100] {logging_mixin.py:190} INFO - [2025-09-27T23:27:33.353+0100] {example_local_kubernetes_executor.py:41} WARNING - Install Kubernetes dependencies with: pip install apache-airflow[cncf.kubernetes]
[2025-09-27T23:27:33.354+0100] {processor.py:927} WARNING - No viable dags retrieved from /home/engineer/project/airflow_env/lib/python3.12/site-packages/airflow/example_dags/example_local_kubernetes_executor.py
[2025-09-27T23:27:33.363+0100] {processor.py:208} INFO - Processing /home/engineer/project/airflow_env/lib/python3.12/site-packages/airflow/example_dags/example_local_kubernetes_executor.py took 0.025 seconds
[2025-09-27T23:28:26.456+0100] {processor.py:186} INFO - Started process (PID=20324) to work on /home/engineer/project/airflow_env/lib/python3.12/site-packages/airflow/example_dags/example_local_kubernetes_executor.py
[2025-09-27T23:28:26.457+0100] {processor.py:914} INFO - Processing file /home/engineer/project/airflow_env/lib/python3.12/site-packages/airflow/example_dags/example_local_kubernetes_executor.py for tasks to queue
[2025-09-27T23:28:26.459+0100] {logging_mixin.py:190} INFO - [2025-09-27T23:28:26.459+0100] {dagbag.py:588} INFO - Filling up the DagBag from /home/engineer/project/airflow_env/lib/python3.12/site-packages/airflow/example_dags/example_local_kubernetes_executor.py
[2025-09-27T23:28:26.461+0100] {logging_mixin.py:190} INFO - [2025-09-27T23:28:26.461+0100] {example_local_kubernetes_executor.py:40} WARNING - Could not import DAGs in example_local_kubernetes_executor.py
Traceback (most recent call last):
  File "/home/engineer/project/airflow_env/lib/python3.12/site-packages/airflow/example_dags/example_local_kubernetes_executor.py", line 38, in <module>
    from kubernetes.client import models as k8s
ModuleNotFoundError: No module named 'kubernetes'
[2025-09-27T23:28:26.462+0100] {logging_mixin.py:190} INFO - [2025-09-27T23:28:26.462+0100] {example_local_kubernetes_executor.py:41} WARNING - Install Kubernetes dependencies with: pip install apache-airflow[cncf.kubernetes]
[2025-09-27T23:28:26.462+0100] {processor.py:927} WARNING - No viable dags retrieved from /home/engineer/project/airflow_env/lib/python3.12/site-packages/airflow/example_dags/example_local_kubernetes_executor.py
[2025-09-27T23:28:26.469+0100] {processor.py:208} INFO - Processing /home/engineer/project/airflow_env/lib/python3.12/site-packages/airflow/example_dags/example_local_kubernetes_executor.py took 0.017 seconds
[2025-09-27T23:29:13.993+0100] {processor.py:186} INFO - Started process (PID=20512) to work on /home/engineer/project/airflow_env/lib/python3.12/site-packages/airflow/example_dags/example_local_kubernetes_executor.py
[2025-09-27T23:29:13.994+0100] {processor.py:914} INFO - Processing file /home/engineer/project/airflow_env/lib/python3.12/site-packages/airflow/example_dags/example_local_kubernetes_executor.py for tasks to queue
[2025-09-27T23:29:13.996+0100] {logging_mixin.py:190} INFO - [2025-09-27T23:29:13.996+0100] {dagbag.py:588} INFO - Filling up the DagBag from /home/engineer/project/airflow_env/lib/python3.12/site-packages/airflow/example_dags/example_local_kubernetes_executor.py
[2025-09-27T23:29:13.999+0100] {logging_mixin.py:190} INFO - [2025-09-27T23:29:13.998+0100] {example_local_kubernetes_executor.py:40} WARNING - Could not import DAGs in example_local_kubernetes_executor.py
Traceback (most recent call last):
  File "/home/engineer/project/airflow_env/lib/python3.12/site-packages/airflow/example_dags/example_local_kubernetes_executor.py", line 38, in <module>
    from kubernetes.client import models as k8s
ModuleNotFoundError: No module named 'kubernetes'
[2025-09-27T23:29:13.999+0100] {logging_mixin.py:190} INFO - [2025-09-27T23:29:13.999+0100] {example_local_kubernetes_executor.py:41} WARNING - Install Kubernetes dependencies with: pip install apache-airflow[cncf.kubernetes]
[2025-09-27T23:29:13.999+0100] {processor.py:927} WARNING - No viable dags retrieved from /home/engineer/project/airflow_env/lib/python3.12/site-packages/airflow/example_dags/example_local_kubernetes_executor.py
[2025-09-27T23:29:14.013+0100] {processor.py:208} INFO - Processing /home/engineer/project/airflow_env/lib/python3.12/site-packages/airflow/example_dags/example_local_kubernetes_executor.py took 0.027 seconds
[2025-09-27T23:30:00.260+0100] {processor.py:186} INFO - Started process (PID=20694) to work on /home/engineer/project/airflow_env/lib/python3.12/site-packages/airflow/example_dags/example_local_kubernetes_executor.py
[2025-09-27T23:30:00.267+0100] {processor.py:914} INFO - Processing file /home/engineer/project/airflow_env/lib/python3.12/site-packages/airflow/example_dags/example_local_kubernetes_executor.py for tasks to queue
[2025-09-27T23:30:00.268+0100] {logging_mixin.py:190} INFO - [2025-09-27T23:30:00.268+0100] {dagbag.py:588} INFO - Filling up the DagBag from /home/engineer/project/airflow_env/lib/python3.12/site-packages/airflow/example_dags/example_local_kubernetes_executor.py
[2025-09-27T23:30:00.270+0100] {logging_mixin.py:190} INFO - [2025-09-27T23:30:00.270+0100] {example_local_kubernetes_executor.py:40} WARNING - Could not import DAGs in example_local_kubernetes_executor.py
Traceback (most recent call last):
  File "/home/engineer/project/airflow_env/lib/python3.12/site-packages/airflow/example_dags/example_local_kubernetes_executor.py", line 38, in <module>
    from kubernetes.client import models as k8s
ModuleNotFoundError: No module named 'kubernetes'
[2025-09-27T23:30:00.270+0100] {logging_mixin.py:190} INFO - [2025-09-27T23:30:00.270+0100] {example_local_kubernetes_executor.py:41} WARNING - Install Kubernetes dependencies with: pip install apache-airflow[cncf.kubernetes]
[2025-09-27T23:30:00.270+0100] {processor.py:927} WARNING - No viable dags retrieved from /home/engineer/project/airflow_env/lib/python3.12/site-packages/airflow/example_dags/example_local_kubernetes_executor.py
[2025-09-27T23:30:00.278+0100] {processor.py:208} INFO - Processing /home/engineer/project/airflow_env/lib/python3.12/site-packages/airflow/example_dags/example_local_kubernetes_executor.py took 0.022 seconds
[2025-09-27T23:30:45.416+0100] {processor.py:186} INFO - Started process (PID=20946) to work on /home/engineer/project/airflow_env/lib/python3.12/site-packages/airflow/example_dags/example_local_kubernetes_executor.py
[2025-09-27T23:30:45.417+0100] {processor.py:914} INFO - Processing file /home/engineer/project/airflow_env/lib/python3.12/site-packages/airflow/example_dags/example_local_kubernetes_executor.py for tasks to queue
[2025-09-27T23:30:45.420+0100] {logging_mixin.py:190} INFO - [2025-09-27T23:30:45.419+0100] {dagbag.py:588} INFO - Filling up the DagBag from /home/engineer/project/airflow_env/lib/python3.12/site-packages/airflow/example_dags/example_local_kubernetes_executor.py
[2025-09-27T23:30:45.423+0100] {logging_mixin.py:190} INFO - [2025-09-27T23:30:45.422+0100] {example_local_kubernetes_executor.py:40} WARNING - Could not import DAGs in example_local_kubernetes_executor.py
Traceback (most recent call last):
  File "/home/engineer/project/airflow_env/lib/python3.12/site-packages/airflow/example_dags/example_local_kubernetes_executor.py", line 38, in <module>
    from kubernetes.client import models as k8s
ModuleNotFoundError: No module named 'kubernetes'
[2025-09-27T23:30:45.423+0100] {logging_mixin.py:190} INFO - [2025-09-27T23:30:45.423+0100] {example_local_kubernetes_executor.py:41} WARNING - Install Kubernetes dependencies with: pip install apache-airflow[cncf.kubernetes]
[2025-09-27T23:30:45.423+0100] {processor.py:927} WARNING - No viable dags retrieved from /home/engineer/project/airflow_env/lib/python3.12/site-packages/airflow/example_dags/example_local_kubernetes_executor.py
[2025-09-27T23:30:45.437+0100] {processor.py:208} INFO - Processing /home/engineer/project/airflow_env/lib/python3.12/site-packages/airflow/example_dags/example_local_kubernetes_executor.py took 0.029 seconds
[2025-09-27T23:31:37.198+0100] {processor.py:186} INFO - Started process (PID=21688) to work on /home/engineer/project/airflow_env/lib/python3.12/site-packages/airflow/example_dags/example_local_kubernetes_executor.py
[2025-09-27T23:31:37.199+0100] {processor.py:914} INFO - Processing file /home/engineer/project/airflow_env/lib/python3.12/site-packages/airflow/example_dags/example_local_kubernetes_executor.py for tasks to queue
[2025-09-27T23:31:37.200+0100] {logging_mixin.py:190} INFO - [2025-09-27T23:31:37.200+0100] {dagbag.py:588} INFO - Filling up the DagBag from /home/engineer/project/airflow_env/lib/python3.12/site-packages/airflow/example_dags/example_local_kubernetes_executor.py
[2025-09-27T23:31:37.203+0100] {logging_mixin.py:190} INFO - [2025-09-27T23:31:37.203+0100] {example_local_kubernetes_executor.py:40} WARNING - Could not import DAGs in example_local_kubernetes_executor.py
Traceback (most recent call last):
  File "/home/engineer/project/airflow_env/lib/python3.12/site-packages/airflow/example_dags/example_local_kubernetes_executor.py", line 38, in <module>
    from kubernetes.client import models as k8s
ModuleNotFoundError: No module named 'kubernetes'
[2025-09-27T23:31:37.203+0100] {logging_mixin.py:190} INFO - [2025-09-27T23:31:37.203+0100] {example_local_kubernetes_executor.py:41} WARNING - Install Kubernetes dependencies with: pip install apache-airflow[cncf.kubernetes]
[2025-09-27T23:31:37.204+0100] {processor.py:927} WARNING - No viable dags retrieved from /home/engineer/project/airflow_env/lib/python3.12/site-packages/airflow/example_dags/example_local_kubernetes_executor.py
[2025-09-27T23:31:37.298+0100] {processor.py:208} INFO - Processing /home/engineer/project/airflow_env/lib/python3.12/site-packages/airflow/example_dags/example_local_kubernetes_executor.py took 0.105 seconds
[2025-09-27T23:32:31.124+0100] {processor.py:186} INFO - Started process (PID=21989) to work on /home/engineer/project/airflow_env/lib/python3.12/site-packages/airflow/example_dags/example_local_kubernetes_executor.py
[2025-09-27T23:32:31.131+0100] {processor.py:914} INFO - Processing file /home/engineer/project/airflow_env/lib/python3.12/site-packages/airflow/example_dags/example_local_kubernetes_executor.py for tasks to queue
[2025-09-27T23:32:31.133+0100] {logging_mixin.py:190} INFO - [2025-09-27T23:32:31.132+0100] {dagbag.py:588} INFO - Filling up the DagBag from /home/engineer/project/airflow_env/lib/python3.12/site-packages/airflow/example_dags/example_local_kubernetes_executor.py
[2025-09-27T23:32:31.135+0100] {logging_mixin.py:190} INFO - [2025-09-27T23:32:31.135+0100] {example_local_kubernetes_executor.py:40} WARNING - Could not import DAGs in example_local_kubernetes_executor.py
Traceback (most recent call last):
  File "/home/engineer/project/airflow_env/lib/python3.12/site-packages/airflow/example_dags/example_local_kubernetes_executor.py", line 38, in <module>
    from kubernetes.client import models as k8s
ModuleNotFoundError: No module named 'kubernetes'
[2025-09-27T23:32:31.135+0100] {logging_mixin.py:190} INFO - [2025-09-27T23:32:31.135+0100] {example_local_kubernetes_executor.py:41} WARNING - Install Kubernetes dependencies with: pip install apache-airflow[cncf.kubernetes]
[2025-09-27T23:32:31.135+0100] {processor.py:927} WARNING - No viable dags retrieved from /home/engineer/project/airflow_env/lib/python3.12/site-packages/airflow/example_dags/example_local_kubernetes_executor.py
[2025-09-27T23:32:31.144+0100] {processor.py:208} INFO - Processing /home/engineer/project/airflow_env/lib/python3.12/site-packages/airflow/example_dags/example_local_kubernetes_executor.py took 0.025 seconds
[2025-09-27T23:33:19.537+0100] {processor.py:186} INFO - Started process (PID=22177) to work on /home/engineer/project/airflow_env/lib/python3.12/site-packages/airflow/example_dags/example_local_kubernetes_executor.py
[2025-09-27T23:33:19.544+0100] {processor.py:914} INFO - Processing file /home/engineer/project/airflow_env/lib/python3.12/site-packages/airflow/example_dags/example_local_kubernetes_executor.py for tasks to queue
[2025-09-27T23:33:19.546+0100] {logging_mixin.py:190} INFO - [2025-09-27T23:33:19.545+0100] {dagbag.py:588} INFO - Filling up the DagBag from /home/engineer/project/airflow_env/lib/python3.12/site-packages/airflow/example_dags/example_local_kubernetes_executor.py
[2025-09-27T23:33:19.549+0100] {logging_mixin.py:190} INFO - [2025-09-27T23:33:19.548+0100] {example_local_kubernetes_executor.py:40} WARNING - Could not import DAGs in example_local_kubernetes_executor.py
Traceback (most recent call last):
  File "/home/engineer/project/airflow_env/lib/python3.12/site-packages/airflow/example_dags/example_local_kubernetes_executor.py", line 38, in <module>
    from kubernetes.client import models as k8s
ModuleNotFoundError: No module named 'kubernetes'
[2025-09-27T23:33:19.549+0100] {logging_mixin.py:190} INFO - [2025-09-27T23:33:19.549+0100] {example_local_kubernetes_executor.py:41} WARNING - Install Kubernetes dependencies with: pip install apache-airflow[cncf.kubernetes]
[2025-09-27T23:33:19.550+0100] {processor.py:927} WARNING - No viable dags retrieved from /home/engineer/project/airflow_env/lib/python3.12/site-packages/airflow/example_dags/example_local_kubernetes_executor.py
[2025-09-27T23:33:19.559+0100] {processor.py:208} INFO - Processing /home/engineer/project/airflow_env/lib/python3.12/site-packages/airflow/example_dags/example_local_kubernetes_executor.py took 0.027 seconds
[2025-09-27T23:34:07.016+0100] {processor.py:186} INFO - Started process (PID=22366) to work on /home/engineer/project/airflow_env/lib/python3.12/site-packages/airflow/example_dags/example_local_kubernetes_executor.py
[2025-09-27T23:34:07.023+0100] {processor.py:914} INFO - Processing file /home/engineer/project/airflow_env/lib/python3.12/site-packages/airflow/example_dags/example_local_kubernetes_executor.py for tasks to queue
[2025-09-27T23:34:07.025+0100] {logging_mixin.py:190} INFO - [2025-09-27T23:34:07.024+0100] {dagbag.py:588} INFO - Filling up the DagBag from /home/engineer/project/airflow_env/lib/python3.12/site-packages/airflow/example_dags/example_local_kubernetes_executor.py
[2025-09-27T23:34:07.027+0100] {logging_mixin.py:190} INFO - [2025-09-27T23:34:07.027+0100] {example_local_kubernetes_executor.py:40} WARNING - Could not import DAGs in example_local_kubernetes_executor.py
Traceback (most recent call last):
  File "/home/engineer/project/airflow_env/lib/python3.12/site-packages/airflow/example_dags/example_local_kubernetes_executor.py", line 38, in <module>
    from kubernetes.client import models as k8s
ModuleNotFoundError: No module named 'kubernetes'
[2025-09-27T23:34:07.027+0100] {logging_mixin.py:190} INFO - [2025-09-27T23:34:07.027+0100] {example_local_kubernetes_executor.py:41} WARNING - Install Kubernetes dependencies with: pip install apache-airflow[cncf.kubernetes]
[2025-09-27T23:34:07.027+0100] {processor.py:927} WARNING - No viable dags retrieved from /home/engineer/project/airflow_env/lib/python3.12/site-packages/airflow/example_dags/example_local_kubernetes_executor.py
[2025-09-27T23:34:07.035+0100] {processor.py:208} INFO - Processing /home/engineer/project/airflow_env/lib/python3.12/site-packages/airflow/example_dags/example_local_kubernetes_executor.py took 0.023 seconds
[2025-09-27T23:34:57.928+0100] {processor.py:186} INFO - Started process (PID=22567) to work on /home/engineer/project/airflow_env/lib/python3.12/site-packages/airflow/example_dags/example_local_kubernetes_executor.py
[2025-09-27T23:34:57.929+0100] {processor.py:914} INFO - Processing file /home/engineer/project/airflow_env/lib/python3.12/site-packages/airflow/example_dags/example_local_kubernetes_executor.py for tasks to queue
[2025-09-27T23:34:57.931+0100] {logging_mixin.py:190} INFO - [2025-09-27T23:34:57.930+0100] {dagbag.py:588} INFO - Filling up the DagBag from /home/engineer/project/airflow_env/lib/python3.12/site-packages/airflow/example_dags/example_local_kubernetes_executor.py
[2025-09-27T23:34:57.933+0100] {logging_mixin.py:190} INFO - [2025-09-27T23:34:57.932+0100] {example_local_kubernetes_executor.py:40} WARNING - Could not import DAGs in example_local_kubernetes_executor.py
Traceback (most recent call last):
  File "/home/engineer/project/airflow_env/lib/python3.12/site-packages/airflow/example_dags/example_local_kubernetes_executor.py", line 38, in <module>
    from kubernetes.client import models as k8s
ModuleNotFoundError: No module named 'kubernetes'
[2025-09-27T23:34:57.933+0100] {logging_mixin.py:190} INFO - [2025-09-27T23:34:57.933+0100] {example_local_kubernetes_executor.py:41} WARNING - Install Kubernetes dependencies with: pip install apache-airflow[cncf.kubernetes]
[2025-09-27T23:34:57.933+0100] {processor.py:927} WARNING - No viable dags retrieved from /home/engineer/project/airflow_env/lib/python3.12/site-packages/airflow/example_dags/example_local_kubernetes_executor.py
[2025-09-27T23:34:57.941+0100] {processor.py:208} INFO - Processing /home/engineer/project/airflow_env/lib/python3.12/site-packages/airflow/example_dags/example_local_kubernetes_executor.py took 0.017 seconds
[2025-09-27T23:35:46.095+0100] {processor.py:186} INFO - Started process (PID=22762) to work on /home/engineer/project/airflow_env/lib/python3.12/site-packages/airflow/example_dags/example_local_kubernetes_executor.py
[2025-09-27T23:35:46.096+0100] {processor.py:914} INFO - Processing file /home/engineer/project/airflow_env/lib/python3.12/site-packages/airflow/example_dags/example_local_kubernetes_executor.py for tasks to queue
[2025-09-27T23:35:46.097+0100] {logging_mixin.py:190} INFO - [2025-09-27T23:35:46.097+0100] {dagbag.py:588} INFO - Filling up the DagBag from /home/engineer/project/airflow_env/lib/python3.12/site-packages/airflow/example_dags/example_local_kubernetes_executor.py
[2025-09-27T23:35:46.100+0100] {logging_mixin.py:190} INFO - [2025-09-27T23:35:46.099+0100] {example_local_kubernetes_executor.py:40} WARNING - Could not import DAGs in example_local_kubernetes_executor.py
Traceback (most recent call last):
  File "/home/engineer/project/airflow_env/lib/python3.12/site-packages/airflow/example_dags/example_local_kubernetes_executor.py", line 38, in <module>
    from kubernetes.client import models as k8s
ModuleNotFoundError: No module named 'kubernetes'
[2025-09-27T23:35:46.100+0100] {logging_mixin.py:190} INFO - [2025-09-27T23:35:46.100+0100] {example_local_kubernetes_executor.py:41} WARNING - Install Kubernetes dependencies with: pip install apache-airflow[cncf.kubernetes]
[2025-09-27T23:35:46.100+0100] {processor.py:927} WARNING - No viable dags retrieved from /home/engineer/project/airflow_env/lib/python3.12/site-packages/airflow/example_dags/example_local_kubernetes_executor.py
[2025-09-27T23:35:46.108+0100] {processor.py:208} INFO - Processing /home/engineer/project/airflow_env/lib/python3.12/site-packages/airflow/example_dags/example_local_kubernetes_executor.py took 0.017 seconds
[2025-09-27T23:36:35.608+0100] {processor.py:186} INFO - Started process (PID=22981) to work on /home/engineer/project/airflow_env/lib/python3.12/site-packages/airflow/example_dags/example_local_kubernetes_executor.py
[2025-09-27T23:36:35.609+0100] {processor.py:914} INFO - Processing file /home/engineer/project/airflow_env/lib/python3.12/site-packages/airflow/example_dags/example_local_kubernetes_executor.py for tasks to queue
[2025-09-27T23:36:35.610+0100] {logging_mixin.py:190} INFO - [2025-09-27T23:36:35.610+0100] {dagbag.py:588} INFO - Filling up the DagBag from /home/engineer/project/airflow_env/lib/python3.12/site-packages/airflow/example_dags/example_local_kubernetes_executor.py
[2025-09-27T23:36:35.613+0100] {logging_mixin.py:190} INFO - [2025-09-27T23:36:35.612+0100] {example_local_kubernetes_executor.py:40} WARNING - Could not import DAGs in example_local_kubernetes_executor.py
Traceback (most recent call last):
  File "/home/engineer/project/airflow_env/lib/python3.12/site-packages/airflow/example_dags/example_local_kubernetes_executor.py", line 38, in <module>
    from kubernetes.client import models as k8s
ModuleNotFoundError: No module named 'kubernetes'
[2025-09-27T23:36:35.613+0100] {logging_mixin.py:190} INFO - [2025-09-27T23:36:35.613+0100] {example_local_kubernetes_executor.py:41} WARNING - Install Kubernetes dependencies with: pip install apache-airflow[cncf.kubernetes]
[2025-09-27T23:36:35.613+0100] {processor.py:927} WARNING - No viable dags retrieved from /home/engineer/project/airflow_env/lib/python3.12/site-packages/airflow/example_dags/example_local_kubernetes_executor.py
[2025-09-27T23:36:35.620+0100] {processor.py:208} INFO - Processing /home/engineer/project/airflow_env/lib/python3.12/site-packages/airflow/example_dags/example_local_kubernetes_executor.py took 0.017 seconds
[2025-09-27T23:37:23.369+0100] {processor.py:186} INFO - Started process (PID=23177) to work on /home/engineer/project/airflow_env/lib/python3.12/site-packages/airflow/example_dags/example_local_kubernetes_executor.py
[2025-09-27T23:37:23.370+0100] {processor.py:914} INFO - Processing file /home/engineer/project/airflow_env/lib/python3.12/site-packages/airflow/example_dags/example_local_kubernetes_executor.py for tasks to queue
[2025-09-27T23:37:23.371+0100] {logging_mixin.py:190} INFO - [2025-09-27T23:37:23.371+0100] {dagbag.py:588} INFO - Filling up the DagBag from /home/engineer/project/airflow_env/lib/python3.12/site-packages/airflow/example_dags/example_local_kubernetes_executor.py
[2025-09-27T23:37:23.374+0100] {logging_mixin.py:190} INFO - [2025-09-27T23:37:23.373+0100] {example_local_kubernetes_executor.py:40} WARNING - Could not import DAGs in example_local_kubernetes_executor.py
Traceback (most recent call last):
  File "/home/engineer/project/airflow_env/lib/python3.12/site-packages/airflow/example_dags/example_local_kubernetes_executor.py", line 38, in <module>
    from kubernetes.client import models as k8s
ModuleNotFoundError: No module named 'kubernetes'
[2025-09-27T23:37:23.374+0100] {logging_mixin.py:190} INFO - [2025-09-27T23:37:23.374+0100] {example_local_kubernetes_executor.py:41} WARNING - Install Kubernetes dependencies with: pip install apache-airflow[cncf.kubernetes]
[2025-09-27T23:37:23.374+0100] {processor.py:927} WARNING - No viable dags retrieved from /home/engineer/project/airflow_env/lib/python3.12/site-packages/airflow/example_dags/example_local_kubernetes_executor.py
[2025-09-27T23:37:23.384+0100] {processor.py:208} INFO - Processing /home/engineer/project/airflow_env/lib/python3.12/site-packages/airflow/example_dags/example_local_kubernetes_executor.py took 0.019 seconds
[2025-09-27T23:38:49.257+0100] {processor.py:186} INFO - Started process (PID=23419) to work on /home/engineer/project/airflow_env/lib/python3.12/site-packages/airflow/example_dags/example_local_kubernetes_executor.py
[2025-09-27T23:38:49.264+0100] {processor.py:914} INFO - Processing file /home/engineer/project/airflow_env/lib/python3.12/site-packages/airflow/example_dags/example_local_kubernetes_executor.py for tasks to queue
[2025-09-27T23:38:49.266+0100] {logging_mixin.py:190} INFO - [2025-09-27T23:38:49.265+0100] {dagbag.py:588} INFO - Filling up the DagBag from /home/engineer/project/airflow_env/lib/python3.12/site-packages/airflow/example_dags/example_local_kubernetes_executor.py
[2025-09-27T23:38:49.270+0100] {logging_mixin.py:190} INFO - [2025-09-27T23:38:49.269+0100] {example_local_kubernetes_executor.py:40} WARNING - Could not import DAGs in example_local_kubernetes_executor.py
Traceback (most recent call last):
  File "/home/engineer/project/airflow_env/lib/python3.12/site-packages/airflow/example_dags/example_local_kubernetes_executor.py", line 38, in <module>
    from kubernetes.client import models as k8s
ModuleNotFoundError: No module named 'kubernetes'
[2025-09-27T23:38:49.271+0100] {logging_mixin.py:190} INFO - [2025-09-27T23:38:49.271+0100] {example_local_kubernetes_executor.py:41} WARNING - Install Kubernetes dependencies with: pip install apache-airflow[cncf.kubernetes]
[2025-09-27T23:38:49.271+0100] {processor.py:927} WARNING - No viable dags retrieved from /home/engineer/project/airflow_env/lib/python3.12/site-packages/airflow/example_dags/example_local_kubernetes_executor.py
[2025-09-27T23:38:49.282+0100] {processor.py:208} INFO - Processing /home/engineer/project/airflow_env/lib/python3.12/site-packages/airflow/example_dags/example_local_kubernetes_executor.py took 0.031 seconds
[2025-09-27T23:39:38.872+0100] {processor.py:186} INFO - Started process (PID=23614) to work on /home/engineer/project/airflow_env/lib/python3.12/site-packages/airflow/example_dags/example_local_kubernetes_executor.py
[2025-09-27T23:39:38.879+0100] {processor.py:914} INFO - Processing file /home/engineer/project/airflow_env/lib/python3.12/site-packages/airflow/example_dags/example_local_kubernetes_executor.py for tasks to queue
[2025-09-27T23:39:38.881+0100] {logging_mixin.py:190} INFO - [2025-09-27T23:39:38.880+0100] {dagbag.py:588} INFO - Filling up the DagBag from /home/engineer/project/airflow_env/lib/python3.12/site-packages/airflow/example_dags/example_local_kubernetes_executor.py
[2025-09-27T23:39:38.883+0100] {logging_mixin.py:190} INFO - [2025-09-27T23:39:38.883+0100] {example_local_kubernetes_executor.py:40} WARNING - Could not import DAGs in example_local_kubernetes_executor.py
Traceback (most recent call last):
  File "/home/engineer/project/airflow_env/lib/python3.12/site-packages/airflow/example_dags/example_local_kubernetes_executor.py", line 38, in <module>
    from kubernetes.client import models as k8s
ModuleNotFoundError: No module named 'kubernetes'
[2025-09-27T23:39:38.884+0100] {logging_mixin.py:190} INFO - [2025-09-27T23:39:38.884+0100] {example_local_kubernetes_executor.py:41} WARNING - Install Kubernetes dependencies with: pip install apache-airflow[cncf.kubernetes]
[2025-09-27T23:39:38.884+0100] {processor.py:927} WARNING - No viable dags retrieved from /home/engineer/project/airflow_env/lib/python3.12/site-packages/airflow/example_dags/example_local_kubernetes_executor.py
[2025-09-27T23:39:38.893+0100] {processor.py:208} INFO - Processing /home/engineer/project/airflow_env/lib/python3.12/site-packages/airflow/example_dags/example_local_kubernetes_executor.py took 0.026 seconds
[2025-09-27T23:40:28.009+0100] {processor.py:186} INFO - Started process (PID=23810) to work on /home/engineer/project/airflow_env/lib/python3.12/site-packages/airflow/example_dags/example_local_kubernetes_executor.py
[2025-09-27T23:40:28.016+0100] {processor.py:914} INFO - Processing file /home/engineer/project/airflow_env/lib/python3.12/site-packages/airflow/example_dags/example_local_kubernetes_executor.py for tasks to queue
[2025-09-27T23:40:28.017+0100] {logging_mixin.py:190} INFO - [2025-09-27T23:40:28.017+0100] {dagbag.py:588} INFO - Filling up the DagBag from /home/engineer/project/airflow_env/lib/python3.12/site-packages/airflow/example_dags/example_local_kubernetes_executor.py
[2025-09-27T23:40:28.020+0100] {logging_mixin.py:190} INFO - [2025-09-27T23:40:28.020+0100] {example_local_kubernetes_executor.py:40} WARNING - Could not import DAGs in example_local_kubernetes_executor.py
Traceback (most recent call last):
  File "/home/engineer/project/airflow_env/lib/python3.12/site-packages/airflow/example_dags/example_local_kubernetes_executor.py", line 38, in <module>
    from kubernetes.client import models as k8s
ModuleNotFoundError: No module named 'kubernetes'
[2025-09-27T23:40:28.021+0100] {logging_mixin.py:190} INFO - [2025-09-27T23:40:28.021+0100] {example_local_kubernetes_executor.py:41} WARNING - Install Kubernetes dependencies with: pip install apache-airflow[cncf.kubernetes]
[2025-09-27T23:40:28.021+0100] {processor.py:927} WARNING - No viable dags retrieved from /home/engineer/project/airflow_env/lib/python3.12/site-packages/airflow/example_dags/example_local_kubernetes_executor.py
[2025-09-27T23:40:28.031+0100] {processor.py:208} INFO - Processing /home/engineer/project/airflow_env/lib/python3.12/site-packages/airflow/example_dags/example_local_kubernetes_executor.py took 0.027 seconds
[2025-09-27T23:41:17.344+0100] {processor.py:186} INFO - Started process (PID=24005) to work on /home/engineer/project/airflow_env/lib/python3.12/site-packages/airflow/example_dags/example_local_kubernetes_executor.py
[2025-09-27T23:41:17.351+0100] {processor.py:914} INFO - Processing file /home/engineer/project/airflow_env/lib/python3.12/site-packages/airflow/example_dags/example_local_kubernetes_executor.py for tasks to queue
[2025-09-27T23:41:17.353+0100] {logging_mixin.py:190} INFO - [2025-09-27T23:41:17.353+0100] {dagbag.py:588} INFO - Filling up the DagBag from /home/engineer/project/airflow_env/lib/python3.12/site-packages/airflow/example_dags/example_local_kubernetes_executor.py
[2025-09-27T23:41:17.355+0100] {logging_mixin.py:190} INFO - [2025-09-27T23:41:17.355+0100] {example_local_kubernetes_executor.py:40} WARNING - Could not import DAGs in example_local_kubernetes_executor.py
Traceback (most recent call last):
  File "/home/engineer/project/airflow_env/lib/python3.12/site-packages/airflow/example_dags/example_local_kubernetes_executor.py", line 38, in <module>
    from kubernetes.client import models as k8s
ModuleNotFoundError: No module named 'kubernetes'
[2025-09-27T23:41:17.355+0100] {logging_mixin.py:190} INFO - [2025-09-27T23:41:17.355+0100] {example_local_kubernetes_executor.py:41} WARNING - Install Kubernetes dependencies with: pip install apache-airflow[cncf.kubernetes]
[2025-09-27T23:41:17.355+0100] {processor.py:927} WARNING - No viable dags retrieved from /home/engineer/project/airflow_env/lib/python3.12/site-packages/airflow/example_dags/example_local_kubernetes_executor.py
[2025-09-27T23:41:17.363+0100] {processor.py:208} INFO - Processing /home/engineer/project/airflow_env/lib/python3.12/site-packages/airflow/example_dags/example_local_kubernetes_executor.py took 0.023 seconds
[2025-09-27T23:42:08.023+0100] {processor.py:186} INFO - Started process (PID=24232) to work on /home/engineer/project/airflow_env/lib/python3.12/site-packages/airflow/example_dags/example_local_kubernetes_executor.py
[2025-09-27T23:42:08.030+0100] {processor.py:914} INFO - Processing file /home/engineer/project/airflow_env/lib/python3.12/site-packages/airflow/example_dags/example_local_kubernetes_executor.py for tasks to queue
[2025-09-27T23:42:08.031+0100] {logging_mixin.py:190} INFO - [2025-09-27T23:42:08.031+0100] {dagbag.py:588} INFO - Filling up the DagBag from /home/engineer/project/airflow_env/lib/python3.12/site-packages/airflow/example_dags/example_local_kubernetes_executor.py
[2025-09-27T23:42:08.034+0100] {logging_mixin.py:190} INFO - [2025-09-27T23:42:08.034+0100] {example_local_kubernetes_executor.py:40} WARNING - Could not import DAGs in example_local_kubernetes_executor.py
Traceback (most recent call last):
  File "/home/engineer/project/airflow_env/lib/python3.12/site-packages/airflow/example_dags/example_local_kubernetes_executor.py", line 38, in <module>
    from kubernetes.client import models as k8s
ModuleNotFoundError: No module named 'kubernetes'
[2025-09-27T23:42:08.035+0100] {logging_mixin.py:190} INFO - [2025-09-27T23:42:08.035+0100] {example_local_kubernetes_executor.py:41} WARNING - Install Kubernetes dependencies with: pip install apache-airflow[cncf.kubernetes]
[2025-09-27T23:42:08.035+0100] {processor.py:927} WARNING - No viable dags retrieved from /home/engineer/project/airflow_env/lib/python3.12/site-packages/airflow/example_dags/example_local_kubernetes_executor.py
[2025-09-27T23:42:08.045+0100] {processor.py:208} INFO - Processing /home/engineer/project/airflow_env/lib/python3.12/site-packages/airflow/example_dags/example_local_kubernetes_executor.py took 0.028 seconds
[2025-09-27T23:42:57.605+0100] {processor.py:186} INFO - Started process (PID=24429) to work on /home/engineer/project/airflow_env/lib/python3.12/site-packages/airflow/example_dags/example_local_kubernetes_executor.py
[2025-09-27T23:42:57.612+0100] {processor.py:914} INFO - Processing file /home/engineer/project/airflow_env/lib/python3.12/site-packages/airflow/example_dags/example_local_kubernetes_executor.py for tasks to queue
[2025-09-27T23:42:57.614+0100] {logging_mixin.py:190} INFO - [2025-09-27T23:42:57.614+0100] {dagbag.py:588} INFO - Filling up the DagBag from /home/engineer/project/airflow_env/lib/python3.12/site-packages/airflow/example_dags/example_local_kubernetes_executor.py
[2025-09-27T23:42:57.618+0100] {logging_mixin.py:190} INFO - [2025-09-27T23:42:57.617+0100] {example_local_kubernetes_executor.py:40} WARNING - Could not import DAGs in example_local_kubernetes_executor.py
Traceback (most recent call last):
  File "/home/engineer/project/airflow_env/lib/python3.12/site-packages/airflow/example_dags/example_local_kubernetes_executor.py", line 38, in <module>
    from kubernetes.client import models as k8s
ModuleNotFoundError: No module named 'kubernetes'
[2025-09-27T23:42:57.618+0100] {logging_mixin.py:190} INFO - [2025-09-27T23:42:57.618+0100] {example_local_kubernetes_executor.py:41} WARNING - Install Kubernetes dependencies with: pip install apache-airflow[cncf.kubernetes]
[2025-09-27T23:42:57.618+0100] {processor.py:927} WARNING - No viable dags retrieved from /home/engineer/project/airflow_env/lib/python3.12/site-packages/airflow/example_dags/example_local_kubernetes_executor.py
[2025-09-27T23:42:57.629+0100] {processor.py:208} INFO - Processing /home/engineer/project/airflow_env/lib/python3.12/site-packages/airflow/example_dags/example_local_kubernetes_executor.py took 0.032 seconds
[2025-09-27T23:43:49.847+0100] {processor.py:186} INFO - Started process (PID=24699) to work on /home/engineer/project/airflow_env/lib/python3.12/site-packages/airflow/example_dags/example_local_kubernetes_executor.py
[2025-09-27T23:43:49.854+0100] {processor.py:914} INFO - Processing file /home/engineer/project/airflow_env/lib/python3.12/site-packages/airflow/example_dags/example_local_kubernetes_executor.py for tasks to queue
[2025-09-27T23:43:49.855+0100] {logging_mixin.py:190} INFO - [2025-09-27T23:43:49.855+0100] {dagbag.py:588} INFO - Filling up the DagBag from /home/engineer/project/airflow_env/lib/python3.12/site-packages/airflow/example_dags/example_local_kubernetes_executor.py
[2025-09-27T23:43:49.858+0100] {logging_mixin.py:190} INFO - [2025-09-27T23:43:49.857+0100] {example_local_kubernetes_executor.py:40} WARNING - Could not import DAGs in example_local_kubernetes_executor.py
Traceback (most recent call last):
  File "/home/engineer/project/airflow_env/lib/python3.12/site-packages/airflow/example_dags/example_local_kubernetes_executor.py", line 38, in <module>
    from kubernetes.client import models as k8s
ModuleNotFoundError: No module named 'kubernetes'
[2025-09-27T23:43:49.858+0100] {logging_mixin.py:190} INFO - [2025-09-27T23:43:49.858+0100] {example_local_kubernetes_executor.py:41} WARNING - Install Kubernetes dependencies with: pip install apache-airflow[cncf.kubernetes]
[2025-09-27T23:43:49.858+0100] {processor.py:927} WARNING - No viable dags retrieved from /home/engineer/project/airflow_env/lib/python3.12/site-packages/airflow/example_dags/example_local_kubernetes_executor.py
[2025-09-27T23:43:49.868+0100] {processor.py:208} INFO - Processing /home/engineer/project/airflow_env/lib/python3.12/site-packages/airflow/example_dags/example_local_kubernetes_executor.py took 0.025 seconds
