[2025-09-27T23:27:15.648+0100] {processor.py:186} INFO - Started process (PID=19980) to work on /home/engineer/project/airflow_env/lib/python3.12/site-packages/airflow/example_dags/example_datasets.py
[2025-09-27T23:27:15.649+0100] {processor.py:914} INFO - Processing file /home/engineer/project/airflow_env/lib/python3.12/site-packages/airflow/example_dags/example_datasets.py for tasks to queue
[2025-09-27T23:27:15.650+0100] {logging_mixin.py:190} INFO - [2025-09-27T23:27:15.650+0100] {dagbag.py:588} INFO - Filling up the DagBag from /home/engineer/project/airflow_env/lib/python3.12/site-packages/airflow/example_dags/example_datasets.py
[2025-09-27T23:27:15.661+0100] {processor.py:925} INFO - DAG(s) 'dataset_consumes_1', 'dataset_produces_1', 'dataset_consumes_1_and_2', 'dataset_produces_2', 'dataset_consumes_1_never_scheduled', 'consume_1_or_both_2_and_3_with_dataset_expressions', 'consume_1_and_2_with_dataset_expressions', 'consume_1_or_2_with_dataset_expressions', 'dataset_consumes_unknown_never_scheduled', 'conditional_dataset_and_time_based_timetable' retrieved from /home/engineer/project/airflow_env/lib/python3.12/site-packages/airflow/example_dags/example_datasets.py
[2025-09-27T23:27:15.728+0100] {logging_mixin.py:190} INFO - [2025-09-27T23:27:15.728+0100] {override.py:1900} INFO - Created Permission View: can delete on DAG:dataset_consumes_1
[2025-09-27T23:27:15.736+0100] {logging_mixin.py:190} INFO - [2025-09-27T23:27:15.735+0100] {override.py:1900} INFO - Created Permission View: can read on DAG:dataset_consumes_1
[2025-09-27T23:27:15.741+0100] {logging_mixin.py:190} INFO - [2025-09-27T23:27:15.741+0100] {override.py:1900} INFO - Created Permission View: can edit on DAG:dataset_consumes_1
[2025-09-27T23:27:15.750+0100] {logging_mixin.py:190} INFO - [2025-09-27T23:27:15.750+0100] {override.py:1900} INFO - Created Permission View: can delete on DAG Run:dataset_consumes_1
[2025-09-27T23:27:15.756+0100] {logging_mixin.py:190} INFO - [2025-09-27T23:27:15.756+0100] {override.py:1900} INFO - Created Permission View: can read on DAG Run:dataset_consumes_1
[2025-09-27T23:27:15.761+0100] {logging_mixin.py:190} INFO - [2025-09-27T23:27:15.761+0100] {override.py:1900} INFO - Created Permission View: can create on DAG Run:dataset_consumes_1
[2025-09-27T23:27:15.766+0100] {logging_mixin.py:190} INFO - [2025-09-27T23:27:15.766+0100] {override.py:1900} INFO - Created Permission View: menu access on DAG Run:dataset_consumes_1
[2025-09-27T23:27:15.778+0100] {logging_mixin.py:190} INFO - [2025-09-27T23:27:15.778+0100] {override.py:1900} INFO - Created Permission View: can delete on DAG:dataset_produces_1
[2025-09-27T23:27:15.783+0100] {logging_mixin.py:190} INFO - [2025-09-27T23:27:15.783+0100] {override.py:1900} INFO - Created Permission View: can read on DAG:dataset_produces_1
[2025-09-27T23:27:15.789+0100] {logging_mixin.py:190} INFO - [2025-09-27T23:27:15.789+0100] {override.py:1900} INFO - Created Permission View: can edit on DAG:dataset_produces_1
[2025-09-27T23:27:15.799+0100] {logging_mixin.py:190} INFO - [2025-09-27T23:27:15.798+0100] {override.py:1900} INFO - Created Permission View: can delete on DAG Run:dataset_produces_1
[2025-09-27T23:27:15.804+0100] {logging_mixin.py:190} INFO - [2025-09-27T23:27:15.804+0100] {override.py:1900} INFO - Created Permission View: can read on DAG Run:dataset_produces_1
[2025-09-27T23:27:15.809+0100] {logging_mixin.py:190} INFO - [2025-09-27T23:27:15.809+0100] {override.py:1900} INFO - Created Permission View: can create on DAG Run:dataset_produces_1
[2025-09-27T23:27:15.816+0100] {logging_mixin.py:190} INFO - [2025-09-27T23:27:15.816+0100] {override.py:1900} INFO - Created Permission View: menu access on DAG Run:dataset_produces_1
[2025-09-27T23:27:15.828+0100] {logging_mixin.py:190} INFO - [2025-09-27T23:27:15.828+0100] {override.py:1900} INFO - Created Permission View: can delete on DAG:dataset_consumes_1_and_2
[2025-09-27T23:27:15.833+0100] {logging_mixin.py:190} INFO - [2025-09-27T23:27:15.833+0100] {override.py:1900} INFO - Created Permission View: can read on DAG:dataset_consumes_1_and_2
[2025-09-27T23:27:15.839+0100] {logging_mixin.py:190} INFO - [2025-09-27T23:27:15.838+0100] {override.py:1900} INFO - Created Permission View: can edit on DAG:dataset_consumes_1_and_2
[2025-09-27T23:27:15.848+0100] {logging_mixin.py:190} INFO - [2025-09-27T23:27:15.848+0100] {override.py:1900} INFO - Created Permission View: can delete on DAG Run:dataset_consumes_1_and_2
[2025-09-27T23:27:15.855+0100] {logging_mixin.py:190} INFO - [2025-09-27T23:27:15.854+0100] {override.py:1900} INFO - Created Permission View: can read on DAG Run:dataset_consumes_1_and_2
[2025-09-27T23:27:15.864+0100] {logging_mixin.py:190} INFO - [2025-09-27T23:27:15.863+0100] {override.py:1900} INFO - Created Permission View: can create on DAG Run:dataset_consumes_1_and_2
[2025-09-27T23:27:15.874+0100] {logging_mixin.py:190} INFO - [2025-09-27T23:27:15.873+0100] {override.py:1900} INFO - Created Permission View: menu access on DAG Run:dataset_consumes_1_and_2
[2025-09-27T23:27:15.890+0100] {logging_mixin.py:190} INFO - [2025-09-27T23:27:15.890+0100] {override.py:1900} INFO - Created Permission View: can delete on DAG:dataset_produces_2
[2025-09-27T23:27:15.896+0100] {logging_mixin.py:190} INFO - [2025-09-27T23:27:15.895+0100] {override.py:1900} INFO - Created Permission View: can read on DAG:dataset_produces_2
[2025-09-27T23:27:15.902+0100] {logging_mixin.py:190} INFO - [2025-09-27T23:27:15.901+0100] {override.py:1900} INFO - Created Permission View: can edit on DAG:dataset_produces_2
[2025-09-27T23:27:15.912+0100] {logging_mixin.py:190} INFO - [2025-09-27T23:27:15.911+0100] {override.py:1900} INFO - Created Permission View: can delete on DAG Run:dataset_produces_2
[2025-09-27T23:27:15.918+0100] {logging_mixin.py:190} INFO - [2025-09-27T23:27:15.918+0100] {override.py:1900} INFO - Created Permission View: can read on DAG Run:dataset_produces_2
[2025-09-27T23:27:15.924+0100] {logging_mixin.py:190} INFO - [2025-09-27T23:27:15.924+0100] {override.py:1900} INFO - Created Permission View: can create on DAG Run:dataset_produces_2
[2025-09-27T23:27:15.929+0100] {logging_mixin.py:190} INFO - [2025-09-27T23:27:15.929+0100] {override.py:1900} INFO - Created Permission View: menu access on DAG Run:dataset_produces_2
[2025-09-27T23:27:15.944+0100] {logging_mixin.py:190} INFO - [2025-09-27T23:27:15.943+0100] {override.py:1900} INFO - Created Permission View: can delete on DAG:dataset_consumes_1_never_scheduled
[2025-09-27T23:27:15.951+0100] {logging_mixin.py:190} INFO - [2025-09-27T23:27:15.950+0100] {override.py:1900} INFO - Created Permission View: can read on DAG:dataset_consumes_1_never_scheduled
[2025-09-27T23:27:15.958+0100] {logging_mixin.py:190} INFO - [2025-09-27T23:27:15.957+0100] {override.py:1900} INFO - Created Permission View: can edit on DAG:dataset_consumes_1_never_scheduled
[2025-09-27T23:27:15.967+0100] {logging_mixin.py:190} INFO - [2025-09-27T23:27:15.967+0100] {override.py:1900} INFO - Created Permission View: can delete on DAG Run:dataset_consumes_1_never_scheduled
[2025-09-27T23:27:15.972+0100] {logging_mixin.py:190} INFO - [2025-09-27T23:27:15.972+0100] {override.py:1900} INFO - Created Permission View: can read on DAG Run:dataset_consumes_1_never_scheduled
[2025-09-27T23:27:15.978+0100] {logging_mixin.py:190} INFO - [2025-09-27T23:27:15.978+0100] {override.py:1900} INFO - Created Permission View: can create on DAG Run:dataset_consumes_1_never_scheduled
[2025-09-27T23:27:15.983+0100] {logging_mixin.py:190} INFO - [2025-09-27T23:27:15.983+0100] {override.py:1900} INFO - Created Permission View: menu access on DAG Run:dataset_consumes_1_never_scheduled
[2025-09-27T23:27:15.996+0100] {logging_mixin.py:190} INFO - [2025-09-27T23:27:15.995+0100] {override.py:1900} INFO - Created Permission View: can delete on DAG:consume_1_or_both_2_and_3_with_dataset_expressions
[2025-09-27T23:27:16.001+0100] {logging_mixin.py:190} INFO - [2025-09-27T23:27:16.001+0100] {override.py:1900} INFO - Created Permission View: can read on DAG:consume_1_or_both_2_and_3_with_dataset_expressions
[2025-09-27T23:27:16.007+0100] {logging_mixin.py:190} INFO - [2025-09-27T23:27:16.007+0100] {override.py:1900} INFO - Created Permission View: can edit on DAG:consume_1_or_both_2_and_3_with_dataset_expressions
[2025-09-27T23:27:16.019+0100] {logging_mixin.py:190} INFO - [2025-09-27T23:27:16.018+0100] {override.py:1900} INFO - Created Permission View: can delete on DAG Run:consume_1_or_both_2_and_3_with_dataset_expressions
[2025-09-27T23:27:16.026+0100] {logging_mixin.py:190} INFO - [2025-09-27T23:27:16.025+0100] {override.py:1900} INFO - Created Permission View: can read on DAG Run:consume_1_or_both_2_and_3_with_dataset_expressions
[2025-09-27T23:27:16.033+0100] {logging_mixin.py:190} INFO - [2025-09-27T23:27:16.032+0100] {override.py:1900} INFO - Created Permission View: can create on DAG Run:consume_1_or_both_2_and_3_with_dataset_expressions
[2025-09-27T23:27:16.040+0100] {logging_mixin.py:190} INFO - [2025-09-27T23:27:16.040+0100] {override.py:1900} INFO - Created Permission View: menu access on DAG Run:consume_1_or_both_2_and_3_with_dataset_expressions
[2025-09-27T23:27:16.055+0100] {logging_mixin.py:190} INFO - [2025-09-27T23:27:16.055+0100] {override.py:1900} INFO - Created Permission View: can delete on DAG:consume_1_and_2_with_dataset_expressions
[2025-09-27T23:27:16.064+0100] {logging_mixin.py:190} INFO - [2025-09-27T23:27:16.063+0100] {override.py:1900} INFO - Created Permission View: can read on DAG:consume_1_and_2_with_dataset_expressions
[2025-09-27T23:27:16.071+0100] {logging_mixin.py:190} INFO - [2025-09-27T23:27:16.071+0100] {override.py:1900} INFO - Created Permission View: can edit on DAG:consume_1_and_2_with_dataset_expressions
[2025-09-27T23:27:16.080+0100] {logging_mixin.py:190} INFO - [2025-09-27T23:27:16.080+0100] {override.py:1900} INFO - Created Permission View: can delete on DAG Run:consume_1_and_2_with_dataset_expressions
[2025-09-27T23:27:16.088+0100] {logging_mixin.py:190} INFO - [2025-09-27T23:27:16.087+0100] {override.py:1900} INFO - Created Permission View: can read on DAG Run:consume_1_and_2_with_dataset_expressions
[2025-09-27T23:27:16.093+0100] {logging_mixin.py:190} INFO - [2025-09-27T23:27:16.093+0100] {override.py:1900} INFO - Created Permission View: can create on DAG Run:consume_1_and_2_with_dataset_expressions
[2025-09-27T23:27:16.099+0100] {logging_mixin.py:190} INFO - [2025-09-27T23:27:16.099+0100] {override.py:1900} INFO - Created Permission View: menu access on DAG Run:consume_1_and_2_with_dataset_expressions
[2025-09-27T23:27:16.111+0100] {logging_mixin.py:190} INFO - [2025-09-27T23:27:16.111+0100] {override.py:1900} INFO - Created Permission View: can delete on DAG:consume_1_or_2_with_dataset_expressions
[2025-09-27T23:27:16.116+0100] {logging_mixin.py:190} INFO - [2025-09-27T23:27:16.116+0100] {override.py:1900} INFO - Created Permission View: can read on DAG:consume_1_or_2_with_dataset_expressions
[2025-09-27T23:27:16.121+0100] {logging_mixin.py:190} INFO - [2025-09-27T23:27:16.121+0100] {override.py:1900} INFO - Created Permission View: can edit on DAG:consume_1_or_2_with_dataset_expressions
[2025-09-27T23:27:16.133+0100] {logging_mixin.py:190} INFO - [2025-09-27T23:27:16.132+0100] {override.py:1900} INFO - Created Permission View: can delete on DAG Run:consume_1_or_2_with_dataset_expressions
[2025-09-27T23:27:16.138+0100] {logging_mixin.py:190} INFO - [2025-09-27T23:27:16.138+0100] {override.py:1900} INFO - Created Permission View: can read on DAG Run:consume_1_or_2_with_dataset_expressions
[2025-09-27T23:27:16.144+0100] {logging_mixin.py:190} INFO - [2025-09-27T23:27:16.143+0100] {override.py:1900} INFO - Created Permission View: can create on DAG Run:consume_1_or_2_with_dataset_expressions
[2025-09-27T23:27:16.149+0100] {logging_mixin.py:190} INFO - [2025-09-27T23:27:16.149+0100] {override.py:1900} INFO - Created Permission View: menu access on DAG Run:consume_1_or_2_with_dataset_expressions
[2025-09-27T23:27:16.163+0100] {logging_mixin.py:190} INFO - [2025-09-27T23:27:16.162+0100] {override.py:1900} INFO - Created Permission View: can delete on DAG:dataset_consumes_unknown_never_scheduled
[2025-09-27T23:27:16.168+0100] {logging_mixin.py:190} INFO - [2025-09-27T23:27:16.168+0100] {override.py:1900} INFO - Created Permission View: can read on DAG:dataset_consumes_unknown_never_scheduled
[2025-09-27T23:27:16.174+0100] {logging_mixin.py:190} INFO - [2025-09-27T23:27:16.174+0100] {override.py:1900} INFO - Created Permission View: can edit on DAG:dataset_consumes_unknown_never_scheduled
[2025-09-27T23:27:16.183+0100] {logging_mixin.py:190} INFO - [2025-09-27T23:27:16.183+0100] {override.py:1900} INFO - Created Permission View: can delete on DAG Run:dataset_consumes_unknown_never_scheduled
[2025-09-27T23:27:16.188+0100] {logging_mixin.py:190} INFO - [2025-09-27T23:27:16.188+0100] {override.py:1900} INFO - Created Permission View: can read on DAG Run:dataset_consumes_unknown_never_scheduled
[2025-09-27T23:27:16.194+0100] {logging_mixin.py:190} INFO - [2025-09-27T23:27:16.193+0100] {override.py:1900} INFO - Created Permission View: can create on DAG Run:dataset_consumes_unknown_never_scheduled
[2025-09-27T23:27:16.199+0100] {logging_mixin.py:190} INFO - [2025-09-27T23:27:16.199+0100] {override.py:1900} INFO - Created Permission View: menu access on DAG Run:dataset_consumes_unknown_never_scheduled
[2025-09-27T23:27:16.211+0100] {logging_mixin.py:190} INFO - [2025-09-27T23:27:16.211+0100] {override.py:1900} INFO - Created Permission View: can delete on DAG:conditional_dataset_and_time_based_timetable
[2025-09-27T23:27:16.216+0100] {logging_mixin.py:190} INFO - [2025-09-27T23:27:16.216+0100] {override.py:1900} INFO - Created Permission View: can read on DAG:conditional_dataset_and_time_based_timetable
[2025-09-27T23:27:16.221+0100] {logging_mixin.py:190} INFO - [2025-09-27T23:27:16.221+0100] {override.py:1900} INFO - Created Permission View: can edit on DAG:conditional_dataset_and_time_based_timetable
[2025-09-27T23:27:16.229+0100] {logging_mixin.py:190} INFO - [2025-09-27T23:27:16.229+0100] {override.py:1900} INFO - Created Permission View: can delete on DAG Run:conditional_dataset_and_time_based_timetable
[2025-09-27T23:27:16.234+0100] {logging_mixin.py:190} INFO - [2025-09-27T23:27:16.233+0100] {override.py:1900} INFO - Created Permission View: can read on DAG Run:conditional_dataset_and_time_based_timetable
[2025-09-27T23:27:16.239+0100] {logging_mixin.py:190} INFO - [2025-09-27T23:27:16.239+0100] {override.py:1900} INFO - Created Permission View: can create on DAG Run:conditional_dataset_and_time_based_timetable
[2025-09-27T23:27:16.244+0100] {logging_mixin.py:190} INFO - [2025-09-27T23:27:16.243+0100] {override.py:1900} INFO - Created Permission View: menu access on DAG Run:conditional_dataset_and_time_based_timetable
[2025-09-27T23:27:16.244+0100] {logging_mixin.py:190} INFO - [2025-09-27T23:27:16.244+0100] {dag.py:3239} INFO - Sync 10 DAGs
[2025-09-27T23:27:16.252+0100] {logging_mixin.py:190} INFO - [2025-09-27T23:27:16.252+0100] {dag.py:3262} INFO - Creating ORM DAG for dataset_consumes_1_never_scheduled
[2025-09-27T23:27:16.252+0100] {logging_mixin.py:190} INFO - [2025-09-27T23:27:16.252+0100] {dag.py:3262} INFO - Creating ORM DAG for conditional_dataset_and_time_based_timetable
[2025-09-27T23:27:16.252+0100] {logging_mixin.py:190} INFO - [2025-09-27T23:27:16.252+0100] {dag.py:3262} INFO - Creating ORM DAG for dataset_consumes_1_and_2
[2025-09-27T23:27:16.253+0100] {logging_mixin.py:190} INFO - [2025-09-27T23:27:16.253+0100] {dag.py:3262} INFO - Creating ORM DAG for consume_1_or_both_2_and_3_with_dataset_expressions
[2025-09-27T23:27:16.253+0100] {logging_mixin.py:190} INFO - [2025-09-27T23:27:16.253+0100] {dag.py:3262} INFO - Creating ORM DAG for consume_1_and_2_with_dataset_expressions
[2025-09-27T23:27:16.253+0100] {logging_mixin.py:190} INFO - [2025-09-27T23:27:16.253+0100] {dag.py:3262} INFO - Creating ORM DAG for dataset_consumes_unknown_never_scheduled
[2025-09-27T23:27:16.253+0100] {logging_mixin.py:190} INFO - [2025-09-27T23:27:16.253+0100] {dag.py:3262} INFO - Creating ORM DAG for dataset_produces_1
[2025-09-27T23:27:16.254+0100] {logging_mixin.py:190} INFO - [2025-09-27T23:27:16.254+0100] {dag.py:3262} INFO - Creating ORM DAG for consume_1_or_2_with_dataset_expressions
[2025-09-27T23:27:16.254+0100] {logging_mixin.py:190} INFO - [2025-09-27T23:27:16.254+0100] {dag.py:3262} INFO - Creating ORM DAG for dataset_consumes_1
[2025-09-27T23:27:16.254+0100] {logging_mixin.py:190} INFO - [2025-09-27T23:27:16.254+0100] {dag.py:3262} INFO - Creating ORM DAG for dataset_produces_2
[2025-09-27T23:27:16.260+0100] {logging_mixin.py:190} INFO - [2025-09-27T23:27:16.259+0100] {dag.py:4180} INFO - Setting next_dagrun for conditional_dataset_and_time_based_timetable to 2025-09-24 01:00:00+00:00, run_after=2025-09-24 01:00:00+00:00
[2025-09-27T23:27:16.260+0100] {logging_mixin.py:190} INFO - [2025-09-27T23:27:16.260+0100] {dag.py:4180} INFO - Setting next_dagrun for consume_1_and_2_with_dataset_expressions to None, run_after=None
[2025-09-27T23:27:16.260+0100] {logging_mixin.py:190} INFO - [2025-09-27T23:27:16.260+0100] {dag.py:4180} INFO - Setting next_dagrun for consume_1_or_2_with_dataset_expressions to None, run_after=None
[2025-09-27T23:27:16.260+0100] {logging_mixin.py:190} INFO - [2025-09-27T23:27:16.260+0100] {dag.py:4180} INFO - Setting next_dagrun for consume_1_or_both_2_and_3_with_dataset_expressions to None, run_after=None
[2025-09-27T23:27:16.260+0100] {logging_mixin.py:190} INFO - [2025-09-27T23:27:16.260+0100] {dag.py:4180} INFO - Setting next_dagrun for dataset_consumes_1 to None, run_after=None
[2025-09-27T23:27:16.261+0100] {logging_mixin.py:190} INFO - [2025-09-27T23:27:16.261+0100] {dag.py:4180} INFO - Setting next_dagrun for dataset_consumes_1_and_2 to None, run_after=None
[2025-09-27T23:27:16.261+0100] {logging_mixin.py:190} INFO - [2025-09-27T23:27:16.261+0100] {dag.py:4180} INFO - Setting next_dagrun for dataset_consumes_1_never_scheduled to None, run_after=None
[2025-09-27T23:27:16.261+0100] {logging_mixin.py:190} INFO - [2025-09-27T23:27:16.261+0100] {dag.py:4180} INFO - Setting next_dagrun for dataset_consumes_unknown_never_scheduled to None, run_after=None
[2025-09-27T23:27:16.262+0100] {logging_mixin.py:190} INFO - [2025-09-27T23:27:16.262+0100] {dag.py:4180} INFO - Setting next_dagrun for dataset_produces_1 to 2025-09-26 00:00:00+00:00, run_after=2025-09-27 00:00:00+00:00
[2025-09-27T23:27:16.262+0100] {logging_mixin.py:190} INFO - [2025-09-27T23:27:16.262+0100] {dag.py:4180} INFO - Setting next_dagrun for dataset_produces_2 to None, run_after=None
[2025-09-27T23:27:16.285+0100] {processor.py:208} INFO - Processing /home/engineer/project/airflow_env/lib/python3.12/site-packages/airflow/example_dags/example_datasets.py took 0.640 seconds
[2025-09-27T23:28:11.030+0100] {processor.py:186} INFO - Started process (PID=20259) to work on /home/engineer/project/airflow_env/lib/python3.12/site-packages/airflow/example_dags/example_datasets.py
[2025-09-27T23:28:11.036+0100] {processor.py:914} INFO - Processing file /home/engineer/project/airflow_env/lib/python3.12/site-packages/airflow/example_dags/example_datasets.py for tasks to queue
[2025-09-27T23:28:11.038+0100] {logging_mixin.py:190} INFO - [2025-09-27T23:28:11.038+0100] {dagbag.py:588} INFO - Filling up the DagBag from /home/engineer/project/airflow_env/lib/python3.12/site-packages/airflow/example_dags/example_datasets.py
[2025-09-27T23:28:11.047+0100] {processor.py:925} INFO - DAG(s) 'consume_1_or_2_with_dataset_expressions', 'dataset_consumes_1_and_2', 'conditional_dataset_and_time_based_timetable', 'consume_1_or_both_2_and_3_with_dataset_expressions', 'consume_1_and_2_with_dataset_expressions', 'dataset_consumes_1', 'dataset_produces_2', 'dataset_produces_1', 'dataset_consumes_unknown_never_scheduled', 'dataset_consumes_1_never_scheduled' retrieved from /home/engineer/project/airflow_env/lib/python3.12/site-packages/airflow/example_dags/example_datasets.py
[2025-09-27T23:28:11.067+0100] {logging_mixin.py:190} INFO - [2025-09-27T23:28:11.067+0100] {dag.py:3239} INFO - Sync 10 DAGs
[2025-09-27T23:28:11.082+0100] {logging_mixin.py:190} INFO - [2025-09-27T23:28:11.082+0100] {dag.py:4180} INFO - Setting next_dagrun for conditional_dataset_and_time_based_timetable to 2025-09-24 01:00:00+00:00, run_after=2025-09-24 01:00:00+00:00
[2025-09-27T23:28:11.084+0100] {logging_mixin.py:190} INFO - [2025-09-27T23:28:11.084+0100] {dag.py:4180} INFO - Setting next_dagrun for consume_1_and_2_with_dataset_expressions to None, run_after=None
[2025-09-27T23:28:11.085+0100] {logging_mixin.py:190} INFO - [2025-09-27T23:28:11.084+0100] {dag.py:4180} INFO - Setting next_dagrun for consume_1_or_2_with_dataset_expressions to None, run_after=None
[2025-09-27T23:28:11.085+0100] {logging_mixin.py:190} INFO - [2025-09-27T23:28:11.085+0100] {dag.py:4180} INFO - Setting next_dagrun for consume_1_or_both_2_and_3_with_dataset_expressions to None, run_after=None
[2025-09-27T23:28:11.085+0100] {logging_mixin.py:190} INFO - [2025-09-27T23:28:11.085+0100] {dag.py:4180} INFO - Setting next_dagrun for dataset_consumes_1 to None, run_after=None
[2025-09-27T23:28:11.086+0100] {logging_mixin.py:190} INFO - [2025-09-27T23:28:11.086+0100] {dag.py:4180} INFO - Setting next_dagrun for dataset_consumes_1_and_2 to None, run_after=None
[2025-09-27T23:28:11.086+0100] {logging_mixin.py:190} INFO - [2025-09-27T23:28:11.086+0100] {dag.py:4180} INFO - Setting next_dagrun for dataset_consumes_1_never_scheduled to None, run_after=None
[2025-09-27T23:28:11.087+0100] {logging_mixin.py:190} INFO - [2025-09-27T23:28:11.087+0100] {dag.py:4180} INFO - Setting next_dagrun for dataset_consumes_unknown_never_scheduled to None, run_after=None
[2025-09-27T23:28:11.088+0100] {logging_mixin.py:190} INFO - [2025-09-27T23:28:11.088+0100] {dag.py:4180} INFO - Setting next_dagrun for dataset_produces_1 to 2025-09-26 00:00:00+00:00, run_after=2025-09-27 00:00:00+00:00
[2025-09-27T23:28:11.088+0100] {logging_mixin.py:190} INFO - [2025-09-27T23:28:11.088+0100] {dag.py:4180} INFO - Setting next_dagrun for dataset_produces_2 to None, run_after=None
[2025-09-27T23:28:11.110+0100] {processor.py:208} INFO - Processing /home/engineer/project/airflow_env/lib/python3.12/site-packages/airflow/example_dags/example_datasets.py took 0.085 seconds
[2025-09-27T23:29:19.874+0100] {processor.py:186} INFO - Started process (PID=20538) to work on /home/engineer/project/airflow_env/lib/python3.12/site-packages/airflow/example_dags/example_datasets.py
[2025-09-27T23:29:19.875+0100] {processor.py:914} INFO - Processing file /home/engineer/project/airflow_env/lib/python3.12/site-packages/airflow/example_dags/example_datasets.py for tasks to queue
[2025-09-27T23:29:19.876+0100] {logging_mixin.py:190} INFO - [2025-09-27T23:29:19.876+0100] {dagbag.py:588} INFO - Filling up the DagBag from /home/engineer/project/airflow_env/lib/python3.12/site-packages/airflow/example_dags/example_datasets.py
[2025-09-27T23:29:19.888+0100] {processor.py:925} INFO - DAG(s) 'dataset_consumes_1_never_scheduled', 'consume_1_or_both_2_and_3_with_dataset_expressions', 'consume_1_or_2_with_dataset_expressions', 'dataset_consumes_1_and_2', 'consume_1_and_2_with_dataset_expressions', 'dataset_produces_2', 'dataset_produces_1', 'dataset_consumes_unknown_never_scheduled', 'conditional_dataset_and_time_based_timetable', 'dataset_consumes_1' retrieved from /home/engineer/project/airflow_env/lib/python3.12/site-packages/airflow/example_dags/example_datasets.py
[2025-09-27T23:29:19.909+0100] {logging_mixin.py:190} INFO - [2025-09-27T23:29:19.909+0100] {dag.py:3239} INFO - Sync 10 DAGs
[2025-09-27T23:29:19.926+0100] {logging_mixin.py:190} INFO - [2025-09-27T23:29:19.926+0100] {dag.py:4180} INFO - Setting next_dagrun for conditional_dataset_and_time_based_timetable to 2025-09-24 01:00:00+00:00, run_after=2025-09-24 01:00:00+00:00
[2025-09-27T23:29:19.928+0100] {logging_mixin.py:190} INFO - [2025-09-27T23:29:19.928+0100] {dag.py:4180} INFO - Setting next_dagrun for consume_1_and_2_with_dataset_expressions to None, run_after=None
[2025-09-27T23:29:19.928+0100] {logging_mixin.py:190} INFO - [2025-09-27T23:29:19.928+0100] {dag.py:4180} INFO - Setting next_dagrun for consume_1_or_2_with_dataset_expressions to None, run_after=None
[2025-09-27T23:29:19.929+0100] {logging_mixin.py:190} INFO - [2025-09-27T23:29:19.929+0100] {dag.py:4180} INFO - Setting next_dagrun for consume_1_or_both_2_and_3_with_dataset_expressions to None, run_after=None
[2025-09-27T23:29:19.929+0100] {logging_mixin.py:190} INFO - [2025-09-27T23:29:19.929+0100] {dag.py:4180} INFO - Setting next_dagrun for dataset_consumes_1 to None, run_after=None
[2025-09-27T23:29:19.930+0100] {logging_mixin.py:190} INFO - [2025-09-27T23:29:19.930+0100] {dag.py:4180} INFO - Setting next_dagrun for dataset_consumes_1_and_2 to None, run_after=None
[2025-09-27T23:29:19.930+0100] {logging_mixin.py:190} INFO - [2025-09-27T23:29:19.930+0100] {dag.py:4180} INFO - Setting next_dagrun for dataset_consumes_1_never_scheduled to None, run_after=None
[2025-09-27T23:29:19.931+0100] {logging_mixin.py:190} INFO - [2025-09-27T23:29:19.931+0100] {dag.py:4180} INFO - Setting next_dagrun for dataset_consumes_unknown_never_scheduled to None, run_after=None
[2025-09-27T23:29:19.932+0100] {logging_mixin.py:190} INFO - [2025-09-27T23:29:19.932+0100] {dag.py:4180} INFO - Setting next_dagrun for dataset_produces_1 to 2025-09-26 00:00:00+00:00, run_after=2025-09-27 00:00:00+00:00
[2025-09-27T23:29:19.933+0100] {logging_mixin.py:190} INFO - [2025-09-27T23:29:19.933+0100] {dag.py:4180} INFO - Setting next_dagrun for dataset_produces_2 to None, run_after=None
[2025-09-27T23:29:19.958+0100] {processor.py:208} INFO - Processing /home/engineer/project/airflow_env/lib/python3.12/site-packages/airflow/example_dags/example_datasets.py took 0.088 seconds
[2025-09-27T23:30:29.389+0100] {processor.py:186} INFO - Started process (PID=20861) to work on /home/engineer/project/airflow_env/lib/python3.12/site-packages/airflow/example_dags/example_datasets.py
[2025-09-27T23:30:29.391+0100] {processor.py:914} INFO - Processing file /home/engineer/project/airflow_env/lib/python3.12/site-packages/airflow/example_dags/example_datasets.py for tasks to queue
[2025-09-27T23:30:29.393+0100] {logging_mixin.py:190} INFO - [2025-09-27T23:30:29.393+0100] {dagbag.py:588} INFO - Filling up the DagBag from /home/engineer/project/airflow_env/lib/python3.12/site-packages/airflow/example_dags/example_datasets.py
[2025-09-27T23:30:29.407+0100] {processor.py:925} INFO - DAG(s) 'dataset_consumes_1_never_scheduled', 'dataset_consumes_1_and_2', 'consume_1_and_2_with_dataset_expressions', 'dataset_consumes_unknown_never_scheduled', 'dataset_produces_2', 'dataset_produces_1', 'dataset_consumes_1', 'consume_1_or_2_with_dataset_expressions', 'conditional_dataset_and_time_based_timetable', 'consume_1_or_both_2_and_3_with_dataset_expressions' retrieved from /home/engineer/project/airflow_env/lib/python3.12/site-packages/airflow/example_dags/example_datasets.py
[2025-09-27T23:30:29.434+0100] {logging_mixin.py:190} INFO - [2025-09-27T23:30:29.434+0100] {dag.py:3239} INFO - Sync 10 DAGs
[2025-09-27T23:30:29.452+0100] {logging_mixin.py:190} INFO - [2025-09-27T23:30:29.452+0100] {dag.py:4180} INFO - Setting next_dagrun for conditional_dataset_and_time_based_timetable to 2025-09-24 01:00:00+00:00, run_after=2025-09-24 01:00:00+00:00
[2025-09-27T23:30:29.455+0100] {logging_mixin.py:190} INFO - [2025-09-27T23:30:29.454+0100] {dag.py:4180} INFO - Setting next_dagrun for consume_1_and_2_with_dataset_expressions to None, run_after=None
[2025-09-27T23:30:29.455+0100] {logging_mixin.py:190} INFO - [2025-09-27T23:30:29.455+0100] {dag.py:4180} INFO - Setting next_dagrun for consume_1_or_2_with_dataset_expressions to None, run_after=None
[2025-09-27T23:30:29.456+0100] {logging_mixin.py:190} INFO - [2025-09-27T23:30:29.455+0100] {dag.py:4180} INFO - Setting next_dagrun for consume_1_or_both_2_and_3_with_dataset_expressions to None, run_after=None
[2025-09-27T23:30:29.456+0100] {logging_mixin.py:190} INFO - [2025-09-27T23:30:29.456+0100] {dag.py:4180} INFO - Setting next_dagrun for dataset_consumes_1 to None, run_after=None
[2025-09-27T23:30:29.457+0100] {logging_mixin.py:190} INFO - [2025-09-27T23:30:29.456+0100] {dag.py:4180} INFO - Setting next_dagrun for dataset_consumes_1_and_2 to None, run_after=None
[2025-09-27T23:30:29.457+0100] {logging_mixin.py:190} INFO - [2025-09-27T23:30:29.457+0100] {dag.py:4180} INFO - Setting next_dagrun for dataset_consumes_1_never_scheduled to None, run_after=None
[2025-09-27T23:30:29.458+0100] {logging_mixin.py:190} INFO - [2025-09-27T23:30:29.457+0100] {dag.py:4180} INFO - Setting next_dagrun for dataset_consumes_unknown_never_scheduled to None, run_after=None
[2025-09-27T23:30:29.459+0100] {logging_mixin.py:190} INFO - [2025-09-27T23:30:29.459+0100] {dag.py:4180} INFO - Setting next_dagrun for dataset_produces_1 to 2025-09-26 00:00:00+00:00, run_after=2025-09-27 00:00:00+00:00
[2025-09-27T23:30:29.460+0100] {logging_mixin.py:190} INFO - [2025-09-27T23:30:29.460+0100] {dag.py:4180} INFO - Setting next_dagrun for dataset_produces_2 to None, run_after=None
[2025-09-27T23:30:29.486+0100] {processor.py:208} INFO - Processing /home/engineer/project/airflow_env/lib/python3.12/site-packages/airflow/example_dags/example_datasets.py took 0.102 seconds
[2025-09-27T23:31:47.650+0100] {processor.py:186} INFO - Started process (PID=21728) to work on /home/engineer/project/airflow_env/lib/python3.12/site-packages/airflow/example_dags/example_datasets.py
[2025-09-27T23:31:47.658+0100] {processor.py:914} INFO - Processing file /home/engineer/project/airflow_env/lib/python3.12/site-packages/airflow/example_dags/example_datasets.py for tasks to queue
[2025-09-27T23:31:47.659+0100] {logging_mixin.py:190} INFO - [2025-09-27T23:31:47.659+0100] {dagbag.py:588} INFO - Filling up the DagBag from /home/engineer/project/airflow_env/lib/python3.12/site-packages/airflow/example_dags/example_datasets.py
[2025-09-27T23:31:47.670+0100] {processor.py:925} INFO - DAG(s) 'consume_1_or_both_2_and_3_with_dataset_expressions', 'dataset_consumes_1', 'consume_1_and_2_with_dataset_expressions', 'dataset_consumes_1_and_2', 'conditional_dataset_and_time_based_timetable', 'consume_1_or_2_with_dataset_expressions', 'dataset_produces_1', 'dataset_consumes_1_never_scheduled', 'dataset_consumes_unknown_never_scheduled', 'dataset_produces_2' retrieved from /home/engineer/project/airflow_env/lib/python3.12/site-packages/airflow/example_dags/example_datasets.py
[2025-09-27T23:31:47.693+0100] {logging_mixin.py:190} INFO - [2025-09-27T23:31:47.693+0100] {dag.py:3239} INFO - Sync 10 DAGs
[2025-09-27T23:31:47.711+0100] {logging_mixin.py:190} INFO - [2025-09-27T23:31:47.711+0100] {dag.py:4180} INFO - Setting next_dagrun for conditional_dataset_and_time_based_timetable to 2025-09-24 01:00:00+00:00, run_after=2025-09-24 01:00:00+00:00
[2025-09-27T23:31:47.713+0100] {logging_mixin.py:190} INFO - [2025-09-27T23:31:47.713+0100] {dag.py:4180} INFO - Setting next_dagrun for consume_1_and_2_with_dataset_expressions to None, run_after=None
[2025-09-27T23:31:47.715+0100] {logging_mixin.py:190} INFO - [2025-09-27T23:31:47.715+0100] {dag.py:4180} INFO - Setting next_dagrun for consume_1_or_2_with_dataset_expressions to None, run_after=None
[2025-09-27T23:31:47.716+0100] {logging_mixin.py:190} INFO - [2025-09-27T23:31:47.716+0100] {dag.py:4180} INFO - Setting next_dagrun for consume_1_or_both_2_and_3_with_dataset_expressions to None, run_after=None
[2025-09-27T23:31:47.716+0100] {logging_mixin.py:190} INFO - [2025-09-27T23:31:47.716+0100] {dag.py:4180} INFO - Setting next_dagrun for dataset_consumes_1 to None, run_after=None
[2025-09-27T23:31:47.717+0100] {logging_mixin.py:190} INFO - [2025-09-27T23:31:47.717+0100] {dag.py:4180} INFO - Setting next_dagrun for dataset_consumes_1_and_2 to None, run_after=None
[2025-09-27T23:31:47.717+0100] {logging_mixin.py:190} INFO - [2025-09-27T23:31:47.717+0100] {dag.py:4180} INFO - Setting next_dagrun for dataset_consumes_1_never_scheduled to None, run_after=None
[2025-09-27T23:31:47.718+0100] {logging_mixin.py:190} INFO - [2025-09-27T23:31:47.718+0100] {dag.py:4180} INFO - Setting next_dagrun for dataset_consumes_unknown_never_scheduled to None, run_after=None
[2025-09-27T23:31:47.720+0100] {logging_mixin.py:190} INFO - [2025-09-27T23:31:47.720+0100] {dag.py:4180} INFO - Setting next_dagrun for dataset_produces_1 to 2025-09-26 00:00:00+00:00, run_after=2025-09-27 00:00:00+00:00
[2025-09-27T23:31:47.720+0100] {logging_mixin.py:190} INFO - [2025-09-27T23:31:47.720+0100] {dag.py:4180} INFO - Setting next_dagrun for dataset_produces_2 to None, run_after=None
[2025-09-27T23:31:47.745+0100] {processor.py:208} INFO - Processing /home/engineer/project/airflow_env/lib/python3.12/site-packages/airflow/example_dags/example_datasets.py took 0.099 seconds
[2025-09-27T23:32:41.410+0100] {processor.py:186} INFO - Started process (PID=22030) to work on /home/engineer/project/airflow_env/lib/python3.12/site-packages/airflow/example_dags/example_datasets.py
[2025-09-27T23:32:41.412+0100] {processor.py:914} INFO - Processing file /home/engineer/project/airflow_env/lib/python3.12/site-packages/airflow/example_dags/example_datasets.py for tasks to queue
[2025-09-27T23:32:41.414+0100] {logging_mixin.py:190} INFO - [2025-09-27T23:32:41.413+0100] {dagbag.py:588} INFO - Filling up the DagBag from /home/engineer/project/airflow_env/lib/python3.12/site-packages/airflow/example_dags/example_datasets.py
[2025-09-27T23:32:41.424+0100] {processor.py:925} INFO - DAG(s) 'dataset_consumes_1_and_2', 'dataset_consumes_unknown_never_scheduled', 'conditional_dataset_and_time_based_timetable', 'dataset_produces_2', 'consume_1_or_2_with_dataset_expressions', 'consume_1_and_2_with_dataset_expressions', 'consume_1_or_both_2_and_3_with_dataset_expressions', 'dataset_consumes_1', 'dataset_consumes_1_never_scheduled', 'dataset_produces_1' retrieved from /home/engineer/project/airflow_env/lib/python3.12/site-packages/airflow/example_dags/example_datasets.py
[2025-09-27T23:32:41.445+0100] {logging_mixin.py:190} INFO - [2025-09-27T23:32:41.444+0100] {dag.py:3239} INFO - Sync 10 DAGs
[2025-09-27T23:32:41.460+0100] {logging_mixin.py:190} INFO - [2025-09-27T23:32:41.460+0100] {dag.py:4180} INFO - Setting next_dagrun for conditional_dataset_and_time_based_timetable to 2025-09-24 01:00:00+00:00, run_after=2025-09-24 01:00:00+00:00
[2025-09-27T23:32:41.462+0100] {logging_mixin.py:190} INFO - [2025-09-27T23:32:41.462+0100] {dag.py:4180} INFO - Setting next_dagrun for consume_1_and_2_with_dataset_expressions to None, run_after=None
[2025-09-27T23:32:41.463+0100] {logging_mixin.py:190} INFO - [2025-09-27T23:32:41.463+0100] {dag.py:4180} INFO - Setting next_dagrun for consume_1_or_2_with_dataset_expressions to None, run_after=None
[2025-09-27T23:32:41.464+0100] {logging_mixin.py:190} INFO - [2025-09-27T23:32:41.463+0100] {dag.py:4180} INFO - Setting next_dagrun for consume_1_or_both_2_and_3_with_dataset_expressions to None, run_after=None
[2025-09-27T23:32:41.464+0100] {logging_mixin.py:190} INFO - [2025-09-27T23:32:41.464+0100] {dag.py:4180} INFO - Setting next_dagrun for dataset_consumes_1 to None, run_after=None
[2025-09-27T23:32:41.464+0100] {logging_mixin.py:190} INFO - [2025-09-27T23:32:41.464+0100] {dag.py:4180} INFO - Setting next_dagrun for dataset_consumes_1_and_2 to None, run_after=None
[2025-09-27T23:32:41.465+0100] {logging_mixin.py:190} INFO - [2025-09-27T23:32:41.465+0100] {dag.py:4180} INFO - Setting next_dagrun for dataset_consumes_1_never_scheduled to None, run_after=None
[2025-09-27T23:32:41.465+0100] {logging_mixin.py:190} INFO - [2025-09-27T23:32:41.465+0100] {dag.py:4180} INFO - Setting next_dagrun for dataset_consumes_unknown_never_scheduled to None, run_after=None
[2025-09-27T23:32:41.466+0100] {logging_mixin.py:190} INFO - [2025-09-27T23:32:41.466+0100] {dag.py:4180} INFO - Setting next_dagrun for dataset_produces_1 to 2025-09-26 00:00:00+00:00, run_after=2025-09-27 00:00:00+00:00
[2025-09-27T23:32:41.467+0100] {logging_mixin.py:190} INFO - [2025-09-27T23:32:41.467+0100] {dag.py:4180} INFO - Setting next_dagrun for dataset_produces_2 to None, run_after=None
[2025-09-27T23:32:41.490+0100] {processor.py:208} INFO - Processing /home/engineer/project/airflow_env/lib/python3.12/site-packages/airflow/example_dags/example_datasets.py took 0.084 seconds
[2025-09-27T23:33:53.606+0100] {processor.py:186} INFO - Started process (PID=22315) to work on /home/engineer/project/airflow_env/lib/python3.12/site-packages/airflow/example_dags/example_datasets.py
[2025-09-27T23:33:53.613+0100] {processor.py:914} INFO - Processing file /home/engineer/project/airflow_env/lib/python3.12/site-packages/airflow/example_dags/example_datasets.py for tasks to queue
[2025-09-27T23:33:53.615+0100] {logging_mixin.py:190} INFO - [2025-09-27T23:33:53.615+0100] {dagbag.py:588} INFO - Filling up the DagBag from /home/engineer/project/airflow_env/lib/python3.12/site-packages/airflow/example_dags/example_datasets.py
[2025-09-27T23:33:53.625+0100] {processor.py:925} INFO - DAG(s) 'dataset_consumes_unknown_never_scheduled', 'consume_1_or_2_with_dataset_expressions', 'conditional_dataset_and_time_based_timetable', 'dataset_consumes_1_never_scheduled', 'dataset_consumes_1', 'consume_1_and_2_with_dataset_expressions', 'dataset_consumes_1_and_2', 'consume_1_or_both_2_and_3_with_dataset_expressions', 'dataset_produces_2', 'dataset_produces_1' retrieved from /home/engineer/project/airflow_env/lib/python3.12/site-packages/airflow/example_dags/example_datasets.py
[2025-09-27T23:33:53.645+0100] {logging_mixin.py:190} INFO - [2025-09-27T23:33:53.645+0100] {dag.py:3239} INFO - Sync 10 DAGs
[2025-09-27T23:33:53.660+0100] {logging_mixin.py:190} INFO - [2025-09-27T23:33:53.660+0100] {dag.py:4180} INFO - Setting next_dagrun for conditional_dataset_and_time_based_timetable to 2025-09-24 01:00:00+00:00, run_after=2025-09-24 01:00:00+00:00
[2025-09-27T23:33:53.662+0100] {logging_mixin.py:190} INFO - [2025-09-27T23:33:53.662+0100] {dag.py:4180} INFO - Setting next_dagrun for consume_1_and_2_with_dataset_expressions to None, run_after=None
[2025-09-27T23:33:53.662+0100] {logging_mixin.py:190} INFO - [2025-09-27T23:33:53.662+0100] {dag.py:4180} INFO - Setting next_dagrun for consume_1_or_2_with_dataset_expressions to None, run_after=None
[2025-09-27T23:33:53.663+0100] {logging_mixin.py:190} INFO - [2025-09-27T23:33:53.663+0100] {dag.py:4180} INFO - Setting next_dagrun for consume_1_or_both_2_and_3_with_dataset_expressions to None, run_after=None
[2025-09-27T23:33:53.663+0100] {logging_mixin.py:190} INFO - [2025-09-27T23:33:53.663+0100] {dag.py:4180} INFO - Setting next_dagrun for dataset_consumes_1 to None, run_after=None
[2025-09-27T23:33:53.664+0100] {logging_mixin.py:190} INFO - [2025-09-27T23:33:53.664+0100] {dag.py:4180} INFO - Setting next_dagrun for dataset_consumes_1_and_2 to None, run_after=None
[2025-09-27T23:33:53.664+0100] {logging_mixin.py:190} INFO - [2025-09-27T23:33:53.664+0100] {dag.py:4180} INFO - Setting next_dagrun for dataset_consumes_1_never_scheduled to None, run_after=None
[2025-09-27T23:33:53.665+0100] {logging_mixin.py:190} INFO - [2025-09-27T23:33:53.665+0100] {dag.py:4180} INFO - Setting next_dagrun for dataset_consumes_unknown_never_scheduled to None, run_after=None
[2025-09-27T23:33:53.666+0100] {logging_mixin.py:190} INFO - [2025-09-27T23:33:53.666+0100] {dag.py:4180} INFO - Setting next_dagrun for dataset_produces_1 to 2025-09-26 00:00:00+00:00, run_after=2025-09-27 00:00:00+00:00
[2025-09-27T23:33:53.667+0100] {logging_mixin.py:190} INFO - [2025-09-27T23:33:53.666+0100] {dag.py:4180} INFO - Setting next_dagrun for dataset_produces_2 to None, run_after=None
[2025-09-27T23:33:53.691+0100] {processor.py:208} INFO - Processing /home/engineer/project/airflow_env/lib/python3.12/site-packages/airflow/example_dags/example_datasets.py took 0.089 seconds
[2025-09-27T23:35:08.201+0100] {processor.py:186} INFO - Started process (PID=22608) to work on /home/engineer/project/airflow_env/lib/python3.12/site-packages/airflow/example_dags/example_datasets.py
[2025-09-27T23:35:08.208+0100] {processor.py:914} INFO - Processing file /home/engineer/project/airflow_env/lib/python3.12/site-packages/airflow/example_dags/example_datasets.py for tasks to queue
[2025-09-27T23:35:08.210+0100] {logging_mixin.py:190} INFO - [2025-09-27T23:35:08.209+0100] {dagbag.py:588} INFO - Filling up the DagBag from /home/engineer/project/airflow_env/lib/python3.12/site-packages/airflow/example_dags/example_datasets.py
[2025-09-27T23:35:08.220+0100] {processor.py:925} INFO - DAG(s) 'dataset_produces_2', 'dataset_consumes_unknown_never_scheduled', 'consume_1_and_2_with_dataset_expressions', 'dataset_consumes_1', 'consume_1_or_both_2_and_3_with_dataset_expressions', 'dataset_consumes_1_never_scheduled', 'dataset_produces_1', 'consume_1_or_2_with_dataset_expressions', 'dataset_consumes_1_and_2', 'conditional_dataset_and_time_based_timetable' retrieved from /home/engineer/project/airflow_env/lib/python3.12/site-packages/airflow/example_dags/example_datasets.py
[2025-09-27T23:35:08.240+0100] {logging_mixin.py:190} INFO - [2025-09-27T23:35:08.240+0100] {dag.py:3239} INFO - Sync 10 DAGs
[2025-09-27T23:35:08.254+0100] {logging_mixin.py:190} INFO - [2025-09-27T23:35:08.254+0100] {dag.py:4180} INFO - Setting next_dagrun for conditional_dataset_and_time_based_timetable to 2025-09-24 01:00:00+00:00, run_after=2025-09-24 01:00:00+00:00
[2025-09-27T23:35:08.256+0100] {logging_mixin.py:190} INFO - [2025-09-27T23:35:08.256+0100] {dag.py:4180} INFO - Setting next_dagrun for consume_1_and_2_with_dataset_expressions to None, run_after=None
[2025-09-27T23:35:08.257+0100] {logging_mixin.py:190} INFO - [2025-09-27T23:35:08.257+0100] {dag.py:4180} INFO - Setting next_dagrun for consume_1_or_2_with_dataset_expressions to None, run_after=None
[2025-09-27T23:35:08.257+0100] {logging_mixin.py:190} INFO - [2025-09-27T23:35:08.257+0100] {dag.py:4180} INFO - Setting next_dagrun for consume_1_or_both_2_and_3_with_dataset_expressions to None, run_after=None
[2025-09-27T23:35:08.258+0100] {logging_mixin.py:190} INFO - [2025-09-27T23:35:08.258+0100] {dag.py:4180} INFO - Setting next_dagrun for dataset_consumes_1 to None, run_after=None
[2025-09-27T23:35:08.258+0100] {logging_mixin.py:190} INFO - [2025-09-27T23:35:08.258+0100] {dag.py:4180} INFO - Setting next_dagrun for dataset_consumes_1_and_2 to None, run_after=None
[2025-09-27T23:35:08.259+0100] {logging_mixin.py:190} INFO - [2025-09-27T23:35:08.259+0100] {dag.py:4180} INFO - Setting next_dagrun for dataset_consumes_1_never_scheduled to None, run_after=None
[2025-09-27T23:35:08.259+0100] {logging_mixin.py:190} INFO - [2025-09-27T23:35:08.259+0100] {dag.py:4180} INFO - Setting next_dagrun for dataset_consumes_unknown_never_scheduled to None, run_after=None
[2025-09-27T23:35:08.260+0100] {logging_mixin.py:190} INFO - [2025-09-27T23:35:08.260+0100] {dag.py:4180} INFO - Setting next_dagrun for dataset_produces_1 to 2025-09-26 00:00:00+00:00, run_after=2025-09-27 00:00:00+00:00
[2025-09-27T23:35:08.261+0100] {logging_mixin.py:190} INFO - [2025-09-27T23:35:08.261+0100] {dag.py:4180} INFO - Setting next_dagrun for dataset_produces_2 to None, run_after=None
[2025-09-27T23:35:08.281+0100] {processor.py:208} INFO - Processing /home/engineer/project/airflow_env/lib/python3.12/site-packages/airflow/example_dags/example_datasets.py took 0.083 seconds
[2025-09-27T23:36:22.310+0100] {processor.py:186} INFO - Started process (PID=22930) to work on /home/engineer/project/airflow_env/lib/python3.12/site-packages/airflow/example_dags/example_datasets.py
[2025-09-27T23:36:22.311+0100] {processor.py:914} INFO - Processing file /home/engineer/project/airflow_env/lib/python3.12/site-packages/airflow/example_dags/example_datasets.py for tasks to queue
[2025-09-27T23:36:22.312+0100] {logging_mixin.py:190} INFO - [2025-09-27T23:36:22.312+0100] {dagbag.py:588} INFO - Filling up the DagBag from /home/engineer/project/airflow_env/lib/python3.12/site-packages/airflow/example_dags/example_datasets.py
[2025-09-27T23:36:22.322+0100] {processor.py:925} INFO - DAG(s) 'consume_1_and_2_with_dataset_expressions', 'dataset_consumes_1_and_2', 'dataset_consumes_1', 'consume_1_or_both_2_and_3_with_dataset_expressions', 'dataset_consumes_unknown_never_scheduled', 'consume_1_or_2_with_dataset_expressions', 'dataset_produces_1', 'conditional_dataset_and_time_based_timetable', 'dataset_consumes_1_never_scheduled', 'dataset_produces_2' retrieved from /home/engineer/project/airflow_env/lib/python3.12/site-packages/airflow/example_dags/example_datasets.py
[2025-09-27T23:36:22.342+0100] {logging_mixin.py:190} INFO - [2025-09-27T23:36:22.342+0100] {dag.py:3239} INFO - Sync 10 DAGs
[2025-09-27T23:36:22.358+0100] {logging_mixin.py:190} INFO - [2025-09-27T23:36:22.358+0100] {dag.py:4180} INFO - Setting next_dagrun for conditional_dataset_and_time_based_timetable to 2025-09-24 01:00:00+00:00, run_after=2025-09-24 01:00:00+00:00
[2025-09-27T23:36:22.360+0100] {logging_mixin.py:190} INFO - [2025-09-27T23:36:22.360+0100] {dag.py:4180} INFO - Setting next_dagrun for consume_1_and_2_with_dataset_expressions to None, run_after=None
[2025-09-27T23:36:22.361+0100] {logging_mixin.py:190} INFO - [2025-09-27T23:36:22.361+0100] {dag.py:4180} INFO - Setting next_dagrun for consume_1_or_2_with_dataset_expressions to None, run_after=None
[2025-09-27T23:36:22.361+0100] {logging_mixin.py:190} INFO - [2025-09-27T23:36:22.361+0100] {dag.py:4180} INFO - Setting next_dagrun for consume_1_or_both_2_and_3_with_dataset_expressions to None, run_after=None
[2025-09-27T23:36:22.363+0100] {logging_mixin.py:190} INFO - [2025-09-27T23:36:22.362+0100] {dag.py:4180} INFO - Setting next_dagrun for dataset_consumes_1 to None, run_after=None
[2025-09-27T23:36:22.363+0100] {logging_mixin.py:190} INFO - [2025-09-27T23:36:22.363+0100] {dag.py:4180} INFO - Setting next_dagrun for dataset_consumes_1_and_2 to None, run_after=None
[2025-09-27T23:36:22.364+0100] {logging_mixin.py:190} INFO - [2025-09-27T23:36:22.363+0100] {dag.py:4180} INFO - Setting next_dagrun for dataset_consumes_1_never_scheduled to None, run_after=None
[2025-09-27T23:36:22.364+0100] {logging_mixin.py:190} INFO - [2025-09-27T23:36:22.364+0100] {dag.py:4180} INFO - Setting next_dagrun for dataset_consumes_unknown_never_scheduled to None, run_after=None
[2025-09-27T23:36:22.365+0100] {logging_mixin.py:190} INFO - [2025-09-27T23:36:22.365+0100] {dag.py:4180} INFO - Setting next_dagrun for dataset_produces_1 to 2025-09-26 00:00:00+00:00, run_after=2025-09-27 00:00:00+00:00
[2025-09-27T23:36:22.366+0100] {logging_mixin.py:190} INFO - [2025-09-27T23:36:22.366+0100] {dag.py:4180} INFO - Setting next_dagrun for dataset_produces_2 to None, run_after=None
[2025-09-27T23:36:22.387+0100] {processor.py:208} INFO - Processing /home/engineer/project/airflow_env/lib/python3.12/site-packages/airflow/example_dags/example_datasets.py took 0.081 seconds
[2025-09-27T23:37:33.081+0100] {processor.py:186} INFO - Started process (PID=23211) to work on /home/engineer/project/airflow_env/lib/python3.12/site-packages/airflow/example_dags/example_datasets.py
[2025-09-27T23:37:33.083+0100] {processor.py:914} INFO - Processing file /home/engineer/project/airflow_env/lib/python3.12/site-packages/airflow/example_dags/example_datasets.py for tasks to queue
[2025-09-27T23:37:33.083+0100] {logging_mixin.py:190} INFO - [2025-09-27T23:37:33.083+0100] {dagbag.py:588} INFO - Filling up the DagBag from /home/engineer/project/airflow_env/lib/python3.12/site-packages/airflow/example_dags/example_datasets.py
[2025-09-27T23:37:33.094+0100] {processor.py:925} INFO - DAG(s) 'consume_1_or_both_2_and_3_with_dataset_expressions', 'dataset_consumes_unknown_never_scheduled', 'dataset_consumes_1', 'dataset_produces_2', 'dataset_consumes_1_never_scheduled', 'dataset_produces_1', 'consume_1_or_2_with_dataset_expressions', 'conditional_dataset_and_time_based_timetable', 'dataset_consumes_1_and_2', 'consume_1_and_2_with_dataset_expressions' retrieved from /home/engineer/project/airflow_env/lib/python3.12/site-packages/airflow/example_dags/example_datasets.py
[2025-09-27T23:37:33.116+0100] {logging_mixin.py:190} INFO - [2025-09-27T23:37:33.116+0100] {dag.py:3239} INFO - Sync 10 DAGs
[2025-09-27T23:37:33.136+0100] {logging_mixin.py:190} INFO - [2025-09-27T23:37:33.136+0100] {dag.py:4180} INFO - Setting next_dagrun for conditional_dataset_and_time_based_timetable to 2025-09-24 01:00:00+00:00, run_after=2025-09-24 01:00:00+00:00
[2025-09-27T23:37:33.138+0100] {logging_mixin.py:190} INFO - [2025-09-27T23:37:33.138+0100] {dag.py:4180} INFO - Setting next_dagrun for consume_1_and_2_with_dataset_expressions to None, run_after=None
[2025-09-27T23:37:33.139+0100] {logging_mixin.py:190} INFO - [2025-09-27T23:37:33.139+0100] {dag.py:4180} INFO - Setting next_dagrun for consume_1_or_2_with_dataset_expressions to None, run_after=None
[2025-09-27T23:37:33.139+0100] {logging_mixin.py:190} INFO - [2025-09-27T23:37:33.139+0100] {dag.py:4180} INFO - Setting next_dagrun for consume_1_or_both_2_and_3_with_dataset_expressions to None, run_after=None
[2025-09-27T23:37:33.140+0100] {logging_mixin.py:190} INFO - [2025-09-27T23:37:33.140+0100] {dag.py:4180} INFO - Setting next_dagrun for dataset_consumes_1 to None, run_after=None
[2025-09-27T23:37:33.140+0100] {logging_mixin.py:190} INFO - [2025-09-27T23:37:33.140+0100] {dag.py:4180} INFO - Setting next_dagrun for dataset_consumes_1_and_2 to None, run_after=None
[2025-09-27T23:37:33.141+0100] {logging_mixin.py:190} INFO - [2025-09-27T23:37:33.141+0100] {dag.py:4180} INFO - Setting next_dagrun for dataset_consumes_1_never_scheduled to None, run_after=None
[2025-09-27T23:37:33.141+0100] {logging_mixin.py:190} INFO - [2025-09-27T23:37:33.141+0100] {dag.py:4180} INFO - Setting next_dagrun for dataset_consumes_unknown_never_scheduled to None, run_after=None
[2025-09-27T23:37:33.143+0100] {logging_mixin.py:190} INFO - [2025-09-27T23:37:33.142+0100] {dag.py:4180} INFO - Setting next_dagrun for dataset_produces_1 to 2025-09-26 00:00:00+00:00, run_after=2025-09-27 00:00:00+00:00
[2025-09-27T23:37:33.143+0100] {logging_mixin.py:190} INFO - [2025-09-27T23:37:33.143+0100] {dag.py:4180} INFO - Setting next_dagrun for dataset_produces_2 to None, run_after=None
[2025-09-27T23:37:33.166+0100] {processor.py:208} INFO - Processing /home/engineer/project/airflow_env/lib/python3.12/site-packages/airflow/example_dags/example_datasets.py took 0.088 seconds
[2025-09-27T23:39:22.324+0100] {processor.py:186} INFO - Started process (PID=23549) to work on /home/engineer/project/airflow_env/lib/python3.12/site-packages/airflow/example_dags/example_datasets.py
[2025-09-27T23:39:22.325+0100] {processor.py:914} INFO - Processing file /home/engineer/project/airflow_env/lib/python3.12/site-packages/airflow/example_dags/example_datasets.py for tasks to queue
[2025-09-27T23:39:22.326+0100] {logging_mixin.py:190} INFO - [2025-09-27T23:39:22.326+0100] {dagbag.py:588} INFO - Filling up the DagBag from /home/engineer/project/airflow_env/lib/python3.12/site-packages/airflow/example_dags/example_datasets.py
[2025-09-27T23:39:22.336+0100] {processor.py:925} INFO - DAG(s) 'dataset_produces_2', 'consume_1_and_2_with_dataset_expressions', 'dataset_produces_1', 'consume_1_or_2_with_dataset_expressions', 'dataset_consumes_unknown_never_scheduled', 'dataset_consumes_1', 'consume_1_or_both_2_and_3_with_dataset_expressions', 'dataset_consumes_1_and_2', 'dataset_consumes_1_never_scheduled', 'conditional_dataset_and_time_based_timetable' retrieved from /home/engineer/project/airflow_env/lib/python3.12/site-packages/airflow/example_dags/example_datasets.py
[2025-09-27T23:39:22.356+0100] {logging_mixin.py:190} INFO - [2025-09-27T23:39:22.356+0100] {dag.py:3239} INFO - Sync 10 DAGs
[2025-09-27T23:39:22.373+0100] {logging_mixin.py:190} INFO - [2025-09-27T23:39:22.373+0100] {dag.py:4180} INFO - Setting next_dagrun for conditional_dataset_and_time_based_timetable to 2025-09-24 01:00:00+00:00, run_after=2025-09-24 01:00:00+00:00
[2025-09-27T23:39:22.376+0100] {logging_mixin.py:190} INFO - [2025-09-27T23:39:22.375+0100] {dag.py:4180} INFO - Setting next_dagrun for consume_1_and_2_with_dataset_expressions to None, run_after=None
[2025-09-27T23:39:22.376+0100] {logging_mixin.py:190} INFO - [2025-09-27T23:39:22.376+0100] {dag.py:4180} INFO - Setting next_dagrun for consume_1_or_2_with_dataset_expressions to None, run_after=None
[2025-09-27T23:39:22.377+0100] {logging_mixin.py:190} INFO - [2025-09-27T23:39:22.377+0100] {dag.py:4180} INFO - Setting next_dagrun for consume_1_or_both_2_and_3_with_dataset_expressions to None, run_after=None
[2025-09-27T23:39:22.377+0100] {logging_mixin.py:190} INFO - [2025-09-27T23:39:22.377+0100] {dag.py:4180} INFO - Setting next_dagrun for dataset_consumes_1 to None, run_after=None
[2025-09-27T23:39:22.378+0100] {logging_mixin.py:190} INFO - [2025-09-27T23:39:22.378+0100] {dag.py:4180} INFO - Setting next_dagrun for dataset_consumes_1_and_2 to None, run_after=None
[2025-09-27T23:39:22.378+0100] {logging_mixin.py:190} INFO - [2025-09-27T23:39:22.378+0100] {dag.py:4180} INFO - Setting next_dagrun for dataset_consumes_1_never_scheduled to None, run_after=None
[2025-09-27T23:39:22.379+0100] {logging_mixin.py:190} INFO - [2025-09-27T23:39:22.378+0100] {dag.py:4180} INFO - Setting next_dagrun for dataset_consumes_unknown_never_scheduled to None, run_after=None
[2025-09-27T23:39:22.380+0100] {logging_mixin.py:190} INFO - [2025-09-27T23:39:22.380+0100] {dag.py:4180} INFO - Setting next_dagrun for dataset_produces_1 to 2025-09-26 00:00:00+00:00, run_after=2025-09-27 00:00:00+00:00
[2025-09-27T23:39:22.380+0100] {logging_mixin.py:190} INFO - [2025-09-27T23:39:22.380+0100] {dag.py:4180} INFO - Setting next_dagrun for dataset_produces_2 to None, run_after=None
[2025-09-27T23:39:22.402+0100] {processor.py:208} INFO - Processing /home/engineer/project/airflow_env/lib/python3.12/site-packages/airflow/example_dags/example_datasets.py took 0.083 seconds
[2025-09-27T23:40:36.823+0100] {processor.py:186} INFO - Started process (PID=23843) to work on /home/engineer/project/airflow_env/lib/python3.12/site-packages/airflow/example_dags/example_datasets.py
[2025-09-27T23:40:36.831+0100] {processor.py:914} INFO - Processing file /home/engineer/project/airflow_env/lib/python3.12/site-packages/airflow/example_dags/example_datasets.py for tasks to queue
[2025-09-27T23:40:36.832+0100] {logging_mixin.py:190} INFO - [2025-09-27T23:40:36.832+0100] {dagbag.py:588} INFO - Filling up the DagBag from /home/engineer/project/airflow_env/lib/python3.12/site-packages/airflow/example_dags/example_datasets.py
[2025-09-27T23:40:36.846+0100] {processor.py:925} INFO - DAG(s) 'conditional_dataset_and_time_based_timetable', 'dataset_consumes_1', 'consume_1_or_2_with_dataset_expressions', 'consume_1_and_2_with_dataset_expressions', 'consume_1_or_both_2_and_3_with_dataset_expressions', 'dataset_consumes_unknown_never_scheduled', 'dataset_produces_2', 'dataset_consumes_1_never_scheduled', 'dataset_produces_1', 'dataset_consumes_1_and_2' retrieved from /home/engineer/project/airflow_env/lib/python3.12/site-packages/airflow/example_dags/example_datasets.py
[2025-09-27T23:40:36.872+0100] {logging_mixin.py:190} INFO - [2025-09-27T23:40:36.872+0100] {dag.py:3239} INFO - Sync 10 DAGs
[2025-09-27T23:40:36.904+0100] {logging_mixin.py:190} INFO - [2025-09-27T23:40:36.904+0100] {dag.py:4180} INFO - Setting next_dagrun for conditional_dataset_and_time_based_timetable to 2025-09-24 01:00:00+00:00, run_after=2025-09-24 01:00:00+00:00
[2025-09-27T23:40:36.908+0100] {logging_mixin.py:190} INFO - [2025-09-27T23:40:36.907+0100] {dag.py:4180} INFO - Setting next_dagrun for consume_1_and_2_with_dataset_expressions to None, run_after=None
[2025-09-27T23:40:36.909+0100] {logging_mixin.py:190} INFO - [2025-09-27T23:40:36.908+0100] {dag.py:4180} INFO - Setting next_dagrun for consume_1_or_2_with_dataset_expressions to None, run_after=None
[2025-09-27T23:40:36.909+0100] {logging_mixin.py:190} INFO - [2025-09-27T23:40:36.909+0100] {dag.py:4180} INFO - Setting next_dagrun for consume_1_or_both_2_and_3_with_dataset_expressions to None, run_after=None
[2025-09-27T23:40:36.910+0100] {logging_mixin.py:190} INFO - [2025-09-27T23:40:36.910+0100] {dag.py:4180} INFO - Setting next_dagrun for dataset_consumes_1 to None, run_after=None
[2025-09-27T23:40:36.911+0100] {logging_mixin.py:190} INFO - [2025-09-27T23:40:36.911+0100] {dag.py:4180} INFO - Setting next_dagrun for dataset_consumes_1_and_2 to None, run_after=None
[2025-09-27T23:40:36.911+0100] {logging_mixin.py:190} INFO - [2025-09-27T23:40:36.911+0100] {dag.py:4180} INFO - Setting next_dagrun for dataset_consumes_1_never_scheduled to None, run_after=None
[2025-09-27T23:40:36.912+0100] {logging_mixin.py:190} INFO - [2025-09-27T23:40:36.912+0100] {dag.py:4180} INFO - Setting next_dagrun for dataset_consumes_unknown_never_scheduled to None, run_after=None
[2025-09-27T23:40:36.914+0100] {logging_mixin.py:190} INFO - [2025-09-27T23:40:36.913+0100] {dag.py:4180} INFO - Setting next_dagrun for dataset_produces_1 to 2025-09-26 00:00:00+00:00, run_after=2025-09-27 00:00:00+00:00
[2025-09-27T23:40:36.914+0100] {logging_mixin.py:190} INFO - [2025-09-27T23:40:36.914+0100] {dag.py:4180} INFO - Setting next_dagrun for dataset_produces_2 to None, run_after=None
[2025-09-27T23:40:36.944+0100] {processor.py:208} INFO - Processing /home/engineer/project/airflow_env/lib/python3.12/site-packages/airflow/example_dags/example_datasets.py took 0.127 seconds
[2025-09-27T23:41:52.589+0100] {processor.py:186} INFO - Started process (PID=24146) to work on /home/engineer/project/airflow_env/lib/python3.12/site-packages/airflow/example_dags/example_datasets.py
[2025-09-27T23:41:52.590+0100] {processor.py:914} INFO - Processing file /home/engineer/project/airflow_env/lib/python3.12/site-packages/airflow/example_dags/example_datasets.py for tasks to queue
[2025-09-27T23:41:52.591+0100] {logging_mixin.py:190} INFO - [2025-09-27T23:41:52.591+0100] {dagbag.py:588} INFO - Filling up the DagBag from /home/engineer/project/airflow_env/lib/python3.12/site-packages/airflow/example_dags/example_datasets.py
[2025-09-27T23:41:52.604+0100] {processor.py:925} INFO - DAG(s) 'dataset_consumes_1_never_scheduled', 'consume_1_and_2_with_dataset_expressions', 'dataset_produces_2', 'dataset_consumes_1', 'dataset_produces_1', 'consume_1_or_2_with_dataset_expressions', 'consume_1_or_both_2_and_3_with_dataset_expressions', 'conditional_dataset_and_time_based_timetable', 'dataset_consumes_unknown_never_scheduled', 'dataset_consumes_1_and_2' retrieved from /home/engineer/project/airflow_env/lib/python3.12/site-packages/airflow/example_dags/example_datasets.py
[2025-09-27T23:41:52.625+0100] {logging_mixin.py:190} INFO - [2025-09-27T23:41:52.625+0100] {dag.py:3239} INFO - Sync 10 DAGs
[2025-09-27T23:41:52.641+0100] {logging_mixin.py:190} INFO - [2025-09-27T23:41:52.641+0100] {dag.py:4180} INFO - Setting next_dagrun for conditional_dataset_and_time_based_timetable to 2025-09-24 01:00:00+00:00, run_after=2025-09-24 01:00:00+00:00
[2025-09-27T23:41:52.643+0100] {logging_mixin.py:190} INFO - [2025-09-27T23:41:52.643+0100] {dag.py:4180} INFO - Setting next_dagrun for consume_1_and_2_with_dataset_expressions to None, run_after=None
[2025-09-27T23:41:52.644+0100] {logging_mixin.py:190} INFO - [2025-09-27T23:41:52.644+0100] {dag.py:4180} INFO - Setting next_dagrun for consume_1_or_2_with_dataset_expressions to None, run_after=None
[2025-09-27T23:41:52.644+0100] {logging_mixin.py:190} INFO - [2025-09-27T23:41:52.644+0100] {dag.py:4180} INFO - Setting next_dagrun for consume_1_or_both_2_and_3_with_dataset_expressions to None, run_after=None
[2025-09-27T23:41:52.645+0100] {logging_mixin.py:190} INFO - [2025-09-27T23:41:52.645+0100] {dag.py:4180} INFO - Setting next_dagrun for dataset_consumes_1 to None, run_after=None
[2025-09-27T23:41:52.645+0100] {logging_mixin.py:190} INFO - [2025-09-27T23:41:52.645+0100] {dag.py:4180} INFO - Setting next_dagrun for dataset_consumes_1_and_2 to None, run_after=None
[2025-09-27T23:41:52.646+0100] {logging_mixin.py:190} INFO - [2025-09-27T23:41:52.646+0100] {dag.py:4180} INFO - Setting next_dagrun for dataset_consumes_1_never_scheduled to None, run_after=None
[2025-09-27T23:41:52.646+0100] {logging_mixin.py:190} INFO - [2025-09-27T23:41:52.646+0100] {dag.py:4180} INFO - Setting next_dagrun for dataset_consumes_unknown_never_scheduled to None, run_after=None
[2025-09-27T23:41:52.647+0100] {logging_mixin.py:190} INFO - [2025-09-27T23:41:52.647+0100] {dag.py:4180} INFO - Setting next_dagrun for dataset_produces_1 to 2025-09-26 00:00:00+00:00, run_after=2025-09-27 00:00:00+00:00
[2025-09-27T23:41:52.648+0100] {logging_mixin.py:190} INFO - [2025-09-27T23:41:52.648+0100] {dag.py:4180} INFO - Setting next_dagrun for dataset_produces_2 to None, run_after=None
[2025-09-27T23:41:52.669+0100] {processor.py:208} INFO - Processing /home/engineer/project/airflow_env/lib/python3.12/site-packages/airflow/example_dags/example_datasets.py took 0.084 seconds
[2025-09-27T23:43:07.713+0100] {processor.py:186} INFO - Started process (PID=24469) to work on /home/engineer/project/airflow_env/lib/python3.12/site-packages/airflow/example_dags/example_datasets.py
[2025-09-27T23:43:07.720+0100] {processor.py:914} INFO - Processing file /home/engineer/project/airflow_env/lib/python3.12/site-packages/airflow/example_dags/example_datasets.py for tasks to queue
[2025-09-27T23:43:07.721+0100] {logging_mixin.py:190} INFO - [2025-09-27T23:43:07.721+0100] {dagbag.py:588} INFO - Filling up the DagBag from /home/engineer/project/airflow_env/lib/python3.12/site-packages/airflow/example_dags/example_datasets.py
[2025-09-27T23:43:07.733+0100] {processor.py:925} INFO - DAG(s) 'dataset_consumes_1_never_scheduled', 'conditional_dataset_and_time_based_timetable', 'consume_1_or_2_with_dataset_expressions', 'dataset_produces_2', 'dataset_consumes_unknown_never_scheduled', 'dataset_produces_1', 'dataset_consumes_1_and_2', 'consume_1_and_2_with_dataset_expressions', 'dataset_consumes_1', 'consume_1_or_both_2_and_3_with_dataset_expressions' retrieved from /home/engineer/project/airflow_env/lib/python3.12/site-packages/airflow/example_dags/example_datasets.py
[2025-09-27T23:43:07.759+0100] {logging_mixin.py:190} INFO - [2025-09-27T23:43:07.758+0100] {dag.py:3239} INFO - Sync 10 DAGs
[2025-09-27T23:43:07.780+0100] {logging_mixin.py:190} INFO - [2025-09-27T23:43:07.779+0100] {dag.py:4180} INFO - Setting next_dagrun for conditional_dataset_and_time_based_timetable to 2025-09-24 01:00:00+00:00, run_after=2025-09-24 01:00:00+00:00
[2025-09-27T23:43:07.782+0100] {logging_mixin.py:190} INFO - [2025-09-27T23:43:07.782+0100] {dag.py:4180} INFO - Setting next_dagrun for consume_1_and_2_with_dataset_expressions to None, run_after=None
[2025-09-27T23:43:07.783+0100] {logging_mixin.py:190} INFO - [2025-09-27T23:43:07.782+0100] {dag.py:4180} INFO - Setting next_dagrun for consume_1_or_2_with_dataset_expressions to None, run_after=None
[2025-09-27T23:43:07.783+0100] {logging_mixin.py:190} INFO - [2025-09-27T23:43:07.783+0100] {dag.py:4180} INFO - Setting next_dagrun for consume_1_or_both_2_and_3_with_dataset_expressions to None, run_after=None
[2025-09-27T23:43:07.784+0100] {logging_mixin.py:190} INFO - [2025-09-27T23:43:07.784+0100] {dag.py:4180} INFO - Setting next_dagrun for dataset_consumes_1 to None, run_after=None
[2025-09-27T23:43:07.784+0100] {logging_mixin.py:190} INFO - [2025-09-27T23:43:07.784+0100] {dag.py:4180} INFO - Setting next_dagrun for dataset_consumes_1_and_2 to None, run_after=None
[2025-09-27T23:43:07.785+0100] {logging_mixin.py:190} INFO - [2025-09-27T23:43:07.785+0100] {dag.py:4180} INFO - Setting next_dagrun for dataset_consumes_1_never_scheduled to None, run_after=None
[2025-09-27T23:43:07.785+0100] {logging_mixin.py:190} INFO - [2025-09-27T23:43:07.785+0100] {dag.py:4180} INFO - Setting next_dagrun for dataset_consumes_unknown_never_scheduled to None, run_after=None
[2025-09-27T23:43:07.787+0100] {logging_mixin.py:190} INFO - [2025-09-27T23:43:07.787+0100] {dag.py:4180} INFO - Setting next_dagrun for dataset_produces_1 to 2025-09-26 00:00:00+00:00, run_after=2025-09-27 00:00:00+00:00
[2025-09-27T23:43:07.787+0100] {logging_mixin.py:190} INFO - [2025-09-27T23:43:07.787+0100] {dag.py:4180} INFO - Setting next_dagrun for dataset_produces_2 to None, run_after=None
[2025-09-27T23:43:07.811+0100] {processor.py:208} INFO - Processing /home/engineer/project/airflow_env/lib/python3.12/site-packages/airflow/example_dags/example_datasets.py took 0.103 seconds
