[2025-09-27T23:27:14.410+0100] {processor.py:186} INFO - Started process (PID=19973) to work on /home/engineer/project/airflow_env/lib/python3.12/site-packages/airflow/example_dags/example_dynamic_task_mapping.py
[2025-09-27T23:27:14.411+0100] {processor.py:914} INFO - Processing file /home/engineer/project/airflow_env/lib/python3.12/site-packages/airflow/example_dags/example_dynamic_task_mapping.py for tasks to queue
[2025-09-27T23:27:14.412+0100] {logging_mixin.py:190} INFO - [2025-09-27T23:27:14.412+0100] {dagbag.py:588} INFO - Filling up the DagBag from /home/engineer/project/airflow_env/lib/python3.12/site-packages/airflow/example_dags/example_dynamic_task_mapping.py
[2025-09-27T23:27:14.418+0100] {processor.py:925} INFO - DAG(s) 'example_dynamic_task_mapping' retrieved from /home/engineer/project/airflow_env/lib/python3.12/site-packages/airflow/example_dags/example_dynamic_task_mapping.py
[2025-09-27T23:27:14.496+0100] {logging_mixin.py:190} INFO - [2025-09-27T23:27:14.495+0100] {override.py:1900} INFO - Created Permission View: can delete on DAG:example_dynamic_task_mapping
[2025-09-27T23:27:14.505+0100] {logging_mixin.py:190} INFO - [2025-09-27T23:27:14.505+0100] {override.py:1900} INFO - Created Permission View: can read on DAG:example_dynamic_task_mapping
[2025-09-27T23:27:14.511+0100] {logging_mixin.py:190} INFO - [2025-09-27T23:27:14.510+0100] {override.py:1900} INFO - Created Permission View: can edit on DAG:example_dynamic_task_mapping
[2025-09-27T23:27:14.520+0100] {logging_mixin.py:190} INFO - [2025-09-27T23:27:14.519+0100] {override.py:1900} INFO - Created Permission View: can delete on DAG Run:example_dynamic_task_mapping
[2025-09-27T23:27:14.525+0100] {logging_mixin.py:190} INFO - [2025-09-27T23:27:14.525+0100] {override.py:1900} INFO - Created Permission View: can read on DAG Run:example_dynamic_task_mapping
[2025-09-27T23:27:14.530+0100] {logging_mixin.py:190} INFO - [2025-09-27T23:27:14.530+0100] {override.py:1900} INFO - Created Permission View: can create on DAG Run:example_dynamic_task_mapping
[2025-09-27T23:27:14.537+0100] {logging_mixin.py:190} INFO - [2025-09-27T23:27:14.537+0100] {override.py:1900} INFO - Created Permission View: menu access on DAG Run:example_dynamic_task_mapping
[2025-09-27T23:27:14.537+0100] {logging_mixin.py:190} INFO - [2025-09-27T23:27:14.537+0100] {dag.py:3239} INFO - Sync 1 DAGs
[2025-09-27T23:27:14.545+0100] {logging_mixin.py:190} INFO - [2025-09-27T23:27:14.545+0100] {dag.py:3262} INFO - Creating ORM DAG for example_dynamic_task_mapping
[2025-09-27T23:27:14.546+0100] {logging_mixin.py:190} INFO - [2025-09-27T23:27:14.545+0100] {dag.py:4180} INFO - Setting next_dagrun for example_dynamic_task_mapping to None, run_after=None
[2025-09-27T23:27:14.560+0100] {processor.py:208} INFO - Processing /home/engineer/project/airflow_env/lib/python3.12/site-packages/airflow/example_dags/example_dynamic_task_mapping.py took 0.154 seconds
[2025-09-27T23:28:10.044+0100] {processor.py:186} INFO - Started process (PID=20255) to work on /home/engineer/project/airflow_env/lib/python3.12/site-packages/airflow/example_dags/example_dynamic_task_mapping.py
[2025-09-27T23:28:10.051+0100] {processor.py:914} INFO - Processing file /home/engineer/project/airflow_env/lib/python3.12/site-packages/airflow/example_dags/example_dynamic_task_mapping.py for tasks to queue
[2025-09-27T23:28:10.053+0100] {logging_mixin.py:190} INFO - [2025-09-27T23:28:10.052+0100] {dagbag.py:588} INFO - Filling up the DagBag from /home/engineer/project/airflow_env/lib/python3.12/site-packages/airflow/example_dags/example_dynamic_task_mapping.py
[2025-09-27T23:28:10.059+0100] {processor.py:925} INFO - DAG(s) 'example_dynamic_task_mapping' retrieved from /home/engineer/project/airflow_env/lib/python3.12/site-packages/airflow/example_dags/example_dynamic_task_mapping.py
[2025-09-27T23:28:10.072+0100] {logging_mixin.py:190} INFO - [2025-09-27T23:28:10.072+0100] {dag.py:3239} INFO - Sync 1 DAGs
[2025-09-27T23:28:10.082+0100] {logging_mixin.py:190} INFO - [2025-09-27T23:28:10.081+0100] {dag.py:4180} INFO - Setting next_dagrun for example_dynamic_task_mapping to None, run_after=None
[2025-09-27T23:28:10.098+0100] {processor.py:208} INFO - Processing /home/engineer/project/airflow_env/lib/python3.12/site-packages/airflow/example_dags/example_dynamic_task_mapping.py took 0.058 seconds
[2025-09-27T23:29:19.274+0100] {processor.py:186} INFO - Started process (PID=20531) to work on /home/engineer/project/airflow_env/lib/python3.12/site-packages/airflow/example_dags/example_dynamic_task_mapping.py
[2025-09-27T23:29:19.275+0100] {processor.py:914} INFO - Processing file /home/engineer/project/airflow_env/lib/python3.12/site-packages/airflow/example_dags/example_dynamic_task_mapping.py for tasks to queue
[2025-09-27T23:29:19.277+0100] {logging_mixin.py:190} INFO - [2025-09-27T23:29:19.277+0100] {dagbag.py:588} INFO - Filling up the DagBag from /home/engineer/project/airflow_env/lib/python3.12/site-packages/airflow/example_dags/example_dynamic_task_mapping.py
[2025-09-27T23:29:19.285+0100] {processor.py:925} INFO - DAG(s) 'example_dynamic_task_mapping' retrieved from /home/engineer/project/airflow_env/lib/python3.12/site-packages/airflow/example_dags/example_dynamic_task_mapping.py
[2025-09-27T23:29:19.297+0100] {logging_mixin.py:190} INFO - [2025-09-27T23:29:19.297+0100] {dag.py:3239} INFO - Sync 1 DAGs
[2025-09-27T23:29:19.306+0100] {logging_mixin.py:190} INFO - [2025-09-27T23:29:19.306+0100] {dag.py:4180} INFO - Setting next_dagrun for example_dynamic_task_mapping to None, run_after=None
[2025-09-27T23:29:19.323+0100] {processor.py:208} INFO - Processing /home/engineer/project/airflow_env/lib/python3.12/site-packages/airflow/example_dags/example_dynamic_task_mapping.py took 0.054 seconds
[2025-09-27T23:30:28.259+0100] {processor.py:186} INFO - Started process (PID=20854) to work on /home/engineer/project/airflow_env/lib/python3.12/site-packages/airflow/example_dags/example_dynamic_task_mapping.py
[2025-09-27T23:30:28.266+0100] {processor.py:914} INFO - Processing file /home/engineer/project/airflow_env/lib/python3.12/site-packages/airflow/example_dags/example_dynamic_task_mapping.py for tasks to queue
[2025-09-27T23:30:28.268+0100] {logging_mixin.py:190} INFO - [2025-09-27T23:30:28.267+0100] {dagbag.py:588} INFO - Filling up the DagBag from /home/engineer/project/airflow_env/lib/python3.12/site-packages/airflow/example_dags/example_dynamic_task_mapping.py
[2025-09-27T23:30:28.278+0100] {processor.py:925} INFO - DAG(s) 'example_dynamic_task_mapping' retrieved from /home/engineer/project/airflow_env/lib/python3.12/site-packages/airflow/example_dags/example_dynamic_task_mapping.py
[2025-09-27T23:30:28.295+0100] {logging_mixin.py:190} INFO - [2025-09-27T23:30:28.295+0100] {dag.py:3239} INFO - Sync 1 DAGs
[2025-09-27T23:30:28.306+0100] {logging_mixin.py:190} INFO - [2025-09-27T23:30:28.306+0100] {dag.py:4180} INFO - Setting next_dagrun for example_dynamic_task_mapping to None, run_after=None
[2025-09-27T23:30:28.331+0100] {processor.py:208} INFO - Processing /home/engineer/project/airflow_env/lib/python3.12/site-packages/airflow/example_dags/example_dynamic_task_mapping.py took 0.077 seconds
[2025-09-27T23:31:47.049+0100] {processor.py:186} INFO - Started process (PID=21727) to work on /home/engineer/project/airflow_env/lib/python3.12/site-packages/airflow/example_dags/example_dynamic_task_mapping.py
[2025-09-27T23:31:47.050+0100] {processor.py:914} INFO - Processing file /home/engineer/project/airflow_env/lib/python3.12/site-packages/airflow/example_dags/example_dynamic_task_mapping.py for tasks to queue
[2025-09-27T23:31:47.052+0100] {logging_mixin.py:190} INFO - [2025-09-27T23:31:47.052+0100] {dagbag.py:588} INFO - Filling up the DagBag from /home/engineer/project/airflow_env/lib/python3.12/site-packages/airflow/example_dags/example_dynamic_task_mapping.py
[2025-09-27T23:31:47.058+0100] {processor.py:925} INFO - DAG(s) 'example_dynamic_task_mapping' retrieved from /home/engineer/project/airflow_env/lib/python3.12/site-packages/airflow/example_dags/example_dynamic_task_mapping.py
[2025-09-27T23:31:47.069+0100] {logging_mixin.py:190} INFO - [2025-09-27T23:31:47.069+0100] {dag.py:3239} INFO - Sync 1 DAGs
[2025-09-27T23:31:47.078+0100] {logging_mixin.py:190} INFO - [2025-09-27T23:31:47.078+0100] {dag.py:4180} INFO - Setting next_dagrun for example_dynamic_task_mapping to None, run_after=None
[2025-09-27T23:31:47.095+0100] {processor.py:208} INFO - Processing /home/engineer/project/airflow_env/lib/python3.12/site-packages/airflow/example_dags/example_dynamic_task_mapping.py took 0.051 seconds
[2025-09-27T23:32:40.280+0100] {processor.py:186} INFO - Started process (PID=22023) to work on /home/engineer/project/airflow_env/lib/python3.12/site-packages/airflow/example_dags/example_dynamic_task_mapping.py
[2025-09-27T23:32:40.288+0100] {processor.py:914} INFO - Processing file /home/engineer/project/airflow_env/lib/python3.12/site-packages/airflow/example_dags/example_dynamic_task_mapping.py for tasks to queue
[2025-09-27T23:32:40.290+0100] {logging_mixin.py:190} INFO - [2025-09-27T23:32:40.290+0100] {dagbag.py:588} INFO - Filling up the DagBag from /home/engineer/project/airflow_env/lib/python3.12/site-packages/airflow/example_dags/example_dynamic_task_mapping.py
[2025-09-27T23:32:40.297+0100] {processor.py:925} INFO - DAG(s) 'example_dynamic_task_mapping' retrieved from /home/engineer/project/airflow_env/lib/python3.12/site-packages/airflow/example_dags/example_dynamic_task_mapping.py
[2025-09-27T23:32:40.308+0100] {logging_mixin.py:190} INFO - [2025-09-27T23:32:40.308+0100] {dag.py:3239} INFO - Sync 1 DAGs
[2025-09-27T23:32:40.317+0100] {logging_mixin.py:190} INFO - [2025-09-27T23:32:40.316+0100] {dag.py:4180} INFO - Setting next_dagrun for example_dynamic_task_mapping to None, run_after=None
[2025-09-27T23:32:40.332+0100] {processor.py:208} INFO - Processing /home/engineer/project/airflow_env/lib/python3.12/site-packages/airflow/example_dags/example_dynamic_task_mapping.py took 0.056 seconds
[2025-09-27T23:33:53.017+0100] {processor.py:186} INFO - Started process (PID=22314) to work on /home/engineer/project/airflow_env/lib/python3.12/site-packages/airflow/example_dags/example_dynamic_task_mapping.py
[2025-09-27T23:33:53.018+0100] {processor.py:914} INFO - Processing file /home/engineer/project/airflow_env/lib/python3.12/site-packages/airflow/example_dags/example_dynamic_task_mapping.py for tasks to queue
[2025-09-27T23:33:53.020+0100] {logging_mixin.py:190} INFO - [2025-09-27T23:33:53.019+0100] {dagbag.py:588} INFO - Filling up the DagBag from /home/engineer/project/airflow_env/lib/python3.12/site-packages/airflow/example_dags/example_dynamic_task_mapping.py
[2025-09-27T23:33:53.026+0100] {processor.py:925} INFO - DAG(s) 'example_dynamic_task_mapping' retrieved from /home/engineer/project/airflow_env/lib/python3.12/site-packages/airflow/example_dags/example_dynamic_task_mapping.py
[2025-09-27T23:33:53.039+0100] {logging_mixin.py:190} INFO - [2025-09-27T23:33:53.039+0100] {dag.py:3239} INFO - Sync 1 DAGs
[2025-09-27T23:33:53.049+0100] {logging_mixin.py:190} INFO - [2025-09-27T23:33:53.049+0100] {dag.py:4180} INFO - Setting next_dagrun for example_dynamic_task_mapping to None, run_after=None
[2025-09-27T23:33:53.065+0100] {processor.py:208} INFO - Processing /home/engineer/project/airflow_env/lib/python3.12/site-packages/airflow/example_dags/example_dynamic_task_mapping.py took 0.053 seconds
[2025-09-27T23:35:07.310+0100] {processor.py:186} INFO - Started process (PID=22607) to work on /home/engineer/project/airflow_env/lib/python3.12/site-packages/airflow/example_dags/example_dynamic_task_mapping.py
[2025-09-27T23:35:07.311+0100] {processor.py:914} INFO - Processing file /home/engineer/project/airflow_env/lib/python3.12/site-packages/airflow/example_dags/example_dynamic_task_mapping.py for tasks to queue
[2025-09-27T23:35:07.312+0100] {logging_mixin.py:190} INFO - [2025-09-27T23:35:07.312+0100] {dagbag.py:588} INFO - Filling up the DagBag from /home/engineer/project/airflow_env/lib/python3.12/site-packages/airflow/example_dags/example_dynamic_task_mapping.py
[2025-09-27T23:35:07.319+0100] {processor.py:925} INFO - DAG(s) 'example_dynamic_task_mapping' retrieved from /home/engineer/project/airflow_env/lib/python3.12/site-packages/airflow/example_dags/example_dynamic_task_mapping.py
[2025-09-27T23:35:07.329+0100] {logging_mixin.py:190} INFO - [2025-09-27T23:35:07.329+0100] {dag.py:3239} INFO - Sync 1 DAGs
[2025-09-27T23:35:07.338+0100] {logging_mixin.py:190} INFO - [2025-09-27T23:35:07.338+0100] {dag.py:4180} INFO - Setting next_dagrun for example_dynamic_task_mapping to None, run_after=None
[2025-09-27T23:35:07.355+0100] {processor.py:208} INFO - Processing /home/engineer/project/airflow_env/lib/python3.12/site-packages/airflow/example_dags/example_dynamic_task_mapping.py took 0.050 seconds
[2025-09-27T23:36:21.181+0100] {processor.py:186} INFO - Started process (PID=22923) to work on /home/engineer/project/airflow_env/lib/python3.12/site-packages/airflow/example_dags/example_dynamic_task_mapping.py
[2025-09-27T23:36:21.182+0100] {processor.py:914} INFO - Processing file /home/engineer/project/airflow_env/lib/python3.12/site-packages/airflow/example_dags/example_dynamic_task_mapping.py for tasks to queue
[2025-09-27T23:36:21.183+0100] {logging_mixin.py:190} INFO - [2025-09-27T23:36:21.183+0100] {dagbag.py:588} INFO - Filling up the DagBag from /home/engineer/project/airflow_env/lib/python3.12/site-packages/airflow/example_dags/example_dynamic_task_mapping.py
[2025-09-27T23:36:21.190+0100] {processor.py:925} INFO - DAG(s) 'example_dynamic_task_mapping' retrieved from /home/engineer/project/airflow_env/lib/python3.12/site-packages/airflow/example_dags/example_dynamic_task_mapping.py
[2025-09-27T23:36:21.200+0100] {logging_mixin.py:190} INFO - [2025-09-27T23:36:21.200+0100] {dag.py:3239} INFO - Sync 1 DAGs
[2025-09-27T23:36:21.210+0100] {logging_mixin.py:190} INFO - [2025-09-27T23:36:21.210+0100] {dag.py:4180} INFO - Setting next_dagrun for example_dynamic_task_mapping to None, run_after=None
[2025-09-27T23:36:21.227+0100] {processor.py:208} INFO - Processing /home/engineer/project/airflow_env/lib/python3.12/site-packages/airflow/example_dags/example_dynamic_task_mapping.py took 0.050 seconds
[2025-09-27T23:37:31.939+0100] {processor.py:186} INFO - Started process (PID=23210) to work on /home/engineer/project/airflow_env/lib/python3.12/site-packages/airflow/example_dags/example_dynamic_task_mapping.py
[2025-09-27T23:37:31.940+0100] {processor.py:914} INFO - Processing file /home/engineer/project/airflow_env/lib/python3.12/site-packages/airflow/example_dags/example_dynamic_task_mapping.py for tasks to queue
[2025-09-27T23:37:31.941+0100] {logging_mixin.py:190} INFO - [2025-09-27T23:37:31.941+0100] {dagbag.py:588} INFO - Filling up the DagBag from /home/engineer/project/airflow_env/lib/python3.12/site-packages/airflow/example_dags/example_dynamic_task_mapping.py
[2025-09-27T23:37:31.947+0100] {processor.py:925} INFO - DAG(s) 'example_dynamic_task_mapping' retrieved from /home/engineer/project/airflow_env/lib/python3.12/site-packages/airflow/example_dags/example_dynamic_task_mapping.py
[2025-09-27T23:37:31.958+0100] {logging_mixin.py:190} INFO - [2025-09-27T23:37:31.958+0100] {dag.py:3239} INFO - Sync 1 DAGs
[2025-09-27T23:37:31.967+0100] {logging_mixin.py:190} INFO - [2025-09-27T23:37:31.966+0100] {dag.py:4180} INFO - Setting next_dagrun for example_dynamic_task_mapping to None, run_after=None
[2025-09-27T23:37:31.982+0100] {processor.py:208} INFO - Processing /home/engineer/project/airflow_env/lib/python3.12/site-packages/airflow/example_dags/example_dynamic_task_mapping.py took 0.047 seconds
[2025-09-27T23:39:21.196+0100] {processor.py:186} INFO - Started process (PID=23542) to work on /home/engineer/project/airflow_env/lib/python3.12/site-packages/airflow/example_dags/example_dynamic_task_mapping.py
[2025-09-27T23:39:21.203+0100] {processor.py:914} INFO - Processing file /home/engineer/project/airflow_env/lib/python3.12/site-packages/airflow/example_dags/example_dynamic_task_mapping.py for tasks to queue
[2025-09-27T23:39:21.204+0100] {logging_mixin.py:190} INFO - [2025-09-27T23:39:21.203+0100] {dagbag.py:588} INFO - Filling up the DagBag from /home/engineer/project/airflow_env/lib/python3.12/site-packages/airflow/example_dags/example_dynamic_task_mapping.py
[2025-09-27T23:39:21.210+0100] {processor.py:925} INFO - DAG(s) 'example_dynamic_task_mapping' retrieved from /home/engineer/project/airflow_env/lib/python3.12/site-packages/airflow/example_dags/example_dynamic_task_mapping.py
[2025-09-27T23:39:21.221+0100] {logging_mixin.py:190} INFO - [2025-09-27T23:39:21.221+0100] {dag.py:3239} INFO - Sync 1 DAGs
[2025-09-27T23:39:21.231+0100] {logging_mixin.py:190} INFO - [2025-09-27T23:39:21.231+0100] {dag.py:4180} INFO - Setting next_dagrun for example_dynamic_task_mapping to None, run_after=None
[2025-09-27T23:39:21.248+0100] {processor.py:208} INFO - Processing /home/engineer/project/airflow_env/lib/python3.12/site-packages/airflow/example_dags/example_dynamic_task_mapping.py took 0.056 seconds
[2025-09-27T23:40:35.680+0100] {processor.py:186} INFO - Started process (PID=23842) to work on /home/engineer/project/airflow_env/lib/python3.12/site-packages/airflow/example_dags/example_dynamic_task_mapping.py
[2025-09-27T23:40:35.687+0100] {processor.py:914} INFO - Processing file /home/engineer/project/airflow_env/lib/python3.12/site-packages/airflow/example_dags/example_dynamic_task_mapping.py for tasks to queue
[2025-09-27T23:40:35.689+0100] {logging_mixin.py:190} INFO - [2025-09-27T23:40:35.688+0100] {dagbag.py:588} INFO - Filling up the DagBag from /home/engineer/project/airflow_env/lib/python3.12/site-packages/airflow/example_dags/example_dynamic_task_mapping.py
[2025-09-27T23:40:35.698+0100] {processor.py:925} INFO - DAG(s) 'example_dynamic_task_mapping' retrieved from /home/engineer/project/airflow_env/lib/python3.12/site-packages/airflow/example_dags/example_dynamic_task_mapping.py
[2025-09-27T23:40:35.713+0100] {logging_mixin.py:190} INFO - [2025-09-27T23:40:35.713+0100] {dag.py:3239} INFO - Sync 1 DAGs
[2025-09-27T23:40:35.732+0100] {logging_mixin.py:190} INFO - [2025-09-27T23:40:35.731+0100] {dag.py:4180} INFO - Setting next_dagrun for example_dynamic_task_mapping to None, run_after=None
[2025-09-27T23:40:35.760+0100] {processor.py:208} INFO - Processing /home/engineer/project/airflow_env/lib/python3.12/site-packages/airflow/example_dags/example_dynamic_task_mapping.py took 0.085 seconds
[2025-09-27T23:41:51.455+0100] {processor.py:186} INFO - Started process (PID=24145) to work on /home/engineer/project/airflow_env/lib/python3.12/site-packages/airflow/example_dags/example_dynamic_task_mapping.py
[2025-09-27T23:41:51.462+0100] {processor.py:914} INFO - Processing file /home/engineer/project/airflow_env/lib/python3.12/site-packages/airflow/example_dags/example_dynamic_task_mapping.py for tasks to queue
[2025-09-27T23:41:51.463+0100] {logging_mixin.py:190} INFO - [2025-09-27T23:41:51.463+0100] {dagbag.py:588} INFO - Filling up the DagBag from /home/engineer/project/airflow_env/lib/python3.12/site-packages/airflow/example_dags/example_dynamic_task_mapping.py
[2025-09-27T23:41:51.470+0100] {processor.py:925} INFO - DAG(s) 'example_dynamic_task_mapping' retrieved from /home/engineer/project/airflow_env/lib/python3.12/site-packages/airflow/example_dags/example_dynamic_task_mapping.py
[2025-09-27T23:41:51.483+0100] {logging_mixin.py:190} INFO - [2025-09-27T23:41:51.483+0100] {dag.py:3239} INFO - Sync 1 DAGs
[2025-09-27T23:41:51.494+0100] {logging_mixin.py:190} INFO - [2025-09-27T23:41:51.494+0100] {dag.py:4180} INFO - Setting next_dagrun for example_dynamic_task_mapping to None, run_after=None
[2025-09-27T23:41:51.511+0100] {processor.py:208} INFO - Processing /home/engineer/project/airflow_env/lib/python3.12/site-packages/airflow/example_dags/example_dynamic_task_mapping.py took 0.060 seconds
[2025-09-27T23:43:06.563+0100] {processor.py:186} INFO - Started process (PID=24462) to work on /home/engineer/project/airflow_env/lib/python3.12/site-packages/airflow/example_dags/example_dynamic_task_mapping.py
[2025-09-27T23:43:06.570+0100] {processor.py:914} INFO - Processing file /home/engineer/project/airflow_env/lib/python3.12/site-packages/airflow/example_dags/example_dynamic_task_mapping.py for tasks to queue
[2025-09-27T23:43:06.571+0100] {logging_mixin.py:190} INFO - [2025-09-27T23:43:06.571+0100] {dagbag.py:588} INFO - Filling up the DagBag from /home/engineer/project/airflow_env/lib/python3.12/site-packages/airflow/example_dags/example_dynamic_task_mapping.py
[2025-09-27T23:43:06.578+0100] {processor.py:925} INFO - DAG(s) 'example_dynamic_task_mapping' retrieved from /home/engineer/project/airflow_env/lib/python3.12/site-packages/airflow/example_dags/example_dynamic_task_mapping.py
[2025-09-27T23:43:06.589+0100] {logging_mixin.py:190} INFO - [2025-09-27T23:43:06.589+0100] {dag.py:3239} INFO - Sync 1 DAGs
[2025-09-27T23:43:06.598+0100] {logging_mixin.py:190} INFO - [2025-09-27T23:43:06.598+0100] {dag.py:4180} INFO - Setting next_dagrun for example_dynamic_task_mapping to None, run_after=None
[2025-09-27T23:43:06.615+0100] {processor.py:208} INFO - Processing /home/engineer/project/airflow_env/lib/python3.12/site-packages/airflow/example_dags/example_dynamic_task_mapping.py took 0.055 seconds
