[2025-09-27T23:26:31.474+0100] {processor.py:186} INFO - Started process (PID=19808) to work on /home/engineer/project/airflow_env/lib/python3.12/site-packages/airflow/example_dags/example_time_delta_sensor_async.py
[2025-09-27T23:26:31.475+0100] {processor.py:914} INFO - Processing file /home/engineer/project/airflow_env/lib/python3.12/site-packages/airflow/example_dags/example_time_delta_sensor_async.py for tasks to queue
[2025-09-27T23:26:31.477+0100] {logging_mixin.py:190} INFO - [2025-09-27T23:26:31.476+0100] {dagbag.py:588} INFO - Filling up the DagBag from /home/engineer/project/airflow_env/lib/python3.12/site-packages/airflow/example_dags/example_time_delta_sensor_async.py
[2025-09-27T23:26:31.482+0100] {processor.py:925} INFO - DAG(s) 'example_time_delta_sensor_async' retrieved from /home/engineer/project/airflow_env/lib/python3.12/site-packages/airflow/example_dags/example_time_delta_sensor_async.py
[2025-09-27T23:26:31.572+0100] {logging_mixin.py:190} INFO - [2025-09-27T23:26:31.571+0100] {override.py:1900} INFO - Created Permission View: can delete on DAG:example_time_delta_sensor_async
[2025-09-27T23:26:31.581+0100] {logging_mixin.py:190} INFO - [2025-09-27T23:26:31.580+0100] {override.py:1900} INFO - Created Permission View: can read on DAG:example_time_delta_sensor_async
[2025-09-27T23:26:31.586+0100] {logging_mixin.py:190} INFO - [2025-09-27T23:26:31.586+0100] {override.py:1900} INFO - Created Permission View: can edit on DAG:example_time_delta_sensor_async
[2025-09-27T23:26:31.596+0100] {logging_mixin.py:190} INFO - [2025-09-27T23:26:31.596+0100] {override.py:1900} INFO - Created Permission View: can delete on DAG Run:example_time_delta_sensor_async
[2025-09-27T23:26:31.602+0100] {logging_mixin.py:190} INFO - [2025-09-27T23:26:31.602+0100] {override.py:1900} INFO - Created Permission View: can read on DAG Run:example_time_delta_sensor_async
[2025-09-27T23:26:31.609+0100] {logging_mixin.py:190} INFO - [2025-09-27T23:26:31.609+0100] {override.py:1900} INFO - Created Permission View: can create on DAG Run:example_time_delta_sensor_async
[2025-09-27T23:26:31.615+0100] {logging_mixin.py:190} INFO - [2025-09-27T23:26:31.615+0100] {override.py:1900} INFO - Created Permission View: menu access on DAG Run:example_time_delta_sensor_async
[2025-09-27T23:26:31.615+0100] {logging_mixin.py:190} INFO - [2025-09-27T23:26:31.615+0100] {dag.py:3239} INFO - Sync 1 DAGs
[2025-09-27T23:26:31.623+0100] {logging_mixin.py:190} INFO - [2025-09-27T23:26:31.623+0100] {dag.py:3262} INFO - Creating ORM DAG for example_time_delta_sensor_async
[2025-09-27T23:26:31.624+0100] {logging_mixin.py:190} INFO - [2025-09-27T23:26:31.624+0100] {dag.py:4180} INFO - Setting next_dagrun for example_time_delta_sensor_async to None, run_after=None
[2025-09-27T23:26:31.639+0100] {processor.py:208} INFO - Processing /home/engineer/project/airflow_env/lib/python3.12/site-packages/airflow/example_dags/example_time_delta_sensor_async.py took 0.169 seconds
[2025-09-27T23:27:31.076+0100] {processor.py:186} INFO - Started process (PID=20038) to work on /home/engineer/project/airflow_env/lib/python3.12/site-packages/airflow/example_dags/example_time_delta_sensor_async.py
[2025-09-27T23:27:31.083+0100] {processor.py:914} INFO - Processing file /home/engineer/project/airflow_env/lib/python3.12/site-packages/airflow/example_dags/example_time_delta_sensor_async.py for tasks to queue
[2025-09-27T23:27:31.084+0100] {logging_mixin.py:190} INFO - [2025-09-27T23:27:31.084+0100] {dagbag.py:588} INFO - Filling up the DagBag from /home/engineer/project/airflow_env/lib/python3.12/site-packages/airflow/example_dags/example_time_delta_sensor_async.py
[2025-09-27T23:27:31.089+0100] {processor.py:925} INFO - DAG(s) 'example_time_delta_sensor_async' retrieved from /home/engineer/project/airflow_env/lib/python3.12/site-packages/airflow/example_dags/example_time_delta_sensor_async.py
[2025-09-27T23:27:31.099+0100] {logging_mixin.py:190} INFO - [2025-09-27T23:27:31.099+0100] {dag.py:3239} INFO - Sync 1 DAGs
[2025-09-27T23:27:31.107+0100] {logging_mixin.py:190} INFO - [2025-09-27T23:27:31.107+0100] {dag.py:4180} INFO - Setting next_dagrun for example_time_delta_sensor_async to None, run_after=None
[2025-09-27T23:27:31.124+0100] {processor.py:208} INFO - Processing /home/engineer/project/airflow_env/lib/python3.12/site-packages/airflow/example_dags/example_time_delta_sensor_async.py took 0.052 seconds
[2025-09-27T23:28:24.727+0100] {processor.py:186} INFO - Started process (PID=20316) to work on /home/engineer/project/airflow_env/lib/python3.12/site-packages/airflow/example_dags/example_time_delta_sensor_async.py
[2025-09-27T23:28:24.734+0100] {processor.py:914} INFO - Processing file /home/engineer/project/airflow_env/lib/python3.12/site-packages/airflow/example_dags/example_time_delta_sensor_async.py for tasks to queue
[2025-09-27T23:28:24.736+0100] {logging_mixin.py:190} INFO - [2025-09-27T23:28:24.735+0100] {dagbag.py:588} INFO - Filling up the DagBag from /home/engineer/project/airflow_env/lib/python3.12/site-packages/airflow/example_dags/example_time_delta_sensor_async.py
[2025-09-27T23:28:24.741+0100] {processor.py:925} INFO - DAG(s) 'example_time_delta_sensor_async' retrieved from /home/engineer/project/airflow_env/lib/python3.12/site-packages/airflow/example_dags/example_time_delta_sensor_async.py
[2025-09-27T23:28:24.751+0100] {logging_mixin.py:190} INFO - [2025-09-27T23:28:24.751+0100] {dag.py:3239} INFO - Sync 1 DAGs
[2025-09-27T23:28:24.759+0100] {logging_mixin.py:190} INFO - [2025-09-27T23:28:24.759+0100] {dag.py:4180} INFO - Setting next_dagrun for example_time_delta_sensor_async to None, run_after=None
[2025-09-27T23:28:24.778+0100] {processor.py:208} INFO - Processing /home/engineer/project/airflow_env/lib/python3.12/site-packages/airflow/example_dags/example_time_delta_sensor_async.py took 0.054 seconds
[2025-09-27T23:29:12.021+0100] {processor.py:186} INFO - Started process (PID=20504) to work on /home/engineer/project/airflow_env/lib/python3.12/site-packages/airflow/example_dags/example_time_delta_sensor_async.py
[2025-09-27T23:29:12.023+0100] {processor.py:914} INFO - Processing file /home/engineer/project/airflow_env/lib/python3.12/site-packages/airflow/example_dags/example_time_delta_sensor_async.py for tasks to queue
[2025-09-27T23:29:12.025+0100] {logging_mixin.py:190} INFO - [2025-09-27T23:29:12.024+0100] {dagbag.py:588} INFO - Filling up the DagBag from /home/engineer/project/airflow_env/lib/python3.12/site-packages/airflow/example_dags/example_time_delta_sensor_async.py
[2025-09-27T23:29:12.032+0100] {processor.py:925} INFO - DAG(s) 'example_time_delta_sensor_async' retrieved from /home/engineer/project/airflow_env/lib/python3.12/site-packages/airflow/example_dags/example_time_delta_sensor_async.py
[2025-09-27T23:29:12.048+0100] {logging_mixin.py:190} INFO - [2025-09-27T23:29:12.047+0100] {dag.py:3239} INFO - Sync 1 DAGs
[2025-09-27T23:29:12.058+0100] {logging_mixin.py:190} INFO - [2025-09-27T23:29:12.058+0100] {dag.py:4180} INFO - Setting next_dagrun for example_time_delta_sensor_async to None, run_after=None
[2025-09-27T23:29:12.083+0100] {processor.py:208} INFO - Processing /home/engineer/project/airflow_env/lib/python3.12/site-packages/airflow/example_dags/example_time_delta_sensor_async.py took 0.068 seconds
[2025-09-27T23:29:58.515+0100] {processor.py:186} INFO - Started process (PID=20692) to work on /home/engineer/project/airflow_env/lib/python3.12/site-packages/airflow/example_dags/example_time_delta_sensor_async.py
[2025-09-27T23:29:58.522+0100] {processor.py:914} INFO - Processing file /home/engineer/project/airflow_env/lib/python3.12/site-packages/airflow/example_dags/example_time_delta_sensor_async.py for tasks to queue
[2025-09-27T23:29:58.523+0100] {logging_mixin.py:190} INFO - [2025-09-27T23:29:58.523+0100] {dagbag.py:588} INFO - Filling up the DagBag from /home/engineer/project/airflow_env/lib/python3.12/site-packages/airflow/example_dags/example_time_delta_sensor_async.py
[2025-09-27T23:29:58.528+0100] {processor.py:925} INFO - DAG(s) 'example_time_delta_sensor_async' retrieved from /home/engineer/project/airflow_env/lib/python3.12/site-packages/airflow/example_dags/example_time_delta_sensor_async.py
[2025-09-27T23:29:58.542+0100] {logging_mixin.py:190} INFO - [2025-09-27T23:29:58.542+0100] {dag.py:3239} INFO - Sync 1 DAGs
[2025-09-27T23:29:58.551+0100] {logging_mixin.py:190} INFO - [2025-09-27T23:29:58.551+0100] {dag.py:4180} INFO - Setting next_dagrun for example_time_delta_sensor_async to None, run_after=None
[2025-09-27T23:29:58.568+0100] {processor.py:208} INFO - Processing /home/engineer/project/airflow_env/lib/python3.12/site-packages/airflow/example_dags/example_time_delta_sensor_async.py took 0.057 seconds
[2025-09-27T23:30:43.215+0100] {processor.py:186} INFO - Started process (PID=20928) to work on /home/engineer/project/airflow_env/lib/python3.12/site-packages/airflow/example_dags/example_time_delta_sensor_async.py
[2025-09-27T23:30:43.216+0100] {processor.py:914} INFO - Processing file /home/engineer/project/airflow_env/lib/python3.12/site-packages/airflow/example_dags/example_time_delta_sensor_async.py for tasks to queue
[2025-09-27T23:30:43.219+0100] {logging_mixin.py:190} INFO - [2025-09-27T23:30:43.218+0100] {dagbag.py:588} INFO - Filling up the DagBag from /home/engineer/project/airflow_env/lib/python3.12/site-packages/airflow/example_dags/example_time_delta_sensor_async.py
[2025-09-27T23:30:43.227+0100] {processor.py:925} INFO - DAG(s) 'example_time_delta_sensor_async' retrieved from /home/engineer/project/airflow_env/lib/python3.12/site-packages/airflow/example_dags/example_time_delta_sensor_async.py
[2025-09-27T23:30:43.248+0100] {logging_mixin.py:190} INFO - [2025-09-27T23:30:43.248+0100] {dag.py:3239} INFO - Sync 1 DAGs
[2025-09-27T23:30:43.261+0100] {logging_mixin.py:190} INFO - [2025-09-27T23:30:43.261+0100] {dag.py:4180} INFO - Setting next_dagrun for example_time_delta_sensor_async to None, run_after=None
[2025-09-27T23:30:43.288+0100] {processor.py:208} INFO - Processing /home/engineer/project/airflow_env/lib/python3.12/site-packages/airflow/example_dags/example_time_delta_sensor_async.py took 0.080 seconds
[2025-09-27T23:31:35.655+0100] {processor.py:186} INFO - Started process (PID=21686) to work on /home/engineer/project/airflow_env/lib/python3.12/site-packages/airflow/example_dags/example_time_delta_sensor_async.py
[2025-09-27T23:31:35.662+0100] {processor.py:914} INFO - Processing file /home/engineer/project/airflow_env/lib/python3.12/site-packages/airflow/example_dags/example_time_delta_sensor_async.py for tasks to queue
[2025-09-27T23:31:35.664+0100] {logging_mixin.py:190} INFO - [2025-09-27T23:31:35.664+0100] {dagbag.py:588} INFO - Filling up the DagBag from /home/engineer/project/airflow_env/lib/python3.12/site-packages/airflow/example_dags/example_time_delta_sensor_async.py
[2025-09-27T23:31:35.669+0100] {processor.py:925} INFO - DAG(s) 'example_time_delta_sensor_async' retrieved from /home/engineer/project/airflow_env/lib/python3.12/site-packages/airflow/example_dags/example_time_delta_sensor_async.py
[2025-09-27T23:31:35.763+0100] {logging_mixin.py:190} INFO - [2025-09-27T23:31:35.763+0100] {dag.py:3239} INFO - Sync 1 DAGs
[2025-09-27T23:31:35.770+0100] {logging_mixin.py:190} INFO - [2025-09-27T23:31:35.770+0100] {dag.py:4180} INFO - Setting next_dagrun for example_time_delta_sensor_async to None, run_after=None
[2025-09-27T23:31:35.785+0100] {processor.py:208} INFO - Processing /home/engineer/project/airflow_env/lib/python3.12/site-packages/airflow/example_dags/example_time_delta_sensor_async.py took 0.133 seconds
[2025-09-27T23:32:28.855+0100] {processor.py:186} INFO - Started process (PID=21981) to work on /home/engineer/project/airflow_env/lib/python3.12/site-packages/airflow/example_dags/example_time_delta_sensor_async.py
[2025-09-27T23:32:28.856+0100] {processor.py:914} INFO - Processing file /home/engineer/project/airflow_env/lib/python3.12/site-packages/airflow/example_dags/example_time_delta_sensor_async.py for tasks to queue
[2025-09-27T23:32:28.858+0100] {logging_mixin.py:190} INFO - [2025-09-27T23:32:28.858+0100] {dagbag.py:588} INFO - Filling up the DagBag from /home/engineer/project/airflow_env/lib/python3.12/site-packages/airflow/example_dags/example_time_delta_sensor_async.py
[2025-09-27T23:32:28.863+0100] {processor.py:925} INFO - DAG(s) 'example_time_delta_sensor_async' retrieved from /home/engineer/project/airflow_env/lib/python3.12/site-packages/airflow/example_dags/example_time_delta_sensor_async.py
[2025-09-27T23:32:28.875+0100] {logging_mixin.py:190} INFO - [2025-09-27T23:32:28.875+0100] {dag.py:3239} INFO - Sync 1 DAGs
[2025-09-27T23:32:28.884+0100] {logging_mixin.py:190} INFO - [2025-09-27T23:32:28.884+0100] {dag.py:4180} INFO - Setting next_dagrun for example_time_delta_sensor_async to None, run_after=None
[2025-09-27T23:32:28.902+0100] {processor.py:208} INFO - Processing /home/engineer/project/airflow_env/lib/python3.12/site-packages/airflow/example_dags/example_time_delta_sensor_async.py took 0.052 seconds
[2025-09-27T23:33:17.353+0100] {processor.py:186} INFO - Started process (PID=22169) to work on /home/engineer/project/airflow_env/lib/python3.12/site-packages/airflow/example_dags/example_time_delta_sensor_async.py
[2025-09-27T23:33:17.360+0100] {processor.py:914} INFO - Processing file /home/engineer/project/airflow_env/lib/python3.12/site-packages/airflow/example_dags/example_time_delta_sensor_async.py for tasks to queue
[2025-09-27T23:33:17.362+0100] {logging_mixin.py:190} INFO - [2025-09-27T23:33:17.362+0100] {dagbag.py:588} INFO - Filling up the DagBag from /home/engineer/project/airflow_env/lib/python3.12/site-packages/airflow/example_dags/example_time_delta_sensor_async.py
[2025-09-27T23:33:17.368+0100] {processor.py:925} INFO - DAG(s) 'example_time_delta_sensor_async' retrieved from /home/engineer/project/airflow_env/lib/python3.12/site-packages/airflow/example_dags/example_time_delta_sensor_async.py
[2025-09-27T23:33:17.382+0100] {logging_mixin.py:190} INFO - [2025-09-27T23:33:17.382+0100] {dag.py:3239} INFO - Sync 1 DAGs
[2025-09-27T23:33:17.395+0100] {logging_mixin.py:190} INFO - [2025-09-27T23:33:17.395+0100] {dag.py:4180} INFO - Setting next_dagrun for example_time_delta_sensor_async to None, run_after=None
[2025-09-27T23:33:17.416+0100] {processor.py:208} INFO - Processing /home/engineer/project/airflow_env/lib/python3.12/site-packages/airflow/example_dags/example_time_delta_sensor_async.py took 0.067 seconds
[2025-09-27T23:34:05.997+0100] {processor.py:186} INFO - Started process (PID=22364) to work on /home/engineer/project/airflow_env/lib/python3.12/site-packages/airflow/example_dags/example_time_delta_sensor_async.py
[2025-09-27T23:34:05.998+0100] {processor.py:914} INFO - Processing file /home/engineer/project/airflow_env/lib/python3.12/site-packages/airflow/example_dags/example_time_delta_sensor_async.py for tasks to queue
[2025-09-27T23:34:06.000+0100] {logging_mixin.py:190} INFO - [2025-09-27T23:34:06.000+0100] {dagbag.py:588} INFO - Filling up the DagBag from /home/engineer/project/airflow_env/lib/python3.12/site-packages/airflow/example_dags/example_time_delta_sensor_async.py
[2025-09-27T23:34:06.007+0100] {processor.py:925} INFO - DAG(s) 'example_time_delta_sensor_async' retrieved from /home/engineer/project/airflow_env/lib/python3.12/site-packages/airflow/example_dags/example_time_delta_sensor_async.py
[2025-09-27T23:34:06.020+0100] {logging_mixin.py:190} INFO - [2025-09-27T23:34:06.020+0100] {dag.py:3239} INFO - Sync 1 DAGs
[2025-09-27T23:34:06.029+0100] {logging_mixin.py:190} INFO - [2025-09-27T23:34:06.029+0100] {dag.py:4180} INFO - Setting next_dagrun for example_time_delta_sensor_async to None, run_after=None
[2025-09-27T23:34:06.045+0100] {processor.py:208} INFO - Processing /home/engineer/project/airflow_env/lib/python3.12/site-packages/airflow/example_dags/example_time_delta_sensor_async.py took 0.053 seconds
[2025-09-27T23:34:56.661+0100] {processor.py:186} INFO - Started process (PID=22565) to work on /home/engineer/project/airflow_env/lib/python3.12/site-packages/airflow/example_dags/example_time_delta_sensor_async.py
[2025-09-27T23:34:56.668+0100] {processor.py:914} INFO - Processing file /home/engineer/project/airflow_env/lib/python3.12/site-packages/airflow/example_dags/example_time_delta_sensor_async.py for tasks to queue
[2025-09-27T23:34:56.670+0100] {logging_mixin.py:190} INFO - [2025-09-27T23:34:56.669+0100] {dagbag.py:588} INFO - Filling up the DagBag from /home/engineer/project/airflow_env/lib/python3.12/site-packages/airflow/example_dags/example_time_delta_sensor_async.py
[2025-09-27T23:34:56.675+0100] {processor.py:925} INFO - DAG(s) 'example_time_delta_sensor_async' retrieved from /home/engineer/project/airflow_env/lib/python3.12/site-packages/airflow/example_dags/example_time_delta_sensor_async.py
[2025-09-27T23:34:56.686+0100] {logging_mixin.py:190} INFO - [2025-09-27T23:34:56.685+0100] {dag.py:3239} INFO - Sync 1 DAGs
[2025-09-27T23:34:56.694+0100] {logging_mixin.py:190} INFO - [2025-09-27T23:34:56.693+0100] {dag.py:4180} INFO - Setting next_dagrun for example_time_delta_sensor_async to None, run_after=None
[2025-09-27T23:34:56.710+0100] {processor.py:208} INFO - Processing /home/engineer/project/airflow_env/lib/python3.12/site-packages/airflow/example_dags/example_time_delta_sensor_async.py took 0.053 seconds
[2025-09-27T23:35:44.116+0100] {processor.py:186} INFO - Started process (PID=22754) to work on /home/engineer/project/airflow_env/lib/python3.12/site-packages/airflow/example_dags/example_time_delta_sensor_async.py
[2025-09-27T23:35:44.117+0100] {processor.py:914} INFO - Processing file /home/engineer/project/airflow_env/lib/python3.12/site-packages/airflow/example_dags/example_time_delta_sensor_async.py for tasks to queue
[2025-09-27T23:35:44.118+0100] {logging_mixin.py:190} INFO - [2025-09-27T23:35:44.118+0100] {dagbag.py:588} INFO - Filling up the DagBag from /home/engineer/project/airflow_env/lib/python3.12/site-packages/airflow/example_dags/example_time_delta_sensor_async.py
[2025-09-27T23:35:44.123+0100] {processor.py:925} INFO - DAG(s) 'example_time_delta_sensor_async' retrieved from /home/engineer/project/airflow_env/lib/python3.12/site-packages/airflow/example_dags/example_time_delta_sensor_async.py
[2025-09-27T23:35:44.134+0100] {logging_mixin.py:190} INFO - [2025-09-27T23:35:44.134+0100] {dag.py:3239} INFO - Sync 1 DAGs
[2025-09-27T23:35:44.142+0100] {logging_mixin.py:190} INFO - [2025-09-27T23:35:44.142+0100] {dag.py:4180} INFO - Setting next_dagrun for example_time_delta_sensor_async to None, run_after=None
[2025-09-27T23:35:44.158+0100] {processor.py:208} INFO - Processing /home/engineer/project/airflow_env/lib/python3.12/site-packages/airflow/example_dags/example_time_delta_sensor_async.py took 0.046 seconds
[2025-09-27T23:36:34.821+0100] {processor.py:186} INFO - Started process (PID=22979) to work on /home/engineer/project/airflow_env/lib/python3.12/site-packages/airflow/example_dags/example_time_delta_sensor_async.py
[2025-09-27T23:36:34.822+0100] {processor.py:914} INFO - Processing file /home/engineer/project/airflow_env/lib/python3.12/site-packages/airflow/example_dags/example_time_delta_sensor_async.py for tasks to queue
[2025-09-27T23:36:34.823+0100] {logging_mixin.py:190} INFO - [2025-09-27T23:36:34.823+0100] {dagbag.py:588} INFO - Filling up the DagBag from /home/engineer/project/airflow_env/lib/python3.12/site-packages/airflow/example_dags/example_time_delta_sensor_async.py
[2025-09-27T23:36:34.828+0100] {processor.py:925} INFO - DAG(s) 'example_time_delta_sensor_async' retrieved from /home/engineer/project/airflow_env/lib/python3.12/site-packages/airflow/example_dags/example_time_delta_sensor_async.py
[2025-09-27T23:36:34.839+0100] {logging_mixin.py:190} INFO - [2025-09-27T23:36:34.839+0100] {dag.py:3239} INFO - Sync 1 DAGs
[2025-09-27T23:36:34.848+0100] {logging_mixin.py:190} INFO - [2025-09-27T23:36:34.848+0100] {dag.py:4180} INFO - Setting next_dagrun for example_time_delta_sensor_async to None, run_after=None
[2025-09-27T23:36:34.865+0100] {processor.py:208} INFO - Processing /home/engineer/project/airflow_env/lib/python3.12/site-packages/airflow/example_dags/example_time_delta_sensor_async.py took 0.048 seconds
[2025-09-27T23:37:21.658+0100] {processor.py:186} INFO - Started process (PID=23169) to work on /home/engineer/project/airflow_env/lib/python3.12/site-packages/airflow/example_dags/example_time_delta_sensor_async.py
[2025-09-27T23:37:21.660+0100] {processor.py:914} INFO - Processing file /home/engineer/project/airflow_env/lib/python3.12/site-packages/airflow/example_dags/example_time_delta_sensor_async.py for tasks to queue
[2025-09-27T23:37:21.660+0100] {logging_mixin.py:190} INFO - [2025-09-27T23:37:21.660+0100] {dagbag.py:588} INFO - Filling up the DagBag from /home/engineer/project/airflow_env/lib/python3.12/site-packages/airflow/example_dags/example_time_delta_sensor_async.py
[2025-09-27T23:37:21.665+0100] {processor.py:925} INFO - DAG(s) 'example_time_delta_sensor_async' retrieved from /home/engineer/project/airflow_env/lib/python3.12/site-packages/airflow/example_dags/example_time_delta_sensor_async.py
[2025-09-27T23:37:21.676+0100] {logging_mixin.py:190} INFO - [2025-09-27T23:37:21.676+0100] {dag.py:3239} INFO - Sync 1 DAGs
[2025-09-27T23:37:21.685+0100] {logging_mixin.py:190} INFO - [2025-09-27T23:37:21.685+0100] {dag.py:4180} INFO - Setting next_dagrun for example_time_delta_sensor_async to None, run_after=None
[2025-09-27T23:37:21.701+0100] {processor.py:208} INFO - Processing /home/engineer/project/airflow_env/lib/python3.12/site-packages/airflow/example_dags/example_time_delta_sensor_async.py took 0.046 seconds
[2025-09-27T23:38:47.236+0100] {processor.py:186} INFO - Started process (PID=23411) to work on /home/engineer/project/airflow_env/lib/python3.12/site-packages/airflow/example_dags/example_time_delta_sensor_async.py
[2025-09-27T23:38:47.244+0100] {processor.py:914} INFO - Processing file /home/engineer/project/airflow_env/lib/python3.12/site-packages/airflow/example_dags/example_time_delta_sensor_async.py for tasks to queue
[2025-09-27T23:38:47.246+0100] {logging_mixin.py:190} INFO - [2025-09-27T23:38:47.245+0100] {dagbag.py:588} INFO - Filling up the DagBag from /home/engineer/project/airflow_env/lib/python3.12/site-packages/airflow/example_dags/example_time_delta_sensor_async.py
[2025-09-27T23:38:47.254+0100] {processor.py:925} INFO - DAG(s) 'example_time_delta_sensor_async' retrieved from /home/engineer/project/airflow_env/lib/python3.12/site-packages/airflow/example_dags/example_time_delta_sensor_async.py
[2025-09-27T23:38:47.274+0100] {logging_mixin.py:190} INFO - [2025-09-27T23:38:47.274+0100] {dag.py:3239} INFO - Sync 1 DAGs
[2025-09-27T23:38:47.286+0100] {logging_mixin.py:190} INFO - [2025-09-27T23:38:47.286+0100] {dag.py:4180} INFO - Setting next_dagrun for example_time_delta_sensor_async to None, run_after=None
[2025-09-27T23:38:47.309+0100] {processor.py:208} INFO - Processing /home/engineer/project/airflow_env/lib/python3.12/site-packages/airflow/example_dags/example_time_delta_sensor_async.py took 0.078 seconds
[2025-09-27T23:39:36.614+0100] {processor.py:186} INFO - Started process (PID=23606) to work on /home/engineer/project/airflow_env/lib/python3.12/site-packages/airflow/example_dags/example_time_delta_sensor_async.py
[2025-09-27T23:39:36.621+0100] {processor.py:914} INFO - Processing file /home/engineer/project/airflow_env/lib/python3.12/site-packages/airflow/example_dags/example_time_delta_sensor_async.py for tasks to queue
[2025-09-27T23:39:36.623+0100] {logging_mixin.py:190} INFO - [2025-09-27T23:39:36.622+0100] {dagbag.py:588} INFO - Filling up the DagBag from /home/engineer/project/airflow_env/lib/python3.12/site-packages/airflow/example_dags/example_time_delta_sensor_async.py
[2025-09-27T23:39:36.629+0100] {processor.py:925} INFO - DAG(s) 'example_time_delta_sensor_async' retrieved from /home/engineer/project/airflow_env/lib/python3.12/site-packages/airflow/example_dags/example_time_delta_sensor_async.py
[2025-09-27T23:39:36.642+0100] {logging_mixin.py:190} INFO - [2025-09-27T23:39:36.642+0100] {dag.py:3239} INFO - Sync 1 DAGs
[2025-09-27T23:39:36.653+0100] {logging_mixin.py:190} INFO - [2025-09-27T23:39:36.653+0100] {dag.py:4180} INFO - Setting next_dagrun for example_time_delta_sensor_async to None, run_after=None
[2025-09-27T23:39:36.677+0100] {processor.py:208} INFO - Processing /home/engineer/project/airflow_env/lib/python3.12/site-packages/airflow/example_dags/example_time_delta_sensor_async.py took 0.067 seconds
[2025-09-27T23:40:26.674+0100] {processor.py:186} INFO - Started process (PID=23802) to work on /home/engineer/project/airflow_env/lib/python3.12/site-packages/airflow/example_dags/example_time_delta_sensor_async.py
[2025-09-27T23:40:26.681+0100] {processor.py:914} INFO - Processing file /home/engineer/project/airflow_env/lib/python3.12/site-packages/airflow/example_dags/example_time_delta_sensor_async.py for tasks to queue
[2025-09-27T23:40:26.683+0100] {logging_mixin.py:190} INFO - [2025-09-27T23:40:26.682+0100] {dagbag.py:588} INFO - Filling up the DagBag from /home/engineer/project/airflow_env/lib/python3.12/site-packages/airflow/example_dags/example_time_delta_sensor_async.py
[2025-09-27T23:40:26.691+0100] {processor.py:925} INFO - DAG(s) 'example_time_delta_sensor_async' retrieved from /home/engineer/project/airflow_env/lib/python3.12/site-packages/airflow/example_dags/example_time_delta_sensor_async.py
[2025-09-27T23:40:26.708+0100] {logging_mixin.py:190} INFO - [2025-09-27T23:40:26.708+0100] {dag.py:3239} INFO - Sync 1 DAGs
[2025-09-27T23:40:26.721+0100] {logging_mixin.py:190} INFO - [2025-09-27T23:40:26.721+0100] {dag.py:4180} INFO - Setting next_dagrun for example_time_delta_sensor_async to None, run_after=None
[2025-09-27T23:40:26.741+0100] {processor.py:208} INFO - Processing /home/engineer/project/airflow_env/lib/python3.12/site-packages/airflow/example_dags/example_time_delta_sensor_async.py took 0.072 seconds
[2025-09-27T23:41:15.104+0100] {processor.py:186} INFO - Started process (PID=23997) to work on /home/engineer/project/airflow_env/lib/python3.12/site-packages/airflow/example_dags/example_time_delta_sensor_async.py
[2025-09-27T23:41:15.111+0100] {processor.py:914} INFO - Processing file /home/engineer/project/airflow_env/lib/python3.12/site-packages/airflow/example_dags/example_time_delta_sensor_async.py for tasks to queue
[2025-09-27T23:41:15.112+0100] {logging_mixin.py:190} INFO - [2025-09-27T23:41:15.112+0100] {dagbag.py:588} INFO - Filling up the DagBag from /home/engineer/project/airflow_env/lib/python3.12/site-packages/airflow/example_dags/example_time_delta_sensor_async.py
[2025-09-27T23:41:15.117+0100] {processor.py:925} INFO - DAG(s) 'example_time_delta_sensor_async' retrieved from /home/engineer/project/airflow_env/lib/python3.12/site-packages/airflow/example_dags/example_time_delta_sensor_async.py
[2025-09-27T23:41:15.129+0100] {logging_mixin.py:190} INFO - [2025-09-27T23:41:15.129+0100] {dag.py:3239} INFO - Sync 1 DAGs
[2025-09-27T23:41:15.138+0100] {logging_mixin.py:190} INFO - [2025-09-27T23:41:15.138+0100] {dag.py:4180} INFO - Setting next_dagrun for example_time_delta_sensor_async to None, run_after=None
[2025-09-27T23:41:15.154+0100] {processor.py:208} INFO - Processing /home/engineer/project/airflow_env/lib/python3.12/site-packages/airflow/example_dags/example_time_delta_sensor_async.py took 0.055 seconds
[2025-09-27T23:42:05.760+0100] {processor.py:186} INFO - Started process (PID=24224) to work on /home/engineer/project/airflow_env/lib/python3.12/site-packages/airflow/example_dags/example_time_delta_sensor_async.py
[2025-09-27T23:42:05.767+0100] {processor.py:914} INFO - Processing file /home/engineer/project/airflow_env/lib/python3.12/site-packages/airflow/example_dags/example_time_delta_sensor_async.py for tasks to queue
[2025-09-27T23:42:05.768+0100] {logging_mixin.py:190} INFO - [2025-09-27T23:42:05.768+0100] {dagbag.py:588} INFO - Filling up the DagBag from /home/engineer/project/airflow_env/lib/python3.12/site-packages/airflow/example_dags/example_time_delta_sensor_async.py
[2025-09-27T23:42:05.774+0100] {processor.py:925} INFO - DAG(s) 'example_time_delta_sensor_async' retrieved from /home/engineer/project/airflow_env/lib/python3.12/site-packages/airflow/example_dags/example_time_delta_sensor_async.py
[2025-09-27T23:42:05.787+0100] {logging_mixin.py:190} INFO - [2025-09-27T23:42:05.787+0100] {dag.py:3239} INFO - Sync 1 DAGs
[2025-09-27T23:42:05.800+0100] {logging_mixin.py:190} INFO - [2025-09-27T23:42:05.800+0100] {dag.py:4180} INFO - Setting next_dagrun for example_time_delta_sensor_async to None, run_after=None
[2025-09-27T23:42:05.819+0100] {processor.py:208} INFO - Processing /home/engineer/project/airflow_env/lib/python3.12/site-packages/airflow/example_dags/example_time_delta_sensor_async.py took 0.064 seconds
[2025-09-27T23:42:56.275+0100] {processor.py:186} INFO - Started process (PID=24421) to work on /home/engineer/project/airflow_env/lib/python3.12/site-packages/airflow/example_dags/example_time_delta_sensor_async.py
[2025-09-27T23:42:56.283+0100] {processor.py:914} INFO - Processing file /home/engineer/project/airflow_env/lib/python3.12/site-packages/airflow/example_dags/example_time_delta_sensor_async.py for tasks to queue
[2025-09-27T23:42:56.285+0100] {logging_mixin.py:190} INFO - [2025-09-27T23:42:56.284+0100] {dagbag.py:588} INFO - Filling up the DagBag from /home/engineer/project/airflow_env/lib/python3.12/site-packages/airflow/example_dags/example_time_delta_sensor_async.py
[2025-09-27T23:42:56.294+0100] {processor.py:925} INFO - DAG(s) 'example_time_delta_sensor_async' retrieved from /home/engineer/project/airflow_env/lib/python3.12/site-packages/airflow/example_dags/example_time_delta_sensor_async.py
[2025-09-27T23:42:56.312+0100] {logging_mixin.py:190} INFO - [2025-09-27T23:42:56.311+0100] {dag.py:3239} INFO - Sync 1 DAGs
[2025-09-27T23:42:56.328+0100] {logging_mixin.py:190} INFO - [2025-09-27T23:42:56.327+0100] {dag.py:4180} INFO - Setting next_dagrun for example_time_delta_sensor_async to None, run_after=None
[2025-09-27T23:42:56.354+0100] {processor.py:208} INFO - Processing /home/engineer/project/airflow_env/lib/python3.12/site-packages/airflow/example_dags/example_time_delta_sensor_async.py took 0.088 seconds
[2025-09-27T23:43:47.572+0100] {processor.py:186} INFO - Started process (PID=24687) to work on /home/engineer/project/airflow_env/lib/python3.12/site-packages/airflow/example_dags/example_time_delta_sensor_async.py
[2025-09-27T23:43:47.573+0100] {processor.py:914} INFO - Processing file /home/engineer/project/airflow_env/lib/python3.12/site-packages/airflow/example_dags/example_time_delta_sensor_async.py for tasks to queue
[2025-09-27T23:43:47.574+0100] {logging_mixin.py:190} INFO - [2025-09-27T23:43:47.574+0100] {dagbag.py:588} INFO - Filling up the DagBag from /home/engineer/project/airflow_env/lib/python3.12/site-packages/airflow/example_dags/example_time_delta_sensor_async.py
[2025-09-27T23:43:47.579+0100] {processor.py:925} INFO - DAG(s) 'example_time_delta_sensor_async' retrieved from /home/engineer/project/airflow_env/lib/python3.12/site-packages/airflow/example_dags/example_time_delta_sensor_async.py
[2025-09-27T23:43:47.590+0100] {logging_mixin.py:190} INFO - [2025-09-27T23:43:47.590+0100] {dag.py:3239} INFO - Sync 1 DAGs
[2025-09-27T23:43:47.599+0100] {logging_mixin.py:190} INFO - [2025-09-27T23:43:47.598+0100] {dag.py:4180} INFO - Setting next_dagrun for example_time_delta_sensor_async to None, run_after=None
[2025-09-27T23:43:47.614+0100] {processor.py:208} INFO - Processing /home/engineer/project/airflow_env/lib/python3.12/site-packages/airflow/example_dags/example_time_delta_sensor_async.py took 0.045 seconds
