[2025-09-27T23:27:04.034+0100] {processor.py:186} INFO - Started process (PID=19935) to work on /home/engineer/project/airflow_env/lib/python3.12/site-packages/airflow/example_dags/example_branch_operator_decorator.py
[2025-09-27T23:27:04.035+0100] {processor.py:914} INFO - Processing file /home/engineer/project/airflow_env/lib/python3.12/site-packages/airflow/example_dags/example_branch_operator_decorator.py for tasks to queue
[2025-09-27T23:27:04.036+0100] {logging_mixin.py:190} INFO - [2025-09-27T23:27:04.036+0100] {dagbag.py:588} INFO - Filling up the DagBag from /home/engineer/project/airflow_env/lib/python3.12/site-packages/airflow/example_dags/example_branch_operator_decorator.py
[2025-09-27T23:27:04.059+0100] {processor.py:927} WARNING - No viable dags retrieved from /home/engineer/project/airflow_env/lib/python3.12/site-packages/airflow/example_dags/example_branch_operator_decorator.py
[2025-09-27T23:27:04.068+0100] {processor.py:208} INFO - Processing /home/engineer/project/airflow_env/lib/python3.12/site-packages/airflow/example_dags/example_branch_operator_decorator.py took 0.038 seconds
[2025-09-27T23:28:01.938+0100] {processor.py:186} INFO - Started process (PID=20226) to work on /home/engineer/project/airflow_env/lib/python3.12/site-packages/airflow/example_dags/example_branch_operator_decorator.py
[2025-09-27T23:28:01.945+0100] {processor.py:914} INFO - Processing file /home/engineer/project/airflow_env/lib/python3.12/site-packages/airflow/example_dags/example_branch_operator_decorator.py for tasks to queue
[2025-09-27T23:28:01.946+0100] {logging_mixin.py:190} INFO - [2025-09-27T23:28:01.946+0100] {dagbag.py:588} INFO - Filling up the DagBag from /home/engineer/project/airflow_env/lib/python3.12/site-packages/airflow/example_dags/example_branch_operator_decorator.py
[2025-09-27T23:28:01.969+0100] {processor.py:927} WARNING - No viable dags retrieved from /home/engineer/project/airflow_env/lib/python3.12/site-packages/airflow/example_dags/example_branch_operator_decorator.py
[2025-09-27T23:28:01.977+0100] {processor.py:208} INFO - Processing /home/engineer/project/airflow_env/lib/python3.12/site-packages/airflow/example_dags/example_branch_operator_decorator.py took 0.043 seconds
[2025-09-27T23:28:54.551+0100] {processor.py:186} INFO - Started process (PID=20432) to work on /home/engineer/project/airflow_env/lib/python3.12/site-packages/airflow/example_dags/example_branch_operator_decorator.py
[2025-09-27T23:28:54.552+0100] {processor.py:914} INFO - Processing file /home/engineer/project/airflow_env/lib/python3.12/site-packages/airflow/example_dags/example_branch_operator_decorator.py for tasks to queue
[2025-09-27T23:28:54.553+0100] {logging_mixin.py:190} INFO - [2025-09-27T23:28:54.553+0100] {dagbag.py:588} INFO - Filling up the DagBag from /home/engineer/project/airflow_env/lib/python3.12/site-packages/airflow/example_dags/example_branch_operator_decorator.py
[2025-09-27T23:28:54.582+0100] {processor.py:927} WARNING - No viable dags retrieved from /home/engineer/project/airflow_env/lib/python3.12/site-packages/airflow/example_dags/example_branch_operator_decorator.py
[2025-09-27T23:28:54.592+0100] {processor.py:208} INFO - Processing /home/engineer/project/airflow_env/lib/python3.12/site-packages/airflow/example_dags/example_branch_operator_decorator.py took 0.045 seconds
[2025-09-27T23:30:03.824+0100] {processor.py:186} INFO - Started process (PID=20710) to work on /home/engineer/project/airflow_env/lib/python3.12/site-packages/airflow/example_dags/example_branch_operator_decorator.py
[2025-09-27T23:30:03.831+0100] {processor.py:914} INFO - Processing file /home/engineer/project/airflow_env/lib/python3.12/site-packages/airflow/example_dags/example_branch_operator_decorator.py for tasks to queue
[2025-09-27T23:30:03.832+0100] {logging_mixin.py:190} INFO - [2025-09-27T23:30:03.832+0100] {dagbag.py:588} INFO - Filling up the DagBag from /home/engineer/project/airflow_env/lib/python3.12/site-packages/airflow/example_dags/example_branch_operator_decorator.py
[2025-09-27T23:30:03.857+0100] {processor.py:927} WARNING - No viable dags retrieved from /home/engineer/project/airflow_env/lib/python3.12/site-packages/airflow/example_dags/example_branch_operator_decorator.py
[2025-09-27T23:30:03.868+0100] {processor.py:208} INFO - Processing /home/engineer/project/airflow_env/lib/python3.12/site-packages/airflow/example_dags/example_branch_operator_decorator.py took 0.048 seconds
[2025-09-27T23:31:16.085+0100] {processor.py:186} INFO - Started process (PID=21586) to work on /home/engineer/project/airflow_env/lib/python3.12/site-packages/airflow/example_dags/example_branch_operator_decorator.py
[2025-09-27T23:31:16.087+0100] {processor.py:914} INFO - Processing file /home/engineer/project/airflow_env/lib/python3.12/site-packages/airflow/example_dags/example_branch_operator_decorator.py for tasks to queue
[2025-09-27T23:31:16.089+0100] {logging_mixin.py:190} INFO - [2025-09-27T23:31:16.089+0100] {dagbag.py:588} INFO - Filling up the DagBag from /home/engineer/project/airflow_env/lib/python3.12/site-packages/airflow/example_dags/example_branch_operator_decorator.py
[2025-09-27T23:31:16.121+0100] {processor.py:927} WARNING - No viable dags retrieved from /home/engineer/project/airflow_env/lib/python3.12/site-packages/airflow/example_dags/example_branch_operator_decorator.py
[2025-09-27T23:31:16.131+0100] {processor.py:208} INFO - Processing /home/engineer/project/airflow_env/lib/python3.12/site-packages/airflow/example_dags/example_branch_operator_decorator.py took 0.051 seconds
[2025-09-27T23:32:12.293+0100] {processor.py:186} INFO - Started process (PID=21908) to work on /home/engineer/project/airflow_env/lib/python3.12/site-packages/airflow/example_dags/example_branch_operator_decorator.py
[2025-09-27T23:32:12.300+0100] {processor.py:914} INFO - Processing file /home/engineer/project/airflow_env/lib/python3.12/site-packages/airflow/example_dags/example_branch_operator_decorator.py for tasks to queue
[2025-09-27T23:32:12.302+0100] {logging_mixin.py:190} INFO - [2025-09-27T23:32:12.301+0100] {dagbag.py:588} INFO - Filling up the DagBag from /home/engineer/project/airflow_env/lib/python3.12/site-packages/airflow/example_dags/example_branch_operator_decorator.py
[2025-09-27T23:32:12.328+0100] {processor.py:927} WARNING - No viable dags retrieved from /home/engineer/project/airflow_env/lib/python3.12/site-packages/airflow/example_dags/example_branch_operator_decorator.py
[2025-09-27T23:32:12.336+0100] {processor.py:208} INFO - Processing /home/engineer/project/airflow_env/lib/python3.12/site-packages/airflow/example_dags/example_branch_operator_decorator.py took 0.047 seconds
[2025-09-27T23:33:02.074+0100] {processor.py:186} INFO - Started process (PID=22112) to work on /home/engineer/project/airflow_env/lib/python3.12/site-packages/airflow/example_dags/example_branch_operator_decorator.py
[2025-09-27T23:33:02.075+0100] {processor.py:914} INFO - Processing file /home/engineer/project/airflow_env/lib/python3.12/site-packages/airflow/example_dags/example_branch_operator_decorator.py for tasks to queue
[2025-09-27T23:33:02.077+0100] {logging_mixin.py:190} INFO - [2025-09-27T23:33:02.076+0100] {dagbag.py:588} INFO - Filling up the DagBag from /home/engineer/project/airflow_env/lib/python3.12/site-packages/airflow/example_dags/example_branch_operator_decorator.py
[2025-09-27T23:33:02.105+0100] {processor.py:927} WARNING - No viable dags retrieved from /home/engineer/project/airflow_env/lib/python3.12/site-packages/airflow/example_dags/example_branch_operator_decorator.py
[2025-09-27T23:33:02.114+0100] {processor.py:208} INFO - Processing /home/engineer/project/airflow_env/lib/python3.12/site-packages/airflow/example_dags/example_branch_operator_decorator.py took 0.045 seconds
[2025-09-27T23:34:15.015+0100] {processor.py:186} INFO - Started process (PID=22397) to work on /home/engineer/project/airflow_env/lib/python3.12/site-packages/airflow/example_dags/example_branch_operator_decorator.py
[2025-09-27T23:34:15.023+0100] {processor.py:914} INFO - Processing file /home/engineer/project/airflow_env/lib/python3.12/site-packages/airflow/example_dags/example_branch_operator_decorator.py for tasks to queue
[2025-09-27T23:34:15.026+0100] {logging_mixin.py:190} INFO - [2025-09-27T23:34:15.025+0100] {dagbag.py:588} INFO - Filling up the DagBag from /home/engineer/project/airflow_env/lib/python3.12/site-packages/airflow/example_dags/example_branch_operator_decorator.py
[2025-09-27T23:34:15.050+0100] {processor.py:927} WARNING - No viable dags retrieved from /home/engineer/project/airflow_env/lib/python3.12/site-packages/airflow/example_dags/example_branch_operator_decorator.py
[2025-09-27T23:34:15.062+0100] {processor.py:208} INFO - Processing /home/engineer/project/airflow_env/lib/python3.12/site-packages/airflow/example_dags/example_branch_operator_decorator.py took 0.053 seconds
[2025-09-27T23:35:28.095+0100] {processor.py:186} INFO - Started process (PID=22689) to work on /home/engineer/project/airflow_env/lib/python3.12/site-packages/airflow/example_dags/example_branch_operator_decorator.py
[2025-09-27T23:35:28.096+0100] {processor.py:914} INFO - Processing file /home/engineer/project/airflow_env/lib/python3.12/site-packages/airflow/example_dags/example_branch_operator_decorator.py for tasks to queue
[2025-09-27T23:35:28.098+0100] {logging_mixin.py:190} INFO - [2025-09-27T23:35:28.097+0100] {dagbag.py:588} INFO - Filling up the DagBag from /home/engineer/project/airflow_env/lib/python3.12/site-packages/airflow/example_dags/example_branch_operator_decorator.py
[2025-09-27T23:35:28.124+0100] {processor.py:927} WARNING - No viable dags retrieved from /home/engineer/project/airflow_env/lib/python3.12/site-packages/airflow/example_dags/example_branch_operator_decorator.py
[2025-09-27T23:35:28.132+0100] {processor.py:208} INFO - Processing /home/engineer/project/airflow_env/lib/python3.12/site-packages/airflow/example_dags/example_branch_operator_decorator.py took 0.041 seconds
[2025-09-27T23:36:41.710+0100] {processor.py:186} INFO - Started process (PID=23006) to work on /home/engineer/project/airflow_env/lib/python3.12/site-packages/airflow/example_dags/example_branch_operator_decorator.py
[2025-09-27T23:36:41.717+0100] {processor.py:914} INFO - Processing file /home/engineer/project/airflow_env/lib/python3.12/site-packages/airflow/example_dags/example_branch_operator_decorator.py for tasks to queue
[2025-09-27T23:36:41.718+0100] {logging_mixin.py:190} INFO - [2025-09-27T23:36:41.718+0100] {dagbag.py:588} INFO - Filling up the DagBag from /home/engineer/project/airflow_env/lib/python3.12/site-packages/airflow/example_dags/example_branch_operator_decorator.py
[2025-09-27T23:36:41.741+0100] {processor.py:927} WARNING - No viable dags retrieved from /home/engineer/project/airflow_env/lib/python3.12/site-packages/airflow/example_dags/example_branch_operator_decorator.py
[2025-09-27T23:36:41.749+0100] {processor.py:208} INFO - Processing /home/engineer/project/airflow_env/lib/python3.12/site-packages/airflow/example_dags/example_branch_operator_decorator.py took 0.043 seconds
[2025-09-27T23:38:28.694+0100] {processor.py:186} INFO - Started process (PID=23318) to work on /home/engineer/project/airflow_env/lib/python3.12/site-packages/airflow/example_dags/example_branch_operator_decorator.py
[2025-09-27T23:38:28.695+0100] {processor.py:914} INFO - Processing file /home/engineer/project/airflow_env/lib/python3.12/site-packages/airflow/example_dags/example_branch_operator_decorator.py for tasks to queue
[2025-09-27T23:38:28.696+0100] {logging_mixin.py:190} INFO - [2025-09-27T23:38:28.696+0100] {dagbag.py:588} INFO - Filling up the DagBag from /home/engineer/project/airflow_env/lib/python3.12/site-packages/airflow/example_dags/example_branch_operator_decorator.py
[2025-09-27T23:38:28.721+0100] {processor.py:927} WARNING - No viable dags retrieved from /home/engineer/project/airflow_env/lib/python3.12/site-packages/airflow/example_dags/example_branch_operator_decorator.py
[2025-09-27T23:38:28.729+0100] {processor.py:208} INFO - Processing /home/engineer/project/airflow_env/lib/python3.12/site-packages/airflow/example_dags/example_branch_operator_decorator.py took 0.039 seconds
[2025-09-27T23:39:45.010+0100] {processor.py:186} INFO - Started process (PID=23638) to work on /home/engineer/project/airflow_env/lib/python3.12/site-packages/airflow/example_dags/example_branch_operator_decorator.py
[2025-09-27T23:39:45.011+0100] {processor.py:914} INFO - Processing file /home/engineer/project/airflow_env/lib/python3.12/site-packages/airflow/example_dags/example_branch_operator_decorator.py for tasks to queue
[2025-09-27T23:39:45.013+0100] {logging_mixin.py:190} INFO - [2025-09-27T23:39:45.012+0100] {dagbag.py:588} INFO - Filling up the DagBag from /home/engineer/project/airflow_env/lib/python3.12/site-packages/airflow/example_dags/example_branch_operator_decorator.py
[2025-09-27T23:39:45.034+0100] {processor.py:927} WARNING - No viable dags retrieved from /home/engineer/project/airflow_env/lib/python3.12/site-packages/airflow/example_dags/example_branch_operator_decorator.py
[2025-09-27T23:39:45.044+0100] {processor.py:208} INFO - Processing /home/engineer/project/airflow_env/lib/python3.12/site-packages/airflow/example_dags/example_branch_operator_decorator.py took 0.039 seconds
[2025-09-27T23:40:56.776+0100] {processor.py:186} INFO - Started process (PID=23925) to work on /home/engineer/project/airflow_env/lib/python3.12/site-packages/airflow/example_dags/example_branch_operator_decorator.py
[2025-09-27T23:40:56.784+0100] {processor.py:914} INFO - Processing file /home/engineer/project/airflow_env/lib/python3.12/site-packages/airflow/example_dags/example_branch_operator_decorator.py for tasks to queue
[2025-09-27T23:40:56.786+0100] {logging_mixin.py:190} INFO - [2025-09-27T23:40:56.785+0100] {dagbag.py:588} INFO - Filling up the DagBag from /home/engineer/project/airflow_env/lib/python3.12/site-packages/airflow/example_dags/example_branch_operator_decorator.py
[2025-09-27T23:40:56.814+0100] {processor.py:927} WARNING - No viable dags retrieved from /home/engineer/project/airflow_env/lib/python3.12/site-packages/airflow/example_dags/example_branch_operator_decorator.py
[2025-09-27T23:40:56.828+0100] {processor.py:208} INFO - Processing /home/engineer/project/airflow_env/lib/python3.12/site-packages/airflow/example_dags/example_branch_operator_decorator.py took 0.061 seconds
[2025-09-27T23:41:47.609+0100] {processor.py:186} INFO - Started process (PID=24129) to work on /home/engineer/project/airflow_env/lib/python3.12/site-packages/airflow/example_dags/example_branch_operator_decorator.py
[2025-09-27T23:41:47.616+0100] {processor.py:914} INFO - Processing file /home/engineer/project/airflow_env/lib/python3.12/site-packages/airflow/example_dags/example_branch_operator_decorator.py for tasks to queue
[2025-09-27T23:41:47.617+0100] {logging_mixin.py:190} INFO - [2025-09-27T23:41:47.617+0100] {dagbag.py:588} INFO - Filling up the DagBag from /home/engineer/project/airflow_env/lib/python3.12/site-packages/airflow/example_dags/example_branch_operator_decorator.py
[2025-09-27T23:41:47.640+0100] {processor.py:927} WARNING - No viable dags retrieved from /home/engineer/project/airflow_env/lib/python3.12/site-packages/airflow/example_dags/example_branch_operator_decorator.py
[2025-09-27T23:41:47.647+0100] {processor.py:208} INFO - Processing /home/engineer/project/airflow_env/lib/python3.12/site-packages/airflow/example_dags/example_branch_operator_decorator.py took 0.043 seconds
[2025-09-27T23:42:39.591+0100] {processor.py:186} INFO - Started process (PID=24356) to work on /home/engineer/project/airflow_env/lib/python3.12/site-packages/airflow/example_dags/example_branch_operator_decorator.py
[2025-09-27T23:42:39.599+0100] {processor.py:914} INFO - Processing file /home/engineer/project/airflow_env/lib/python3.12/site-packages/airflow/example_dags/example_branch_operator_decorator.py for tasks to queue
[2025-09-27T23:42:39.600+0100] {logging_mixin.py:190} INFO - [2025-09-27T23:42:39.600+0100] {dagbag.py:588} INFO - Filling up the DagBag from /home/engineer/project/airflow_env/lib/python3.12/site-packages/airflow/example_dags/example_branch_operator_decorator.py
[2025-09-27T23:42:39.627+0100] {processor.py:927} WARNING - No viable dags retrieved from /home/engineer/project/airflow_env/lib/python3.12/site-packages/airflow/example_dags/example_branch_operator_decorator.py
[2025-09-27T23:42:39.638+0100] {processor.py:208} INFO - Processing /home/engineer/project/airflow_env/lib/python3.12/site-packages/airflow/example_dags/example_branch_operator_decorator.py took 0.054 seconds
[2025-09-27T23:43:32.150+0100] {processor.py:186} INFO - Started process (PID=24628) to work on /home/engineer/project/airflow_env/lib/python3.12/site-packages/airflow/example_dags/example_branch_operator_decorator.py
[2025-09-27T23:43:32.158+0100] {processor.py:914} INFO - Processing file /home/engineer/project/airflow_env/lib/python3.12/site-packages/airflow/example_dags/example_branch_operator_decorator.py for tasks to queue
[2025-09-27T23:43:32.159+0100] {logging_mixin.py:190} INFO - [2025-09-27T23:43:32.158+0100] {dagbag.py:588} INFO - Filling up the DagBag from /home/engineer/project/airflow_env/lib/python3.12/site-packages/airflow/example_dags/example_branch_operator_decorator.py
[2025-09-27T23:43:32.184+0100] {processor.py:927} WARNING - No viable dags retrieved from /home/engineer/project/airflow_env/lib/python3.12/site-packages/airflow/example_dags/example_branch_operator_decorator.py
[2025-09-27T23:43:32.193+0100] {processor.py:208} INFO - Processing /home/engineer/project/airflow_env/lib/python3.12/site-packages/airflow/example_dags/example_branch_operator_decorator.py took 0.048 seconds
