[2025-09-27T23:26:37.610+0100] {processor.py:186} INFO - Started process (PID=19832) to work on /home/engineer/project/airflow_env/lib/python3.12/site-packages/airflow/example_dags/example_short_circuit_decorator.py
[2025-09-27T23:26:37.610+0100] {processor.py:914} INFO - Processing file /home/engineer/project/airflow_env/lib/python3.12/site-packages/airflow/example_dags/example_short_circuit_decorator.py for tasks to queue
[2025-09-27T23:26:37.612+0100] {logging_mixin.py:190} INFO - [2025-09-27T23:26:37.611+0100] {dagbag.py:588} INFO - Filling up the DagBag from /home/engineer/project/airflow_env/lib/python3.12/site-packages/airflow/example_dags/example_short_circuit_decorator.py
[2025-09-27T23:26:37.620+0100] {processor.py:925} INFO - DAG(s) 'example_short_circuit_decorator' retrieved from /home/engineer/project/airflow_env/lib/python3.12/site-packages/airflow/example_dags/example_short_circuit_decorator.py
[2025-09-27T23:26:37.703+0100] {logging_mixin.py:190} INFO - [2025-09-27T23:26:37.702+0100] {override.py:1900} INFO - Created Permission View: can delete on DAG:example_short_circuit_decorator
[2025-09-27T23:26:37.711+0100] {logging_mixin.py:190} INFO - [2025-09-27T23:26:37.711+0100] {override.py:1900} INFO - Created Permission View: can read on DAG:example_short_circuit_decorator
[2025-09-27T23:26:37.717+0100] {logging_mixin.py:190} INFO - [2025-09-27T23:26:37.717+0100] {override.py:1900} INFO - Created Permission View: can edit on DAG:example_short_circuit_decorator
[2025-09-27T23:26:37.726+0100] {logging_mixin.py:190} INFO - [2025-09-27T23:26:37.726+0100] {override.py:1900} INFO - Created Permission View: can delete on DAG Run:example_short_circuit_decorator
[2025-09-27T23:26:37.732+0100] {logging_mixin.py:190} INFO - [2025-09-27T23:26:37.732+0100] {override.py:1900} INFO - Created Permission View: can read on DAG Run:example_short_circuit_decorator
[2025-09-27T23:26:37.738+0100] {logging_mixin.py:190} INFO - [2025-09-27T23:26:37.737+0100] {override.py:1900} INFO - Created Permission View: can create on DAG Run:example_short_circuit_decorator
[2025-09-27T23:26:37.743+0100] {logging_mixin.py:190} INFO - [2025-09-27T23:26:37.743+0100] {override.py:1900} INFO - Created Permission View: menu access on DAG Run:example_short_circuit_decorator
[2025-09-27T23:26:37.743+0100] {logging_mixin.py:190} INFO - [2025-09-27T23:26:37.743+0100] {dag.py:3239} INFO - Sync 1 DAGs
[2025-09-27T23:26:37.753+0100] {logging_mixin.py:190} INFO - [2025-09-27T23:26:37.753+0100] {dag.py:3262} INFO - Creating ORM DAG for example_short_circuit_decorator
[2025-09-27T23:26:37.753+0100] {logging_mixin.py:190} INFO - [2025-09-27T23:26:37.753+0100] {dag.py:4180} INFO - Setting next_dagrun for example_short_circuit_decorator to None, run_after=None
[2025-09-27T23:26:37.771+0100] {processor.py:208} INFO - Processing /home/engineer/project/airflow_env/lib/python3.12/site-packages/airflow/example_dags/example_short_circuit_decorator.py took 0.165 seconds
[2025-09-27T23:27:37.362+0100] {processor.py:186} INFO - Started process (PID=20068) to work on /home/engineer/project/airflow_env/lib/python3.12/site-packages/airflow/example_dags/example_short_circuit_decorator.py
[2025-09-27T23:27:37.370+0100] {processor.py:914} INFO - Processing file /home/engineer/project/airflow_env/lib/python3.12/site-packages/airflow/example_dags/example_short_circuit_decorator.py for tasks to queue
[2025-09-27T23:27:37.372+0100] {logging_mixin.py:190} INFO - [2025-09-27T23:27:37.371+0100] {dagbag.py:588} INFO - Filling up the DagBag from /home/engineer/project/airflow_env/lib/python3.12/site-packages/airflow/example_dags/example_short_circuit_decorator.py
[2025-09-27T23:27:37.379+0100] {processor.py:925} INFO - DAG(s) 'example_short_circuit_decorator' retrieved from /home/engineer/project/airflow_env/lib/python3.12/site-packages/airflow/example_dags/example_short_circuit_decorator.py
[2025-09-27T23:27:37.392+0100] {logging_mixin.py:190} INFO - [2025-09-27T23:27:37.392+0100] {dag.py:3239} INFO - Sync 1 DAGs
[2025-09-27T23:27:37.402+0100] {logging_mixin.py:190} INFO - [2025-09-27T23:27:37.402+0100] {dag.py:4180} INFO - Setting next_dagrun for example_short_circuit_decorator to None, run_after=None
[2025-09-27T23:27:37.421+0100] {processor.py:208} INFO - Processing /home/engineer/project/airflow_env/lib/python3.12/site-packages/airflow/example_dags/example_short_circuit_decorator.py took 0.063 seconds
[2025-09-27T23:28:30.315+0100] {processor.py:186} INFO - Started process (PID=20334) to work on /home/engineer/project/airflow_env/lib/python3.12/site-packages/airflow/example_dags/example_short_circuit_decorator.py
[2025-09-27T23:28:30.316+0100] {processor.py:914} INFO - Processing file /home/engineer/project/airflow_env/lib/python3.12/site-packages/airflow/example_dags/example_short_circuit_decorator.py for tasks to queue
[2025-09-27T23:28:30.318+0100] {logging_mixin.py:190} INFO - [2025-09-27T23:28:30.317+0100] {dagbag.py:588} INFO - Filling up the DagBag from /home/engineer/project/airflow_env/lib/python3.12/site-packages/airflow/example_dags/example_short_circuit_decorator.py
[2025-09-27T23:28:30.324+0100] {processor.py:925} INFO - DAG(s) 'example_short_circuit_decorator' retrieved from /home/engineer/project/airflow_env/lib/python3.12/site-packages/airflow/example_dags/example_short_circuit_decorator.py
[2025-09-27T23:28:30.336+0100] {logging_mixin.py:190} INFO - [2025-09-27T23:28:30.336+0100] {dag.py:3239} INFO - Sync 1 DAGs
[2025-09-27T23:28:30.345+0100] {logging_mixin.py:190} INFO - [2025-09-27T23:28:30.345+0100] {dag.py:4180} INFO - Setting next_dagrun for example_short_circuit_decorator to None, run_after=None
[2025-09-27T23:28:30.361+0100] {processor.py:208} INFO - Processing /home/engineer/project/airflow_env/lib/python3.12/site-packages/airflow/example_dags/example_short_circuit_decorator.py took 0.050 seconds
[2025-09-27T23:29:17.745+0100] {processor.py:186} INFO - Started process (PID=20528) to work on /home/engineer/project/airflow_env/lib/python3.12/site-packages/airflow/example_dags/example_short_circuit_decorator.py
[2025-09-27T23:29:17.747+0100] {processor.py:914} INFO - Processing file /home/engineer/project/airflow_env/lib/python3.12/site-packages/airflow/example_dags/example_short_circuit_decorator.py for tasks to queue
[2025-09-27T23:29:17.749+0100] {logging_mixin.py:190} INFO - [2025-09-27T23:29:17.749+0100] {dagbag.py:588} INFO - Filling up the DagBag from /home/engineer/project/airflow_env/lib/python3.12/site-packages/airflow/example_dags/example_short_circuit_decorator.py
[2025-09-27T23:29:17.758+0100] {processor.py:925} INFO - DAG(s) 'example_short_circuit_decorator' retrieved from /home/engineer/project/airflow_env/lib/python3.12/site-packages/airflow/example_dags/example_short_circuit_decorator.py
[2025-09-27T23:29:17.777+0100] {logging_mixin.py:190} INFO - [2025-09-27T23:29:17.777+0100] {dag.py:3239} INFO - Sync 1 DAGs
[2025-09-27T23:29:17.790+0100] {logging_mixin.py:190} INFO - [2025-09-27T23:29:17.790+0100] {dag.py:4180} INFO - Setting next_dagrun for example_short_circuit_decorator to None, run_after=None
[2025-09-27T23:29:17.813+0100] {processor.py:208} INFO - Processing /home/engineer/project/airflow_env/lib/python3.12/site-packages/airflow/example_dags/example_short_circuit_decorator.py took 0.072 seconds
[2025-09-27T23:30:09.411+0100] {processor.py:186} INFO - Started process (PID=20735) to work on /home/engineer/project/airflow_env/lib/python3.12/site-packages/airflow/example_dags/example_short_circuit_decorator.py
[2025-09-27T23:30:09.412+0100] {processor.py:914} INFO - Processing file /home/engineer/project/airflow_env/lib/python3.12/site-packages/airflow/example_dags/example_short_circuit_decorator.py for tasks to queue
[2025-09-27T23:30:09.414+0100] {logging_mixin.py:190} INFO - [2025-09-27T23:30:09.414+0100] {dagbag.py:588} INFO - Filling up the DagBag from /home/engineer/project/airflow_env/lib/python3.12/site-packages/airflow/example_dags/example_short_circuit_decorator.py
[2025-09-27T23:30:09.425+0100] {processor.py:925} INFO - DAG(s) 'example_short_circuit_decorator' retrieved from /home/engineer/project/airflow_env/lib/python3.12/site-packages/airflow/example_dags/example_short_circuit_decorator.py
[2025-09-27T23:30:09.440+0100] {logging_mixin.py:190} INFO - [2025-09-27T23:30:09.439+0100] {dag.py:3239} INFO - Sync 1 DAGs
[2025-09-27T23:30:09.450+0100] {logging_mixin.py:190} INFO - [2025-09-27T23:30:09.450+0100] {dag.py:4180} INFO - Setting next_dagrun for example_short_circuit_decorator to None, run_after=None
[2025-09-27T23:30:09.467+0100] {processor.py:208} INFO - Processing /home/engineer/project/airflow_env/lib/python3.12/site-packages/airflow/example_dags/example_short_circuit_decorator.py took 0.061 seconds
[2025-09-27T23:30:57.972+0100] {processor.py:186} INFO - Started process (PID=21189) to work on /home/engineer/project/airflow_env/lib/python3.12/site-packages/airflow/example_dags/example_short_circuit_decorator.py
[2025-09-27T23:30:57.973+0100] {processor.py:914} INFO - Processing file /home/engineer/project/airflow_env/lib/python3.12/site-packages/airflow/example_dags/example_short_circuit_decorator.py for tasks to queue
[2025-09-27T23:30:57.975+0100] {logging_mixin.py:190} INFO - [2025-09-27T23:30:57.974+0100] {dagbag.py:588} INFO - Filling up the DagBag from /home/engineer/project/airflow_env/lib/python3.12/site-packages/airflow/example_dags/example_short_circuit_decorator.py
[2025-09-27T23:30:57.982+0100] {processor.py:925} INFO - DAG(s) 'example_short_circuit_decorator' retrieved from /home/engineer/project/airflow_env/lib/python3.12/site-packages/airflow/example_dags/example_short_circuit_decorator.py
[2025-09-27T23:30:57.994+0100] {logging_mixin.py:190} INFO - [2025-09-27T23:30:57.994+0100] {dag.py:3239} INFO - Sync 1 DAGs
[2025-09-27T23:30:58.003+0100] {logging_mixin.py:190} INFO - [2025-09-27T23:30:58.003+0100] {dag.py:4180} INFO - Setting next_dagrun for example_short_circuit_decorator to None, run_after=None
[2025-09-27T23:30:58.019+0100] {processor.py:208} INFO - Processing /home/engineer/project/airflow_env/lib/python3.12/site-packages/airflow/example_dags/example_short_circuit_decorator.py took 0.051 seconds
[2025-09-27T23:31:52.026+0100] {processor.py:186} INFO - Started process (PID=21750) to work on /home/engineer/project/airflow_env/lib/python3.12/site-packages/airflow/example_dags/example_short_circuit_decorator.py
[2025-09-27T23:31:52.028+0100] {processor.py:914} INFO - Processing file /home/engineer/project/airflow_env/lib/python3.12/site-packages/airflow/example_dags/example_short_circuit_decorator.py for tasks to queue
[2025-09-27T23:31:52.030+0100] {logging_mixin.py:190} INFO - [2025-09-27T23:31:52.030+0100] {dagbag.py:588} INFO - Filling up the DagBag from /home/engineer/project/airflow_env/lib/python3.12/site-packages/airflow/example_dags/example_short_circuit_decorator.py
[2025-09-27T23:31:52.039+0100] {processor.py:925} INFO - DAG(s) 'example_short_circuit_decorator' retrieved from /home/engineer/project/airflow_env/lib/python3.12/site-packages/airflow/example_dags/example_short_circuit_decorator.py
[2025-09-27T23:31:52.053+0100] {logging_mixin.py:190} INFO - [2025-09-27T23:31:52.053+0100] {dag.py:3239} INFO - Sync 1 DAGs
[2025-09-27T23:31:52.063+0100] {logging_mixin.py:190} INFO - [2025-09-27T23:31:52.063+0100] {dag.py:4180} INFO - Setting next_dagrun for example_short_circuit_decorator to None, run_after=None
[2025-09-27T23:31:52.080+0100] {processor.py:208} INFO - Processing /home/engineer/project/airflow_env/lib/python3.12/site-packages/airflow/example_dags/example_short_circuit_decorator.py took 0.060 seconds
[2025-09-27T23:32:42.694+0100] {processor.py:186} INFO - Started process (PID=22032) to work on /home/engineer/project/airflow_env/lib/python3.12/site-packages/airflow/example_dags/example_short_circuit_decorator.py
[2025-09-27T23:32:42.696+0100] {processor.py:914} INFO - Processing file /home/engineer/project/airflow_env/lib/python3.12/site-packages/airflow/example_dags/example_short_circuit_decorator.py for tasks to queue
[2025-09-27T23:32:42.698+0100] {logging_mixin.py:190} INFO - [2025-09-27T23:32:42.697+0100] {dagbag.py:588} INFO - Filling up the DagBag from /home/engineer/project/airflow_env/lib/python3.12/site-packages/airflow/example_dags/example_short_circuit_decorator.py
[2025-09-27T23:32:42.705+0100] {processor.py:925} INFO - DAG(s) 'example_short_circuit_decorator' retrieved from /home/engineer/project/airflow_env/lib/python3.12/site-packages/airflow/example_dags/example_short_circuit_decorator.py
[2025-09-27T23:32:42.717+0100] {logging_mixin.py:190} INFO - [2025-09-27T23:32:42.717+0100] {dag.py:3239} INFO - Sync 1 DAGs
[2025-09-27T23:32:42.725+0100] {logging_mixin.py:190} INFO - [2025-09-27T23:32:42.725+0100] {dag.py:4180} INFO - Setting next_dagrun for example_short_circuit_decorator to None, run_after=None
[2025-09-27T23:32:42.742+0100] {processor.py:208} INFO - Processing /home/engineer/project/airflow_env/lib/python3.12/site-packages/airflow/example_dags/example_short_circuit_decorator.py took 0.051 seconds
[2025-09-27T23:33:30.508+0100] {processor.py:186} INFO - Started process (PID=22225) to work on /home/engineer/project/airflow_env/lib/python3.12/site-packages/airflow/example_dags/example_short_circuit_decorator.py
[2025-09-27T23:33:30.510+0100] {processor.py:914} INFO - Processing file /home/engineer/project/airflow_env/lib/python3.12/site-packages/airflow/example_dags/example_short_circuit_decorator.py for tasks to queue
[2025-09-27T23:33:30.511+0100] {logging_mixin.py:190} INFO - [2025-09-27T23:33:30.511+0100] {dagbag.py:588} INFO - Filling up the DagBag from /home/engineer/project/airflow_env/lib/python3.12/site-packages/airflow/example_dags/example_short_circuit_decorator.py
[2025-09-27T23:33:30.518+0100] {processor.py:925} INFO - DAG(s) 'example_short_circuit_decorator' retrieved from /home/engineer/project/airflow_env/lib/python3.12/site-packages/airflow/example_dags/example_short_circuit_decorator.py
[2025-09-27T23:33:30.530+0100] {logging_mixin.py:190} INFO - [2025-09-27T23:33:30.530+0100] {dag.py:3239} INFO - Sync 1 DAGs
[2025-09-27T23:33:30.539+0100] {logging_mixin.py:190} INFO - [2025-09-27T23:33:30.538+0100] {dag.py:4180} INFO - Setting next_dagrun for example_short_circuit_decorator to None, run_after=None
[2025-09-27T23:33:30.555+0100] {processor.py:208} INFO - Processing /home/engineer/project/airflow_env/lib/python3.12/site-packages/airflow/example_dags/example_short_circuit_decorator.py took 0.051 seconds
[2025-09-27T23:34:20.811+0100] {processor.py:186} INFO - Started process (PID=22421) to work on /home/engineer/project/airflow_env/lib/python3.12/site-packages/airflow/example_dags/example_short_circuit_decorator.py
[2025-09-27T23:34:20.819+0100] {processor.py:914} INFO - Processing file /home/engineer/project/airflow_env/lib/python3.12/site-packages/airflow/example_dags/example_short_circuit_decorator.py for tasks to queue
[2025-09-27T23:34:20.822+0100] {logging_mixin.py:190} INFO - [2025-09-27T23:34:20.821+0100] {dagbag.py:588} INFO - Filling up the DagBag from /home/engineer/project/airflow_env/lib/python3.12/site-packages/airflow/example_dags/example_short_circuit_decorator.py
[2025-09-27T23:34:20.832+0100] {processor.py:925} INFO - DAG(s) 'example_short_circuit_decorator' retrieved from /home/engineer/project/airflow_env/lib/python3.12/site-packages/airflow/example_dags/example_short_circuit_decorator.py
[2025-09-27T23:34:20.854+0100] {logging_mixin.py:190} INFO - [2025-09-27T23:34:20.853+0100] {dag.py:3239} INFO - Sync 1 DAGs
[2025-09-27T23:34:20.863+0100] {logging_mixin.py:190} INFO - [2025-09-27T23:34:20.863+0100] {dag.py:4180} INFO - Setting next_dagrun for example_short_circuit_decorator to None, run_after=None
[2025-09-27T23:34:20.882+0100] {processor.py:208} INFO - Processing /home/engineer/project/airflow_env/lib/python3.12/site-packages/airflow/example_dags/example_short_circuit_decorator.py took 0.075 seconds
[2025-09-27T23:35:10.465+0100] {processor.py:186} INFO - Started process (PID=22616) to work on /home/engineer/project/airflow_env/lib/python3.12/site-packages/airflow/example_dags/example_short_circuit_decorator.py
[2025-09-27T23:35:10.472+0100] {processor.py:914} INFO - Processing file /home/engineer/project/airflow_env/lib/python3.12/site-packages/airflow/example_dags/example_short_circuit_decorator.py for tasks to queue
[2025-09-27T23:35:10.474+0100] {logging_mixin.py:190} INFO - [2025-09-27T23:35:10.473+0100] {dagbag.py:588} INFO - Filling up the DagBag from /home/engineer/project/airflow_env/lib/python3.12/site-packages/airflow/example_dags/example_short_circuit_decorator.py
[2025-09-27T23:35:10.481+0100] {processor.py:925} INFO - DAG(s) 'example_short_circuit_decorator' retrieved from /home/engineer/project/airflow_env/lib/python3.12/site-packages/airflow/example_dags/example_short_circuit_decorator.py
[2025-09-27T23:35:10.493+0100] {logging_mixin.py:190} INFO - [2025-09-27T23:35:10.493+0100] {dag.py:3239} INFO - Sync 1 DAGs
[2025-09-27T23:35:10.501+0100] {logging_mixin.py:190} INFO - [2025-09-27T23:35:10.501+0100] {dag.py:4180} INFO - Setting next_dagrun for example_short_circuit_decorator to None, run_after=None
[2025-09-27T23:35:10.519+0100] {processor.py:208} INFO - Processing /home/engineer/project/airflow_env/lib/python3.12/site-packages/airflow/example_dags/example_short_circuit_decorator.py took 0.058 seconds
[2025-09-27T23:35:58.479+0100] {processor.py:186} INFO - Started process (PID=22810) to work on /home/engineer/project/airflow_env/lib/python3.12/site-packages/airflow/example_dags/example_short_circuit_decorator.py
[2025-09-27T23:35:58.486+0100] {processor.py:914} INFO - Processing file /home/engineer/project/airflow_env/lib/python3.12/site-packages/airflow/example_dags/example_short_circuit_decorator.py for tasks to queue
[2025-09-27T23:35:58.487+0100] {logging_mixin.py:190} INFO - [2025-09-27T23:35:58.487+0100] {dagbag.py:588} INFO - Filling up the DagBag from /home/engineer/project/airflow_env/lib/python3.12/site-packages/airflow/example_dags/example_short_circuit_decorator.py
[2025-09-27T23:35:58.494+0100] {processor.py:925} INFO - DAG(s) 'example_short_circuit_decorator' retrieved from /home/engineer/project/airflow_env/lib/python3.12/site-packages/airflow/example_dags/example_short_circuit_decorator.py
[2025-09-27T23:35:58.506+0100] {logging_mixin.py:190} INFO - [2025-09-27T23:35:58.506+0100] {dag.py:3239} INFO - Sync 1 DAGs
[2025-09-27T23:35:58.514+0100] {logging_mixin.py:190} INFO - [2025-09-27T23:35:58.514+0100] {dag.py:4180} INFO - Setting next_dagrun for example_short_circuit_decorator to None, run_after=None
[2025-09-27T23:35:58.531+0100] {processor.py:208} INFO - Processing /home/engineer/project/airflow_env/lib/python3.12/site-packages/airflow/example_dags/example_short_circuit_decorator.py took 0.056 seconds
[2025-09-27T23:36:47.974+0100] {processor.py:186} INFO - Started process (PID=23030) to work on /home/engineer/project/airflow_env/lib/python3.12/site-packages/airflow/example_dags/example_short_circuit_decorator.py
[2025-09-27T23:36:47.975+0100] {processor.py:914} INFO - Processing file /home/engineer/project/airflow_env/lib/python3.12/site-packages/airflow/example_dags/example_short_circuit_decorator.py for tasks to queue
[2025-09-27T23:36:47.976+0100] {logging_mixin.py:190} INFO - [2025-09-27T23:36:47.976+0100] {dagbag.py:588} INFO - Filling up the DagBag from /home/engineer/project/airflow_env/lib/python3.12/site-packages/airflow/example_dags/example_short_circuit_decorator.py
[2025-09-27T23:36:47.983+0100] {processor.py:925} INFO - DAG(s) 'example_short_circuit_decorator' retrieved from /home/engineer/project/airflow_env/lib/python3.12/site-packages/airflow/example_dags/example_short_circuit_decorator.py
[2025-09-27T23:36:47.997+0100] {logging_mixin.py:190} INFO - [2025-09-27T23:36:47.997+0100] {dag.py:3239} INFO - Sync 1 DAGs
[2025-09-27T23:36:48.008+0100] {logging_mixin.py:190} INFO - [2025-09-27T23:36:48.007+0100] {dag.py:4180} INFO - Setting next_dagrun for example_short_circuit_decorator to None, run_after=None
[2025-09-27T23:36:48.023+0100] {processor.py:208} INFO - Processing /home/engineer/project/airflow_env/lib/python3.12/site-packages/airflow/example_dags/example_short_circuit_decorator.py took 0.053 seconds
[2025-09-27T23:37:35.346+0100] {processor.py:186} INFO - Started process (PID=23219) to work on /home/engineer/project/airflow_env/lib/python3.12/site-packages/airflow/example_dags/example_short_circuit_decorator.py
[2025-09-27T23:37:35.353+0100] {processor.py:914} INFO - Processing file /home/engineer/project/airflow_env/lib/python3.12/site-packages/airflow/example_dags/example_short_circuit_decorator.py for tasks to queue
[2025-09-27T23:37:35.354+0100] {logging_mixin.py:190} INFO - [2025-09-27T23:37:35.353+0100] {dagbag.py:588} INFO - Filling up the DagBag from /home/engineer/project/airflow_env/lib/python3.12/site-packages/airflow/example_dags/example_short_circuit_decorator.py
[2025-09-27T23:37:35.361+0100] {processor.py:925} INFO - DAG(s) 'example_short_circuit_decorator' retrieved from /home/engineer/project/airflow_env/lib/python3.12/site-packages/airflow/example_dags/example_short_circuit_decorator.py
[2025-09-27T23:37:35.373+0100] {logging_mixin.py:190} INFO - [2025-09-27T23:37:35.373+0100] {dag.py:3239} INFO - Sync 1 DAGs
[2025-09-27T23:37:35.384+0100] {logging_mixin.py:190} INFO - [2025-09-27T23:37:35.383+0100] {dag.py:4180} INFO - Setting next_dagrun for example_short_circuit_decorator to None, run_after=None
[2025-09-27T23:37:35.400+0100] {processor.py:208} INFO - Processing /home/engineer/project/airflow_env/lib/python3.12/site-packages/airflow/example_dags/example_short_circuit_decorator.py took 0.058 seconds
[2025-09-27T23:38:53.288+0100] {processor.py:186} INFO - Started process (PID=23435) to work on /home/engineer/project/airflow_env/lib/python3.12/site-packages/airflow/example_dags/example_short_circuit_decorator.py
[2025-09-27T23:38:53.289+0100] {processor.py:914} INFO - Processing file /home/engineer/project/airflow_env/lib/python3.12/site-packages/airflow/example_dags/example_short_circuit_decorator.py for tasks to queue
[2025-09-27T23:38:53.290+0100] {logging_mixin.py:190} INFO - [2025-09-27T23:38:53.290+0100] {dagbag.py:588} INFO - Filling up the DagBag from /home/engineer/project/airflow_env/lib/python3.12/site-packages/airflow/example_dags/example_short_circuit_decorator.py
[2025-09-27T23:38:53.298+0100] {processor.py:925} INFO - DAG(s) 'example_short_circuit_decorator' retrieved from /home/engineer/project/airflow_env/lib/python3.12/site-packages/airflow/example_dags/example_short_circuit_decorator.py
[2025-09-27T23:38:53.312+0100] {logging_mixin.py:190} INFO - [2025-09-27T23:38:53.312+0100] {dag.py:3239} INFO - Sync 1 DAGs
[2025-09-27T23:38:53.323+0100] {logging_mixin.py:190} INFO - [2025-09-27T23:38:53.323+0100] {dag.py:4180} INFO - Setting next_dagrun for example_short_circuit_decorator to None, run_after=None
[2025-09-27T23:38:53.341+0100] {processor.py:208} INFO - Processing /home/engineer/project/airflow_env/lib/python3.12/site-packages/airflow/example_dags/example_short_circuit_decorator.py took 0.057 seconds
[2025-09-27T23:39:42.897+0100] {processor.py:186} INFO - Started process (PID=23630) to work on /home/engineer/project/airflow_env/lib/python3.12/site-packages/airflow/example_dags/example_short_circuit_decorator.py
[2025-09-27T23:39:42.899+0100] {processor.py:914} INFO - Processing file /home/engineer/project/airflow_env/lib/python3.12/site-packages/airflow/example_dags/example_short_circuit_decorator.py for tasks to queue
[2025-09-27T23:39:42.900+0100] {logging_mixin.py:190} INFO - [2025-09-27T23:39:42.900+0100] {dagbag.py:588} INFO - Filling up the DagBag from /home/engineer/project/airflow_env/lib/python3.12/site-packages/airflow/example_dags/example_short_circuit_decorator.py
[2025-09-27T23:39:42.910+0100] {processor.py:925} INFO - DAG(s) 'example_short_circuit_decorator' retrieved from /home/engineer/project/airflow_env/lib/python3.12/site-packages/airflow/example_dags/example_short_circuit_decorator.py
[2025-09-27T23:39:42.926+0100] {logging_mixin.py:190} INFO - [2025-09-27T23:39:42.926+0100] {dag.py:3239} INFO - Sync 1 DAGs
[2025-09-27T23:39:42.939+0100] {logging_mixin.py:190} INFO - [2025-09-27T23:39:42.938+0100] {dag.py:4180} INFO - Setting next_dagrun for example_short_circuit_decorator to None, run_after=None
[2025-09-27T23:39:42.958+0100] {processor.py:208} INFO - Processing /home/engineer/project/airflow_env/lib/python3.12/site-packages/airflow/example_dags/example_short_circuit_decorator.py took 0.067 seconds
[2025-09-27T23:40:31.964+0100] {processor.py:186} INFO - Started process (PID=23826) to work on /home/engineer/project/airflow_env/lib/python3.12/site-packages/airflow/example_dags/example_short_circuit_decorator.py
[2025-09-27T23:40:31.965+0100] {processor.py:914} INFO - Processing file /home/engineer/project/airflow_env/lib/python3.12/site-packages/airflow/example_dags/example_short_circuit_decorator.py for tasks to queue
[2025-09-27T23:40:31.966+0100] {logging_mixin.py:190} INFO - [2025-09-27T23:40:31.966+0100] {dagbag.py:588} INFO - Filling up the DagBag from /home/engineer/project/airflow_env/lib/python3.12/site-packages/airflow/example_dags/example_short_circuit_decorator.py
[2025-09-27T23:40:31.974+0100] {processor.py:925} INFO - DAG(s) 'example_short_circuit_decorator' retrieved from /home/engineer/project/airflow_env/lib/python3.12/site-packages/airflow/example_dags/example_short_circuit_decorator.py
[2025-09-27T23:40:31.988+0100] {logging_mixin.py:190} INFO - [2025-09-27T23:40:31.988+0100] {dag.py:3239} INFO - Sync 1 DAGs
[2025-09-27T23:40:31.998+0100] {logging_mixin.py:190} INFO - [2025-09-27T23:40:31.998+0100] {dag.py:4180} INFO - Setting next_dagrun for example_short_circuit_decorator to None, run_after=None
[2025-09-27T23:40:32.022+0100] {processor.py:208} INFO - Processing /home/engineer/project/airflow_env/lib/python3.12/site-packages/airflow/example_dags/example_short_circuit_decorator.py took 0.063 seconds
[2025-09-27T23:41:21.688+0100] {processor.py:186} INFO - Started process (PID=24021) to work on /home/engineer/project/airflow_env/lib/python3.12/site-packages/airflow/example_dags/example_short_circuit_decorator.py
[2025-09-27T23:41:21.695+0100] {processor.py:914} INFO - Processing file /home/engineer/project/airflow_env/lib/python3.12/site-packages/airflow/example_dags/example_short_circuit_decorator.py for tasks to queue
[2025-09-27T23:41:21.696+0100] {logging_mixin.py:190} INFO - [2025-09-27T23:41:21.696+0100] {dagbag.py:588} INFO - Filling up the DagBag from /home/engineer/project/airflow_env/lib/python3.12/site-packages/airflow/example_dags/example_short_circuit_decorator.py
[2025-09-27T23:41:21.704+0100] {processor.py:925} INFO - DAG(s) 'example_short_circuit_decorator' retrieved from /home/engineer/project/airflow_env/lib/python3.12/site-packages/airflow/example_dags/example_short_circuit_decorator.py
[2025-09-27T23:41:21.717+0100] {logging_mixin.py:190} INFO - [2025-09-27T23:41:21.717+0100] {dag.py:3239} INFO - Sync 1 DAGs
[2025-09-27T23:41:21.726+0100] {logging_mixin.py:190} INFO - [2025-09-27T23:41:21.726+0100] {dag.py:4180} INFO - Setting next_dagrun for example_short_circuit_decorator to None, run_after=None
[2025-09-27T23:41:21.742+0100] {processor.py:208} INFO - Processing /home/engineer/project/airflow_env/lib/python3.12/site-packages/airflow/example_dags/example_short_circuit_decorator.py took 0.059 seconds
[2025-09-27T23:42:12.040+0100] {processor.py:186} INFO - Started process (PID=24248) to work on /home/engineer/project/airflow_env/lib/python3.12/site-packages/airflow/example_dags/example_short_circuit_decorator.py
[2025-09-27T23:42:12.047+0100] {processor.py:914} INFO - Processing file /home/engineer/project/airflow_env/lib/python3.12/site-packages/airflow/example_dags/example_short_circuit_decorator.py for tasks to queue
[2025-09-27T23:42:12.049+0100] {logging_mixin.py:190} INFO - [2025-09-27T23:42:12.048+0100] {dagbag.py:588} INFO - Filling up the DagBag from /home/engineer/project/airflow_env/lib/python3.12/site-packages/airflow/example_dags/example_short_circuit_decorator.py
[2025-09-27T23:42:12.060+0100] {processor.py:925} INFO - DAG(s) 'example_short_circuit_decorator' retrieved from /home/engineer/project/airflow_env/lib/python3.12/site-packages/airflow/example_dags/example_short_circuit_decorator.py
[2025-09-27T23:42:12.082+0100] {logging_mixin.py:190} INFO - [2025-09-27T23:42:12.082+0100] {dag.py:3239} INFO - Sync 1 DAGs
[2025-09-27T23:42:12.098+0100] {logging_mixin.py:190} INFO - [2025-09-27T23:42:12.098+0100] {dag.py:4180} INFO - Setting next_dagrun for example_short_circuit_decorator to None, run_after=None
[2025-09-27T23:42:12.123+0100] {processor.py:208} INFO - Processing /home/engineer/project/airflow_env/lib/python3.12/site-packages/airflow/example_dags/example_short_circuit_decorator.py took 0.089 seconds
[2025-09-27T23:43:01.416+0100] {processor.py:186} INFO - Started process (PID=24445) to work on /home/engineer/project/airflow_env/lib/python3.12/site-packages/airflow/example_dags/example_short_circuit_decorator.py
[2025-09-27T23:43:01.421+0100] {processor.py:914} INFO - Processing file /home/engineer/project/airflow_env/lib/python3.12/site-packages/airflow/example_dags/example_short_circuit_decorator.py for tasks to queue
[2025-09-27T23:43:01.422+0100] {logging_mixin.py:190} INFO - [2025-09-27T23:43:01.421+0100] {dagbag.py:588} INFO - Filling up the DagBag from /home/engineer/project/airflow_env/lib/python3.12/site-packages/airflow/example_dags/example_short_circuit_decorator.py
[2025-09-27T23:43:01.430+0100] {processor.py:925} INFO - DAG(s) 'example_short_circuit_decorator' retrieved from /home/engineer/project/airflow_env/lib/python3.12/site-packages/airflow/example_dags/example_short_circuit_decorator.py
[2025-09-27T23:43:01.453+0100] {logging_mixin.py:190} INFO - [2025-09-27T23:43:01.453+0100] {dag.py:3239} INFO - Sync 1 DAGs
[2025-09-27T23:43:01.472+0100] {logging_mixin.py:190} INFO - [2025-09-27T23:43:01.471+0100] {dag.py:4180} INFO - Setting next_dagrun for example_short_circuit_decorator to None, run_after=None
[2025-09-27T23:43:01.497+0100] {processor.py:208} INFO - Processing /home/engineer/project/airflow_env/lib/python3.12/site-packages/airflow/example_dags/example_short_circuit_decorator.py took 0.085 seconds
[2025-09-27T23:43:53.858+0100] {processor.py:186} INFO - Started process (PID=24712) to work on /home/engineer/project/airflow_env/lib/python3.12/site-packages/airflow/example_dags/example_short_circuit_decorator.py
[2025-09-27T23:43:53.859+0100] {processor.py:914} INFO - Processing file /home/engineer/project/airflow_env/lib/python3.12/site-packages/airflow/example_dags/example_short_circuit_decorator.py for tasks to queue
[2025-09-27T23:43:53.860+0100] {logging_mixin.py:190} INFO - [2025-09-27T23:43:53.860+0100] {dagbag.py:588} INFO - Filling up the DagBag from /home/engineer/project/airflow_env/lib/python3.12/site-packages/airflow/example_dags/example_short_circuit_decorator.py
[2025-09-27T23:43:53.870+0100] {processor.py:925} INFO - DAG(s) 'example_short_circuit_decorator' retrieved from /home/engineer/project/airflow_env/lib/python3.12/site-packages/airflow/example_dags/example_short_circuit_decorator.py
[2025-09-27T23:43:53.890+0100] {logging_mixin.py:190} INFO - [2025-09-27T23:43:53.890+0100] {dag.py:3239} INFO - Sync 1 DAGs
[2025-09-27T23:43:53.901+0100] {logging_mixin.py:190} INFO - [2025-09-27T23:43:53.901+0100] {dag.py:4180} INFO - Setting next_dagrun for example_short_circuit_decorator to None, run_after=None
[2025-09-27T23:43:53.921+0100] {processor.py:208} INFO - Processing /home/engineer/project/airflow_env/lib/python3.12/site-packages/airflow/example_dags/example_short_circuit_decorator.py took 0.068 seconds
