[2025-09-27T23:26:47.101+0100] {processor.py:186} INFO - Started process (PID=19871) to work on /home/engineer/project/airflow_env/lib/python3.12/site-packages/airflow/example_dags/example_params_ui_tutorial.py
[2025-09-27T23:26:47.102+0100] {processor.py:914} INFO - Processing file /home/engineer/project/airflow_env/lib/python3.12/site-packages/airflow/example_dags/example_params_ui_tutorial.py for tasks to queue
[2025-09-27T23:26:47.103+0100] {logging_mixin.py:190} INFO - [2025-09-27T23:26:47.103+0100] {dagbag.py:588} INFO - Filling up the DagBag from /home/engineer/project/airflow_env/lib/python3.12/site-packages/airflow/example_dags/example_params_ui_tutorial.py
[2025-09-27T23:26:47.110+0100] {processor.py:925} INFO - DAG(s) 'example_params_ui_tutorial' retrieved from /home/engineer/project/airflow_env/lib/python3.12/site-packages/airflow/example_dags/example_params_ui_tutorial.py
[2025-09-27T23:26:47.191+0100] {logging_mixin.py:190} INFO - [2025-09-27T23:26:47.191+0100] {override.py:1900} INFO - Created Permission View: can delete on DAG:example_params_ui_tutorial
[2025-09-27T23:26:47.199+0100] {logging_mixin.py:190} INFO - [2025-09-27T23:26:47.199+0100] {override.py:1900} INFO - Created Permission View: can read on DAG:example_params_ui_tutorial
[2025-09-27T23:26:47.204+0100] {logging_mixin.py:190} INFO - [2025-09-27T23:26:47.204+0100] {override.py:1900} INFO - Created Permission View: can edit on DAG:example_params_ui_tutorial
[2025-09-27T23:26:47.213+0100] {logging_mixin.py:190} INFO - [2025-09-27T23:26:47.213+0100] {override.py:1900} INFO - Created Permission View: can delete on DAG Run:example_params_ui_tutorial
[2025-09-27T23:26:47.218+0100] {logging_mixin.py:190} INFO - [2025-09-27T23:26:47.218+0100] {override.py:1900} INFO - Created Permission View: can read on DAG Run:example_params_ui_tutorial
[2025-09-27T23:26:47.223+0100] {logging_mixin.py:190} INFO - [2025-09-27T23:26:47.223+0100] {override.py:1900} INFO - Created Permission View: can create on DAG Run:example_params_ui_tutorial
[2025-09-27T23:26:47.229+0100] {logging_mixin.py:190} INFO - [2025-09-27T23:26:47.228+0100] {override.py:1900} INFO - Created Permission View: menu access on DAG Run:example_params_ui_tutorial
[2025-09-27T23:26:47.229+0100] {logging_mixin.py:190} INFO - [2025-09-27T23:26:47.229+0100] {dag.py:3239} INFO - Sync 1 DAGs
[2025-09-27T23:26:47.235+0100] {logging_mixin.py:190} INFO - [2025-09-27T23:26:47.235+0100] {dag.py:3262} INFO - Creating ORM DAG for example_params_ui_tutorial
[2025-09-27T23:26:47.236+0100] {logging_mixin.py:190} INFO - [2025-09-27T23:26:47.236+0100] {dag.py:4180} INFO - Setting next_dagrun for example_params_ui_tutorial to None, run_after=None
[2025-09-27T23:26:47.248+0100] {processor.py:208} INFO - Processing /home/engineer/project/airflow_env/lib/python3.12/site-packages/airflow/example_dags/example_params_ui_tutorial.py took 0.150 seconds
[2025-09-27T23:27:46.505+0100] {processor.py:186} INFO - Started process (PID=20132) to work on /home/engineer/project/airflow_env/lib/python3.12/site-packages/airflow/example_dags/example_params_ui_tutorial.py
[2025-09-27T23:27:46.512+0100] {processor.py:914} INFO - Processing file /home/engineer/project/airflow_env/lib/python3.12/site-packages/airflow/example_dags/example_params_ui_tutorial.py for tasks to queue
[2025-09-27T23:27:46.514+0100] {logging_mixin.py:190} INFO - [2025-09-27T23:27:46.513+0100] {dagbag.py:588} INFO - Filling up the DagBag from /home/engineer/project/airflow_env/lib/python3.12/site-packages/airflow/example_dags/example_params_ui_tutorial.py
[2025-09-27T23:27:46.520+0100] {processor.py:925} INFO - DAG(s) 'example_params_ui_tutorial' retrieved from /home/engineer/project/airflow_env/lib/python3.12/site-packages/airflow/example_dags/example_params_ui_tutorial.py
[2025-09-27T23:27:46.543+0100] {logging_mixin.py:190} INFO - [2025-09-27T23:27:46.543+0100] {dag.py:3239} INFO - Sync 1 DAGs
[2025-09-27T23:27:46.551+0100] {logging_mixin.py:190} INFO - [2025-09-27T23:27:46.551+0100] {dag.py:4180} INFO - Setting next_dagrun for example_params_ui_tutorial to None, run_after=None
[2025-09-27T23:27:46.566+0100] {processor.py:208} INFO - Processing /home/engineer/project/airflow_env/lib/python3.12/site-packages/airflow/example_dags/example_params_ui_tutorial.py took 0.065 seconds
[2025-09-27T23:28:39.316+0100] {processor.py:186} INFO - Started process (PID=20374) to work on /home/engineer/project/airflow_env/lib/python3.12/site-packages/airflow/example_dags/example_params_ui_tutorial.py
[2025-09-27T23:28:39.323+0100] {processor.py:914} INFO - Processing file /home/engineer/project/airflow_env/lib/python3.12/site-packages/airflow/example_dags/example_params_ui_tutorial.py for tasks to queue
[2025-09-27T23:28:39.325+0100] {logging_mixin.py:190} INFO - [2025-09-27T23:28:39.324+0100] {dagbag.py:588} INFO - Filling up the DagBag from /home/engineer/project/airflow_env/lib/python3.12/site-packages/airflow/example_dags/example_params_ui_tutorial.py
[2025-09-27T23:28:39.331+0100] {processor.py:925} INFO - DAG(s) 'example_params_ui_tutorial' retrieved from /home/engineer/project/airflow_env/lib/python3.12/site-packages/airflow/example_dags/example_params_ui_tutorial.py
[2025-09-27T23:28:39.359+0100] {logging_mixin.py:190} INFO - [2025-09-27T23:28:39.358+0100] {dag.py:3239} INFO - Sync 1 DAGs
[2025-09-27T23:28:39.369+0100] {logging_mixin.py:190} INFO - [2025-09-27T23:28:39.369+0100] {dag.py:4180} INFO - Setting next_dagrun for example_params_ui_tutorial to None, run_after=None
[2025-09-27T23:28:39.387+0100] {processor.py:208} INFO - Processing /home/engineer/project/airflow_env/lib/python3.12/site-packages/airflow/example_dags/example_params_ui_tutorial.py took 0.075 seconds
[2025-09-27T23:29:31.144+0100] {processor.py:186} INFO - Started process (PID=20579) to work on /home/engineer/project/airflow_env/lib/python3.12/site-packages/airflow/example_dags/example_params_ui_tutorial.py
[2025-09-27T23:29:31.145+0100] {processor.py:914} INFO - Processing file /home/engineer/project/airflow_env/lib/python3.12/site-packages/airflow/example_dags/example_params_ui_tutorial.py for tasks to queue
[2025-09-27T23:29:31.147+0100] {logging_mixin.py:190} INFO - [2025-09-27T23:29:31.146+0100] {dagbag.py:588} INFO - Filling up the DagBag from /home/engineer/project/airflow_env/lib/python3.12/site-packages/airflow/example_dags/example_params_ui_tutorial.py
[2025-09-27T23:29:31.154+0100] {processor.py:925} INFO - DAG(s) 'example_params_ui_tutorial' retrieved from /home/engineer/project/airflow_env/lib/python3.12/site-packages/airflow/example_dags/example_params_ui_tutorial.py
[2025-09-27T23:29:31.183+0100] {logging_mixin.py:190} INFO - [2025-09-27T23:29:31.183+0100] {dag.py:3239} INFO - Sync 1 DAGs
[2025-09-27T23:29:31.193+0100] {logging_mixin.py:190} INFO - [2025-09-27T23:29:31.193+0100] {dag.py:4180} INFO - Setting next_dagrun for example_params_ui_tutorial to None, run_after=None
[2025-09-27T23:29:31.211+0100] {processor.py:208} INFO - Processing /home/engineer/project/airflow_env/lib/python3.12/site-packages/airflow/example_dags/example_params_ui_tutorial.py took 0.071 seconds
[2025-09-27T23:30:17.880+0100] {processor.py:186} INFO - Started process (PID=20768) to work on /home/engineer/project/airflow_env/lib/python3.12/site-packages/airflow/example_dags/example_params_ui_tutorial.py
[2025-09-27T23:30:17.886+0100] {processor.py:914} INFO - Processing file /home/engineer/project/airflow_env/lib/python3.12/site-packages/airflow/example_dags/example_params_ui_tutorial.py for tasks to queue
[2025-09-27T23:30:17.888+0100] {logging_mixin.py:190} INFO - [2025-09-27T23:30:17.888+0100] {dagbag.py:588} INFO - Filling up the DagBag from /home/engineer/project/airflow_env/lib/python3.12/site-packages/airflow/example_dags/example_params_ui_tutorial.py
[2025-09-27T23:30:17.897+0100] {processor.py:925} INFO - DAG(s) 'example_params_ui_tutorial' retrieved from /home/engineer/project/airflow_env/lib/python3.12/site-packages/airflow/example_dags/example_params_ui_tutorial.py
[2025-09-27T23:30:17.929+0100] {logging_mixin.py:190} INFO - [2025-09-27T23:30:17.929+0100] {dag.py:3239} INFO - Sync 1 DAGs
[2025-09-27T23:30:17.939+0100] {logging_mixin.py:190} INFO - [2025-09-27T23:30:17.938+0100] {dag.py:4180} INFO - Setting next_dagrun for example_params_ui_tutorial to None, run_after=None
[2025-09-27T23:30:17.960+0100] {processor.py:208} INFO - Processing /home/engineer/project/airflow_env/lib/python3.12/site-packages/airflow/example_dags/example_params_ui_tutorial.py took 0.085 seconds
[2025-09-27T23:31:05.991+0100] {processor.py:186} INFO - Started process (PID=21275) to work on /home/engineer/project/airflow_env/lib/python3.12/site-packages/airflow/example_dags/example_params_ui_tutorial.py
[2025-09-27T23:31:05.992+0100] {processor.py:914} INFO - Processing file /home/engineer/project/airflow_env/lib/python3.12/site-packages/airflow/example_dags/example_params_ui_tutorial.py for tasks to queue
[2025-09-27T23:31:05.995+0100] {logging_mixin.py:190} INFO - [2025-09-27T23:31:05.995+0100] {dagbag.py:588} INFO - Filling up the DagBag from /home/engineer/project/airflow_env/lib/python3.12/site-packages/airflow/example_dags/example_params_ui_tutorial.py
[2025-09-27T23:31:06.007+0100] {processor.py:925} INFO - DAG(s) 'example_params_ui_tutorial' retrieved from /home/engineer/project/airflow_env/lib/python3.12/site-packages/airflow/example_dags/example_params_ui_tutorial.py
[2025-09-27T23:31:06.042+0100] {logging_mixin.py:190} INFO - [2025-09-27T23:31:06.042+0100] {dag.py:3239} INFO - Sync 1 DAGs
[2025-09-27T23:31:06.053+0100] {logging_mixin.py:190} INFO - [2025-09-27T23:31:06.053+0100] {dag.py:4180} INFO - Setting next_dagrun for example_params_ui_tutorial to None, run_after=None
[2025-09-27T23:31:06.078+0100] {processor.py:208} INFO - Processing /home/engineer/project/airflow_env/lib/python3.12/site-packages/airflow/example_dags/example_params_ui_tutorial.py took 0.094 seconds
[2025-09-27T23:32:01.435+0100] {processor.py:186} INFO - Started process (PID=21795) to work on /home/engineer/project/airflow_env/lib/python3.12/site-packages/airflow/example_dags/example_params_ui_tutorial.py
[2025-09-27T23:32:01.442+0100] {processor.py:914} INFO - Processing file /home/engineer/project/airflow_env/lib/python3.12/site-packages/airflow/example_dags/example_params_ui_tutorial.py for tasks to queue
[2025-09-27T23:32:01.444+0100] {logging_mixin.py:190} INFO - [2025-09-27T23:32:01.443+0100] {dagbag.py:588} INFO - Filling up the DagBag from /home/engineer/project/airflow_env/lib/python3.12/site-packages/airflow/example_dags/example_params_ui_tutorial.py
[2025-09-27T23:32:01.450+0100] {processor.py:925} INFO - DAG(s) 'example_params_ui_tutorial' retrieved from /home/engineer/project/airflow_env/lib/python3.12/site-packages/airflow/example_dags/example_params_ui_tutorial.py
[2025-09-27T23:32:01.475+0100] {logging_mixin.py:190} INFO - [2025-09-27T23:32:01.475+0100] {dag.py:3239} INFO - Sync 1 DAGs
[2025-09-27T23:32:01.485+0100] {logging_mixin.py:190} INFO - [2025-09-27T23:32:01.484+0100] {dag.py:4180} INFO - Setting next_dagrun for example_params_ui_tutorial to None, run_after=None
[2025-09-27T23:32:01.502+0100] {processor.py:208} INFO - Processing /home/engineer/project/airflow_env/lib/python3.12/site-packages/airflow/example_dags/example_params_ui_tutorial.py took 0.071 seconds
[2025-09-27T23:32:51.405+0100] {processor.py:186} INFO - Started process (PID=22071) to work on /home/engineer/project/airflow_env/lib/python3.12/site-packages/airflow/example_dags/example_params_ui_tutorial.py
[2025-09-27T23:32:51.412+0100] {processor.py:914} INFO - Processing file /home/engineer/project/airflow_env/lib/python3.12/site-packages/airflow/example_dags/example_params_ui_tutorial.py for tasks to queue
[2025-09-27T23:32:51.415+0100] {logging_mixin.py:190} INFO - [2025-09-27T23:32:51.415+0100] {dagbag.py:588} INFO - Filling up the DagBag from /home/engineer/project/airflow_env/lib/python3.12/site-packages/airflow/example_dags/example_params_ui_tutorial.py
[2025-09-27T23:32:51.423+0100] {processor.py:925} INFO - DAG(s) 'example_params_ui_tutorial' retrieved from /home/engineer/project/airflow_env/lib/python3.12/site-packages/airflow/example_dags/example_params_ui_tutorial.py
[2025-09-27T23:32:51.450+0100] {logging_mixin.py:190} INFO - [2025-09-27T23:32:51.450+0100] {dag.py:3239} INFO - Sync 1 DAGs
[2025-09-27T23:32:51.459+0100] {logging_mixin.py:190} INFO - [2025-09-27T23:32:51.459+0100] {dag.py:4180} INFO - Setting next_dagrun for example_params_ui_tutorial to None, run_after=None
[2025-09-27T23:32:51.477+0100] {processor.py:208} INFO - Processing /home/engineer/project/airflow_env/lib/python3.12/site-packages/airflow/example_dags/example_params_ui_tutorial.py took 0.076 seconds
[2025-09-27T23:33:40.141+0100] {processor.py:186} INFO - Started process (PID=22258) to work on /home/engineer/project/airflow_env/lib/python3.12/site-packages/airflow/example_dags/example_params_ui_tutorial.py
[2025-09-27T23:33:40.143+0100] {processor.py:914} INFO - Processing file /home/engineer/project/airflow_env/lib/python3.12/site-packages/airflow/example_dags/example_params_ui_tutorial.py for tasks to queue
[2025-09-27T23:33:40.144+0100] {logging_mixin.py:190} INFO - [2025-09-27T23:33:40.144+0100] {dagbag.py:588} INFO - Filling up the DagBag from /home/engineer/project/airflow_env/lib/python3.12/site-packages/airflow/example_dags/example_params_ui_tutorial.py
[2025-09-27T23:33:40.151+0100] {processor.py:925} INFO - DAG(s) 'example_params_ui_tutorial' retrieved from /home/engineer/project/airflow_env/lib/python3.12/site-packages/airflow/example_dags/example_params_ui_tutorial.py
[2025-09-27T23:33:40.175+0100] {logging_mixin.py:190} INFO - [2025-09-27T23:33:40.175+0100] {dag.py:3239} INFO - Sync 1 DAGs
[2025-09-27T23:33:40.183+0100] {logging_mixin.py:190} INFO - [2025-09-27T23:33:40.183+0100] {dag.py:4180} INFO - Setting next_dagrun for example_params_ui_tutorial to None, run_after=None
[2025-09-27T23:33:40.198+0100] {processor.py:208} INFO - Processing /home/engineer/project/airflow_env/lib/python3.12/site-packages/airflow/example_dags/example_params_ui_tutorial.py took 0.061 seconds
[2025-09-27T23:34:30.570+0100] {processor.py:186} INFO - Started process (PID=22460) to work on /home/engineer/project/airflow_env/lib/python3.12/site-packages/airflow/example_dags/example_params_ui_tutorial.py
[2025-09-27T23:34:30.572+0100] {processor.py:914} INFO - Processing file /home/engineer/project/airflow_env/lib/python3.12/site-packages/airflow/example_dags/example_params_ui_tutorial.py for tasks to queue
[2025-09-27T23:34:30.573+0100] {logging_mixin.py:190} INFO - [2025-09-27T23:34:30.573+0100] {dagbag.py:588} INFO - Filling up the DagBag from /home/engineer/project/airflow_env/lib/python3.12/site-packages/airflow/example_dags/example_params_ui_tutorial.py
[2025-09-27T23:34:30.580+0100] {processor.py:925} INFO - DAG(s) 'example_params_ui_tutorial' retrieved from /home/engineer/project/airflow_env/lib/python3.12/site-packages/airflow/example_dags/example_params_ui_tutorial.py
[2025-09-27T23:34:30.604+0100] {logging_mixin.py:190} INFO - [2025-09-27T23:34:30.604+0100] {dag.py:3239} INFO - Sync 1 DAGs
[2025-09-27T23:34:30.614+0100] {logging_mixin.py:190} INFO - [2025-09-27T23:34:30.613+0100] {dag.py:4180} INFO - Setting next_dagrun for example_params_ui_tutorial to None, run_after=None
[2025-09-27T23:34:30.629+0100] {processor.py:208} INFO - Processing /home/engineer/project/airflow_env/lib/python3.12/site-packages/airflow/example_dags/example_params_ui_tutorial.py took 0.063 seconds
[2025-09-27T23:35:18.476+0100] {processor.py:186} INFO - Started process (PID=22649) to work on /home/engineer/project/airflow_env/lib/python3.12/site-packages/airflow/example_dags/example_params_ui_tutorial.py
[2025-09-27T23:35:18.477+0100] {processor.py:914} INFO - Processing file /home/engineer/project/airflow_env/lib/python3.12/site-packages/airflow/example_dags/example_params_ui_tutorial.py for tasks to queue
[2025-09-27T23:35:18.478+0100] {logging_mixin.py:190} INFO - [2025-09-27T23:35:18.478+0100] {dagbag.py:588} INFO - Filling up the DagBag from /home/engineer/project/airflow_env/lib/python3.12/site-packages/airflow/example_dags/example_params_ui_tutorial.py
[2025-09-27T23:35:18.486+0100] {processor.py:925} INFO - DAG(s) 'example_params_ui_tutorial' retrieved from /home/engineer/project/airflow_env/lib/python3.12/site-packages/airflow/example_dags/example_params_ui_tutorial.py
[2025-09-27T23:35:18.513+0100] {logging_mixin.py:190} INFO - [2025-09-27T23:35:18.513+0100] {dag.py:3239} INFO - Sync 1 DAGs
[2025-09-27T23:35:18.522+0100] {logging_mixin.py:190} INFO - [2025-09-27T23:35:18.522+0100] {dag.py:4180} INFO - Setting next_dagrun for example_params_ui_tutorial to None, run_after=None
[2025-09-27T23:35:18.540+0100] {processor.py:208} INFO - Processing /home/engineer/project/airflow_env/lib/python3.12/site-packages/airflow/example_dags/example_params_ui_tutorial.py took 0.068 seconds
[2025-09-27T23:36:07.480+0100] {processor.py:186} INFO - Started process (PID=22843) to work on /home/engineer/project/airflow_env/lib/python3.12/site-packages/airflow/example_dags/example_params_ui_tutorial.py
[2025-09-27T23:36:07.487+0100] {processor.py:914} INFO - Processing file /home/engineer/project/airflow_env/lib/python3.12/site-packages/airflow/example_dags/example_params_ui_tutorial.py for tasks to queue
[2025-09-27T23:36:07.489+0100] {logging_mixin.py:190} INFO - [2025-09-27T23:36:07.488+0100] {dagbag.py:588} INFO - Filling up the DagBag from /home/engineer/project/airflow_env/lib/python3.12/site-packages/airflow/example_dags/example_params_ui_tutorial.py
[2025-09-27T23:36:07.495+0100] {processor.py:925} INFO - DAG(s) 'example_params_ui_tutorial' retrieved from /home/engineer/project/airflow_env/lib/python3.12/site-packages/airflow/example_dags/example_params_ui_tutorial.py
[2025-09-27T23:36:07.519+0100] {logging_mixin.py:190} INFO - [2025-09-27T23:36:07.519+0100] {dag.py:3239} INFO - Sync 1 DAGs
[2025-09-27T23:36:07.528+0100] {logging_mixin.py:190} INFO - [2025-09-27T23:36:07.528+0100] {dag.py:4180} INFO - Setting next_dagrun for example_params_ui_tutorial to None, run_after=None
[2025-09-27T23:36:07.543+0100] {processor.py:208} INFO - Processing /home/engineer/project/airflow_env/lib/python3.12/site-packages/airflow/example_dags/example_params_ui_tutorial.py took 0.067 seconds
[2025-09-27T23:36:55.982+0100] {processor.py:186} INFO - Started process (PID=23063) to work on /home/engineer/project/airflow_env/lib/python3.12/site-packages/airflow/example_dags/example_params_ui_tutorial.py
[2025-09-27T23:36:55.983+0100] {processor.py:914} INFO - Processing file /home/engineer/project/airflow_env/lib/python3.12/site-packages/airflow/example_dags/example_params_ui_tutorial.py for tasks to queue
[2025-09-27T23:36:55.984+0100] {logging_mixin.py:190} INFO - [2025-09-27T23:36:55.984+0100] {dagbag.py:588} INFO - Filling up the DagBag from /home/engineer/project/airflow_env/lib/python3.12/site-packages/airflow/example_dags/example_params_ui_tutorial.py
[2025-09-27T23:36:55.990+0100] {processor.py:925} INFO - DAG(s) 'example_params_ui_tutorial' retrieved from /home/engineer/project/airflow_env/lib/python3.12/site-packages/airflow/example_dags/example_params_ui_tutorial.py
[2025-09-27T23:36:56.017+0100] {logging_mixin.py:190} INFO - [2025-09-27T23:36:56.017+0100] {dag.py:3239} INFO - Sync 1 DAGs
[2025-09-27T23:36:56.027+0100] {logging_mixin.py:190} INFO - [2025-09-27T23:36:56.027+0100] {dag.py:4180} INFO - Setting next_dagrun for example_params_ui_tutorial to None, run_after=None
[2025-09-27T23:36:56.044+0100] {processor.py:208} INFO - Processing /home/engineer/project/airflow_env/lib/python3.12/site-packages/airflow/example_dags/example_params_ui_tutorial.py took 0.066 seconds
[2025-09-27T23:37:43.359+0100] {processor.py:186} INFO - Started process (PID=23252) to work on /home/engineer/project/airflow_env/lib/python3.12/site-packages/airflow/example_dags/example_params_ui_tutorial.py
[2025-09-27T23:37:43.367+0100] {processor.py:914} INFO - Processing file /home/engineer/project/airflow_env/lib/python3.12/site-packages/airflow/example_dags/example_params_ui_tutorial.py for tasks to queue
[2025-09-27T23:37:43.367+0100] {logging_mixin.py:190} INFO - [2025-09-27T23:37:43.367+0100] {dagbag.py:588} INFO - Filling up the DagBag from /home/engineer/project/airflow_env/lib/python3.12/site-packages/airflow/example_dags/example_params_ui_tutorial.py
[2025-09-27T23:37:43.374+0100] {processor.py:925} INFO - DAG(s) 'example_params_ui_tutorial' retrieved from /home/engineer/project/airflow_env/lib/python3.12/site-packages/airflow/example_dags/example_params_ui_tutorial.py
[2025-09-27T23:37:43.400+0100] {logging_mixin.py:190} INFO - [2025-09-27T23:37:43.400+0100] {dag.py:3239} INFO - Sync 1 DAGs
[2025-09-27T23:37:43.409+0100] {logging_mixin.py:190} INFO - [2025-09-27T23:37:43.409+0100] {dag.py:4180} INFO - Setting next_dagrun for example_params_ui_tutorial to None, run_after=None
[2025-09-27T23:37:43.426+0100] {processor.py:208} INFO - Processing /home/engineer/project/airflow_env/lib/python3.12/site-packages/airflow/example_dags/example_params_ui_tutorial.py took 0.070 seconds
[2025-09-27T23:39:02.349+0100] {processor.py:186} INFO - Started process (PID=23468) to work on /home/engineer/project/airflow_env/lib/python3.12/site-packages/airflow/example_dags/example_params_ui_tutorial.py
[2025-09-27T23:39:02.356+0100] {processor.py:914} INFO - Processing file /home/engineer/project/airflow_env/lib/python3.12/site-packages/airflow/example_dags/example_params_ui_tutorial.py for tasks to queue
[2025-09-27T23:39:02.357+0100] {logging_mixin.py:190} INFO - [2025-09-27T23:39:02.357+0100] {dagbag.py:588} INFO - Filling up the DagBag from /home/engineer/project/airflow_env/lib/python3.12/site-packages/airflow/example_dags/example_params_ui_tutorial.py
[2025-09-27T23:39:02.364+0100] {processor.py:925} INFO - DAG(s) 'example_params_ui_tutorial' retrieved from /home/engineer/project/airflow_env/lib/python3.12/site-packages/airflow/example_dags/example_params_ui_tutorial.py
[2025-09-27T23:39:02.389+0100] {logging_mixin.py:190} INFO - [2025-09-27T23:39:02.389+0100] {dag.py:3239} INFO - Sync 1 DAGs
[2025-09-27T23:39:02.398+0100] {logging_mixin.py:190} INFO - [2025-09-27T23:39:02.398+0100] {dag.py:4180} INFO - Setting next_dagrun for example_params_ui_tutorial to None, run_after=None
[2025-09-27T23:39:02.416+0100] {processor.py:208} INFO - Processing /home/engineer/project/airflow_env/lib/python3.12/site-packages/airflow/example_dags/example_params_ui_tutorial.py took 0.071 seconds
[2025-09-27T23:39:56.027+0100] {processor.py:186} INFO - Started process (PID=23681) to work on /home/engineer/project/airflow_env/lib/python3.12/site-packages/airflow/example_dags/example_params_ui_tutorial.py
[2025-09-27T23:39:56.034+0100] {processor.py:914} INFO - Processing file /home/engineer/project/airflow_env/lib/python3.12/site-packages/airflow/example_dags/example_params_ui_tutorial.py for tasks to queue
[2025-09-27T23:39:56.035+0100] {logging_mixin.py:190} INFO - [2025-09-27T23:39:56.034+0100] {dagbag.py:588} INFO - Filling up the DagBag from /home/engineer/project/airflow_env/lib/python3.12/site-packages/airflow/example_dags/example_params_ui_tutorial.py
[2025-09-27T23:39:56.041+0100] {processor.py:925} INFO - DAG(s) 'example_params_ui_tutorial' retrieved from /home/engineer/project/airflow_env/lib/python3.12/site-packages/airflow/example_dags/example_params_ui_tutorial.py
[2025-09-27T23:39:56.066+0100] {logging_mixin.py:190} INFO - [2025-09-27T23:39:56.066+0100] {dag.py:3239} INFO - Sync 1 DAGs
[2025-09-27T23:39:56.075+0100] {logging_mixin.py:190} INFO - [2025-09-27T23:39:56.075+0100] {dag.py:4180} INFO - Setting next_dagrun for example_params_ui_tutorial to None, run_after=None
[2025-09-27T23:39:56.091+0100] {processor.py:208} INFO - Processing /home/engineer/project/airflow_env/lib/python3.12/site-packages/airflow/example_dags/example_params_ui_tutorial.py took 0.068 seconds
[2025-09-27T23:40:45.819+0100] {processor.py:186} INFO - Started process (PID=23883) to work on /home/engineer/project/airflow_env/lib/python3.12/site-packages/airflow/example_dags/example_params_ui_tutorial.py
[2025-09-27T23:40:45.827+0100] {processor.py:914} INFO - Processing file /home/engineer/project/airflow_env/lib/python3.12/site-packages/airflow/example_dags/example_params_ui_tutorial.py for tasks to queue
[2025-09-27T23:40:45.828+0100] {logging_mixin.py:190} INFO - [2025-09-27T23:40:45.827+0100] {dagbag.py:588} INFO - Filling up the DagBag from /home/engineer/project/airflow_env/lib/python3.12/site-packages/airflow/example_dags/example_params_ui_tutorial.py
[2025-09-27T23:40:45.835+0100] {processor.py:925} INFO - DAG(s) 'example_params_ui_tutorial' retrieved from /home/engineer/project/airflow_env/lib/python3.12/site-packages/airflow/example_dags/example_params_ui_tutorial.py
[2025-09-27T23:40:45.881+0100] {logging_mixin.py:190} INFO - [2025-09-27T23:40:45.881+0100] {dag.py:3239} INFO - Sync 1 DAGs
[2025-09-27T23:40:45.898+0100] {logging_mixin.py:190} INFO - [2025-09-27T23:40:45.898+0100] {dag.py:4180} INFO - Setting next_dagrun for example_params_ui_tutorial to None, run_after=None
[2025-09-27T23:40:45.924+0100] {processor.py:208} INFO - Processing /home/engineer/project/airflow_env/lib/python3.12/site-packages/airflow/example_dags/example_params_ui_tutorial.py took 0.110 seconds
[2025-09-27T23:41:35.370+0100] {processor.py:186} INFO - Started process (PID=24080) to work on /home/engineer/project/airflow_env/lib/python3.12/site-packages/airflow/example_dags/example_params_ui_tutorial.py
[2025-09-27T23:41:35.377+0100] {processor.py:914} INFO - Processing file /home/engineer/project/airflow_env/lib/python3.12/site-packages/airflow/example_dags/example_params_ui_tutorial.py for tasks to queue
[2025-09-27T23:41:35.378+0100] {logging_mixin.py:190} INFO - [2025-09-27T23:41:35.378+0100] {dagbag.py:588} INFO - Filling up the DagBag from /home/engineer/project/airflow_env/lib/python3.12/site-packages/airflow/example_dags/example_params_ui_tutorial.py
[2025-09-27T23:41:35.386+0100] {processor.py:925} INFO - DAG(s) 'example_params_ui_tutorial' retrieved from /home/engineer/project/airflow_env/lib/python3.12/site-packages/airflow/example_dags/example_params_ui_tutorial.py
[2025-09-27T23:41:35.411+0100] {logging_mixin.py:190} INFO - [2025-09-27T23:41:35.411+0100] {dag.py:3239} INFO - Sync 1 DAGs
[2025-09-27T23:41:35.421+0100] {logging_mixin.py:190} INFO - [2025-09-27T23:41:35.421+0100] {dag.py:4180} INFO - Setting next_dagrun for example_params_ui_tutorial to None, run_after=None
[2025-09-27T23:41:35.437+0100] {processor.py:208} INFO - Processing /home/engineer/project/airflow_env/lib/python3.12/site-packages/airflow/example_dags/example_params_ui_tutorial.py took 0.070 seconds
[2025-09-27T23:42:26.040+0100] {processor.py:186} INFO - Started process (PID=24306) to work on /home/engineer/project/airflow_env/lib/python3.12/site-packages/airflow/example_dags/example_params_ui_tutorial.py
[2025-09-27T23:42:26.048+0100] {processor.py:914} INFO - Processing file /home/engineer/project/airflow_env/lib/python3.12/site-packages/airflow/example_dags/example_params_ui_tutorial.py for tasks to queue
[2025-09-27T23:42:26.050+0100] {logging_mixin.py:190} INFO - [2025-09-27T23:42:26.049+0100] {dagbag.py:588} INFO - Filling up the DagBag from /home/engineer/project/airflow_env/lib/python3.12/site-packages/airflow/example_dags/example_params_ui_tutorial.py
[2025-09-27T23:42:26.059+0100] {processor.py:925} INFO - DAG(s) 'example_params_ui_tutorial' retrieved from /home/engineer/project/airflow_env/lib/python3.12/site-packages/airflow/example_dags/example_params_ui_tutorial.py
[2025-09-27T23:42:26.093+0100] {logging_mixin.py:190} INFO - [2025-09-27T23:42:26.092+0100] {dag.py:3239} INFO - Sync 1 DAGs
[2025-09-27T23:42:26.107+0100] {logging_mixin.py:190} INFO - [2025-09-27T23:42:26.106+0100] {dag.py:4180} INFO - Setting next_dagrun for example_params_ui_tutorial to None, run_after=None
[2025-09-27T23:42:26.127+0100] {processor.py:208} INFO - Processing /home/engineer/project/airflow_env/lib/python3.12/site-packages/airflow/example_dags/example_params_ui_tutorial.py took 0.092 seconds
[2025-09-27T23:43:17.305+0100] {processor.py:186} INFO - Started process (PID=24539) to work on /home/engineer/project/airflow_env/lib/python3.12/site-packages/airflow/example_dags/example_params_ui_tutorial.py
[2025-09-27T23:43:17.313+0100] {processor.py:914} INFO - Processing file /home/engineer/project/airflow_env/lib/python3.12/site-packages/airflow/example_dags/example_params_ui_tutorial.py for tasks to queue
[2025-09-27T23:43:17.314+0100] {logging_mixin.py:190} INFO - [2025-09-27T23:43:17.314+0100] {dagbag.py:588} INFO - Filling up the DagBag from /home/engineer/project/airflow_env/lib/python3.12/site-packages/airflow/example_dags/example_params_ui_tutorial.py
[2025-09-27T23:43:17.324+0100] {processor.py:925} INFO - DAG(s) 'example_params_ui_tutorial' retrieved from /home/engineer/project/airflow_env/lib/python3.12/site-packages/airflow/example_dags/example_params_ui_tutorial.py
[2025-09-27T23:43:17.364+0100] {logging_mixin.py:190} INFO - [2025-09-27T23:43:17.364+0100] {dag.py:3239} INFO - Sync 1 DAGs
[2025-09-27T23:43:17.380+0100] {logging_mixin.py:190} INFO - [2025-09-27T23:43:17.380+0100] {dag.py:4180} INFO - Setting next_dagrun for example_params_ui_tutorial to None, run_after=None
[2025-09-27T23:43:17.400+0100] {processor.py:208} INFO - Processing /home/engineer/project/airflow_env/lib/python3.12/site-packages/airflow/example_dags/example_params_ui_tutorial.py took 0.099 seconds
[2025-09-27T23:44:08.134+0100] {processor.py:186} INFO - Started process (PID=24860) to work on /home/engineer/project/airflow_env/lib/python3.12/site-packages/airflow/example_dags/example_params_ui_tutorial.py
[2025-09-27T23:44:08.136+0100] {processor.py:914} INFO - Processing file /home/engineer/project/airflow_env/lib/python3.12/site-packages/airflow/example_dags/example_params_ui_tutorial.py for tasks to queue
[2025-09-27T23:44:08.137+0100] {logging_mixin.py:190} INFO - [2025-09-27T23:44:08.137+0100] {dagbag.py:588} INFO - Filling up the DagBag from /home/engineer/project/airflow_env/lib/python3.12/site-packages/airflow/example_dags/example_params_ui_tutorial.py
[2025-09-27T23:44:08.143+0100] {processor.py:925} INFO - DAG(s) 'example_params_ui_tutorial' retrieved from /home/engineer/project/airflow_env/lib/python3.12/site-packages/airflow/example_dags/example_params_ui_tutorial.py
[2025-09-27T23:44:08.171+0100] {logging_mixin.py:190} INFO - [2025-09-27T23:44:08.170+0100] {dag.py:3239} INFO - Sync 1 DAGs
[2025-09-27T23:44:08.180+0100] {logging_mixin.py:190} INFO - [2025-09-27T23:44:08.180+0100] {dag.py:4180} INFO - Setting next_dagrun for example_params_ui_tutorial to None, run_after=None
[2025-09-27T23:44:08.196+0100] {processor.py:208} INFO - Processing /home/engineer/project/airflow_env/lib/python3.12/site-packages/airflow/example_dags/example_params_ui_tutorial.py took 0.066 seconds
