[2025-09-27T23:27:10.615+0100] {processor.py:186} INFO - Started process (PID=19958) to work on /home/engineer/project/airflow_env/lib/python3.12/site-packages/airflow/example_dags/example_branch_labels.py
[2025-09-27T23:27:10.615+0100] {processor.py:914} INFO - Processing file /home/engineer/project/airflow_env/lib/python3.12/site-packages/airflow/example_dags/example_branch_labels.py for tasks to queue
[2025-09-27T23:27:10.617+0100] {logging_mixin.py:190} INFO - [2025-09-27T23:27:10.616+0100] {dagbag.py:588} INFO - Filling up the DagBag from /home/engineer/project/airflow_env/lib/python3.12/site-packages/airflow/example_dags/example_branch_labels.py
[2025-09-27T23:27:10.624+0100] {processor.py:925} INFO - DAG(s) 'example_branch_labels' retrieved from /home/engineer/project/airflow_env/lib/python3.12/site-packages/airflow/example_dags/example_branch_labels.py
[2025-09-27T23:27:10.700+0100] {logging_mixin.py:190} INFO - [2025-09-27T23:27:10.699+0100] {override.py:1900} INFO - Created Permission View: can delete on DAG:example_branch_labels
[2025-09-27T23:27:10.709+0100] {logging_mixin.py:190} INFO - [2025-09-27T23:27:10.709+0100] {override.py:1900} INFO - Created Permission View: can read on DAG:example_branch_labels
[2025-09-27T23:27:10.715+0100] {logging_mixin.py:190} INFO - [2025-09-27T23:27:10.715+0100] {override.py:1900} INFO - Created Permission View: can edit on DAG:example_branch_labels
[2025-09-27T23:27:10.724+0100] {logging_mixin.py:190} INFO - [2025-09-27T23:27:10.724+0100] {override.py:1900} INFO - Created Permission View: can delete on DAG Run:example_branch_labels
[2025-09-27T23:27:10.730+0100] {logging_mixin.py:190} INFO - [2025-09-27T23:27:10.729+0100] {override.py:1900} INFO - Created Permission View: can read on DAG Run:example_branch_labels
[2025-09-27T23:27:10.735+0100] {logging_mixin.py:190} INFO - [2025-09-27T23:27:10.735+0100] {override.py:1900} INFO - Created Permission View: can create on DAG Run:example_branch_labels
[2025-09-27T23:27:10.741+0100] {logging_mixin.py:190} INFO - [2025-09-27T23:27:10.741+0100] {override.py:1900} INFO - Created Permission View: menu access on DAG Run:example_branch_labels
[2025-09-27T23:27:10.741+0100] {logging_mixin.py:190} INFO - [2025-09-27T23:27:10.741+0100] {dag.py:3239} INFO - Sync 1 DAGs
[2025-09-27T23:27:10.748+0100] {logging_mixin.py:190} INFO - [2025-09-27T23:27:10.748+0100] {dag.py:3262} INFO - Creating ORM DAG for example_branch_labels
[2025-09-27T23:27:10.754+0100] {logging_mixin.py:190} INFO - [2025-09-27T23:27:10.754+0100] {dag.py:4180} INFO - Setting next_dagrun for example_branch_labels to 2025-09-26 00:00:00+00:00, run_after=2025-09-27 00:00:00+00:00
[2025-09-27T23:27:10.767+0100] {processor.py:208} INFO - Processing /home/engineer/project/airflow_env/lib/python3.12/site-packages/airflow/example_dags/example_branch_labels.py took 0.156 seconds
[2025-09-27T23:28:07.025+0100] {processor.py:186} INFO - Started process (PID=20243) to work on /home/engineer/project/airflow_env/lib/python3.12/site-packages/airflow/example_dags/example_branch_labels.py
[2025-09-27T23:28:07.032+0100] {processor.py:914} INFO - Processing file /home/engineer/project/airflow_env/lib/python3.12/site-packages/airflow/example_dags/example_branch_labels.py for tasks to queue
[2025-09-27T23:28:07.034+0100] {logging_mixin.py:190} INFO - [2025-09-27T23:28:07.034+0100] {dagbag.py:588} INFO - Filling up the DagBag from /home/engineer/project/airflow_env/lib/python3.12/site-packages/airflow/example_dags/example_branch_labels.py
[2025-09-27T23:28:07.042+0100] {processor.py:925} INFO - DAG(s) 'example_branch_labels' retrieved from /home/engineer/project/airflow_env/lib/python3.12/site-packages/airflow/example_dags/example_branch_labels.py
[2025-09-27T23:28:07.052+0100] {logging_mixin.py:190} INFO - [2025-09-27T23:28:07.052+0100] {dag.py:3239} INFO - Sync 1 DAGs
[2025-09-27T23:28:07.064+0100] {logging_mixin.py:190} INFO - [2025-09-27T23:28:07.064+0100] {dag.py:4180} INFO - Setting next_dagrun for example_branch_labels to 2025-09-26 00:00:00+00:00, run_after=2025-09-27 00:00:00+00:00
[2025-09-27T23:28:07.079+0100] {processor.py:208} INFO - Processing /home/engineer/project/airflow_env/lib/python3.12/site-packages/airflow/example_dags/example_branch_labels.py took 0.058 seconds
[2025-09-27T23:28:59.589+0100] {processor.py:186} INFO - Started process (PID=20455) to work on /home/engineer/project/airflow_env/lib/python3.12/site-packages/airflow/example_dags/example_branch_labels.py
[2025-09-27T23:28:59.590+0100] {processor.py:914} INFO - Processing file /home/engineer/project/airflow_env/lib/python3.12/site-packages/airflow/example_dags/example_branch_labels.py for tasks to queue
[2025-09-27T23:28:59.592+0100] {logging_mixin.py:190} INFO - [2025-09-27T23:28:59.591+0100] {dagbag.py:588} INFO - Filling up the DagBag from /home/engineer/project/airflow_env/lib/python3.12/site-packages/airflow/example_dags/example_branch_labels.py
[2025-09-27T23:28:59.599+0100] {processor.py:925} INFO - DAG(s) 'example_branch_labels' retrieved from /home/engineer/project/airflow_env/lib/python3.12/site-packages/airflow/example_dags/example_branch_labels.py
[2025-09-27T23:28:59.610+0100] {logging_mixin.py:190} INFO - [2025-09-27T23:28:59.610+0100] {dag.py:3239} INFO - Sync 1 DAGs
[2025-09-27T23:28:59.622+0100] {logging_mixin.py:190} INFO - [2025-09-27T23:28:59.622+0100] {dag.py:4180} INFO - Setting next_dagrun for example_branch_labels to 2025-09-26 00:00:00+00:00, run_after=2025-09-27 00:00:00+00:00
[2025-09-27T23:28:59.641+0100] {processor.py:208} INFO - Processing /home/engineer/project/airflow_env/lib/python3.12/site-packages/airflow/example_dags/example_branch_labels.py took 0.055 seconds
[2025-09-27T23:30:08.071+0100] {processor.py:186} INFO - Started process (PID=20727) to work on /home/engineer/project/airflow_env/lib/python3.12/site-packages/airflow/example_dags/example_branch_labels.py
[2025-09-27T23:30:08.072+0100] {processor.py:914} INFO - Processing file /home/engineer/project/airflow_env/lib/python3.12/site-packages/airflow/example_dags/example_branch_labels.py for tasks to queue
[2025-09-27T23:30:08.074+0100] {logging_mixin.py:190} INFO - [2025-09-27T23:30:08.074+0100] {dagbag.py:588} INFO - Filling up the DagBag from /home/engineer/project/airflow_env/lib/python3.12/site-packages/airflow/example_dags/example_branch_labels.py
[2025-09-27T23:30:08.083+0100] {processor.py:925} INFO - DAG(s) 'example_branch_labels' retrieved from /home/engineer/project/airflow_env/lib/python3.12/site-packages/airflow/example_dags/example_branch_labels.py
[2025-09-27T23:30:08.099+0100] {logging_mixin.py:190} INFO - [2025-09-27T23:30:08.098+0100] {dag.py:3239} INFO - Sync 1 DAGs
[2025-09-27T23:30:08.115+0100] {logging_mixin.py:190} INFO - [2025-09-27T23:30:08.115+0100] {dag.py:4180} INFO - Setting next_dagrun for example_branch_labels to 2025-09-26 00:00:00+00:00, run_after=2025-09-27 00:00:00+00:00
[2025-09-27T23:30:08.133+0100] {processor.py:208} INFO - Processing /home/engineer/project/airflow_env/lib/python3.12/site-packages/airflow/example_dags/example_branch_labels.py took 0.066 seconds
[2025-09-27T23:31:20.423+0100] {processor.py:186} INFO - Started process (PID=21624) to work on /home/engineer/project/airflow_env/lib/python3.12/site-packages/airflow/example_dags/example_branch_labels.py
[2025-09-27T23:31:20.430+0100] {processor.py:914} INFO - Processing file /home/engineer/project/airflow_env/lib/python3.12/site-packages/airflow/example_dags/example_branch_labels.py for tasks to queue
[2025-09-27T23:31:20.432+0100] {logging_mixin.py:190} INFO - [2025-09-27T23:31:20.431+0100] {dagbag.py:588} INFO - Filling up the DagBag from /home/engineer/project/airflow_env/lib/python3.12/site-packages/airflow/example_dags/example_branch_labels.py
[2025-09-27T23:31:20.439+0100] {processor.py:925} INFO - DAG(s) 'example_branch_labels' retrieved from /home/engineer/project/airflow_env/lib/python3.12/site-packages/airflow/example_dags/example_branch_labels.py
[2025-09-27T23:31:20.453+0100] {logging_mixin.py:190} INFO - [2025-09-27T23:31:20.453+0100] {dag.py:3239} INFO - Sync 1 DAGs
[2025-09-27T23:31:20.552+0100] {logging_mixin.py:190} INFO - [2025-09-27T23:31:20.552+0100] {dag.py:4180} INFO - Setting next_dagrun for example_branch_labels to 2025-09-26 00:00:00+00:00, run_after=2025-09-27 00:00:00+00:00
[2025-09-27T23:31:20.566+0100] {processor.py:208} INFO - Processing /home/engineer/project/airflow_env/lib/python3.12/site-packages/airflow/example_dags/example_branch_labels.py took 0.147 seconds
[2025-09-27T23:32:17.722+0100] {processor.py:186} INFO - Started process (PID=21931) to work on /home/engineer/project/airflow_env/lib/python3.12/site-packages/airflow/example_dags/example_branch_labels.py
[2025-09-27T23:32:17.729+0100] {processor.py:914} INFO - Processing file /home/engineer/project/airflow_env/lib/python3.12/site-packages/airflow/example_dags/example_branch_labels.py for tasks to queue
[2025-09-27T23:32:17.730+0100] {logging_mixin.py:190} INFO - [2025-09-27T23:32:17.730+0100] {dagbag.py:588} INFO - Filling up the DagBag from /home/engineer/project/airflow_env/lib/python3.12/site-packages/airflow/example_dags/example_branch_labels.py
[2025-09-27T23:32:17.738+0100] {processor.py:925} INFO - DAG(s) 'example_branch_labels' retrieved from /home/engineer/project/airflow_env/lib/python3.12/site-packages/airflow/example_dags/example_branch_labels.py
[2025-09-27T23:32:17.749+0100] {logging_mixin.py:190} INFO - [2025-09-27T23:32:17.749+0100] {dag.py:3239} INFO - Sync 1 DAGs
[2025-09-27T23:32:17.763+0100] {logging_mixin.py:190} INFO - [2025-09-27T23:32:17.763+0100] {dag.py:4180} INFO - Setting next_dagrun for example_branch_labels to 2025-09-26 00:00:00+00:00, run_after=2025-09-27 00:00:00+00:00
[2025-09-27T23:32:17.778+0100] {processor.py:208} INFO - Processing /home/engineer/project/airflow_env/lib/python3.12/site-packages/airflow/example_dags/example_branch_labels.py took 0.061 seconds
[2025-09-27T23:33:27.637+0100] {processor.py:186} INFO - Started process (PID=22210) to work on /home/engineer/project/airflow_env/lib/python3.12/site-packages/airflow/example_dags/example_branch_labels.py
[2025-09-27T23:33:27.644+0100] {processor.py:914} INFO - Processing file /home/engineer/project/airflow_env/lib/python3.12/site-packages/airflow/example_dags/example_branch_labels.py for tasks to queue
[2025-09-27T23:33:27.646+0100] {logging_mixin.py:190} INFO - [2025-09-27T23:33:27.645+0100] {dagbag.py:588} INFO - Filling up the DagBag from /home/engineer/project/airflow_env/lib/python3.12/site-packages/airflow/example_dags/example_branch_labels.py
[2025-09-27T23:33:27.653+0100] {processor.py:925} INFO - DAG(s) 'example_branch_labels' retrieved from /home/engineer/project/airflow_env/lib/python3.12/site-packages/airflow/example_dags/example_branch_labels.py
[2025-09-27T23:33:27.666+0100] {logging_mixin.py:190} INFO - [2025-09-27T23:33:27.666+0100] {dag.py:3239} INFO - Sync 1 DAGs
[2025-09-27T23:33:27.682+0100] {logging_mixin.py:190} INFO - [2025-09-27T23:33:27.682+0100] {dag.py:4180} INFO - Setting next_dagrun for example_branch_labels to 2025-09-26 00:00:00+00:00, run_after=2025-09-27 00:00:00+00:00
[2025-09-27T23:33:27.699+0100] {processor.py:208} INFO - Processing /home/engineer/project/airflow_env/lib/python3.12/site-packages/airflow/example_dags/example_branch_labels.py took 0.066 seconds
[2025-09-27T23:34:42.586+0100] {processor.py:186} INFO - Started process (PID=22509) to work on /home/engineer/project/airflow_env/lib/python3.12/site-packages/airflow/example_dags/example_branch_labels.py
[2025-09-27T23:34:42.586+0100] {processor.py:914} INFO - Processing file /home/engineer/project/airflow_env/lib/python3.12/site-packages/airflow/example_dags/example_branch_labels.py for tasks to queue
[2025-09-27T23:34:42.588+0100] {logging_mixin.py:190} INFO - [2025-09-27T23:34:42.588+0100] {dagbag.py:588} INFO - Filling up the DagBag from /home/engineer/project/airflow_env/lib/python3.12/site-packages/airflow/example_dags/example_branch_labels.py
[2025-09-27T23:34:42.595+0100] {processor.py:925} INFO - DAG(s) 'example_branch_labels' retrieved from /home/engineer/project/airflow_env/lib/python3.12/site-packages/airflow/example_dags/example_branch_labels.py
[2025-09-27T23:34:42.607+0100] {logging_mixin.py:190} INFO - [2025-09-27T23:34:42.606+0100] {dag.py:3239} INFO - Sync 1 DAGs
[2025-09-27T23:34:42.620+0100] {logging_mixin.py:190} INFO - [2025-09-27T23:34:42.620+0100] {dag.py:4180} INFO - Setting next_dagrun for example_branch_labels to 2025-09-26 00:00:00+00:00, run_after=2025-09-27 00:00:00+00:00
[2025-09-27T23:34:42.635+0100] {processor.py:208} INFO - Processing /home/engineer/project/airflow_env/lib/python3.12/site-packages/airflow/example_dags/example_branch_labels.py took 0.054 seconds
[2025-09-27T23:35:55.095+0100] {processor.py:186} INFO - Started process (PID=22795) to work on /home/engineer/project/airflow_env/lib/python3.12/site-packages/airflow/example_dags/example_branch_labels.py
[2025-09-27T23:35:55.096+0100] {processor.py:914} INFO - Processing file /home/engineer/project/airflow_env/lib/python3.12/site-packages/airflow/example_dags/example_branch_labels.py for tasks to queue
[2025-09-27T23:35:55.097+0100] {logging_mixin.py:190} INFO - [2025-09-27T23:35:55.097+0100] {dagbag.py:588} INFO - Filling up the DagBag from /home/engineer/project/airflow_env/lib/python3.12/site-packages/airflow/example_dags/example_branch_labels.py
[2025-09-27T23:35:55.104+0100] {processor.py:925} INFO - DAG(s) 'example_branch_labels' retrieved from /home/engineer/project/airflow_env/lib/python3.12/site-packages/airflow/example_dags/example_branch_labels.py
[2025-09-27T23:35:55.115+0100] {logging_mixin.py:190} INFO - [2025-09-27T23:35:55.115+0100] {dag.py:3239} INFO - Sync 1 DAGs
[2025-09-27T23:35:55.128+0100] {logging_mixin.py:190} INFO - [2025-09-27T23:35:55.128+0100] {dag.py:4180} INFO - Setting next_dagrun for example_branch_labels to 2025-09-26 00:00:00+00:00, run_after=2025-09-27 00:00:00+00:00
[2025-09-27T23:35:55.145+0100] {processor.py:208} INFO - Processing /home/engineer/project/airflow_env/lib/python3.12/site-packages/airflow/example_dags/example_branch_labels.py took 0.054 seconds
[2025-09-27T23:37:08.239+0100] {processor.py:186} INFO - Started process (PID=23112) to work on /home/engineer/project/airflow_env/lib/python3.12/site-packages/airflow/example_dags/example_branch_labels.py
[2025-09-27T23:37:08.246+0100] {processor.py:914} INFO - Processing file /home/engineer/project/airflow_env/lib/python3.12/site-packages/airflow/example_dags/example_branch_labels.py for tasks to queue
[2025-09-27T23:37:08.247+0100] {logging_mixin.py:190} INFO - [2025-09-27T23:37:08.247+0100] {dagbag.py:588} INFO - Filling up the DagBag from /home/engineer/project/airflow_env/lib/python3.12/site-packages/airflow/example_dags/example_branch_labels.py
[2025-09-27T23:37:08.254+0100] {processor.py:925} INFO - DAG(s) 'example_branch_labels' retrieved from /home/engineer/project/airflow_env/lib/python3.12/site-packages/airflow/example_dags/example_branch_labels.py
[2025-09-27T23:37:08.267+0100] {logging_mixin.py:190} INFO - [2025-09-27T23:37:08.267+0100] {dag.py:3239} INFO - Sync 1 DAGs
[2025-09-27T23:37:08.283+0100] {logging_mixin.py:190} INFO - [2025-09-27T23:37:08.283+0100] {dag.py:4180} INFO - Setting next_dagrun for example_branch_labels to 2025-09-26 00:00:00+00:00, run_after=2025-09-27 00:00:00+00:00
[2025-09-27T23:37:08.300+0100] {processor.py:208} INFO - Processing /home/engineer/project/airflow_env/lib/python3.12/site-packages/airflow/example_dags/example_branch_labels.py took 0.065 seconds
[2025-09-27T23:39:18.605+0100] {processor.py:186} INFO - Started process (PID=23533) to work on /home/engineer/project/airflow_env/lib/python3.12/site-packages/airflow/example_dags/example_branch_labels.py
[2025-09-27T23:39:18.611+0100] {processor.py:914} INFO - Processing file /home/engineer/project/airflow_env/lib/python3.12/site-packages/airflow/example_dags/example_branch_labels.py for tasks to queue
[2025-09-27T23:39:18.612+0100] {logging_mixin.py:190} INFO - [2025-09-27T23:39:18.612+0100] {dagbag.py:588} INFO - Filling up the DagBag from /home/engineer/project/airflow_env/lib/python3.12/site-packages/airflow/example_dags/example_branch_labels.py
[2025-09-27T23:39:18.619+0100] {processor.py:925} INFO - DAG(s) 'example_branch_labels' retrieved from /home/engineer/project/airflow_env/lib/python3.12/site-packages/airflow/example_dags/example_branch_labels.py
[2025-09-27T23:39:18.630+0100] {logging_mixin.py:190} INFO - [2025-09-27T23:39:18.630+0100] {dag.py:3239} INFO - Sync 1 DAGs
[2025-09-27T23:39:18.645+0100] {logging_mixin.py:190} INFO - [2025-09-27T23:39:18.645+0100] {dag.py:4180} INFO - Setting next_dagrun for example_branch_labels to 2025-09-26 00:00:00+00:00, run_after=2025-09-27 00:00:00+00:00
[2025-09-27T23:39:18.661+0100] {processor.py:208} INFO - Processing /home/engineer/project/airflow_env/lib/python3.12/site-packages/airflow/example_dags/example_branch_labels.py took 0.061 seconds
[2025-09-27T23:40:13.705+0100] {processor.py:186} INFO - Started process (PID=23752) to work on /home/engineer/project/airflow_env/lib/python3.12/site-packages/airflow/example_dags/example_branch_labels.py
[2025-09-27T23:40:13.706+0100] {processor.py:914} INFO - Processing file /home/engineer/project/airflow_env/lib/python3.12/site-packages/airflow/example_dags/example_branch_labels.py for tasks to queue
[2025-09-27T23:40:13.707+0100] {logging_mixin.py:190} INFO - [2025-09-27T23:40:13.707+0100] {dagbag.py:588} INFO - Filling up the DagBag from /home/engineer/project/airflow_env/lib/python3.12/site-packages/airflow/example_dags/example_branch_labels.py
[2025-09-27T23:40:13.716+0100] {processor.py:925} INFO - DAG(s) 'example_branch_labels' retrieved from /home/engineer/project/airflow_env/lib/python3.12/site-packages/airflow/example_dags/example_branch_labels.py
[2025-09-27T23:40:13.739+0100] {logging_mixin.py:190} INFO - [2025-09-27T23:40:13.739+0100] {dag.py:3239} INFO - Sync 1 DAGs
[2025-09-27T23:40:13.768+0100] {logging_mixin.py:190} INFO - [2025-09-27T23:40:13.768+0100] {dag.py:4180} INFO - Setting next_dagrun for example_branch_labels to 2025-09-26 00:00:00+00:00, run_after=2025-09-27 00:00:00+00:00
[2025-09-27T23:40:13.787+0100] {processor.py:208} INFO - Processing /home/engineer/project/airflow_env/lib/python3.12/site-packages/airflow/example_dags/example_branch_labels.py took 0.088 seconds
[2025-09-27T23:41:27.499+0100] {processor.py:186} INFO - Started process (PID=24045) to work on /home/engineer/project/airflow_env/lib/python3.12/site-packages/airflow/example_dags/example_branch_labels.py
[2025-09-27T23:41:27.507+0100] {processor.py:914} INFO - Processing file /home/engineer/project/airflow_env/lib/python3.12/site-packages/airflow/example_dags/example_branch_labels.py for tasks to queue
[2025-09-27T23:41:27.507+0100] {logging_mixin.py:190} INFO - [2025-09-27T23:41:27.507+0100] {dagbag.py:588} INFO - Filling up the DagBag from /home/engineer/project/airflow_env/lib/python3.12/site-packages/airflow/example_dags/example_branch_labels.py
[2025-09-27T23:41:27.514+0100] {processor.py:925} INFO - DAG(s) 'example_branch_labels' retrieved from /home/engineer/project/airflow_env/lib/python3.12/site-packages/airflow/example_dags/example_branch_labels.py
[2025-09-27T23:41:27.527+0100] {logging_mixin.py:190} INFO - [2025-09-27T23:41:27.527+0100] {dag.py:3239} INFO - Sync 1 DAGs
[2025-09-27T23:41:27.543+0100] {logging_mixin.py:190} INFO - [2025-09-27T23:41:27.543+0100] {dag.py:4180} INFO - Setting next_dagrun for example_branch_labels to 2025-09-26 00:00:00+00:00, run_after=2025-09-27 00:00:00+00:00
[2025-09-27T23:41:27.560+0100] {processor.py:208} INFO - Processing /home/engineer/project/airflow_env/lib/python3.12/site-packages/airflow/example_dags/example_branch_labels.py took 0.065 seconds
[2025-09-27T23:42:43.209+0100] {processor.py:186} INFO - Started process (PID=24371) to work on /home/engineer/project/airflow_env/lib/python3.12/site-packages/airflow/example_dags/example_branch_labels.py
[2025-09-27T23:42:43.217+0100] {processor.py:914} INFO - Processing file /home/engineer/project/airflow_env/lib/python3.12/site-packages/airflow/example_dags/example_branch_labels.py for tasks to queue
[2025-09-27T23:42:43.218+0100] {logging_mixin.py:190} INFO - [2025-09-27T23:42:43.218+0100] {dagbag.py:588} INFO - Filling up the DagBag from /home/engineer/project/airflow_env/lib/python3.12/site-packages/airflow/example_dags/example_branch_labels.py
[2025-09-27T23:42:43.227+0100] {processor.py:925} INFO - DAG(s) 'example_branch_labels' retrieved from /home/engineer/project/airflow_env/lib/python3.12/site-packages/airflow/example_dags/example_branch_labels.py
[2025-09-27T23:42:43.241+0100] {logging_mixin.py:190} INFO - [2025-09-27T23:42:43.241+0100] {dag.py:3239} INFO - Sync 1 DAGs
[2025-09-27T23:42:43.260+0100] {logging_mixin.py:190} INFO - [2025-09-27T23:42:43.259+0100] {dag.py:4180} INFO - Setting next_dagrun for example_branch_labels to 2025-09-26 00:00:00+00:00, run_after=2025-09-27 00:00:00+00:00
[2025-09-27T23:42:43.278+0100] {processor.py:208} INFO - Processing /home/engineer/project/airflow_env/lib/python3.12/site-packages/airflow/example_dags/example_branch_labels.py took 0.074 seconds
[2025-09-27T23:43:57.855+0100] {processor.py:186} INFO - Started process (PID=24759) to work on /home/engineer/project/airflow_env/lib/python3.12/site-packages/airflow/example_dags/example_branch_labels.py
[2025-09-27T23:43:57.856+0100] {processor.py:914} INFO - Processing file /home/engineer/project/airflow_env/lib/python3.12/site-packages/airflow/example_dags/example_branch_labels.py for tasks to queue
[2025-09-27T23:43:57.857+0100] {logging_mixin.py:190} INFO - [2025-09-27T23:43:57.857+0100] {dagbag.py:588} INFO - Filling up the DagBag from /home/engineer/project/airflow_env/lib/python3.12/site-packages/airflow/example_dags/example_branch_labels.py
[2025-09-27T23:43:57.865+0100] {processor.py:925} INFO - DAG(s) 'example_branch_labels' retrieved from /home/engineer/project/airflow_env/lib/python3.12/site-packages/airflow/example_dags/example_branch_labels.py
[2025-09-27T23:43:57.878+0100] {logging_mixin.py:190} INFO - [2025-09-27T23:43:57.878+0100] {dag.py:3239} INFO - Sync 1 DAGs
[2025-09-27T23:43:57.892+0100] {logging_mixin.py:190} INFO - [2025-09-27T23:43:57.892+0100] {dag.py:4180} INFO - Setting next_dagrun for example_branch_labels to 2025-09-26 00:00:00+00:00, run_after=2025-09-27 00:00:00+00:00
[2025-09-27T23:43:57.908+0100] {processor.py:208} INFO - Processing /home/engineer/project/airflow_env/lib/python3.12/site-packages/airflow/example_dags/example_branch_labels.py took 0.057 seconds
