[2025-09-27T23:26:27.670+0100] {processor.py:186} INFO - Started process (PID=19793) to work on /home/engineer/project/airflow_env/lib/python3.12/site-packages/airflow/example_dags/example_setup_teardown_taskflow.py
[2025-09-27T23:26:27.670+0100] {processor.py:914} INFO - Processing file /home/engineer/project/airflow_env/lib/python3.12/site-packages/airflow/example_dags/example_setup_teardown_taskflow.py for tasks to queue
[2025-09-27T23:26:27.672+0100] {logging_mixin.py:190} INFO - [2025-09-27T23:26:27.671+0100] {dagbag.py:588} INFO - Filling up the DagBag from /home/engineer/project/airflow_env/lib/python3.12/site-packages/airflow/example_dags/example_setup_teardown_taskflow.py
[2025-09-27T23:26:27.679+0100] {processor.py:925} INFO - DAG(s) 'example_setup_teardown_taskflow' retrieved from /home/engineer/project/airflow_env/lib/python3.12/site-packages/airflow/example_dags/example_setup_teardown_taskflow.py
[2025-09-27T23:26:27.752+0100] {logging_mixin.py:190} INFO - [2025-09-27T23:26:27.751+0100] {override.py:1900} INFO - Created Permission View: can delete on DAG:example_setup_teardown_taskflow
[2025-09-27T23:26:27.759+0100] {logging_mixin.py:190} INFO - [2025-09-27T23:26:27.759+0100] {override.py:1900} INFO - Created Permission View: can read on DAG:example_setup_teardown_taskflow
[2025-09-27T23:26:27.765+0100] {logging_mixin.py:190} INFO - [2025-09-27T23:26:27.765+0100] {override.py:1900} INFO - Created Permission View: can edit on DAG:example_setup_teardown_taskflow
[2025-09-27T23:26:27.774+0100] {logging_mixin.py:190} INFO - [2025-09-27T23:26:27.773+0100] {override.py:1900} INFO - Created Permission View: can delete on DAG Run:example_setup_teardown_taskflow
[2025-09-27T23:26:27.779+0100] {logging_mixin.py:190} INFO - [2025-09-27T23:26:27.779+0100] {override.py:1900} INFO - Created Permission View: can read on DAG Run:example_setup_teardown_taskflow
[2025-09-27T23:26:27.784+0100] {logging_mixin.py:190} INFO - [2025-09-27T23:26:27.784+0100] {override.py:1900} INFO - Created Permission View: can create on DAG Run:example_setup_teardown_taskflow
[2025-09-27T23:26:27.789+0100] {logging_mixin.py:190} INFO - [2025-09-27T23:26:27.789+0100] {override.py:1900} INFO - Created Permission View: menu access on DAG Run:example_setup_teardown_taskflow
[2025-09-27T23:26:27.790+0100] {logging_mixin.py:190} INFO - [2025-09-27T23:26:27.790+0100] {dag.py:3239} INFO - Sync 1 DAGs
[2025-09-27T23:26:27.797+0100] {logging_mixin.py:190} INFO - [2025-09-27T23:26:27.797+0100] {dag.py:3262} INFO - Creating ORM DAG for example_setup_teardown_taskflow
[2025-09-27T23:26:27.798+0100] {logging_mixin.py:190} INFO - [2025-09-27T23:26:27.798+0100] {dag.py:4180} INFO - Setting next_dagrun for example_setup_teardown_taskflow to None, run_after=None
[2025-09-27T23:26:27.810+0100] {processor.py:208} INFO - Processing /home/engineer/project/airflow_env/lib/python3.12/site-packages/airflow/example_dags/example_setup_teardown_taskflow.py took 0.146 seconds
[2025-09-27T23:27:28.384+0100] {processor.py:186} INFO - Started process (PID=20029) to work on /home/engineer/project/airflow_env/lib/python3.12/site-packages/airflow/example_dags/example_setup_teardown_taskflow.py
[2025-09-27T23:27:28.385+0100] {processor.py:914} INFO - Processing file /home/engineer/project/airflow_env/lib/python3.12/site-packages/airflow/example_dags/example_setup_teardown_taskflow.py for tasks to queue
[2025-09-27T23:27:28.387+0100] {logging_mixin.py:190} INFO - [2025-09-27T23:27:28.387+0100] {dagbag.py:588} INFO - Filling up the DagBag from /home/engineer/project/airflow_env/lib/python3.12/site-packages/airflow/example_dags/example_setup_teardown_taskflow.py
[2025-09-27T23:27:28.394+0100] {processor.py:925} INFO - DAG(s) 'example_setup_teardown_taskflow' retrieved from /home/engineer/project/airflow_env/lib/python3.12/site-packages/airflow/example_dags/example_setup_teardown_taskflow.py
[2025-09-27T23:27:28.406+0100] {logging_mixin.py:190} INFO - [2025-09-27T23:27:28.406+0100] {dag.py:3239} INFO - Sync 1 DAGs
[2025-09-27T23:27:28.413+0100] {logging_mixin.py:190} INFO - [2025-09-27T23:27:28.413+0100] {dag.py:4180} INFO - Setting next_dagrun for example_setup_teardown_taskflow to None, run_after=None
[2025-09-27T23:27:28.428+0100] {processor.py:208} INFO - Processing /home/engineer/project/airflow_env/lib/python3.12/site-packages/airflow/example_dags/example_setup_teardown_taskflow.py took 0.048 seconds
[2025-09-27T23:28:21.312+0100] {processor.py:186} INFO - Started process (PID=20301) to work on /home/engineer/project/airflow_env/lib/python3.12/site-packages/airflow/example_dags/example_setup_teardown_taskflow.py
[2025-09-27T23:28:21.313+0100] {processor.py:914} INFO - Processing file /home/engineer/project/airflow_env/lib/python3.12/site-packages/airflow/example_dags/example_setup_teardown_taskflow.py for tasks to queue
[2025-09-27T23:28:21.315+0100] {logging_mixin.py:190} INFO - [2025-09-27T23:28:21.315+0100] {dagbag.py:588} INFO - Filling up the DagBag from /home/engineer/project/airflow_env/lib/python3.12/site-packages/airflow/example_dags/example_setup_teardown_taskflow.py
[2025-09-27T23:28:21.322+0100] {processor.py:925} INFO - DAG(s) 'example_setup_teardown_taskflow' retrieved from /home/engineer/project/airflow_env/lib/python3.12/site-packages/airflow/example_dags/example_setup_teardown_taskflow.py
[2025-09-27T23:28:21.333+0100] {logging_mixin.py:190} INFO - [2025-09-27T23:28:21.333+0100] {dag.py:3239} INFO - Sync 1 DAGs
[2025-09-27T23:28:21.340+0100] {logging_mixin.py:190} INFO - [2025-09-27T23:28:21.340+0100] {dag.py:4180} INFO - Setting next_dagrun for example_setup_teardown_taskflow to None, run_after=None
[2025-09-27T23:28:21.356+0100] {processor.py:208} INFO - Processing /home/engineer/project/airflow_env/lib/python3.12/site-packages/airflow/example_dags/example_setup_teardown_taskflow.py took 0.048 seconds
[2025-09-27T23:29:08.843+0100] {processor.py:186} INFO - Started process (PID=20489) to work on /home/engineer/project/airflow_env/lib/python3.12/site-packages/airflow/example_dags/example_setup_teardown_taskflow.py
[2025-09-27T23:29:08.844+0100] {processor.py:914} INFO - Processing file /home/engineer/project/airflow_env/lib/python3.12/site-packages/airflow/example_dags/example_setup_teardown_taskflow.py for tasks to queue
[2025-09-27T23:29:08.846+0100] {logging_mixin.py:190} INFO - [2025-09-27T23:29:08.846+0100] {dagbag.py:588} INFO - Filling up the DagBag from /home/engineer/project/airflow_env/lib/python3.12/site-packages/airflow/example_dags/example_setup_teardown_taskflow.py
[2025-09-27T23:29:08.856+0100] {processor.py:925} INFO - DAG(s) 'example_setup_teardown_taskflow' retrieved from /home/engineer/project/airflow_env/lib/python3.12/site-packages/airflow/example_dags/example_setup_teardown_taskflow.py
[2025-09-27T23:29:08.874+0100] {logging_mixin.py:190} INFO - [2025-09-27T23:29:08.874+0100] {dag.py:3239} INFO - Sync 1 DAGs
[2025-09-27T23:29:08.884+0100] {logging_mixin.py:190} INFO - [2025-09-27T23:29:08.884+0100] {dag.py:4180} INFO - Setting next_dagrun for example_setup_teardown_taskflow to None, run_after=None
[2025-09-27T23:29:08.901+0100] {processor.py:208} INFO - Processing /home/engineer/project/airflow_env/lib/python3.12/site-packages/airflow/example_dags/example_setup_teardown_taskflow.py took 0.064 seconds
[2025-09-27T23:29:55.117+0100] {processor.py:186} INFO - Started process (PID=20677) to work on /home/engineer/project/airflow_env/lib/python3.12/site-packages/airflow/example_dags/example_setup_teardown_taskflow.py
[2025-09-27T23:29:55.119+0100] {processor.py:914} INFO - Processing file /home/engineer/project/airflow_env/lib/python3.12/site-packages/airflow/example_dags/example_setup_teardown_taskflow.py for tasks to queue
[2025-09-27T23:29:55.121+0100] {logging_mixin.py:190} INFO - [2025-09-27T23:29:55.121+0100] {dagbag.py:588} INFO - Filling up the DagBag from /home/engineer/project/airflow_env/lib/python3.12/site-packages/airflow/example_dags/example_setup_teardown_taskflow.py
[2025-09-27T23:29:55.128+0100] {processor.py:925} INFO - DAG(s) 'example_setup_teardown_taskflow' retrieved from /home/engineer/project/airflow_env/lib/python3.12/site-packages/airflow/example_dags/example_setup_teardown_taskflow.py
[2025-09-27T23:29:55.141+0100] {logging_mixin.py:190} INFO - [2025-09-27T23:29:55.141+0100] {dag.py:3239} INFO - Sync 1 DAGs
[2025-09-27T23:29:55.149+0100] {logging_mixin.py:190} INFO - [2025-09-27T23:29:55.149+0100] {dag.py:4180} INFO - Setting next_dagrun for example_setup_teardown_taskflow to None, run_after=None
[2025-09-27T23:29:55.167+0100] {processor.py:208} INFO - Processing /home/engineer/project/airflow_env/lib/python3.12/site-packages/airflow/example_dags/example_setup_teardown_taskflow.py took 0.053 seconds
[2025-09-27T23:30:40.271+0100] {processor.py:186} INFO - Started process (PID=20918) to work on /home/engineer/project/airflow_env/lib/python3.12/site-packages/airflow/example_dags/example_setup_teardown_taskflow.py
[2025-09-27T23:30:40.272+0100] {processor.py:914} INFO - Processing file /home/engineer/project/airflow_env/lib/python3.12/site-packages/airflow/example_dags/example_setup_teardown_taskflow.py for tasks to queue
[2025-09-27T23:30:40.275+0100] {logging_mixin.py:190} INFO - [2025-09-27T23:30:40.275+0100] {dagbag.py:588} INFO - Filling up the DagBag from /home/engineer/project/airflow_env/lib/python3.12/site-packages/airflow/example_dags/example_setup_teardown_taskflow.py
[2025-09-27T23:30:40.286+0100] {processor.py:925} INFO - DAG(s) 'example_setup_teardown_taskflow' retrieved from /home/engineer/project/airflow_env/lib/python3.12/site-packages/airflow/example_dags/example_setup_teardown_taskflow.py
[2025-09-27T23:30:40.304+0100] {logging_mixin.py:190} INFO - [2025-09-27T23:30:40.304+0100] {dag.py:3239} INFO - Sync 1 DAGs
[2025-09-27T23:30:40.314+0100] {logging_mixin.py:190} INFO - [2025-09-27T23:30:40.314+0100] {dag.py:4180} INFO - Setting next_dagrun for example_setup_teardown_taskflow to None, run_after=None
[2025-09-27T23:30:40.334+0100] {processor.py:208} INFO - Processing /home/engineer/project/airflow_env/lib/python3.12/site-packages/airflow/example_dags/example_setup_teardown_taskflow.py took 0.070 seconds
[2025-09-27T23:31:31.958+0100] {processor.py:186} INFO - Started process (PID=21671) to work on /home/engineer/project/airflow_env/lib/python3.12/site-packages/airflow/example_dags/example_setup_teardown_taskflow.py
[2025-09-27T23:31:31.960+0100] {processor.py:914} INFO - Processing file /home/engineer/project/airflow_env/lib/python3.12/site-packages/airflow/example_dags/example_setup_teardown_taskflow.py for tasks to queue
[2025-09-27T23:31:31.961+0100] {logging_mixin.py:190} INFO - [2025-09-27T23:31:31.961+0100] {dagbag.py:588} INFO - Filling up the DagBag from /home/engineer/project/airflow_env/lib/python3.12/site-packages/airflow/example_dags/example_setup_teardown_taskflow.py
[2025-09-27T23:31:31.969+0100] {processor.py:925} INFO - DAG(s) 'example_setup_teardown_taskflow' retrieved from /home/engineer/project/airflow_env/lib/python3.12/site-packages/airflow/example_dags/example_setup_teardown_taskflow.py
[2025-09-27T23:31:32.083+0100] {logging_mixin.py:190} INFO - [2025-09-27T23:31:32.083+0100] {dag.py:3239} INFO - Sync 1 DAGs
[2025-09-27T23:31:32.091+0100] {logging_mixin.py:190} INFO - [2025-09-27T23:31:32.091+0100] {dag.py:4180} INFO - Setting next_dagrun for example_setup_teardown_taskflow to None, run_after=None
[2025-09-27T23:31:32.107+0100] {processor.py:208} INFO - Processing /home/engineer/project/airflow_env/lib/python3.12/site-packages/airflow/example_dags/example_setup_teardown_taskflow.py took 0.153 seconds
[2025-09-27T23:32:25.987+0100] {processor.py:186} INFO - Started process (PID=21966) to work on /home/engineer/project/airflow_env/lib/python3.12/site-packages/airflow/example_dags/example_setup_teardown_taskflow.py
[2025-09-27T23:32:25.994+0100] {processor.py:914} INFO - Processing file /home/engineer/project/airflow_env/lib/python3.12/site-packages/airflow/example_dags/example_setup_teardown_taskflow.py for tasks to queue
[2025-09-27T23:32:25.997+0100] {logging_mixin.py:190} INFO - [2025-09-27T23:32:25.997+0100] {dagbag.py:588} INFO - Filling up the DagBag from /home/engineer/project/airflow_env/lib/python3.12/site-packages/airflow/example_dags/example_setup_teardown_taskflow.py
[2025-09-27T23:32:26.005+0100] {processor.py:925} INFO - DAG(s) 'example_setup_teardown_taskflow' retrieved from /home/engineer/project/airflow_env/lib/python3.12/site-packages/airflow/example_dags/example_setup_teardown_taskflow.py
[2025-09-27T23:32:26.018+0100] {logging_mixin.py:190} INFO - [2025-09-27T23:32:26.018+0100] {dag.py:3239} INFO - Sync 1 DAGs
[2025-09-27T23:32:26.027+0100] {logging_mixin.py:190} INFO - [2025-09-27T23:32:26.027+0100] {dag.py:4180} INFO - Setting next_dagrun for example_setup_teardown_taskflow to None, run_after=None
[2025-09-27T23:32:26.043+0100] {processor.py:208} INFO - Processing /home/engineer/project/airflow_env/lib/python3.12/site-packages/airflow/example_dags/example_setup_teardown_taskflow.py took 0.060 seconds
[2025-09-27T23:33:14.217+0100] {processor.py:186} INFO - Started process (PID=22160) to work on /home/engineer/project/airflow_env/lib/python3.12/site-packages/airflow/example_dags/example_setup_teardown_taskflow.py
[2025-09-27T23:33:14.220+0100] {processor.py:914} INFO - Processing file /home/engineer/project/airflow_env/lib/python3.12/site-packages/airflow/example_dags/example_setup_teardown_taskflow.py for tasks to queue
[2025-09-27T23:33:14.222+0100] {logging_mixin.py:190} INFO - [2025-09-27T23:33:14.222+0100] {dagbag.py:588} INFO - Filling up the DagBag from /home/engineer/project/airflow_env/lib/python3.12/site-packages/airflow/example_dags/example_setup_teardown_taskflow.py
[2025-09-27T23:33:14.231+0100] {processor.py:925} INFO - DAG(s) 'example_setup_teardown_taskflow' retrieved from /home/engineer/project/airflow_env/lib/python3.12/site-packages/airflow/example_dags/example_setup_teardown_taskflow.py
[2025-09-27T23:33:14.244+0100] {logging_mixin.py:190} INFO - [2025-09-27T23:33:14.244+0100] {dag.py:3239} INFO - Sync 1 DAGs
[2025-09-27T23:33:14.253+0100] {logging_mixin.py:190} INFO - [2025-09-27T23:33:14.252+0100] {dag.py:4180} INFO - Setting next_dagrun for example_setup_teardown_taskflow to None, run_after=None
[2025-09-27T23:33:14.270+0100] {processor.py:208} INFO - Processing /home/engineer/project/airflow_env/lib/python3.12/site-packages/airflow/example_dags/example_setup_teardown_taskflow.py took 0.057 seconds
[2025-09-27T23:34:03.579+0100] {processor.py:186} INFO - Started process (PID=22355) to work on /home/engineer/project/airflow_env/lib/python3.12/site-packages/airflow/example_dags/example_setup_teardown_taskflow.py
[2025-09-27T23:34:03.586+0100] {processor.py:914} INFO - Processing file /home/engineer/project/airflow_env/lib/python3.12/site-packages/airflow/example_dags/example_setup_teardown_taskflow.py for tasks to queue
[2025-09-27T23:34:03.588+0100] {logging_mixin.py:190} INFO - [2025-09-27T23:34:03.587+0100] {dagbag.py:588} INFO - Filling up the DagBag from /home/engineer/project/airflow_env/lib/python3.12/site-packages/airflow/example_dags/example_setup_teardown_taskflow.py
[2025-09-27T23:34:03.596+0100] {processor.py:925} INFO - DAG(s) 'example_setup_teardown_taskflow' retrieved from /home/engineer/project/airflow_env/lib/python3.12/site-packages/airflow/example_dags/example_setup_teardown_taskflow.py
[2025-09-27T23:34:03.610+0100] {logging_mixin.py:190} INFO - [2025-09-27T23:34:03.610+0100] {dag.py:3239} INFO - Sync 1 DAGs
[2025-09-27T23:34:03.619+0100] {logging_mixin.py:190} INFO - [2025-09-27T23:34:03.619+0100] {dag.py:4180} INFO - Setting next_dagrun for example_setup_teardown_taskflow to None, run_after=None
[2025-09-27T23:34:03.638+0100] {processor.py:208} INFO - Processing /home/engineer/project/airflow_env/lib/python3.12/site-packages/airflow/example_dags/example_setup_teardown_taskflow.py took 0.063 seconds
[2025-09-27T23:34:53.928+0100] {processor.py:186} INFO - Started process (PID=22550) to work on /home/engineer/project/airflow_env/lib/python3.12/site-packages/airflow/example_dags/example_setup_teardown_taskflow.py
[2025-09-27T23:34:53.935+0100] {processor.py:914} INFO - Processing file /home/engineer/project/airflow_env/lib/python3.12/site-packages/airflow/example_dags/example_setup_teardown_taskflow.py for tasks to queue
[2025-09-27T23:34:53.937+0100] {logging_mixin.py:190} INFO - [2025-09-27T23:34:53.937+0100] {dagbag.py:588} INFO - Filling up the DagBag from /home/engineer/project/airflow_env/lib/python3.12/site-packages/airflow/example_dags/example_setup_teardown_taskflow.py
[2025-09-27T23:34:53.945+0100] {processor.py:925} INFO - DAG(s) 'example_setup_teardown_taskflow' retrieved from /home/engineer/project/airflow_env/lib/python3.12/site-packages/airflow/example_dags/example_setup_teardown_taskflow.py
[2025-09-27T23:34:53.956+0100] {logging_mixin.py:190} INFO - [2025-09-27T23:34:53.956+0100] {dag.py:3239} INFO - Sync 1 DAGs
[2025-09-27T23:34:53.965+0100] {logging_mixin.py:190} INFO - [2025-09-27T23:34:53.964+0100] {dag.py:4180} INFO - Setting next_dagrun for example_setup_teardown_taskflow to None, run_after=None
[2025-09-27T23:34:53.980+0100] {processor.py:208} INFO - Processing /home/engineer/project/airflow_env/lib/python3.12/site-packages/airflow/example_dags/example_setup_teardown_taskflow.py took 0.055 seconds
[2025-09-27T23:35:41.243+0100] {processor.py:186} INFO - Started process (PID=22745) to work on /home/engineer/project/airflow_env/lib/python3.12/site-packages/airflow/example_dags/example_setup_teardown_taskflow.py
[2025-09-27T23:35:41.251+0100] {processor.py:914} INFO - Processing file /home/engineer/project/airflow_env/lib/python3.12/site-packages/airflow/example_dags/example_setup_teardown_taskflow.py for tasks to queue
[2025-09-27T23:35:41.252+0100] {logging_mixin.py:190} INFO - [2025-09-27T23:35:41.252+0100] {dagbag.py:588} INFO - Filling up the DagBag from /home/engineer/project/airflow_env/lib/python3.12/site-packages/airflow/example_dags/example_setup_teardown_taskflow.py
[2025-09-27T23:35:41.259+0100] {processor.py:925} INFO - DAG(s) 'example_setup_teardown_taskflow' retrieved from /home/engineer/project/airflow_env/lib/python3.12/site-packages/airflow/example_dags/example_setup_teardown_taskflow.py
[2025-09-27T23:35:41.271+0100] {logging_mixin.py:190} INFO - [2025-09-27T23:35:41.271+0100] {dag.py:3239} INFO - Sync 1 DAGs
[2025-09-27T23:35:41.279+0100] {logging_mixin.py:190} INFO - [2025-09-27T23:35:41.279+0100] {dag.py:4180} INFO - Setting next_dagrun for example_setup_teardown_taskflow to None, run_after=None
[2025-09-27T23:35:41.294+0100] {processor.py:208} INFO - Processing /home/engineer/project/airflow_env/lib/python3.12/site-packages/airflow/example_dags/example_setup_teardown_taskflow.py took 0.055 seconds
[2025-09-27T23:36:31.438+0100] {processor.py:186} INFO - Started process (PID=22964) to work on /home/engineer/project/airflow_env/lib/python3.12/site-packages/airflow/example_dags/example_setup_teardown_taskflow.py
[2025-09-27T23:36:31.444+0100] {processor.py:914} INFO - Processing file /home/engineer/project/airflow_env/lib/python3.12/site-packages/airflow/example_dags/example_setup_teardown_taskflow.py for tasks to queue
[2025-09-27T23:36:31.445+0100] {logging_mixin.py:190} INFO - [2025-09-27T23:36:31.445+0100] {dagbag.py:588} INFO - Filling up the DagBag from /home/engineer/project/airflow_env/lib/python3.12/site-packages/airflow/example_dags/example_setup_teardown_taskflow.py
[2025-09-27T23:36:31.453+0100] {processor.py:925} INFO - DAG(s) 'example_setup_teardown_taskflow' retrieved from /home/engineer/project/airflow_env/lib/python3.12/site-packages/airflow/example_dags/example_setup_teardown_taskflow.py
[2025-09-27T23:36:31.465+0100] {logging_mixin.py:190} INFO - [2025-09-27T23:36:31.465+0100] {dag.py:3239} INFO - Sync 1 DAGs
[2025-09-27T23:36:31.475+0100] {logging_mixin.py:190} INFO - [2025-09-27T23:36:31.475+0100] {dag.py:4180} INFO - Setting next_dagrun for example_setup_teardown_taskflow to None, run_after=None
[2025-09-27T23:36:31.492+0100] {processor.py:208} INFO - Processing /home/engineer/project/airflow_env/lib/python3.12/site-packages/airflow/example_dags/example_setup_teardown_taskflow.py took 0.058 seconds
[2025-09-27T23:37:19.045+0100] {processor.py:186} INFO - Started process (PID=23154) to work on /home/engineer/project/airflow_env/lib/python3.12/site-packages/airflow/example_dags/example_setup_teardown_taskflow.py
[2025-09-27T23:37:19.047+0100] {processor.py:914} INFO - Processing file /home/engineer/project/airflow_env/lib/python3.12/site-packages/airflow/example_dags/example_setup_teardown_taskflow.py for tasks to queue
[2025-09-27T23:37:19.048+0100] {logging_mixin.py:190} INFO - [2025-09-27T23:37:19.047+0100] {dagbag.py:588} INFO - Filling up the DagBag from /home/engineer/project/airflow_env/lib/python3.12/site-packages/airflow/example_dags/example_setup_teardown_taskflow.py
[2025-09-27T23:37:19.055+0100] {processor.py:925} INFO - DAG(s) 'example_setup_teardown_taskflow' retrieved from /home/engineer/project/airflow_env/lib/python3.12/site-packages/airflow/example_dags/example_setup_teardown_taskflow.py
[2025-09-27T23:37:19.067+0100] {logging_mixin.py:190} INFO - [2025-09-27T23:37:19.067+0100] {dag.py:3239} INFO - Sync 1 DAGs
[2025-09-27T23:37:19.075+0100] {logging_mixin.py:190} INFO - [2025-09-27T23:37:19.075+0100] {dag.py:4180} INFO - Setting next_dagrun for example_setup_teardown_taskflow to None, run_after=None
[2025-09-27T23:37:19.090+0100] {processor.py:208} INFO - Processing /home/engineer/project/airflow_env/lib/python3.12/site-packages/airflow/example_dags/example_setup_teardown_taskflow.py took 0.048 seconds
[2025-09-27T23:38:44.111+0100] {processor.py:186} INFO - Started process (PID=23396) to work on /home/engineer/project/airflow_env/lib/python3.12/site-packages/airflow/example_dags/example_setup_teardown_taskflow.py
[2025-09-27T23:38:44.118+0100] {processor.py:914} INFO - Processing file /home/engineer/project/airflow_env/lib/python3.12/site-packages/airflow/example_dags/example_setup_teardown_taskflow.py for tasks to queue
[2025-09-27T23:38:44.119+0100] {logging_mixin.py:190} INFO - [2025-09-27T23:38:44.119+0100] {dagbag.py:588} INFO - Filling up the DagBag from /home/engineer/project/airflow_env/lib/python3.12/site-packages/airflow/example_dags/example_setup_teardown_taskflow.py
[2025-09-27T23:38:44.128+0100] {processor.py:925} INFO - DAG(s) 'example_setup_teardown_taskflow' retrieved from /home/engineer/project/airflow_env/lib/python3.12/site-packages/airflow/example_dags/example_setup_teardown_taskflow.py
[2025-09-27T23:38:44.143+0100] {logging_mixin.py:190} INFO - [2025-09-27T23:38:44.143+0100] {dag.py:3239} INFO - Sync 1 DAGs
[2025-09-27T23:38:44.153+0100] {logging_mixin.py:190} INFO - [2025-09-27T23:38:44.153+0100] {dag.py:4180} INFO - Setting next_dagrun for example_setup_teardown_taskflow to None, run_after=None
[2025-09-27T23:38:44.170+0100] {processor.py:208} INFO - Processing /home/engineer/project/airflow_env/lib/python3.12/site-packages/airflow/example_dags/example_setup_teardown_taskflow.py took 0.063 seconds
[2025-09-27T23:39:33.748+0100] {processor.py:186} INFO - Started process (PID=23597) to work on /home/engineer/project/airflow_env/lib/python3.12/site-packages/airflow/example_dags/example_setup_teardown_taskflow.py
[2025-09-27T23:39:33.749+0100] {processor.py:914} INFO - Processing file /home/engineer/project/airflow_env/lib/python3.12/site-packages/airflow/example_dags/example_setup_teardown_taskflow.py for tasks to queue
[2025-09-27T23:39:33.751+0100] {logging_mixin.py:190} INFO - [2025-09-27T23:39:33.750+0100] {dagbag.py:588} INFO - Filling up the DagBag from /home/engineer/project/airflow_env/lib/python3.12/site-packages/airflow/example_dags/example_setup_teardown_taskflow.py
[2025-09-27T23:39:33.760+0100] {processor.py:925} INFO - DAG(s) 'example_setup_teardown_taskflow' retrieved from /home/engineer/project/airflow_env/lib/python3.12/site-packages/airflow/example_dags/example_setup_teardown_taskflow.py
[2025-09-27T23:39:33.773+0100] {logging_mixin.py:190} INFO - [2025-09-27T23:39:33.773+0100] {dag.py:3239} INFO - Sync 1 DAGs
[2025-09-27T23:39:33.783+0100] {logging_mixin.py:190} INFO - [2025-09-27T23:39:33.783+0100] {dag.py:4180} INFO - Setting next_dagrun for example_setup_teardown_taskflow to None, run_after=None
[2025-09-27T23:39:33.803+0100] {processor.py:208} INFO - Processing /home/engineer/project/airflow_env/lib/python3.12/site-packages/airflow/example_dags/example_setup_teardown_taskflow.py took 0.060 seconds
[2025-09-27T23:40:24.003+0100] {processor.py:186} INFO - Started process (PID=23793) to work on /home/engineer/project/airflow_env/lib/python3.12/site-packages/airflow/example_dags/example_setup_teardown_taskflow.py
[2025-09-27T23:40:24.005+0100] {processor.py:914} INFO - Processing file /home/engineer/project/airflow_env/lib/python3.12/site-packages/airflow/example_dags/example_setup_teardown_taskflow.py for tasks to queue
[2025-09-27T23:40:24.006+0100] {logging_mixin.py:190} INFO - [2025-09-27T23:40:24.006+0100] {dagbag.py:588} INFO - Filling up the DagBag from /home/engineer/project/airflow_env/lib/python3.12/site-packages/airflow/example_dags/example_setup_teardown_taskflow.py
[2025-09-27T23:40:24.016+0100] {processor.py:925} INFO - DAG(s) 'example_setup_teardown_taskflow' retrieved from /home/engineer/project/airflow_env/lib/python3.12/site-packages/airflow/example_dags/example_setup_teardown_taskflow.py
[2025-09-27T23:40:24.035+0100] {logging_mixin.py:190} INFO - [2025-09-27T23:40:24.035+0100] {dag.py:3239} INFO - Sync 1 DAGs
[2025-09-27T23:40:24.048+0100] {logging_mixin.py:190} INFO - [2025-09-27T23:40:24.048+0100] {dag.py:4180} INFO - Setting next_dagrun for example_setup_teardown_taskflow to None, run_after=None
[2025-09-27T23:40:24.070+0100] {processor.py:208} INFO - Processing /home/engineer/project/airflow_env/lib/python3.12/site-packages/airflow/example_dags/example_setup_teardown_taskflow.py took 0.075 seconds
[2025-09-27T23:41:12.522+0100] {processor.py:186} INFO - Started process (PID=23988) to work on /home/engineer/project/airflow_env/lib/python3.12/site-packages/airflow/example_dags/example_setup_teardown_taskflow.py
[2025-09-27T23:41:12.529+0100] {processor.py:914} INFO - Processing file /home/engineer/project/airflow_env/lib/python3.12/site-packages/airflow/example_dags/example_setup_teardown_taskflow.py for tasks to queue
[2025-09-27T23:41:12.530+0100] {logging_mixin.py:190} INFO - [2025-09-27T23:41:12.530+0100] {dagbag.py:588} INFO - Filling up the DagBag from /home/engineer/project/airflow_env/lib/python3.12/site-packages/airflow/example_dags/example_setup_teardown_taskflow.py
[2025-09-27T23:41:12.537+0100] {processor.py:925} INFO - DAG(s) 'example_setup_teardown_taskflow' retrieved from /home/engineer/project/airflow_env/lib/python3.12/site-packages/airflow/example_dags/example_setup_teardown_taskflow.py
[2025-09-27T23:41:12.550+0100] {logging_mixin.py:190} INFO - [2025-09-27T23:41:12.549+0100] {dag.py:3239} INFO - Sync 1 DAGs
[2025-09-27T23:41:12.559+0100] {logging_mixin.py:190} INFO - [2025-09-27T23:41:12.559+0100] {dag.py:4180} INFO - Setting next_dagrun for example_setup_teardown_taskflow to None, run_after=None
[2025-09-27T23:41:12.575+0100] {processor.py:208} INFO - Processing /home/engineer/project/airflow_env/lib/python3.12/site-packages/airflow/example_dags/example_setup_teardown_taskflow.py took 0.057 seconds
[2025-09-27T23:42:02.748+0100] {processor.py:186} INFO - Started process (PID=24209) to work on /home/engineer/project/airflow_env/lib/python3.12/site-packages/airflow/example_dags/example_setup_teardown_taskflow.py
[2025-09-27T23:42:02.755+0100] {processor.py:914} INFO - Processing file /home/engineer/project/airflow_env/lib/python3.12/site-packages/airflow/example_dags/example_setup_teardown_taskflow.py for tasks to queue
[2025-09-27T23:42:02.756+0100] {logging_mixin.py:190} INFO - [2025-09-27T23:42:02.755+0100] {dagbag.py:588} INFO - Filling up the DagBag from /home/engineer/project/airflow_env/lib/python3.12/site-packages/airflow/example_dags/example_setup_teardown_taskflow.py
[2025-09-27T23:42:02.763+0100] {processor.py:925} INFO - DAG(s) 'example_setup_teardown_taskflow' retrieved from /home/engineer/project/airflow_env/lib/python3.12/site-packages/airflow/example_dags/example_setup_teardown_taskflow.py
[2025-09-27T23:42:02.777+0100] {logging_mixin.py:190} INFO - [2025-09-27T23:42:02.777+0100] {dag.py:3239} INFO - Sync 1 DAGs
[2025-09-27T23:42:02.786+0100] {logging_mixin.py:190} INFO - [2025-09-27T23:42:02.786+0100] {dag.py:4180} INFO - Setting next_dagrun for example_setup_teardown_taskflow to None, run_after=None
[2025-09-27T23:42:02.802+0100] {processor.py:208} INFO - Processing /home/engineer/project/airflow_env/lib/python3.12/site-packages/airflow/example_dags/example_setup_teardown_taskflow.py took 0.058 seconds
[2025-09-27T23:42:53.501+0100] {processor.py:186} INFO - Started process (PID=24412) to work on /home/engineer/project/airflow_env/lib/python3.12/site-packages/airflow/example_dags/example_setup_teardown_taskflow.py
[2025-09-27T23:42:53.509+0100] {processor.py:914} INFO - Processing file /home/engineer/project/airflow_env/lib/python3.12/site-packages/airflow/example_dags/example_setup_teardown_taskflow.py for tasks to queue
[2025-09-27T23:42:53.510+0100] {logging_mixin.py:190} INFO - [2025-09-27T23:42:53.510+0100] {dagbag.py:588} INFO - Filling up the DagBag from /home/engineer/project/airflow_env/lib/python3.12/site-packages/airflow/example_dags/example_setup_teardown_taskflow.py
[2025-09-27T23:42:53.524+0100] {processor.py:925} INFO - DAG(s) 'example_setup_teardown_taskflow' retrieved from /home/engineer/project/airflow_env/lib/python3.12/site-packages/airflow/example_dags/example_setup_teardown_taskflow.py
[2025-09-27T23:42:53.546+0100] {logging_mixin.py:190} INFO - [2025-09-27T23:42:53.546+0100] {dag.py:3239} INFO - Sync 1 DAGs
[2025-09-27T23:42:53.559+0100] {logging_mixin.py:190} INFO - [2025-09-27T23:42:53.559+0100] {dag.py:4180} INFO - Setting next_dagrun for example_setup_teardown_taskflow to None, run_after=None
[2025-09-27T23:42:53.583+0100] {processor.py:208} INFO - Processing /home/engineer/project/airflow_env/lib/python3.12/site-packages/airflow/example_dags/example_setup_teardown_taskflow.py took 0.088 seconds
[2025-09-27T23:43:45.835+0100] {processor.py:186} INFO - Started process (PID=24684) to work on /home/engineer/project/airflow_env/lib/python3.12/site-packages/airflow/example_dags/example_setup_teardown_taskflow.py
[2025-09-27T23:43:45.841+0100] {processor.py:914} INFO - Processing file /home/engineer/project/airflow_env/lib/python3.12/site-packages/airflow/example_dags/example_setup_teardown_taskflow.py for tasks to queue
[2025-09-27T23:43:45.842+0100] {logging_mixin.py:190} INFO - [2025-09-27T23:43:45.842+0100] {dagbag.py:588} INFO - Filling up the DagBag from /home/engineer/project/airflow_env/lib/python3.12/site-packages/airflow/example_dags/example_setup_teardown_taskflow.py
[2025-09-27T23:43:45.850+0100] {processor.py:925} INFO - DAG(s) 'example_setup_teardown_taskflow' retrieved from /home/engineer/project/airflow_env/lib/python3.12/site-packages/airflow/example_dags/example_setup_teardown_taskflow.py
[2025-09-27T23:43:45.864+0100] {logging_mixin.py:190} INFO - [2025-09-27T23:43:45.863+0100] {dag.py:3239} INFO - Sync 1 DAGs
[2025-09-27T23:43:45.874+0100] {logging_mixin.py:190} INFO - [2025-09-27T23:43:45.874+0100] {dag.py:4180} INFO - Setting next_dagrun for example_setup_teardown_taskflow to None, run_after=None
[2025-09-27T23:43:45.891+0100] {processor.py:208} INFO - Processing /home/engineer/project/airflow_env/lib/python3.12/site-packages/airflow/example_dags/example_setup_teardown_taskflow.py took 0.061 seconds
