[2025-09-27T23:27:18.146+0100] {processor.py:186} INFO - Started process (PID=19988) to work on /home/engineer/project/airflow_env/lib/python3.12/site-packages/airflow/example_dags/example_branch_python_dop_operator_3.py
[2025-09-27T23:27:18.147+0100] {processor.py:914} INFO - Processing file /home/engineer/project/airflow_env/lib/python3.12/site-packages/airflow/example_dags/example_branch_python_dop_operator_3.py for tasks to queue
[2025-09-27T23:27:18.148+0100] {logging_mixin.py:190} INFO - [2025-09-27T23:27:18.148+0100] {dagbag.py:588} INFO - Filling up the DagBag from /home/engineer/project/airflow_env/lib/python3.12/site-packages/airflow/example_dags/example_branch_python_dop_operator_3.py
[2025-09-27T23:27:18.156+0100] {processor.py:925} INFO - DAG(s) 'example_branch_dop_operator_v3' retrieved from /home/engineer/project/airflow_env/lib/python3.12/site-packages/airflow/example_dags/example_branch_python_dop_operator_3.py
[2025-09-27T23:27:18.236+0100] {logging_mixin.py:190} INFO - [2025-09-27T23:27:18.236+0100] {override.py:1900} INFO - Created Permission View: can delete on DAG:example_branch_dop_operator_v3
[2025-09-27T23:27:18.245+0100] {logging_mixin.py:190} INFO - [2025-09-27T23:27:18.245+0100] {override.py:1900} INFO - Created Permission View: can read on DAG:example_branch_dop_operator_v3
[2025-09-27T23:27:18.251+0100] {logging_mixin.py:190} INFO - [2025-09-27T23:27:18.250+0100] {override.py:1900} INFO - Created Permission View: can edit on DAG:example_branch_dop_operator_v3
[2025-09-27T23:27:18.259+0100] {logging_mixin.py:190} INFO - [2025-09-27T23:27:18.259+0100] {override.py:1900} INFO - Created Permission View: can delete on DAG Run:example_branch_dop_operator_v3
[2025-09-27T23:27:18.265+0100] {logging_mixin.py:190} INFO - [2025-09-27T23:27:18.264+0100] {override.py:1900} INFO - Created Permission View: can read on DAG Run:example_branch_dop_operator_v3
[2025-09-27T23:27:18.271+0100] {logging_mixin.py:190} INFO - [2025-09-27T23:27:18.270+0100] {override.py:1900} INFO - Created Permission View: can create on DAG Run:example_branch_dop_operator_v3
[2025-09-27T23:27:18.276+0100] {logging_mixin.py:190} INFO - [2025-09-27T23:27:18.276+0100] {override.py:1900} INFO - Created Permission View: menu access on DAG Run:example_branch_dop_operator_v3
[2025-09-27T23:27:18.277+0100] {logging_mixin.py:190} INFO - [2025-09-27T23:27:18.277+0100] {dag.py:3239} INFO - Sync 1 DAGs
[2025-09-27T23:27:18.285+0100] {logging_mixin.py:190} INFO - [2025-09-27T23:27:18.285+0100] {dag.py:3262} INFO - Creating ORM DAG for example_branch_dop_operator_v3
[2025-09-27T23:27:18.292+0100] {logging_mixin.py:190} INFO - [2025-09-27T23:27:18.292+0100] {dag.py:4180} INFO - Setting next_dagrun for example_branch_dop_operator_v3 to 2025-09-27 22:26:00+00:00, run_after=2025-09-27 22:27:00+00:00
[2025-09-27T23:27:18.306+0100] {processor.py:208} INFO - Processing /home/engineer/project/airflow_env/lib/python3.12/site-packages/airflow/example_dags/example_branch_python_dop_operator_3.py took 0.163 seconds
[2025-09-27T23:28:13.301+0100] {processor.py:186} INFO - Started process (PID=20267) to work on /home/engineer/project/airflow_env/lib/python3.12/site-packages/airflow/example_dags/example_branch_python_dop_operator_3.py
[2025-09-27T23:28:13.302+0100] {processor.py:914} INFO - Processing file /home/engineer/project/airflow_env/lib/python3.12/site-packages/airflow/example_dags/example_branch_python_dop_operator_3.py for tasks to queue
[2025-09-27T23:28:13.304+0100] {logging_mixin.py:190} INFO - [2025-09-27T23:28:13.304+0100] {dagbag.py:588} INFO - Filling up the DagBag from /home/engineer/project/airflow_env/lib/python3.12/site-packages/airflow/example_dags/example_branch_python_dop_operator_3.py
[2025-09-27T23:28:13.311+0100] {processor.py:925} INFO - DAG(s) 'example_branch_dop_operator_v3' retrieved from /home/engineer/project/airflow_env/lib/python3.12/site-packages/airflow/example_dags/example_branch_python_dop_operator_3.py
[2025-09-27T23:28:13.321+0100] {logging_mixin.py:190} INFO - [2025-09-27T23:28:13.321+0100] {dag.py:3239} INFO - Sync 1 DAGs
[2025-09-27T23:28:13.336+0100] {logging_mixin.py:190} INFO - [2025-09-27T23:28:13.336+0100] {dag.py:4180} INFO - Setting next_dagrun for example_branch_dop_operator_v3 to 2025-09-27 22:27:00+00:00, run_after=2025-09-27 22:28:00+00:00
[2025-09-27T23:28:13.354+0100] {processor.py:208} INFO - Processing /home/engineer/project/airflow_env/lib/python3.12/site-packages/airflow/example_dags/example_branch_python_dop_operator_3.py took 0.057 seconds
[2025-09-27T23:29:22.142+0100] {processor.py:186} INFO - Started process (PID=20546) to work on /home/engineer/project/airflow_env/lib/python3.12/site-packages/airflow/example_dags/example_branch_python_dop_operator_3.py
[2025-09-27T23:29:22.143+0100] {processor.py:914} INFO - Processing file /home/engineer/project/airflow_env/lib/python3.12/site-packages/airflow/example_dags/example_branch_python_dop_operator_3.py for tasks to queue
[2025-09-27T23:29:22.145+0100] {logging_mixin.py:190} INFO - [2025-09-27T23:29:22.145+0100] {dagbag.py:588} INFO - Filling up the DagBag from /home/engineer/project/airflow_env/lib/python3.12/site-packages/airflow/example_dags/example_branch_python_dop_operator_3.py
[2025-09-27T23:29:22.155+0100] {processor.py:925} INFO - DAG(s) 'example_branch_dop_operator_v3' retrieved from /home/engineer/project/airflow_env/lib/python3.12/site-packages/airflow/example_dags/example_branch_python_dop_operator_3.py
[2025-09-27T23:29:22.169+0100] {logging_mixin.py:190} INFO - [2025-09-27T23:29:22.169+0100] {dag.py:3239} INFO - Sync 1 DAGs
[2025-09-27T23:29:22.185+0100] {logging_mixin.py:190} INFO - [2025-09-27T23:29:22.185+0100] {dag.py:4180} INFO - Setting next_dagrun for example_branch_dop_operator_v3 to 2025-09-27 22:28:00+00:00, run_after=2025-09-27 22:29:00+00:00
[2025-09-27T23:29:22.203+0100] {processor.py:208} INFO - Processing /home/engineer/project/airflow_env/lib/python3.12/site-packages/airflow/example_dags/example_branch_python_dop_operator_3.py took 0.064 seconds
[2025-09-27T23:30:30.815+0100] {processor.py:186} INFO - Started process (PID=20863) to work on /home/engineer/project/airflow_env/lib/python3.12/site-packages/airflow/example_dags/example_branch_python_dop_operator_3.py
[2025-09-27T23:30:30.816+0100] {processor.py:914} INFO - Processing file /home/engineer/project/airflow_env/lib/python3.12/site-packages/airflow/example_dags/example_branch_python_dop_operator_3.py for tasks to queue
[2025-09-27T23:30:30.818+0100] {logging_mixin.py:190} INFO - [2025-09-27T23:30:30.818+0100] {dagbag.py:588} INFO - Filling up the DagBag from /home/engineer/project/airflow_env/lib/python3.12/site-packages/airflow/example_dags/example_branch_python_dop_operator_3.py
[2025-09-27T23:30:30.827+0100] {processor.py:925} INFO - DAG(s) 'example_branch_dop_operator_v3' retrieved from /home/engineer/project/airflow_env/lib/python3.12/site-packages/airflow/example_dags/example_branch_python_dop_operator_3.py
[2025-09-27T23:30:30.838+0100] {logging_mixin.py:190} INFO - [2025-09-27T23:30:30.838+0100] {dag.py:3239} INFO - Sync 1 DAGs
[2025-09-27T23:30:30.854+0100] {logging_mixin.py:190} INFO - [2025-09-27T23:30:30.854+0100] {dag.py:4180} INFO - Setting next_dagrun for example_branch_dop_operator_v3 to 2025-09-27 22:29:00+00:00, run_after=2025-09-27 22:30:00+00:00
[2025-09-27T23:30:30.873+0100] {processor.py:208} INFO - Processing /home/engineer/project/airflow_env/lib/python3.12/site-packages/airflow/example_dags/example_branch_python_dop_operator_3.py took 0.061 seconds
[2025-09-27T23:31:50.020+0100] {processor.py:186} INFO - Started process (PID=21742) to work on /home/engineer/project/airflow_env/lib/python3.12/site-packages/airflow/example_dags/example_branch_python_dop_operator_3.py
[2025-09-27T23:31:50.027+0100] {processor.py:914} INFO - Processing file /home/engineer/project/airflow_env/lib/python3.12/site-packages/airflow/example_dags/example_branch_python_dop_operator_3.py for tasks to queue
[2025-09-27T23:31:50.029+0100] {logging_mixin.py:190} INFO - [2025-09-27T23:31:50.028+0100] {dagbag.py:588} INFO - Filling up the DagBag from /home/engineer/project/airflow_env/lib/python3.12/site-packages/airflow/example_dags/example_branch_python_dop_operator_3.py
[2025-09-27T23:31:50.036+0100] {processor.py:925} INFO - DAG(s) 'example_branch_dop_operator_v3' retrieved from /home/engineer/project/airflow_env/lib/python3.12/site-packages/airflow/example_dags/example_branch_python_dop_operator_3.py
[2025-09-27T23:31:50.050+0100] {logging_mixin.py:190} INFO - [2025-09-27T23:31:50.049+0100] {dag.py:3239} INFO - Sync 1 DAGs
[2025-09-27T23:31:50.066+0100] {logging_mixin.py:190} INFO - [2025-09-27T23:31:50.066+0100] {dag.py:4180} INFO - Setting next_dagrun for example_branch_dop_operator_v3 to 2025-09-27 22:30:00+00:00, run_after=2025-09-27 22:31:00+00:00
[2025-09-27T23:31:50.083+0100] {processor.py:208} INFO - Processing /home/engineer/project/airflow_env/lib/python3.12/site-packages/airflow/example_dags/example_branch_python_dop_operator_3.py took 0.068 seconds
[2025-09-27T23:33:04.088+0100] {processor.py:186} INFO - Started process (PID=22120) to work on /home/engineer/project/airflow_env/lib/python3.12/site-packages/airflow/example_dags/example_branch_python_dop_operator_3.py
[2025-09-27T23:33:04.095+0100] {processor.py:914} INFO - Processing file /home/engineer/project/airflow_env/lib/python3.12/site-packages/airflow/example_dags/example_branch_python_dop_operator_3.py for tasks to queue
[2025-09-27T23:33:04.097+0100] {logging_mixin.py:190} INFO - [2025-09-27T23:33:04.097+0100] {dagbag.py:588} INFO - Filling up the DagBag from /home/engineer/project/airflow_env/lib/python3.12/site-packages/airflow/example_dags/example_branch_python_dop_operator_3.py
[2025-09-27T23:33:04.105+0100] {processor.py:925} INFO - DAG(s) 'example_branch_dop_operator_v3' retrieved from /home/engineer/project/airflow_env/lib/python3.12/site-packages/airflow/example_dags/example_branch_python_dop_operator_3.py
[2025-09-27T23:33:04.115+0100] {logging_mixin.py:190} INFO - [2025-09-27T23:33:04.115+0100] {dag.py:3239} INFO - Sync 1 DAGs
[2025-09-27T23:33:04.130+0100] {logging_mixin.py:190} INFO - [2025-09-27T23:33:04.130+0100] {dag.py:4180} INFO - Setting next_dagrun for example_branch_dop_operator_v3 to 2025-09-27 22:32:00+00:00, run_after=2025-09-27 22:33:00+00:00
[2025-09-27T23:33:04.148+0100] {processor.py:208} INFO - Processing /home/engineer/project/airflow_env/lib/python3.12/site-packages/airflow/example_dags/example_branch_python_dop_operator_3.py took 0.064 seconds
[2025-09-27T23:34:18.539+0100] {processor.py:186} INFO - Started process (PID=22413) to work on /home/engineer/project/airflow_env/lib/python3.12/site-packages/airflow/example_dags/example_branch_python_dop_operator_3.py
[2025-09-27T23:34:18.546+0100] {processor.py:914} INFO - Processing file /home/engineer/project/airflow_env/lib/python3.12/site-packages/airflow/example_dags/example_branch_python_dop_operator_3.py for tasks to queue
[2025-09-27T23:34:18.548+0100] {logging_mixin.py:190} INFO - [2025-09-27T23:34:18.548+0100] {dagbag.py:588} INFO - Filling up the DagBag from /home/engineer/project/airflow_env/lib/python3.12/site-packages/airflow/example_dags/example_branch_python_dop_operator_3.py
[2025-09-27T23:34:18.559+0100] {processor.py:925} INFO - DAG(s) 'example_branch_dop_operator_v3' retrieved from /home/engineer/project/airflow_env/lib/python3.12/site-packages/airflow/example_dags/example_branch_python_dop_operator_3.py
[2025-09-27T23:34:18.575+0100] {logging_mixin.py:190} INFO - [2025-09-27T23:34:18.575+0100] {dag.py:3239} INFO - Sync 1 DAGs
[2025-09-27T23:34:18.594+0100] {logging_mixin.py:190} INFO - [2025-09-27T23:34:18.594+0100] {dag.py:4180} INFO - Setting next_dagrun for example_branch_dop_operator_v3 to 2025-09-27 22:33:00+00:00, run_after=2025-09-27 22:34:00+00:00
[2025-09-27T23:34:18.612+0100] {processor.py:208} INFO - Processing /home/engineer/project/airflow_env/lib/python3.12/site-packages/airflow/example_dags/example_branch_python_dop_operator_3.py took 0.080 seconds
[2025-09-27T23:35:32.099+0100] {processor.py:186} INFO - Started process (PID=22705) to work on /home/engineer/project/airflow_env/lib/python3.12/site-packages/airflow/example_dags/example_branch_python_dop_operator_3.py
[2025-09-27T23:35:32.106+0100] {processor.py:914} INFO - Processing file /home/engineer/project/airflow_env/lib/python3.12/site-packages/airflow/example_dags/example_branch_python_dop_operator_3.py for tasks to queue
[2025-09-27T23:35:32.107+0100] {logging_mixin.py:190} INFO - [2025-09-27T23:35:32.107+0100] {dagbag.py:588} INFO - Filling up the DagBag from /home/engineer/project/airflow_env/lib/python3.12/site-packages/airflow/example_dags/example_branch_python_dop_operator_3.py
[2025-09-27T23:35:32.115+0100] {processor.py:925} INFO - DAG(s) 'example_branch_dop_operator_v3' retrieved from /home/engineer/project/airflow_env/lib/python3.12/site-packages/airflow/example_dags/example_branch_python_dop_operator_3.py
[2025-09-27T23:35:32.125+0100] {logging_mixin.py:190} INFO - [2025-09-27T23:35:32.125+0100] {dag.py:3239} INFO - Sync 1 DAGs
[2025-09-27T23:35:32.139+0100] {logging_mixin.py:190} INFO - [2025-09-27T23:35:32.139+0100] {dag.py:4180} INFO - Setting next_dagrun for example_branch_dop_operator_v3 to 2025-09-27 22:34:00+00:00, run_after=2025-09-27 22:35:00+00:00
[2025-09-27T23:35:32.154+0100] {processor.py:208} INFO - Processing /home/engineer/project/airflow_env/lib/python3.12/site-packages/airflow/example_dags/example_branch_python_dop_operator_3.py took 0.059 seconds
[2025-09-27T23:36:45.709+0100] {processor.py:186} INFO - Started process (PID=23022) to work on /home/engineer/project/airflow_env/lib/python3.12/site-packages/airflow/example_dags/example_branch_python_dop_operator_3.py
[2025-09-27T23:36:45.716+0100] {processor.py:914} INFO - Processing file /home/engineer/project/airflow_env/lib/python3.12/site-packages/airflow/example_dags/example_branch_python_dop_operator_3.py for tasks to queue
[2025-09-27T23:36:45.717+0100] {logging_mixin.py:190} INFO - [2025-09-27T23:36:45.717+0100] {dagbag.py:588} INFO - Filling up the DagBag from /home/engineer/project/airflow_env/lib/python3.12/site-packages/airflow/example_dags/example_branch_python_dop_operator_3.py
[2025-09-27T23:36:45.725+0100] {processor.py:925} INFO - DAG(s) 'example_branch_dop_operator_v3' retrieved from /home/engineer/project/airflow_env/lib/python3.12/site-packages/airflow/example_dags/example_branch_python_dop_operator_3.py
[2025-09-27T23:36:45.736+0100] {logging_mixin.py:190} INFO - [2025-09-27T23:36:45.735+0100] {dag.py:3239} INFO - Sync 1 DAGs
[2025-09-27T23:36:45.750+0100] {logging_mixin.py:190} INFO - [2025-09-27T23:36:45.750+0100] {dag.py:4180} INFO - Setting next_dagrun for example_branch_dop_operator_v3 to 2025-09-27 22:35:00+00:00, run_after=2025-09-27 22:36:00+00:00
[2025-09-27T23:36:45.768+0100] {processor.py:208} INFO - Processing /home/engineer/project/airflow_env/lib/python3.12/site-packages/airflow/example_dags/example_branch_python_dop_operator_3.py took 0.062 seconds
[2025-09-27T23:38:32.923+0100] {processor.py:186} INFO - Started process (PID=23355) to work on /home/engineer/project/airflow_env/lib/python3.12/site-packages/airflow/example_dags/example_branch_python_dop_operator_3.py
[2025-09-27T23:38:32.925+0100] {processor.py:914} INFO - Processing file /home/engineer/project/airflow_env/lib/python3.12/site-packages/airflow/example_dags/example_branch_python_dop_operator_3.py for tasks to queue
[2025-09-27T23:38:32.926+0100] {logging_mixin.py:190} INFO - [2025-09-27T23:38:32.925+0100] {dagbag.py:588} INFO - Filling up the DagBag from /home/engineer/project/airflow_env/lib/python3.12/site-packages/airflow/example_dags/example_branch_python_dop_operator_3.py
[2025-09-27T23:38:32.935+0100] {processor.py:925} INFO - DAG(s) 'example_branch_dop_operator_v3' retrieved from /home/engineer/project/airflow_env/lib/python3.12/site-packages/airflow/example_dags/example_branch_python_dop_operator_3.py
[2025-09-27T23:38:32.947+0100] {logging_mixin.py:190} INFO - [2025-09-27T23:38:32.947+0100] {dag.py:3239} INFO - Sync 1 DAGs
[2025-09-27T23:38:32.963+0100] {logging_mixin.py:190} INFO - [2025-09-27T23:38:32.963+0100] {dag.py:4180} INFO - Setting next_dagrun for example_branch_dop_operator_v3 to 2025-09-27 22:37:00+00:00, run_after=2025-09-27 22:38:00+00:00
[2025-09-27T23:38:32.981+0100] {processor.py:208} INFO - Processing /home/engineer/project/airflow_env/lib/python3.12/site-packages/airflow/example_dags/example_branch_python_dop_operator_3.py took 0.062 seconds
[2025-09-27T23:39:48.018+0100] {processor.py:186} INFO - Started process (PID=23654) to work on /home/engineer/project/airflow_env/lib/python3.12/site-packages/airflow/example_dags/example_branch_python_dop_operator_3.py
[2025-09-27T23:39:48.019+0100] {processor.py:914} INFO - Processing file /home/engineer/project/airflow_env/lib/python3.12/site-packages/airflow/example_dags/example_branch_python_dop_operator_3.py for tasks to queue
[2025-09-27T23:39:48.020+0100] {logging_mixin.py:190} INFO - [2025-09-27T23:39:48.020+0100] {dagbag.py:588} INFO - Filling up the DagBag from /home/engineer/project/airflow_env/lib/python3.12/site-packages/airflow/example_dags/example_branch_python_dop_operator_3.py
[2025-09-27T23:39:48.027+0100] {processor.py:925} INFO - DAG(s) 'example_branch_dop_operator_v3' retrieved from /home/engineer/project/airflow_env/lib/python3.12/site-packages/airflow/example_dags/example_branch_python_dop_operator_3.py
[2025-09-27T23:39:48.038+0100] {logging_mixin.py:190} INFO - [2025-09-27T23:39:48.038+0100] {dag.py:3239} INFO - Sync 1 DAGs
[2025-09-27T23:39:48.056+0100] {logging_mixin.py:190} INFO - [2025-09-27T23:39:48.056+0100] {dag.py:4180} INFO - Setting next_dagrun for example_branch_dop_operator_v3 to 2025-09-27 22:38:00+00:00, run_after=2025-09-27 22:39:00+00:00
[2025-09-27T23:39:48.073+0100] {processor.py:208} INFO - Processing /home/engineer/project/airflow_env/lib/python3.12/site-packages/airflow/example_dags/example_branch_python_dop_operator_3.py took 0.059 seconds
[2025-09-27T23:41:01.060+0100] {processor.py:186} INFO - Started process (PID=23941) to work on /home/engineer/project/airflow_env/lib/python3.12/site-packages/airflow/example_dags/example_branch_python_dop_operator_3.py
[2025-09-27T23:41:01.067+0100] {processor.py:914} INFO - Processing file /home/engineer/project/airflow_env/lib/python3.12/site-packages/airflow/example_dags/example_branch_python_dop_operator_3.py for tasks to queue
[2025-09-27T23:41:01.069+0100] {logging_mixin.py:190} INFO - [2025-09-27T23:41:01.068+0100] {dagbag.py:588} INFO - Filling up the DagBag from /home/engineer/project/airflow_env/lib/python3.12/site-packages/airflow/example_dags/example_branch_python_dop_operator_3.py
[2025-09-27T23:41:01.080+0100] {processor.py:925} INFO - DAG(s) 'example_branch_dop_operator_v3' retrieved from /home/engineer/project/airflow_env/lib/python3.12/site-packages/airflow/example_dags/example_branch_python_dop_operator_3.py
[2025-09-27T23:41:01.097+0100] {logging_mixin.py:190} INFO - [2025-09-27T23:41:01.097+0100] {dag.py:3239} INFO - Sync 1 DAGs
[2025-09-27T23:41:01.125+0100] {logging_mixin.py:190} INFO - [2025-09-27T23:41:01.125+0100] {dag.py:4180} INFO - Setting next_dagrun for example_branch_dop_operator_v3 to 2025-09-27 22:40:00+00:00, run_after=2025-09-27 22:41:00+00:00
[2025-09-27T23:41:01.150+0100] {processor.py:208} INFO - Processing /home/engineer/project/airflow_env/lib/python3.12/site-packages/airflow/example_dags/example_branch_python_dop_operator_3.py took 0.095 seconds
[2025-09-27T23:42:16.756+0100] {processor.py:186} INFO - Started process (PID=24265) to work on /home/engineer/project/airflow_env/lib/python3.12/site-packages/airflow/example_dags/example_branch_python_dop_operator_3.py
[2025-09-27T23:42:16.764+0100] {processor.py:914} INFO - Processing file /home/engineer/project/airflow_env/lib/python3.12/site-packages/airflow/example_dags/example_branch_python_dop_operator_3.py for tasks to queue
[2025-09-27T23:42:16.766+0100] {logging_mixin.py:190} INFO - [2025-09-27T23:42:16.765+0100] {dagbag.py:588} INFO - Filling up the DagBag from /home/engineer/project/airflow_env/lib/python3.12/site-packages/airflow/example_dags/example_branch_python_dop_operator_3.py
[2025-09-27T23:42:16.778+0100] {processor.py:925} INFO - DAG(s) 'example_branch_dop_operator_v3' retrieved from /home/engineer/project/airflow_env/lib/python3.12/site-packages/airflow/example_dags/example_branch_python_dop_operator_3.py
[2025-09-27T23:42:16.796+0100] {logging_mixin.py:190} INFO - [2025-09-27T23:42:16.796+0100] {dag.py:3239} INFO - Sync 1 DAGs
[2025-09-27T23:42:16.821+0100] {logging_mixin.py:190} INFO - [2025-09-27T23:42:16.821+0100] {dag.py:4180} INFO - Setting next_dagrun for example_branch_dop_operator_v3 to 2025-09-27 22:41:00+00:00, run_after=2025-09-27 22:42:00+00:00
[2025-09-27T23:42:16.843+0100] {processor.py:208} INFO - Processing /home/engineer/project/airflow_env/lib/python3.12/site-packages/airflow/example_dags/example_branch_python_dop_operator_3.py took 0.093 seconds
[2025-09-27T23:43:34.799+0100] {processor.py:186} INFO - Started process (PID=24637) to work on /home/engineer/project/airflow_env/lib/python3.12/site-packages/airflow/example_dags/example_branch_python_dop_operator_3.py
[2025-09-27T23:43:34.806+0100] {processor.py:914} INFO - Processing file /home/engineer/project/airflow_env/lib/python3.12/site-packages/airflow/example_dags/example_branch_python_dop_operator_3.py for tasks to queue
[2025-09-27T23:43:34.807+0100] {logging_mixin.py:190} INFO - [2025-09-27T23:43:34.807+0100] {dagbag.py:588} INFO - Filling up the DagBag from /home/engineer/project/airflow_env/lib/python3.12/site-packages/airflow/example_dags/example_branch_python_dop_operator_3.py
[2025-09-27T23:43:34.815+0100] {processor.py:925} INFO - DAG(s) 'example_branch_dop_operator_v3' retrieved from /home/engineer/project/airflow_env/lib/python3.12/site-packages/airflow/example_dags/example_branch_python_dop_operator_3.py
[2025-09-27T23:43:34.828+0100] {logging_mixin.py:190} INFO - [2025-09-27T23:43:34.828+0100] {dag.py:3239} INFO - Sync 1 DAGs
[2025-09-27T23:43:34.843+0100] {logging_mixin.py:190} INFO - [2025-09-27T23:43:34.843+0100] {dag.py:4180} INFO - Setting next_dagrun for example_branch_dop_operator_v3 to 2025-09-27 22:42:00+00:00, run_after=2025-09-27 22:43:00+00:00
[2025-09-27T23:43:34.861+0100] {processor.py:208} INFO - Processing /home/engineer/project/airflow_env/lib/python3.12/site-packages/airflow/example_dags/example_branch_python_dop_operator_3.py took 0.066 seconds
