[2025-09-27T23:26:52.333+0100] {processor.py:186} INFO - Started process (PID=19891) to work on /home/engineer/project/airflow_env/lib/python3.12/site-packages/airflow/example_dags/example_python_operator.py
[2025-09-27T23:26:52.334+0100] {processor.py:914} INFO - Processing file /home/engineer/project/airflow_env/lib/python3.12/site-packages/airflow/example_dags/example_python_operator.py for tasks to queue
[2025-09-27T23:26:52.336+0100] {logging_mixin.py:190} INFO - [2025-09-27T23:26:52.335+0100] {dagbag.py:588} INFO - Filling up the DagBag from /home/engineer/project/airflow_env/lib/python3.12/site-packages/airflow/example_dags/example_python_operator.py
[2025-09-27T23:26:52.360+0100] {logging_mixin.py:190} INFO - [2025-09-27T23:26:52.359+0100] {example_python_operator.py:93} WARNING - The virtalenv_python example task requires virtualenv, please install it.
[2025-09-27T23:26:52.361+0100] {processor.py:925} INFO - DAG(s) 'example_python_operator' retrieved from /home/engineer/project/airflow_env/lib/python3.12/site-packages/airflow/example_dags/example_python_operator.py
[2025-09-27T23:26:52.436+0100] {logging_mixin.py:190} INFO - [2025-09-27T23:26:52.436+0100] {override.py:1900} INFO - Created Permission View: can delete on DAG:example_python_operator
[2025-09-27T23:26:52.445+0100] {logging_mixin.py:190} INFO - [2025-09-27T23:26:52.445+0100] {override.py:1900} INFO - Created Permission View: can read on DAG:example_python_operator
[2025-09-27T23:26:52.452+0100] {logging_mixin.py:190} INFO - [2025-09-27T23:26:52.452+0100] {override.py:1900} INFO - Created Permission View: can edit on DAG:example_python_operator
[2025-09-27T23:26:52.461+0100] {logging_mixin.py:190} INFO - [2025-09-27T23:26:52.461+0100] {override.py:1900} INFO - Created Permission View: can delete on DAG Run:example_python_operator
[2025-09-27T23:26:52.466+0100] {logging_mixin.py:190} INFO - [2025-09-27T23:26:52.466+0100] {override.py:1900} INFO - Created Permission View: can read on DAG Run:example_python_operator
[2025-09-27T23:26:52.471+0100] {logging_mixin.py:190} INFO - [2025-09-27T23:26:52.471+0100] {override.py:1900} INFO - Created Permission View: can create on DAG Run:example_python_operator
[2025-09-27T23:26:52.476+0100] {logging_mixin.py:190} INFO - [2025-09-27T23:26:52.476+0100] {override.py:1900} INFO - Created Permission View: menu access on DAG Run:example_python_operator
[2025-09-27T23:26:52.476+0100] {logging_mixin.py:190} INFO - [2025-09-27T23:26:52.476+0100] {dag.py:3239} INFO - Sync 1 DAGs
[2025-09-27T23:26:52.483+0100] {logging_mixin.py:190} INFO - [2025-09-27T23:26:52.482+0100] {dag.py:3262} INFO - Creating ORM DAG for example_python_operator
[2025-09-27T23:26:52.483+0100] {logging_mixin.py:190} INFO - [2025-09-27T23:26:52.483+0100] {dag.py:4180} INFO - Setting next_dagrun for example_python_operator to None, run_after=None
[2025-09-27T23:26:52.496+0100] {processor.py:208} INFO - Processing /home/engineer/project/airflow_env/lib/python3.12/site-packages/airflow/example_dags/example_python_operator.py took 0.167 seconds
[2025-09-27T23:27:50.508+0100] {processor.py:186} INFO - Started process (PID=20165) to work on /home/engineer/project/airflow_env/lib/python3.12/site-packages/airflow/example_dags/example_python_operator.py
[2025-09-27T23:27:50.515+0100] {processor.py:914} INFO - Processing file /home/engineer/project/airflow_env/lib/python3.12/site-packages/airflow/example_dags/example_python_operator.py for tasks to queue
[2025-09-27T23:27:50.518+0100] {logging_mixin.py:190} INFO - [2025-09-27T23:27:50.517+0100] {dagbag.py:588} INFO - Filling up the DagBag from /home/engineer/project/airflow_env/lib/python3.12/site-packages/airflow/example_dags/example_python_operator.py
[2025-09-27T23:27:50.544+0100] {logging_mixin.py:190} INFO - [2025-09-27T23:27:50.544+0100] {example_python_operator.py:93} WARNING - The virtalenv_python example task requires virtualenv, please install it.
[2025-09-27T23:27:50.546+0100] {processor.py:925} INFO - DAG(s) 'example_python_operator' retrieved from /home/engineer/project/airflow_env/lib/python3.12/site-packages/airflow/example_dags/example_python_operator.py
[2025-09-27T23:27:50.557+0100] {logging_mixin.py:190} INFO - [2025-09-27T23:27:50.557+0100] {dag.py:3239} INFO - Sync 1 DAGs
[2025-09-27T23:27:50.565+0100] {logging_mixin.py:190} INFO - [2025-09-27T23:27:50.565+0100] {dag.py:4180} INFO - Setting next_dagrun for example_python_operator to None, run_after=None
[2025-09-27T23:27:50.582+0100] {processor.py:208} INFO - Processing /home/engineer/project/airflow_env/lib/python3.12/site-packages/airflow/example_dags/example_python_operator.py took 0.077 seconds
[2025-09-27T23:28:44.202+0100] {processor.py:186} INFO - Started process (PID=20391) to work on /home/engineer/project/airflow_env/lib/python3.12/site-packages/airflow/example_dags/example_python_operator.py
[2025-09-27T23:28:44.204+0100] {processor.py:914} INFO - Processing file /home/engineer/project/airflow_env/lib/python3.12/site-packages/airflow/example_dags/example_python_operator.py for tasks to queue
[2025-09-27T23:28:44.206+0100] {logging_mixin.py:190} INFO - [2025-09-27T23:28:44.206+0100] {dagbag.py:588} INFO - Filling up the DagBag from /home/engineer/project/airflow_env/lib/python3.12/site-packages/airflow/example_dags/example_python_operator.py
[2025-09-27T23:28:44.242+0100] {logging_mixin.py:190} INFO - [2025-09-27T23:28:44.242+0100] {example_python_operator.py:93} WARNING - The virtalenv_python example task requires virtualenv, please install it.
[2025-09-27T23:28:44.245+0100] {processor.py:925} INFO - DAG(s) 'example_python_operator' retrieved from /home/engineer/project/airflow_env/lib/python3.12/site-packages/airflow/example_dags/example_python_operator.py
[2025-09-27T23:28:44.259+0100] {logging_mixin.py:190} INFO - [2025-09-27T23:28:44.259+0100] {dag.py:3239} INFO - Sync 1 DAGs
[2025-09-27T23:28:44.271+0100] {logging_mixin.py:190} INFO - [2025-09-27T23:28:44.271+0100] {dag.py:4180} INFO - Setting next_dagrun for example_python_operator to None, run_after=None
[2025-09-27T23:28:44.289+0100] {processor.py:208} INFO - Processing /home/engineer/project/airflow_env/lib/python3.12/site-packages/airflow/example_dags/example_python_operator.py took 0.092 seconds
[2025-09-27T23:29:36.674+0100] {processor.py:186} INFO - Started process (PID=20602) to work on /home/engineer/project/airflow_env/lib/python3.12/site-packages/airflow/example_dags/example_python_operator.py
[2025-09-27T23:29:36.681+0100] {processor.py:914} INFO - Processing file /home/engineer/project/airflow_env/lib/python3.12/site-packages/airflow/example_dags/example_python_operator.py for tasks to queue
[2025-09-27T23:29:36.683+0100] {logging_mixin.py:190} INFO - [2025-09-27T23:29:36.682+0100] {dagbag.py:588} INFO - Filling up the DagBag from /home/engineer/project/airflow_env/lib/python3.12/site-packages/airflow/example_dags/example_python_operator.py
[2025-09-27T23:29:36.713+0100] {logging_mixin.py:190} INFO - [2025-09-27T23:29:36.713+0100] {example_python_operator.py:93} WARNING - The virtalenv_python example task requires virtualenv, please install it.
[2025-09-27T23:29:36.715+0100] {processor.py:925} INFO - DAG(s) 'example_python_operator' retrieved from /home/engineer/project/airflow_env/lib/python3.12/site-packages/airflow/example_dags/example_python_operator.py
[2025-09-27T23:29:36.729+0100] {logging_mixin.py:190} INFO - [2025-09-27T23:29:36.729+0100] {dag.py:3239} INFO - Sync 1 DAGs
[2025-09-27T23:29:36.737+0100] {logging_mixin.py:190} INFO - [2025-09-27T23:29:36.737+0100] {dag.py:4180} INFO - Setting next_dagrun for example_python_operator to None, run_after=None
[2025-09-27T23:29:36.755+0100] {processor.py:208} INFO - Processing /home/engineer/project/airflow_env/lib/python3.12/site-packages/airflow/example_dags/example_python_operator.py took 0.084 seconds
[2025-09-27T23:30:22.949+0100] {processor.py:186} INFO - Started process (PID=20801) to work on /home/engineer/project/airflow_env/lib/python3.12/site-packages/airflow/example_dags/example_python_operator.py
[2025-09-27T23:30:22.952+0100] {processor.py:914} INFO - Processing file /home/engineer/project/airflow_env/lib/python3.12/site-packages/airflow/example_dags/example_python_operator.py for tasks to queue
[2025-09-27T23:30:22.955+0100] {logging_mixin.py:190} INFO - [2025-09-27T23:30:22.955+0100] {dagbag.py:588} INFO - Filling up the DagBag from /home/engineer/project/airflow_env/lib/python3.12/site-packages/airflow/example_dags/example_python_operator.py
[2025-09-27T23:30:22.989+0100] {logging_mixin.py:190} INFO - [2025-09-27T23:30:22.989+0100] {example_python_operator.py:93} WARNING - The virtalenv_python example task requires virtualenv, please install it.
[2025-09-27T23:30:22.991+0100] {processor.py:925} INFO - DAG(s) 'example_python_operator' retrieved from /home/engineer/project/airflow_env/lib/python3.12/site-packages/airflow/example_dags/example_python_operator.py
[2025-09-27T23:30:23.011+0100] {logging_mixin.py:190} INFO - [2025-09-27T23:30:23.010+0100] {dag.py:3239} INFO - Sync 1 DAGs
[2025-09-27T23:30:23.023+0100] {logging_mixin.py:190} INFO - [2025-09-27T23:30:23.023+0100] {dag.py:4180} INFO - Setting next_dagrun for example_python_operator to None, run_after=None
[2025-09-27T23:30:23.047+0100] {processor.py:208} INFO - Processing /home/engineer/project/airflow_env/lib/python3.12/site-packages/airflow/example_dags/example_python_operator.py took 0.104 seconds
[2025-09-27T23:31:11.142+0100] {processor.py:186} INFO - Started process (PID=21554) to work on /home/engineer/project/airflow_env/lib/python3.12/site-packages/airflow/example_dags/example_python_operator.py
[2025-09-27T23:31:11.143+0100] {processor.py:914} INFO - Processing file /home/engineer/project/airflow_env/lib/python3.12/site-packages/airflow/example_dags/example_python_operator.py for tasks to queue
[2025-09-27T23:31:11.144+0100] {logging_mixin.py:190} INFO - [2025-09-27T23:31:11.144+0100] {dagbag.py:588} INFO - Filling up the DagBag from /home/engineer/project/airflow_env/lib/python3.12/site-packages/airflow/example_dags/example_python_operator.py
[2025-09-27T23:31:11.179+0100] {logging_mixin.py:190} INFO - [2025-09-27T23:31:11.178+0100] {example_python_operator.py:93} WARNING - The virtalenv_python example task requires virtualenv, please install it.
[2025-09-27T23:31:11.181+0100] {processor.py:925} INFO - DAG(s) 'example_python_operator' retrieved from /home/engineer/project/airflow_env/lib/python3.12/site-packages/airflow/example_dags/example_python_operator.py
[2025-09-27T23:31:11.197+0100] {logging_mixin.py:190} INFO - [2025-09-27T23:31:11.197+0100] {dag.py:3239} INFO - Sync 1 DAGs
[2025-09-27T23:31:11.208+0100] {logging_mixin.py:190} INFO - [2025-09-27T23:31:11.208+0100] {dag.py:4180} INFO - Setting next_dagrun for example_python_operator to None, run_after=None
[2025-09-27T23:31:11.329+0100] {processor.py:208} INFO - Processing /home/engineer/project/airflow_env/lib/python3.12/site-packages/airflow/example_dags/example_python_operator.py took 0.196 seconds
[2025-09-27T23:32:06.026+0100] {processor.py:186} INFO - Started process (PID=21854) to work on /home/engineer/project/airflow_env/lib/python3.12/site-packages/airflow/example_dags/example_python_operator.py
[2025-09-27T23:32:06.027+0100] {processor.py:914} INFO - Processing file /home/engineer/project/airflow_env/lib/python3.12/site-packages/airflow/example_dags/example_python_operator.py for tasks to queue
[2025-09-27T23:32:06.029+0100] {logging_mixin.py:190} INFO - [2025-09-27T23:32:06.029+0100] {dagbag.py:588} INFO - Filling up the DagBag from /home/engineer/project/airflow_env/lib/python3.12/site-packages/airflow/example_dags/example_python_operator.py
[2025-09-27T23:32:06.055+0100] {logging_mixin.py:190} INFO - [2025-09-27T23:32:06.054+0100] {example_python_operator.py:93} WARNING - The virtalenv_python example task requires virtualenv, please install it.
[2025-09-27T23:32:06.057+0100] {processor.py:925} INFO - DAG(s) 'example_python_operator' retrieved from /home/engineer/project/airflow_env/lib/python3.12/site-packages/airflow/example_dags/example_python_operator.py
[2025-09-27T23:32:06.071+0100] {logging_mixin.py:190} INFO - [2025-09-27T23:32:06.071+0100] {dag.py:3239} INFO - Sync 1 DAGs
[2025-09-27T23:32:06.080+0100] {logging_mixin.py:190} INFO - [2025-09-27T23:32:06.080+0100] {dag.py:4180} INFO - Setting next_dagrun for example_python_operator to None, run_after=None
[2025-09-27T23:32:06.100+0100] {processor.py:208} INFO - Processing /home/engineer/project/airflow_env/lib/python3.12/site-packages/airflow/example_dags/example_python_operator.py took 0.078 seconds
[2025-09-27T23:32:55.698+0100] {processor.py:186} INFO - Started process (PID=22088) to work on /home/engineer/project/airflow_env/lib/python3.12/site-packages/airflow/example_dags/example_python_operator.py
[2025-09-27T23:32:55.705+0100] {processor.py:914} INFO - Processing file /home/engineer/project/airflow_env/lib/python3.12/site-packages/airflow/example_dags/example_python_operator.py for tasks to queue
[2025-09-27T23:32:55.707+0100] {logging_mixin.py:190} INFO - [2025-09-27T23:32:55.706+0100] {dagbag.py:588} INFO - Filling up the DagBag from /home/engineer/project/airflow_env/lib/python3.12/site-packages/airflow/example_dags/example_python_operator.py
[2025-09-27T23:32:55.740+0100] {logging_mixin.py:190} INFO - [2025-09-27T23:32:55.739+0100] {example_python_operator.py:93} WARNING - The virtalenv_python example task requires virtualenv, please install it.
[2025-09-27T23:32:55.742+0100] {processor.py:925} INFO - DAG(s) 'example_python_operator' retrieved from /home/engineer/project/airflow_env/lib/python3.12/site-packages/airflow/example_dags/example_python_operator.py
[2025-09-27T23:32:55.756+0100] {logging_mixin.py:190} INFO - [2025-09-27T23:32:55.756+0100] {dag.py:3239} INFO - Sync 1 DAGs
[2025-09-27T23:32:55.766+0100] {logging_mixin.py:190} INFO - [2025-09-27T23:32:55.766+0100] {dag.py:4180} INFO - Setting next_dagrun for example_python_operator to None, run_after=None
[2025-09-27T23:32:55.781+0100] {processor.py:208} INFO - Processing /home/engineer/project/airflow_env/lib/python3.12/site-packages/airflow/example_dags/example_python_operator.py took 0.087 seconds
[2025-09-27T23:33:44.606+0100] {processor.py:186} INFO - Started process (PID=22275) to work on /home/engineer/project/airflow_env/lib/python3.12/site-packages/airflow/example_dags/example_python_operator.py
[2025-09-27T23:33:44.613+0100] {processor.py:914} INFO - Processing file /home/engineer/project/airflow_env/lib/python3.12/site-packages/airflow/example_dags/example_python_operator.py for tasks to queue
[2025-09-27T23:33:44.615+0100] {logging_mixin.py:190} INFO - [2025-09-27T23:33:44.615+0100] {dagbag.py:588} INFO - Filling up the DagBag from /home/engineer/project/airflow_env/lib/python3.12/site-packages/airflow/example_dags/example_python_operator.py
[2025-09-27T23:33:44.647+0100] {logging_mixin.py:190} INFO - [2025-09-27T23:33:44.647+0100] {example_python_operator.py:93} WARNING - The virtalenv_python example task requires virtualenv, please install it.
[2025-09-27T23:33:44.650+0100] {processor.py:925} INFO - DAG(s) 'example_python_operator' retrieved from /home/engineer/project/airflow_env/lib/python3.12/site-packages/airflow/example_dags/example_python_operator.py
[2025-09-27T23:33:44.665+0100] {logging_mixin.py:190} INFO - [2025-09-27T23:33:44.665+0100] {dag.py:3239} INFO - Sync 1 DAGs
[2025-09-27T23:33:44.676+0100] {logging_mixin.py:190} INFO - [2025-09-27T23:33:44.676+0100] {dag.py:4180} INFO - Setting next_dagrun for example_python_operator to None, run_after=None
[2025-09-27T23:33:44.697+0100] {processor.py:208} INFO - Processing /home/engineer/project/airflow_env/lib/python3.12/site-packages/airflow/example_dags/example_python_operator.py took 0.095 seconds
[2025-09-27T23:34:35.274+0100] {processor.py:186} INFO - Started process (PID=22477) to work on /home/engineer/project/airflow_env/lib/python3.12/site-packages/airflow/example_dags/example_python_operator.py
[2025-09-27T23:34:35.281+0100] {processor.py:914} INFO - Processing file /home/engineer/project/airflow_env/lib/python3.12/site-packages/airflow/example_dags/example_python_operator.py for tasks to queue
[2025-09-27T23:34:35.283+0100] {logging_mixin.py:190} INFO - [2025-09-27T23:34:35.283+0100] {dagbag.py:588} INFO - Filling up the DagBag from /home/engineer/project/airflow_env/lib/python3.12/site-packages/airflow/example_dags/example_python_operator.py
[2025-09-27T23:34:35.311+0100] {logging_mixin.py:190} INFO - [2025-09-27T23:34:35.311+0100] {example_python_operator.py:93} WARNING - The virtalenv_python example task requires virtualenv, please install it.
[2025-09-27T23:34:35.314+0100] {processor.py:925} INFO - DAG(s) 'example_python_operator' retrieved from /home/engineer/project/airflow_env/lib/python3.12/site-packages/airflow/example_dags/example_python_operator.py
[2025-09-27T23:34:35.327+0100] {logging_mixin.py:190} INFO - [2025-09-27T23:34:35.327+0100] {dag.py:3239} INFO - Sync 1 DAGs
[2025-09-27T23:34:35.337+0100] {logging_mixin.py:190} INFO - [2025-09-27T23:34:35.337+0100] {dag.py:4180} INFO - Setting next_dagrun for example_python_operator to None, run_after=None
[2025-09-27T23:34:35.356+0100] {processor.py:208} INFO - Processing /home/engineer/project/airflow_env/lib/python3.12/site-packages/airflow/example_dags/example_python_operator.py took 0.086 seconds
[2025-09-27T23:35:22.439+0100] {processor.py:186} INFO - Started process (PID=22666) to work on /home/engineer/project/airflow_env/lib/python3.12/site-packages/airflow/example_dags/example_python_operator.py
[2025-09-27T23:35:22.446+0100] {processor.py:914} INFO - Processing file /home/engineer/project/airflow_env/lib/python3.12/site-packages/airflow/example_dags/example_python_operator.py for tasks to queue
[2025-09-27T23:35:22.447+0100] {logging_mixin.py:190} INFO - [2025-09-27T23:35:22.447+0100] {dagbag.py:588} INFO - Filling up the DagBag from /home/engineer/project/airflow_env/lib/python3.12/site-packages/airflow/example_dags/example_python_operator.py
[2025-09-27T23:35:22.472+0100] {logging_mixin.py:190} INFO - [2025-09-27T23:35:22.471+0100] {example_python_operator.py:93} WARNING - The virtalenv_python example task requires virtualenv, please install it.
[2025-09-27T23:35:22.473+0100] {processor.py:925} INFO - DAG(s) 'example_python_operator' retrieved from /home/engineer/project/airflow_env/lib/python3.12/site-packages/airflow/example_dags/example_python_operator.py
[2025-09-27T23:35:22.485+0100] {logging_mixin.py:190} INFO - [2025-09-27T23:35:22.485+0100] {dag.py:3239} INFO - Sync 1 DAGs
[2025-09-27T23:35:22.494+0100] {logging_mixin.py:190} INFO - [2025-09-27T23:35:22.494+0100] {dag.py:4180} INFO - Setting next_dagrun for example_python_operator to None, run_after=None
[2025-09-27T23:35:22.512+0100] {processor.py:208} INFO - Processing /home/engineer/project/airflow_env/lib/python3.12/site-packages/airflow/example_dags/example_python_operator.py took 0.077 seconds
[2025-09-27T23:36:12.060+0100] {processor.py:186} INFO - Started process (PID=22866) to work on /home/engineer/project/airflow_env/lib/python3.12/site-packages/airflow/example_dags/example_python_operator.py
[2025-09-27T23:36:12.067+0100] {processor.py:914} INFO - Processing file /home/engineer/project/airflow_env/lib/python3.12/site-packages/airflow/example_dags/example_python_operator.py for tasks to queue
[2025-09-27T23:36:12.068+0100] {logging_mixin.py:190} INFO - [2025-09-27T23:36:12.068+0100] {dagbag.py:588} INFO - Filling up the DagBag from /home/engineer/project/airflow_env/lib/python3.12/site-packages/airflow/example_dags/example_python_operator.py
[2025-09-27T23:36:12.094+0100] {logging_mixin.py:190} INFO - [2025-09-27T23:36:12.094+0100] {example_python_operator.py:93} WARNING - The virtalenv_python example task requires virtualenv, please install it.
[2025-09-27T23:36:12.096+0100] {processor.py:925} INFO - DAG(s) 'example_python_operator' retrieved from /home/engineer/project/airflow_env/lib/python3.12/site-packages/airflow/example_dags/example_python_operator.py
[2025-09-27T23:36:12.109+0100] {logging_mixin.py:190} INFO - [2025-09-27T23:36:12.108+0100] {dag.py:3239} INFO - Sync 1 DAGs
[2025-09-27T23:36:12.117+0100] {logging_mixin.py:190} INFO - [2025-09-27T23:36:12.117+0100] {dag.py:4180} INFO - Setting next_dagrun for example_python_operator to None, run_after=None
[2025-09-27T23:36:12.133+0100] {processor.py:208} INFO - Processing /home/engineer/project/airflow_env/lib/python3.12/site-packages/airflow/example_dags/example_python_operator.py took 0.077 seconds
[2025-09-27T23:37:01.117+0100] {processor.py:186} INFO - Started process (PID=23086) to work on /home/engineer/project/airflow_env/lib/python3.12/site-packages/airflow/example_dags/example_python_operator.py
[2025-09-27T23:37:01.118+0100] {processor.py:914} INFO - Processing file /home/engineer/project/airflow_env/lib/python3.12/site-packages/airflow/example_dags/example_python_operator.py for tasks to queue
[2025-09-27T23:37:01.119+0100] {logging_mixin.py:190} INFO - [2025-09-27T23:37:01.119+0100] {dagbag.py:588} INFO - Filling up the DagBag from /home/engineer/project/airflow_env/lib/python3.12/site-packages/airflow/example_dags/example_python_operator.py
[2025-09-27T23:37:01.145+0100] {logging_mixin.py:190} INFO - [2025-09-27T23:37:01.145+0100] {example_python_operator.py:93} WARNING - The virtalenv_python example task requires virtualenv, please install it.
[2025-09-27T23:37:01.147+0100] {processor.py:925} INFO - DAG(s) 'example_python_operator' retrieved from /home/engineer/project/airflow_env/lib/python3.12/site-packages/airflow/example_dags/example_python_operator.py
[2025-09-27T23:37:01.159+0100] {logging_mixin.py:190} INFO - [2025-09-27T23:37:01.159+0100] {dag.py:3239} INFO - Sync 1 DAGs
[2025-09-27T23:37:01.168+0100] {logging_mixin.py:190} INFO - [2025-09-27T23:37:01.168+0100] {dag.py:4180} INFO - Setting next_dagrun for example_python_operator to None, run_after=None
[2025-09-27T23:37:01.185+0100] {processor.py:208} INFO - Processing /home/engineer/project/airflow_env/lib/python3.12/site-packages/airflow/example_dags/example_python_operator.py took 0.072 seconds
[2025-09-27T23:37:48.501+0100] {processor.py:186} INFO - Started process (PID=23293) to work on /home/engineer/project/airflow_env/lib/python3.12/site-packages/airflow/example_dags/example_python_operator.py
[2025-09-27T23:37:48.503+0100] {processor.py:914} INFO - Processing file /home/engineer/project/airflow_env/lib/python3.12/site-packages/airflow/example_dags/example_python_operator.py for tasks to queue
[2025-09-27T23:37:48.504+0100] {logging_mixin.py:190} INFO - [2025-09-27T23:37:48.504+0100] {dagbag.py:588} INFO - Filling up the DagBag from /home/engineer/project/airflow_env/lib/python3.12/site-packages/airflow/example_dags/example_python_operator.py
[2025-09-27T23:37:48.541+0100] {logging_mixin.py:190} INFO - [2025-09-27T23:37:48.541+0100] {example_python_operator.py:93} WARNING - The virtalenv_python example task requires virtualenv, please install it.
[2025-09-27T23:37:48.544+0100] {processor.py:925} INFO - DAG(s) 'example_python_operator' retrieved from /home/engineer/project/airflow_env/lib/python3.12/site-packages/airflow/example_dags/example_python_operator.py
[2025-09-27T23:37:48.558+0100] {logging_mixin.py:190} INFO - [2025-09-27T23:37:48.558+0100] {dag.py:3239} INFO - Sync 1 DAGs
[2025-09-27T23:37:48.568+0100] {logging_mixin.py:190} INFO - [2025-09-27T23:37:48.568+0100] {dag.py:4180} INFO - Setting next_dagrun for example_python_operator to None, run_after=None
[2025-09-27T23:37:48.587+0100] {processor.py:208} INFO - Processing /home/engineer/project/airflow_env/lib/python3.12/site-packages/airflow/example_dags/example_python_operator.py took 0.091 seconds
[2025-09-27T23:39:07.941+0100] {processor.py:186} INFO - Started process (PID=23491) to work on /home/engineer/project/airflow_env/lib/python3.12/site-packages/airflow/example_dags/example_python_operator.py
[2025-09-27T23:39:07.948+0100] {processor.py:914} INFO - Processing file /home/engineer/project/airflow_env/lib/python3.12/site-packages/airflow/example_dags/example_python_operator.py for tasks to queue
[2025-09-27T23:39:07.949+0100] {logging_mixin.py:190} INFO - [2025-09-27T23:39:07.949+0100] {dagbag.py:588} INFO - Filling up the DagBag from /home/engineer/project/airflow_env/lib/python3.12/site-packages/airflow/example_dags/example_python_operator.py
[2025-09-27T23:39:07.981+0100] {logging_mixin.py:190} INFO - [2025-09-27T23:39:07.981+0100] {example_python_operator.py:93} WARNING - The virtalenv_python example task requires virtualenv, please install it.
[2025-09-27T23:39:07.983+0100] {processor.py:925} INFO - DAG(s) 'example_python_operator' retrieved from /home/engineer/project/airflow_env/lib/python3.12/site-packages/airflow/example_dags/example_python_operator.py
[2025-09-27T23:39:07.996+0100] {logging_mixin.py:190} INFO - [2025-09-27T23:39:07.996+0100] {dag.py:3239} INFO - Sync 1 DAGs
[2025-09-27T23:39:08.005+0100] {logging_mixin.py:190} INFO - [2025-09-27T23:39:08.005+0100] {dag.py:4180} INFO - Setting next_dagrun for example_python_operator to None, run_after=None
[2025-09-27T23:39:08.021+0100] {processor.py:208} INFO - Processing /home/engineer/project/airflow_env/lib/python3.12/site-packages/airflow/example_dags/example_python_operator.py took 0.084 seconds
[2025-09-27T23:40:01.165+0100] {processor.py:186} INFO - Started process (PID=23704) to work on /home/engineer/project/airflow_env/lib/python3.12/site-packages/airflow/example_dags/example_python_operator.py
[2025-09-27T23:40:01.171+0100] {processor.py:914} INFO - Processing file /home/engineer/project/airflow_env/lib/python3.12/site-packages/airflow/example_dags/example_python_operator.py for tasks to queue
[2025-09-27T23:40:01.172+0100] {logging_mixin.py:190} INFO - [2025-09-27T23:40:01.172+0100] {dagbag.py:588} INFO - Filling up the DagBag from /home/engineer/project/airflow_env/lib/python3.12/site-packages/airflow/example_dags/example_python_operator.py
[2025-09-27T23:40:01.200+0100] {logging_mixin.py:190} INFO - [2025-09-27T23:40:01.200+0100] {example_python_operator.py:93} WARNING - The virtalenv_python example task requires virtualenv, please install it.
[2025-09-27T23:40:01.202+0100] {processor.py:925} INFO - DAG(s) 'example_python_operator' retrieved from /home/engineer/project/airflow_env/lib/python3.12/site-packages/airflow/example_dags/example_python_operator.py
[2025-09-27T23:40:01.214+0100] {logging_mixin.py:190} INFO - [2025-09-27T23:40:01.214+0100] {dag.py:3239} INFO - Sync 1 DAGs
[2025-09-27T23:40:01.223+0100] {logging_mixin.py:190} INFO - [2025-09-27T23:40:01.223+0100] {dag.py:4180} INFO - Setting next_dagrun for example_python_operator to None, run_after=None
[2025-09-27T23:40:01.239+0100] {processor.py:208} INFO - Processing /home/engineer/project/airflow_env/lib/python3.12/site-packages/airflow/example_dags/example_python_operator.py took 0.078 seconds
[2025-09-27T23:40:50.824+0100] {processor.py:186} INFO - Started process (PID=23900) to work on /home/engineer/project/airflow_env/lib/python3.12/site-packages/airflow/example_dags/example_python_operator.py
[2025-09-27T23:40:50.831+0100] {processor.py:914} INFO - Processing file /home/engineer/project/airflow_env/lib/python3.12/site-packages/airflow/example_dags/example_python_operator.py for tasks to queue
[2025-09-27T23:40:50.832+0100] {logging_mixin.py:190} INFO - [2025-09-27T23:40:50.832+0100] {dagbag.py:588} INFO - Filling up the DagBag from /home/engineer/project/airflow_env/lib/python3.12/site-packages/airflow/example_dags/example_python_operator.py
[2025-09-27T23:40:50.862+0100] {logging_mixin.py:190} INFO - [2025-09-27T23:40:50.862+0100] {example_python_operator.py:93} WARNING - The virtalenv_python example task requires virtualenv, please install it.
[2025-09-27T23:40:50.865+0100] {processor.py:925} INFO - DAG(s) 'example_python_operator' retrieved from /home/engineer/project/airflow_env/lib/python3.12/site-packages/airflow/example_dags/example_python_operator.py
[2025-09-27T23:40:50.882+0100] {logging_mixin.py:190} INFO - [2025-09-27T23:40:50.881+0100] {dag.py:3239} INFO - Sync 1 DAGs
[2025-09-27T23:40:50.899+0100] {logging_mixin.py:190} INFO - [2025-09-27T23:40:50.899+0100] {dag.py:4180} INFO - Setting next_dagrun for example_python_operator to None, run_after=None
[2025-09-27T23:40:50.926+0100] {processor.py:208} INFO - Processing /home/engineer/project/airflow_env/lib/python3.12/site-packages/airflow/example_dags/example_python_operator.py took 0.108 seconds
[2025-09-27T23:41:40.050+0100] {processor.py:186} INFO - Started process (PID=24097) to work on /home/engineer/project/airflow_env/lib/python3.12/site-packages/airflow/example_dags/example_python_operator.py
[2025-09-27T23:41:40.051+0100] {processor.py:914} INFO - Processing file /home/engineer/project/airflow_env/lib/python3.12/site-packages/airflow/example_dags/example_python_operator.py for tasks to queue
[2025-09-27T23:41:40.052+0100] {logging_mixin.py:190} INFO - [2025-09-27T23:41:40.052+0100] {dagbag.py:588} INFO - Filling up the DagBag from /home/engineer/project/airflow_env/lib/python3.12/site-packages/airflow/example_dags/example_python_operator.py
[2025-09-27T23:41:40.080+0100] {logging_mixin.py:190} INFO - [2025-09-27T23:41:40.079+0100] {example_python_operator.py:93} WARNING - The virtalenv_python example task requires virtualenv, please install it.
[2025-09-27T23:41:40.082+0100] {processor.py:925} INFO - DAG(s) 'example_python_operator' retrieved from /home/engineer/project/airflow_env/lib/python3.12/site-packages/airflow/example_dags/example_python_operator.py
[2025-09-27T23:41:40.095+0100] {logging_mixin.py:190} INFO - [2025-09-27T23:41:40.095+0100] {dag.py:3239} INFO - Sync 1 DAGs
[2025-09-27T23:41:40.106+0100] {logging_mixin.py:190} INFO - [2025-09-27T23:41:40.106+0100] {dag.py:4180} INFO - Setting next_dagrun for example_python_operator to None, run_after=None
[2025-09-27T23:41:40.124+0100] {processor.py:208} INFO - Processing /home/engineer/project/airflow_env/lib/python3.12/site-packages/airflow/example_dags/example_python_operator.py took 0.079 seconds
[2025-09-27T23:42:31.590+0100] {processor.py:186} INFO - Started process (PID=24323) to work on /home/engineer/project/airflow_env/lib/python3.12/site-packages/airflow/example_dags/example_python_operator.py
[2025-09-27T23:42:31.597+0100] {processor.py:914} INFO - Processing file /home/engineer/project/airflow_env/lib/python3.12/site-packages/airflow/example_dags/example_python_operator.py for tasks to queue
[2025-09-27T23:42:31.598+0100] {logging_mixin.py:190} INFO - [2025-09-27T23:42:31.598+0100] {dagbag.py:588} INFO - Filling up the DagBag from /home/engineer/project/airflow_env/lib/python3.12/site-packages/airflow/example_dags/example_python_operator.py
[2025-09-27T23:42:31.632+0100] {logging_mixin.py:190} INFO - [2025-09-27T23:42:31.632+0100] {example_python_operator.py:93} WARNING - The virtalenv_python example task requires virtualenv, please install it.
[2025-09-27T23:42:31.636+0100] {processor.py:925} INFO - DAG(s) 'example_python_operator' retrieved from /home/engineer/project/airflow_env/lib/python3.12/site-packages/airflow/example_dags/example_python_operator.py
[2025-09-27T23:42:31.658+0100] {logging_mixin.py:190} INFO - [2025-09-27T23:42:31.658+0100] {dag.py:3239} INFO - Sync 1 DAGs
[2025-09-27T23:42:31.673+0100] {logging_mixin.py:190} INFO - [2025-09-27T23:42:31.673+0100] {dag.py:4180} INFO - Setting next_dagrun for example_python_operator to None, run_after=None
[2025-09-27T23:42:31.696+0100] {processor.py:208} INFO - Processing /home/engineer/project/airflow_env/lib/python3.12/site-packages/airflow/example_dags/example_python_operator.py took 0.112 seconds
[2025-09-27T23:43:23.003+0100] {processor.py:186} INFO - Started process (PID=24586) to work on /home/engineer/project/airflow_env/lib/python3.12/site-packages/airflow/example_dags/example_python_operator.py
[2025-09-27T23:43:23.010+0100] {processor.py:914} INFO - Processing file /home/engineer/project/airflow_env/lib/python3.12/site-packages/airflow/example_dags/example_python_operator.py for tasks to queue
[2025-09-27T23:43:23.012+0100] {logging_mixin.py:190} INFO - [2025-09-27T23:43:23.011+0100] {dagbag.py:588} INFO - Filling up the DagBag from /home/engineer/project/airflow_env/lib/python3.12/site-packages/airflow/example_dags/example_python_operator.py
[2025-09-27T23:43:23.042+0100] {logging_mixin.py:190} INFO - [2025-09-27T23:43:23.042+0100] {example_python_operator.py:93} WARNING - The virtalenv_python example task requires virtualenv, please install it.
[2025-09-27T23:43:23.045+0100] {processor.py:925} INFO - DAG(s) 'example_python_operator' retrieved from /home/engineer/project/airflow_env/lib/python3.12/site-packages/airflow/example_dags/example_python_operator.py
[2025-09-27T23:43:23.060+0100] {logging_mixin.py:190} INFO - [2025-09-27T23:43:23.060+0100] {dag.py:3239} INFO - Sync 1 DAGs
[2025-09-27T23:43:23.070+0100] {logging_mixin.py:190} INFO - [2025-09-27T23:43:23.070+0100] {dag.py:4180} INFO - Setting next_dagrun for example_python_operator to None, run_after=None
[2025-09-27T23:43:23.089+0100] {processor.py:208} INFO - Processing /home/engineer/project/airflow_env/lib/python3.12/site-packages/airflow/example_dags/example_python_operator.py took 0.090 seconds
[2025-09-27T23:44:13.273+0100] {processor.py:186} INFO - Started process (PID=24883) to work on /home/engineer/project/airflow_env/lib/python3.12/site-packages/airflow/example_dags/example_python_operator.py
[2025-09-27T23:44:13.274+0100] {processor.py:914} INFO - Processing file /home/engineer/project/airflow_env/lib/python3.12/site-packages/airflow/example_dags/example_python_operator.py for tasks to queue
[2025-09-27T23:44:13.276+0100] {logging_mixin.py:190} INFO - [2025-09-27T23:44:13.275+0100] {dagbag.py:588} INFO - Filling up the DagBag from /home/engineer/project/airflow_env/lib/python3.12/site-packages/airflow/example_dags/example_python_operator.py
[2025-09-27T23:44:13.308+0100] {logging_mixin.py:190} INFO - [2025-09-27T23:44:13.307+0100] {example_python_operator.py:93} WARNING - The virtalenv_python example task requires virtualenv, please install it.
[2025-09-27T23:44:13.310+0100] {processor.py:925} INFO - DAG(s) 'example_python_operator' retrieved from /home/engineer/project/airflow_env/lib/python3.12/site-packages/airflow/example_dags/example_python_operator.py
[2025-09-27T23:44:13.324+0100] {logging_mixin.py:190} INFO - [2025-09-27T23:44:13.324+0100] {dag.py:3239} INFO - Sync 1 DAGs
[2025-09-27T23:44:13.335+0100] {logging_mixin.py:190} INFO - [2025-09-27T23:44:13.334+0100] {dag.py:4180} INFO - Setting next_dagrun for example_python_operator to None, run_after=None
[2025-09-27T23:44:13.354+0100] {processor.py:208} INFO - Processing /home/engineer/project/airflow_env/lib/python3.12/site-packages/airflow/example_dags/example_python_operator.py took 0.086 seconds
