[2025-09-27T23:27:19.387+0100] {processor.py:186} INFO - Started process (PID=19995) to work on /home/engineer/project/airflow_env/lib/python3.12/site-packages/airflow/example_dags/example_branch_day_of_week_operator.py
[2025-09-27T23:27:19.388+0100] {processor.py:914} INFO - Processing file /home/engineer/project/airflow_env/lib/python3.12/site-packages/airflow/example_dags/example_branch_day_of_week_operator.py for tasks to queue
[2025-09-27T23:27:19.389+0100] {logging_mixin.py:190} INFO - [2025-09-27T23:27:19.389+0100] {dagbag.py:588} INFO - Filling up the DagBag from /home/engineer/project/airflow_env/lib/python3.12/site-packages/airflow/example_dags/example_branch_day_of_week_operator.py
[2025-09-27T23:27:19.396+0100] {processor.py:925} INFO - DAG(s) 'example_weekday_branch_operator' retrieved from /home/engineer/project/airflow_env/lib/python3.12/site-packages/airflow/example_dags/example_branch_day_of_week_operator.py
[2025-09-27T23:27:19.469+0100] {logging_mixin.py:190} INFO - [2025-09-27T23:27:19.469+0100] {override.py:1900} INFO - Created Permission View: can delete on DAG:example_weekday_branch_operator
[2025-09-27T23:27:19.477+0100] {logging_mixin.py:190} INFO - [2025-09-27T23:27:19.477+0100] {override.py:1900} INFO - Created Permission View: can read on DAG:example_weekday_branch_operator
[2025-09-27T23:27:19.482+0100] {logging_mixin.py:190} INFO - [2025-09-27T23:27:19.482+0100] {override.py:1900} INFO - Created Permission View: can edit on DAG:example_weekday_branch_operator
[2025-09-27T23:27:19.491+0100] {logging_mixin.py:190} INFO - [2025-09-27T23:27:19.491+0100] {override.py:1900} INFO - Created Permission View: can delete on DAG Run:example_weekday_branch_operator
[2025-09-27T23:27:19.496+0100] {logging_mixin.py:190} INFO - [2025-09-27T23:27:19.496+0100] {override.py:1900} INFO - Created Permission View: can read on DAG Run:example_weekday_branch_operator
[2025-09-27T23:27:19.502+0100] {logging_mixin.py:190} INFO - [2025-09-27T23:27:19.502+0100] {override.py:1900} INFO - Created Permission View: can create on DAG Run:example_weekday_branch_operator
[2025-09-27T23:27:19.507+0100] {logging_mixin.py:190} INFO - [2025-09-27T23:27:19.507+0100] {override.py:1900} INFO - Created Permission View: menu access on DAG Run:example_weekday_branch_operator
[2025-09-27T23:27:19.507+0100] {logging_mixin.py:190} INFO - [2025-09-27T23:27:19.507+0100] {dag.py:3239} INFO - Sync 1 DAGs
[2025-09-27T23:27:19.515+0100] {logging_mixin.py:190} INFO - [2025-09-27T23:27:19.515+0100] {dag.py:3262} INFO - Creating ORM DAG for example_weekday_branch_operator
[2025-09-27T23:27:19.521+0100] {logging_mixin.py:190} INFO - [2025-09-27T23:27:19.521+0100] {dag.py:4180} INFO - Setting next_dagrun for example_weekday_branch_operator to 2025-09-26 00:00:00+00:00, run_after=2025-09-27 00:00:00+00:00
[2025-09-27T23:27:19.535+0100] {processor.py:208} INFO - Processing /home/engineer/project/airflow_env/lib/python3.12/site-packages/airflow/example_dags/example_branch_day_of_week_operator.py took 0.151 seconds
[2025-09-27T23:28:36.740+0100] {processor.py:186} INFO - Started process (PID=20365) to work on /home/engineer/project/airflow_env/lib/python3.12/site-packages/airflow/example_dags/example_branch_day_of_week_operator.py
[2025-09-27T23:28:36.741+0100] {processor.py:914} INFO - Processing file /home/engineer/project/airflow_env/lib/python3.12/site-packages/airflow/example_dags/example_branch_day_of_week_operator.py for tasks to queue
[2025-09-27T23:28:36.743+0100] {logging_mixin.py:190} INFO - [2025-09-27T23:28:36.743+0100] {dagbag.py:588} INFO - Filling up the DagBag from /home/engineer/project/airflow_env/lib/python3.12/site-packages/airflow/example_dags/example_branch_day_of_week_operator.py
[2025-09-27T23:28:36.749+0100] {processor.py:925} INFO - DAG(s) 'example_weekday_branch_operator' retrieved from /home/engineer/project/airflow_env/lib/python3.12/site-packages/airflow/example_dags/example_branch_day_of_week_operator.py
[2025-09-27T23:28:36.760+0100] {logging_mixin.py:190} INFO - [2025-09-27T23:28:36.760+0100] {dag.py:3239} INFO - Sync 1 DAGs
[2025-09-27T23:28:36.772+0100] {logging_mixin.py:190} INFO - [2025-09-27T23:28:36.772+0100] {dag.py:4180} INFO - Setting next_dagrun for example_weekday_branch_operator to 2025-09-26 00:00:00+00:00, run_after=2025-09-27 00:00:00+00:00
[2025-09-27T23:28:36.789+0100] {processor.py:208} INFO - Processing /home/engineer/project/airflow_env/lib/python3.12/site-packages/airflow/example_dags/example_branch_day_of_week_operator.py took 0.052 seconds
[2025-09-27T23:29:46.065+0100] {processor.py:186} INFO - Started process (PID=20636) to work on /home/engineer/project/airflow_env/lib/python3.12/site-packages/airflow/example_dags/example_branch_day_of_week_operator.py
[2025-09-27T23:29:46.066+0100] {processor.py:914} INFO - Processing file /home/engineer/project/airflow_env/lib/python3.12/site-packages/airflow/example_dags/example_branch_day_of_week_operator.py for tasks to queue
[2025-09-27T23:29:46.068+0100] {logging_mixin.py:190} INFO - [2025-09-27T23:29:46.067+0100] {dagbag.py:588} INFO - Filling up the DagBag from /home/engineer/project/airflow_env/lib/python3.12/site-packages/airflow/example_dags/example_branch_day_of_week_operator.py
[2025-09-27T23:29:46.075+0100] {processor.py:925} INFO - DAG(s) 'example_weekday_branch_operator' retrieved from /home/engineer/project/airflow_env/lib/python3.12/site-packages/airflow/example_dags/example_branch_day_of_week_operator.py
[2025-09-27T23:29:46.085+0100] {logging_mixin.py:190} INFO - [2025-09-27T23:29:46.085+0100] {dag.py:3239} INFO - Sync 1 DAGs
[2025-09-27T23:29:46.097+0100] {logging_mixin.py:190} INFO - [2025-09-27T23:29:46.097+0100] {dag.py:4180} INFO - Setting next_dagrun for example_weekday_branch_operator to 2025-09-26 00:00:00+00:00, run_after=2025-09-27 00:00:00+00:00
[2025-09-27T23:29:46.114+0100] {processor.py:208} INFO - Processing /home/engineer/project/airflow_env/lib/python3.12/site-packages/airflow/example_dags/example_branch_day_of_week_operator.py took 0.052 seconds
[2025-09-27T23:30:55.696+0100] {processor.py:186} INFO - Started process (PID=21175) to work on /home/engineer/project/airflow_env/lib/python3.12/site-packages/airflow/example_dags/example_branch_day_of_week_operator.py
[2025-09-27T23:30:55.697+0100] {processor.py:914} INFO - Processing file /home/engineer/project/airflow_env/lib/python3.12/site-packages/airflow/example_dags/example_branch_day_of_week_operator.py for tasks to queue
[2025-09-27T23:30:55.699+0100] {logging_mixin.py:190} INFO - [2025-09-27T23:30:55.699+0100] {dagbag.py:588} INFO - Filling up the DagBag from /home/engineer/project/airflow_env/lib/python3.12/site-packages/airflow/example_dags/example_branch_day_of_week_operator.py
[2025-09-27T23:30:55.710+0100] {processor.py:925} INFO - DAG(s) 'example_weekday_branch_operator' retrieved from /home/engineer/project/airflow_env/lib/python3.12/site-packages/airflow/example_dags/example_branch_day_of_week_operator.py
[2025-09-27T23:30:55.726+0100] {logging_mixin.py:190} INFO - [2025-09-27T23:30:55.726+0100] {dag.py:3239} INFO - Sync 1 DAGs
[2025-09-27T23:30:55.745+0100] {logging_mixin.py:190} INFO - [2025-09-27T23:30:55.745+0100] {dag.py:4180} INFO - Setting next_dagrun for example_weekday_branch_operator to 2025-09-26 00:00:00+00:00, run_after=2025-09-27 00:00:00+00:00
[2025-09-27T23:30:55.768+0100] {processor.py:208} INFO - Processing /home/engineer/project/airflow_env/lib/python3.12/site-packages/airflow/example_dags/example_branch_day_of_week_operator.py took 0.078 seconds
[2025-09-27T23:32:18.270+0100] {processor.py:186} INFO - Started process (PID=21932) to work on /home/engineer/project/airflow_env/lib/python3.12/site-packages/airflow/example_dags/example_branch_day_of_week_operator.py
[2025-09-27T23:32:18.271+0100] {processor.py:914} INFO - Processing file /home/engineer/project/airflow_env/lib/python3.12/site-packages/airflow/example_dags/example_branch_day_of_week_operator.py for tasks to queue
[2025-09-27T23:32:18.273+0100] {logging_mixin.py:190} INFO - [2025-09-27T23:32:18.272+0100] {dagbag.py:588} INFO - Filling up the DagBag from /home/engineer/project/airflow_env/lib/python3.12/site-packages/airflow/example_dags/example_branch_day_of_week_operator.py
[2025-09-27T23:32:18.280+0100] {processor.py:925} INFO - DAG(s) 'example_weekday_branch_operator' retrieved from /home/engineer/project/airflow_env/lib/python3.12/site-packages/airflow/example_dags/example_branch_day_of_week_operator.py
[2025-09-27T23:32:18.291+0100] {logging_mixin.py:190} INFO - [2025-09-27T23:32:18.291+0100] {dag.py:3239} INFO - Sync 1 DAGs
[2025-09-27T23:32:18.306+0100] {logging_mixin.py:190} INFO - [2025-09-27T23:32:18.305+0100] {dag.py:4180} INFO - Setting next_dagrun for example_weekday_branch_operator to 2025-09-26 00:00:00+00:00, run_after=2025-09-27 00:00:00+00:00
[2025-09-27T23:32:18.321+0100] {processor.py:208} INFO - Processing /home/engineer/project/airflow_env/lib/python3.12/site-packages/airflow/example_dags/example_branch_day_of_week_operator.py took 0.056 seconds
[2025-09-27T23:33:28.769+0100] {processor.py:186} INFO - Started process (PID=22217) to work on /home/engineer/project/airflow_env/lib/python3.12/site-packages/airflow/example_dags/example_branch_day_of_week_operator.py
[2025-09-27T23:33:28.777+0100] {processor.py:914} INFO - Processing file /home/engineer/project/airflow_env/lib/python3.12/site-packages/airflow/example_dags/example_branch_day_of_week_operator.py for tasks to queue
[2025-09-27T23:33:28.778+0100] {logging_mixin.py:190} INFO - [2025-09-27T23:33:28.778+0100] {dagbag.py:588} INFO - Filling up the DagBag from /home/engineer/project/airflow_env/lib/python3.12/site-packages/airflow/example_dags/example_branch_day_of_week_operator.py
[2025-09-27T23:33:28.785+0100] {processor.py:925} INFO - DAG(s) 'example_weekday_branch_operator' retrieved from /home/engineer/project/airflow_env/lib/python3.12/site-packages/airflow/example_dags/example_branch_day_of_week_operator.py
[2025-09-27T23:33:28.798+0100] {logging_mixin.py:190} INFO - [2025-09-27T23:33:28.798+0100] {dag.py:3239} INFO - Sync 1 DAGs
[2025-09-27T23:33:28.813+0100] {logging_mixin.py:190} INFO - [2025-09-27T23:33:28.813+0100] {dag.py:4180} INFO - Setting next_dagrun for example_weekday_branch_operator to 2025-09-26 00:00:00+00:00, run_after=2025-09-27 00:00:00+00:00
[2025-09-27T23:33:28.830+0100] {processor.py:208} INFO - Processing /home/engineer/project/airflow_env/lib/python3.12/site-packages/airflow/example_dags/example_branch_day_of_week_operator.py took 0.065 seconds
[2025-09-27T23:34:43.721+0100] {processor.py:186} INFO - Started process (PID=22510) to work on /home/engineer/project/airflow_env/lib/python3.12/site-packages/airflow/example_dags/example_branch_day_of_week_operator.py
[2025-09-27T23:34:43.722+0100] {processor.py:914} INFO - Processing file /home/engineer/project/airflow_env/lib/python3.12/site-packages/airflow/example_dags/example_branch_day_of_week_operator.py for tasks to queue
[2025-09-27T23:34:43.724+0100] {logging_mixin.py:190} INFO - [2025-09-27T23:34:43.723+0100] {dagbag.py:588} INFO - Filling up the DagBag from /home/engineer/project/airflow_env/lib/python3.12/site-packages/airflow/example_dags/example_branch_day_of_week_operator.py
[2025-09-27T23:34:43.731+0100] {processor.py:925} INFO - DAG(s) 'example_weekday_branch_operator' retrieved from /home/engineer/project/airflow_env/lib/python3.12/site-packages/airflow/example_dags/example_branch_day_of_week_operator.py
[2025-09-27T23:34:43.742+0100] {logging_mixin.py:190} INFO - [2025-09-27T23:34:43.742+0100] {dag.py:3239} INFO - Sync 1 DAGs
[2025-09-27T23:34:43.756+0100] {logging_mixin.py:190} INFO - [2025-09-27T23:34:43.755+0100] {dag.py:4180} INFO - Setting next_dagrun for example_weekday_branch_operator to 2025-09-26 00:00:00+00:00, run_after=2025-09-27 00:00:00+00:00
[2025-09-27T23:34:43.772+0100] {processor.py:208} INFO - Processing /home/engineer/project/airflow_env/lib/python3.12/site-packages/airflow/example_dags/example_branch_day_of_week_operator.py took 0.056 seconds
[2025-09-27T23:35:56.223+0100] {processor.py:186} INFO - Started process (PID=22802) to work on /home/engineer/project/airflow_env/lib/python3.12/site-packages/airflow/example_dags/example_branch_day_of_week_operator.py
[2025-09-27T23:35:56.230+0100] {processor.py:914} INFO - Processing file /home/engineer/project/airflow_env/lib/python3.12/site-packages/airflow/example_dags/example_branch_day_of_week_operator.py for tasks to queue
[2025-09-27T23:35:56.232+0100] {logging_mixin.py:190} INFO - [2025-09-27T23:35:56.231+0100] {dagbag.py:588} INFO - Filling up the DagBag from /home/engineer/project/airflow_env/lib/python3.12/site-packages/airflow/example_dags/example_branch_day_of_week_operator.py
[2025-09-27T23:35:56.239+0100] {processor.py:925} INFO - DAG(s) 'example_weekday_branch_operator' retrieved from /home/engineer/project/airflow_env/lib/python3.12/site-packages/airflow/example_dags/example_branch_day_of_week_operator.py
[2025-09-27T23:35:56.250+0100] {logging_mixin.py:190} INFO - [2025-09-27T23:35:56.250+0100] {dag.py:3239} INFO - Sync 1 DAGs
[2025-09-27T23:35:56.263+0100] {logging_mixin.py:190} INFO - [2025-09-27T23:35:56.263+0100] {dag.py:4180} INFO - Setting next_dagrun for example_weekday_branch_operator to 2025-09-26 00:00:00+00:00, run_after=2025-09-27 00:00:00+00:00
[2025-09-27T23:35:56.280+0100] {processor.py:208} INFO - Processing /home/engineer/project/airflow_env/lib/python3.12/site-packages/airflow/example_dags/example_branch_day_of_week_operator.py took 0.060 seconds
[2025-09-27T23:37:09.368+0100] {processor.py:186} INFO - Started process (PID=23119) to work on /home/engineer/project/airflow_env/lib/python3.12/site-packages/airflow/example_dags/example_branch_day_of_week_operator.py
[2025-09-27T23:37:09.375+0100] {processor.py:914} INFO - Processing file /home/engineer/project/airflow_env/lib/python3.12/site-packages/airflow/example_dags/example_branch_day_of_week_operator.py for tasks to queue
[2025-09-27T23:37:09.376+0100] {logging_mixin.py:190} INFO - [2025-09-27T23:37:09.376+0100] {dagbag.py:588} INFO - Filling up the DagBag from /home/engineer/project/airflow_env/lib/python3.12/site-packages/airflow/example_dags/example_branch_day_of_week_operator.py
[2025-09-27T23:37:09.383+0100] {processor.py:925} INFO - DAG(s) 'example_weekday_branch_operator' retrieved from /home/engineer/project/airflow_env/lib/python3.12/site-packages/airflow/example_dags/example_branch_day_of_week_operator.py
[2025-09-27T23:37:09.394+0100] {logging_mixin.py:190} INFO - [2025-09-27T23:37:09.394+0100] {dag.py:3239} INFO - Sync 1 DAGs
[2025-09-27T23:37:09.408+0100] {logging_mixin.py:190} INFO - [2025-09-27T23:37:09.408+0100] {dag.py:4180} INFO - Setting next_dagrun for example_weekday_branch_operator to 2025-09-26 00:00:00+00:00, run_after=2025-09-27 00:00:00+00:00
[2025-09-27T23:37:09.423+0100] {processor.py:208} INFO - Processing /home/engineer/project/airflow_env/lib/python3.12/site-packages/airflow/example_dags/example_branch_day_of_week_operator.py took 0.059 seconds
[2025-09-27T23:39:23.452+0100] {processor.py:186} INFO - Started process (PID=23556) to work on /home/engineer/project/airflow_env/lib/python3.12/site-packages/airflow/example_dags/example_branch_day_of_week_operator.py
[2025-09-27T23:39:23.453+0100] {processor.py:914} INFO - Processing file /home/engineer/project/airflow_env/lib/python3.12/site-packages/airflow/example_dags/example_branch_day_of_week_operator.py for tasks to queue
[2025-09-27T23:39:23.454+0100] {logging_mixin.py:190} INFO - [2025-09-27T23:39:23.454+0100] {dagbag.py:588} INFO - Filling up the DagBag from /home/engineer/project/airflow_env/lib/python3.12/site-packages/airflow/example_dags/example_branch_day_of_week_operator.py
[2025-09-27T23:39:23.461+0100] {processor.py:925} INFO - DAG(s) 'example_weekday_branch_operator' retrieved from /home/engineer/project/airflow_env/lib/python3.12/site-packages/airflow/example_dags/example_branch_day_of_week_operator.py
[2025-09-27T23:39:23.472+0100] {logging_mixin.py:190} INFO - [2025-09-27T23:39:23.472+0100] {dag.py:3239} INFO - Sync 1 DAGs
[2025-09-27T23:39:23.487+0100] {logging_mixin.py:190} INFO - [2025-09-27T23:39:23.487+0100] {dag.py:4180} INFO - Setting next_dagrun for example_weekday_branch_operator to 2025-09-26 00:00:00+00:00, run_after=2025-09-27 00:00:00+00:00
[2025-09-27T23:39:23.505+0100] {processor.py:208} INFO - Processing /home/engineer/project/airflow_env/lib/python3.12/site-packages/airflow/example_dags/example_branch_day_of_week_operator.py took 0.058 seconds
[2025-09-27T23:40:37.111+0100] {processor.py:186} INFO - Started process (PID=23850) to work on /home/engineer/project/airflow_env/lib/python3.12/site-packages/airflow/example_dags/example_branch_day_of_week_operator.py
[2025-09-27T23:40:37.113+0100] {processor.py:914} INFO - Processing file /home/engineer/project/airflow_env/lib/python3.12/site-packages/airflow/example_dags/example_branch_day_of_week_operator.py for tasks to queue
[2025-09-27T23:40:37.115+0100] {logging_mixin.py:190} INFO - [2025-09-27T23:40:37.114+0100] {dagbag.py:588} INFO - Filling up the DagBag from /home/engineer/project/airflow_env/lib/python3.12/site-packages/airflow/example_dags/example_branch_day_of_week_operator.py
[2025-09-27T23:40:37.128+0100] {processor.py:925} INFO - DAG(s) 'example_weekday_branch_operator' retrieved from /home/engineer/project/airflow_env/lib/python3.12/site-packages/airflow/example_dags/example_branch_day_of_week_operator.py
[2025-09-27T23:40:37.145+0100] {logging_mixin.py:190} INFO - [2025-09-27T23:40:37.145+0100] {dag.py:3239} INFO - Sync 1 DAGs
[2025-09-27T23:40:37.165+0100] {logging_mixin.py:190} INFO - [2025-09-27T23:40:37.165+0100] {dag.py:4180} INFO - Setting next_dagrun for example_weekday_branch_operator to 2025-09-26 00:00:00+00:00, run_after=2025-09-27 00:00:00+00:00
[2025-09-27T23:40:37.187+0100] {processor.py:208} INFO - Processing /home/engineer/project/airflow_env/lib/python3.12/site-packages/airflow/example_dags/example_branch_day_of_week_operator.py took 0.083 seconds
[2025-09-27T23:41:53.717+0100] {processor.py:186} INFO - Started process (PID=24153) to work on /home/engineer/project/airflow_env/lib/python3.12/site-packages/airflow/example_dags/example_branch_day_of_week_operator.py
[2025-09-27T23:41:53.718+0100] {processor.py:914} INFO - Processing file /home/engineer/project/airflow_env/lib/python3.12/site-packages/airflow/example_dags/example_branch_day_of_week_operator.py for tasks to queue
[2025-09-27T23:41:53.719+0100] {logging_mixin.py:190} INFO - [2025-09-27T23:41:53.719+0100] {dagbag.py:588} INFO - Filling up the DagBag from /home/engineer/project/airflow_env/lib/python3.12/site-packages/airflow/example_dags/example_branch_day_of_week_operator.py
[2025-09-27T23:41:53.726+0100] {processor.py:925} INFO - DAG(s) 'example_weekday_branch_operator' retrieved from /home/engineer/project/airflow_env/lib/python3.12/site-packages/airflow/example_dags/example_branch_day_of_week_operator.py
[2025-09-27T23:41:53.739+0100] {logging_mixin.py:190} INFO - [2025-09-27T23:41:53.739+0100] {dag.py:3239} INFO - Sync 1 DAGs
[2025-09-27T23:41:53.755+0100] {logging_mixin.py:190} INFO - [2025-09-27T23:41:53.755+0100] {dag.py:4180} INFO - Setting next_dagrun for example_weekday_branch_operator to 2025-09-26 00:00:00+00:00, run_after=2025-09-27 00:00:00+00:00
[2025-09-27T23:41:53.774+0100] {processor.py:208} INFO - Processing /home/engineer/project/airflow_env/lib/python3.12/site-packages/airflow/example_dags/example_branch_day_of_week_operator.py took 0.061 seconds
[2025-09-27T23:43:08.945+0100] {processor.py:186} INFO - Started process (PID=24476) to work on /home/engineer/project/airflow_env/lib/python3.12/site-packages/airflow/example_dags/example_branch_day_of_week_operator.py
[2025-09-27T23:43:08.947+0100] {processor.py:914} INFO - Processing file /home/engineer/project/airflow_env/lib/python3.12/site-packages/airflow/example_dags/example_branch_day_of_week_operator.py for tasks to queue
[2025-09-27T23:43:08.949+0100] {logging_mixin.py:190} INFO - [2025-09-27T23:43:08.948+0100] {dagbag.py:588} INFO - Filling up the DagBag from /home/engineer/project/airflow_env/lib/python3.12/site-packages/airflow/example_dags/example_branch_day_of_week_operator.py
[2025-09-27T23:43:08.956+0100] {processor.py:925} INFO - DAG(s) 'example_weekday_branch_operator' retrieved from /home/engineer/project/airflow_env/lib/python3.12/site-packages/airflow/example_dags/example_branch_day_of_week_operator.py
[2025-09-27T23:43:08.968+0100] {logging_mixin.py:190} INFO - [2025-09-27T23:43:08.968+0100] {dag.py:3239} INFO - Sync 1 DAGs
[2025-09-27T23:43:08.983+0100] {logging_mixin.py:190} INFO - [2025-09-27T23:43:08.983+0100] {dag.py:4180} INFO - Setting next_dagrun for example_weekday_branch_operator to 2025-09-26 00:00:00+00:00, run_after=2025-09-27 00:00:00+00:00
[2025-09-27T23:43:09.000+0100] {processor.py:208} INFO - Processing /home/engineer/project/airflow_env/lib/python3.12/site-packages/airflow/example_dags/example_branch_day_of_week_operator.py took 0.059 seconds
