[2025-09-27T23:26:27.371+0100] {processor.py:186} INFO - Started process (PID=19792) to work on /home/engineer/project/airflow_env/lib/python3.12/site-packages/airflow/example_dags/example_nested_branch_dag.py
[2025-09-27T23:26:27.372+0100] {processor.py:914} INFO - Processing file /home/engineer/project/airflow_env/lib/python3.12/site-packages/airflow/example_dags/example_nested_branch_dag.py for tasks to queue
[2025-09-27T23:26:27.373+0100] {logging_mixin.py:190} INFO - [2025-09-27T23:26:27.373+0100] {dagbag.py:588} INFO - Filling up the DagBag from /home/engineer/project/airflow_env/lib/python3.12/site-packages/airflow/example_dags/example_nested_branch_dag.py
[2025-09-27T23:26:27.388+0100] {processor.py:925} INFO - DAG(s) 'example_nested_branch_dag' retrieved from /home/engineer/project/airflow_env/lib/python3.12/site-packages/airflow/example_dags/example_nested_branch_dag.py
[2025-09-27T23:26:27.457+0100] {logging_mixin.py:190} INFO - [2025-09-27T23:26:27.457+0100] {override.py:1900} INFO - Created Permission View: can delete on DAG:example_nested_branch_dag
[2025-09-27T23:26:27.465+0100] {logging_mixin.py:190} INFO - [2025-09-27T23:26:27.465+0100] {override.py:1900} INFO - Created Permission View: can read on DAG:example_nested_branch_dag
[2025-09-27T23:26:27.471+0100] {logging_mixin.py:190} INFO - [2025-09-27T23:26:27.471+0100] {override.py:1900} INFO - Created Permission View: can edit on DAG:example_nested_branch_dag
[2025-09-27T23:26:27.480+0100] {logging_mixin.py:190} INFO - [2025-09-27T23:26:27.480+0100] {override.py:1900} INFO - Created Permission View: can delete on DAG Run:example_nested_branch_dag
[2025-09-27T23:26:27.485+0100] {logging_mixin.py:190} INFO - [2025-09-27T23:26:27.485+0100] {override.py:1900} INFO - Created Permission View: can read on DAG Run:example_nested_branch_dag
[2025-09-27T23:26:27.491+0100] {logging_mixin.py:190} INFO - [2025-09-27T23:26:27.491+0100] {override.py:1900} INFO - Created Permission View: can create on DAG Run:example_nested_branch_dag
[2025-09-27T23:26:27.496+0100] {logging_mixin.py:190} INFO - [2025-09-27T23:26:27.496+0100] {override.py:1900} INFO - Created Permission View: menu access on DAG Run:example_nested_branch_dag
[2025-09-27T23:26:27.496+0100] {logging_mixin.py:190} INFO - [2025-09-27T23:26:27.496+0100] {dag.py:3239} INFO - Sync 1 DAGs
[2025-09-27T23:26:27.505+0100] {logging_mixin.py:190} INFO - [2025-09-27T23:26:27.505+0100] {dag.py:3262} INFO - Creating ORM DAG for example_nested_branch_dag
[2025-09-27T23:26:27.511+0100] {logging_mixin.py:190} INFO - [2025-09-27T23:26:27.511+0100] {dag.py:4180} INFO - Setting next_dagrun for example_nested_branch_dag to 2025-09-26 00:00:00+00:00, run_after=2025-09-27 00:00:00+00:00
[2025-09-27T23:26:27.527+0100] {processor.py:208} INFO - Processing /home/engineer/project/airflow_env/lib/python3.12/site-packages/airflow/example_dags/example_nested_branch_dag.py took 0.159 seconds
[2025-09-27T23:27:28.200+0100] {processor.py:186} INFO - Started process (PID=20028) to work on /home/engineer/project/airflow_env/lib/python3.12/site-packages/airflow/example_dags/example_nested_branch_dag.py
[2025-09-27T23:27:28.207+0100] {processor.py:914} INFO - Processing file /home/engineer/project/airflow_env/lib/python3.12/site-packages/airflow/example_dags/example_nested_branch_dag.py for tasks to queue
[2025-09-27T23:27:28.209+0100] {logging_mixin.py:190} INFO - [2025-09-27T23:27:28.208+0100] {dagbag.py:588} INFO - Filling up the DagBag from /home/engineer/project/airflow_env/lib/python3.12/site-packages/airflow/example_dags/example_nested_branch_dag.py
[2025-09-27T23:27:28.216+0100] {processor.py:925} INFO - DAG(s) 'example_nested_branch_dag' retrieved from /home/engineer/project/airflow_env/lib/python3.12/site-packages/airflow/example_dags/example_nested_branch_dag.py
[2025-09-27T23:27:28.228+0100] {logging_mixin.py:190} INFO - [2025-09-27T23:27:28.227+0100] {dag.py:3239} INFO - Sync 1 DAGs
[2025-09-27T23:27:28.240+0100] {logging_mixin.py:190} INFO - [2025-09-27T23:27:28.240+0100] {dag.py:4180} INFO - Setting next_dagrun for example_nested_branch_dag to 2025-09-26 00:00:00+00:00, run_after=2025-09-27 00:00:00+00:00
[2025-09-27T23:27:28.256+0100] {processor.py:208} INFO - Processing /home/engineer/project/airflow_env/lib/python3.12/site-packages/airflow/example_dags/example_nested_branch_dag.py took 0.060 seconds
[2025-09-27T23:28:20.180+0100] {processor.py:186} INFO - Started process (PID=20294) to work on /home/engineer/project/airflow_env/lib/python3.12/site-packages/airflow/example_dags/example_nested_branch_dag.py
[2025-09-27T23:28:20.187+0100] {processor.py:914} INFO - Processing file /home/engineer/project/airflow_env/lib/python3.12/site-packages/airflow/example_dags/example_nested_branch_dag.py for tasks to queue
[2025-09-27T23:28:20.189+0100] {logging_mixin.py:190} INFO - [2025-09-27T23:28:20.188+0100] {dagbag.py:588} INFO - Filling up the DagBag from /home/engineer/project/airflow_env/lib/python3.12/site-packages/airflow/example_dags/example_nested_branch_dag.py
[2025-09-27T23:28:20.196+0100] {processor.py:925} INFO - DAG(s) 'example_nested_branch_dag' retrieved from /home/engineer/project/airflow_env/lib/python3.12/site-packages/airflow/example_dags/example_nested_branch_dag.py
[2025-09-27T23:28:20.208+0100] {logging_mixin.py:190} INFO - [2025-09-27T23:28:20.208+0100] {dag.py:3239} INFO - Sync 1 DAGs
[2025-09-27T23:28:20.222+0100] {logging_mixin.py:190} INFO - [2025-09-27T23:28:20.222+0100] {dag.py:4180} INFO - Setting next_dagrun for example_nested_branch_dag to 2025-09-26 00:00:00+00:00, run_after=2025-09-27 00:00:00+00:00
[2025-09-27T23:28:20.239+0100] {processor.py:208} INFO - Processing /home/engineer/project/airflow_env/lib/python3.12/site-packages/airflow/example_dags/example_nested_branch_dag.py took 0.062 seconds
[2025-09-27T23:29:07.693+0100] {processor.py:186} INFO - Started process (PID=20488) to work on /home/engineer/project/airflow_env/lib/python3.12/site-packages/airflow/example_dags/example_nested_branch_dag.py
[2025-09-27T23:29:07.695+0100] {processor.py:914} INFO - Processing file /home/engineer/project/airflow_env/lib/python3.12/site-packages/airflow/example_dags/example_nested_branch_dag.py for tasks to queue
[2025-09-27T23:29:07.697+0100] {logging_mixin.py:190} INFO - [2025-09-27T23:29:07.696+0100] {dagbag.py:588} INFO - Filling up the DagBag from /home/engineer/project/airflow_env/lib/python3.12/site-packages/airflow/example_dags/example_nested_branch_dag.py
[2025-09-27T23:29:07.706+0100] {processor.py:925} INFO - DAG(s) 'example_nested_branch_dag' retrieved from /home/engineer/project/airflow_env/lib/python3.12/site-packages/airflow/example_dags/example_nested_branch_dag.py
[2025-09-27T23:29:07.719+0100] {logging_mixin.py:190} INFO - [2025-09-27T23:29:07.719+0100] {dag.py:3239} INFO - Sync 1 DAGs
[2025-09-27T23:29:07.733+0100] {logging_mixin.py:190} INFO - [2025-09-27T23:29:07.733+0100] {dag.py:4180} INFO - Setting next_dagrun for example_nested_branch_dag to 2025-09-26 00:00:00+00:00, run_after=2025-09-27 00:00:00+00:00
[2025-09-27T23:29:07.752+0100] {processor.py:208} INFO - Processing /home/engineer/project/airflow_env/lib/python3.12/site-packages/airflow/example_dags/example_nested_branch_dag.py took 0.064 seconds
[2025-09-27T23:29:53.967+0100] {processor.py:186} INFO - Started process (PID=20669) to work on /home/engineer/project/airflow_env/lib/python3.12/site-packages/airflow/example_dags/example_nested_branch_dag.py
[2025-09-27T23:29:53.968+0100] {processor.py:914} INFO - Processing file /home/engineer/project/airflow_env/lib/python3.12/site-packages/airflow/example_dags/example_nested_branch_dag.py for tasks to queue
[2025-09-27T23:29:53.970+0100] {logging_mixin.py:190} INFO - [2025-09-27T23:29:53.970+0100] {dagbag.py:588} INFO - Filling up the DagBag from /home/engineer/project/airflow_env/lib/python3.12/site-packages/airflow/example_dags/example_nested_branch_dag.py
[2025-09-27T23:29:53.979+0100] {processor.py:925} INFO - DAG(s) 'example_nested_branch_dag' retrieved from /home/engineer/project/airflow_env/lib/python3.12/site-packages/airflow/example_dags/example_nested_branch_dag.py
[2025-09-27T23:29:53.990+0100] {logging_mixin.py:190} INFO - [2025-09-27T23:29:53.990+0100] {dag.py:3239} INFO - Sync 1 DAGs
[2025-09-27T23:29:54.003+0100] {logging_mixin.py:190} INFO - [2025-09-27T23:29:54.003+0100] {dag.py:4180} INFO - Setting next_dagrun for example_nested_branch_dag to 2025-09-26 00:00:00+00:00, run_after=2025-09-27 00:00:00+00:00
[2025-09-27T23:29:54.019+0100] {processor.py:208} INFO - Processing /home/engineer/project/airflow_env/lib/python3.12/site-packages/airflow/example_dags/example_nested_branch_dag.py took 0.055 seconds
[2025-09-27T23:30:39.766+0100] {processor.py:186} INFO - Started process (PID=20917) to work on /home/engineer/project/airflow_env/lib/python3.12/site-packages/airflow/example_dags/example_nested_branch_dag.py
[2025-09-27T23:30:39.773+0100] {processor.py:914} INFO - Processing file /home/engineer/project/airflow_env/lib/python3.12/site-packages/airflow/example_dags/example_nested_branch_dag.py for tasks to queue
[2025-09-27T23:30:39.775+0100] {logging_mixin.py:190} INFO - [2025-09-27T23:30:39.775+0100] {dagbag.py:588} INFO - Filling up the DagBag from /home/engineer/project/airflow_env/lib/python3.12/site-packages/airflow/example_dags/example_nested_branch_dag.py
[2025-09-27T23:30:39.788+0100] {processor.py:925} INFO - DAG(s) 'example_nested_branch_dag' retrieved from /home/engineer/project/airflow_env/lib/python3.12/site-packages/airflow/example_dags/example_nested_branch_dag.py
[2025-09-27T23:30:39.807+0100] {logging_mixin.py:190} INFO - [2025-09-27T23:30:39.807+0100] {dag.py:3239} INFO - Sync 1 DAGs
[2025-09-27T23:30:39.831+0100] {logging_mixin.py:190} INFO - [2025-09-27T23:30:39.830+0100] {dag.py:4180} INFO - Setting next_dagrun for example_nested_branch_dag to 2025-09-26 00:00:00+00:00, run_after=2025-09-27 00:00:00+00:00
[2025-09-27T23:30:39.863+0100] {processor.py:208} INFO - Processing /home/engineer/project/airflow_env/lib/python3.12/site-packages/airflow/example_dags/example_nested_branch_dag.py took 0.101 seconds
[2025-09-27T23:31:31.643+0100] {processor.py:186} INFO - Started process (PID=21670) to work on /home/engineer/project/airflow_env/lib/python3.12/site-packages/airflow/example_dags/example_nested_branch_dag.py
[2025-09-27T23:31:31.644+0100] {processor.py:914} INFO - Processing file /home/engineer/project/airflow_env/lib/python3.12/site-packages/airflow/example_dags/example_nested_branch_dag.py for tasks to queue
[2025-09-27T23:31:31.646+0100] {logging_mixin.py:190} INFO - [2025-09-27T23:31:31.646+0100] {dagbag.py:588} INFO - Filling up the DagBag from /home/engineer/project/airflow_env/lib/python3.12/site-packages/airflow/example_dags/example_nested_branch_dag.py
[2025-09-27T23:31:31.654+0100] {processor.py:925} INFO - DAG(s) 'example_nested_branch_dag' retrieved from /home/engineer/project/airflow_env/lib/python3.12/site-packages/airflow/example_dags/example_nested_branch_dag.py
[2025-09-27T23:31:31.750+0100] {logging_mixin.py:190} INFO - [2025-09-27T23:31:31.750+0100] {dag.py:3239} INFO - Sync 1 DAGs
[2025-09-27T23:31:31.761+0100] {logging_mixin.py:190} INFO - [2025-09-27T23:31:31.761+0100] {dag.py:4180} INFO - Setting next_dagrun for example_nested_branch_dag to 2025-09-26 00:00:00+00:00, run_after=2025-09-27 00:00:00+00:00
[2025-09-27T23:31:31.779+0100] {processor.py:208} INFO - Processing /home/engineer/project/airflow_env/lib/python3.12/site-packages/airflow/example_dags/example_nested_branch_dag.py took 0.140 seconds
[2025-09-27T23:32:24.860+0100] {processor.py:186} INFO - Started process (PID=21965) to work on /home/engineer/project/airflow_env/lib/python3.12/site-packages/airflow/example_dags/example_nested_branch_dag.py
[2025-09-27T23:32:24.862+0100] {processor.py:914} INFO - Processing file /home/engineer/project/airflow_env/lib/python3.12/site-packages/airflow/example_dags/example_nested_branch_dag.py for tasks to queue
[2025-09-27T23:32:24.865+0100] {logging_mixin.py:190} INFO - [2025-09-27T23:32:24.864+0100] {dagbag.py:588} INFO - Filling up the DagBag from /home/engineer/project/airflow_env/lib/python3.12/site-packages/airflow/example_dags/example_nested_branch_dag.py
[2025-09-27T23:32:24.874+0100] {processor.py:925} INFO - DAG(s) 'example_nested_branch_dag' retrieved from /home/engineer/project/airflow_env/lib/python3.12/site-packages/airflow/example_dags/example_nested_branch_dag.py
[2025-09-27T23:32:24.890+0100] {logging_mixin.py:190} INFO - [2025-09-27T23:32:24.890+0100] {dag.py:3239} INFO - Sync 1 DAGs
[2025-09-27T23:32:24.907+0100] {logging_mixin.py:190} INFO - [2025-09-27T23:32:24.907+0100] {dag.py:4180} INFO - Setting next_dagrun for example_nested_branch_dag to 2025-09-26 00:00:00+00:00, run_after=2025-09-27 00:00:00+00:00
[2025-09-27T23:32:24.923+0100] {processor.py:208} INFO - Processing /home/engineer/project/airflow_env/lib/python3.12/site-packages/airflow/example_dags/example_nested_branch_dag.py took 0.068 seconds
[2025-09-27T23:33:13.086+0100] {processor.py:186} INFO - Started process (PID=22153) to work on /home/engineer/project/airflow_env/lib/python3.12/site-packages/airflow/example_dags/example_nested_branch_dag.py
[2025-09-27T23:33:13.093+0100] {processor.py:914} INFO - Processing file /home/engineer/project/airflow_env/lib/python3.12/site-packages/airflow/example_dags/example_nested_branch_dag.py for tasks to queue
[2025-09-27T23:33:13.095+0100] {logging_mixin.py:190} INFO - [2025-09-27T23:33:13.095+0100] {dagbag.py:588} INFO - Filling up the DagBag from /home/engineer/project/airflow_env/lib/python3.12/site-packages/airflow/example_dags/example_nested_branch_dag.py
[2025-09-27T23:33:13.103+0100] {processor.py:925} INFO - DAG(s) 'example_nested_branch_dag' retrieved from /home/engineer/project/airflow_env/lib/python3.12/site-packages/airflow/example_dags/example_nested_branch_dag.py
[2025-09-27T23:33:13.115+0100] {logging_mixin.py:190} INFO - [2025-09-27T23:33:13.115+0100] {dag.py:3239} INFO - Sync 1 DAGs
[2025-09-27T23:33:13.129+0100] {logging_mixin.py:190} INFO - [2025-09-27T23:33:13.129+0100] {dag.py:4180} INFO - Setting next_dagrun for example_nested_branch_dag to 2025-09-26 00:00:00+00:00, run_after=2025-09-27 00:00:00+00:00
[2025-09-27T23:33:13.145+0100] {processor.py:208} INFO - Processing /home/engineer/project/airflow_env/lib/python3.12/site-packages/airflow/example_dags/example_nested_branch_dag.py took 0.064 seconds
[2025-09-27T23:34:02.451+0100] {processor.py:186} INFO - Started process (PID=22348) to work on /home/engineer/project/airflow_env/lib/python3.12/site-packages/airflow/example_dags/example_nested_branch_dag.py
[2025-09-27T23:34:02.452+0100] {processor.py:914} INFO - Processing file /home/engineer/project/airflow_env/lib/python3.12/site-packages/airflow/example_dags/example_nested_branch_dag.py for tasks to queue
[2025-09-27T23:34:02.454+0100] {logging_mixin.py:190} INFO - [2025-09-27T23:34:02.454+0100] {dagbag.py:588} INFO - Filling up the DagBag from /home/engineer/project/airflow_env/lib/python3.12/site-packages/airflow/example_dags/example_nested_branch_dag.py
[2025-09-27T23:34:02.462+0100] {processor.py:925} INFO - DAG(s) 'example_nested_branch_dag' retrieved from /home/engineer/project/airflow_env/lib/python3.12/site-packages/airflow/example_dags/example_nested_branch_dag.py
[2025-09-27T23:34:02.473+0100] {logging_mixin.py:190} INFO - [2025-09-27T23:34:02.473+0100] {dag.py:3239} INFO - Sync 1 DAGs
[2025-09-27T23:34:02.486+0100] {logging_mixin.py:190} INFO - [2025-09-27T23:34:02.486+0100] {dag.py:4180} INFO - Setting next_dagrun for example_nested_branch_dag to 2025-09-26 00:00:00+00:00, run_after=2025-09-27 00:00:00+00:00
[2025-09-27T23:34:02.504+0100] {processor.py:208} INFO - Processing /home/engineer/project/airflow_env/lib/python3.12/site-packages/airflow/example_dags/example_nested_branch_dag.py took 0.056 seconds
[2025-09-27T23:34:52.794+0100] {processor.py:186} INFO - Started process (PID=22549) to work on /home/engineer/project/airflow_env/lib/python3.12/site-packages/airflow/example_dags/example_nested_branch_dag.py
[2025-09-27T23:34:52.796+0100] {processor.py:914} INFO - Processing file /home/engineer/project/airflow_env/lib/python3.12/site-packages/airflow/example_dags/example_nested_branch_dag.py for tasks to queue
[2025-09-27T23:34:52.797+0100] {logging_mixin.py:190} INFO - [2025-09-27T23:34:52.797+0100] {dagbag.py:588} INFO - Filling up the DagBag from /home/engineer/project/airflow_env/lib/python3.12/site-packages/airflow/example_dags/example_nested_branch_dag.py
[2025-09-27T23:34:52.805+0100] {processor.py:925} INFO - DAG(s) 'example_nested_branch_dag' retrieved from /home/engineer/project/airflow_env/lib/python3.12/site-packages/airflow/example_dags/example_nested_branch_dag.py
[2025-09-27T23:34:52.817+0100] {logging_mixin.py:190} INFO - [2025-09-27T23:34:52.817+0100] {dag.py:3239} INFO - Sync 1 DAGs
[2025-09-27T23:34:52.830+0100] {logging_mixin.py:190} INFO - [2025-09-27T23:34:52.830+0100] {dag.py:4180} INFO - Setting next_dagrun for example_nested_branch_dag to 2025-09-26 00:00:00+00:00, run_after=2025-09-27 00:00:00+00:00
[2025-09-27T23:34:52.845+0100] {processor.py:208} INFO - Processing /home/engineer/project/airflow_env/lib/python3.12/site-packages/airflow/example_dags/example_nested_branch_dag.py took 0.055 seconds
[2025-09-27T23:35:40.116+0100] {processor.py:186} INFO - Started process (PID=22738) to work on /home/engineer/project/airflow_env/lib/python3.12/site-packages/airflow/example_dags/example_nested_branch_dag.py
[2025-09-27T23:35:40.117+0100] {processor.py:914} INFO - Processing file /home/engineer/project/airflow_env/lib/python3.12/site-packages/airflow/example_dags/example_nested_branch_dag.py for tasks to queue
[2025-09-27T23:35:40.119+0100] {logging_mixin.py:190} INFO - [2025-09-27T23:35:40.119+0100] {dagbag.py:588} INFO - Filling up the DagBag from /home/engineer/project/airflow_env/lib/python3.12/site-packages/airflow/example_dags/example_nested_branch_dag.py
[2025-09-27T23:35:40.127+0100] {processor.py:925} INFO - DAG(s) 'example_nested_branch_dag' retrieved from /home/engineer/project/airflow_env/lib/python3.12/site-packages/airflow/example_dags/example_nested_branch_dag.py
[2025-09-27T23:35:40.139+0100] {logging_mixin.py:190} INFO - [2025-09-27T23:35:40.138+0100] {dag.py:3239} INFO - Sync 1 DAGs
[2025-09-27T23:35:40.152+0100] {logging_mixin.py:190} INFO - [2025-09-27T23:35:40.151+0100] {dag.py:4180} INFO - Setting next_dagrun for example_nested_branch_dag to 2025-09-26 00:00:00+00:00, run_after=2025-09-27 00:00:00+00:00
[2025-09-27T23:35:40.167+0100] {processor.py:208} INFO - Processing /home/engineer/project/airflow_env/lib/python3.12/site-packages/airflow/example_dags/example_nested_branch_dag.py took 0.055 seconds
[2025-09-27T23:36:30.303+0100] {processor.py:186} INFO - Started process (PID=22963) to work on /home/engineer/project/airflow_env/lib/python3.12/site-packages/airflow/example_dags/example_nested_branch_dag.py
[2025-09-27T23:36:30.305+0100] {processor.py:914} INFO - Processing file /home/engineer/project/airflow_env/lib/python3.12/site-packages/airflow/example_dags/example_nested_branch_dag.py for tasks to queue
[2025-09-27T23:36:30.306+0100] {logging_mixin.py:190} INFO - [2025-09-27T23:36:30.306+0100] {dagbag.py:588} INFO - Filling up the DagBag from /home/engineer/project/airflow_env/lib/python3.12/site-packages/airflow/example_dags/example_nested_branch_dag.py
[2025-09-27T23:36:30.314+0100] {processor.py:925} INFO - DAG(s) 'example_nested_branch_dag' retrieved from /home/engineer/project/airflow_env/lib/python3.12/site-packages/airflow/example_dags/example_nested_branch_dag.py
[2025-09-27T23:36:30.326+0100] {logging_mixin.py:190} INFO - [2025-09-27T23:36:30.325+0100] {dag.py:3239} INFO - Sync 1 DAGs
[2025-09-27T23:36:30.339+0100] {logging_mixin.py:190} INFO - [2025-09-27T23:36:30.338+0100] {dag.py:4180} INFO - Setting next_dagrun for example_nested_branch_dag to 2025-09-26 00:00:00+00:00, run_after=2025-09-27 00:00:00+00:00
[2025-09-27T23:36:30.354+0100] {processor.py:208} INFO - Processing /home/engineer/project/airflow_env/lib/python3.12/site-packages/airflow/example_dags/example_nested_branch_dag.py took 0.055 seconds
[2025-09-27T23:37:18.786+0100] {processor.py:186} INFO - Started process (PID=23153) to work on /home/engineer/project/airflow_env/lib/python3.12/site-packages/airflow/example_dags/example_nested_branch_dag.py
[2025-09-27T23:37:18.793+0100] {processor.py:914} INFO - Processing file /home/engineer/project/airflow_env/lib/python3.12/site-packages/airflow/example_dags/example_nested_branch_dag.py for tasks to queue
[2025-09-27T23:37:18.794+0100] {logging_mixin.py:190} INFO - [2025-09-27T23:37:18.794+0100] {dagbag.py:588} INFO - Filling up the DagBag from /home/engineer/project/airflow_env/lib/python3.12/site-packages/airflow/example_dags/example_nested_branch_dag.py
[2025-09-27T23:37:18.802+0100] {processor.py:925} INFO - DAG(s) 'example_nested_branch_dag' retrieved from /home/engineer/project/airflow_env/lib/python3.12/site-packages/airflow/example_dags/example_nested_branch_dag.py
[2025-09-27T23:37:18.815+0100] {logging_mixin.py:190} INFO - [2025-09-27T23:37:18.815+0100] {dag.py:3239} INFO - Sync 1 DAGs
[2025-09-27T23:37:18.830+0100] {logging_mixin.py:190} INFO - [2025-09-27T23:37:18.830+0100] {dag.py:4180} INFO - Setting next_dagrun for example_nested_branch_dag to 2025-09-26 00:00:00+00:00, run_after=2025-09-27 00:00:00+00:00
[2025-09-27T23:37:18.847+0100] {processor.py:208} INFO - Processing /home/engineer/project/airflow_env/lib/python3.12/site-packages/airflow/example_dags/example_nested_branch_dag.py took 0.065 seconds
[2025-09-27T23:38:43.061+0100] {processor.py:186} INFO - Started process (PID=23395) to work on /home/engineer/project/airflow_env/lib/python3.12/site-packages/airflow/example_dags/example_nested_branch_dag.py
[2025-09-27T23:38:43.062+0100] {processor.py:914} INFO - Processing file /home/engineer/project/airflow_env/lib/python3.12/site-packages/airflow/example_dags/example_nested_branch_dag.py for tasks to queue
[2025-09-27T23:38:43.064+0100] {logging_mixin.py:190} INFO - [2025-09-27T23:38:43.064+0100] {dagbag.py:588} INFO - Filling up the DagBag from /home/engineer/project/airflow_env/lib/python3.12/site-packages/airflow/example_dags/example_nested_branch_dag.py
[2025-09-27T23:38:43.078+0100] {processor.py:925} INFO - DAG(s) 'example_nested_branch_dag' retrieved from /home/engineer/project/airflow_env/lib/python3.12/site-packages/airflow/example_dags/example_nested_branch_dag.py
[2025-09-27T23:38:43.111+0100] {logging_mixin.py:190} INFO - [2025-09-27T23:38:43.111+0100] {dag.py:3239} INFO - Sync 1 DAGs
[2025-09-27T23:38:43.131+0100] {logging_mixin.py:190} INFO - [2025-09-27T23:38:43.130+0100] {dag.py:4180} INFO - Setting next_dagrun for example_nested_branch_dag to 2025-09-26 00:00:00+00:00, run_after=2025-09-27 00:00:00+00:00
[2025-09-27T23:38:43.150+0100] {processor.py:208} INFO - Processing /home/engineer/project/airflow_env/lib/python3.12/site-packages/airflow/example_dags/example_nested_branch_dag.py took 0.098 seconds
[2025-09-27T23:39:32.612+0100] {processor.py:186} INFO - Started process (PID=23590) to work on /home/engineer/project/airflow_env/lib/python3.12/site-packages/airflow/example_dags/example_nested_branch_dag.py
[2025-09-27T23:39:32.615+0100] {processor.py:914} INFO - Processing file /home/engineer/project/airflow_env/lib/python3.12/site-packages/airflow/example_dags/example_nested_branch_dag.py for tasks to queue
[2025-09-27T23:39:32.616+0100] {logging_mixin.py:190} INFO - [2025-09-27T23:39:32.616+0100] {dagbag.py:588} INFO - Filling up the DagBag from /home/engineer/project/airflow_env/lib/python3.12/site-packages/airflow/example_dags/example_nested_branch_dag.py
[2025-09-27T23:39:32.632+0100] {processor.py:925} INFO - DAG(s) 'example_nested_branch_dag' retrieved from /home/engineer/project/airflow_env/lib/python3.12/site-packages/airflow/example_dags/example_nested_branch_dag.py
[2025-09-27T23:39:32.649+0100] {logging_mixin.py:190} INFO - [2025-09-27T23:39:32.649+0100] {dag.py:3239} INFO - Sync 1 DAGs
[2025-09-27T23:39:32.672+0100] {logging_mixin.py:190} INFO - [2025-09-27T23:39:32.672+0100] {dag.py:4180} INFO - Setting next_dagrun for example_nested_branch_dag to 2025-09-26 00:00:00+00:00, run_after=2025-09-27 00:00:00+00:00
[2025-09-27T23:39:32.702+0100] {processor.py:208} INFO - Processing /home/engineer/project/airflow_env/lib/python3.12/site-packages/airflow/example_dags/example_nested_branch_dag.py took 0.094 seconds
[2025-09-27T23:40:22.865+0100] {processor.py:186} INFO - Started process (PID=23792) to work on /home/engineer/project/airflow_env/lib/python3.12/site-packages/airflow/example_dags/example_nested_branch_dag.py
[2025-09-27T23:40:22.873+0100] {processor.py:914} INFO - Processing file /home/engineer/project/airflow_env/lib/python3.12/site-packages/airflow/example_dags/example_nested_branch_dag.py for tasks to queue
[2025-09-27T23:40:22.874+0100] {logging_mixin.py:190} INFO - [2025-09-27T23:40:22.874+0100] {dagbag.py:588} INFO - Filling up the DagBag from /home/engineer/project/airflow_env/lib/python3.12/site-packages/airflow/example_dags/example_nested_branch_dag.py
[2025-09-27T23:40:22.886+0100] {processor.py:925} INFO - DAG(s) 'example_nested_branch_dag' retrieved from /home/engineer/project/airflow_env/lib/python3.12/site-packages/airflow/example_dags/example_nested_branch_dag.py
[2025-09-27T23:40:22.902+0100] {logging_mixin.py:190} INFO - [2025-09-27T23:40:22.902+0100] {dag.py:3239} INFO - Sync 1 DAGs
[2025-09-27T23:40:22.924+0100] {logging_mixin.py:190} INFO - [2025-09-27T23:40:22.924+0100] {dag.py:4180} INFO - Setting next_dagrun for example_nested_branch_dag to 2025-09-26 00:00:00+00:00, run_after=2025-09-27 00:00:00+00:00
[2025-09-27T23:40:22.948+0100] {processor.py:208} INFO - Processing /home/engineer/project/airflow_env/lib/python3.12/site-packages/airflow/example_dags/example_nested_branch_dag.py took 0.088 seconds
[2025-09-27T23:41:11.391+0100] {processor.py:186} INFO - Started process (PID=23981) to work on /home/engineer/project/airflow_env/lib/python3.12/site-packages/airflow/example_dags/example_nested_branch_dag.py
[2025-09-27T23:41:11.392+0100] {processor.py:914} INFO - Processing file /home/engineer/project/airflow_env/lib/python3.12/site-packages/airflow/example_dags/example_nested_branch_dag.py for tasks to queue
[2025-09-27T23:41:11.393+0100] {logging_mixin.py:190} INFO - [2025-09-27T23:41:11.392+0100] {dagbag.py:588} INFO - Filling up the DagBag from /home/engineer/project/airflow_env/lib/python3.12/site-packages/airflow/example_dags/example_nested_branch_dag.py
[2025-09-27T23:41:11.401+0100] {processor.py:925} INFO - DAG(s) 'example_nested_branch_dag' retrieved from /home/engineer/project/airflow_env/lib/python3.12/site-packages/airflow/example_dags/example_nested_branch_dag.py
[2025-09-27T23:41:11.414+0100] {logging_mixin.py:190} INFO - [2025-09-27T23:41:11.413+0100] {dag.py:3239} INFO - Sync 1 DAGs
[2025-09-27T23:41:11.428+0100] {logging_mixin.py:190} INFO - [2025-09-27T23:41:11.428+0100] {dag.py:4180} INFO - Setting next_dagrun for example_nested_branch_dag to 2025-09-26 00:00:00+00:00, run_after=2025-09-27 00:00:00+00:00
[2025-09-27T23:41:11.446+0100] {processor.py:208} INFO - Processing /home/engineer/project/airflow_env/lib/python3.12/site-packages/airflow/example_dags/example_nested_branch_dag.py took 0.059 seconds
[2025-09-27T23:42:01.610+0100] {processor.py:186} INFO - Started process (PID=24208) to work on /home/engineer/project/airflow_env/lib/python3.12/site-packages/airflow/example_dags/example_nested_branch_dag.py
[2025-09-27T23:42:01.617+0100] {processor.py:914} INFO - Processing file /home/engineer/project/airflow_env/lib/python3.12/site-packages/airflow/example_dags/example_nested_branch_dag.py for tasks to queue
[2025-09-27T23:42:01.618+0100] {logging_mixin.py:190} INFO - [2025-09-27T23:42:01.618+0100] {dagbag.py:588} INFO - Filling up the DagBag from /home/engineer/project/airflow_env/lib/python3.12/site-packages/airflow/example_dags/example_nested_branch_dag.py
[2025-09-27T23:42:01.626+0100] {processor.py:925} INFO - DAG(s) 'example_nested_branch_dag' retrieved from /home/engineer/project/airflow_env/lib/python3.12/site-packages/airflow/example_dags/example_nested_branch_dag.py
[2025-09-27T23:42:01.639+0100] {logging_mixin.py:190} INFO - [2025-09-27T23:42:01.639+0100] {dag.py:3239} INFO - Sync 1 DAGs
[2025-09-27T23:42:01.655+0100] {logging_mixin.py:190} INFO - [2025-09-27T23:42:01.655+0100] {dag.py:4180} INFO - Setting next_dagrun for example_nested_branch_dag to 2025-09-26 00:00:00+00:00, run_after=2025-09-27 00:00:00+00:00
[2025-09-27T23:42:01.672+0100] {processor.py:208} INFO - Processing /home/engineer/project/airflow_env/lib/python3.12/site-packages/airflow/example_dags/example_nested_branch_dag.py took 0.066 seconds
[2025-09-27T23:42:52.267+0100] {processor.py:186} INFO - Started process (PID=24405) to work on /home/engineer/project/airflow_env/lib/python3.12/site-packages/airflow/example_dags/example_nested_branch_dag.py
[2025-09-27T23:42:52.275+0100] {processor.py:914} INFO - Processing file /home/engineer/project/airflow_env/lib/python3.12/site-packages/airflow/example_dags/example_nested_branch_dag.py for tasks to queue
[2025-09-27T23:42:52.277+0100] {logging_mixin.py:190} INFO - [2025-09-27T23:42:52.276+0100] {dagbag.py:588} INFO - Filling up the DagBag from /home/engineer/project/airflow_env/lib/python3.12/site-packages/airflow/example_dags/example_nested_branch_dag.py
[2025-09-27T23:42:52.289+0100] {processor.py:925} INFO - DAG(s) 'example_nested_branch_dag' retrieved from /home/engineer/project/airflow_env/lib/python3.12/site-packages/airflow/example_dags/example_nested_branch_dag.py
[2025-09-27T23:42:52.312+0100] {logging_mixin.py:190} INFO - [2025-09-27T23:42:52.311+0100] {dag.py:3239} INFO - Sync 1 DAGs
[2025-09-27T23:42:52.337+0100] {logging_mixin.py:190} INFO - [2025-09-27T23:42:52.337+0100] {dag.py:4180} INFO - Setting next_dagrun for example_nested_branch_dag to 2025-09-26 00:00:00+00:00, run_after=2025-09-27 00:00:00+00:00
[2025-09-27T23:42:52.365+0100] {processor.py:208} INFO - Processing /home/engineer/project/airflow_env/lib/python3.12/site-packages/airflow/example_dags/example_nested_branch_dag.py took 0.104 seconds
[2025-09-27T23:43:44.706+0100] {processor.py:186} INFO - Started process (PID=24677) to work on /home/engineer/project/airflow_env/lib/python3.12/site-packages/airflow/example_dags/example_nested_branch_dag.py
[2025-09-27T23:43:44.707+0100] {processor.py:914} INFO - Processing file /home/engineer/project/airflow_env/lib/python3.12/site-packages/airflow/example_dags/example_nested_branch_dag.py for tasks to queue
[2025-09-27T23:43:44.709+0100] {logging_mixin.py:190} INFO - [2025-09-27T23:43:44.708+0100] {dagbag.py:588} INFO - Filling up the DagBag from /home/engineer/project/airflow_env/lib/python3.12/site-packages/airflow/example_dags/example_nested_branch_dag.py
[2025-09-27T23:43:44.718+0100] {processor.py:925} INFO - DAG(s) 'example_nested_branch_dag' retrieved from /home/engineer/project/airflow_env/lib/python3.12/site-packages/airflow/example_dags/example_nested_branch_dag.py
[2025-09-27T23:43:44.731+0100] {logging_mixin.py:190} INFO - [2025-09-27T23:43:44.731+0100] {dag.py:3239} INFO - Sync 1 DAGs
[2025-09-27T23:43:44.746+0100] {logging_mixin.py:190} INFO - [2025-09-27T23:43:44.746+0100] {dag.py:4180} INFO - Setting next_dagrun for example_nested_branch_dag to 2025-09-26 00:00:00+00:00, run_after=2025-09-27 00:00:00+00:00
[2025-09-27T23:43:44.763+0100] {processor.py:208} INFO - Processing /home/engineer/project/airflow_env/lib/python3.12/site-packages/airflow/example_dags/example_nested_branch_dag.py took 0.062 seconds
