[2025-09-27T23:27:09.176+0100] {processor.py:186} INFO - Started process (PID=19957) to work on /home/engineer/project/airflow_env/lib/python3.12/site-packages/airflow/example_dags/example_dataset_alias_with_no_taskflow.py
[2025-09-27T23:27:09.177+0100] {processor.py:914} INFO - Processing file /home/engineer/project/airflow_env/lib/python3.12/site-packages/airflow/example_dags/example_dataset_alias_with_no_taskflow.py for tasks to queue
[2025-09-27T23:27:09.178+0100] {logging_mixin.py:190} INFO - [2025-09-27T23:27:09.178+0100] {dagbag.py:588} INFO - Filling up the DagBag from /home/engineer/project/airflow_env/lib/python3.12/site-packages/airflow/example_dags/example_dataset_alias_with_no_taskflow.py
[2025-09-27T23:27:09.191+0100] {processor.py:925} INFO - DAG(s) 'dataset_s3_bucket_consumer_with_no_taskflow', 'dataset_alias_example_alias_producer_with_no_taskflow', 'dataset_alias_example_alias_consumer_with_no_taskflow', 'dataset_s3_bucket_producer_with_no_taskflow' retrieved from /home/engineer/project/airflow_env/lib/python3.12/site-packages/airflow/example_dags/example_dataset_alias_with_no_taskflow.py
[2025-09-27T23:27:09.262+0100] {logging_mixin.py:190} INFO - [2025-09-27T23:27:09.261+0100] {override.py:1900} INFO - Created Permission View: can delete on DAG:dataset_s3_bucket_consumer_with_no_taskflow
[2025-09-27T23:27:09.270+0100] {logging_mixin.py:190} INFO - [2025-09-27T23:27:09.269+0100] {override.py:1900} INFO - Created Permission View: can read on DAG:dataset_s3_bucket_consumer_with_no_taskflow
[2025-09-27T23:27:09.275+0100] {logging_mixin.py:190} INFO - [2025-09-27T23:27:09.275+0100] {override.py:1900} INFO - Created Permission View: can edit on DAG:dataset_s3_bucket_consumer_with_no_taskflow
[2025-09-27T23:27:09.284+0100] {logging_mixin.py:190} INFO - [2025-09-27T23:27:09.284+0100] {override.py:1900} INFO - Created Permission View: can delete on DAG Run:dataset_s3_bucket_consumer_with_no_taskflow
[2025-09-27T23:27:09.290+0100] {logging_mixin.py:190} INFO - [2025-09-27T23:27:09.290+0100] {override.py:1900} INFO - Created Permission View: can read on DAG Run:dataset_s3_bucket_consumer_with_no_taskflow
[2025-09-27T23:27:09.295+0100] {logging_mixin.py:190} INFO - [2025-09-27T23:27:09.295+0100] {override.py:1900} INFO - Created Permission View: can create on DAG Run:dataset_s3_bucket_consumer_with_no_taskflow
[2025-09-27T23:27:09.300+0100] {logging_mixin.py:190} INFO - [2025-09-27T23:27:09.300+0100] {override.py:1900} INFO - Created Permission View: menu access on DAG Run:dataset_s3_bucket_consumer_with_no_taskflow
[2025-09-27T23:27:09.315+0100] {logging_mixin.py:190} INFO - [2025-09-27T23:27:09.314+0100] {override.py:1900} INFO - Created Permission View: can delete on DAG:dataset_alias_example_alias_producer_with_no_taskflow
[2025-09-27T23:27:09.322+0100] {logging_mixin.py:190} INFO - [2025-09-27T23:27:09.322+0100] {override.py:1900} INFO - Created Permission View: can read on DAG:dataset_alias_example_alias_producer_with_no_taskflow
[2025-09-27T23:27:09.329+0100] {logging_mixin.py:190} INFO - [2025-09-27T23:27:09.329+0100] {override.py:1900} INFO - Created Permission View: can edit on DAG:dataset_alias_example_alias_producer_with_no_taskflow
[2025-09-27T23:27:09.338+0100] {logging_mixin.py:190} INFO - [2025-09-27T23:27:09.338+0100] {override.py:1900} INFO - Created Permission View: can delete on DAG Run:dataset_alias_example_alias_producer_with_no_taskflow
[2025-09-27T23:27:09.344+0100] {logging_mixin.py:190} INFO - [2025-09-27T23:27:09.344+0100] {override.py:1900} INFO - Created Permission View: can read on DAG Run:dataset_alias_example_alias_producer_with_no_taskflow
[2025-09-27T23:27:09.349+0100] {logging_mixin.py:190} INFO - [2025-09-27T23:27:09.349+0100] {override.py:1900} INFO - Created Permission View: can create on DAG Run:dataset_alias_example_alias_producer_with_no_taskflow
[2025-09-27T23:27:09.356+0100] {logging_mixin.py:190} INFO - [2025-09-27T23:27:09.356+0100] {override.py:1900} INFO - Created Permission View: menu access on DAG Run:dataset_alias_example_alias_producer_with_no_taskflow
[2025-09-27T23:27:09.367+0100] {logging_mixin.py:190} INFO - [2025-09-27T23:27:09.367+0100] {override.py:1900} INFO - Created Permission View: can delete on DAG:dataset_alias_example_alias_consumer_with_no_taskflow
[2025-09-27T23:27:09.374+0100] {logging_mixin.py:190} INFO - [2025-09-27T23:27:09.373+0100] {override.py:1900} INFO - Created Permission View: can read on DAG:dataset_alias_example_alias_consumer_with_no_taskflow
[2025-09-27T23:27:09.378+0100] {logging_mixin.py:190} INFO - [2025-09-27T23:27:09.378+0100] {override.py:1900} INFO - Created Permission View: can edit on DAG:dataset_alias_example_alias_consumer_with_no_taskflow
[2025-09-27T23:27:09.387+0100] {logging_mixin.py:190} INFO - [2025-09-27T23:27:09.387+0100] {override.py:1900} INFO - Created Permission View: can delete on DAG Run:dataset_alias_example_alias_consumer_with_no_taskflow
[2025-09-27T23:27:09.392+0100] {logging_mixin.py:190} INFO - [2025-09-27T23:27:09.392+0100] {override.py:1900} INFO - Created Permission View: can read on DAG Run:dataset_alias_example_alias_consumer_with_no_taskflow
[2025-09-27T23:27:09.397+0100] {logging_mixin.py:190} INFO - [2025-09-27T23:27:09.397+0100] {override.py:1900} INFO - Created Permission View: can create on DAG Run:dataset_alias_example_alias_consumer_with_no_taskflow
[2025-09-27T23:27:09.402+0100] {logging_mixin.py:190} INFO - [2025-09-27T23:27:09.402+0100] {override.py:1900} INFO - Created Permission View: menu access on DAG Run:dataset_alias_example_alias_consumer_with_no_taskflow
[2025-09-27T23:27:09.414+0100] {logging_mixin.py:190} INFO - [2025-09-27T23:27:09.414+0100] {override.py:1900} INFO - Created Permission View: can delete on DAG:dataset_s3_bucket_producer_with_no_taskflow
[2025-09-27T23:27:09.420+0100] {logging_mixin.py:190} INFO - [2025-09-27T23:27:09.420+0100] {override.py:1900} INFO - Created Permission View: can read on DAG:dataset_s3_bucket_producer_with_no_taskflow
[2025-09-27T23:27:09.425+0100] {logging_mixin.py:190} INFO - [2025-09-27T23:27:09.425+0100] {override.py:1900} INFO - Created Permission View: can edit on DAG:dataset_s3_bucket_producer_with_no_taskflow
[2025-09-27T23:27:09.433+0100] {logging_mixin.py:190} INFO - [2025-09-27T23:27:09.433+0100] {override.py:1900} INFO - Created Permission View: can delete on DAG Run:dataset_s3_bucket_producer_with_no_taskflow
[2025-09-27T23:27:09.438+0100] {logging_mixin.py:190} INFO - [2025-09-27T23:27:09.438+0100] {override.py:1900} INFO - Created Permission View: can read on DAG Run:dataset_s3_bucket_producer_with_no_taskflow
[2025-09-27T23:27:09.443+0100] {logging_mixin.py:190} INFO - [2025-09-27T23:27:09.443+0100] {override.py:1900} INFO - Created Permission View: can create on DAG Run:dataset_s3_bucket_producer_with_no_taskflow
[2025-09-27T23:27:09.449+0100] {logging_mixin.py:190} INFO - [2025-09-27T23:27:09.449+0100] {override.py:1900} INFO - Created Permission View: menu access on DAG Run:dataset_s3_bucket_producer_with_no_taskflow
[2025-09-27T23:27:09.449+0100] {logging_mixin.py:190} INFO - [2025-09-27T23:27:09.449+0100] {dag.py:3239} INFO - Sync 4 DAGs
[2025-09-27T23:27:09.457+0100] {logging_mixin.py:190} INFO - [2025-09-27T23:27:09.457+0100] {dag.py:3262} INFO - Creating ORM DAG for dataset_s3_bucket_producer_with_no_taskflow
[2025-09-27T23:27:09.457+0100] {logging_mixin.py:190} INFO - [2025-09-27T23:27:09.457+0100] {dag.py:3262} INFO - Creating ORM DAG for dataset_s3_bucket_consumer_with_no_taskflow
[2025-09-27T23:27:09.457+0100] {logging_mixin.py:190} INFO - [2025-09-27T23:27:09.457+0100] {dag.py:3262} INFO - Creating ORM DAG for dataset_alias_example_alias_producer_with_no_taskflow
[2025-09-27T23:27:09.458+0100] {logging_mixin.py:190} INFO - [2025-09-27T23:27:09.458+0100] {dag.py:3262} INFO - Creating ORM DAG for dataset_alias_example_alias_consumer_with_no_taskflow
[2025-09-27T23:27:09.462+0100] {logging_mixin.py:190} INFO - [2025-09-27T23:27:09.462+0100] {dag.py:4180} INFO - Setting next_dagrun for dataset_alias_example_alias_consumer_with_no_taskflow to None, run_after=None
[2025-09-27T23:27:09.463+0100] {logging_mixin.py:190} INFO - [2025-09-27T23:27:09.463+0100] {dag.py:4180} INFO - Setting next_dagrun for dataset_alias_example_alias_producer_with_no_taskflow to None, run_after=None
[2025-09-27T23:27:09.463+0100] {logging_mixin.py:190} INFO - [2025-09-27T23:27:09.463+0100] {dag.py:4180} INFO - Setting next_dagrun for dataset_s3_bucket_consumer_with_no_taskflow to None, run_after=None
[2025-09-27T23:27:09.463+0100] {logging_mixin.py:190} INFO - [2025-09-27T23:27:09.463+0100] {dag.py:4180} INFO - Setting next_dagrun for dataset_s3_bucket_producer_with_no_taskflow to None, run_after=None
[2025-09-27T23:27:09.484+0100] {processor.py:208} INFO - Processing /home/engineer/project/airflow_env/lib/python3.12/site-packages/airflow/example_dags/example_dataset_alias_with_no_taskflow.py took 0.312 seconds
[2025-09-27T23:28:05.890+0100] {processor.py:186} INFO - Started process (PID=20236) to work on /home/engineer/project/airflow_env/lib/python3.12/site-packages/airflow/example_dags/example_dataset_alias_with_no_taskflow.py
[2025-09-27T23:28:05.897+0100] {processor.py:914} INFO - Processing file /home/engineer/project/airflow_env/lib/python3.12/site-packages/airflow/example_dags/example_dataset_alias_with_no_taskflow.py for tasks to queue
[2025-09-27T23:28:05.899+0100] {logging_mixin.py:190} INFO - [2025-09-27T23:28:05.898+0100] {dagbag.py:588} INFO - Filling up the DagBag from /home/engineer/project/airflow_env/lib/python3.12/site-packages/airflow/example_dags/example_dataset_alias_with_no_taskflow.py
[2025-09-27T23:28:05.915+0100] {processor.py:925} INFO - DAG(s) 'dataset_s3_bucket_consumer_with_no_taskflow', 'dataset_alias_example_alias_producer_with_no_taskflow', 'dataset_s3_bucket_producer_with_no_taskflow', 'dataset_alias_example_alias_consumer_with_no_taskflow' retrieved from /home/engineer/project/airflow_env/lib/python3.12/site-packages/airflow/example_dags/example_dataset_alias_with_no_taskflow.py
[2025-09-27T23:28:05.928+0100] {logging_mixin.py:190} INFO - [2025-09-27T23:28:05.928+0100] {dag.py:3239} INFO - Sync 4 DAGs
[2025-09-27T23:28:05.944+0100] {logging_mixin.py:190} INFO - [2025-09-27T23:28:05.944+0100] {dag.py:4180} INFO - Setting next_dagrun for dataset_alias_example_alias_consumer_with_no_taskflow to None, run_after=None
[2025-09-27T23:28:05.946+0100] {logging_mixin.py:190} INFO - [2025-09-27T23:28:05.946+0100] {dag.py:4180} INFO - Setting next_dagrun for dataset_alias_example_alias_producer_with_no_taskflow to None, run_after=None
[2025-09-27T23:28:05.946+0100] {logging_mixin.py:190} INFO - [2025-09-27T23:28:05.946+0100] {dag.py:4180} INFO - Setting next_dagrun for dataset_s3_bucket_consumer_with_no_taskflow to None, run_after=None
[2025-09-27T23:28:05.947+0100] {logging_mixin.py:190} INFO - [2025-09-27T23:28:05.947+0100] {dag.py:4180} INFO - Setting next_dagrun for dataset_s3_bucket_producer_with_no_taskflow to None, run_after=None
[2025-09-27T23:28:05.965+0100] {processor.py:208} INFO - Processing /home/engineer/project/airflow_env/lib/python3.12/site-packages/airflow/example_dags/example_dataset_alias_with_no_taskflow.py took 0.080 seconds
[2025-09-27T23:28:58.557+0100] {processor.py:186} INFO - Started process (PID=20448) to work on /home/engineer/project/airflow_env/lib/python3.12/site-packages/airflow/example_dags/example_dataset_alias_with_no_taskflow.py
[2025-09-27T23:28:58.558+0100] {processor.py:914} INFO - Processing file /home/engineer/project/airflow_env/lib/python3.12/site-packages/airflow/example_dags/example_dataset_alias_with_no_taskflow.py for tasks to queue
[2025-09-27T23:28:58.560+0100] {logging_mixin.py:190} INFO - [2025-09-27T23:28:58.560+0100] {dagbag.py:588} INFO - Filling up the DagBag from /home/engineer/project/airflow_env/lib/python3.12/site-packages/airflow/example_dags/example_dataset_alias_with_no_taskflow.py
[2025-09-27T23:28:58.581+0100] {processor.py:925} INFO - DAG(s) 'dataset_alias_example_alias_consumer_with_no_taskflow', 'dataset_alias_example_alias_producer_with_no_taskflow', 'dataset_s3_bucket_producer_with_no_taskflow', 'dataset_s3_bucket_consumer_with_no_taskflow' retrieved from /home/engineer/project/airflow_env/lib/python3.12/site-packages/airflow/example_dags/example_dataset_alias_with_no_taskflow.py
[2025-09-27T23:28:58.594+0100] {logging_mixin.py:190} INFO - [2025-09-27T23:28:58.594+0100] {dag.py:3239} INFO - Sync 4 DAGs
[2025-09-27T23:28:58.607+0100] {logging_mixin.py:190} INFO - [2025-09-27T23:28:58.607+0100] {dag.py:4180} INFO - Setting next_dagrun for dataset_alias_example_alias_consumer_with_no_taskflow to None, run_after=None
[2025-09-27T23:28:58.608+0100] {logging_mixin.py:190} INFO - [2025-09-27T23:28:58.608+0100] {dag.py:4180} INFO - Setting next_dagrun for dataset_alias_example_alias_producer_with_no_taskflow to None, run_after=None
[2025-09-27T23:28:58.609+0100] {logging_mixin.py:190} INFO - [2025-09-27T23:28:58.609+0100] {dag.py:4180} INFO - Setting next_dagrun for dataset_s3_bucket_consumer_with_no_taskflow to None, run_after=None
[2025-09-27T23:28:58.609+0100] {logging_mixin.py:190} INFO - [2025-09-27T23:28:58.609+0100] {dag.py:4180} INFO - Setting next_dagrun for dataset_s3_bucket_producer_with_no_taskflow to None, run_after=None
[2025-09-27T23:28:58.626+0100] {processor.py:208} INFO - Processing /home/engineer/project/airflow_env/lib/python3.12/site-packages/airflow/example_dags/example_dataset_alias_with_no_taskflow.py took 0.074 seconds
[2025-09-27T23:30:06.935+0100] {processor.py:186} INFO - Started process (PID=20726) to work on /home/engineer/project/airflow_env/lib/python3.12/site-packages/airflow/example_dags/example_dataset_alias_with_no_taskflow.py
[2025-09-27T23:30:06.936+0100] {processor.py:914} INFO - Processing file /home/engineer/project/airflow_env/lib/python3.12/site-packages/airflow/example_dags/example_dataset_alias_with_no_taskflow.py for tasks to queue
[2025-09-27T23:30:06.938+0100] {logging_mixin.py:190} INFO - [2025-09-27T23:30:06.938+0100] {dagbag.py:588} INFO - Filling up the DagBag from /home/engineer/project/airflow_env/lib/python3.12/site-packages/airflow/example_dags/example_dataset_alias_with_no_taskflow.py
[2025-09-27T23:30:06.960+0100] {processor.py:925} INFO - DAG(s) 'dataset_s3_bucket_producer_with_no_taskflow', 'dataset_alias_example_alias_producer_with_no_taskflow', 'dataset_s3_bucket_consumer_with_no_taskflow', 'dataset_alias_example_alias_consumer_with_no_taskflow' retrieved from /home/engineer/project/airflow_env/lib/python3.12/site-packages/airflow/example_dags/example_dataset_alias_with_no_taskflow.py
[2025-09-27T23:30:06.973+0100] {logging_mixin.py:190} INFO - [2025-09-27T23:30:06.973+0100] {dag.py:3239} INFO - Sync 4 DAGs
[2025-09-27T23:30:06.987+0100] {logging_mixin.py:190} INFO - [2025-09-27T23:30:06.987+0100] {dag.py:4180} INFO - Setting next_dagrun for dataset_alias_example_alias_consumer_with_no_taskflow to None, run_after=None
[2025-09-27T23:30:06.989+0100] {logging_mixin.py:190} INFO - [2025-09-27T23:30:06.988+0100] {dag.py:4180} INFO - Setting next_dagrun for dataset_alias_example_alias_producer_with_no_taskflow to None, run_after=None
[2025-09-27T23:30:06.989+0100] {logging_mixin.py:190} INFO - [2025-09-27T23:30:06.989+0100] {dag.py:4180} INFO - Setting next_dagrun for dataset_s3_bucket_consumer_with_no_taskflow to None, run_after=None
[2025-09-27T23:30:06.990+0100] {logging_mixin.py:190} INFO - [2025-09-27T23:30:06.990+0100] {dag.py:4180} INFO - Setting next_dagrun for dataset_s3_bucket_producer_with_no_taskflow to None, run_after=None
[2025-09-27T23:30:07.012+0100] {processor.py:208} INFO - Processing /home/engineer/project/airflow_env/lib/python3.12/site-packages/airflow/example_dags/example_dataset_alias_with_no_taskflow.py took 0.080 seconds
[2025-09-27T23:31:19.272+0100] {processor.py:186} INFO - Started process (PID=21614) to work on /home/engineer/project/airflow_env/lib/python3.12/site-packages/airflow/example_dags/example_dataset_alias_with_no_taskflow.py
[2025-09-27T23:31:19.279+0100] {processor.py:914} INFO - Processing file /home/engineer/project/airflow_env/lib/python3.12/site-packages/airflow/example_dags/example_dataset_alias_with_no_taskflow.py for tasks to queue
[2025-09-27T23:31:19.281+0100] {logging_mixin.py:190} INFO - [2025-09-27T23:31:19.281+0100] {dagbag.py:588} INFO - Filling up the DagBag from /home/engineer/project/airflow_env/lib/python3.12/site-packages/airflow/example_dags/example_dataset_alias_with_no_taskflow.py
[2025-09-27T23:31:19.298+0100] {processor.py:925} INFO - DAG(s) 'dataset_alias_example_alias_producer_with_no_taskflow', 'dataset_s3_bucket_producer_with_no_taskflow', 'dataset_alias_example_alias_consumer_with_no_taskflow', 'dataset_s3_bucket_consumer_with_no_taskflow' retrieved from /home/engineer/project/airflow_env/lib/python3.12/site-packages/airflow/example_dags/example_dataset_alias_with_no_taskflow.py
[2025-09-27T23:31:19.395+0100] {logging_mixin.py:190} INFO - [2025-09-27T23:31:19.395+0100] {dag.py:3239} INFO - Sync 4 DAGs
[2025-09-27T23:31:19.406+0100] {logging_mixin.py:190} INFO - [2025-09-27T23:31:19.405+0100] {dag.py:4180} INFO - Setting next_dagrun for dataset_alias_example_alias_consumer_with_no_taskflow to None, run_after=None
[2025-09-27T23:31:19.407+0100] {logging_mixin.py:190} INFO - [2025-09-27T23:31:19.407+0100] {dag.py:4180} INFO - Setting next_dagrun for dataset_alias_example_alias_producer_with_no_taskflow to None, run_after=None
[2025-09-27T23:31:19.408+0100] {logging_mixin.py:190} INFO - [2025-09-27T23:31:19.407+0100] {dag.py:4180} INFO - Setting next_dagrun for dataset_s3_bucket_consumer_with_no_taskflow to None, run_after=None
[2025-09-27T23:31:19.408+0100] {logging_mixin.py:190} INFO - [2025-09-27T23:31:19.408+0100] {dag.py:4180} INFO - Setting next_dagrun for dataset_s3_bucket_producer_with_no_taskflow to None, run_after=None
[2025-09-27T23:31:19.427+0100] {processor.py:208} INFO - Processing /home/engineer/project/airflow_env/lib/python3.12/site-packages/airflow/example_dags/example_dataset_alias_with_no_taskflow.py took 0.160 seconds
[2025-09-27T23:32:16.829+0100] {processor.py:186} INFO - Started process (PID=21930) to work on /home/engineer/project/airflow_env/lib/python3.12/site-packages/airflow/example_dags/example_dataset_alias_with_no_taskflow.py
[2025-09-27T23:32:16.830+0100] {processor.py:914} INFO - Processing file /home/engineer/project/airflow_env/lib/python3.12/site-packages/airflow/example_dags/example_dataset_alias_with_no_taskflow.py for tasks to queue
[2025-09-27T23:32:16.832+0100] {logging_mixin.py:190} INFO - [2025-09-27T23:32:16.832+0100] {dagbag.py:588} INFO - Filling up the DagBag from /home/engineer/project/airflow_env/lib/python3.12/site-packages/airflow/example_dags/example_dataset_alias_with_no_taskflow.py
[2025-09-27T23:32:16.851+0100] {processor.py:925} INFO - DAG(s) 'dataset_alias_example_alias_consumer_with_no_taskflow', 'dataset_alias_example_alias_producer_with_no_taskflow', 'dataset_s3_bucket_consumer_with_no_taskflow', 'dataset_s3_bucket_producer_with_no_taskflow' retrieved from /home/engineer/project/airflow_env/lib/python3.12/site-packages/airflow/example_dags/example_dataset_alias_with_no_taskflow.py
[2025-09-27T23:32:16.866+0100] {logging_mixin.py:190} INFO - [2025-09-27T23:32:16.865+0100] {dag.py:3239} INFO - Sync 4 DAGs
[2025-09-27T23:32:16.881+0100] {logging_mixin.py:190} INFO - [2025-09-27T23:32:16.880+0100] {dag.py:4180} INFO - Setting next_dagrun for dataset_alias_example_alias_consumer_with_no_taskflow to None, run_after=None
[2025-09-27T23:32:16.882+0100] {logging_mixin.py:190} INFO - [2025-09-27T23:32:16.882+0100] {dag.py:4180} INFO - Setting next_dagrun for dataset_alias_example_alias_producer_with_no_taskflow to None, run_after=None
[2025-09-27T23:32:16.882+0100] {logging_mixin.py:190} INFO - [2025-09-27T23:32:16.882+0100] {dag.py:4180} INFO - Setting next_dagrun for dataset_s3_bucket_consumer_with_no_taskflow to None, run_after=None
[2025-09-27T23:32:16.883+0100] {logging_mixin.py:190} INFO - [2025-09-27T23:32:16.883+0100] {dag.py:4180} INFO - Setting next_dagrun for dataset_s3_bucket_producer_with_no_taskflow to None, run_after=None
[2025-09-27T23:32:16.900+0100] {processor.py:208} INFO - Processing /home/engineer/project/airflow_env/lib/python3.12/site-packages/airflow/example_dags/example_dataset_alias_with_no_taskflow.py took 0.076 seconds
[2025-09-27T23:33:26.505+0100] {processor.py:186} INFO - Started process (PID=22209) to work on /home/engineer/project/airflow_env/lib/python3.12/site-packages/airflow/example_dags/example_dataset_alias_with_no_taskflow.py
[2025-09-27T23:33:26.512+0100] {processor.py:914} INFO - Processing file /home/engineer/project/airflow_env/lib/python3.12/site-packages/airflow/example_dags/example_dataset_alias_with_no_taskflow.py for tasks to queue
[2025-09-27T23:33:26.513+0100] {logging_mixin.py:190} INFO - [2025-09-27T23:33:26.513+0100] {dagbag.py:588} INFO - Filling up the DagBag from /home/engineer/project/airflow_env/lib/python3.12/site-packages/airflow/example_dags/example_dataset_alias_with_no_taskflow.py
[2025-09-27T23:33:26.531+0100] {processor.py:925} INFO - DAG(s) 'dataset_alias_example_alias_producer_with_no_taskflow', 'dataset_s3_bucket_producer_with_no_taskflow', 'dataset_s3_bucket_consumer_with_no_taskflow', 'dataset_alias_example_alias_consumer_with_no_taskflow' retrieved from /home/engineer/project/airflow_env/lib/python3.12/site-packages/airflow/example_dags/example_dataset_alias_with_no_taskflow.py
[2025-09-27T23:33:26.544+0100] {logging_mixin.py:190} INFO - [2025-09-27T23:33:26.544+0100] {dag.py:3239} INFO - Sync 4 DAGs
[2025-09-27T23:33:26.559+0100] {logging_mixin.py:190} INFO - [2025-09-27T23:33:26.559+0100] {dag.py:4180} INFO - Setting next_dagrun for dataset_alias_example_alias_consumer_with_no_taskflow to None, run_after=None
[2025-09-27T23:33:26.560+0100] {logging_mixin.py:190} INFO - [2025-09-27T23:33:26.560+0100] {dag.py:4180} INFO - Setting next_dagrun for dataset_alias_example_alias_producer_with_no_taskflow to None, run_after=None
[2025-09-27T23:33:26.561+0100] {logging_mixin.py:190} INFO - [2025-09-27T23:33:26.561+0100] {dag.py:4180} INFO - Setting next_dagrun for dataset_s3_bucket_consumer_with_no_taskflow to None, run_after=None
[2025-09-27T23:33:26.561+0100] {logging_mixin.py:190} INFO - [2025-09-27T23:33:26.561+0100] {dag.py:4180} INFO - Setting next_dagrun for dataset_s3_bucket_producer_with_no_taskflow to None, run_after=None
[2025-09-27T23:33:26.579+0100] {processor.py:208} INFO - Processing /home/engineer/project/airflow_env/lib/python3.12/site-packages/airflow/example_dags/example_dataset_alias_with_no_taskflow.py took 0.078 seconds
[2025-09-27T23:34:41.972+0100] {processor.py:186} INFO - Started process (PID=22508) to work on /home/engineer/project/airflow_env/lib/python3.12/site-packages/airflow/example_dags/example_dataset_alias_with_no_taskflow.py
[2025-09-27T23:34:41.979+0100] {processor.py:914} INFO - Processing file /home/engineer/project/airflow_env/lib/python3.12/site-packages/airflow/example_dags/example_dataset_alias_with_no_taskflow.py for tasks to queue
[2025-09-27T23:34:41.980+0100] {logging_mixin.py:190} INFO - [2025-09-27T23:34:41.980+0100] {dagbag.py:588} INFO - Filling up the DagBag from /home/engineer/project/airflow_env/lib/python3.12/site-packages/airflow/example_dags/example_dataset_alias_with_no_taskflow.py
[2025-09-27T23:34:41.997+0100] {processor.py:925} INFO - DAG(s) 'dataset_s3_bucket_producer_with_no_taskflow', 'dataset_alias_example_alias_consumer_with_no_taskflow', 'dataset_alias_example_alias_producer_with_no_taskflow', 'dataset_s3_bucket_consumer_with_no_taskflow' retrieved from /home/engineer/project/airflow_env/lib/python3.12/site-packages/airflow/example_dags/example_dataset_alias_with_no_taskflow.py
[2025-09-27T23:34:42.009+0100] {logging_mixin.py:190} INFO - [2025-09-27T23:34:42.009+0100] {dag.py:3239} INFO - Sync 4 DAGs
[2025-09-27T23:34:42.022+0100] {logging_mixin.py:190} INFO - [2025-09-27T23:34:42.021+0100] {dag.py:4180} INFO - Setting next_dagrun for dataset_alias_example_alias_consumer_with_no_taskflow to None, run_after=None
[2025-09-27T23:34:42.023+0100] {logging_mixin.py:190} INFO - [2025-09-27T23:34:42.023+0100] {dag.py:4180} INFO - Setting next_dagrun for dataset_alias_example_alias_producer_with_no_taskflow to None, run_after=None
[2025-09-27T23:34:42.023+0100] {logging_mixin.py:190} INFO - [2025-09-27T23:34:42.023+0100] {dag.py:4180} INFO - Setting next_dagrun for dataset_s3_bucket_consumer_with_no_taskflow to None, run_after=None
[2025-09-27T23:34:42.024+0100] {logging_mixin.py:190} INFO - [2025-09-27T23:34:42.024+0100] {dag.py:4180} INFO - Setting next_dagrun for dataset_s3_bucket_producer_with_no_taskflow to None, run_after=None
[2025-09-27T23:34:42.041+0100] {processor.py:208} INFO - Processing /home/engineer/project/airflow_env/lib/python3.12/site-packages/airflow/example_dags/example_dataset_alias_with_no_taskflow.py took 0.073 seconds
[2025-09-27T23:35:54.389+0100] {processor.py:186} INFO - Started process (PID=22794) to work on /home/engineer/project/airflow_env/lib/python3.12/site-packages/airflow/example_dags/example_dataset_alias_with_no_taskflow.py
[2025-09-27T23:35:54.396+0100] {processor.py:914} INFO - Processing file /home/engineer/project/airflow_env/lib/python3.12/site-packages/airflow/example_dags/example_dataset_alias_with_no_taskflow.py for tasks to queue
[2025-09-27T23:35:54.397+0100] {logging_mixin.py:190} INFO - [2025-09-27T23:35:54.397+0100] {dagbag.py:588} INFO - Filling up the DagBag from /home/engineer/project/airflow_env/lib/python3.12/site-packages/airflow/example_dags/example_dataset_alias_with_no_taskflow.py
[2025-09-27T23:35:54.414+0100] {processor.py:925} INFO - DAG(s) 'dataset_alias_example_alias_producer_with_no_taskflow', 'dataset_alias_example_alias_consumer_with_no_taskflow', 'dataset_s3_bucket_producer_with_no_taskflow', 'dataset_s3_bucket_consumer_with_no_taskflow' retrieved from /home/engineer/project/airflow_env/lib/python3.12/site-packages/airflow/example_dags/example_dataset_alias_with_no_taskflow.py
[2025-09-27T23:35:54.425+0100] {logging_mixin.py:190} INFO - [2025-09-27T23:35:54.425+0100] {dag.py:3239} INFO - Sync 4 DAGs
[2025-09-27T23:35:54.438+0100] {logging_mixin.py:190} INFO - [2025-09-27T23:35:54.437+0100] {dag.py:4180} INFO - Setting next_dagrun for dataset_alias_example_alias_consumer_with_no_taskflow to None, run_after=None
[2025-09-27T23:35:54.439+0100] {logging_mixin.py:190} INFO - [2025-09-27T23:35:54.439+0100] {dag.py:4180} INFO - Setting next_dagrun for dataset_alias_example_alias_producer_with_no_taskflow to None, run_after=None
[2025-09-27T23:35:54.439+0100] {logging_mixin.py:190} INFO - [2025-09-27T23:35:54.439+0100] {dag.py:4180} INFO - Setting next_dagrun for dataset_s3_bucket_consumer_with_no_taskflow to None, run_after=None
[2025-09-27T23:35:54.440+0100] {logging_mixin.py:190} INFO - [2025-09-27T23:35:54.440+0100] {dag.py:4180} INFO - Setting next_dagrun for dataset_s3_bucket_producer_with_no_taskflow to None, run_after=None
[2025-09-27T23:35:54.457+0100] {processor.py:208} INFO - Processing /home/engineer/project/airflow_env/lib/python3.12/site-packages/airflow/example_dags/example_dataset_alias_with_no_taskflow.py took 0.072 seconds
[2025-09-27T23:37:07.387+0100] {processor.py:186} INFO - Started process (PID=23111) to work on /home/engineer/project/airflow_env/lib/python3.12/site-packages/airflow/example_dags/example_dataset_alias_with_no_taskflow.py
[2025-09-27T23:37:07.388+0100] {processor.py:914} INFO - Processing file /home/engineer/project/airflow_env/lib/python3.12/site-packages/airflow/example_dags/example_dataset_alias_with_no_taskflow.py for tasks to queue
[2025-09-27T23:37:07.389+0100] {logging_mixin.py:190} INFO - [2025-09-27T23:37:07.389+0100] {dagbag.py:588} INFO - Filling up the DagBag from /home/engineer/project/airflow_env/lib/python3.12/site-packages/airflow/example_dags/example_dataset_alias_with_no_taskflow.py
[2025-09-27T23:37:07.405+0100] {processor.py:925} INFO - DAG(s) 'dataset_s3_bucket_producer_with_no_taskflow', 'dataset_alias_example_alias_producer_with_no_taskflow', 'dataset_alias_example_alias_consumer_with_no_taskflow', 'dataset_s3_bucket_consumer_with_no_taskflow' retrieved from /home/engineer/project/airflow_env/lib/python3.12/site-packages/airflow/example_dags/example_dataset_alias_with_no_taskflow.py
[2025-09-27T23:37:07.416+0100] {logging_mixin.py:190} INFO - [2025-09-27T23:37:07.416+0100] {dag.py:3239} INFO - Sync 4 DAGs
[2025-09-27T23:37:07.429+0100] {logging_mixin.py:190} INFO - [2025-09-27T23:37:07.429+0100] {dag.py:4180} INFO - Setting next_dagrun for dataset_alias_example_alias_consumer_with_no_taskflow to None, run_after=None
[2025-09-27T23:37:07.430+0100] {logging_mixin.py:190} INFO - [2025-09-27T23:37:07.430+0100] {dag.py:4180} INFO - Setting next_dagrun for dataset_alias_example_alias_producer_with_no_taskflow to None, run_after=None
[2025-09-27T23:37:07.431+0100] {logging_mixin.py:190} INFO - [2025-09-27T23:37:07.431+0100] {dag.py:4180} INFO - Setting next_dagrun for dataset_s3_bucket_consumer_with_no_taskflow to None, run_after=None
[2025-09-27T23:37:07.431+0100] {logging_mixin.py:190} INFO - [2025-09-27T23:37:07.431+0100] {dag.py:4180} INFO - Setting next_dagrun for dataset_s3_bucket_producer_with_no_taskflow to None, run_after=None
[2025-09-27T23:37:07.447+0100] {processor.py:208} INFO - Processing /home/engineer/project/airflow_env/lib/python3.12/site-packages/airflow/example_dags/example_dataset_alias_with_no_taskflow.py took 0.065 seconds
[2025-09-27T23:39:17.477+0100] {processor.py:186} INFO - Started process (PID=23532) to work on /home/engineer/project/airflow_env/lib/python3.12/site-packages/airflow/example_dags/example_dataset_alias_with_no_taskflow.py
[2025-09-27T23:39:17.485+0100] {processor.py:914} INFO - Processing file /home/engineer/project/airflow_env/lib/python3.12/site-packages/airflow/example_dags/example_dataset_alias_with_no_taskflow.py for tasks to queue
[2025-09-27T23:39:17.485+0100] {logging_mixin.py:190} INFO - [2025-09-27T23:39:17.485+0100] {dagbag.py:588} INFO - Filling up the DagBag from /home/engineer/project/airflow_env/lib/python3.12/site-packages/airflow/example_dags/example_dataset_alias_with_no_taskflow.py
[2025-09-27T23:39:17.501+0100] {processor.py:925} INFO - DAG(s) 'dataset_alias_example_alias_producer_with_no_taskflow', 'dataset_alias_example_alias_consumer_with_no_taskflow', 'dataset_s3_bucket_producer_with_no_taskflow', 'dataset_s3_bucket_consumer_with_no_taskflow' retrieved from /home/engineer/project/airflow_env/lib/python3.12/site-packages/airflow/example_dags/example_dataset_alias_with_no_taskflow.py
[2025-09-27T23:39:17.513+0100] {logging_mixin.py:190} INFO - [2025-09-27T23:39:17.512+0100] {dag.py:3239} INFO - Sync 4 DAGs
[2025-09-27T23:39:17.526+0100] {logging_mixin.py:190} INFO - [2025-09-27T23:39:17.526+0100] {dag.py:4180} INFO - Setting next_dagrun for dataset_alias_example_alias_consumer_with_no_taskflow to None, run_after=None
[2025-09-27T23:39:17.527+0100] {logging_mixin.py:190} INFO - [2025-09-27T23:39:17.527+0100] {dag.py:4180} INFO - Setting next_dagrun for dataset_alias_example_alias_producer_with_no_taskflow to None, run_after=None
[2025-09-27T23:39:17.528+0100] {logging_mixin.py:190} INFO - [2025-09-27T23:39:17.528+0100] {dag.py:4180} INFO - Setting next_dagrun for dataset_s3_bucket_consumer_with_no_taskflow to None, run_after=None
[2025-09-27T23:39:17.528+0100] {logging_mixin.py:190} INFO - [2025-09-27T23:39:17.528+0100] {dag.py:4180} INFO - Setting next_dagrun for dataset_s3_bucket_producer_with_no_taskflow to None, run_after=None
[2025-09-27T23:39:17.546+0100] {processor.py:208} INFO - Processing /home/engineer/project/airflow_env/lib/python3.12/site-packages/airflow/example_dags/example_dataset_alias_with_no_taskflow.py took 0.073 seconds
[2025-09-27T23:40:12.573+0100] {processor.py:186} INFO - Started process (PID=23751) to work on /home/engineer/project/airflow_env/lib/python3.12/site-packages/airflow/example_dags/example_dataset_alias_with_no_taskflow.py
[2025-09-27T23:40:12.580+0100] {processor.py:914} INFO - Processing file /home/engineer/project/airflow_env/lib/python3.12/site-packages/airflow/example_dags/example_dataset_alias_with_no_taskflow.py for tasks to queue
[2025-09-27T23:40:12.581+0100] {logging_mixin.py:190} INFO - [2025-09-27T23:40:12.580+0100] {dagbag.py:588} INFO - Filling up the DagBag from /home/engineer/project/airflow_env/lib/python3.12/site-packages/airflow/example_dags/example_dataset_alias_with_no_taskflow.py
[2025-09-27T23:40:12.597+0100] {processor.py:925} INFO - DAG(s) 'dataset_s3_bucket_consumer_with_no_taskflow', 'dataset_s3_bucket_producer_with_no_taskflow', 'dataset_alias_example_alias_producer_with_no_taskflow', 'dataset_alias_example_alias_consumer_with_no_taskflow' retrieved from /home/engineer/project/airflow_env/lib/python3.12/site-packages/airflow/example_dags/example_dataset_alias_with_no_taskflow.py
[2025-09-27T23:40:12.610+0100] {logging_mixin.py:190} INFO - [2025-09-27T23:40:12.610+0100] {dag.py:3239} INFO - Sync 4 DAGs
[2025-09-27T23:40:12.623+0100] {logging_mixin.py:190} INFO - [2025-09-27T23:40:12.623+0100] {dag.py:4180} INFO - Setting next_dagrun for dataset_alias_example_alias_consumer_with_no_taskflow to None, run_after=None
[2025-09-27T23:40:12.625+0100] {logging_mixin.py:190} INFO - [2025-09-27T23:40:12.625+0100] {dag.py:4180} INFO - Setting next_dagrun for dataset_alias_example_alias_producer_with_no_taskflow to None, run_after=None
[2025-09-27T23:40:12.625+0100] {logging_mixin.py:190} INFO - [2025-09-27T23:40:12.625+0100] {dag.py:4180} INFO - Setting next_dagrun for dataset_s3_bucket_consumer_with_no_taskflow to None, run_after=None
[2025-09-27T23:40:12.626+0100] {logging_mixin.py:190} INFO - [2025-09-27T23:40:12.626+0100] {dag.py:4180} INFO - Setting next_dagrun for dataset_s3_bucket_producer_with_no_taskflow to None, run_after=None
[2025-09-27T23:40:12.644+0100] {processor.py:208} INFO - Processing /home/engineer/project/airflow_env/lib/python3.12/site-packages/airflow/example_dags/example_dataset_alias_with_no_taskflow.py took 0.075 seconds
[2025-09-27T23:41:26.366+0100] {processor.py:186} INFO - Started process (PID=24044) to work on /home/engineer/project/airflow_env/lib/python3.12/site-packages/airflow/example_dags/example_dataset_alias_with_no_taskflow.py
[2025-09-27T23:41:26.367+0100] {processor.py:914} INFO - Processing file /home/engineer/project/airflow_env/lib/python3.12/site-packages/airflow/example_dags/example_dataset_alias_with_no_taskflow.py for tasks to queue
[2025-09-27T23:41:26.368+0100] {logging_mixin.py:190} INFO - [2025-09-27T23:41:26.368+0100] {dagbag.py:588} INFO - Filling up the DagBag from /home/engineer/project/airflow_env/lib/python3.12/site-packages/airflow/example_dags/example_dataset_alias_with_no_taskflow.py
[2025-09-27T23:41:26.384+0100] {processor.py:925} INFO - DAG(s) 'dataset_alias_example_alias_producer_with_no_taskflow', 'dataset_s3_bucket_producer_with_no_taskflow', 'dataset_alias_example_alias_consumer_with_no_taskflow', 'dataset_s3_bucket_consumer_with_no_taskflow' retrieved from /home/engineer/project/airflow_env/lib/python3.12/site-packages/airflow/example_dags/example_dataset_alias_with_no_taskflow.py
[2025-09-27T23:41:26.396+0100] {logging_mixin.py:190} INFO - [2025-09-27T23:41:26.396+0100] {dag.py:3239} INFO - Sync 4 DAGs
[2025-09-27T23:41:26.409+0100] {logging_mixin.py:190} INFO - [2025-09-27T23:41:26.408+0100] {dag.py:4180} INFO - Setting next_dagrun for dataset_alias_example_alias_consumer_with_no_taskflow to None, run_after=None
[2025-09-27T23:41:26.410+0100] {logging_mixin.py:190} INFO - [2025-09-27T23:41:26.410+0100] {dag.py:4180} INFO - Setting next_dagrun for dataset_alias_example_alias_producer_with_no_taskflow to None, run_after=None
[2025-09-27T23:41:26.410+0100] {logging_mixin.py:190} INFO - [2025-09-27T23:41:26.410+0100] {dag.py:4180} INFO - Setting next_dagrun for dataset_s3_bucket_consumer_with_no_taskflow to None, run_after=None
[2025-09-27T23:41:26.411+0100] {logging_mixin.py:190} INFO - [2025-09-27T23:41:26.411+0100] {dag.py:4180} INFO - Setting next_dagrun for dataset_s3_bucket_producer_with_no_taskflow to None, run_after=None
[2025-09-27T23:41:26.428+0100] {processor.py:208} INFO - Processing /home/engineer/project/airflow_env/lib/python3.12/site-packages/airflow/example_dags/example_dataset_alias_with_no_taskflow.py took 0.065 seconds
[2025-09-27T23:42:41.975+0100] {processor.py:186} INFO - Started process (PID=24364) to work on /home/engineer/project/airflow_env/lib/python3.12/site-packages/airflow/example_dags/example_dataset_alias_with_no_taskflow.py
[2025-09-27T23:42:41.982+0100] {processor.py:914} INFO - Processing file /home/engineer/project/airflow_env/lib/python3.12/site-packages/airflow/example_dags/example_dataset_alias_with_no_taskflow.py for tasks to queue
[2025-09-27T23:42:41.984+0100] {logging_mixin.py:190} INFO - [2025-09-27T23:42:41.983+0100] {dagbag.py:588} INFO - Filling up the DagBag from /home/engineer/project/airflow_env/lib/python3.12/site-packages/airflow/example_dags/example_dataset_alias_with_no_taskflow.py
[2025-09-27T23:42:42.010+0100] {processor.py:925} INFO - DAG(s) 'dataset_alias_example_alias_producer_with_no_taskflow', 'dataset_s3_bucket_consumer_with_no_taskflow', 'dataset_s3_bucket_producer_with_no_taskflow', 'dataset_alias_example_alias_consumer_with_no_taskflow' retrieved from /home/engineer/project/airflow_env/lib/python3.12/site-packages/airflow/example_dags/example_dataset_alias_with_no_taskflow.py
[2025-09-27T23:42:42.033+0100] {logging_mixin.py:190} INFO - [2025-09-27T23:42:42.033+0100] {dag.py:3239} INFO - Sync 4 DAGs
[2025-09-27T23:42:42.055+0100] {logging_mixin.py:190} INFO - [2025-09-27T23:42:42.055+0100] {dag.py:4180} INFO - Setting next_dagrun for dataset_alias_example_alias_consumer_with_no_taskflow to None, run_after=None
[2025-09-27T23:42:42.058+0100] {logging_mixin.py:190} INFO - [2025-09-27T23:42:42.058+0100] {dag.py:4180} INFO - Setting next_dagrun for dataset_alias_example_alias_producer_with_no_taskflow to None, run_after=None
[2025-09-27T23:42:42.059+0100] {logging_mixin.py:190} INFO - [2025-09-27T23:42:42.059+0100] {dag.py:4180} INFO - Setting next_dagrun for dataset_s3_bucket_consumer_with_no_taskflow to None, run_after=None
[2025-09-27T23:42:42.060+0100] {logging_mixin.py:190} INFO - [2025-09-27T23:42:42.059+0100] {dag.py:4180} INFO - Setting next_dagrun for dataset_s3_bucket_producer_with_no_taskflow to None, run_after=None
[2025-09-27T23:42:42.087+0100] {processor.py:208} INFO - Processing /home/engineer/project/airflow_env/lib/python3.12/site-packages/airflow/example_dags/example_dataset_alias_with_no_taskflow.py took 0.118 seconds
[2025-09-27T23:43:57.257+0100] {processor.py:186} INFO - Started process (PID=24758) to work on /home/engineer/project/airflow_env/lib/python3.12/site-packages/airflow/example_dags/example_dataset_alias_with_no_taskflow.py
[2025-09-27T23:43:57.259+0100] {processor.py:914} INFO - Processing file /home/engineer/project/airflow_env/lib/python3.12/site-packages/airflow/example_dags/example_dataset_alias_with_no_taskflow.py for tasks to queue
[2025-09-27T23:43:57.259+0100] {logging_mixin.py:190} INFO - [2025-09-27T23:43:57.259+0100] {dagbag.py:588} INFO - Filling up the DagBag from /home/engineer/project/airflow_env/lib/python3.12/site-packages/airflow/example_dags/example_dataset_alias_with_no_taskflow.py
[2025-09-27T23:43:57.277+0100] {processor.py:925} INFO - DAG(s) 'dataset_s3_bucket_producer_with_no_taskflow', 'dataset_s3_bucket_consumer_with_no_taskflow', 'dataset_alias_example_alias_producer_with_no_taskflow', 'dataset_alias_example_alias_consumer_with_no_taskflow' retrieved from /home/engineer/project/airflow_env/lib/python3.12/site-packages/airflow/example_dags/example_dataset_alias_with_no_taskflow.py
[2025-09-27T23:43:57.290+0100] {logging_mixin.py:190} INFO - [2025-09-27T23:43:57.290+0100] {dag.py:3239} INFO - Sync 4 DAGs
[2025-09-27T23:43:57.305+0100] {logging_mixin.py:190} INFO - [2025-09-27T23:43:57.304+0100] {dag.py:4180} INFO - Setting next_dagrun for dataset_alias_example_alias_consumer_with_no_taskflow to None, run_after=None
[2025-09-27T23:43:57.306+0100] {logging_mixin.py:190} INFO - [2025-09-27T23:43:57.306+0100] {dag.py:4180} INFO - Setting next_dagrun for dataset_alias_example_alias_producer_with_no_taskflow to None, run_after=None
[2025-09-27T23:43:57.307+0100] {logging_mixin.py:190} INFO - [2025-09-27T23:43:57.306+0100] {dag.py:4180} INFO - Setting next_dagrun for dataset_s3_bucket_consumer_with_no_taskflow to None, run_after=None
[2025-09-27T23:43:57.307+0100] {logging_mixin.py:190} INFO - [2025-09-27T23:43:57.307+0100] {dag.py:4180} INFO - Setting next_dagrun for dataset_s3_bucket_producer_with_no_taskflow to None, run_after=None
[2025-09-27T23:43:57.324+0100] {processor.py:208} INFO - Processing /home/engineer/project/airflow_env/lib/python3.12/site-packages/airflow/example_dags/example_dataset_alias_with_no_taskflow.py took 0.070 seconds
