[2025-09-27T23:26:23.661+0100] {processor.py:186} INFO - Started process (PID=19754) to work on /home/engineer/project/airflow_env/lib/python3.12/site-packages/airflow/example_dags/example_python_decorator.py
[2025-09-27T23:26:23.662+0100] {processor.py:914} INFO - Processing file /home/engineer/project/airflow_env/lib/python3.12/site-packages/airflow/example_dags/example_python_decorator.py for tasks to queue
[2025-09-27T23:26:23.663+0100] {logging_mixin.py:190} INFO - [2025-09-27T23:26:23.663+0100] {dagbag.py:588} INFO - Filling up the DagBag from /home/engineer/project/airflow_env/lib/python3.12/site-packages/airflow/example_dags/example_python_decorator.py
[2025-09-27T23:26:23.695+0100] {logging_mixin.py:190} INFO - [2025-09-27T23:26:23.695+0100] {example_python_decorator.py:80} WARNING - The virtalenv_python example task requires virtualenv, please install it.
[2025-09-27T23:26:23.697+0100] {processor.py:925} INFO - DAG(s) 'example_python_decorator' retrieved from /home/engineer/project/airflow_env/lib/python3.12/site-packages/airflow/example_dags/example_python_decorator.py
[2025-09-27T23:26:23.776+0100] {logging_mixin.py:190} INFO - [2025-09-27T23:26:23.776+0100] {override.py:1900} INFO - Created Permission View: can delete on DAG:example_python_decorator
[2025-09-27T23:26:23.786+0100] {logging_mixin.py:190} INFO - [2025-09-27T23:26:23.785+0100] {override.py:1900} INFO - Created Permission View: can read on DAG:example_python_decorator
[2025-09-27T23:26:23.792+0100] {logging_mixin.py:190} INFO - [2025-09-27T23:26:23.792+0100] {override.py:1900} INFO - Created Permission View: can edit on DAG:example_python_decorator
[2025-09-27T23:26:23.805+0100] {logging_mixin.py:190} INFO - [2025-09-27T23:26:23.804+0100] {override.py:1900} INFO - Created Permission View: can delete on DAG Run:example_python_decorator
[2025-09-27T23:26:23.810+0100] {logging_mixin.py:190} INFO - [2025-09-27T23:26:23.810+0100] {override.py:1900} INFO - Created Permission View: can read on DAG Run:example_python_decorator
[2025-09-27T23:26:23.816+0100] {logging_mixin.py:190} INFO - [2025-09-27T23:26:23.816+0100] {override.py:1900} INFO - Created Permission View: can create on DAG Run:example_python_decorator
[2025-09-27T23:26:23.822+0100] {logging_mixin.py:190} INFO - [2025-09-27T23:26:23.822+0100] {override.py:1900} INFO - Created Permission View: menu access on DAG Run:example_python_decorator
[2025-09-27T23:26:23.822+0100] {logging_mixin.py:190} INFO - [2025-09-27T23:26:23.822+0100] {dag.py:3239} INFO - Sync 1 DAGs
[2025-09-27T23:26:23.829+0100] {logging_mixin.py:190} INFO - [2025-09-27T23:26:23.829+0100] {dag.py:3262} INFO - Creating ORM DAG for example_python_decorator
[2025-09-27T23:26:23.829+0100] {logging_mixin.py:190} INFO - [2025-09-27T23:26:23.829+0100] {dag.py:4180} INFO - Setting next_dagrun for example_python_decorator to None, run_after=None
[2025-09-27T23:26:23.847+0100] {processor.py:208} INFO - Processing /home/engineer/project/airflow_env/lib/python3.12/site-packages/airflow/example_dags/example_python_decorator.py took 0.189 seconds
[2025-09-27T23:27:24.787+0100] {processor.py:186} INFO - Started process (PID=20013) to work on /home/engineer/project/airflow_env/lib/python3.12/site-packages/airflow/example_dags/example_python_decorator.py
[2025-09-27T23:27:24.794+0100] {processor.py:914} INFO - Processing file /home/engineer/project/airflow_env/lib/python3.12/site-packages/airflow/example_dags/example_python_decorator.py for tasks to queue
[2025-09-27T23:27:24.795+0100] {logging_mixin.py:190} INFO - [2025-09-27T23:27:24.795+0100] {dagbag.py:588} INFO - Filling up the DagBag from /home/engineer/project/airflow_env/lib/python3.12/site-packages/airflow/example_dags/example_python_decorator.py
[2025-09-27T23:27:24.822+0100] {logging_mixin.py:190} INFO - [2025-09-27T23:27:24.822+0100] {example_python_decorator.py:80} WARNING - The virtalenv_python example task requires virtualenv, please install it.
[2025-09-27T23:27:24.824+0100] {processor.py:925} INFO - DAG(s) 'example_python_decorator' retrieved from /home/engineer/project/airflow_env/lib/python3.12/site-packages/airflow/example_dags/example_python_decorator.py
[2025-09-27T23:27:24.836+0100] {logging_mixin.py:190} INFO - [2025-09-27T23:27:24.836+0100] {dag.py:3239} INFO - Sync 1 DAGs
[2025-09-27T23:27:24.844+0100] {logging_mixin.py:190} INFO - [2025-09-27T23:27:24.844+0100] {dag.py:4180} INFO - Setting next_dagrun for example_python_decorator to None, run_after=None
[2025-09-27T23:27:24.861+0100] {processor.py:208} INFO - Processing /home/engineer/project/airflow_env/lib/python3.12/site-packages/airflow/example_dags/example_python_decorator.py took 0.078 seconds
[2025-09-27T23:28:17.609+0100] {processor.py:186} INFO - Started process (PID=20285) to work on /home/engineer/project/airflow_env/lib/python3.12/site-packages/airflow/example_dags/example_python_decorator.py
[2025-09-27T23:28:17.610+0100] {processor.py:914} INFO - Processing file /home/engineer/project/airflow_env/lib/python3.12/site-packages/airflow/example_dags/example_python_decorator.py for tasks to queue
[2025-09-27T23:28:17.612+0100] {logging_mixin.py:190} INFO - [2025-09-27T23:28:17.612+0100] {dagbag.py:588} INFO - Filling up the DagBag from /home/engineer/project/airflow_env/lib/python3.12/site-packages/airflow/example_dags/example_python_decorator.py
[2025-09-27T23:28:17.642+0100] {logging_mixin.py:190} INFO - [2025-09-27T23:28:17.642+0100] {example_python_decorator.py:80} WARNING - The virtalenv_python example task requires virtualenv, please install it.
[2025-09-27T23:28:17.644+0100] {processor.py:925} INFO - DAG(s) 'example_python_decorator' retrieved from /home/engineer/project/airflow_env/lib/python3.12/site-packages/airflow/example_dags/example_python_decorator.py
[2025-09-27T23:28:17.656+0100] {logging_mixin.py:190} INFO - [2025-09-27T23:28:17.656+0100] {dag.py:3239} INFO - Sync 1 DAGs
[2025-09-27T23:28:17.666+0100] {logging_mixin.py:190} INFO - [2025-09-27T23:28:17.666+0100] {dag.py:4180} INFO - Setting next_dagrun for example_python_decorator to None, run_after=None
[2025-09-27T23:28:17.684+0100] {processor.py:208} INFO - Processing /home/engineer/project/airflow_env/lib/python3.12/site-packages/airflow/example_dags/example_python_decorator.py took 0.079 seconds
[2025-09-27T23:29:05.272+0100] {processor.py:186} INFO - Started process (PID=20474) to work on /home/engineer/project/airflow_env/lib/python3.12/site-packages/airflow/example_dags/example_python_decorator.py
[2025-09-27T23:29:05.274+0100] {processor.py:914} INFO - Processing file /home/engineer/project/airflow_env/lib/python3.12/site-packages/airflow/example_dags/example_python_decorator.py for tasks to queue
[2025-09-27T23:29:05.276+0100] {logging_mixin.py:190} INFO - [2025-09-27T23:29:05.275+0100] {dagbag.py:588} INFO - Filling up the DagBag from /home/engineer/project/airflow_env/lib/python3.12/site-packages/airflow/example_dags/example_python_decorator.py
[2025-09-27T23:29:05.304+0100] {logging_mixin.py:190} INFO - [2025-09-27T23:29:05.304+0100] {example_python_decorator.py:80} WARNING - The virtalenv_python example task requires virtualenv, please install it.
[2025-09-27T23:29:05.306+0100] {processor.py:925} INFO - DAG(s) 'example_python_decorator' retrieved from /home/engineer/project/airflow_env/lib/python3.12/site-packages/airflow/example_dags/example_python_decorator.py
[2025-09-27T23:29:05.319+0100] {logging_mixin.py:190} INFO - [2025-09-27T23:29:05.319+0100] {dag.py:3239} INFO - Sync 1 DAGs
[2025-09-27T23:29:05.328+0100] {logging_mixin.py:190} INFO - [2025-09-27T23:29:05.328+0100] {dag.py:4180} INFO - Setting next_dagrun for example_python_decorator to None, run_after=None
[2025-09-27T23:29:05.346+0100] {processor.py:208} INFO - Processing /home/engineer/project/airflow_env/lib/python3.12/site-packages/airflow/example_dags/example_python_decorator.py took 0.078 seconds
[2025-09-27T23:29:51.429+0100] {processor.py:186} INFO - Started process (PID=20660) to work on /home/engineer/project/airflow_env/lib/python3.12/site-packages/airflow/example_dags/example_python_decorator.py
[2025-09-27T23:29:51.436+0100] {processor.py:914} INFO - Processing file /home/engineer/project/airflow_env/lib/python3.12/site-packages/airflow/example_dags/example_python_decorator.py for tasks to queue
[2025-09-27T23:29:51.437+0100] {logging_mixin.py:190} INFO - [2025-09-27T23:29:51.437+0100] {dagbag.py:588} INFO - Filling up the DagBag from /home/engineer/project/airflow_env/lib/python3.12/site-packages/airflow/example_dags/example_python_decorator.py
[2025-09-27T23:29:51.463+0100] {logging_mixin.py:190} INFO - [2025-09-27T23:29:51.463+0100] {example_python_decorator.py:80} WARNING - The virtalenv_python example task requires virtualenv, please install it.
[2025-09-27T23:29:51.465+0100] {processor.py:925} INFO - DAG(s) 'example_python_decorator' retrieved from /home/engineer/project/airflow_env/lib/python3.12/site-packages/airflow/example_dags/example_python_decorator.py
[2025-09-27T23:29:51.479+0100] {logging_mixin.py:190} INFO - [2025-09-27T23:29:51.479+0100] {dag.py:3239} INFO - Sync 1 DAGs
[2025-09-27T23:29:51.489+0100] {logging_mixin.py:190} INFO - [2025-09-27T23:29:51.489+0100] {dag.py:4180} INFO - Setting next_dagrun for example_python_decorator to None, run_after=None
[2025-09-27T23:29:51.510+0100] {processor.py:208} INFO - Processing /home/engineer/project/airflow_env/lib/python3.12/site-packages/airflow/example_dags/example_python_decorator.py took 0.087 seconds
[2025-09-27T23:30:36.269+0100] {processor.py:186} INFO - Started process (PID=20887) to work on /home/engineer/project/airflow_env/lib/python3.12/site-packages/airflow/example_dags/example_python_decorator.py
[2025-09-27T23:30:36.276+0100] {processor.py:914} INFO - Processing file /home/engineer/project/airflow_env/lib/python3.12/site-packages/airflow/example_dags/example_python_decorator.py for tasks to queue
[2025-09-27T23:30:36.278+0100] {logging_mixin.py:190} INFO - [2025-09-27T23:30:36.278+0100] {dagbag.py:588} INFO - Filling up the DagBag from /home/engineer/project/airflow_env/lib/python3.12/site-packages/airflow/example_dags/example_python_decorator.py
[2025-09-27T23:30:36.311+0100] {logging_mixin.py:190} INFO - [2025-09-27T23:30:36.311+0100] {example_python_decorator.py:80} WARNING - The virtalenv_python example task requires virtualenv, please install it.
[2025-09-27T23:30:36.314+0100] {processor.py:925} INFO - DAG(s) 'example_python_decorator' retrieved from /home/engineer/project/airflow_env/lib/python3.12/site-packages/airflow/example_dags/example_python_decorator.py
[2025-09-27T23:30:36.334+0100] {logging_mixin.py:190} INFO - [2025-09-27T23:30:36.333+0100] {dag.py:3239} INFO - Sync 1 DAGs
[2025-09-27T23:30:36.345+0100] {logging_mixin.py:190} INFO - [2025-09-27T23:30:36.345+0100] {dag.py:4180} INFO - Setting next_dagrun for example_python_decorator to None, run_after=None
[2025-09-27T23:30:36.365+0100] {processor.py:208} INFO - Processing /home/engineer/project/airflow_env/lib/python3.12/site-packages/airflow/example_dags/example_python_decorator.py took 0.101 seconds
[2025-09-27T23:31:27.955+0100] {processor.py:186} INFO - Started process (PID=21655) to work on /home/engineer/project/airflow_env/lib/python3.12/site-packages/airflow/example_dags/example_python_decorator.py
[2025-09-27T23:31:27.956+0100] {processor.py:914} INFO - Processing file /home/engineer/project/airflow_env/lib/python3.12/site-packages/airflow/example_dags/example_python_decorator.py for tasks to queue
[2025-09-27T23:31:27.958+0100] {logging_mixin.py:190} INFO - [2025-09-27T23:31:27.957+0100] {dagbag.py:588} INFO - Filling up the DagBag from /home/engineer/project/airflow_env/lib/python3.12/site-packages/airflow/example_dags/example_python_decorator.py
[2025-09-27T23:31:27.985+0100] {logging_mixin.py:190} INFO - [2025-09-27T23:31:27.984+0100] {example_python_decorator.py:80} WARNING - The virtalenv_python example task requires virtualenv, please install it.
[2025-09-27T23:31:27.986+0100] {processor.py:925} INFO - DAG(s) 'example_python_decorator' retrieved from /home/engineer/project/airflow_env/lib/python3.12/site-packages/airflow/example_dags/example_python_decorator.py
[2025-09-27T23:31:28.085+0100] {logging_mixin.py:190} INFO - [2025-09-27T23:31:28.085+0100] {dag.py:3239} INFO - Sync 1 DAGs
[2025-09-27T23:31:28.091+0100] {logging_mixin.py:190} INFO - [2025-09-27T23:31:28.091+0100] {dag.py:4180} INFO - Setting next_dagrun for example_python_decorator to None, run_after=None
[2025-09-27T23:31:28.107+0100] {processor.py:208} INFO - Processing /home/engineer/project/airflow_env/lib/python3.12/site-packages/airflow/example_dags/example_python_decorator.py took 0.156 seconds
[2025-09-27T23:32:22.426+0100] {processor.py:186} INFO - Started process (PID=21950) to work on /home/engineer/project/airflow_env/lib/python3.12/site-packages/airflow/example_dags/example_python_decorator.py
[2025-09-27T23:32:22.427+0100] {processor.py:914} INFO - Processing file /home/engineer/project/airflow_env/lib/python3.12/site-packages/airflow/example_dags/example_python_decorator.py for tasks to queue
[2025-09-27T23:32:22.429+0100] {logging_mixin.py:190} INFO - [2025-09-27T23:32:22.428+0100] {dagbag.py:588} INFO - Filling up the DagBag from /home/engineer/project/airflow_env/lib/python3.12/site-packages/airflow/example_dags/example_python_decorator.py
[2025-09-27T23:32:22.464+0100] {logging_mixin.py:190} INFO - [2025-09-27T23:32:22.463+0100] {example_python_decorator.py:80} WARNING - The virtalenv_python example task requires virtualenv, please install it.
[2025-09-27T23:32:22.467+0100] {processor.py:925} INFO - DAG(s) 'example_python_decorator' retrieved from /home/engineer/project/airflow_env/lib/python3.12/site-packages/airflow/example_dags/example_python_decorator.py
[2025-09-27T23:32:22.484+0100] {logging_mixin.py:190} INFO - [2025-09-27T23:32:22.484+0100] {dag.py:3239} INFO - Sync 1 DAGs
[2025-09-27T23:32:22.495+0100] {logging_mixin.py:190} INFO - [2025-09-27T23:32:22.494+0100] {dag.py:4180} INFO - Setting next_dagrun for example_python_decorator to None, run_after=None
[2025-09-27T23:32:22.516+0100] {processor.py:208} INFO - Processing /home/engineer/project/airflow_env/lib/python3.12/site-packages/airflow/example_dags/example_python_decorator.py took 0.095 seconds
[2025-09-27T23:33:09.949+0100] {processor.py:186} INFO - Started process (PID=22144) to work on /home/engineer/project/airflow_env/lib/python3.12/site-packages/airflow/example_dags/example_python_decorator.py
[2025-09-27T23:33:09.956+0100] {processor.py:914} INFO - Processing file /home/engineer/project/airflow_env/lib/python3.12/site-packages/airflow/example_dags/example_python_decorator.py for tasks to queue
[2025-09-27T23:33:09.958+0100] {logging_mixin.py:190} INFO - [2025-09-27T23:33:09.957+0100] {dagbag.py:588} INFO - Filling up the DagBag from /home/engineer/project/airflow_env/lib/python3.12/site-packages/airflow/example_dags/example_python_decorator.py
[2025-09-27T23:33:09.989+0100] {logging_mixin.py:190} INFO - [2025-09-27T23:33:09.989+0100] {example_python_decorator.py:80} WARNING - The virtalenv_python example task requires virtualenv, please install it.
[2025-09-27T23:33:09.992+0100] {processor.py:925} INFO - DAG(s) 'example_python_decorator' retrieved from /home/engineer/project/airflow_env/lib/python3.12/site-packages/airflow/example_dags/example_python_decorator.py
[2025-09-27T23:33:10.007+0100] {logging_mixin.py:190} INFO - [2025-09-27T23:33:10.007+0100] {dag.py:3239} INFO - Sync 1 DAGs
[2025-09-27T23:33:10.018+0100] {logging_mixin.py:190} INFO - [2025-09-27T23:33:10.018+0100] {dag.py:4180} INFO - Setting next_dagrun for example_python_decorator to None, run_after=None
[2025-09-27T23:33:10.037+0100] {processor.py:208} INFO - Processing /home/engineer/project/airflow_env/lib/python3.12/site-packages/airflow/example_dags/example_python_decorator.py took 0.093 seconds
[2025-09-27T23:33:59.580+0100] {processor.py:186} INFO - Started process (PID=22339) to work on /home/engineer/project/airflow_env/lib/python3.12/site-packages/airflow/example_dags/example_python_decorator.py
[2025-09-27T23:33:59.581+0100] {processor.py:914} INFO - Processing file /home/engineer/project/airflow_env/lib/python3.12/site-packages/airflow/example_dags/example_python_decorator.py for tasks to queue
[2025-09-27T23:33:59.584+0100] {logging_mixin.py:190} INFO - [2025-09-27T23:33:59.584+0100] {dagbag.py:588} INFO - Filling up the DagBag from /home/engineer/project/airflow_env/lib/python3.12/site-packages/airflow/example_dags/example_python_decorator.py
[2025-09-27T23:33:59.614+0100] {logging_mixin.py:190} INFO - [2025-09-27T23:33:59.614+0100] {example_python_decorator.py:80} WARNING - The virtalenv_python example task requires virtualenv, please install it.
[2025-09-27T23:33:59.617+0100] {processor.py:925} INFO - DAG(s) 'example_python_decorator' retrieved from /home/engineer/project/airflow_env/lib/python3.12/site-packages/airflow/example_dags/example_python_decorator.py
[2025-09-27T23:33:59.635+0100] {logging_mixin.py:190} INFO - [2025-09-27T23:33:59.634+0100] {dag.py:3239} INFO - Sync 1 DAGs
[2025-09-27T23:33:59.646+0100] {logging_mixin.py:190} INFO - [2025-09-27T23:33:59.646+0100] {dag.py:4180} INFO - Setting next_dagrun for example_python_decorator to None, run_after=None
[2025-09-27T23:33:59.670+0100] {processor.py:208} INFO - Processing /home/engineer/project/airflow_env/lib/python3.12/site-packages/airflow/example_dags/example_python_decorator.py took 0.095 seconds
[2025-09-27T23:34:49.921+0100] {processor.py:186} INFO - Started process (PID=22534) to work on /home/engineer/project/airflow_env/lib/python3.12/site-packages/airflow/example_dags/example_python_decorator.py
[2025-09-27T23:34:49.929+0100] {processor.py:914} INFO - Processing file /home/engineer/project/airflow_env/lib/python3.12/site-packages/airflow/example_dags/example_python_decorator.py for tasks to queue
[2025-09-27T23:34:49.930+0100] {logging_mixin.py:190} INFO - [2025-09-27T23:34:49.930+0100] {dagbag.py:588} INFO - Filling up the DagBag from /home/engineer/project/airflow_env/lib/python3.12/site-packages/airflow/example_dags/example_python_decorator.py
[2025-09-27T23:34:49.959+0100] {logging_mixin.py:190} INFO - [2025-09-27T23:34:49.959+0100] {example_python_decorator.py:80} WARNING - The virtalenv_python example task requires virtualenv, please install it.
[2025-09-27T23:34:49.960+0100] {processor.py:925} INFO - DAG(s) 'example_python_decorator' retrieved from /home/engineer/project/airflow_env/lib/python3.12/site-packages/airflow/example_dags/example_python_decorator.py
[2025-09-27T23:34:49.973+0100] {logging_mixin.py:190} INFO - [2025-09-27T23:34:49.972+0100] {dag.py:3239} INFO - Sync 1 DAGs
[2025-09-27T23:34:49.981+0100] {logging_mixin.py:190} INFO - [2025-09-27T23:34:49.981+0100] {dag.py:4180} INFO - Setting next_dagrun for example_python_decorator to None, run_after=None
[2025-09-27T23:34:49.997+0100] {processor.py:208} INFO - Processing /home/engineer/project/airflow_env/lib/python3.12/site-packages/airflow/example_dags/example_python_decorator.py took 0.079 seconds
[2025-09-27T23:35:37.571+0100] {processor.py:186} INFO - Started process (PID=22729) to work on /home/engineer/project/airflow_env/lib/python3.12/site-packages/airflow/example_dags/example_python_decorator.py
[2025-09-27T23:35:37.578+0100] {processor.py:914} INFO - Processing file /home/engineer/project/airflow_env/lib/python3.12/site-packages/airflow/example_dags/example_python_decorator.py for tasks to queue
[2025-09-27T23:35:37.580+0100] {logging_mixin.py:190} INFO - [2025-09-27T23:35:37.580+0100] {dagbag.py:588} INFO - Filling up the DagBag from /home/engineer/project/airflow_env/lib/python3.12/site-packages/airflow/example_dags/example_python_decorator.py
[2025-09-27T23:35:37.607+0100] {logging_mixin.py:190} INFO - [2025-09-27T23:35:37.607+0100] {example_python_decorator.py:80} WARNING - The virtalenv_python example task requires virtualenv, please install it.
[2025-09-27T23:35:37.610+0100] {processor.py:925} INFO - DAG(s) 'example_python_decorator' retrieved from /home/engineer/project/airflow_env/lib/python3.12/site-packages/airflow/example_dags/example_python_decorator.py
[2025-09-27T23:35:37.624+0100] {logging_mixin.py:190} INFO - [2025-09-27T23:35:37.624+0100] {dag.py:3239} INFO - Sync 1 DAGs
[2025-09-27T23:35:37.633+0100] {logging_mixin.py:190} INFO - [2025-09-27T23:35:37.633+0100] {dag.py:4180} INFO - Setting next_dagrun for example_python_decorator to None, run_after=None
[2025-09-27T23:35:37.651+0100] {processor.py:208} INFO - Processing /home/engineer/project/airflow_env/lib/python3.12/site-packages/airflow/example_dags/example_python_decorator.py took 0.084 seconds
[2025-09-27T23:36:27.738+0100] {processor.py:186} INFO - Started process (PID=22948) to work on /home/engineer/project/airflow_env/lib/python3.12/site-packages/airflow/example_dags/example_python_decorator.py
[2025-09-27T23:36:27.745+0100] {processor.py:914} INFO - Processing file /home/engineer/project/airflow_env/lib/python3.12/site-packages/airflow/example_dags/example_python_decorator.py for tasks to queue
[2025-09-27T23:36:27.746+0100] {logging_mixin.py:190} INFO - [2025-09-27T23:36:27.746+0100] {dagbag.py:588} INFO - Filling up the DagBag from /home/engineer/project/airflow_env/lib/python3.12/site-packages/airflow/example_dags/example_python_decorator.py
[2025-09-27T23:36:27.774+0100] {logging_mixin.py:190} INFO - [2025-09-27T23:36:27.774+0100] {example_python_decorator.py:80} WARNING - The virtalenv_python example task requires virtualenv, please install it.
[2025-09-27T23:36:27.776+0100] {processor.py:925} INFO - DAG(s) 'example_python_decorator' retrieved from /home/engineer/project/airflow_env/lib/python3.12/site-packages/airflow/example_dags/example_python_decorator.py
[2025-09-27T23:36:27.788+0100] {logging_mixin.py:190} INFO - [2025-09-27T23:36:27.788+0100] {dag.py:3239} INFO - Sync 1 DAGs
[2025-09-27T23:36:27.796+0100] {logging_mixin.py:190} INFO - [2025-09-27T23:36:27.796+0100] {dag.py:4180} INFO - Setting next_dagrun for example_python_decorator to None, run_after=None
[2025-09-27T23:36:27.814+0100] {processor.py:208} INFO - Processing /home/engineer/project/airflow_env/lib/python3.12/site-packages/airflow/example_dags/example_python_decorator.py took 0.080 seconds
[2025-09-27T23:37:16.204+0100] {processor.py:186} INFO - Started process (PID=23144) to work on /home/engineer/project/airflow_env/lib/python3.12/site-packages/airflow/example_dags/example_python_decorator.py
[2025-09-27T23:37:16.211+0100] {processor.py:914} INFO - Processing file /home/engineer/project/airflow_env/lib/python3.12/site-packages/airflow/example_dags/example_python_decorator.py for tasks to queue
[2025-09-27T23:37:16.212+0100] {logging_mixin.py:190} INFO - [2025-09-27T23:37:16.211+0100] {dagbag.py:588} INFO - Filling up the DagBag from /home/engineer/project/airflow_env/lib/python3.12/site-packages/airflow/example_dags/example_python_decorator.py
[2025-09-27T23:37:16.240+0100] {logging_mixin.py:190} INFO - [2025-09-27T23:37:16.239+0100] {example_python_decorator.py:80} WARNING - The virtalenv_python example task requires virtualenv, please install it.
[2025-09-27T23:37:16.242+0100] {processor.py:925} INFO - DAG(s) 'example_python_decorator' retrieved from /home/engineer/project/airflow_env/lib/python3.12/site-packages/airflow/example_dags/example_python_decorator.py
[2025-09-27T23:37:16.254+0100] {logging_mixin.py:190} INFO - [2025-09-27T23:37:16.254+0100] {dag.py:3239} INFO - Sync 1 DAGs
[2025-09-27T23:37:16.263+0100] {logging_mixin.py:190} INFO - [2025-09-27T23:37:16.263+0100] {dag.py:4180} INFO - Setting next_dagrun for example_python_decorator to None, run_after=None
[2025-09-27T23:37:16.280+0100] {processor.py:208} INFO - Processing /home/engineer/project/airflow_env/lib/python3.12/site-packages/airflow/example_dags/example_python_decorator.py took 0.080 seconds
[2025-09-27T23:38:40.112+0100] {processor.py:186} INFO - Started process (PID=23380) to work on /home/engineer/project/airflow_env/lib/python3.12/site-packages/airflow/example_dags/example_python_decorator.py
[2025-09-27T23:38:40.113+0100] {processor.py:914} INFO - Processing file /home/engineer/project/airflow_env/lib/python3.12/site-packages/airflow/example_dags/example_python_decorator.py for tasks to queue
[2025-09-27T23:38:40.115+0100] {logging_mixin.py:190} INFO - [2025-09-27T23:38:40.114+0100] {dagbag.py:588} INFO - Filling up the DagBag from /home/engineer/project/airflow_env/lib/python3.12/site-packages/airflow/example_dags/example_python_decorator.py
[2025-09-27T23:38:40.144+0100] {logging_mixin.py:190} INFO - [2025-09-27T23:38:40.144+0100] {example_python_decorator.py:80} WARNING - The virtalenv_python example task requires virtualenv, please install it.
[2025-09-27T23:38:40.147+0100] {processor.py:925} INFO - DAG(s) 'example_python_decorator' retrieved from /home/engineer/project/airflow_env/lib/python3.12/site-packages/airflow/example_dags/example_python_decorator.py
[2025-09-27T23:38:40.166+0100] {logging_mixin.py:190} INFO - [2025-09-27T23:38:40.165+0100] {dag.py:3239} INFO - Sync 1 DAGs
[2025-09-27T23:38:40.177+0100] {logging_mixin.py:190} INFO - [2025-09-27T23:38:40.177+0100] {dag.py:4180} INFO - Setting next_dagrun for example_python_decorator to None, run_after=None
[2025-09-27T23:38:40.195+0100] {processor.py:208} INFO - Processing /home/engineer/project/airflow_env/lib/python3.12/site-packages/airflow/example_dags/example_python_decorator.py took 0.088 seconds
[2025-09-27T23:39:29.720+0100] {processor.py:186} INFO - Started process (PID=23581) to work on /home/engineer/project/airflow_env/lib/python3.12/site-packages/airflow/example_dags/example_python_decorator.py
[2025-09-27T23:39:29.728+0100] {processor.py:914} INFO - Processing file /home/engineer/project/airflow_env/lib/python3.12/site-packages/airflow/example_dags/example_python_decorator.py for tasks to queue
[2025-09-27T23:39:29.729+0100] {logging_mixin.py:190} INFO - [2025-09-27T23:39:29.728+0100] {dagbag.py:588} INFO - Filling up the DagBag from /home/engineer/project/airflow_env/lib/python3.12/site-packages/airflow/example_dags/example_python_decorator.py
[2025-09-27T23:39:29.769+0100] {logging_mixin.py:190} INFO - [2025-09-27T23:39:29.769+0100] {example_python_decorator.py:80} WARNING - The virtalenv_python example task requires virtualenv, please install it.
[2025-09-27T23:39:29.771+0100] {processor.py:925} INFO - DAG(s) 'example_python_decorator' retrieved from /home/engineer/project/airflow_env/lib/python3.12/site-packages/airflow/example_dags/example_python_decorator.py
[2025-09-27T23:39:29.789+0100] {logging_mixin.py:190} INFO - [2025-09-27T23:39:29.789+0100] {dag.py:3239} INFO - Sync 1 DAGs
[2025-09-27T23:39:29.801+0100] {logging_mixin.py:190} INFO - [2025-09-27T23:39:29.801+0100] {dag.py:4180} INFO - Setting next_dagrun for example_python_decorator to None, run_after=None
[2025-09-27T23:39:29.827+0100] {processor.py:208} INFO - Processing /home/engineer/project/airflow_env/lib/python3.12/site-packages/airflow/example_dags/example_python_decorator.py took 0.112 seconds
[2025-09-27T23:40:19.982+0100] {processor.py:186} INFO - Started process (PID=23777) to work on /home/engineer/project/airflow_env/lib/python3.12/site-packages/airflow/example_dags/example_python_decorator.py
[2025-09-27T23:40:19.989+0100] {processor.py:914} INFO - Processing file /home/engineer/project/airflow_env/lib/python3.12/site-packages/airflow/example_dags/example_python_decorator.py for tasks to queue
[2025-09-27T23:40:19.990+0100] {logging_mixin.py:190} INFO - [2025-09-27T23:40:19.990+0100] {dagbag.py:588} INFO - Filling up the DagBag from /home/engineer/project/airflow_env/lib/python3.12/site-packages/airflow/example_dags/example_python_decorator.py
[2025-09-27T23:40:20.032+0100] {logging_mixin.py:190} INFO - [2025-09-27T23:40:20.031+0100] {example_python_decorator.py:80} WARNING - The virtalenv_python example task requires virtualenv, please install it.
[2025-09-27T23:40:20.036+0100] {processor.py:925} INFO - DAG(s) 'example_python_decorator' retrieved from /home/engineer/project/airflow_env/lib/python3.12/site-packages/airflow/example_dags/example_python_decorator.py
[2025-09-27T23:40:20.057+0100] {logging_mixin.py:190} INFO - [2025-09-27T23:40:20.057+0100] {dag.py:3239} INFO - Sync 1 DAGs
[2025-09-27T23:40:20.073+0100] {logging_mixin.py:190} INFO - [2025-09-27T23:40:20.073+0100] {dag.py:4180} INFO - Setting next_dagrun for example_python_decorator to None, run_after=None
[2025-09-27T23:40:20.090+0100] {processor.py:208} INFO - Processing /home/engineer/project/airflow_env/lib/python3.12/site-packages/airflow/example_dags/example_python_decorator.py took 0.113 seconds
[2025-09-27T23:41:07.989+0100] {processor.py:186} INFO - Started process (PID=23972) to work on /home/engineer/project/airflow_env/lib/python3.12/site-packages/airflow/example_dags/example_python_decorator.py
[2025-09-27T23:41:07.996+0100] {processor.py:914} INFO - Processing file /home/engineer/project/airflow_env/lib/python3.12/site-packages/airflow/example_dags/example_python_decorator.py for tasks to queue
[2025-09-27T23:41:07.997+0100] {logging_mixin.py:190} INFO - [2025-09-27T23:41:07.997+0100] {dagbag.py:588} INFO - Filling up the DagBag from /home/engineer/project/airflow_env/lib/python3.12/site-packages/airflow/example_dags/example_python_decorator.py
[2025-09-27T23:41:08.031+0100] {logging_mixin.py:190} INFO - [2025-09-27T23:41:08.031+0100] {example_python_decorator.py:80} WARNING - The virtalenv_python example task requires virtualenv, please install it.
[2025-09-27T23:41:08.033+0100] {processor.py:925} INFO - DAG(s) 'example_python_decorator' retrieved from /home/engineer/project/airflow_env/lib/python3.12/site-packages/airflow/example_dags/example_python_decorator.py
[2025-09-27T23:41:08.046+0100] {logging_mixin.py:190} INFO - [2025-09-27T23:41:08.046+0100] {dag.py:3239} INFO - Sync 1 DAGs
[2025-09-27T23:41:08.055+0100] {logging_mixin.py:190} INFO - [2025-09-27T23:41:08.055+0100] {dag.py:4180} INFO - Setting next_dagrun for example_python_decorator to None, run_after=None
[2025-09-27T23:41:08.071+0100] {processor.py:208} INFO - Processing /home/engineer/project/airflow_env/lib/python3.12/site-packages/airflow/example_dags/example_python_decorator.py took 0.086 seconds
[2025-09-27T23:41:59.040+0100] {processor.py:186} INFO - Started process (PID=24193) to work on /home/engineer/project/airflow_env/lib/python3.12/site-packages/airflow/example_dags/example_python_decorator.py
[2025-09-27T23:41:59.042+0100] {processor.py:914} INFO - Processing file /home/engineer/project/airflow_env/lib/python3.12/site-packages/airflow/example_dags/example_python_decorator.py for tasks to queue
[2025-09-27T23:41:59.043+0100] {logging_mixin.py:190} INFO - [2025-09-27T23:41:59.042+0100] {dagbag.py:588} INFO - Filling up the DagBag from /home/engineer/project/airflow_env/lib/python3.12/site-packages/airflow/example_dags/example_python_decorator.py
[2025-09-27T23:41:59.079+0100] {logging_mixin.py:190} INFO - [2025-09-27T23:41:59.079+0100] {example_python_decorator.py:80} WARNING - The virtalenv_python example task requires virtualenv, please install it.
[2025-09-27T23:41:59.081+0100] {processor.py:925} INFO - DAG(s) 'example_python_decorator' retrieved from /home/engineer/project/airflow_env/lib/python3.12/site-packages/airflow/example_dags/example_python_decorator.py
[2025-09-27T23:41:59.095+0100] {logging_mixin.py:190} INFO - [2025-09-27T23:41:59.095+0100] {dag.py:3239} INFO - Sync 1 DAGs
[2025-09-27T23:41:59.106+0100] {logging_mixin.py:190} INFO - [2025-09-27T23:41:59.105+0100] {dag.py:4180} INFO - Setting next_dagrun for example_python_decorator to None, run_after=None
[2025-09-27T23:41:59.124+0100] {processor.py:208} INFO - Processing /home/engineer/project/airflow_env/lib/python3.12/site-packages/airflow/example_dags/example_python_decorator.py took 0.087 seconds
[2025-09-27T23:42:49.301+0100] {processor.py:186} INFO - Started process (PID=24396) to work on /home/engineer/project/airflow_env/lib/python3.12/site-packages/airflow/example_dags/example_python_decorator.py
[2025-09-27T23:42:49.308+0100] {processor.py:914} INFO - Processing file /home/engineer/project/airflow_env/lib/python3.12/site-packages/airflow/example_dags/example_python_decorator.py for tasks to queue
[2025-09-27T23:42:49.309+0100] {logging_mixin.py:190} INFO - [2025-09-27T23:42:49.309+0100] {dagbag.py:588} INFO - Filling up the DagBag from /home/engineer/project/airflow_env/lib/python3.12/site-packages/airflow/example_dags/example_python_decorator.py
[2025-09-27T23:42:49.343+0100] {logging_mixin.py:190} INFO - [2025-09-27T23:42:49.342+0100] {example_python_decorator.py:80} WARNING - The virtalenv_python example task requires virtualenv, please install it.
[2025-09-27T23:42:49.345+0100] {processor.py:925} INFO - DAG(s) 'example_python_decorator' retrieved from /home/engineer/project/airflow_env/lib/python3.12/site-packages/airflow/example_dags/example_python_decorator.py
[2025-09-27T23:42:49.359+0100] {logging_mixin.py:190} INFO - [2025-09-27T23:42:49.359+0100] {dag.py:3239} INFO - Sync 1 DAGs
[2025-09-27T23:42:49.375+0100] {logging_mixin.py:190} INFO - [2025-09-27T23:42:49.375+0100] {dag.py:4180} INFO - Setting next_dagrun for example_python_decorator to None, run_after=None
[2025-09-27T23:42:49.404+0100] {processor.py:208} INFO - Processing /home/engineer/project/airflow_env/lib/python3.12/site-packages/airflow/example_dags/example_python_decorator.py took 0.109 seconds
[2025-09-27T23:43:41.837+0100] {processor.py:186} INFO - Started process (PID=24668) to work on /home/engineer/project/airflow_env/lib/python3.12/site-packages/airflow/example_dags/example_python_decorator.py
[2025-09-27T23:43:41.839+0100] {processor.py:914} INFO - Processing file /home/engineer/project/airflow_env/lib/python3.12/site-packages/airflow/example_dags/example_python_decorator.py for tasks to queue
[2025-09-27T23:43:41.840+0100] {logging_mixin.py:190} INFO - [2025-09-27T23:43:41.840+0100] {dagbag.py:588} INFO - Filling up the DagBag from /home/engineer/project/airflow_env/lib/python3.12/site-packages/airflow/example_dags/example_python_decorator.py
[2025-09-27T23:43:41.871+0100] {logging_mixin.py:190} INFO - [2025-09-27T23:43:41.871+0100] {example_python_decorator.py:80} WARNING - The virtalenv_python example task requires virtualenv, please install it.
[2025-09-27T23:43:41.873+0100] {processor.py:925} INFO - DAG(s) 'example_python_decorator' retrieved from /home/engineer/project/airflow_env/lib/python3.12/site-packages/airflow/example_dags/example_python_decorator.py
[2025-09-27T23:43:41.885+0100] {logging_mixin.py:190} INFO - [2025-09-27T23:43:41.885+0100] {dag.py:3239} INFO - Sync 1 DAGs
[2025-09-27T23:43:41.894+0100] {logging_mixin.py:190} INFO - [2025-09-27T23:43:41.894+0100] {dag.py:4180} INFO - Setting next_dagrun for example_python_decorator to None, run_after=None
[2025-09-27T23:43:41.910+0100] {processor.py:208} INFO - Processing /home/engineer/project/airflow_env/lib/python3.12/site-packages/airflow/example_dags/example_python_decorator.py took 0.077 seconds
