[2025-09-27T23:26:28.909+0100] {processor.py:186} INFO - Started process (PID=19800) to work on /home/engineer/project/airflow_env/lib/python3.12/site-packages/airflow/example_dags/example_params_trigger_ui.py
[2025-09-27T23:26:28.909+0100] {processor.py:914} INFO - Processing file /home/engineer/project/airflow_env/lib/python3.12/site-packages/airflow/example_dags/example_params_trigger_ui.py for tasks to queue
[2025-09-27T23:26:28.911+0100] {logging_mixin.py:190} INFO - [2025-09-27T23:26:28.910+0100] {dagbag.py:588} INFO - Filling up the DagBag from /home/engineer/project/airflow_env/lib/python3.12/site-packages/airflow/example_dags/example_params_trigger_ui.py
[2025-09-27T23:26:28.918+0100] {processor.py:925} INFO - DAG(s) 'example_params_trigger_ui' retrieved from /home/engineer/project/airflow_env/lib/python3.12/site-packages/airflow/example_dags/example_params_trigger_ui.py
[2025-09-27T23:26:28.998+0100] {logging_mixin.py:190} INFO - [2025-09-27T23:26:28.997+0100] {override.py:1900} INFO - Created Permission View: can delete on DAG:example_params_trigger_ui
[2025-09-27T23:26:29.006+0100] {logging_mixin.py:190} INFO - [2025-09-27T23:26:29.005+0100] {override.py:1900} INFO - Created Permission View: can read on DAG:example_params_trigger_ui
[2025-09-27T23:26:29.011+0100] {logging_mixin.py:190} INFO - [2025-09-27T23:26:29.011+0100] {override.py:1900} INFO - Created Permission View: can edit on DAG:example_params_trigger_ui
[2025-09-27T23:26:29.020+0100] {logging_mixin.py:190} INFO - [2025-09-27T23:26:29.020+0100] {override.py:1900} INFO - Created Permission View: can delete on DAG Run:example_params_trigger_ui
[2025-09-27T23:26:29.026+0100] {logging_mixin.py:190} INFO - [2025-09-27T23:26:29.025+0100] {override.py:1900} INFO - Created Permission View: can read on DAG Run:example_params_trigger_ui
[2025-09-27T23:26:29.031+0100] {logging_mixin.py:190} INFO - [2025-09-27T23:26:29.031+0100] {override.py:1900} INFO - Created Permission View: can create on DAG Run:example_params_trigger_ui
[2025-09-27T23:26:29.037+0100] {logging_mixin.py:190} INFO - [2025-09-27T23:26:29.037+0100] {override.py:1900} INFO - Created Permission View: menu access on DAG Run:example_params_trigger_ui
[2025-09-27T23:26:29.037+0100] {logging_mixin.py:190} INFO - [2025-09-27T23:26:29.037+0100] {dag.py:3239} INFO - Sync 1 DAGs
[2025-09-27T23:26:29.044+0100] {logging_mixin.py:190} INFO - [2025-09-27T23:26:29.044+0100] {dag.py:3262} INFO - Creating ORM DAG for example_params_trigger_ui
[2025-09-27T23:26:29.045+0100] {logging_mixin.py:190} INFO - [2025-09-27T23:26:29.045+0100] {dag.py:4180} INFO - Setting next_dagrun for example_params_trigger_ui to None, run_after=None
[2025-09-27T23:26:29.057+0100] {processor.py:208} INFO - Processing /home/engineer/project/airflow_env/lib/python3.12/site-packages/airflow/example_dags/example_params_trigger_ui.py took 0.152 seconds
[2025-09-27T23:27:29.520+0100] {processor.py:186} INFO - Started process (PID=20036) to work on /home/engineer/project/airflow_env/lib/python3.12/site-packages/airflow/example_dags/example_params_trigger_ui.py
[2025-09-27T23:27:29.528+0100] {processor.py:914} INFO - Processing file /home/engineer/project/airflow_env/lib/python3.12/site-packages/airflow/example_dags/example_params_trigger_ui.py for tasks to queue
[2025-09-27T23:27:29.530+0100] {logging_mixin.py:190} INFO - [2025-09-27T23:27:29.529+0100] {dagbag.py:588} INFO - Filling up the DagBag from /home/engineer/project/airflow_env/lib/python3.12/site-packages/airflow/example_dags/example_params_trigger_ui.py
[2025-09-27T23:27:29.537+0100] {processor.py:925} INFO - DAG(s) 'example_params_trigger_ui' retrieved from /home/engineer/project/airflow_env/lib/python3.12/site-packages/airflow/example_dags/example_params_trigger_ui.py
[2025-09-27T23:27:29.560+0100] {logging_mixin.py:190} INFO - [2025-09-27T23:27:29.560+0100] {dag.py:3239} INFO - Sync 1 DAGs
[2025-09-27T23:27:29.569+0100] {logging_mixin.py:190} INFO - [2025-09-27T23:27:29.569+0100] {dag.py:4180} INFO - Setting next_dagrun for example_params_trigger_ui to None, run_after=None
[2025-09-27T23:27:29.587+0100] {processor.py:208} INFO - Processing /home/engineer/project/airflow_env/lib/python3.12/site-packages/airflow/example_dags/example_params_trigger_ui.py took 0.071 seconds
[2025-09-27T23:28:22.459+0100] {processor.py:186} INFO - Started process (PID=20308) to work on /home/engineer/project/airflow_env/lib/python3.12/site-packages/airflow/example_dags/example_params_trigger_ui.py
[2025-09-27T23:28:22.460+0100] {processor.py:914} INFO - Processing file /home/engineer/project/airflow_env/lib/python3.12/site-packages/airflow/example_dags/example_params_trigger_ui.py for tasks to queue
[2025-09-27T23:28:22.461+0100] {logging_mixin.py:190} INFO - [2025-09-27T23:28:22.461+0100] {dagbag.py:588} INFO - Filling up the DagBag from /home/engineer/project/airflow_env/lib/python3.12/site-packages/airflow/example_dags/example_params_trigger_ui.py
[2025-09-27T23:28:22.468+0100] {processor.py:925} INFO - DAG(s) 'example_params_trigger_ui' retrieved from /home/engineer/project/airflow_env/lib/python3.12/site-packages/airflow/example_dags/example_params_trigger_ui.py
[2025-09-27T23:28:22.490+0100] {logging_mixin.py:190} INFO - [2025-09-27T23:28:22.490+0100] {dag.py:3239} INFO - Sync 1 DAGs
[2025-09-27T23:28:22.499+0100] {logging_mixin.py:190} INFO - [2025-09-27T23:28:22.499+0100] {dag.py:4180} INFO - Setting next_dagrun for example_params_trigger_ui to None, run_after=None
[2025-09-27T23:28:22.517+0100] {processor.py:208} INFO - Processing /home/engineer/project/airflow_env/lib/python3.12/site-packages/airflow/example_dags/example_params_trigger_ui.py took 0.062 seconds
[2025-09-27T23:29:09.737+0100] {processor.py:186} INFO - Started process (PID=20496) to work on /home/engineer/project/airflow_env/lib/python3.12/site-packages/airflow/example_dags/example_params_trigger_ui.py
[2025-09-27T23:29:09.738+0100] {processor.py:914} INFO - Processing file /home/engineer/project/airflow_env/lib/python3.12/site-packages/airflow/example_dags/example_params_trigger_ui.py for tasks to queue
[2025-09-27T23:29:09.740+0100] {logging_mixin.py:190} INFO - [2025-09-27T23:29:09.739+0100] {dagbag.py:588} INFO - Filling up the DagBag from /home/engineer/project/airflow_env/lib/python3.12/site-packages/airflow/example_dags/example_params_trigger_ui.py
[2025-09-27T23:29:09.749+0100] {processor.py:925} INFO - DAG(s) 'example_params_trigger_ui' retrieved from /home/engineer/project/airflow_env/lib/python3.12/site-packages/airflow/example_dags/example_params_trigger_ui.py
[2025-09-27T23:29:09.777+0100] {logging_mixin.py:190} INFO - [2025-09-27T23:29:09.776+0100] {dag.py:3239} INFO - Sync 1 DAGs
[2025-09-27T23:29:09.791+0100] {logging_mixin.py:190} INFO - [2025-09-27T23:29:09.791+0100] {dag.py:4180} INFO - Setting next_dagrun for example_params_trigger_ui to None, run_after=None
[2025-09-27T23:29:09.819+0100] {processor.py:208} INFO - Processing /home/engineer/project/airflow_env/lib/python3.12/site-packages/airflow/example_dags/example_params_trigger_ui.py took 0.088 seconds
[2025-09-27T23:29:56.253+0100] {processor.py:186} INFO - Started process (PID=20678) to work on /home/engineer/project/airflow_env/lib/python3.12/site-packages/airflow/example_dags/example_params_trigger_ui.py
[2025-09-27T23:29:56.260+0100] {processor.py:914} INFO - Processing file /home/engineer/project/airflow_env/lib/python3.12/site-packages/airflow/example_dags/example_params_trigger_ui.py for tasks to queue
[2025-09-27T23:29:56.262+0100] {logging_mixin.py:190} INFO - [2025-09-27T23:29:56.262+0100] {dagbag.py:588} INFO - Filling up the DagBag from /home/engineer/project/airflow_env/lib/python3.12/site-packages/airflow/example_dags/example_params_trigger_ui.py
[2025-09-27T23:29:56.269+0100] {processor.py:925} INFO - DAG(s) 'example_params_trigger_ui' retrieved from /home/engineer/project/airflow_env/lib/python3.12/site-packages/airflow/example_dags/example_params_trigger_ui.py
[2025-09-27T23:29:56.295+0100] {logging_mixin.py:190} INFO - [2025-09-27T23:29:56.295+0100] {dag.py:3239} INFO - Sync 1 DAGs
[2025-09-27T23:29:56.305+0100] {logging_mixin.py:190} INFO - [2025-09-27T23:29:56.304+0100] {dag.py:4180} INFO - Setting next_dagrun for example_params_trigger_ui to None, run_after=None
[2025-09-27T23:29:56.323+0100] {processor.py:208} INFO - Processing /home/engineer/project/airflow_env/lib/python3.12/site-packages/airflow/example_dags/example_params_trigger_ui.py took 0.073 seconds
[2025-09-27T23:30:40.946+0100] {processor.py:186} INFO - Started process (PID=20919) to work on /home/engineer/project/airflow_env/lib/python3.12/site-packages/airflow/example_dags/example_params_trigger_ui.py
[2025-09-27T23:30:40.952+0100] {processor.py:914} INFO - Processing file /home/engineer/project/airflow_env/lib/python3.12/site-packages/airflow/example_dags/example_params_trigger_ui.py for tasks to queue
[2025-09-27T23:30:40.954+0100] {logging_mixin.py:190} INFO - [2025-09-27T23:30:40.954+0100] {dagbag.py:588} INFO - Filling up the DagBag from /home/engineer/project/airflow_env/lib/python3.12/site-packages/airflow/example_dags/example_params_trigger_ui.py
[2025-09-27T23:30:40.964+0100] {processor.py:925} INFO - DAG(s) 'example_params_trigger_ui' retrieved from /home/engineer/project/airflow_env/lib/python3.12/site-packages/airflow/example_dags/example_params_trigger_ui.py
[2025-09-27T23:30:40.993+0100] {logging_mixin.py:190} INFO - [2025-09-27T23:30:40.993+0100] {dag.py:3239} INFO - Sync 1 DAGs
[2025-09-27T23:30:41.004+0100] {logging_mixin.py:190} INFO - [2025-09-27T23:30:41.003+0100] {dag.py:4180} INFO - Setting next_dagrun for example_params_trigger_ui to None, run_after=None
[2025-09-27T23:30:41.024+0100] {processor.py:208} INFO - Processing /home/engineer/project/airflow_env/lib/python3.12/site-packages/airflow/example_dags/example_params_trigger_ui.py took 0.083 seconds
[2025-09-27T23:31:33.197+0100] {processor.py:186} INFO - Started process (PID=21672) to work on /home/engineer/project/airflow_env/lib/python3.12/site-packages/airflow/example_dags/example_params_trigger_ui.py
[2025-09-27T23:31:33.205+0100] {processor.py:914} INFO - Processing file /home/engineer/project/airflow_env/lib/python3.12/site-packages/airflow/example_dags/example_params_trigger_ui.py for tasks to queue
[2025-09-27T23:31:33.207+0100] {logging_mixin.py:190} INFO - [2025-09-27T23:31:33.206+0100] {dagbag.py:588} INFO - Filling up the DagBag from /home/engineer/project/airflow_env/lib/python3.12/site-packages/airflow/example_dags/example_params_trigger_ui.py
[2025-09-27T23:31:33.308+0100] {processor.py:925} INFO - DAG(s) 'example_params_trigger_ui' retrieved from /home/engineer/project/airflow_env/lib/python3.12/site-packages/airflow/example_dags/example_params_trigger_ui.py
[2025-09-27T23:31:33.330+0100] {logging_mixin.py:190} INFO - [2025-09-27T23:31:33.330+0100] {dag.py:3239} INFO - Sync 1 DAGs
[2025-09-27T23:31:33.337+0100] {logging_mixin.py:190} INFO - [2025-09-27T23:31:33.337+0100] {dag.py:4180} INFO - Setting next_dagrun for example_params_trigger_ui to None, run_after=None
[2025-09-27T23:31:33.352+0100] {processor.py:208} INFO - Processing /home/engineer/project/airflow_env/lib/python3.12/site-packages/airflow/example_dags/example_params_trigger_ui.py took 0.159 seconds
[2025-09-27T23:32:27.118+0100] {processor.py:186} INFO - Started process (PID=21973) to work on /home/engineer/project/airflow_env/lib/python3.12/site-packages/airflow/example_dags/example_params_trigger_ui.py
[2025-09-27T23:32:27.125+0100] {processor.py:914} INFO - Processing file /home/engineer/project/airflow_env/lib/python3.12/site-packages/airflow/example_dags/example_params_trigger_ui.py for tasks to queue
[2025-09-27T23:32:27.128+0100] {logging_mixin.py:190} INFO - [2025-09-27T23:32:27.127+0100] {dagbag.py:588} INFO - Filling up the DagBag from /home/engineer/project/airflow_env/lib/python3.12/site-packages/airflow/example_dags/example_params_trigger_ui.py
[2025-09-27T23:32:27.137+0100] {processor.py:925} INFO - DAG(s) 'example_params_trigger_ui' retrieved from /home/engineer/project/airflow_env/lib/python3.12/site-packages/airflow/example_dags/example_params_trigger_ui.py
[2025-09-27T23:32:27.163+0100] {logging_mixin.py:190} INFO - [2025-09-27T23:32:27.163+0100] {dag.py:3239} INFO - Sync 1 DAGs
[2025-09-27T23:32:27.173+0100] {logging_mixin.py:190} INFO - [2025-09-27T23:32:27.173+0100] {dag.py:4180} INFO - Setting next_dagrun for example_params_trigger_ui to None, run_after=None
[2025-09-27T23:32:27.193+0100] {processor.py:208} INFO - Processing /home/engineer/project/airflow_env/lib/python3.12/site-packages/airflow/example_dags/example_params_trigger_ui.py took 0.080 seconds
[2025-09-27T23:33:15.085+0100] {processor.py:186} INFO - Started process (PID=22161) to work on /home/engineer/project/airflow_env/lib/python3.12/site-packages/airflow/example_dags/example_params_trigger_ui.py
[2025-09-27T23:33:15.086+0100] {processor.py:914} INFO - Processing file /home/engineer/project/airflow_env/lib/python3.12/site-packages/airflow/example_dags/example_params_trigger_ui.py for tasks to queue
[2025-09-27T23:33:15.088+0100] {logging_mixin.py:190} INFO - [2025-09-27T23:33:15.088+0100] {dagbag.py:588} INFO - Filling up the DagBag from /home/engineer/project/airflow_env/lib/python3.12/site-packages/airflow/example_dags/example_params_trigger_ui.py
[2025-09-27T23:33:15.097+0100] {processor.py:925} INFO - DAG(s) 'example_params_trigger_ui' retrieved from /home/engineer/project/airflow_env/lib/python3.12/site-packages/airflow/example_dags/example_params_trigger_ui.py
[2025-09-27T23:33:15.122+0100] {logging_mixin.py:190} INFO - [2025-09-27T23:33:15.122+0100] {dag.py:3239} INFO - Sync 1 DAGs
[2025-09-27T23:33:15.131+0100] {logging_mixin.py:190} INFO - [2025-09-27T23:33:15.131+0100] {dag.py:4180} INFO - Setting next_dagrun for example_params_trigger_ui to None, run_after=None
[2025-09-27T23:33:15.149+0100] {processor.py:208} INFO - Processing /home/engineer/project/airflow_env/lib/python3.12/site-packages/airflow/example_dags/example_params_trigger_ui.py took 0.068 seconds
[2025-09-27T23:34:03.737+0100] {processor.py:186} INFO - Started process (PID=22356) to work on /home/engineer/project/airflow_env/lib/python3.12/site-packages/airflow/example_dags/example_params_trigger_ui.py
[2025-09-27T23:34:03.738+0100] {processor.py:914} INFO - Processing file /home/engineer/project/airflow_env/lib/python3.12/site-packages/airflow/example_dags/example_params_trigger_ui.py for tasks to queue
[2025-09-27T23:34:03.739+0100] {logging_mixin.py:190} INFO - [2025-09-27T23:34:03.739+0100] {dagbag.py:588} INFO - Filling up the DagBag from /home/engineer/project/airflow_env/lib/python3.12/site-packages/airflow/example_dags/example_params_trigger_ui.py
[2025-09-27T23:34:03.746+0100] {processor.py:925} INFO - DAG(s) 'example_params_trigger_ui' retrieved from /home/engineer/project/airflow_env/lib/python3.12/site-packages/airflow/example_dags/example_params_trigger_ui.py
[2025-09-27T23:34:03.769+0100] {logging_mixin.py:190} INFO - [2025-09-27T23:34:03.769+0100] {dag.py:3239} INFO - Sync 1 DAGs
[2025-09-27T23:34:03.778+0100] {logging_mixin.py:190} INFO - [2025-09-27T23:34:03.778+0100] {dag.py:4180} INFO - Setting next_dagrun for example_params_trigger_ui to None, run_after=None
[2025-09-27T23:34:03.795+0100] {processor.py:208} INFO - Processing /home/engineer/project/airflow_env/lib/python3.12/site-packages/airflow/example_dags/example_params_trigger_ui.py took 0.063 seconds
[2025-09-27T23:34:54.403+0100] {processor.py:186} INFO - Started process (PID=22557) to work on /home/engineer/project/airflow_env/lib/python3.12/site-packages/airflow/example_dags/example_params_trigger_ui.py
[2025-09-27T23:34:54.410+0100] {processor.py:914} INFO - Processing file /home/engineer/project/airflow_env/lib/python3.12/site-packages/airflow/example_dags/example_params_trigger_ui.py for tasks to queue
[2025-09-27T23:34:54.412+0100] {logging_mixin.py:190} INFO - [2025-09-27T23:34:54.412+0100] {dagbag.py:588} INFO - Filling up the DagBag from /home/engineer/project/airflow_env/lib/python3.12/site-packages/airflow/example_dags/example_params_trigger_ui.py
[2025-09-27T23:34:54.420+0100] {processor.py:925} INFO - DAG(s) 'example_params_trigger_ui' retrieved from /home/engineer/project/airflow_env/lib/python3.12/site-packages/airflow/example_dags/example_params_trigger_ui.py
[2025-09-27T23:34:54.442+0100] {logging_mixin.py:190} INFO - [2025-09-27T23:34:54.442+0100] {dag.py:3239} INFO - Sync 1 DAGs
[2025-09-27T23:34:54.451+0100] {logging_mixin.py:190} INFO - [2025-09-27T23:34:54.451+0100] {dag.py:4180} INFO - Setting next_dagrun for example_params_trigger_ui to None, run_after=None
[2025-09-27T23:34:54.467+0100] {processor.py:208} INFO - Processing /home/engineer/project/airflow_env/lib/python3.12/site-packages/airflow/example_dags/example_params_trigger_ui.py took 0.068 seconds
[2025-09-27T23:35:42.371+0100] {processor.py:186} INFO - Started process (PID=22746) to work on /home/engineer/project/airflow_env/lib/python3.12/site-packages/airflow/example_dags/example_params_trigger_ui.py
[2025-09-27T23:35:42.373+0100] {processor.py:914} INFO - Processing file /home/engineer/project/airflow_env/lib/python3.12/site-packages/airflow/example_dags/example_params_trigger_ui.py for tasks to queue
[2025-09-27T23:35:42.374+0100] {logging_mixin.py:190} INFO - [2025-09-27T23:35:42.374+0100] {dagbag.py:588} INFO - Filling up the DagBag from /home/engineer/project/airflow_env/lib/python3.12/site-packages/airflow/example_dags/example_params_trigger_ui.py
[2025-09-27T23:35:42.382+0100] {processor.py:925} INFO - DAG(s) 'example_params_trigger_ui' retrieved from /home/engineer/project/airflow_env/lib/python3.12/site-packages/airflow/example_dags/example_params_trigger_ui.py
[2025-09-27T23:35:42.408+0100] {logging_mixin.py:190} INFO - [2025-09-27T23:35:42.408+0100] {dag.py:3239} INFO - Sync 1 DAGs
[2025-09-27T23:35:42.419+0100] {logging_mixin.py:190} INFO - [2025-09-27T23:35:42.418+0100] {dag.py:4180} INFO - Setting next_dagrun for example_params_trigger_ui to None, run_after=None
[2025-09-27T23:35:42.435+0100] {processor.py:208} INFO - Processing /home/engineer/project/airflow_env/lib/python3.12/site-packages/airflow/example_dags/example_params_trigger_ui.py took 0.068 seconds
[2025-09-27T23:36:32.565+0100] {processor.py:186} INFO - Started process (PID=22971) to work on /home/engineer/project/airflow_env/lib/python3.12/site-packages/airflow/example_dags/example_params_trigger_ui.py
[2025-09-27T23:36:32.572+0100] {processor.py:914} INFO - Processing file /home/engineer/project/airflow_env/lib/python3.12/site-packages/airflow/example_dags/example_params_trigger_ui.py for tasks to queue
[2025-09-27T23:36:32.573+0100] {logging_mixin.py:190} INFO - [2025-09-27T23:36:32.573+0100] {dagbag.py:588} INFO - Filling up the DagBag from /home/engineer/project/airflow_env/lib/python3.12/site-packages/airflow/example_dags/example_params_trigger_ui.py
[2025-09-27T23:36:32.581+0100] {processor.py:925} INFO - DAG(s) 'example_params_trigger_ui' retrieved from /home/engineer/project/airflow_env/lib/python3.12/site-packages/airflow/example_dags/example_params_trigger_ui.py
[2025-09-27T23:36:32.603+0100] {logging_mixin.py:190} INFO - [2025-09-27T23:36:32.603+0100] {dag.py:3239} INFO - Sync 1 DAGs
[2025-09-27T23:36:32.613+0100] {logging_mixin.py:190} INFO - [2025-09-27T23:36:32.613+0100] {dag.py:4180} INFO - Setting next_dagrun for example_params_trigger_ui to None, run_after=None
[2025-09-27T23:36:32.630+0100] {processor.py:208} INFO - Processing /home/engineer/project/airflow_env/lib/python3.12/site-packages/airflow/example_dags/example_params_trigger_ui.py took 0.069 seconds
[2025-09-27T23:37:20.175+0100] {processor.py:186} INFO - Started process (PID=23161) to work on /home/engineer/project/airflow_env/lib/python3.12/site-packages/airflow/example_dags/example_params_trigger_ui.py
[2025-09-27T23:37:20.182+0100] {processor.py:914} INFO - Processing file /home/engineer/project/airflow_env/lib/python3.12/site-packages/airflow/example_dags/example_params_trigger_ui.py for tasks to queue
[2025-09-27T23:37:20.183+0100] {logging_mixin.py:190} INFO - [2025-09-27T23:37:20.182+0100] {dagbag.py:588} INFO - Filling up the DagBag from /home/engineer/project/airflow_env/lib/python3.12/site-packages/airflow/example_dags/example_params_trigger_ui.py
[2025-09-27T23:37:20.191+0100] {processor.py:925} INFO - DAG(s) 'example_params_trigger_ui' retrieved from /home/engineer/project/airflow_env/lib/python3.12/site-packages/airflow/example_dags/example_params_trigger_ui.py
[2025-09-27T23:37:20.216+0100] {logging_mixin.py:190} INFO - [2025-09-27T23:37:20.215+0100] {dag.py:3239} INFO - Sync 1 DAGs
[2025-09-27T23:37:20.227+0100] {logging_mixin.py:190} INFO - [2025-09-27T23:37:20.226+0100] {dag.py:4180} INFO - Setting next_dagrun for example_params_trigger_ui to None, run_after=None
[2025-09-27T23:37:20.243+0100] {processor.py:208} INFO - Processing /home/engineer/project/airflow_env/lib/python3.12/site-packages/airflow/example_dags/example_params_trigger_ui.py took 0.072 seconds
[2025-09-27T23:38:44.959+0100] {processor.py:186} INFO - Started process (PID=23403) to work on /home/engineer/project/airflow_env/lib/python3.12/site-packages/airflow/example_dags/example_params_trigger_ui.py
[2025-09-27T23:38:44.966+0100] {processor.py:914} INFO - Processing file /home/engineer/project/airflow_env/lib/python3.12/site-packages/airflow/example_dags/example_params_trigger_ui.py for tasks to queue
[2025-09-27T23:38:44.967+0100] {logging_mixin.py:190} INFO - [2025-09-27T23:38:44.967+0100] {dagbag.py:588} INFO - Filling up the DagBag from /home/engineer/project/airflow_env/lib/python3.12/site-packages/airflow/example_dags/example_params_trigger_ui.py
[2025-09-27T23:38:44.976+0100] {processor.py:925} INFO - DAG(s) 'example_params_trigger_ui' retrieved from /home/engineer/project/airflow_env/lib/python3.12/site-packages/airflow/example_dags/example_params_trigger_ui.py
[2025-09-27T23:38:45.001+0100] {logging_mixin.py:190} INFO - [2025-09-27T23:38:45.001+0100] {dag.py:3239} INFO - Sync 1 DAGs
[2025-09-27T23:38:45.011+0100] {logging_mixin.py:190} INFO - [2025-09-27T23:38:45.010+0100] {dag.py:4180} INFO - Setting next_dagrun for example_params_trigger_ui to None, run_after=None
[2025-09-27T23:38:45.029+0100] {processor.py:208} INFO - Processing /home/engineer/project/airflow_env/lib/python3.12/site-packages/airflow/example_dags/example_params_trigger_ui.py took 0.074 seconds
[2025-09-27T23:39:34.877+0100] {processor.py:186} INFO - Started process (PID=23598) to work on /home/engineer/project/airflow_env/lib/python3.12/site-packages/airflow/example_dags/example_params_trigger_ui.py
[2025-09-27T23:39:34.879+0100] {processor.py:914} INFO - Processing file /home/engineer/project/airflow_env/lib/python3.12/site-packages/airflow/example_dags/example_params_trigger_ui.py for tasks to queue
[2025-09-27T23:39:34.880+0100] {logging_mixin.py:190} INFO - [2025-09-27T23:39:34.880+0100] {dagbag.py:588} INFO - Filling up the DagBag from /home/engineer/project/airflow_env/lib/python3.12/site-packages/airflow/example_dags/example_params_trigger_ui.py
[2025-09-27T23:39:34.888+0100] {processor.py:925} INFO - DAG(s) 'example_params_trigger_ui' retrieved from /home/engineer/project/airflow_env/lib/python3.12/site-packages/airflow/example_dags/example_params_trigger_ui.py
[2025-09-27T23:39:34.911+0100] {logging_mixin.py:190} INFO - [2025-09-27T23:39:34.911+0100] {dag.py:3239} INFO - Sync 1 DAGs
[2025-09-27T23:39:34.921+0100] {logging_mixin.py:190} INFO - [2025-09-27T23:39:34.920+0100] {dag.py:4180} INFO - Setting next_dagrun for example_params_trigger_ui to None, run_after=None
[2025-09-27T23:39:34.936+0100] {processor.py:208} INFO - Processing /home/engineer/project/airflow_env/lib/python3.12/site-packages/airflow/example_dags/example_params_trigger_ui.py took 0.063 seconds
[2025-09-27T23:40:24.406+0100] {processor.py:186} INFO - Started process (PID=23794) to work on /home/engineer/project/airflow_env/lib/python3.12/site-packages/airflow/example_dags/example_params_trigger_ui.py
[2025-09-27T23:40:24.407+0100] {processor.py:914} INFO - Processing file /home/engineer/project/airflow_env/lib/python3.12/site-packages/airflow/example_dags/example_params_trigger_ui.py for tasks to queue
[2025-09-27T23:40:24.408+0100] {logging_mixin.py:190} INFO - [2025-09-27T23:40:24.408+0100] {dagbag.py:588} INFO - Filling up the DagBag from /home/engineer/project/airflow_env/lib/python3.12/site-packages/airflow/example_dags/example_params_trigger_ui.py
[2025-09-27T23:40:24.421+0100] {processor.py:925} INFO - DAG(s) 'example_params_trigger_ui' retrieved from /home/engineer/project/airflow_env/lib/python3.12/site-packages/airflow/example_dags/example_params_trigger_ui.py
[2025-09-27T23:40:24.458+0100] {logging_mixin.py:190} INFO - [2025-09-27T23:40:24.458+0100] {dag.py:3239} INFO - Sync 1 DAGs
[2025-09-27T23:40:24.471+0100] {logging_mixin.py:190} INFO - [2025-09-27T23:40:24.471+0100] {dag.py:4180} INFO - Setting next_dagrun for example_params_trigger_ui to None, run_after=None
[2025-09-27T23:40:24.493+0100] {processor.py:208} INFO - Processing /home/engineer/project/airflow_env/lib/python3.12/site-packages/airflow/example_dags/example_params_trigger_ui.py took 0.091 seconds
[2025-09-27T23:41:13.125+0100] {processor.py:186} INFO - Started process (PID=23989) to work on /home/engineer/project/airflow_env/lib/python3.12/site-packages/airflow/example_dags/example_params_trigger_ui.py
[2025-09-27T23:41:13.132+0100] {processor.py:914} INFO - Processing file /home/engineer/project/airflow_env/lib/python3.12/site-packages/airflow/example_dags/example_params_trigger_ui.py for tasks to queue
[2025-09-27T23:41:13.134+0100] {logging_mixin.py:190} INFO - [2025-09-27T23:41:13.133+0100] {dagbag.py:588} INFO - Filling up the DagBag from /home/engineer/project/airflow_env/lib/python3.12/site-packages/airflow/example_dags/example_params_trigger_ui.py
[2025-09-27T23:41:13.142+0100] {processor.py:925} INFO - DAG(s) 'example_params_trigger_ui' retrieved from /home/engineer/project/airflow_env/lib/python3.12/site-packages/airflow/example_dags/example_params_trigger_ui.py
[2025-09-27T23:41:13.168+0100] {logging_mixin.py:190} INFO - [2025-09-27T23:41:13.167+0100] {dag.py:3239} INFO - Sync 1 DAGs
[2025-09-27T23:41:13.178+0100] {logging_mixin.py:190} INFO - [2025-09-27T23:41:13.178+0100] {dag.py:4180} INFO - Setting next_dagrun for example_params_trigger_ui to None, run_after=None
[2025-09-27T23:41:13.193+0100] {processor.py:208} INFO - Processing /home/engineer/project/airflow_env/lib/python3.12/site-packages/airflow/example_dags/example_params_trigger_ui.py took 0.073 seconds
[2025-09-27T23:42:03.877+0100] {processor.py:186} INFO - Started process (PID=24216) to work on /home/engineer/project/airflow_env/lib/python3.12/site-packages/airflow/example_dags/example_params_trigger_ui.py
[2025-09-27T23:42:03.884+0100] {processor.py:914} INFO - Processing file /home/engineer/project/airflow_env/lib/python3.12/site-packages/airflow/example_dags/example_params_trigger_ui.py for tasks to queue
[2025-09-27T23:42:03.885+0100] {logging_mixin.py:190} INFO - [2025-09-27T23:42:03.885+0100] {dagbag.py:588} INFO - Filling up the DagBag from /home/engineer/project/airflow_env/lib/python3.12/site-packages/airflow/example_dags/example_params_trigger_ui.py
[2025-09-27T23:42:03.894+0100] {processor.py:925} INFO - DAG(s) 'example_params_trigger_ui' retrieved from /home/engineer/project/airflow_env/lib/python3.12/site-packages/airflow/example_dags/example_params_trigger_ui.py
[2025-09-27T23:42:03.920+0100] {logging_mixin.py:190} INFO - [2025-09-27T23:42:03.920+0100] {dag.py:3239} INFO - Sync 1 DAGs
[2025-09-27T23:42:03.931+0100] {logging_mixin.py:190} INFO - [2025-09-27T23:42:03.931+0100] {dag.py:4180} INFO - Setting next_dagrun for example_params_trigger_ui to None, run_after=None
[2025-09-27T23:42:03.951+0100] {processor.py:208} INFO - Processing /home/engineer/project/airflow_env/lib/python3.12/site-packages/airflow/example_dags/example_params_trigger_ui.py took 0.078 seconds
[2025-09-27T23:42:54.601+0100] {processor.py:186} INFO - Started process (PID=24419) to work on /home/engineer/project/airflow_env/lib/python3.12/site-packages/airflow/example_dags/example_params_trigger_ui.py
[2025-09-27T23:42:54.609+0100] {processor.py:914} INFO - Processing file /home/engineer/project/airflow_env/lib/python3.12/site-packages/airflow/example_dags/example_params_trigger_ui.py for tasks to queue
[2025-09-27T23:42:54.611+0100] {logging_mixin.py:190} INFO - [2025-09-27T23:42:54.610+0100] {dagbag.py:588} INFO - Filling up the DagBag from /home/engineer/project/airflow_env/lib/python3.12/site-packages/airflow/example_dags/example_params_trigger_ui.py
[2025-09-27T23:42:54.624+0100] {processor.py:925} INFO - DAG(s) 'example_params_trigger_ui' retrieved from /home/engineer/project/airflow_env/lib/python3.12/site-packages/airflow/example_dags/example_params_trigger_ui.py
[2025-09-27T23:42:54.658+0100] {logging_mixin.py:190} INFO - [2025-09-27T23:42:54.658+0100] {dag.py:3239} INFO - Sync 1 DAGs
[2025-09-27T23:42:54.677+0100] {logging_mixin.py:190} INFO - [2025-09-27T23:42:54.677+0100] {dag.py:4180} INFO - Setting next_dagrun for example_params_trigger_ui to None, run_after=None
[2025-09-27T23:42:54.707+0100] {processor.py:208} INFO - Processing /home/engineer/project/airflow_env/lib/python3.12/site-packages/airflow/example_dags/example_params_trigger_ui.py took 0.112 seconds
[2025-09-27T23:43:46.968+0100] {processor.py:186} INFO - Started process (PID=24685) to work on /home/engineer/project/airflow_env/lib/python3.12/site-packages/airflow/example_dags/example_params_trigger_ui.py
[2025-09-27T23:43:46.969+0100] {processor.py:914} INFO - Processing file /home/engineer/project/airflow_env/lib/python3.12/site-packages/airflow/example_dags/example_params_trigger_ui.py for tasks to queue
[2025-09-27T23:43:46.970+0100] {logging_mixin.py:190} INFO - [2025-09-27T23:43:46.970+0100] {dagbag.py:588} INFO - Filling up the DagBag from /home/engineer/project/airflow_env/lib/python3.12/site-packages/airflow/example_dags/example_params_trigger_ui.py
[2025-09-27T23:43:46.978+0100] {processor.py:925} INFO - DAG(s) 'example_params_trigger_ui' retrieved from /home/engineer/project/airflow_env/lib/python3.12/site-packages/airflow/example_dags/example_params_trigger_ui.py
[2025-09-27T23:43:47.001+0100] {logging_mixin.py:190} INFO - [2025-09-27T23:43:47.001+0100] {dag.py:3239} INFO - Sync 1 DAGs
[2025-09-27T23:43:47.010+0100] {logging_mixin.py:190} INFO - [2025-09-27T23:43:47.010+0100] {dag.py:4180} INFO - Setting next_dagrun for example_params_trigger_ui to None, run_after=None
[2025-09-27T23:43:47.027+0100] {processor.py:208} INFO - Processing /home/engineer/project/airflow_env/lib/python3.12/site-packages/airflow/example_dags/example_params_trigger_ui.py took 0.063 seconds
