[2025-09-27T23:26:43.403+0100] {processor.py:186} INFO - Started process (PID=19856) to work on /home/engineer/project/airflow_env/lib/python3.12/site-packages/airflow/example_dags/example_skip_dag.py
[2025-09-27T23:26:43.404+0100] {processor.py:914} INFO - Processing file /home/engineer/project/airflow_env/lib/python3.12/site-packages/airflow/example_dags/example_skip_dag.py for tasks to queue
[2025-09-27T23:26:43.405+0100] {logging_mixin.py:190} INFO - [2025-09-27T23:26:43.405+0100] {dagbag.py:588} INFO - Filling up the DagBag from /home/engineer/project/airflow_env/lib/python3.12/site-packages/airflow/example_dags/example_skip_dag.py
[2025-09-27T23:26:43.412+0100] {processor.py:925} INFO - DAG(s) 'example_skip_dag' retrieved from /home/engineer/project/airflow_env/lib/python3.12/site-packages/airflow/example_dags/example_skip_dag.py
[2025-09-27T23:26:43.487+0100] {logging_mixin.py:190} INFO - [2025-09-27T23:26:43.486+0100] {override.py:1900} INFO - Created Permission View: can delete on DAG:example_skip_dag
[2025-09-27T23:26:43.497+0100] {logging_mixin.py:190} INFO - [2025-09-27T23:26:43.496+0100] {override.py:1900} INFO - Created Permission View: can read on DAG:example_skip_dag
[2025-09-27T23:26:43.503+0100] {logging_mixin.py:190} INFO - [2025-09-27T23:26:43.502+0100] {override.py:1900} INFO - Created Permission View: can edit on DAG:example_skip_dag
[2025-09-27T23:26:43.513+0100] {logging_mixin.py:190} INFO - [2025-09-27T23:26:43.513+0100] {override.py:1900} INFO - Created Permission View: can delete on DAG Run:example_skip_dag
[2025-09-27T23:26:43.519+0100] {logging_mixin.py:190} INFO - [2025-09-27T23:26:43.519+0100] {override.py:1900} INFO - Created Permission View: can read on DAG Run:example_skip_dag
[2025-09-27T23:26:43.524+0100] {logging_mixin.py:190} INFO - [2025-09-27T23:26:43.524+0100] {override.py:1900} INFO - Created Permission View: can create on DAG Run:example_skip_dag
[2025-09-27T23:26:43.530+0100] {logging_mixin.py:190} INFO - [2025-09-27T23:26:43.530+0100] {override.py:1900} INFO - Created Permission View: menu access on DAG Run:example_skip_dag
[2025-09-27T23:26:43.531+0100] {logging_mixin.py:190} INFO - [2025-09-27T23:26:43.530+0100] {dag.py:3239} INFO - Sync 1 DAGs
[2025-09-27T23:26:43.539+0100] {logging_mixin.py:190} INFO - [2025-09-27T23:26:43.538+0100] {dag.py:3262} INFO - Creating ORM DAG for example_skip_dag
[2025-09-27T23:26:43.545+0100] {logging_mixin.py:190} INFO - [2025-09-27T23:26:43.545+0100] {dag.py:4180} INFO - Setting next_dagrun for example_skip_dag to 2025-09-26 00:00:00+00:00, run_after=2025-09-27 00:00:00+00:00
[2025-09-27T23:26:43.561+0100] {processor.py:208} INFO - Processing /home/engineer/project/airflow_env/lib/python3.12/site-packages/airflow/example_dags/example_skip_dag.py took 0.161 seconds
[2025-09-27T23:27:43.630+0100] {processor.py:186} INFO - Started process (PID=20092) to work on /home/engineer/project/airflow_env/lib/python3.12/site-packages/airflow/example_dags/example_skip_dag.py
[2025-09-27T23:27:43.631+0100] {processor.py:914} INFO - Processing file /home/engineer/project/airflow_env/lib/python3.12/site-packages/airflow/example_dags/example_skip_dag.py for tasks to queue
[2025-09-27T23:27:43.633+0100] {logging_mixin.py:190} INFO - [2025-09-27T23:27:43.633+0100] {dagbag.py:588} INFO - Filling up the DagBag from /home/engineer/project/airflow_env/lib/python3.12/site-packages/airflow/example_dags/example_skip_dag.py
[2025-09-27T23:27:43.640+0100] {processor.py:925} INFO - DAG(s) 'example_skip_dag' retrieved from /home/engineer/project/airflow_env/lib/python3.12/site-packages/airflow/example_dags/example_skip_dag.py
[2025-09-27T23:27:43.655+0100] {logging_mixin.py:190} INFO - [2025-09-27T23:27:43.655+0100] {dag.py:3239} INFO - Sync 1 DAGs
[2025-09-27T23:27:43.670+0100] {logging_mixin.py:190} INFO - [2025-09-27T23:27:43.670+0100] {dag.py:4180} INFO - Setting next_dagrun for example_skip_dag to 2025-09-26 00:00:00+00:00, run_after=2025-09-27 00:00:00+00:00
[2025-09-27T23:27:43.689+0100] {processor.py:208} INFO - Processing /home/engineer/project/airflow_env/lib/python3.12/site-packages/airflow/example_dags/example_skip_dag.py took 0.064 seconds
[2025-09-27T23:28:36.140+0100] {processor.py:186} INFO - Started process (PID=20358) to work on /home/engineer/project/airflow_env/lib/python3.12/site-packages/airflow/example_dags/example_skip_dag.py
[2025-09-27T23:28:36.141+0100] {processor.py:914} INFO - Processing file /home/engineer/project/airflow_env/lib/python3.12/site-packages/airflow/example_dags/example_skip_dag.py for tasks to queue
[2025-09-27T23:28:36.143+0100] {logging_mixin.py:190} INFO - [2025-09-27T23:28:36.143+0100] {dagbag.py:588} INFO - Filling up the DagBag from /home/engineer/project/airflow_env/lib/python3.12/site-packages/airflow/example_dags/example_skip_dag.py
[2025-09-27T23:28:36.148+0100] {processor.py:925} INFO - DAG(s) 'example_skip_dag' retrieved from /home/engineer/project/airflow_env/lib/python3.12/site-packages/airflow/example_dags/example_skip_dag.py
[2025-09-27T23:28:36.159+0100] {logging_mixin.py:190} INFO - [2025-09-27T23:28:36.159+0100] {dag.py:3239} INFO - Sync 1 DAGs
[2025-09-27T23:28:36.171+0100] {logging_mixin.py:190} INFO - [2025-09-27T23:28:36.171+0100] {dag.py:4180} INFO - Setting next_dagrun for example_skip_dag to 2025-09-26 00:00:00+00:00, run_after=2025-09-27 00:00:00+00:00
[2025-09-27T23:28:36.187+0100] {processor.py:208} INFO - Processing /home/engineer/project/airflow_env/lib/python3.12/site-packages/airflow/example_dags/example_skip_dag.py took 0.050 seconds
[2025-09-27T23:29:28.272+0100] {processor.py:186} INFO - Started process (PID=20570) to work on /home/engineer/project/airflow_env/lib/python3.12/site-packages/airflow/example_dags/example_skip_dag.py
[2025-09-27T23:29:28.274+0100] {processor.py:914} INFO - Processing file /home/engineer/project/airflow_env/lib/python3.12/site-packages/airflow/example_dags/example_skip_dag.py for tasks to queue
[2025-09-27T23:29:28.275+0100] {logging_mixin.py:190} INFO - [2025-09-27T23:29:28.275+0100] {dagbag.py:588} INFO - Filling up the DagBag from /home/engineer/project/airflow_env/lib/python3.12/site-packages/airflow/example_dags/example_skip_dag.py
[2025-09-27T23:29:28.281+0100] {processor.py:925} INFO - DAG(s) 'example_skip_dag' retrieved from /home/engineer/project/airflow_env/lib/python3.12/site-packages/airflow/example_dags/example_skip_dag.py
[2025-09-27T23:29:28.293+0100] {logging_mixin.py:190} INFO - [2025-09-27T23:29:28.293+0100] {dag.py:3239} INFO - Sync 1 DAGs
[2025-09-27T23:29:28.306+0100] {logging_mixin.py:190} INFO - [2025-09-27T23:29:28.305+0100] {dag.py:4180} INFO - Setting next_dagrun for example_skip_dag to 2025-09-26 00:00:00+00:00, run_after=2025-09-27 00:00:00+00:00
[2025-09-27T23:29:28.322+0100] {processor.py:208} INFO - Processing /home/engineer/project/airflow_env/lib/python3.12/site-packages/airflow/example_dags/example_skip_dag.py took 0.054 seconds
[2025-09-27T23:30:15.692+0100] {processor.py:186} INFO - Started process (PID=20759) to work on /home/engineer/project/airflow_env/lib/python3.12/site-packages/airflow/example_dags/example_skip_dag.py
[2025-09-27T23:30:15.693+0100] {processor.py:914} INFO - Processing file /home/engineer/project/airflow_env/lib/python3.12/site-packages/airflow/example_dags/example_skip_dag.py for tasks to queue
[2025-09-27T23:30:15.695+0100] {logging_mixin.py:190} INFO - [2025-09-27T23:30:15.695+0100] {dagbag.py:588} INFO - Filling up the DagBag from /home/engineer/project/airflow_env/lib/python3.12/site-packages/airflow/example_dags/example_skip_dag.py
[2025-09-27T23:30:15.702+0100] {processor.py:925} INFO - DAG(s) 'example_skip_dag' retrieved from /home/engineer/project/airflow_env/lib/python3.12/site-packages/airflow/example_dags/example_skip_dag.py
[2025-09-27T23:30:15.714+0100] {logging_mixin.py:190} INFO - [2025-09-27T23:30:15.714+0100] {dag.py:3239} INFO - Sync 1 DAGs
[2025-09-27T23:30:15.727+0100] {logging_mixin.py:190} INFO - [2025-09-27T23:30:15.726+0100] {dag.py:4180} INFO - Setting next_dagrun for example_skip_dag to 2025-09-26 00:00:00+00:00, run_after=2025-09-27 00:00:00+00:00
[2025-09-27T23:30:15.743+0100] {processor.py:208} INFO - Processing /home/engineer/project/airflow_env/lib/python3.12/site-packages/airflow/example_dags/example_skip_dag.py took 0.055 seconds
[2025-09-27T23:31:03.489+0100] {processor.py:186} INFO - Started process (PID=21207) to work on /home/engineer/project/airflow_env/lib/python3.12/site-packages/airflow/example_dags/example_skip_dag.py
[2025-09-27T23:31:03.497+0100] {processor.py:914} INFO - Processing file /home/engineer/project/airflow_env/lib/python3.12/site-packages/airflow/example_dags/example_skip_dag.py for tasks to queue
[2025-09-27T23:31:03.501+0100] {logging_mixin.py:190} INFO - [2025-09-27T23:31:03.501+0100] {dagbag.py:588} INFO - Filling up the DagBag from /home/engineer/project/airflow_env/lib/python3.12/site-packages/airflow/example_dags/example_skip_dag.py
[2025-09-27T23:31:03.518+0100] {processor.py:925} INFO - DAG(s) 'example_skip_dag' retrieved from /home/engineer/project/airflow_env/lib/python3.12/site-packages/airflow/example_dags/example_skip_dag.py
[2025-09-27T23:31:03.548+0100] {logging_mixin.py:190} INFO - [2025-09-27T23:31:03.548+0100] {dag.py:3239} INFO - Sync 1 DAGs
[2025-09-27T23:31:03.577+0100] {logging_mixin.py:190} INFO - [2025-09-27T23:31:03.577+0100] {dag.py:4180} INFO - Setting next_dagrun for example_skip_dag to 2025-09-26 00:00:00+00:00, run_after=2025-09-27 00:00:00+00:00
[2025-09-27T23:31:03.772+0100] {processor.py:208} INFO - Processing /home/engineer/project/airflow_env/lib/python3.12/site-packages/airflow/example_dags/example_skip_dag.py took 0.292 seconds
[2025-09-27T23:31:58.031+0100] {processor.py:186} INFO - Started process (PID=21780) to work on /home/engineer/project/airflow_env/lib/python3.12/site-packages/airflow/example_dags/example_skip_dag.py
[2025-09-27T23:31:58.038+0100] {processor.py:914} INFO - Processing file /home/engineer/project/airflow_env/lib/python3.12/site-packages/airflow/example_dags/example_skip_dag.py for tasks to queue
[2025-09-27T23:31:58.040+0100] {logging_mixin.py:190} INFO - [2025-09-27T23:31:58.040+0100] {dagbag.py:588} INFO - Filling up the DagBag from /home/engineer/project/airflow_env/lib/python3.12/site-packages/airflow/example_dags/example_skip_dag.py
[2025-09-27T23:31:58.049+0100] {processor.py:925} INFO - DAG(s) 'example_skip_dag' retrieved from /home/engineer/project/airflow_env/lib/python3.12/site-packages/airflow/example_dags/example_skip_dag.py
[2025-09-27T23:31:58.063+0100] {logging_mixin.py:190} INFO - [2025-09-27T23:31:58.063+0100] {dag.py:3239} INFO - Sync 1 DAGs
[2025-09-27T23:31:58.078+0100] {logging_mixin.py:190} INFO - [2025-09-27T23:31:58.078+0100] {dag.py:4180} INFO - Setting next_dagrun for example_skip_dag to 2025-09-26 00:00:00+00:00, run_after=2025-09-27 00:00:00+00:00
[2025-09-27T23:31:58.095+0100] {processor.py:208} INFO - Processing /home/engineer/project/airflow_env/lib/python3.12/site-packages/airflow/example_dags/example_skip_dag.py took 0.068 seconds
[2025-09-27T23:32:48.813+0100] {processor.py:186} INFO - Started process (PID=22056) to work on /home/engineer/project/airflow_env/lib/python3.12/site-packages/airflow/example_dags/example_skip_dag.py
[2025-09-27T23:32:48.820+0100] {processor.py:914} INFO - Processing file /home/engineer/project/airflow_env/lib/python3.12/site-packages/airflow/example_dags/example_skip_dag.py for tasks to queue
[2025-09-27T23:32:48.823+0100] {logging_mixin.py:190} INFO - [2025-09-27T23:32:48.822+0100] {dagbag.py:588} INFO - Filling up the DagBag from /home/engineer/project/airflow_env/lib/python3.12/site-packages/airflow/example_dags/example_skip_dag.py
[2025-09-27T23:32:48.830+0100] {processor.py:925} INFO - DAG(s) 'example_skip_dag' retrieved from /home/engineer/project/airflow_env/lib/python3.12/site-packages/airflow/example_dags/example_skip_dag.py
[2025-09-27T23:32:48.843+0100] {logging_mixin.py:190} INFO - [2025-09-27T23:32:48.843+0100] {dag.py:3239} INFO - Sync 1 DAGs
[2025-09-27T23:32:48.858+0100] {logging_mixin.py:190} INFO - [2025-09-27T23:32:48.858+0100] {dag.py:4180} INFO - Setting next_dagrun for example_skip_dag to 2025-09-26 00:00:00+00:00, run_after=2025-09-27 00:00:00+00:00
[2025-09-27T23:32:48.875+0100] {processor.py:208} INFO - Processing /home/engineer/project/airflow_env/lib/python3.12/site-packages/airflow/example_dags/example_skip_dag.py took 0.068 seconds
[2025-09-27T23:33:36.754+0100] {processor.py:186} INFO - Started process (PID=22249) to work on /home/engineer/project/airflow_env/lib/python3.12/site-packages/airflow/example_dags/example_skip_dag.py
[2025-09-27T23:33:36.762+0100] {processor.py:914} INFO - Processing file /home/engineer/project/airflow_env/lib/python3.12/site-packages/airflow/example_dags/example_skip_dag.py for tasks to queue
[2025-09-27T23:33:36.764+0100] {logging_mixin.py:190} INFO - [2025-09-27T23:33:36.763+0100] {dagbag.py:588} INFO - Filling up the DagBag from /home/engineer/project/airflow_env/lib/python3.12/site-packages/airflow/example_dags/example_skip_dag.py
[2025-09-27T23:33:36.769+0100] {processor.py:925} INFO - DAG(s) 'example_skip_dag' retrieved from /home/engineer/project/airflow_env/lib/python3.12/site-packages/airflow/example_dags/example_skip_dag.py
[2025-09-27T23:33:36.781+0100] {logging_mixin.py:190} INFO - [2025-09-27T23:33:36.780+0100] {dag.py:3239} INFO - Sync 1 DAGs
[2025-09-27T23:33:36.795+0100] {logging_mixin.py:190} INFO - [2025-09-27T23:33:36.794+0100] {dag.py:4180} INFO - Setting next_dagrun for example_skip_dag to 2025-09-26 00:00:00+00:00, run_after=2025-09-27 00:00:00+00:00
[2025-09-27T23:33:36.815+0100] {processor.py:208} INFO - Processing /home/engineer/project/airflow_env/lib/python3.12/site-packages/airflow/example_dags/example_skip_dag.py took 0.065 seconds
[2025-09-27T23:34:27.178+0100] {processor.py:186} INFO - Started process (PID=22445) to work on /home/engineer/project/airflow_env/lib/python3.12/site-packages/airflow/example_dags/example_skip_dag.py
[2025-09-27T23:34:27.185+0100] {processor.py:914} INFO - Processing file /home/engineer/project/airflow_env/lib/python3.12/site-packages/airflow/example_dags/example_skip_dag.py for tasks to queue
[2025-09-27T23:34:27.187+0100] {logging_mixin.py:190} INFO - [2025-09-27T23:34:27.187+0100] {dagbag.py:588} INFO - Filling up the DagBag from /home/engineer/project/airflow_env/lib/python3.12/site-packages/airflow/example_dags/example_skip_dag.py
[2025-09-27T23:34:27.192+0100] {processor.py:925} INFO - DAG(s) 'example_skip_dag' retrieved from /home/engineer/project/airflow_env/lib/python3.12/site-packages/airflow/example_dags/example_skip_dag.py
[2025-09-27T23:34:27.206+0100] {logging_mixin.py:190} INFO - [2025-09-27T23:34:27.206+0100] {dag.py:3239} INFO - Sync 1 DAGs
[2025-09-27T23:34:27.220+0100] {logging_mixin.py:190} INFO - [2025-09-27T23:34:27.220+0100] {dag.py:4180} INFO - Setting next_dagrun for example_skip_dag to 2025-09-26 00:00:00+00:00, run_after=2025-09-27 00:00:00+00:00
[2025-09-27T23:34:27.235+0100] {processor.py:208} INFO - Processing /home/engineer/project/airflow_env/lib/python3.12/site-packages/airflow/example_dags/example_skip_dag.py took 0.061 seconds
[2025-09-27T23:35:15.789+0100] {processor.py:186} INFO - Started process (PID=22640) to work on /home/engineer/project/airflow_env/lib/python3.12/site-packages/airflow/example_dags/example_skip_dag.py
[2025-09-27T23:35:15.790+0100] {processor.py:914} INFO - Processing file /home/engineer/project/airflow_env/lib/python3.12/site-packages/airflow/example_dags/example_skip_dag.py for tasks to queue
[2025-09-27T23:35:15.792+0100] {logging_mixin.py:190} INFO - [2025-09-27T23:35:15.792+0100] {dagbag.py:588} INFO - Filling up the DagBag from /home/engineer/project/airflow_env/lib/python3.12/site-packages/airflow/example_dags/example_skip_dag.py
[2025-09-27T23:35:15.798+0100] {processor.py:925} INFO - DAG(s) 'example_skip_dag' retrieved from /home/engineer/project/airflow_env/lib/python3.12/site-packages/airflow/example_dags/example_skip_dag.py
[2025-09-27T23:35:15.809+0100] {logging_mixin.py:190} INFO - [2025-09-27T23:35:15.809+0100] {dag.py:3239} INFO - Sync 1 DAGs
[2025-09-27T23:35:15.822+0100] {logging_mixin.py:190} INFO - [2025-09-27T23:35:15.822+0100] {dag.py:4180} INFO - Setting next_dagrun for example_skip_dag to 2025-09-26 00:00:00+00:00, run_after=2025-09-27 00:00:00+00:00
[2025-09-27T23:35:15.838+0100] {processor.py:208} INFO - Processing /home/engineer/project/airflow_env/lib/python3.12/site-packages/airflow/example_dags/example_skip_dag.py took 0.053 seconds
[2025-09-27T23:36:04.660+0100] {processor.py:186} INFO - Started process (PID=22834) to work on /home/engineer/project/airflow_env/lib/python3.12/site-packages/airflow/example_dags/example_skip_dag.py
[2025-09-27T23:36:04.667+0100] {processor.py:914} INFO - Processing file /home/engineer/project/airflow_env/lib/python3.12/site-packages/airflow/example_dags/example_skip_dag.py for tasks to queue
[2025-09-27T23:36:04.669+0100] {logging_mixin.py:190} INFO - [2025-09-27T23:36:04.669+0100] {dagbag.py:588} INFO - Filling up the DagBag from /home/engineer/project/airflow_env/lib/python3.12/site-packages/airflow/example_dags/example_skip_dag.py
[2025-09-27T23:36:04.675+0100] {processor.py:925} INFO - DAG(s) 'example_skip_dag' retrieved from /home/engineer/project/airflow_env/lib/python3.12/site-packages/airflow/example_dags/example_skip_dag.py
[2025-09-27T23:36:04.687+0100] {logging_mixin.py:190} INFO - [2025-09-27T23:36:04.687+0100] {dag.py:3239} INFO - Sync 1 DAGs
[2025-09-27T23:36:04.700+0100] {logging_mixin.py:190} INFO - [2025-09-27T23:36:04.700+0100] {dag.py:4180} INFO - Setting next_dagrun for example_skip_dag to 2025-09-26 00:00:00+00:00, run_after=2025-09-27 00:00:00+00:00
[2025-09-27T23:36:04.716+0100] {processor.py:208} INFO - Processing /home/engineer/project/airflow_env/lib/python3.12/site-packages/airflow/example_dags/example_skip_dag.py took 0.060 seconds
[2025-09-27T23:36:54.240+0100] {processor.py:186} INFO - Started process (PID=23054) to work on /home/engineer/project/airflow_env/lib/python3.12/site-packages/airflow/example_dags/example_skip_dag.py
[2025-09-27T23:36:54.247+0100] {processor.py:914} INFO - Processing file /home/engineer/project/airflow_env/lib/python3.12/site-packages/airflow/example_dags/example_skip_dag.py for tasks to queue
[2025-09-27T23:36:54.247+0100] {logging_mixin.py:190} INFO - [2025-09-27T23:36:54.247+0100] {dagbag.py:588} INFO - Filling up the DagBag from /home/engineer/project/airflow_env/lib/python3.12/site-packages/airflow/example_dags/example_skip_dag.py
[2025-09-27T23:36:54.254+0100] {processor.py:925} INFO - DAG(s) 'example_skip_dag' retrieved from /home/engineer/project/airflow_env/lib/python3.12/site-packages/airflow/example_dags/example_skip_dag.py
[2025-09-27T23:36:54.265+0100] {logging_mixin.py:190} INFO - [2025-09-27T23:36:54.265+0100] {dag.py:3239} INFO - Sync 1 DAGs
[2025-09-27T23:36:54.278+0100] {logging_mixin.py:190} INFO - [2025-09-27T23:36:54.278+0100] {dag.py:4180} INFO - Setting next_dagrun for example_skip_dag to 2025-09-26 00:00:00+00:00, run_after=2025-09-27 00:00:00+00:00
[2025-09-27T23:36:54.293+0100] {processor.py:208} INFO - Processing /home/engineer/project/airflow_env/lib/python3.12/site-packages/airflow/example_dags/example_skip_dag.py took 0.058 seconds
[2025-09-27T23:37:40.767+0100] {processor.py:186} INFO - Started process (PID=23243) to work on /home/engineer/project/airflow_env/lib/python3.12/site-packages/airflow/example_dags/example_skip_dag.py
[2025-09-27T23:37:40.775+0100] {processor.py:914} INFO - Processing file /home/engineer/project/airflow_env/lib/python3.12/site-packages/airflow/example_dags/example_skip_dag.py for tasks to queue
[2025-09-27T23:37:40.775+0100] {logging_mixin.py:190} INFO - [2025-09-27T23:37:40.775+0100] {dagbag.py:588} INFO - Filling up the DagBag from /home/engineer/project/airflow_env/lib/python3.12/site-packages/airflow/example_dags/example_skip_dag.py
[2025-09-27T23:37:40.782+0100] {processor.py:925} INFO - DAG(s) 'example_skip_dag' retrieved from /home/engineer/project/airflow_env/lib/python3.12/site-packages/airflow/example_dags/example_skip_dag.py
[2025-09-27T23:37:40.793+0100] {logging_mixin.py:190} INFO - [2025-09-27T23:37:40.793+0100] {dag.py:3239} INFO - Sync 1 DAGs
[2025-09-27T23:37:40.806+0100] {logging_mixin.py:190} INFO - [2025-09-27T23:37:40.805+0100] {dag.py:4180} INFO - Setting next_dagrun for example_skip_dag to 2025-09-26 00:00:00+00:00, run_after=2025-09-27 00:00:00+00:00
[2025-09-27T23:37:40.823+0100] {processor.py:208} INFO - Processing /home/engineer/project/airflow_env/lib/python3.12/site-packages/airflow/example_dags/example_skip_dag.py took 0.060 seconds
[2025-09-27T23:38:59.453+0100] {processor.py:186} INFO - Started process (PID=23459) to work on /home/engineer/project/airflow_env/lib/python3.12/site-packages/airflow/example_dags/example_skip_dag.py
[2025-09-27T23:38:59.460+0100] {processor.py:914} INFO - Processing file /home/engineer/project/airflow_env/lib/python3.12/site-packages/airflow/example_dags/example_skip_dag.py for tasks to queue
[2025-09-27T23:38:59.462+0100] {logging_mixin.py:190} INFO - [2025-09-27T23:38:59.461+0100] {dagbag.py:588} INFO - Filling up the DagBag from /home/engineer/project/airflow_env/lib/python3.12/site-packages/airflow/example_dags/example_skip_dag.py
[2025-09-27T23:38:59.468+0100] {processor.py:925} INFO - DAG(s) 'example_skip_dag' retrieved from /home/engineer/project/airflow_env/lib/python3.12/site-packages/airflow/example_dags/example_skip_dag.py
[2025-09-27T23:38:59.481+0100] {logging_mixin.py:190} INFO - [2025-09-27T23:38:59.481+0100] {dag.py:3239} INFO - Sync 1 DAGs
[2025-09-27T23:38:59.495+0100] {logging_mixin.py:190} INFO - [2025-09-27T23:38:59.494+0100] {dag.py:4180} INFO - Setting next_dagrun for example_skip_dag to 2025-09-26 00:00:00+00:00, run_after=2025-09-27 00:00:00+00:00
[2025-09-27T23:38:59.510+0100] {processor.py:208} INFO - Processing /home/engineer/project/airflow_env/lib/python3.12/site-packages/airflow/example_dags/example_skip_dag.py took 0.061 seconds
[2025-09-27T23:39:54.006+0100] {processor.py:186} INFO - Started process (PID=23672) to work on /home/engineer/project/airflow_env/lib/python3.12/site-packages/airflow/example_dags/example_skip_dag.py
[2025-09-27T23:39:54.013+0100] {processor.py:914} INFO - Processing file /home/engineer/project/airflow_env/lib/python3.12/site-packages/airflow/example_dags/example_skip_dag.py for tasks to queue
[2025-09-27T23:39:54.014+0100] {logging_mixin.py:190} INFO - [2025-09-27T23:39:54.014+0100] {dagbag.py:588} INFO - Filling up the DagBag from /home/engineer/project/airflow_env/lib/python3.12/site-packages/airflow/example_dags/example_skip_dag.py
[2025-09-27T23:39:54.022+0100] {processor.py:925} INFO - DAG(s) 'example_skip_dag' retrieved from /home/engineer/project/airflow_env/lib/python3.12/site-packages/airflow/example_dags/example_skip_dag.py
[2025-09-27T23:39:54.036+0100] {logging_mixin.py:190} INFO - [2025-09-27T23:39:54.036+0100] {dag.py:3239} INFO - Sync 1 DAGs
[2025-09-27T23:39:54.053+0100] {logging_mixin.py:190} INFO - [2025-09-27T23:39:54.052+0100] {dag.py:4180} INFO - Setting next_dagrun for example_skip_dag to 2025-09-26 00:00:00+00:00, run_after=2025-09-27 00:00:00+00:00
[2025-09-27T23:39:54.070+0100] {processor.py:208} INFO - Processing /home/engineer/project/airflow_env/lib/python3.12/site-packages/airflow/example_dags/example_skip_dag.py took 0.069 seconds
[2025-09-27T23:40:43.394+0100] {processor.py:186} INFO - Started process (PID=23874) to work on /home/engineer/project/airflow_env/lib/python3.12/site-packages/airflow/example_dags/example_skip_dag.py
[2025-09-27T23:40:43.396+0100] {processor.py:914} INFO - Processing file /home/engineer/project/airflow_env/lib/python3.12/site-packages/airflow/example_dags/example_skip_dag.py for tasks to queue
[2025-09-27T23:40:43.397+0100] {logging_mixin.py:190} INFO - [2025-09-27T23:40:43.397+0100] {dagbag.py:588} INFO - Filling up the DagBag from /home/engineer/project/airflow_env/lib/python3.12/site-packages/airflow/example_dags/example_skip_dag.py
[2025-09-27T23:40:43.410+0100] {processor.py:925} INFO - DAG(s) 'example_skip_dag' retrieved from /home/engineer/project/airflow_env/lib/python3.12/site-packages/airflow/example_dags/example_skip_dag.py
[2025-09-27T23:40:43.432+0100] {logging_mixin.py:190} INFO - [2025-09-27T23:40:43.431+0100] {dag.py:3239} INFO - Sync 1 DAGs
[2025-09-27T23:40:43.457+0100] {logging_mixin.py:190} INFO - [2025-09-27T23:40:43.457+0100] {dag.py:4180} INFO - Setting next_dagrun for example_skip_dag to 2025-09-26 00:00:00+00:00, run_after=2025-09-27 00:00:00+00:00
[2025-09-27T23:40:43.482+0100] {processor.py:208} INFO - Processing /home/engineer/project/airflow_env/lib/python3.12/site-packages/airflow/example_dags/example_skip_dag.py took 0.092 seconds
[2025-09-27T23:41:33.606+0100] {processor.py:186} INFO - Started process (PID=24071) to work on /home/engineer/project/airflow_env/lib/python3.12/site-packages/airflow/example_dags/example_skip_dag.py
[2025-09-27T23:41:33.607+0100] {processor.py:914} INFO - Processing file /home/engineer/project/airflow_env/lib/python3.12/site-packages/airflow/example_dags/example_skip_dag.py for tasks to queue
[2025-09-27T23:41:33.608+0100] {logging_mixin.py:190} INFO - [2025-09-27T23:41:33.608+0100] {dagbag.py:588} INFO - Filling up the DagBag from /home/engineer/project/airflow_env/lib/python3.12/site-packages/airflow/example_dags/example_skip_dag.py
[2025-09-27T23:41:33.615+0100] {processor.py:925} INFO - DAG(s) 'example_skip_dag' retrieved from /home/engineer/project/airflow_env/lib/python3.12/site-packages/airflow/example_dags/example_skip_dag.py
[2025-09-27T23:41:33.626+0100] {logging_mixin.py:190} INFO - [2025-09-27T23:41:33.626+0100] {dag.py:3239} INFO - Sync 1 DAGs
[2025-09-27T23:41:33.639+0100] {logging_mixin.py:190} INFO - [2025-09-27T23:41:33.639+0100] {dag.py:4180} INFO - Setting next_dagrun for example_skip_dag to 2025-09-26 00:00:00+00:00, run_after=2025-09-27 00:00:00+00:00
[2025-09-27T23:41:33.657+0100] {processor.py:208} INFO - Processing /home/engineer/project/airflow_env/lib/python3.12/site-packages/airflow/example_dags/example_skip_dag.py took 0.055 seconds
[2025-09-27T23:42:23.581+0100] {processor.py:186} INFO - Started process (PID=24291) to work on /home/engineer/project/airflow_env/lib/python3.12/site-packages/airflow/example_dags/example_skip_dag.py
[2025-09-27T23:42:23.588+0100] {processor.py:914} INFO - Processing file /home/engineer/project/airflow_env/lib/python3.12/site-packages/airflow/example_dags/example_skip_dag.py for tasks to queue
[2025-09-27T23:42:23.590+0100] {logging_mixin.py:190} INFO - [2025-09-27T23:42:23.589+0100] {dagbag.py:588} INFO - Filling up the DagBag from /home/engineer/project/airflow_env/lib/python3.12/site-packages/airflow/example_dags/example_skip_dag.py
[2025-09-27T23:42:23.598+0100] {processor.py:925} INFO - DAG(s) 'example_skip_dag' retrieved from /home/engineer/project/airflow_env/lib/python3.12/site-packages/airflow/example_dags/example_skip_dag.py
[2025-09-27T23:42:23.614+0100] {logging_mixin.py:190} INFO - [2025-09-27T23:42:23.614+0100] {dag.py:3239} INFO - Sync 1 DAGs
[2025-09-27T23:42:23.638+0100] {logging_mixin.py:190} INFO - [2025-09-27T23:42:23.637+0100] {dag.py:4180} INFO - Setting next_dagrun for example_skip_dag to 2025-09-26 00:00:00+00:00, run_after=2025-09-27 00:00:00+00:00
[2025-09-27T23:42:23.663+0100] {processor.py:208} INFO - Processing /home/engineer/project/airflow_env/lib/python3.12/site-packages/airflow/example_dags/example_skip_dag.py took 0.088 seconds
[2025-09-27T23:43:15.111+0100] {processor.py:186} INFO - Started process (PID=24500) to work on /home/engineer/project/airflow_env/lib/python3.12/site-packages/airflow/example_dags/example_skip_dag.py
[2025-09-27T23:43:15.113+0100] {processor.py:914} INFO - Processing file /home/engineer/project/airflow_env/lib/python3.12/site-packages/airflow/example_dags/example_skip_dag.py for tasks to queue
[2025-09-27T23:43:15.114+0100] {logging_mixin.py:190} INFO - [2025-09-27T23:43:15.114+0100] {dagbag.py:588} INFO - Filling up the DagBag from /home/engineer/project/airflow_env/lib/python3.12/site-packages/airflow/example_dags/example_skip_dag.py
[2025-09-27T23:43:15.125+0100] {processor.py:925} INFO - DAG(s) 'example_skip_dag' retrieved from /home/engineer/project/airflow_env/lib/python3.12/site-packages/airflow/example_dags/example_skip_dag.py
[2025-09-27T23:43:15.146+0100] {logging_mixin.py:190} INFO - [2025-09-27T23:43:15.146+0100] {dag.py:3239} INFO - Sync 1 DAGs
[2025-09-27T23:43:15.167+0100] {logging_mixin.py:190} INFO - [2025-09-27T23:43:15.167+0100] {dag.py:4180} INFO - Setting next_dagrun for example_skip_dag to 2025-09-26 00:00:00+00:00, run_after=2025-09-27 00:00:00+00:00
[2025-09-27T23:43:15.189+0100] {processor.py:208} INFO - Processing /home/engineer/project/airflow_env/lib/python3.12/site-packages/airflow/example_dags/example_skip_dag.py took 0.084 seconds
[2025-09-27T23:44:05.265+0100] {processor.py:186} INFO - Started process (PID=24836) to work on /home/engineer/project/airflow_env/lib/python3.12/site-packages/airflow/example_dags/example_skip_dag.py
[2025-09-27T23:44:05.272+0100] {processor.py:914} INFO - Processing file /home/engineer/project/airflow_env/lib/python3.12/site-packages/airflow/example_dags/example_skip_dag.py for tasks to queue
[2025-09-27T23:44:05.273+0100] {logging_mixin.py:190} INFO - [2025-09-27T23:44:05.272+0100] {dagbag.py:588} INFO - Filling up the DagBag from /home/engineer/project/airflow_env/lib/python3.12/site-packages/airflow/example_dags/example_skip_dag.py
[2025-09-27T23:44:05.279+0100] {processor.py:925} INFO - DAG(s) 'example_skip_dag' retrieved from /home/engineer/project/airflow_env/lib/python3.12/site-packages/airflow/example_dags/example_skip_dag.py
[2025-09-27T23:44:05.295+0100] {logging_mixin.py:190} INFO - [2025-09-27T23:44:05.295+0100] {dag.py:3239} INFO - Sync 1 DAGs
[2025-09-27T23:44:05.311+0100] {logging_mixin.py:190} INFO - [2025-09-27T23:44:05.311+0100] {dag.py:4180} INFO - Setting next_dagrun for example_skip_dag to 2025-09-26 00:00:00+00:00, run_after=2025-09-27 00:00:00+00:00
[2025-09-27T23:44:05.334+0100] {processor.py:208} INFO - Processing /home/engineer/project/airflow_env/lib/python3.12/site-packages/airflow/example_dags/example_skip_dag.py took 0.073 seconds
