[2025-09-27T23:26:41.873+0100] {processor.py:186} INFO - Started process (PID=19848) to work on /home/engineer/project/airflow_env/lib/python3.12/site-packages/airflow/example_dags/example_trigger_target_dag.py
[2025-09-27T23:26:41.874+0100] {processor.py:914} INFO - Processing file /home/engineer/project/airflow_env/lib/python3.12/site-packages/airflow/example_dags/example_trigger_target_dag.py for tasks to queue
[2025-09-27T23:26:41.875+0100] {logging_mixin.py:190} INFO - [2025-09-27T23:26:41.875+0100] {dagbag.py:588} INFO - Filling up the DagBag from /home/engineer/project/airflow_env/lib/python3.12/site-packages/airflow/example_dags/example_trigger_target_dag.py
[2025-09-27T23:26:41.882+0100] {processor.py:925} INFO - DAG(s) 'example_trigger_target_dag' retrieved from /home/engineer/project/airflow_env/lib/python3.12/site-packages/airflow/example_dags/example_trigger_target_dag.py
[2025-09-27T23:26:41.959+0100] {logging_mixin.py:190} INFO - [2025-09-27T23:26:41.958+0100] {override.py:1900} INFO - Created Permission View: can delete on DAG:example_trigger_target_dag
[2025-09-27T23:26:41.968+0100] {logging_mixin.py:190} INFO - [2025-09-27T23:26:41.968+0100] {override.py:1900} INFO - Created Permission View: can read on DAG:example_trigger_target_dag
[2025-09-27T23:26:41.974+0100] {logging_mixin.py:190} INFO - [2025-09-27T23:26:41.973+0100] {override.py:1900} INFO - Created Permission View: can edit on DAG:example_trigger_target_dag
[2025-09-27T23:26:41.983+0100] {logging_mixin.py:190} INFO - [2025-09-27T23:26:41.983+0100] {override.py:1900} INFO - Created Permission View: can delete on DAG Run:example_trigger_target_dag
[2025-09-27T23:26:41.989+0100] {logging_mixin.py:190} INFO - [2025-09-27T23:26:41.988+0100] {override.py:1900} INFO - Created Permission View: can read on DAG Run:example_trigger_target_dag
[2025-09-27T23:26:41.994+0100] {logging_mixin.py:190} INFO - [2025-09-27T23:26:41.994+0100] {override.py:1900} INFO - Created Permission View: can create on DAG Run:example_trigger_target_dag
[2025-09-27T23:26:42.001+0100] {logging_mixin.py:190} INFO - [2025-09-27T23:26:42.000+0100] {override.py:1900} INFO - Created Permission View: menu access on DAG Run:example_trigger_target_dag
[2025-09-27T23:26:42.001+0100] {logging_mixin.py:190} INFO - [2025-09-27T23:26:42.001+0100] {dag.py:3239} INFO - Sync 1 DAGs
[2025-09-27T23:26:42.009+0100] {logging_mixin.py:190} INFO - [2025-09-27T23:26:42.009+0100] {dag.py:3262} INFO - Creating ORM DAG for example_trigger_target_dag
[2025-09-27T23:26:42.009+0100] {logging_mixin.py:190} INFO - [2025-09-27T23:26:42.009+0100] {dag.py:4180} INFO - Setting next_dagrun for example_trigger_target_dag to None, run_after=None
[2025-09-27T23:26:42.025+0100] {processor.py:208} INFO - Processing /home/engineer/project/airflow_env/lib/python3.12/site-packages/airflow/example_dags/example_trigger_target_dag.py took 0.156 seconds
[2025-09-27T23:27:41.361+0100] {processor.py:186} INFO - Started process (PID=20084) to work on /home/engineer/project/airflow_env/lib/python3.12/site-packages/airflow/example_dags/example_trigger_target_dag.py
[2025-09-27T23:27:41.368+0100] {processor.py:914} INFO - Processing file /home/engineer/project/airflow_env/lib/python3.12/site-packages/airflow/example_dags/example_trigger_target_dag.py for tasks to queue
[2025-09-27T23:27:41.369+0100] {logging_mixin.py:190} INFO - [2025-09-27T23:27:41.369+0100] {dagbag.py:588} INFO - Filling up the DagBag from /home/engineer/project/airflow_env/lib/python3.12/site-packages/airflow/example_dags/example_trigger_target_dag.py
[2025-09-27T23:27:41.375+0100] {processor.py:925} INFO - DAG(s) 'example_trigger_target_dag' retrieved from /home/engineer/project/airflow_env/lib/python3.12/site-packages/airflow/example_dags/example_trigger_target_dag.py
[2025-09-27T23:27:41.385+0100] {logging_mixin.py:190} INFO - [2025-09-27T23:27:41.385+0100] {dag.py:3239} INFO - Sync 1 DAGs
[2025-09-27T23:27:41.392+0100] {logging_mixin.py:190} INFO - [2025-09-27T23:27:41.392+0100] {dag.py:4180} INFO - Setting next_dagrun for example_trigger_target_dag to None, run_after=None
[2025-09-27T23:27:41.407+0100] {processor.py:208} INFO - Processing /home/engineer/project/airflow_env/lib/python3.12/site-packages/airflow/example_dags/example_trigger_target_dag.py took 0.050 seconds
[2025-09-27T23:28:33.867+0100] {processor.py:186} INFO - Started process (PID=20350) to work on /home/engineer/project/airflow_env/lib/python3.12/site-packages/airflow/example_dags/example_trigger_target_dag.py
[2025-09-27T23:28:33.868+0100] {processor.py:914} INFO - Processing file /home/engineer/project/airflow_env/lib/python3.12/site-packages/airflow/example_dags/example_trigger_target_dag.py for tasks to queue
[2025-09-27T23:28:33.870+0100] {logging_mixin.py:190} INFO - [2025-09-27T23:28:33.870+0100] {dagbag.py:588} INFO - Filling up the DagBag from /home/engineer/project/airflow_env/lib/python3.12/site-packages/airflow/example_dags/example_trigger_target_dag.py
[2025-09-27T23:28:33.876+0100] {processor.py:925} INFO - DAG(s) 'example_trigger_target_dag' retrieved from /home/engineer/project/airflow_env/lib/python3.12/site-packages/airflow/example_dags/example_trigger_target_dag.py
[2025-09-27T23:28:33.887+0100] {logging_mixin.py:190} INFO - [2025-09-27T23:28:33.887+0100] {dag.py:3239} INFO - Sync 1 DAGs
[2025-09-27T23:28:33.895+0100] {logging_mixin.py:190} INFO - [2025-09-27T23:28:33.894+0100] {dag.py:4180} INFO - Setting next_dagrun for example_trigger_target_dag to None, run_after=None
[2025-09-27T23:28:33.911+0100] {processor.py:208} INFO - Processing /home/engineer/project/airflow_env/lib/python3.12/site-packages/airflow/example_dags/example_trigger_target_dag.py took 0.049 seconds
[2025-09-27T23:29:26.524+0100] {processor.py:186} INFO - Started process (PID=20562) to work on /home/engineer/project/airflow_env/lib/python3.12/site-packages/airflow/example_dags/example_trigger_target_dag.py
[2025-09-27T23:29:26.525+0100] {processor.py:914} INFO - Processing file /home/engineer/project/airflow_env/lib/python3.12/site-packages/airflow/example_dags/example_trigger_target_dag.py for tasks to queue
[2025-09-27T23:29:26.527+0100] {logging_mixin.py:190} INFO - [2025-09-27T23:29:26.526+0100] {dagbag.py:588} INFO - Filling up the DagBag from /home/engineer/project/airflow_env/lib/python3.12/site-packages/airflow/example_dags/example_trigger_target_dag.py
[2025-09-27T23:29:26.533+0100] {processor.py:925} INFO - DAG(s) 'example_trigger_target_dag' retrieved from /home/engineer/project/airflow_env/lib/python3.12/site-packages/airflow/example_dags/example_trigger_target_dag.py
[2025-09-27T23:29:26.545+0100] {logging_mixin.py:190} INFO - [2025-09-27T23:29:26.544+0100] {dag.py:3239} INFO - Sync 1 DAGs
[2025-09-27T23:29:26.554+0100] {logging_mixin.py:190} INFO - [2025-09-27T23:29:26.554+0100] {dag.py:4180} INFO - Setting next_dagrun for example_trigger_target_dag to None, run_after=None
[2025-09-27T23:29:26.571+0100] {processor.py:208} INFO - Processing /home/engineer/project/airflow_env/lib/python3.12/site-packages/airflow/example_dags/example_trigger_target_dag.py took 0.051 seconds
[2025-09-27T23:30:13.943+0100] {processor.py:186} INFO - Started process (PID=20751) to work on /home/engineer/project/airflow_env/lib/python3.12/site-packages/airflow/example_dags/example_trigger_target_dag.py
[2025-09-27T23:30:13.944+0100] {processor.py:914} INFO - Processing file /home/engineer/project/airflow_env/lib/python3.12/site-packages/airflow/example_dags/example_trigger_target_dag.py for tasks to queue
[2025-09-27T23:30:13.946+0100] {logging_mixin.py:190} INFO - [2025-09-27T23:30:13.946+0100] {dagbag.py:588} INFO - Filling up the DagBag from /home/engineer/project/airflow_env/lib/python3.12/site-packages/airflow/example_dags/example_trigger_target_dag.py
[2025-09-27T23:30:13.952+0100] {processor.py:925} INFO - DAG(s) 'example_trigger_target_dag' retrieved from /home/engineer/project/airflow_env/lib/python3.12/site-packages/airflow/example_dags/example_trigger_target_dag.py
[2025-09-27T23:30:13.966+0100] {logging_mixin.py:190} INFO - [2025-09-27T23:30:13.966+0100] {dag.py:3239} INFO - Sync 1 DAGs
[2025-09-27T23:30:13.977+0100] {logging_mixin.py:190} INFO - [2025-09-27T23:30:13.977+0100] {dag.py:4180} INFO - Setting next_dagrun for example_trigger_target_dag to None, run_after=None
[2025-09-27T23:30:13.996+0100] {processor.py:208} INFO - Processing /home/engineer/project/airflow_env/lib/python3.12/site-packages/airflow/example_dags/example_trigger_target_dag.py took 0.057 seconds
[2025-09-27T23:31:01.212+0100] {processor.py:186} INFO - Started process (PID=21199) to work on /home/engineer/project/airflow_env/lib/python3.12/site-packages/airflow/example_dags/example_trigger_target_dag.py
[2025-09-27T23:31:01.213+0100] {processor.py:914} INFO - Processing file /home/engineer/project/airflow_env/lib/python3.12/site-packages/airflow/example_dags/example_trigger_target_dag.py for tasks to queue
[2025-09-27T23:31:01.215+0100] {logging_mixin.py:190} INFO - [2025-09-27T23:31:01.215+0100] {dagbag.py:588} INFO - Filling up the DagBag from /home/engineer/project/airflow_env/lib/python3.12/site-packages/airflow/example_dags/example_trigger_target_dag.py
[2025-09-27T23:31:01.221+0100] {processor.py:925} INFO - DAG(s) 'example_trigger_target_dag' retrieved from /home/engineer/project/airflow_env/lib/python3.12/site-packages/airflow/example_dags/example_trigger_target_dag.py
[2025-09-27T23:31:01.234+0100] {logging_mixin.py:190} INFO - [2025-09-27T23:31:01.233+0100] {dag.py:3239} INFO - Sync 1 DAGs
[2025-09-27T23:31:01.242+0100] {logging_mixin.py:190} INFO - [2025-09-27T23:31:01.242+0100] {dag.py:4180} INFO - Setting next_dagrun for example_trigger_target_dag to None, run_after=None
[2025-09-27T23:31:01.261+0100] {processor.py:208} INFO - Processing /home/engineer/project/airflow_env/lib/python3.12/site-packages/airflow/example_dags/example_trigger_target_dag.py took 0.053 seconds
[2025-09-27T23:31:56.297+0100] {processor.py:186} INFO - Started process (PID=21766) to work on /home/engineer/project/airflow_env/lib/python3.12/site-packages/airflow/example_dags/example_trigger_target_dag.py
[2025-09-27T23:31:56.298+0100] {processor.py:914} INFO - Processing file /home/engineer/project/airflow_env/lib/python3.12/site-packages/airflow/example_dags/example_trigger_target_dag.py for tasks to queue
[2025-09-27T23:31:56.300+0100] {logging_mixin.py:190} INFO - [2025-09-27T23:31:56.300+0100] {dagbag.py:588} INFO - Filling up the DagBag from /home/engineer/project/airflow_env/lib/python3.12/site-packages/airflow/example_dags/example_trigger_target_dag.py
[2025-09-27T23:31:56.307+0100] {processor.py:925} INFO - DAG(s) 'example_trigger_target_dag' retrieved from /home/engineer/project/airflow_env/lib/python3.12/site-packages/airflow/example_dags/example_trigger_target_dag.py
[2025-09-27T23:31:56.319+0100] {logging_mixin.py:190} INFO - [2025-09-27T23:31:56.319+0100] {dag.py:3239} INFO - Sync 1 DAGs
[2025-09-27T23:31:56.327+0100] {logging_mixin.py:190} INFO - [2025-09-27T23:31:56.327+0100] {dag.py:4180} INFO - Setting next_dagrun for example_trigger_target_dag to None, run_after=None
[2025-09-27T23:31:56.345+0100] {processor.py:208} INFO - Processing /home/engineer/project/airflow_env/lib/python3.12/site-packages/airflow/example_dags/example_trigger_target_dag.py took 0.052 seconds
[2025-09-27T23:32:46.553+0100] {processor.py:186} INFO - Started process (PID=22048) to work on /home/engineer/project/airflow_env/lib/python3.12/site-packages/airflow/example_dags/example_trigger_target_dag.py
[2025-09-27T23:32:46.560+0100] {processor.py:914} INFO - Processing file /home/engineer/project/airflow_env/lib/python3.12/site-packages/airflow/example_dags/example_trigger_target_dag.py for tasks to queue
[2025-09-27T23:32:46.562+0100] {logging_mixin.py:190} INFO - [2025-09-27T23:32:46.562+0100] {dagbag.py:588} INFO - Filling up the DagBag from /home/engineer/project/airflow_env/lib/python3.12/site-packages/airflow/example_dags/example_trigger_target_dag.py
[2025-09-27T23:32:46.569+0100] {processor.py:925} INFO - DAG(s) 'example_trigger_target_dag' retrieved from /home/engineer/project/airflow_env/lib/python3.12/site-packages/airflow/example_dags/example_trigger_target_dag.py
[2025-09-27T23:32:46.580+0100] {logging_mixin.py:190} INFO - [2025-09-27T23:32:46.580+0100] {dag.py:3239} INFO - Sync 1 DAGs
[2025-09-27T23:32:46.589+0100] {logging_mixin.py:190} INFO - [2025-09-27T23:32:46.589+0100] {dag.py:4180} INFO - Setting next_dagrun for example_trigger_target_dag to None, run_after=None
[2025-09-27T23:32:46.610+0100] {processor.py:208} INFO - Processing /home/engineer/project/airflow_env/lib/python3.12/site-packages/airflow/example_dags/example_trigger_target_dag.py took 0.062 seconds
[2025-09-27T23:33:34.477+0100] {processor.py:186} INFO - Started process (PID=22241) to work on /home/engineer/project/airflow_env/lib/python3.12/site-packages/airflow/example_dags/example_trigger_target_dag.py
[2025-09-27T23:33:34.484+0100] {processor.py:914} INFO - Processing file /home/engineer/project/airflow_env/lib/python3.12/site-packages/airflow/example_dags/example_trigger_target_dag.py for tasks to queue
[2025-09-27T23:33:34.486+0100] {logging_mixin.py:190} INFO - [2025-09-27T23:33:34.486+0100] {dagbag.py:588} INFO - Filling up the DagBag from /home/engineer/project/airflow_env/lib/python3.12/site-packages/airflow/example_dags/example_trigger_target_dag.py
[2025-09-27T23:33:34.492+0100] {processor.py:925} INFO - DAG(s) 'example_trigger_target_dag' retrieved from /home/engineer/project/airflow_env/lib/python3.12/site-packages/airflow/example_dags/example_trigger_target_dag.py
[2025-09-27T23:33:34.503+0100] {logging_mixin.py:190} INFO - [2025-09-27T23:33:34.503+0100] {dag.py:3239} INFO - Sync 1 DAGs
[2025-09-27T23:33:34.512+0100] {logging_mixin.py:190} INFO - [2025-09-27T23:33:34.512+0100] {dag.py:4180} INFO - Setting next_dagrun for example_trigger_target_dag to None, run_after=None
[2025-09-27T23:33:34.530+0100] {processor.py:208} INFO - Processing /home/engineer/project/airflow_env/lib/python3.12/site-packages/airflow/example_dags/example_trigger_target_dag.py took 0.057 seconds
[2025-09-27T23:34:25.147+0100] {processor.py:186} INFO - Started process (PID=22437) to work on /home/engineer/project/airflow_env/lib/python3.12/site-packages/airflow/example_dags/example_trigger_target_dag.py
[2025-09-27T23:34:25.148+0100] {processor.py:914} INFO - Processing file /home/engineer/project/airflow_env/lib/python3.12/site-packages/airflow/example_dags/example_trigger_target_dag.py for tasks to queue
[2025-09-27T23:34:25.151+0100] {logging_mixin.py:190} INFO - [2025-09-27T23:34:25.151+0100] {dagbag.py:588} INFO - Filling up the DagBag from /home/engineer/project/airflow_env/lib/python3.12/site-packages/airflow/example_dags/example_trigger_target_dag.py
[2025-09-27T23:34:25.157+0100] {processor.py:925} INFO - DAG(s) 'example_trigger_target_dag' retrieved from /home/engineer/project/airflow_env/lib/python3.12/site-packages/airflow/example_dags/example_trigger_target_dag.py
[2025-09-27T23:34:25.177+0100] {logging_mixin.py:190} INFO - [2025-09-27T23:34:25.177+0100] {dag.py:3239} INFO - Sync 1 DAGs
[2025-09-27T23:34:25.191+0100] {logging_mixin.py:190} INFO - [2025-09-27T23:34:25.191+0100] {dag.py:4180} INFO - Setting next_dagrun for example_trigger_target_dag to None, run_after=None
[2025-09-27T23:34:25.220+0100] {processor.py:208} INFO - Processing /home/engineer/project/airflow_env/lib/python3.12/site-packages/airflow/example_dags/example_trigger_target_dag.py took 0.078 seconds
[2025-09-27T23:35:14.472+0100] {processor.py:186} INFO - Started process (PID=22632) to work on /home/engineer/project/airflow_env/lib/python3.12/site-packages/airflow/example_dags/example_trigger_target_dag.py
[2025-09-27T23:35:14.474+0100] {processor.py:914} INFO - Processing file /home/engineer/project/airflow_env/lib/python3.12/site-packages/airflow/example_dags/example_trigger_target_dag.py for tasks to queue
[2025-09-27T23:35:14.475+0100] {logging_mixin.py:190} INFO - [2025-09-27T23:35:14.475+0100] {dagbag.py:588} INFO - Filling up the DagBag from /home/engineer/project/airflow_env/lib/python3.12/site-packages/airflow/example_dags/example_trigger_target_dag.py
[2025-09-27T23:35:14.481+0100] {processor.py:925} INFO - DAG(s) 'example_trigger_target_dag' retrieved from /home/engineer/project/airflow_env/lib/python3.12/site-packages/airflow/example_dags/example_trigger_target_dag.py
[2025-09-27T23:35:14.492+0100] {logging_mixin.py:190} INFO - [2025-09-27T23:35:14.492+0100] {dag.py:3239} INFO - Sync 1 DAGs
[2025-09-27T23:35:14.500+0100] {logging_mixin.py:190} INFO - [2025-09-27T23:35:14.500+0100] {dag.py:4180} INFO - Setting next_dagrun for example_trigger_target_dag to None, run_after=None
[2025-09-27T23:35:14.516+0100] {processor.py:208} INFO - Processing /home/engineer/project/airflow_env/lib/python3.12/site-packages/airflow/example_dags/example_trigger_target_dag.py took 0.048 seconds
[2025-09-27T23:36:02.917+0100] {processor.py:186} INFO - Started process (PID=22826) to work on /home/engineer/project/airflow_env/lib/python3.12/site-packages/airflow/example_dags/example_trigger_target_dag.py
[2025-09-27T23:36:02.918+0100] {processor.py:914} INFO - Processing file /home/engineer/project/airflow_env/lib/python3.12/site-packages/airflow/example_dags/example_trigger_target_dag.py for tasks to queue
[2025-09-27T23:36:02.920+0100] {logging_mixin.py:190} INFO - [2025-09-27T23:36:02.920+0100] {dagbag.py:588} INFO - Filling up the DagBag from /home/engineer/project/airflow_env/lib/python3.12/site-packages/airflow/example_dags/example_trigger_target_dag.py
[2025-09-27T23:36:02.926+0100] {processor.py:925} INFO - DAG(s) 'example_trigger_target_dag' retrieved from /home/engineer/project/airflow_env/lib/python3.12/site-packages/airflow/example_dags/example_trigger_target_dag.py
[2025-09-27T23:36:02.937+0100] {logging_mixin.py:190} INFO - [2025-09-27T23:36:02.937+0100] {dag.py:3239} INFO - Sync 1 DAGs
[2025-09-27T23:36:02.946+0100] {logging_mixin.py:190} INFO - [2025-09-27T23:36:02.946+0100] {dag.py:4180} INFO - Setting next_dagrun for example_trigger_target_dag to None, run_after=None
[2025-09-27T23:36:02.963+0100] {processor.py:208} INFO - Processing /home/engineer/project/airflow_env/lib/python3.12/site-packages/airflow/example_dags/example_trigger_target_dag.py took 0.050 seconds
[2025-09-27T23:36:51.982+0100] {processor.py:186} INFO - Started process (PID=23046) to work on /home/engineer/project/airflow_env/lib/python3.12/site-packages/airflow/example_dags/example_trigger_target_dag.py
[2025-09-27T23:36:51.989+0100] {processor.py:914} INFO - Processing file /home/engineer/project/airflow_env/lib/python3.12/site-packages/airflow/example_dags/example_trigger_target_dag.py for tasks to queue
[2025-09-27T23:36:51.990+0100] {logging_mixin.py:190} INFO - [2025-09-27T23:36:51.989+0100] {dagbag.py:588} INFO - Filling up the DagBag from /home/engineer/project/airflow_env/lib/python3.12/site-packages/airflow/example_dags/example_trigger_target_dag.py
[2025-09-27T23:36:51.996+0100] {processor.py:925} INFO - DAG(s) 'example_trigger_target_dag' retrieved from /home/engineer/project/airflow_env/lib/python3.12/site-packages/airflow/example_dags/example_trigger_target_dag.py
[2025-09-27T23:36:52.006+0100] {logging_mixin.py:190} INFO - [2025-09-27T23:36:52.006+0100] {dag.py:3239} INFO - Sync 1 DAGs
[2025-09-27T23:36:52.015+0100] {logging_mixin.py:190} INFO - [2025-09-27T23:36:52.014+0100] {dag.py:4180} INFO - Setting next_dagrun for example_trigger_target_dag to None, run_after=None
[2025-09-27T23:36:52.031+0100] {processor.py:208} INFO - Processing /home/engineer/project/airflow_env/lib/python3.12/site-packages/airflow/example_dags/example_trigger_target_dag.py took 0.053 seconds
[2025-09-27T23:37:38.505+0100] {processor.py:186} INFO - Started process (PID=23235) to work on /home/engineer/project/airflow_env/lib/python3.12/site-packages/airflow/example_dags/example_trigger_target_dag.py
[2025-09-27T23:37:38.506+0100] {processor.py:914} INFO - Processing file /home/engineer/project/airflow_env/lib/python3.12/site-packages/airflow/example_dags/example_trigger_target_dag.py for tasks to queue
[2025-09-27T23:37:38.507+0100] {logging_mixin.py:190} INFO - [2025-09-27T23:37:38.507+0100] {dagbag.py:588} INFO - Filling up the DagBag from /home/engineer/project/airflow_env/lib/python3.12/site-packages/airflow/example_dags/example_trigger_target_dag.py
[2025-09-27T23:37:38.513+0100] {processor.py:925} INFO - DAG(s) 'example_trigger_target_dag' retrieved from /home/engineer/project/airflow_env/lib/python3.12/site-packages/airflow/example_dags/example_trigger_target_dag.py
[2025-09-27T23:37:38.523+0100] {logging_mixin.py:190} INFO - [2025-09-27T23:37:38.523+0100] {dag.py:3239} INFO - Sync 1 DAGs
[2025-09-27T23:37:38.531+0100] {logging_mixin.py:190} INFO - [2025-09-27T23:37:38.531+0100] {dag.py:4180} INFO - Setting next_dagrun for example_trigger_target_dag to None, run_after=None
[2025-09-27T23:37:38.546+0100] {processor.py:208} INFO - Processing /home/engineer/project/airflow_env/lib/python3.12/site-packages/airflow/example_dags/example_trigger_target_dag.py took 0.045 seconds
[2025-09-27T23:38:57.627+0100] {processor.py:186} INFO - Started process (PID=23451) to work on /home/engineer/project/airflow_env/lib/python3.12/site-packages/airflow/example_dags/example_trigger_target_dag.py
[2025-09-27T23:38:57.634+0100] {processor.py:914} INFO - Processing file /home/engineer/project/airflow_env/lib/python3.12/site-packages/airflow/example_dags/example_trigger_target_dag.py for tasks to queue
[2025-09-27T23:38:57.635+0100] {logging_mixin.py:190} INFO - [2025-09-27T23:38:57.634+0100] {dagbag.py:588} INFO - Filling up the DagBag from /home/engineer/project/airflow_env/lib/python3.12/site-packages/airflow/example_dags/example_trigger_target_dag.py
[2025-09-27T23:38:57.641+0100] {processor.py:925} INFO - DAG(s) 'example_trigger_target_dag' retrieved from /home/engineer/project/airflow_env/lib/python3.12/site-packages/airflow/example_dags/example_trigger_target_dag.py
[2025-09-27T23:38:57.654+0100] {logging_mixin.py:190} INFO - [2025-09-27T23:38:57.654+0100] {dag.py:3239} INFO - Sync 1 DAGs
[2025-09-27T23:38:57.665+0100] {logging_mixin.py:190} INFO - [2025-09-27T23:38:57.665+0100] {dag.py:4180} INFO - Setting next_dagrun for example_trigger_target_dag to None, run_after=None
[2025-09-27T23:38:57.685+0100] {processor.py:208} INFO - Processing /home/engineer/project/airflow_env/lib/python3.12/site-packages/airflow/example_dags/example_trigger_target_dag.py took 0.062 seconds
[2025-09-27T23:39:52.029+0100] {processor.py:186} INFO - Started process (PID=23667) to work on /home/engineer/project/airflow_env/lib/python3.12/site-packages/airflow/example_dags/example_trigger_target_dag.py
[2025-09-27T23:39:52.036+0100] {processor.py:914} INFO - Processing file /home/engineer/project/airflow_env/lib/python3.12/site-packages/airflow/example_dags/example_trigger_target_dag.py for tasks to queue
[2025-09-27T23:39:52.038+0100] {logging_mixin.py:190} INFO - [2025-09-27T23:39:52.037+0100] {dagbag.py:588} INFO - Filling up the DagBag from /home/engineer/project/airflow_env/lib/python3.12/site-packages/airflow/example_dags/example_trigger_target_dag.py
[2025-09-27T23:39:52.045+0100] {processor.py:925} INFO - DAG(s) 'example_trigger_target_dag' retrieved from /home/engineer/project/airflow_env/lib/python3.12/site-packages/airflow/example_dags/example_trigger_target_dag.py
[2025-09-27T23:39:52.058+0100] {logging_mixin.py:190} INFO - [2025-09-27T23:39:52.058+0100] {dag.py:3239} INFO - Sync 1 DAGs
[2025-09-27T23:39:52.068+0100] {logging_mixin.py:190} INFO - [2025-09-27T23:39:52.068+0100] {dag.py:4180} INFO - Setting next_dagrun for example_trigger_target_dag to None, run_after=None
[2025-09-27T23:39:52.085+0100] {processor.py:208} INFO - Processing /home/engineer/project/airflow_env/lib/python3.12/site-packages/airflow/example_dags/example_trigger_target_dag.py took 0.061 seconds
[2025-09-27T23:40:41.755+0100] {processor.py:186} INFO - Started process (PID=23866) to work on /home/engineer/project/airflow_env/lib/python3.12/site-packages/airflow/example_dags/example_trigger_target_dag.py
[2025-09-27T23:40:41.762+0100] {processor.py:914} INFO - Processing file /home/engineer/project/airflow_env/lib/python3.12/site-packages/airflow/example_dags/example_trigger_target_dag.py for tasks to queue
[2025-09-27T23:40:41.764+0100] {logging_mixin.py:190} INFO - [2025-09-27T23:40:41.763+0100] {dagbag.py:588} INFO - Filling up the DagBag from /home/engineer/project/airflow_env/lib/python3.12/site-packages/airflow/example_dags/example_trigger_target_dag.py
[2025-09-27T23:40:41.776+0100] {processor.py:925} INFO - DAG(s) 'example_trigger_target_dag' retrieved from /home/engineer/project/airflow_env/lib/python3.12/site-packages/airflow/example_dags/example_trigger_target_dag.py
[2025-09-27T23:40:41.794+0100] {logging_mixin.py:190} INFO - [2025-09-27T23:40:41.794+0100] {dag.py:3239} INFO - Sync 1 DAGs
[2025-09-27T23:40:41.810+0100] {logging_mixin.py:190} INFO - [2025-09-27T23:40:41.810+0100] {dag.py:4180} INFO - Setting next_dagrun for example_trigger_target_dag to None, run_after=None
[2025-09-27T23:40:41.832+0100] {processor.py:208} INFO - Processing /home/engineer/project/airflow_env/lib/python3.12/site-packages/airflow/example_dags/example_trigger_target_dag.py took 0.084 seconds
[2025-09-27T23:41:31.342+0100] {processor.py:186} INFO - Started process (PID=24063) to work on /home/engineer/project/airflow_env/lib/python3.12/site-packages/airflow/example_dags/example_trigger_target_dag.py
[2025-09-27T23:41:31.349+0100] {processor.py:914} INFO - Processing file /home/engineer/project/airflow_env/lib/python3.12/site-packages/airflow/example_dags/example_trigger_target_dag.py for tasks to queue
[2025-09-27T23:41:31.350+0100] {logging_mixin.py:190} INFO - [2025-09-27T23:41:31.350+0100] {dagbag.py:588} INFO - Filling up the DagBag from /home/engineer/project/airflow_env/lib/python3.12/site-packages/airflow/example_dags/example_trigger_target_dag.py
[2025-09-27T23:41:31.357+0100] {processor.py:925} INFO - DAG(s) 'example_trigger_target_dag' retrieved from /home/engineer/project/airflow_env/lib/python3.12/site-packages/airflow/example_dags/example_trigger_target_dag.py
[2025-09-27T23:41:31.368+0100] {logging_mixin.py:190} INFO - [2025-09-27T23:41:31.368+0100] {dag.py:3239} INFO - Sync 1 DAGs
[2025-09-27T23:41:31.377+0100] {logging_mixin.py:190} INFO - [2025-09-27T23:41:31.377+0100] {dag.py:4180} INFO - Setting next_dagrun for example_trigger_target_dag to None, run_after=None
[2025-09-27T23:41:31.392+0100] {processor.py:208} INFO - Processing /home/engineer/project/airflow_env/lib/python3.12/site-packages/airflow/example_dags/example_trigger_target_dag.py took 0.053 seconds
[2025-09-27T23:42:21.296+0100] {processor.py:186} INFO - Started process (PID=24283) to work on /home/engineer/project/airflow_env/lib/python3.12/site-packages/airflow/example_dags/example_trigger_target_dag.py
[2025-09-27T23:42:21.303+0100] {processor.py:914} INFO - Processing file /home/engineer/project/airflow_env/lib/python3.12/site-packages/airflow/example_dags/example_trigger_target_dag.py for tasks to queue
[2025-09-27T23:42:21.304+0100] {logging_mixin.py:190} INFO - [2025-09-27T23:42:21.304+0100] {dagbag.py:588} INFO - Filling up the DagBag from /home/engineer/project/airflow_env/lib/python3.12/site-packages/airflow/example_dags/example_trigger_target_dag.py
[2025-09-27T23:42:21.311+0100] {processor.py:925} INFO - DAG(s) 'example_trigger_target_dag' retrieved from /home/engineer/project/airflow_env/lib/python3.12/site-packages/airflow/example_dags/example_trigger_target_dag.py
[2025-09-27T23:42:21.326+0100] {logging_mixin.py:190} INFO - [2025-09-27T23:42:21.326+0100] {dag.py:3239} INFO - Sync 1 DAGs
[2025-09-27T23:42:21.338+0100] {logging_mixin.py:190} INFO - [2025-09-27T23:42:21.338+0100] {dag.py:4180} INFO - Setting next_dagrun for example_trigger_target_dag to None, run_after=None
[2025-09-27T23:42:21.357+0100] {processor.py:208} INFO - Processing /home/engineer/project/airflow_env/lib/python3.12/site-packages/airflow/example_dags/example_trigger_target_dag.py took 0.067 seconds
[2025-09-27T23:43:12.847+0100] {processor.py:186} INFO - Started process (PID=24486) to work on /home/engineer/project/airflow_env/lib/python3.12/site-packages/airflow/example_dags/example_trigger_target_dag.py
[2025-09-27T23:43:12.849+0100] {processor.py:914} INFO - Processing file /home/engineer/project/airflow_env/lib/python3.12/site-packages/airflow/example_dags/example_trigger_target_dag.py for tasks to queue
[2025-09-27T23:43:12.850+0100] {logging_mixin.py:190} INFO - [2025-09-27T23:43:12.850+0100] {dagbag.py:588} INFO - Filling up the DagBag from /home/engineer/project/airflow_env/lib/python3.12/site-packages/airflow/example_dags/example_trigger_target_dag.py
[2025-09-27T23:43:12.856+0100] {processor.py:925} INFO - DAG(s) 'example_trigger_target_dag' retrieved from /home/engineer/project/airflow_env/lib/python3.12/site-packages/airflow/example_dags/example_trigger_target_dag.py
[2025-09-27T23:43:12.867+0100] {logging_mixin.py:190} INFO - [2025-09-27T23:43:12.867+0100] {dag.py:3239} INFO - Sync 1 DAGs
[2025-09-27T23:43:12.878+0100] {logging_mixin.py:190} INFO - [2025-09-27T23:43:12.878+0100] {dag.py:4180} INFO - Setting next_dagrun for example_trigger_target_dag to None, run_after=None
[2025-09-27T23:43:12.896+0100] {processor.py:208} INFO - Processing /home/engineer/project/airflow_env/lib/python3.12/site-packages/airflow/example_dags/example_trigger_target_dag.py took 0.053 seconds
[2025-09-27T23:44:02.993+0100] {processor.py:186} INFO - Started process (PID=24813) to work on /home/engineer/project/airflow_env/lib/python3.12/site-packages/airflow/example_dags/example_trigger_target_dag.py
[2025-09-27T23:44:03.000+0100] {processor.py:914} INFO - Processing file /home/engineer/project/airflow_env/lib/python3.12/site-packages/airflow/example_dags/example_trigger_target_dag.py for tasks to queue
[2025-09-27T23:44:03.001+0100] {logging_mixin.py:190} INFO - [2025-09-27T23:44:03.000+0100] {dagbag.py:588} INFO - Filling up the DagBag from /home/engineer/project/airflow_env/lib/python3.12/site-packages/airflow/example_dags/example_trigger_target_dag.py
[2025-09-27T23:44:03.008+0100] {processor.py:925} INFO - DAG(s) 'example_trigger_target_dag' retrieved from /home/engineer/project/airflow_env/lib/python3.12/site-packages/airflow/example_dags/example_trigger_target_dag.py
[2025-09-27T23:44:03.020+0100] {logging_mixin.py:190} INFO - [2025-09-27T23:44:03.020+0100] {dag.py:3239} INFO - Sync 1 DAGs
[2025-09-27T23:44:03.029+0100] {logging_mixin.py:190} INFO - [2025-09-27T23:44:03.029+0100] {dag.py:4180} INFO - Setting next_dagrun for example_trigger_target_dag to None, run_after=None
[2025-09-27T23:44:03.047+0100] {processor.py:208} INFO - Processing /home/engineer/project/airflow_env/lib/python3.12/site-packages/airflow/example_dags/example_trigger_target_dag.py took 0.058 seconds
