[2025-09-27T23:26:19.846+0100] {processor.py:186} INFO - Started process (PID=19722) to work on /home/engineer/project/airflow_env/lib/python3.12/site-packages/airflow/example_dags/example_trigger_controller_dag.py
[2025-09-27T23:26:19.847+0100] {processor.py:914} INFO - Processing file /home/engineer/project/airflow_env/lib/python3.12/site-packages/airflow/example_dags/example_trigger_controller_dag.py for tasks to queue
[2025-09-27T23:26:19.849+0100] {logging_mixin.py:190} INFO - [2025-09-27T23:26:19.848+0100] {dagbag.py:588} INFO - Filling up the DagBag from /home/engineer/project/airflow_env/lib/python3.12/site-packages/airflow/example_dags/example_trigger_controller_dag.py
[2025-09-27T23:26:19.856+0100] {processor.py:925} INFO - DAG(s) 'example_trigger_controller_dag' retrieved from /home/engineer/project/airflow_env/lib/python3.12/site-packages/airflow/example_dags/example_trigger_controller_dag.py
[2025-09-27T23:26:19.968+0100] {logging_mixin.py:190} INFO - [2025-09-27T23:26:19.967+0100] {override.py:1900} INFO - Created Permission View: can delete on DAG:example_trigger_controller_dag
[2025-09-27T23:26:19.976+0100] {logging_mixin.py:190} INFO - [2025-09-27T23:26:19.976+0100] {override.py:1900} INFO - Created Permission View: can read on DAG:example_trigger_controller_dag
[2025-09-27T23:26:19.981+0100] {logging_mixin.py:190} INFO - [2025-09-27T23:26:19.981+0100] {override.py:1900} INFO - Created Permission View: can edit on DAG:example_trigger_controller_dag
[2025-09-27T23:26:19.991+0100] {logging_mixin.py:190} INFO - [2025-09-27T23:26:19.991+0100] {override.py:1900} INFO - Created Permission View: can delete on DAG Run:example_trigger_controller_dag
[2025-09-27T23:26:20.002+0100] {logging_mixin.py:190} INFO - [2025-09-27T23:26:20.001+0100] {override.py:1900} INFO - Created Permission View: can read on DAG Run:example_trigger_controller_dag
[2025-09-27T23:26:20.008+0100] {logging_mixin.py:190} INFO - [2025-09-27T23:26:20.007+0100] {override.py:1900} INFO - Created Permission View: can create on DAG Run:example_trigger_controller_dag
[2025-09-27T23:26:20.014+0100] {logging_mixin.py:190} INFO - [2025-09-27T23:26:20.014+0100] {override.py:1900} INFO - Created Permission View: menu access on DAG Run:example_trigger_controller_dag
[2025-09-27T23:26:20.014+0100] {logging_mixin.py:190} INFO - [2025-09-27T23:26:20.014+0100] {dag.py:3239} INFO - Sync 1 DAGs
[2025-09-27T23:26:20.022+0100] {logging_mixin.py:190} INFO - [2025-09-27T23:26:20.022+0100] {dag.py:3262} INFO - Creating ORM DAG for example_trigger_controller_dag
[2025-09-27T23:26:20.027+0100] {logging_mixin.py:190} INFO - [2025-09-27T23:26:20.027+0100] {dag.py:4180} INFO - Setting next_dagrun for example_trigger_controller_dag to 2021-01-01 00:00:00+00:00, run_after=2021-01-01 00:00:00+00:00
[2025-09-27T23:26:20.044+0100] {processor.py:208} INFO - Processing /home/engineer/project/airflow_env/lib/python3.12/site-packages/airflow/example_dags/example_trigger_controller_dag.py took 0.202 seconds
[2025-09-27T23:27:21.913+0100] {processor.py:186} INFO - Started process (PID=20004) to work on /home/engineer/project/airflow_env/lib/python3.12/site-packages/airflow/example_dags/example_trigger_controller_dag.py
[2025-09-27T23:27:21.920+0100] {processor.py:914} INFO - Processing file /home/engineer/project/airflow_env/lib/python3.12/site-packages/airflow/example_dags/example_trigger_controller_dag.py for tasks to queue
[2025-09-27T23:27:21.922+0100] {logging_mixin.py:190} INFO - [2025-09-27T23:27:21.921+0100] {dagbag.py:588} INFO - Filling up the DagBag from /home/engineer/project/airflow_env/lib/python3.12/site-packages/airflow/example_dags/example_trigger_controller_dag.py
[2025-09-27T23:27:21.926+0100] {processor.py:925} INFO - DAG(s) 'example_trigger_controller_dag' retrieved from /home/engineer/project/airflow_env/lib/python3.12/site-packages/airflow/example_dags/example_trigger_controller_dag.py
[2025-09-27T23:27:21.937+0100] {logging_mixin.py:190} INFO - [2025-09-27T23:27:21.937+0100] {dag.py:3239} INFO - Sync 1 DAGs
[2025-09-27T23:27:21.950+0100] {logging_mixin.py:190} INFO - [2025-09-27T23:27:21.950+0100] {dag.py:4180} INFO - Setting next_dagrun for example_trigger_controller_dag to 2021-01-01 00:00:00+00:00, run_after=2021-01-01 00:00:00+00:00
[2025-09-27T23:27:21.968+0100] {processor.py:208} INFO - Processing /home/engineer/project/airflow_env/lib/python3.12/site-packages/airflow/example_dags/example_trigger_controller_dag.py took 0.058 seconds
[2025-09-27T23:28:16.170+0100] {processor.py:186} INFO - Started process (PID=20279) to work on /home/engineer/project/airflow_env/lib/python3.12/site-packages/airflow/example_dags/example_trigger_controller_dag.py
[2025-09-27T23:28:16.178+0100] {processor.py:914} INFO - Processing file /home/engineer/project/airflow_env/lib/python3.12/site-packages/airflow/example_dags/example_trigger_controller_dag.py for tasks to queue
[2025-09-27T23:28:16.179+0100] {logging_mixin.py:190} INFO - [2025-09-27T23:28:16.179+0100] {dagbag.py:588} INFO - Filling up the DagBag from /home/engineer/project/airflow_env/lib/python3.12/site-packages/airflow/example_dags/example_trigger_controller_dag.py
[2025-09-27T23:28:16.185+0100] {processor.py:925} INFO - DAG(s) 'example_trigger_controller_dag' retrieved from /home/engineer/project/airflow_env/lib/python3.12/site-packages/airflow/example_dags/example_trigger_controller_dag.py
[2025-09-27T23:28:16.196+0100] {logging_mixin.py:190} INFO - [2025-09-27T23:28:16.196+0100] {dag.py:3239} INFO - Sync 1 DAGs
[2025-09-27T23:28:16.210+0100] {logging_mixin.py:190} INFO - [2025-09-27T23:28:16.210+0100] {dag.py:4180} INFO - Setting next_dagrun for example_trigger_controller_dag to 2021-01-01 00:00:00+00:00, run_after=2021-01-01 00:00:00+00:00
[2025-09-27T23:28:16.230+0100] {processor.py:208} INFO - Processing /home/engineer/project/airflow_env/lib/python3.12/site-packages/airflow/example_dags/example_trigger_controller_dag.py took 0.064 seconds
[2025-09-27T23:29:02.546+0100] {processor.py:186} INFO - Started process (PID=20464) to work on /home/engineer/project/airflow_env/lib/python3.12/site-packages/airflow/example_dags/example_trigger_controller_dag.py
[2025-09-27T23:29:02.548+0100] {processor.py:914} INFO - Processing file /home/engineer/project/airflow_env/lib/python3.12/site-packages/airflow/example_dags/example_trigger_controller_dag.py for tasks to queue
[2025-09-27T23:29:02.549+0100] {logging_mixin.py:190} INFO - [2025-09-27T23:29:02.549+0100] {dagbag.py:588} INFO - Filling up the DagBag from /home/engineer/project/airflow_env/lib/python3.12/site-packages/airflow/example_dags/example_trigger_controller_dag.py
[2025-09-27T23:29:02.555+0100] {processor.py:925} INFO - DAG(s) 'example_trigger_controller_dag' retrieved from /home/engineer/project/airflow_env/lib/python3.12/site-packages/airflow/example_dags/example_trigger_controller_dag.py
[2025-09-27T23:29:02.567+0100] {logging_mixin.py:190} INFO - [2025-09-27T23:29:02.567+0100] {dag.py:3239} INFO - Sync 1 DAGs
[2025-09-27T23:29:02.581+0100] {logging_mixin.py:190} INFO - [2025-09-27T23:29:02.581+0100] {dag.py:4180} INFO - Setting next_dagrun for example_trigger_controller_dag to 2021-01-01 00:00:00+00:00, run_after=2021-01-01 00:00:00+00:00
[2025-09-27T23:29:02.599+0100] {processor.py:208} INFO - Processing /home/engineer/project/airflow_env/lib/python3.12/site-packages/airflow/example_dags/example_trigger_controller_dag.py took 0.058 seconds
[2025-09-27T23:29:48.831+0100] {processor.py:186} INFO - Started process (PID=20651) to work on /home/engineer/project/airflow_env/lib/python3.12/site-packages/airflow/example_dags/example_trigger_controller_dag.py
[2025-09-27T23:29:48.832+0100] {processor.py:914} INFO - Processing file /home/engineer/project/airflow_env/lib/python3.12/site-packages/airflow/example_dags/example_trigger_controller_dag.py for tasks to queue
[2025-09-27T23:29:48.834+0100] {logging_mixin.py:190} INFO - [2025-09-27T23:29:48.834+0100] {dagbag.py:588} INFO - Filling up the DagBag from /home/engineer/project/airflow_env/lib/python3.12/site-packages/airflow/example_dags/example_trigger_controller_dag.py
[2025-09-27T23:29:48.839+0100] {processor.py:925} INFO - DAG(s) 'example_trigger_controller_dag' retrieved from /home/engineer/project/airflow_env/lib/python3.12/site-packages/airflow/example_dags/example_trigger_controller_dag.py
[2025-09-27T23:29:48.850+0100] {logging_mixin.py:190} INFO - [2025-09-27T23:29:48.850+0100] {dag.py:3239} INFO - Sync 1 DAGs
[2025-09-27T23:29:48.864+0100] {logging_mixin.py:190} INFO - [2025-09-27T23:29:48.864+0100] {dag.py:4180} INFO - Setting next_dagrun for example_trigger_controller_dag to 2021-01-01 00:00:00+00:00, run_after=2021-01-01 00:00:00+00:00
[2025-09-27T23:29:48.883+0100] {processor.py:208} INFO - Processing /home/engineer/project/airflow_env/lib/python3.12/site-packages/airflow/example_dags/example_trigger_controller_dag.py took 0.056 seconds
[2025-09-27T23:30:34.203+0100] {processor.py:186} INFO - Started process (PID=20878) to work on /home/engineer/project/airflow_env/lib/python3.12/site-packages/airflow/example_dags/example_trigger_controller_dag.py
[2025-09-27T23:30:34.210+0100] {processor.py:914} INFO - Processing file /home/engineer/project/airflow_env/lib/python3.12/site-packages/airflow/example_dags/example_trigger_controller_dag.py for tasks to queue
[2025-09-27T23:30:34.211+0100] {logging_mixin.py:190} INFO - [2025-09-27T23:30:34.211+0100] {dagbag.py:588} INFO - Filling up the DagBag from /home/engineer/project/airflow_env/lib/python3.12/site-packages/airflow/example_dags/example_trigger_controller_dag.py
[2025-09-27T23:30:34.218+0100] {processor.py:925} INFO - DAG(s) 'example_trigger_controller_dag' retrieved from /home/engineer/project/airflow_env/lib/python3.12/site-packages/airflow/example_dags/example_trigger_controller_dag.py
[2025-09-27T23:30:34.231+0100] {logging_mixin.py:190} INFO - [2025-09-27T23:30:34.230+0100] {dag.py:3239} INFO - Sync 1 DAGs
[2025-09-27T23:30:34.245+0100] {logging_mixin.py:190} INFO - [2025-09-27T23:30:34.245+0100] {dag.py:4180} INFO - Setting next_dagrun for example_trigger_controller_dag to 2021-01-01 00:00:00+00:00, run_after=2021-01-01 00:00:00+00:00
[2025-09-27T23:30:34.263+0100] {processor.py:208} INFO - Processing /home/engineer/project/airflow_env/lib/python3.12/site-packages/airflow/example_dags/example_trigger_controller_dag.py took 0.064 seconds
[2025-09-27T23:31:24.980+0100] {processor.py:186} INFO - Started process (PID=21640) to work on /home/engineer/project/airflow_env/lib/python3.12/site-packages/airflow/example_dags/example_trigger_controller_dag.py
[2025-09-27T23:31:24.987+0100] {processor.py:914} INFO - Processing file /home/engineer/project/airflow_env/lib/python3.12/site-packages/airflow/example_dags/example_trigger_controller_dag.py for tasks to queue
[2025-09-27T23:31:24.989+0100] {logging_mixin.py:190} INFO - [2025-09-27T23:31:24.989+0100] {dagbag.py:588} INFO - Filling up the DagBag from /home/engineer/project/airflow_env/lib/python3.12/site-packages/airflow/example_dags/example_trigger_controller_dag.py
[2025-09-27T23:31:24.994+0100] {processor.py:925} INFO - DAG(s) 'example_trigger_controller_dag' retrieved from /home/engineer/project/airflow_env/lib/python3.12/site-packages/airflow/example_dags/example_trigger_controller_dag.py
[2025-09-27T23:31:25.005+0100] {logging_mixin.py:190} INFO - [2025-09-27T23:31:25.005+0100] {dag.py:3239} INFO - Sync 1 DAGs
[2025-09-27T23:31:25.113+0100] {logging_mixin.py:190} INFO - [2025-09-27T23:31:25.113+0100] {dag.py:4180} INFO - Setting next_dagrun for example_trigger_controller_dag to 2021-01-01 00:00:00+00:00, run_after=2021-01-01 00:00:00+00:00
[2025-09-27T23:31:25.130+0100] {processor.py:208} INFO - Processing /home/engineer/project/airflow_env/lib/python3.12/site-packages/airflow/example_dags/example_trigger_controller_dag.py took 0.154 seconds
[2025-09-27T23:32:20.840+0100] {processor.py:186} INFO - Started process (PID=21947) to work on /home/engineer/project/airflow_env/lib/python3.12/site-packages/airflow/example_dags/example_trigger_controller_dag.py
[2025-09-27T23:32:20.847+0100] {processor.py:914} INFO - Processing file /home/engineer/project/airflow_env/lib/python3.12/site-packages/airflow/example_dags/example_trigger_controller_dag.py for tasks to queue
[2025-09-27T23:32:20.849+0100] {logging_mixin.py:190} INFO - [2025-09-27T23:32:20.849+0100] {dagbag.py:588} INFO - Filling up the DagBag from /home/engineer/project/airflow_env/lib/python3.12/site-packages/airflow/example_dags/example_trigger_controller_dag.py
[2025-09-27T23:32:20.855+0100] {processor.py:925} INFO - DAG(s) 'example_trigger_controller_dag' retrieved from /home/engineer/project/airflow_env/lib/python3.12/site-packages/airflow/example_dags/example_trigger_controller_dag.py
[2025-09-27T23:32:20.867+0100] {logging_mixin.py:190} INFO - [2025-09-27T23:32:20.866+0100] {dag.py:3239} INFO - Sync 1 DAGs
[2025-09-27T23:32:20.880+0100] {logging_mixin.py:190} INFO - [2025-09-27T23:32:20.880+0100] {dag.py:4180} INFO - Setting next_dagrun for example_trigger_controller_dag to 2021-01-01 00:00:00+00:00, run_after=2021-01-01 00:00:00+00:00
[2025-09-27T23:32:20.896+0100] {processor.py:208} INFO - Processing /home/engineer/project/airflow_env/lib/python3.12/site-packages/airflow/example_dags/example_trigger_controller_dag.py took 0.061 seconds
[2025-09-27T23:33:06.543+0100] {processor.py:186} INFO - Started process (PID=22129) to work on /home/engineer/project/airflow_env/lib/python3.12/site-packages/airflow/example_dags/example_trigger_controller_dag.py
[2025-09-27T23:33:06.551+0100] {processor.py:914} INFO - Processing file /home/engineer/project/airflow_env/lib/python3.12/site-packages/airflow/example_dags/example_trigger_controller_dag.py for tasks to queue
[2025-09-27T23:33:06.552+0100] {logging_mixin.py:190} INFO - [2025-09-27T23:33:06.552+0100] {dagbag.py:588} INFO - Filling up the DagBag from /home/engineer/project/airflow_env/lib/python3.12/site-packages/airflow/example_dags/example_trigger_controller_dag.py
[2025-09-27T23:33:06.559+0100] {processor.py:925} INFO - DAG(s) 'example_trigger_controller_dag' retrieved from /home/engineer/project/airflow_env/lib/python3.12/site-packages/airflow/example_dags/example_trigger_controller_dag.py
[2025-09-27T23:33:06.577+0100] {logging_mixin.py:190} INFO - [2025-09-27T23:33:06.576+0100] {dag.py:3239} INFO - Sync 1 DAGs
[2025-09-27T23:33:06.594+0100] {logging_mixin.py:190} INFO - [2025-09-27T23:33:06.594+0100] {dag.py:4180} INFO - Setting next_dagrun for example_trigger_controller_dag to 2021-01-01 00:00:00+00:00, run_after=2021-01-01 00:00:00+00:00
[2025-09-27T23:33:06.615+0100] {processor.py:208} INFO - Processing /home/engineer/project/airflow_env/lib/python3.12/site-packages/airflow/example_dags/example_trigger_controller_dag.py took 0.076 seconds
[2025-09-27T23:33:56.174+0100] {processor.py:186} INFO - Started process (PID=22324) to work on /home/engineer/project/airflow_env/lib/python3.12/site-packages/airflow/example_dags/example_trigger_controller_dag.py
[2025-09-27T23:33:56.176+0100] {processor.py:914} INFO - Processing file /home/engineer/project/airflow_env/lib/python3.12/site-packages/airflow/example_dags/example_trigger_controller_dag.py for tasks to queue
[2025-09-27T23:33:56.178+0100] {logging_mixin.py:190} INFO - [2025-09-27T23:33:56.177+0100] {dagbag.py:588} INFO - Filling up the DagBag from /home/engineer/project/airflow_env/lib/python3.12/site-packages/airflow/example_dags/example_trigger_controller_dag.py
[2025-09-27T23:33:56.183+0100] {processor.py:925} INFO - DAG(s) 'example_trigger_controller_dag' retrieved from /home/engineer/project/airflow_env/lib/python3.12/site-packages/airflow/example_dags/example_trigger_controller_dag.py
[2025-09-27T23:33:56.198+0100] {logging_mixin.py:190} INFO - [2025-09-27T23:33:56.198+0100] {dag.py:3239} INFO - Sync 1 DAGs
[2025-09-27T23:33:56.216+0100] {logging_mixin.py:190} INFO - [2025-09-27T23:33:56.216+0100] {dag.py:4180} INFO - Setting next_dagrun for example_trigger_controller_dag to 2021-01-01 00:00:00+00:00, run_after=2021-01-01 00:00:00+00:00
[2025-09-27T23:33:56.235+0100] {processor.py:208} INFO - Processing /home/engineer/project/airflow_env/lib/python3.12/site-packages/airflow/example_dags/example_trigger_controller_dag.py took 0.067 seconds
[2025-09-27T23:34:46.531+0100] {processor.py:186} INFO - Started process (PID=22525) to work on /home/engineer/project/airflow_env/lib/python3.12/site-packages/airflow/example_dags/example_trigger_controller_dag.py
[2025-09-27T23:34:46.538+0100] {processor.py:914} INFO - Processing file /home/engineer/project/airflow_env/lib/python3.12/site-packages/airflow/example_dags/example_trigger_controller_dag.py for tasks to queue
[2025-09-27T23:34:46.539+0100] {logging_mixin.py:190} INFO - [2025-09-27T23:34:46.539+0100] {dagbag.py:588} INFO - Filling up the DagBag from /home/engineer/project/airflow_env/lib/python3.12/site-packages/airflow/example_dags/example_trigger_controller_dag.py
[2025-09-27T23:34:46.544+0100] {processor.py:925} INFO - DAG(s) 'example_trigger_controller_dag' retrieved from /home/engineer/project/airflow_env/lib/python3.12/site-packages/airflow/example_dags/example_trigger_controller_dag.py
[2025-09-27T23:34:46.556+0100] {logging_mixin.py:190} INFO - [2025-09-27T23:34:46.555+0100] {dag.py:3239} INFO - Sync 1 DAGs
[2025-09-27T23:34:46.568+0100] {logging_mixin.py:190} INFO - [2025-09-27T23:34:46.568+0100] {dag.py:4180} INFO - Setting next_dagrun for example_trigger_controller_dag to 2021-01-01 00:00:00+00:00, run_after=2021-01-01 00:00:00+00:00
[2025-09-27T23:34:46.584+0100] {processor.py:208} INFO - Processing /home/engineer/project/airflow_env/lib/python3.12/site-packages/airflow/example_dags/example_trigger_controller_dag.py took 0.057 seconds
[2025-09-27T23:35:34.837+0100] {processor.py:186} INFO - Started process (PID=22714) to work on /home/engineer/project/airflow_env/lib/python3.12/site-packages/airflow/example_dags/example_trigger_controller_dag.py
[2025-09-27T23:35:34.845+0100] {processor.py:914} INFO - Processing file /home/engineer/project/airflow_env/lib/python3.12/site-packages/airflow/example_dags/example_trigger_controller_dag.py for tasks to queue
[2025-09-27T23:35:34.846+0100] {logging_mixin.py:190} INFO - [2025-09-27T23:35:34.846+0100] {dagbag.py:588} INFO - Filling up the DagBag from /home/engineer/project/airflow_env/lib/python3.12/site-packages/airflow/example_dags/example_trigger_controller_dag.py
[2025-09-27T23:35:34.851+0100] {processor.py:925} INFO - DAG(s) 'example_trigger_controller_dag' retrieved from /home/engineer/project/airflow_env/lib/python3.12/site-packages/airflow/example_dags/example_trigger_controller_dag.py
[2025-09-27T23:35:34.861+0100] {logging_mixin.py:190} INFO - [2025-09-27T23:35:34.861+0100] {dag.py:3239} INFO - Sync 1 DAGs
[2025-09-27T23:35:34.875+0100] {logging_mixin.py:190} INFO - [2025-09-27T23:35:34.875+0100] {dag.py:4180} INFO - Setting next_dagrun for example_trigger_controller_dag to 2021-01-01 00:00:00+00:00, run_after=2021-01-01 00:00:00+00:00
[2025-09-27T23:35:34.891+0100] {processor.py:208} INFO - Processing /home/engineer/project/airflow_env/lib/python3.12/site-packages/airflow/example_dags/example_trigger_controller_dag.py took 0.058 seconds
[2025-09-27T23:36:25.168+0100] {processor.py:186} INFO - Started process (PID=22939) to work on /home/engineer/project/airflow_env/lib/python3.12/site-packages/airflow/example_dags/example_trigger_controller_dag.py
[2025-09-27T23:36:25.170+0100] {processor.py:914} INFO - Processing file /home/engineer/project/airflow_env/lib/python3.12/site-packages/airflow/example_dags/example_trigger_controller_dag.py for tasks to queue
[2025-09-27T23:36:25.171+0100] {logging_mixin.py:190} INFO - [2025-09-27T23:36:25.170+0100] {dagbag.py:588} INFO - Filling up the DagBag from /home/engineer/project/airflow_env/lib/python3.12/site-packages/airflow/example_dags/example_trigger_controller_dag.py
[2025-09-27T23:36:25.176+0100] {processor.py:925} INFO - DAG(s) 'example_trigger_controller_dag' retrieved from /home/engineer/project/airflow_env/lib/python3.12/site-packages/airflow/example_dags/example_trigger_controller_dag.py
[2025-09-27T23:36:25.188+0100] {logging_mixin.py:190} INFO - [2025-09-27T23:36:25.188+0100] {dag.py:3239} INFO - Sync 1 DAGs
[2025-09-27T23:36:25.202+0100] {logging_mixin.py:190} INFO - [2025-09-27T23:36:25.202+0100] {dag.py:4180} INFO - Setting next_dagrun for example_trigger_controller_dag to 2021-01-01 00:00:00+00:00, run_after=2021-01-01 00:00:00+00:00
[2025-09-27T23:36:25.222+0100] {processor.py:208} INFO - Processing /home/engineer/project/airflow_env/lib/python3.12/site-packages/airflow/example_dags/example_trigger_controller_dag.py took 0.058 seconds
[2025-09-27T23:37:13.651+0100] {processor.py:186} INFO - Started process (PID=23135) to work on /home/engineer/project/airflow_env/lib/python3.12/site-packages/airflow/example_dags/example_trigger_controller_dag.py
[2025-09-27T23:37:13.658+0100] {processor.py:914} INFO - Processing file /home/engineer/project/airflow_env/lib/python3.12/site-packages/airflow/example_dags/example_trigger_controller_dag.py for tasks to queue
[2025-09-27T23:37:13.659+0100] {logging_mixin.py:190} INFO - [2025-09-27T23:37:13.659+0100] {dagbag.py:588} INFO - Filling up the DagBag from /home/engineer/project/airflow_env/lib/python3.12/site-packages/airflow/example_dags/example_trigger_controller_dag.py
[2025-09-27T23:37:13.664+0100] {processor.py:925} INFO - DAG(s) 'example_trigger_controller_dag' retrieved from /home/engineer/project/airflow_env/lib/python3.12/site-packages/airflow/example_dags/example_trigger_controller_dag.py
[2025-09-27T23:37:13.677+0100] {logging_mixin.py:190} INFO - [2025-09-27T23:37:13.677+0100] {dag.py:3239} INFO - Sync 1 DAGs
[2025-09-27T23:37:13.692+0100] {logging_mixin.py:190} INFO - [2025-09-27T23:37:13.691+0100] {dag.py:4180} INFO - Setting next_dagrun for example_trigger_controller_dag to 2021-01-01 00:00:00+00:00, run_after=2021-01-01 00:00:00+00:00
[2025-09-27T23:37:13.707+0100] {processor.py:208} INFO - Processing /home/engineer/project/airflow_env/lib/python3.12/site-packages/airflow/example_dags/example_trigger_controller_dag.py took 0.060 seconds
[2025-09-27T23:38:37.236+0100] {processor.py:186} INFO - Started process (PID=23371) to work on /home/engineer/project/airflow_env/lib/python3.12/site-packages/airflow/example_dags/example_trigger_controller_dag.py
[2025-09-27T23:38:37.244+0100] {processor.py:914} INFO - Processing file /home/engineer/project/airflow_env/lib/python3.12/site-packages/airflow/example_dags/example_trigger_controller_dag.py for tasks to queue
[2025-09-27T23:38:37.245+0100] {logging_mixin.py:190} INFO - [2025-09-27T23:38:37.245+0100] {dagbag.py:588} INFO - Filling up the DagBag from /home/engineer/project/airflow_env/lib/python3.12/site-packages/airflow/example_dags/example_trigger_controller_dag.py
[2025-09-27T23:38:37.251+0100] {processor.py:925} INFO - DAG(s) 'example_trigger_controller_dag' retrieved from /home/engineer/project/airflow_env/lib/python3.12/site-packages/airflow/example_dags/example_trigger_controller_dag.py
[2025-09-27T23:38:37.264+0100] {logging_mixin.py:190} INFO - [2025-09-27T23:38:37.264+0100] {dag.py:3239} INFO - Sync 1 DAGs
[2025-09-27T23:38:37.279+0100] {logging_mixin.py:190} INFO - [2025-09-27T23:38:37.279+0100] {dag.py:4180} INFO - Setting next_dagrun for example_trigger_controller_dag to 2021-01-01 00:00:00+00:00, run_after=2021-01-01 00:00:00+00:00
[2025-09-27T23:38:37.297+0100] {processor.py:208} INFO - Processing /home/engineer/project/airflow_env/lib/python3.12/site-packages/airflow/example_dags/example_trigger_controller_dag.py took 0.066 seconds
[2025-09-27T23:39:26.333+0100] {processor.py:186} INFO - Started process (PID=23566) to work on /home/engineer/project/airflow_env/lib/python3.12/site-packages/airflow/example_dags/example_trigger_controller_dag.py
[2025-09-27T23:39:26.340+0100] {processor.py:914} INFO - Processing file /home/engineer/project/airflow_env/lib/python3.12/site-packages/airflow/example_dags/example_trigger_controller_dag.py for tasks to queue
[2025-09-27T23:39:26.341+0100] {logging_mixin.py:190} INFO - [2025-09-27T23:39:26.340+0100] {dagbag.py:588} INFO - Filling up the DagBag from /home/engineer/project/airflow_env/lib/python3.12/site-packages/airflow/example_dags/example_trigger_controller_dag.py
[2025-09-27T23:39:26.346+0100] {processor.py:925} INFO - DAG(s) 'example_trigger_controller_dag' retrieved from /home/engineer/project/airflow_env/lib/python3.12/site-packages/airflow/example_dags/example_trigger_controller_dag.py
[2025-09-27T23:39:26.357+0100] {logging_mixin.py:190} INFO - [2025-09-27T23:39:26.356+0100] {dag.py:3239} INFO - Sync 1 DAGs
[2025-09-27T23:39:26.370+0100] {logging_mixin.py:190} INFO - [2025-09-27T23:39:26.370+0100] {dag.py:4180} INFO - Setting next_dagrun for example_trigger_controller_dag to 2021-01-01 00:00:00+00:00, run_after=2021-01-01 00:00:00+00:00
[2025-09-27T23:39:26.387+0100] {processor.py:208} INFO - Processing /home/engineer/project/airflow_env/lib/python3.12/site-packages/airflow/example_dags/example_trigger_controller_dag.py took 0.059 seconds
[2025-09-27T23:40:16.574+0100] {processor.py:186} INFO - Started process (PID=23768) to work on /home/engineer/project/airflow_env/lib/python3.12/site-packages/airflow/example_dags/example_trigger_controller_dag.py
[2025-09-27T23:40:16.576+0100] {processor.py:914} INFO - Processing file /home/engineer/project/airflow_env/lib/python3.12/site-packages/airflow/example_dags/example_trigger_controller_dag.py for tasks to queue
[2025-09-27T23:40:16.577+0100] {logging_mixin.py:190} INFO - [2025-09-27T23:40:16.577+0100] {dagbag.py:588} INFO - Filling up the DagBag from /home/engineer/project/airflow_env/lib/python3.12/site-packages/airflow/example_dags/example_trigger_controller_dag.py
[2025-09-27T23:40:16.585+0100] {processor.py:925} INFO - DAG(s) 'example_trigger_controller_dag' retrieved from /home/engineer/project/airflow_env/lib/python3.12/site-packages/airflow/example_dags/example_trigger_controller_dag.py
[2025-09-27T23:40:16.601+0100] {logging_mixin.py:190} INFO - [2025-09-27T23:40:16.600+0100] {dag.py:3239} INFO - Sync 1 DAGs
[2025-09-27T23:40:16.622+0100] {logging_mixin.py:190} INFO - [2025-09-27T23:40:16.621+0100] {dag.py:4180} INFO - Setting next_dagrun for example_trigger_controller_dag to 2021-01-01 00:00:00+00:00, run_after=2021-01-01 00:00:00+00:00
[2025-09-27T23:40:16.643+0100] {processor.py:208} INFO - Processing /home/engineer/project/airflow_env/lib/python3.12/site-packages/airflow/example_dags/example_trigger_controller_dag.py took 0.073 seconds
[2025-09-27T23:41:04.967+0100] {processor.py:186} INFO - Started process (PID=23957) to work on /home/engineer/project/airflow_env/lib/python3.12/site-packages/airflow/example_dags/example_trigger_controller_dag.py
[2025-09-27T23:41:04.975+0100] {processor.py:914} INFO - Processing file /home/engineer/project/airflow_env/lib/python3.12/site-packages/airflow/example_dags/example_trigger_controller_dag.py for tasks to queue
[2025-09-27T23:41:04.976+0100] {logging_mixin.py:190} INFO - [2025-09-27T23:41:04.976+0100] {dagbag.py:588} INFO - Filling up the DagBag from /home/engineer/project/airflow_env/lib/python3.12/site-packages/airflow/example_dags/example_trigger_controller_dag.py
[2025-09-27T23:41:04.984+0100] {processor.py:925} INFO - DAG(s) 'example_trigger_controller_dag' retrieved from /home/engineer/project/airflow_env/lib/python3.12/site-packages/airflow/example_dags/example_trigger_controller_dag.py
[2025-09-27T23:41:05.004+0100] {logging_mixin.py:190} INFO - [2025-09-27T23:41:05.004+0100] {dag.py:3239} INFO - Sync 1 DAGs
[2025-09-27T23:41:05.033+0100] {logging_mixin.py:190} INFO - [2025-09-27T23:41:05.033+0100] {dag.py:4180} INFO - Setting next_dagrun for example_trigger_controller_dag to 2021-01-01 00:00:00+00:00, run_after=2021-01-01 00:00:00+00:00
[2025-09-27T23:41:05.058+0100] {processor.py:208} INFO - Processing /home/engineer/project/airflow_env/lib/python3.12/site-packages/airflow/example_dags/example_trigger_controller_dag.py took 0.096 seconds
[2025-09-27T23:41:55.638+0100] {processor.py:186} INFO - Started process (PID=24175) to work on /home/engineer/project/airflow_env/lib/python3.12/site-packages/airflow/example_dags/example_trigger_controller_dag.py
[2025-09-27T23:41:55.639+0100] {processor.py:914} INFO - Processing file /home/engineer/project/airflow_env/lib/python3.12/site-packages/airflow/example_dags/example_trigger_controller_dag.py for tasks to queue
[2025-09-27T23:41:55.640+0100] {logging_mixin.py:190} INFO - [2025-09-27T23:41:55.640+0100] {dagbag.py:588} INFO - Filling up the DagBag from /home/engineer/project/airflow_env/lib/python3.12/site-packages/airflow/example_dags/example_trigger_controller_dag.py
[2025-09-27T23:41:55.646+0100] {processor.py:925} INFO - DAG(s) 'example_trigger_controller_dag' retrieved from /home/engineer/project/airflow_env/lib/python3.12/site-packages/airflow/example_dags/example_trigger_controller_dag.py
[2025-09-27T23:41:55.656+0100] {logging_mixin.py:190} INFO - [2025-09-27T23:41:55.656+0100] {dag.py:3239} INFO - Sync 1 DAGs
[2025-09-27T23:41:55.669+0100] {logging_mixin.py:190} INFO - [2025-09-27T23:41:55.668+0100] {dag.py:4180} INFO - Setting next_dagrun for example_trigger_controller_dag to 2021-01-01 00:00:00+00:00, run_after=2021-01-01 00:00:00+00:00
[2025-09-27T23:41:55.685+0100] {processor.py:208} INFO - Processing /home/engineer/project/airflow_env/lib/python3.12/site-packages/airflow/example_dags/example_trigger_controller_dag.py took 0.051 seconds
[2025-09-27T23:42:46.315+0100] {processor.py:186} INFO - Started process (PID=24381) to work on /home/engineer/project/airflow_env/lib/python3.12/site-packages/airflow/example_dags/example_trigger_controller_dag.py
[2025-09-27T23:42:46.323+0100] {processor.py:914} INFO - Processing file /home/engineer/project/airflow_env/lib/python3.12/site-packages/airflow/example_dags/example_trigger_controller_dag.py for tasks to queue
[2025-09-27T23:42:46.324+0100] {logging_mixin.py:190} INFO - [2025-09-27T23:42:46.324+0100] {dagbag.py:588} INFO - Filling up the DagBag from /home/engineer/project/airflow_env/lib/python3.12/site-packages/airflow/example_dags/example_trigger_controller_dag.py
[2025-09-27T23:42:46.332+0100] {processor.py:925} INFO - DAG(s) 'example_trigger_controller_dag' retrieved from /home/engineer/project/airflow_env/lib/python3.12/site-packages/airflow/example_dags/example_trigger_controller_dag.py
[2025-09-27T23:42:46.346+0100] {logging_mixin.py:190} INFO - [2025-09-27T23:42:46.346+0100] {dag.py:3239} INFO - Sync 1 DAGs
[2025-09-27T23:42:46.373+0100] {logging_mixin.py:190} INFO - [2025-09-27T23:42:46.372+0100] {dag.py:4180} INFO - Setting next_dagrun for example_trigger_controller_dag to 2021-01-01 00:00:00+00:00, run_after=2021-01-01 00:00:00+00:00
[2025-09-27T23:42:46.394+0100] {processor.py:208} INFO - Processing /home/engineer/project/airflow_env/lib/python3.12/site-packages/airflow/example_dags/example_trigger_controller_dag.py took 0.085 seconds
[2025-09-27T23:43:38.438+0100] {processor.py:186} INFO - Started process (PID=24653) to work on /home/engineer/project/airflow_env/lib/python3.12/site-packages/airflow/example_dags/example_trigger_controller_dag.py
[2025-09-27T23:43:38.445+0100] {processor.py:914} INFO - Processing file /home/engineer/project/airflow_env/lib/python3.12/site-packages/airflow/example_dags/example_trigger_controller_dag.py for tasks to queue
[2025-09-27T23:43:38.446+0100] {logging_mixin.py:190} INFO - [2025-09-27T23:43:38.446+0100] {dagbag.py:588} INFO - Filling up the DagBag from /home/engineer/project/airflow_env/lib/python3.12/site-packages/airflow/example_dags/example_trigger_controller_dag.py
[2025-09-27T23:43:38.451+0100] {processor.py:925} INFO - DAG(s) 'example_trigger_controller_dag' retrieved from /home/engineer/project/airflow_env/lib/python3.12/site-packages/airflow/example_dags/example_trigger_controller_dag.py
[2025-09-27T23:43:38.464+0100] {logging_mixin.py:190} INFO - [2025-09-27T23:43:38.464+0100] {dag.py:3239} INFO - Sync 1 DAGs
[2025-09-27T23:43:38.479+0100] {logging_mixin.py:190} INFO - [2025-09-27T23:43:38.479+0100] {dag.py:4180} INFO - Setting next_dagrun for example_trigger_controller_dag to 2021-01-01 00:00:00+00:00, run_after=2021-01-01 00:00:00+00:00
[2025-09-27T23:43:38.495+0100] {processor.py:208} INFO - Processing /home/engineer/project/airflow_env/lib/python3.12/site-packages/airflow/example_dags/example_trigger_controller_dag.py took 0.061 seconds
