[2025-09-27T23:27:03.017+0100] {processor.py:186} INFO - Started process (PID=19934) to work on /home/engineer/project/airflow_env/lib/python3.12/site-packages/airflow/example_dags/example_branch_operator.py
[2025-09-27T23:27:03.017+0100] {processor.py:914} INFO - Processing file /home/engineer/project/airflow_env/lib/python3.12/site-packages/airflow/example_dags/example_branch_operator.py for tasks to queue
[2025-09-27T23:27:03.019+0100] {logging_mixin.py:190} INFO - [2025-09-27T23:27:03.018+0100] {dagbag.py:588} INFO - Filling up the DagBag from /home/engineer/project/airflow_env/lib/python3.12/site-packages/airflow/example_dags/example_branch_operator.py
[2025-09-27T23:27:03.044+0100] {processor.py:927} WARNING - No viable dags retrieved from /home/engineer/project/airflow_env/lib/python3.12/site-packages/airflow/example_dags/example_branch_operator.py
[2025-09-27T23:27:03.053+0100] {processor.py:208} INFO - Processing /home/engineer/project/airflow_env/lib/python3.12/site-packages/airflow/example_dags/example_branch_operator.py took 0.041 seconds
[2025-09-27T23:28:00.795+0100] {processor.py:186} INFO - Started process (PID=20219) to work on /home/engineer/project/airflow_env/lib/python3.12/site-packages/airflow/example_dags/example_branch_operator.py
[2025-09-27T23:28:00.796+0100] {processor.py:914} INFO - Processing file /home/engineer/project/airflow_env/lib/python3.12/site-packages/airflow/example_dags/example_branch_operator.py for tasks to queue
[2025-09-27T23:28:00.797+0100] {logging_mixin.py:190} INFO - [2025-09-27T23:28:00.797+0100] {dagbag.py:588} INFO - Filling up the DagBag from /home/engineer/project/airflow_env/lib/python3.12/site-packages/airflow/example_dags/example_branch_operator.py
[2025-09-27T23:28:00.824+0100] {processor.py:927} WARNING - No viable dags retrieved from /home/engineer/project/airflow_env/lib/python3.12/site-packages/airflow/example_dags/example_branch_operator.py
[2025-09-27T23:28:00.834+0100] {processor.py:208} INFO - Processing /home/engineer/project/airflow_env/lib/python3.12/site-packages/airflow/example_dags/example_branch_operator.py took 0.043 seconds
[2025-09-27T23:28:53.408+0100] {processor.py:186} INFO - Started process (PID=20431) to work on /home/engineer/project/airflow_env/lib/python3.12/site-packages/airflow/example_dags/example_branch_operator.py
[2025-09-27T23:28:53.410+0100] {processor.py:914} INFO - Processing file /home/engineer/project/airflow_env/lib/python3.12/site-packages/airflow/example_dags/example_branch_operator.py for tasks to queue
[2025-09-27T23:28:53.411+0100] {logging_mixin.py:190} INFO - [2025-09-27T23:28:53.411+0100] {dagbag.py:588} INFO - Filling up the DagBag from /home/engineer/project/airflow_env/lib/python3.12/site-packages/airflow/example_dags/example_branch_operator.py
[2025-09-27T23:28:53.432+0100] {processor.py:927} WARNING - No viable dags retrieved from /home/engineer/project/airflow_env/lib/python3.12/site-packages/airflow/example_dags/example_branch_operator.py
[2025-09-27T23:28:53.442+0100] {processor.py:208} INFO - Processing /home/engineer/project/airflow_env/lib/python3.12/site-packages/airflow/example_dags/example_branch_operator.py took 0.038 seconds
[2025-09-27T23:30:02.695+0100] {processor.py:186} INFO - Started process (PID=20709) to work on /home/engineer/project/airflow_env/lib/python3.12/site-packages/airflow/example_dags/example_branch_operator.py
[2025-09-27T23:30:02.703+0100] {processor.py:914} INFO - Processing file /home/engineer/project/airflow_env/lib/python3.12/site-packages/airflow/example_dags/example_branch_operator.py for tasks to queue
[2025-09-27T23:30:02.704+0100] {logging_mixin.py:190} INFO - [2025-09-27T23:30:02.704+0100] {dagbag.py:588} INFO - Filling up the DagBag from /home/engineer/project/airflow_env/lib/python3.12/site-packages/airflow/example_dags/example_branch_operator.py
[2025-09-27T23:30:02.724+0100] {processor.py:927} WARNING - No viable dags retrieved from /home/engineer/project/airflow_env/lib/python3.12/site-packages/airflow/example_dags/example_branch_operator.py
[2025-09-27T23:30:02.732+0100] {processor.py:208} INFO - Processing /home/engineer/project/airflow_env/lib/python3.12/site-packages/airflow/example_dags/example_branch_operator.py took 0.041 seconds
[2025-09-27T23:31:14.954+0100] {processor.py:186} INFO - Started process (PID=21579) to work on /home/engineer/project/airflow_env/lib/python3.12/site-packages/airflow/example_dags/example_branch_operator.py
[2025-09-27T23:31:14.956+0100] {processor.py:914} INFO - Processing file /home/engineer/project/airflow_env/lib/python3.12/site-packages/airflow/example_dags/example_branch_operator.py for tasks to queue
[2025-09-27T23:31:14.958+0100] {logging_mixin.py:190} INFO - [2025-09-27T23:31:14.958+0100] {dagbag.py:588} INFO - Filling up the DagBag from /home/engineer/project/airflow_env/lib/python3.12/site-packages/airflow/example_dags/example_branch_operator.py
[2025-09-27T23:31:14.985+0100] {processor.py:927} WARNING - No viable dags retrieved from /home/engineer/project/airflow_env/lib/python3.12/site-packages/airflow/example_dags/example_branch_operator.py
[2025-09-27T23:31:15.001+0100] {processor.py:208} INFO - Processing /home/engineer/project/airflow_env/lib/python3.12/site-packages/airflow/example_dags/example_branch_operator.py took 0.054 seconds
[2025-09-27T23:32:11.794+0100] {processor.py:186} INFO - Started process (PID=21907) to work on /home/engineer/project/airflow_env/lib/python3.12/site-packages/airflow/example_dags/example_branch_operator.py
[2025-09-27T23:32:11.795+0100] {processor.py:914} INFO - Processing file /home/engineer/project/airflow_env/lib/python3.12/site-packages/airflow/example_dags/example_branch_operator.py for tasks to queue
[2025-09-27T23:32:11.797+0100] {logging_mixin.py:190} INFO - [2025-09-27T23:32:11.796+0100] {dagbag.py:588} INFO - Filling up the DagBag from /home/engineer/project/airflow_env/lib/python3.12/site-packages/airflow/example_dags/example_branch_operator.py
[2025-09-27T23:32:11.819+0100] {processor.py:927} WARNING - No viable dags retrieved from /home/engineer/project/airflow_env/lib/python3.12/site-packages/airflow/example_dags/example_branch_operator.py
[2025-09-27T23:32:11.828+0100] {processor.py:208} INFO - Processing /home/engineer/project/airflow_env/lib/python3.12/site-packages/airflow/example_dags/example_branch_operator.py took 0.038 seconds
[2025-09-27T23:33:00.936+0100] {processor.py:186} INFO - Started process (PID=22105) to work on /home/engineer/project/airflow_env/lib/python3.12/site-packages/airflow/example_dags/example_branch_operator.py
[2025-09-27T23:33:00.937+0100] {processor.py:914} INFO - Processing file /home/engineer/project/airflow_env/lib/python3.12/site-packages/airflow/example_dags/example_branch_operator.py for tasks to queue
[2025-09-27T23:33:00.939+0100] {logging_mixin.py:190} INFO - [2025-09-27T23:33:00.938+0100] {dagbag.py:588} INFO - Filling up the DagBag from /home/engineer/project/airflow_env/lib/python3.12/site-packages/airflow/example_dags/example_branch_operator.py
[2025-09-27T23:33:00.962+0100] {processor.py:927} WARNING - No viable dags retrieved from /home/engineer/project/airflow_env/lib/python3.12/site-packages/airflow/example_dags/example_branch_operator.py
[2025-09-27T23:33:00.970+0100] {processor.py:208} INFO - Processing /home/engineer/project/airflow_env/lib/python3.12/site-packages/airflow/example_dags/example_branch_operator.py took 0.038 seconds
[2025-09-27T23:34:13.876+0100] {processor.py:186} INFO - Started process (PID=22396) to work on /home/engineer/project/airflow_env/lib/python3.12/site-packages/airflow/example_dags/example_branch_operator.py
[2025-09-27T23:34:13.883+0100] {processor.py:914} INFO - Processing file /home/engineer/project/airflow_env/lib/python3.12/site-packages/airflow/example_dags/example_branch_operator.py for tasks to queue
[2025-09-27T23:34:13.885+0100] {logging_mixin.py:190} INFO - [2025-09-27T23:34:13.885+0100] {dagbag.py:588} INFO - Filling up the DagBag from /home/engineer/project/airflow_env/lib/python3.12/site-packages/airflow/example_dags/example_branch_operator.py
[2025-09-27T23:34:13.910+0100] {processor.py:927} WARNING - No viable dags retrieved from /home/engineer/project/airflow_env/lib/python3.12/site-packages/airflow/example_dags/example_branch_operator.py
[2025-09-27T23:34:13.920+0100] {processor.py:208} INFO - Processing /home/engineer/project/airflow_env/lib/python3.12/site-packages/airflow/example_dags/example_branch_operator.py took 0.053 seconds
[2025-09-27T23:35:04.532+0100] {processor.py:186} INFO - Started process (PID=22598) to work on /home/engineer/project/airflow_env/lib/python3.12/site-packages/airflow/example_dags/example_branch_operator.py
[2025-09-27T23:35:04.533+0100] {processor.py:914} INFO - Processing file /home/engineer/project/airflow_env/lib/python3.12/site-packages/airflow/example_dags/example_branch_operator.py for tasks to queue
[2025-09-27T23:35:04.535+0100] {logging_mixin.py:190} INFO - [2025-09-27T23:35:04.535+0100] {dagbag.py:588} INFO - Filling up the DagBag from /home/engineer/project/airflow_env/lib/python3.12/site-packages/airflow/example_dags/example_branch_operator.py
[2025-09-27T23:35:04.557+0100] {processor.py:927} WARNING - No viable dags retrieved from /home/engineer/project/airflow_env/lib/python3.12/site-packages/airflow/example_dags/example_branch_operator.py
[2025-09-27T23:35:04.565+0100] {processor.py:208} INFO - Processing /home/engineer/project/airflow_env/lib/python3.12/site-packages/airflow/example_dags/example_branch_operator.py took 0.037 seconds
[2025-09-27T23:36:17.686+0100] {processor.py:186} INFO - Started process (PID=22884) to work on /home/engineer/project/airflow_env/lib/python3.12/site-packages/airflow/example_dags/example_branch_operator.py
[2025-09-27T23:36:17.693+0100] {processor.py:914} INFO - Processing file /home/engineer/project/airflow_env/lib/python3.12/site-packages/airflow/example_dags/example_branch_operator.py for tasks to queue
[2025-09-27T23:36:17.694+0100] {logging_mixin.py:190} INFO - [2025-09-27T23:36:17.694+0100] {dagbag.py:588} INFO - Filling up the DagBag from /home/engineer/project/airflow_env/lib/python3.12/site-packages/airflow/example_dags/example_branch_operator.py
[2025-09-27T23:36:17.717+0100] {processor.py:927} WARNING - No viable dags retrieved from /home/engineer/project/airflow_env/lib/python3.12/site-packages/airflow/example_dags/example_branch_operator.py
[2025-09-27T23:36:17.725+0100] {processor.py:208} INFO - Processing /home/engineer/project/airflow_env/lib/python3.12/site-packages/airflow/example_dags/example_branch_operator.py took 0.043 seconds
[2025-09-27T23:37:29.078+0100] {processor.py:186} INFO - Started process (PID=23195) to work on /home/engineer/project/airflow_env/lib/python3.12/site-packages/airflow/example_dags/example_branch_operator.py
[2025-09-27T23:37:29.080+0100] {processor.py:914} INFO - Processing file /home/engineer/project/airflow_env/lib/python3.12/site-packages/airflow/example_dags/example_branch_operator.py for tasks to queue
[2025-09-27T23:37:29.082+0100] {logging_mixin.py:190} INFO - [2025-09-27T23:37:29.082+0100] {dagbag.py:588} INFO - Filling up the DagBag from /home/engineer/project/airflow_env/lib/python3.12/site-packages/airflow/example_dags/example_branch_operator.py
[2025-09-27T23:37:29.112+0100] {processor.py:927} WARNING - No viable dags retrieved from /home/engineer/project/airflow_env/lib/python3.12/site-packages/airflow/example_dags/example_branch_operator.py
[2025-09-27T23:37:29.121+0100] {processor.py:208} INFO - Processing /home/engineer/project/airflow_env/lib/python3.12/site-packages/airflow/example_dags/example_branch_operator.py took 0.046 seconds
[2025-09-27T23:39:15.221+0100] {processor.py:186} INFO - Started process (PID=23521) to work on /home/engineer/project/airflow_env/lib/python3.12/site-packages/airflow/example_dags/example_branch_operator.py
[2025-09-27T23:39:15.222+0100] {processor.py:914} INFO - Processing file /home/engineer/project/airflow_env/lib/python3.12/site-packages/airflow/example_dags/example_branch_operator.py for tasks to queue
[2025-09-27T23:39:15.223+0100] {logging_mixin.py:190} INFO - [2025-09-27T23:39:15.223+0100] {dagbag.py:588} INFO - Filling up the DagBag from /home/engineer/project/airflow_env/lib/python3.12/site-packages/airflow/example_dags/example_branch_operator.py
[2025-09-27T23:39:15.242+0100] {processor.py:927} WARNING - No viable dags retrieved from /home/engineer/project/airflow_env/lib/python3.12/site-packages/airflow/example_dags/example_branch_operator.py
[2025-09-27T23:39:15.251+0100] {processor.py:208} INFO - Processing /home/engineer/project/airflow_env/lib/python3.12/site-packages/airflow/example_dags/example_branch_operator.py took 0.035 seconds
[2025-09-27T23:40:10.920+0100] {processor.py:186} INFO - Started process (PID=23743) to work on /home/engineer/project/airflow_env/lib/python3.12/site-packages/airflow/example_dags/example_branch_operator.py
[2025-09-27T23:40:10.927+0100] {processor.py:914} INFO - Processing file /home/engineer/project/airflow_env/lib/python3.12/site-packages/airflow/example_dags/example_branch_operator.py for tasks to queue
[2025-09-27T23:40:10.928+0100] {logging_mixin.py:190} INFO - [2025-09-27T23:40:10.928+0100] {dagbag.py:588} INFO - Filling up the DagBag from /home/engineer/project/airflow_env/lib/python3.12/site-packages/airflow/example_dags/example_branch_operator.py
[2025-09-27T23:40:10.953+0100] {processor.py:927} WARNING - No viable dags retrieved from /home/engineer/project/airflow_env/lib/python3.12/site-packages/airflow/example_dags/example_branch_operator.py
[2025-09-27T23:40:10.962+0100] {processor.py:208} INFO - Processing /home/engineer/project/airflow_env/lib/python3.12/site-packages/airflow/example_dags/example_branch_operator.py took 0.046 seconds
[2025-09-27T23:41:24.647+0100] {processor.py:186} INFO - Started process (PID=24036) to work on /home/engineer/project/airflow_env/lib/python3.12/site-packages/airflow/example_dags/example_branch_operator.py
[2025-09-27T23:41:24.649+0100] {processor.py:914} INFO - Processing file /home/engineer/project/airflow_env/lib/python3.12/site-packages/airflow/example_dags/example_branch_operator.py for tasks to queue
[2025-09-27T23:41:24.650+0100] {logging_mixin.py:190} INFO - [2025-09-27T23:41:24.650+0100] {dagbag.py:588} INFO - Filling up the DagBag from /home/engineer/project/airflow_env/lib/python3.12/site-packages/airflow/example_dags/example_branch_operator.py
[2025-09-27T23:41:24.672+0100] {processor.py:927} WARNING - No viable dags retrieved from /home/engineer/project/airflow_env/lib/python3.12/site-packages/airflow/example_dags/example_branch_operator.py
[2025-09-27T23:41:24.680+0100] {processor.py:208} INFO - Processing /home/engineer/project/airflow_env/lib/python3.12/site-packages/airflow/example_dags/example_branch_operator.py took 0.037 seconds
[2025-09-27T23:42:38.452+0100] {processor.py:186} INFO - Started process (PID=24355) to work on /home/engineer/project/airflow_env/lib/python3.12/site-packages/airflow/example_dags/example_branch_operator.py
[2025-09-27T23:42:38.460+0100] {processor.py:914} INFO - Processing file /home/engineer/project/airflow_env/lib/python3.12/site-packages/airflow/example_dags/example_branch_operator.py for tasks to queue
[2025-09-27T23:42:38.461+0100] {logging_mixin.py:190} INFO - [2025-09-27T23:42:38.461+0100] {dagbag.py:588} INFO - Filling up the DagBag from /home/engineer/project/airflow_env/lib/python3.12/site-packages/airflow/example_dags/example_branch_operator.py
[2025-09-27T23:42:38.486+0100] {processor.py:927} WARNING - No viable dags retrieved from /home/engineer/project/airflow_env/lib/python3.12/site-packages/airflow/example_dags/example_branch_operator.py
[2025-09-27T23:42:38.500+0100] {processor.py:208} INFO - Processing /home/engineer/project/airflow_env/lib/python3.12/site-packages/airflow/example_dags/example_branch_operator.py took 0.054 seconds
[2025-09-27T23:43:31.647+0100] {processor.py:186} INFO - Started process (PID=24627) to work on /home/engineer/project/airflow_env/lib/python3.12/site-packages/airflow/example_dags/example_branch_operator.py
[2025-09-27T23:43:31.654+0100] {processor.py:914} INFO - Processing file /home/engineer/project/airflow_env/lib/python3.12/site-packages/airflow/example_dags/example_branch_operator.py for tasks to queue
[2025-09-27T23:43:31.656+0100] {logging_mixin.py:190} INFO - [2025-09-27T23:43:31.655+0100] {dagbag.py:588} INFO - Filling up the DagBag from /home/engineer/project/airflow_env/lib/python3.12/site-packages/airflow/example_dags/example_branch_operator.py
[2025-09-27T23:43:31.679+0100] {processor.py:927} WARNING - No viable dags retrieved from /home/engineer/project/airflow_env/lib/python3.12/site-packages/airflow/example_dags/example_branch_operator.py
[2025-09-27T23:43:31.688+0100] {processor.py:208} INFO - Processing /home/engineer/project/airflow_env/lib/python3.12/site-packages/airflow/example_dags/example_branch_operator.py took 0.045 seconds
