[2025-09-27T23:26:34.055+0100] {processor.py:186} INFO - Started process (PID=19823) to work on /home/engineer/project/airflow_env/lib/python3.12/site-packages/airflow/example_dags/example_subdag_operator.py
[2025-09-27T23:26:34.056+0100] {processor.py:914} INFO - Processing file /home/engineer/project/airflow_env/lib/python3.12/site-packages/airflow/example_dags/example_subdag_operator.py for tasks to queue
[2025-09-27T23:26:34.058+0100] {logging_mixin.py:190} INFO - [2025-09-27T23:26:34.057+0100] {dagbag.py:588} INFO - Filling up the DagBag from /home/engineer/project/airflow_env/lib/python3.12/site-packages/airflow/example_dags/example_subdag_operator.py
[2025-09-27T23:26:34.078+0100] {processor.py:925} INFO - DAG(s) 'example_subdag_operator.section-1', 'example_subdag_operator.section-2', 'example_subdag_operator' retrieved from /home/engineer/project/airflow_env/lib/python3.12/site-packages/airflow/example_dags/example_subdag_operator.py
[2025-09-27T23:26:34.163+0100] {logging_mixin.py:190} INFO - [2025-09-27T23:26:34.162+0100] {override.py:1900} INFO - Created Permission View: can delete on DAG:example_subdag_operator
[2025-09-27T23:26:34.173+0100] {logging_mixin.py:190} INFO - [2025-09-27T23:26:34.173+0100] {override.py:1900} INFO - Created Permission View: can read on DAG:example_subdag_operator
[2025-09-27T23:26:34.181+0100] {logging_mixin.py:190} INFO - [2025-09-27T23:26:34.181+0100] {override.py:1900} INFO - Created Permission View: can edit on DAG:example_subdag_operator
[2025-09-27T23:26:34.194+0100] {logging_mixin.py:190} INFO - [2025-09-27T23:26:34.193+0100] {override.py:1900} INFO - Created Permission View: can delete on DAG Run:example_subdag_operator
[2025-09-27T23:26:34.201+0100] {logging_mixin.py:190} INFO - [2025-09-27T23:26:34.201+0100] {override.py:1900} INFO - Created Permission View: can read on DAG Run:example_subdag_operator
[2025-09-27T23:26:34.208+0100] {logging_mixin.py:190} INFO - [2025-09-27T23:26:34.208+0100] {override.py:1900} INFO - Created Permission View: can create on DAG Run:example_subdag_operator
[2025-09-27T23:26:34.215+0100] {logging_mixin.py:190} INFO - [2025-09-27T23:26:34.215+0100] {override.py:1900} INFO - Created Permission View: menu access on DAG Run:example_subdag_operator
[2025-09-27T23:26:34.215+0100] {logging_mixin.py:190} INFO - [2025-09-27T23:26:34.215+0100] {dag.py:3239} INFO - Sync 3 DAGs
[2025-09-27T23:26:34.228+0100] {logging_mixin.py:190} INFO - [2025-09-27T23:26:34.228+0100] {dag.py:3262} INFO - Creating ORM DAG for example_subdag_operator.section-2
[2025-09-27T23:26:34.229+0100] {logging_mixin.py:190} INFO - [2025-09-27T23:26:34.229+0100] {dag.py:3262} INFO - Creating ORM DAG for example_subdag_operator.section-1
[2025-09-27T23:26:34.229+0100] {logging_mixin.py:190} INFO - [2025-09-27T23:26:34.229+0100] {dag.py:3262} INFO - Creating ORM DAG for example_subdag_operator
[2025-09-27T23:26:34.236+0100] {logging_mixin.py:190} INFO - [2025-09-27T23:26:34.236+0100] {dag.py:4180} INFO - Setting next_dagrun for example_subdag_operator to 2022-01-01 00:00:00+00:00, run_after=2022-01-01 00:00:00+00:00
[2025-09-27T23:26:34.236+0100] {logging_mixin.py:190} INFO - [2025-09-27T23:26:34.236+0100] {dag.py:4180} INFO - Setting next_dagrun for example_subdag_operator.section-1 to None, run_after=None
[2025-09-27T23:26:34.237+0100] {logging_mixin.py:190} INFO - [2025-09-27T23:26:34.237+0100] {dag.py:4180} INFO - Setting next_dagrun for example_subdag_operator.section-2 to None, run_after=None
[2025-09-27T23:26:34.241+0100] {logging_mixin.py:190} INFO - [2025-09-27T23:26:34.241+0100] {dag.py:3239} INFO - Sync 2 DAGs
[2025-09-27T23:26:34.245+0100] {logging_mixin.py:190} INFO - [2025-09-27T23:26:34.245+0100] {dag.py:4180} INFO - Setting next_dagrun for example_subdag_operator.section-1 to None, run_after=None
[2025-09-27T23:26:34.247+0100] {logging_mixin.py:190} INFO - [2025-09-27T23:26:34.246+0100] {dag.py:4180} INFO - Setting next_dagrun for example_subdag_operator.section-2 to None, run_after=None
[2025-09-27T23:26:34.259+0100] {processor.py:208} INFO - Processing /home/engineer/project/airflow_env/lib/python3.12/site-packages/airflow/example_dags/example_subdag_operator.py took 0.210 seconds
[2025-09-27T23:27:34.478+0100] {processor.py:186} INFO - Started process (PID=20053) to work on /home/engineer/project/airflow_env/lib/python3.12/site-packages/airflow/example_dags/example_subdag_operator.py
[2025-09-27T23:27:34.485+0100] {processor.py:914} INFO - Processing file /home/engineer/project/airflow_env/lib/python3.12/site-packages/airflow/example_dags/example_subdag_operator.py for tasks to queue
[2025-09-27T23:27:34.486+0100] {logging_mixin.py:190} INFO - [2025-09-27T23:27:34.486+0100] {dagbag.py:588} INFO - Filling up the DagBag from /home/engineer/project/airflow_env/lib/python3.12/site-packages/airflow/example_dags/example_subdag_operator.py
[2025-09-27T23:27:34.502+0100] {processor.py:925} INFO - DAG(s) 'example_subdag_operator.section-1', 'example_subdag_operator.section-2', 'example_subdag_operator' retrieved from /home/engineer/project/airflow_env/lib/python3.12/site-packages/airflow/example_dags/example_subdag_operator.py
[2025-09-27T23:27:34.511+0100] {logging_mixin.py:190} INFO - [2025-09-27T23:27:34.510+0100] {dag.py:3239} INFO - Sync 3 DAGs
[2025-09-27T23:27:34.524+0100] {logging_mixin.py:190} INFO - [2025-09-27T23:27:34.524+0100] {dag.py:4180} INFO - Setting next_dagrun for example_subdag_operator to 2022-01-01 00:00:00+00:00, run_after=2022-01-01 00:00:00+00:00
[2025-09-27T23:27:34.527+0100] {logging_mixin.py:190} INFO - [2025-09-27T23:27:34.527+0100] {dag.py:4180} INFO - Setting next_dagrun for example_subdag_operator.section-1 to None, run_after=None
[2025-09-27T23:27:34.527+0100] {logging_mixin.py:190} INFO - [2025-09-27T23:27:34.527+0100] {dag.py:4180} INFO - Setting next_dagrun for example_subdag_operator.section-2 to None, run_after=None
[2025-09-27T23:27:34.531+0100] {logging_mixin.py:190} INFO - [2025-09-27T23:27:34.531+0100] {dag.py:3239} INFO - Sync 2 DAGs
[2025-09-27T23:27:34.533+0100] {logging_mixin.py:190} INFO - [2025-09-27T23:27:34.533+0100] {dag.py:4180} INFO - Setting next_dagrun for example_subdag_operator.section-1 to None, run_after=None
[2025-09-27T23:27:34.533+0100] {logging_mixin.py:190} INFO - [2025-09-27T23:27:34.533+0100] {dag.py:4180} INFO - Setting next_dagrun for example_subdag_operator.section-2 to None, run_after=None
[2025-09-27T23:27:34.545+0100] {processor.py:208} INFO - Processing /home/engineer/project/airflow_env/lib/python3.12/site-packages/airflow/example_dags/example_subdag_operator.py took 0.071 seconds
[2025-09-27T23:28:27.598+0100] {processor.py:186} INFO - Started process (PID=20325) to work on /home/engineer/project/airflow_env/lib/python3.12/site-packages/airflow/example_dags/example_subdag_operator.py
[2025-09-27T23:28:27.605+0100] {processor.py:914} INFO - Processing file /home/engineer/project/airflow_env/lib/python3.12/site-packages/airflow/example_dags/example_subdag_operator.py for tasks to queue
[2025-09-27T23:28:27.607+0100] {logging_mixin.py:190} INFO - [2025-09-27T23:28:27.606+0100] {dagbag.py:588} INFO - Filling up the DagBag from /home/engineer/project/airflow_env/lib/python3.12/site-packages/airflow/example_dags/example_subdag_operator.py
[2025-09-27T23:28:27.622+0100] {processor.py:925} INFO - DAG(s) 'example_subdag_operator.section-1', 'example_subdag_operator.section-2', 'example_subdag_operator' retrieved from /home/engineer/project/airflow_env/lib/python3.12/site-packages/airflow/example_dags/example_subdag_operator.py
[2025-09-27T23:28:27.631+0100] {logging_mixin.py:190} INFO - [2025-09-27T23:28:27.631+0100] {dag.py:3239} INFO - Sync 3 DAGs
[2025-09-27T23:28:27.644+0100] {logging_mixin.py:190} INFO - [2025-09-27T23:28:27.644+0100] {dag.py:4180} INFO - Setting next_dagrun for example_subdag_operator to 2022-01-01 00:00:00+00:00, run_after=2022-01-01 00:00:00+00:00
[2025-09-27T23:28:27.646+0100] {logging_mixin.py:190} INFO - [2025-09-27T23:28:27.646+0100] {dag.py:4180} INFO - Setting next_dagrun for example_subdag_operator.section-1 to None, run_after=None
[2025-09-27T23:28:27.647+0100] {logging_mixin.py:190} INFO - [2025-09-27T23:28:27.647+0100] {dag.py:4180} INFO - Setting next_dagrun for example_subdag_operator.section-2 to None, run_after=None
[2025-09-27T23:28:27.650+0100] {logging_mixin.py:190} INFO - [2025-09-27T23:28:27.650+0100] {dag.py:3239} INFO - Sync 2 DAGs
[2025-09-27T23:28:27.652+0100] {logging_mixin.py:190} INFO - [2025-09-27T23:28:27.652+0100] {dag.py:4180} INFO - Setting next_dagrun for example_subdag_operator.section-1 to None, run_after=None
[2025-09-27T23:28:27.652+0100] {logging_mixin.py:190} INFO - [2025-09-27T23:28:27.652+0100] {dag.py:4180} INFO - Setting next_dagrun for example_subdag_operator.section-2 to None, run_after=None
[2025-09-27T23:28:27.664+0100] {processor.py:208} INFO - Processing /home/engineer/project/airflow_env/lib/python3.12/site-packages/airflow/example_dags/example_subdag_operator.py took 0.070 seconds
[2025-09-27T23:29:15.127+0100] {processor.py:186} INFO - Started process (PID=20513) to work on /home/engineer/project/airflow_env/lib/python3.12/site-packages/airflow/example_dags/example_subdag_operator.py
[2025-09-27T23:29:15.128+0100] {processor.py:914} INFO - Processing file /home/engineer/project/airflow_env/lib/python3.12/site-packages/airflow/example_dags/example_subdag_operator.py for tasks to queue
[2025-09-27T23:29:15.130+0100] {logging_mixin.py:190} INFO - [2025-09-27T23:29:15.130+0100] {dagbag.py:588} INFO - Filling up the DagBag from /home/engineer/project/airflow_env/lib/python3.12/site-packages/airflow/example_dags/example_subdag_operator.py
[2025-09-27T23:29:15.150+0100] {processor.py:925} INFO - DAG(s) 'example_subdag_operator.section-1', 'example_subdag_operator.section-2', 'example_subdag_operator' retrieved from /home/engineer/project/airflow_env/lib/python3.12/site-packages/airflow/example_dags/example_subdag_operator.py
[2025-09-27T23:29:15.161+0100] {logging_mixin.py:190} INFO - [2025-09-27T23:29:15.161+0100] {dag.py:3239} INFO - Sync 3 DAGs
[2025-09-27T23:29:15.183+0100] {logging_mixin.py:190} INFO - [2025-09-27T23:29:15.183+0100] {dag.py:4180} INFO - Setting next_dagrun for example_subdag_operator to 2022-01-01 00:00:00+00:00, run_after=2022-01-01 00:00:00+00:00
[2025-09-27T23:29:15.188+0100] {logging_mixin.py:190} INFO - [2025-09-27T23:29:15.188+0100] {dag.py:4180} INFO - Setting next_dagrun for example_subdag_operator.section-1 to None, run_after=None
[2025-09-27T23:29:15.189+0100] {logging_mixin.py:190} INFO - [2025-09-27T23:29:15.188+0100] {dag.py:4180} INFO - Setting next_dagrun for example_subdag_operator.section-2 to None, run_after=None
[2025-09-27T23:29:15.194+0100] {logging_mixin.py:190} INFO - [2025-09-27T23:29:15.194+0100] {dag.py:3239} INFO - Sync 2 DAGs
[2025-09-27T23:29:15.198+0100] {logging_mixin.py:190} INFO - [2025-09-27T23:29:15.198+0100] {dag.py:4180} INFO - Setting next_dagrun for example_subdag_operator.section-1 to None, run_after=None
[2025-09-27T23:29:15.199+0100] {logging_mixin.py:190} INFO - [2025-09-27T23:29:15.199+0100] {dag.py:4180} INFO - Setting next_dagrun for example_subdag_operator.section-2 to None, run_after=None
[2025-09-27T23:29:15.213+0100] {processor.py:208} INFO - Processing /home/engineer/project/airflow_env/lib/python3.12/site-packages/airflow/example_dags/example_subdag_operator.py took 0.090 seconds
[2025-09-27T23:30:00.428+0100] {processor.py:186} INFO - Started process (PID=20695) to work on /home/engineer/project/airflow_env/lib/python3.12/site-packages/airflow/example_dags/example_subdag_operator.py
[2025-09-27T23:30:00.429+0100] {processor.py:914} INFO - Processing file /home/engineer/project/airflow_env/lib/python3.12/site-packages/airflow/example_dags/example_subdag_operator.py for tasks to queue
[2025-09-27T23:30:00.430+0100] {logging_mixin.py:190} INFO - [2025-09-27T23:30:00.430+0100] {dagbag.py:588} INFO - Filling up the DagBag from /home/engineer/project/airflow_env/lib/python3.12/site-packages/airflow/example_dags/example_subdag_operator.py
[2025-09-27T23:30:00.445+0100] {processor.py:925} INFO - DAG(s) 'example_subdag_operator.section-1', 'example_subdag_operator.section-2', 'example_subdag_operator' retrieved from /home/engineer/project/airflow_env/lib/python3.12/site-packages/airflow/example_dags/example_subdag_operator.py
[2025-09-27T23:30:00.454+0100] {logging_mixin.py:190} INFO - [2025-09-27T23:30:00.454+0100] {dag.py:3239} INFO - Sync 3 DAGs
[2025-09-27T23:30:00.468+0100] {logging_mixin.py:190} INFO - [2025-09-27T23:30:00.467+0100] {dag.py:4180} INFO - Setting next_dagrun for example_subdag_operator to 2022-01-01 00:00:00+00:00, run_after=2022-01-01 00:00:00+00:00
[2025-09-27T23:30:00.470+0100] {logging_mixin.py:190} INFO - [2025-09-27T23:30:00.470+0100] {dag.py:4180} INFO - Setting next_dagrun for example_subdag_operator.section-1 to None, run_after=None
[2025-09-27T23:30:00.471+0100] {logging_mixin.py:190} INFO - [2025-09-27T23:30:00.471+0100] {dag.py:4180} INFO - Setting next_dagrun for example_subdag_operator.section-2 to None, run_after=None
[2025-09-27T23:30:00.474+0100] {logging_mixin.py:190} INFO - [2025-09-27T23:30:00.474+0100] {dag.py:3239} INFO - Sync 2 DAGs
[2025-09-27T23:30:00.477+0100] {logging_mixin.py:190} INFO - [2025-09-27T23:30:00.476+0100] {dag.py:4180} INFO - Setting next_dagrun for example_subdag_operator.section-1 to None, run_after=None
[2025-09-27T23:30:00.477+0100] {logging_mixin.py:190} INFO - [2025-09-27T23:30:00.477+0100] {dag.py:4180} INFO - Setting next_dagrun for example_subdag_operator.section-2 to None, run_after=None
[2025-09-27T23:30:00.490+0100] {processor.py:208} INFO - Processing /home/engineer/project/airflow_env/lib/python3.12/site-packages/airflow/example_dags/example_subdag_operator.py took 0.066 seconds
[2025-09-27T23:30:46.554+0100] {processor.py:186} INFO - Started process (PID=20954) to work on /home/engineer/project/airflow_env/lib/python3.12/site-packages/airflow/example_dags/example_subdag_operator.py
[2025-09-27T23:30:46.556+0100] {processor.py:914} INFO - Processing file /home/engineer/project/airflow_env/lib/python3.12/site-packages/airflow/example_dags/example_subdag_operator.py for tasks to queue
[2025-09-27T23:30:46.557+0100] {logging_mixin.py:190} INFO - [2025-09-27T23:30:46.557+0100] {dagbag.py:588} INFO - Filling up the DagBag from /home/engineer/project/airflow_env/lib/python3.12/site-packages/airflow/example_dags/example_subdag_operator.py
[2025-09-27T23:30:46.581+0100] {processor.py:925} INFO - DAG(s) 'example_subdag_operator.section-1', 'example_subdag_operator.section-2', 'example_subdag_operator' retrieved from /home/engineer/project/airflow_env/lib/python3.12/site-packages/airflow/example_dags/example_subdag_operator.py
[2025-09-27T23:30:46.593+0100] {logging_mixin.py:190} INFO - [2025-09-27T23:30:46.592+0100] {dag.py:3239} INFO - Sync 3 DAGs
[2025-09-27T23:30:46.608+0100] {logging_mixin.py:190} INFO - [2025-09-27T23:30:46.608+0100] {dag.py:4180} INFO - Setting next_dagrun for example_subdag_operator to 2022-01-01 00:00:00+00:00, run_after=2022-01-01 00:00:00+00:00
[2025-09-27T23:30:46.611+0100] {logging_mixin.py:190} INFO - [2025-09-27T23:30:46.611+0100] {dag.py:4180} INFO - Setting next_dagrun for example_subdag_operator.section-1 to None, run_after=None
[2025-09-27T23:30:46.612+0100] {logging_mixin.py:190} INFO - [2025-09-27T23:30:46.612+0100] {dag.py:4180} INFO - Setting next_dagrun for example_subdag_operator.section-2 to None, run_after=None
[2025-09-27T23:30:46.616+0100] {logging_mixin.py:190} INFO - [2025-09-27T23:30:46.616+0100] {dag.py:3239} INFO - Sync 2 DAGs
[2025-09-27T23:30:46.619+0100] {logging_mixin.py:190} INFO - [2025-09-27T23:30:46.619+0100] {dag.py:4180} INFO - Setting next_dagrun for example_subdag_operator.section-1 to None, run_after=None
[2025-09-27T23:30:46.619+0100] {logging_mixin.py:190} INFO - [2025-09-27T23:30:46.619+0100] {dag.py:4180} INFO - Setting next_dagrun for example_subdag_operator.section-2 to None, run_after=None
[2025-09-27T23:30:46.632+0100] {processor.py:208} INFO - Processing /home/engineer/project/airflow_env/lib/python3.12/site-packages/airflow/example_dags/example_subdag_operator.py took 0.081 seconds
[2025-09-27T23:31:38.437+0100] {processor.py:186} INFO - Started process (PID=21695) to work on /home/engineer/project/airflow_env/lib/python3.12/site-packages/airflow/example_dags/example_subdag_operator.py
[2025-09-27T23:31:38.438+0100] {processor.py:914} INFO - Processing file /home/engineer/project/airflow_env/lib/python3.12/site-packages/airflow/example_dags/example_subdag_operator.py for tasks to queue
[2025-09-27T23:31:38.440+0100] {logging_mixin.py:190} INFO - [2025-09-27T23:31:38.440+0100] {dagbag.py:588} INFO - Filling up the DagBag from /home/engineer/project/airflow_env/lib/python3.12/site-packages/airflow/example_dags/example_subdag_operator.py
[2025-09-27T23:31:38.571+0100] {processor.py:925} INFO - DAG(s) 'example_subdag_operator.section-1', 'example_subdag_operator.section-2', 'example_subdag_operator' retrieved from /home/engineer/project/airflow_env/lib/python3.12/site-packages/airflow/example_dags/example_subdag_operator.py
[2025-09-27T23:31:38.585+0100] {logging_mixin.py:190} INFO - [2025-09-27T23:31:38.585+0100] {dag.py:3239} INFO - Sync 3 DAGs
[2025-09-27T23:31:38.599+0100] {logging_mixin.py:190} INFO - [2025-09-27T23:31:38.598+0100] {dag.py:4180} INFO - Setting next_dagrun for example_subdag_operator to 2022-01-01 00:00:00+00:00, run_after=2022-01-01 00:00:00+00:00
[2025-09-27T23:31:38.601+0100] {logging_mixin.py:190} INFO - [2025-09-27T23:31:38.601+0100] {dag.py:4180} INFO - Setting next_dagrun for example_subdag_operator.section-1 to None, run_after=None
[2025-09-27T23:31:38.602+0100] {logging_mixin.py:190} INFO - [2025-09-27T23:31:38.602+0100] {dag.py:4180} INFO - Setting next_dagrun for example_subdag_operator.section-2 to None, run_after=None
[2025-09-27T23:31:38.606+0100] {logging_mixin.py:190} INFO - [2025-09-27T23:31:38.605+0100] {dag.py:3239} INFO - Sync 2 DAGs
[2025-09-27T23:31:38.608+0100] {logging_mixin.py:190} INFO - [2025-09-27T23:31:38.608+0100] {dag.py:4180} INFO - Setting next_dagrun for example_subdag_operator.section-1 to None, run_after=None
[2025-09-27T23:31:38.608+0100] {logging_mixin.py:190} INFO - [2025-09-27T23:31:38.608+0100] {dag.py:4180} INFO - Setting next_dagrun for example_subdag_operator.section-2 to None, run_after=None
[2025-09-27T23:31:38.626+0100] {processor.py:208} INFO - Processing /home/engineer/project/airflow_env/lib/python3.12/site-packages/airflow/example_dags/example_subdag_operator.py took 0.195 seconds
[2025-09-27T23:32:32.253+0100] {processor.py:186} INFO - Started process (PID=21990) to work on /home/engineer/project/airflow_env/lib/python3.12/site-packages/airflow/example_dags/example_subdag_operator.py
[2025-09-27T23:32:32.260+0100] {processor.py:914} INFO - Processing file /home/engineer/project/airflow_env/lib/python3.12/site-packages/airflow/example_dags/example_subdag_operator.py for tasks to queue
[2025-09-27T23:32:32.261+0100] {logging_mixin.py:190} INFO - [2025-09-27T23:32:32.261+0100] {dagbag.py:588} INFO - Filling up the DagBag from /home/engineer/project/airflow_env/lib/python3.12/site-packages/airflow/example_dags/example_subdag_operator.py
[2025-09-27T23:32:32.278+0100] {processor.py:925} INFO - DAG(s) 'example_subdag_operator.section-1', 'example_subdag_operator.section-2', 'example_subdag_operator' retrieved from /home/engineer/project/airflow_env/lib/python3.12/site-packages/airflow/example_dags/example_subdag_operator.py
[2025-09-27T23:32:32.287+0100] {logging_mixin.py:190} INFO - [2025-09-27T23:32:32.286+0100] {dag.py:3239} INFO - Sync 3 DAGs
[2025-09-27T23:32:32.300+0100] {logging_mixin.py:190} INFO - [2025-09-27T23:32:32.300+0100] {dag.py:4180} INFO - Setting next_dagrun for example_subdag_operator to 2022-01-01 00:00:00+00:00, run_after=2022-01-01 00:00:00+00:00
[2025-09-27T23:32:32.302+0100] {logging_mixin.py:190} INFO - [2025-09-27T23:32:32.302+0100] {dag.py:4180} INFO - Setting next_dagrun for example_subdag_operator.section-1 to None, run_after=None
[2025-09-27T23:32:32.303+0100] {logging_mixin.py:190} INFO - [2025-09-27T23:32:32.302+0100] {dag.py:4180} INFO - Setting next_dagrun for example_subdag_operator.section-2 to None, run_after=None
[2025-09-27T23:32:32.307+0100] {logging_mixin.py:190} INFO - [2025-09-27T23:32:32.306+0100] {dag.py:3239} INFO - Sync 2 DAGs
[2025-09-27T23:32:32.309+0100] {logging_mixin.py:190} INFO - [2025-09-27T23:32:32.309+0100] {dag.py:4180} INFO - Setting next_dagrun for example_subdag_operator.section-1 to None, run_after=None
[2025-09-27T23:32:32.309+0100] {logging_mixin.py:190} INFO - [2025-09-27T23:32:32.309+0100] {dag.py:4180} INFO - Setting next_dagrun for example_subdag_operator.section-2 to None, run_after=None
[2025-09-27T23:32:32.319+0100] {processor.py:208} INFO - Processing /home/engineer/project/airflow_env/lib/python3.12/site-packages/airflow/example_dags/example_subdag_operator.py took 0.070 seconds
[2025-09-27T23:33:20.223+0100] {processor.py:186} INFO - Started process (PID=22184) to work on /home/engineer/project/airflow_env/lib/python3.12/site-packages/airflow/example_dags/example_subdag_operator.py
[2025-09-27T23:33:20.224+0100] {processor.py:914} INFO - Processing file /home/engineer/project/airflow_env/lib/python3.12/site-packages/airflow/example_dags/example_subdag_operator.py for tasks to queue
[2025-09-27T23:33:20.226+0100] {logging_mixin.py:190} INFO - [2025-09-27T23:33:20.225+0100] {dagbag.py:588} INFO - Filling up the DagBag from /home/engineer/project/airflow_env/lib/python3.12/site-packages/airflow/example_dags/example_subdag_operator.py
[2025-09-27T23:33:20.244+0100] {processor.py:925} INFO - DAG(s) 'example_subdag_operator.section-1', 'example_subdag_operator.section-2', 'example_subdag_operator' retrieved from /home/engineer/project/airflow_env/lib/python3.12/site-packages/airflow/example_dags/example_subdag_operator.py
[2025-09-27T23:33:20.255+0100] {logging_mixin.py:190} INFO - [2025-09-27T23:33:20.255+0100] {dag.py:3239} INFO - Sync 3 DAGs
[2025-09-27T23:33:20.272+0100] {logging_mixin.py:190} INFO - [2025-09-27T23:33:20.272+0100] {dag.py:4180} INFO - Setting next_dagrun for example_subdag_operator to 2022-01-01 00:00:00+00:00, run_after=2022-01-01 00:00:00+00:00
[2025-09-27T23:33:20.274+0100] {logging_mixin.py:190} INFO - [2025-09-27T23:33:20.274+0100] {dag.py:4180} INFO - Setting next_dagrun for example_subdag_operator.section-1 to None, run_after=None
[2025-09-27T23:33:20.275+0100] {logging_mixin.py:190} INFO - [2025-09-27T23:33:20.275+0100] {dag.py:4180} INFO - Setting next_dagrun for example_subdag_operator.section-2 to None, run_after=None
[2025-09-27T23:33:20.279+0100] {logging_mixin.py:190} INFO - [2025-09-27T23:33:20.279+0100] {dag.py:3239} INFO - Sync 2 DAGs
[2025-09-27T23:33:20.281+0100] {logging_mixin.py:190} INFO - [2025-09-27T23:33:20.281+0100] {dag.py:4180} INFO - Setting next_dagrun for example_subdag_operator.section-1 to None, run_after=None
[2025-09-27T23:33:20.281+0100] {logging_mixin.py:190} INFO - [2025-09-27T23:33:20.281+0100] {dag.py:4180} INFO - Setting next_dagrun for example_subdag_operator.section-2 to None, run_after=None
[2025-09-27T23:33:20.294+0100] {processor.py:208} INFO - Processing /home/engineer/project/airflow_env/lib/python3.12/site-packages/airflow/example_dags/example_subdag_operator.py took 0.075 seconds
[2025-09-27T23:34:08.147+0100] {processor.py:186} INFO - Started process (PID=22373) to work on /home/engineer/project/airflow_env/lib/python3.12/site-packages/airflow/example_dags/example_subdag_operator.py
[2025-09-27T23:34:08.154+0100] {processor.py:914} INFO - Processing file /home/engineer/project/airflow_env/lib/python3.12/site-packages/airflow/example_dags/example_subdag_operator.py for tasks to queue
[2025-09-27T23:34:08.156+0100] {logging_mixin.py:190} INFO - [2025-09-27T23:34:08.156+0100] {dagbag.py:588} INFO - Filling up the DagBag from /home/engineer/project/airflow_env/lib/python3.12/site-packages/airflow/example_dags/example_subdag_operator.py
[2025-09-27T23:34:08.176+0100] {processor.py:925} INFO - DAG(s) 'example_subdag_operator.section-1', 'example_subdag_operator.section-2', 'example_subdag_operator' retrieved from /home/engineer/project/airflow_env/lib/python3.12/site-packages/airflow/example_dags/example_subdag_operator.py
[2025-09-27T23:34:08.186+0100] {logging_mixin.py:190} INFO - [2025-09-27T23:34:08.186+0100] {dag.py:3239} INFO - Sync 3 DAGs
[2025-09-27T23:34:08.200+0100] {logging_mixin.py:190} INFO - [2025-09-27T23:34:08.200+0100] {dag.py:4180} INFO - Setting next_dagrun for example_subdag_operator to 2022-01-01 00:00:00+00:00, run_after=2022-01-01 00:00:00+00:00
[2025-09-27T23:34:08.203+0100] {logging_mixin.py:190} INFO - [2025-09-27T23:34:08.203+0100] {dag.py:4180} INFO - Setting next_dagrun for example_subdag_operator.section-1 to None, run_after=None
[2025-09-27T23:34:08.203+0100] {logging_mixin.py:190} INFO - [2025-09-27T23:34:08.203+0100] {dag.py:4180} INFO - Setting next_dagrun for example_subdag_operator.section-2 to None, run_after=None
[2025-09-27T23:34:08.207+0100] {logging_mixin.py:190} INFO - [2025-09-27T23:34:08.207+0100] {dag.py:3239} INFO - Sync 2 DAGs
[2025-09-27T23:34:08.210+0100] {logging_mixin.py:190} INFO - [2025-09-27T23:34:08.209+0100] {dag.py:4180} INFO - Setting next_dagrun for example_subdag_operator.section-1 to None, run_after=None
[2025-09-27T23:34:08.210+0100] {logging_mixin.py:190} INFO - [2025-09-27T23:34:08.210+0100] {dag.py:4180} INFO - Setting next_dagrun for example_subdag_operator.section-2 to None, run_after=None
[2025-09-27T23:34:08.222+0100] {processor.py:208} INFO - Processing /home/engineer/project/airflow_env/lib/python3.12/site-packages/airflow/example_dags/example_subdag_operator.py took 0.078 seconds
[2025-09-27T23:34:59.064+0100] {processor.py:186} INFO - Started process (PID=22574) to work on /home/engineer/project/airflow_env/lib/python3.12/site-packages/airflow/example_dags/example_subdag_operator.py
[2025-09-27T23:34:59.071+0100] {processor.py:914} INFO - Processing file /home/engineer/project/airflow_env/lib/python3.12/site-packages/airflow/example_dags/example_subdag_operator.py for tasks to queue
[2025-09-27T23:34:59.072+0100] {logging_mixin.py:190} INFO - [2025-09-27T23:34:59.072+0100] {dagbag.py:588} INFO - Filling up the DagBag from /home/engineer/project/airflow_env/lib/python3.12/site-packages/airflow/example_dags/example_subdag_operator.py
[2025-09-27T23:34:59.089+0100] {processor.py:925} INFO - DAG(s) 'example_subdag_operator.section-1', 'example_subdag_operator.section-2', 'example_subdag_operator' retrieved from /home/engineer/project/airflow_env/lib/python3.12/site-packages/airflow/example_dags/example_subdag_operator.py
[2025-09-27T23:34:59.099+0100] {logging_mixin.py:190} INFO - [2025-09-27T23:34:59.099+0100] {dag.py:3239} INFO - Sync 3 DAGs
[2025-09-27T23:34:59.113+0100] {logging_mixin.py:190} INFO - [2025-09-27T23:34:59.113+0100] {dag.py:4180} INFO - Setting next_dagrun for example_subdag_operator to 2022-01-01 00:00:00+00:00, run_after=2022-01-01 00:00:00+00:00
[2025-09-27T23:34:59.115+0100] {logging_mixin.py:190} INFO - [2025-09-27T23:34:59.115+0100] {dag.py:4180} INFO - Setting next_dagrun for example_subdag_operator.section-1 to None, run_after=None
[2025-09-27T23:34:59.116+0100] {logging_mixin.py:190} INFO - [2025-09-27T23:34:59.116+0100] {dag.py:4180} INFO - Setting next_dagrun for example_subdag_operator.section-2 to None, run_after=None
[2025-09-27T23:34:59.120+0100] {logging_mixin.py:190} INFO - [2025-09-27T23:34:59.120+0100] {dag.py:3239} INFO - Sync 2 DAGs
[2025-09-27T23:34:59.122+0100] {logging_mixin.py:190} INFO - [2025-09-27T23:34:59.122+0100] {dag.py:4180} INFO - Setting next_dagrun for example_subdag_operator.section-1 to None, run_after=None
[2025-09-27T23:34:59.122+0100] {logging_mixin.py:190} INFO - [2025-09-27T23:34:59.122+0100] {dag.py:4180} INFO - Setting next_dagrun for example_subdag_operator.section-2 to None, run_after=None
[2025-09-27T23:34:59.133+0100] {processor.py:208} INFO - Processing /home/engineer/project/airflow_env/lib/python3.12/site-packages/airflow/example_dags/example_subdag_operator.py took 0.073 seconds
[2025-09-27T23:35:47.222+0100] {processor.py:186} INFO - Started process (PID=22763) to work on /home/engineer/project/airflow_env/lib/python3.12/site-packages/airflow/example_dags/example_subdag_operator.py
[2025-09-27T23:35:47.229+0100] {processor.py:914} INFO - Processing file /home/engineer/project/airflow_env/lib/python3.12/site-packages/airflow/example_dags/example_subdag_operator.py for tasks to queue
[2025-09-27T23:35:47.231+0100] {logging_mixin.py:190} INFO - [2025-09-27T23:35:47.230+0100] {dagbag.py:588} INFO - Filling up the DagBag from /home/engineer/project/airflow_env/lib/python3.12/site-packages/airflow/example_dags/example_subdag_operator.py
[2025-09-27T23:35:47.246+0100] {processor.py:925} INFO - DAG(s) 'example_subdag_operator.section-1', 'example_subdag_operator.section-2', 'example_subdag_operator' retrieved from /home/engineer/project/airflow_env/lib/python3.12/site-packages/airflow/example_dags/example_subdag_operator.py
[2025-09-27T23:35:47.255+0100] {logging_mixin.py:190} INFO - [2025-09-27T23:35:47.255+0100] {dag.py:3239} INFO - Sync 3 DAGs
[2025-09-27T23:35:47.268+0100] {logging_mixin.py:190} INFO - [2025-09-27T23:35:47.268+0100] {dag.py:4180} INFO - Setting next_dagrun for example_subdag_operator to 2022-01-01 00:00:00+00:00, run_after=2022-01-01 00:00:00+00:00
[2025-09-27T23:35:47.270+0100] {logging_mixin.py:190} INFO - [2025-09-27T23:35:47.270+0100] {dag.py:4180} INFO - Setting next_dagrun for example_subdag_operator.section-1 to None, run_after=None
[2025-09-27T23:35:47.270+0100] {logging_mixin.py:190} INFO - [2025-09-27T23:35:47.270+0100] {dag.py:4180} INFO - Setting next_dagrun for example_subdag_operator.section-2 to None, run_after=None
[2025-09-27T23:35:47.274+0100] {logging_mixin.py:190} INFO - [2025-09-27T23:35:47.274+0100] {dag.py:3239} INFO - Sync 2 DAGs
[2025-09-27T23:35:47.276+0100] {logging_mixin.py:190} INFO - [2025-09-27T23:35:47.276+0100] {dag.py:4180} INFO - Setting next_dagrun for example_subdag_operator.section-1 to None, run_after=None
[2025-09-27T23:35:47.276+0100] {logging_mixin.py:190} INFO - [2025-09-27T23:35:47.276+0100] {dag.py:4180} INFO - Setting next_dagrun for example_subdag_operator.section-2 to None, run_after=None
[2025-09-27T23:35:47.291+0100] {processor.py:208} INFO - Processing /home/engineer/project/airflow_env/lib/python3.12/site-packages/airflow/example_dags/example_subdag_operator.py took 0.072 seconds
[2025-09-27T23:36:36.737+0100] {processor.py:186} INFO - Started process (PID=22988) to work on /home/engineer/project/airflow_env/lib/python3.12/site-packages/airflow/example_dags/example_subdag_operator.py
[2025-09-27T23:36:36.743+0100] {processor.py:914} INFO - Processing file /home/engineer/project/airflow_env/lib/python3.12/site-packages/airflow/example_dags/example_subdag_operator.py for tasks to queue
[2025-09-27T23:36:36.744+0100] {logging_mixin.py:190} INFO - [2025-09-27T23:36:36.744+0100] {dagbag.py:588} INFO - Filling up the DagBag from /home/engineer/project/airflow_env/lib/python3.12/site-packages/airflow/example_dags/example_subdag_operator.py
[2025-09-27T23:36:36.760+0100] {processor.py:925} INFO - DAG(s) 'example_subdag_operator.section-1', 'example_subdag_operator.section-2', 'example_subdag_operator' retrieved from /home/engineer/project/airflow_env/lib/python3.12/site-packages/airflow/example_dags/example_subdag_operator.py
[2025-09-27T23:36:36.769+0100] {logging_mixin.py:190} INFO - [2025-09-27T23:36:36.769+0100] {dag.py:3239} INFO - Sync 3 DAGs
[2025-09-27T23:36:36.785+0100] {logging_mixin.py:190} INFO - [2025-09-27T23:36:36.785+0100] {dag.py:4180} INFO - Setting next_dagrun for example_subdag_operator to 2022-01-01 00:00:00+00:00, run_after=2022-01-01 00:00:00+00:00
[2025-09-27T23:36:36.787+0100] {logging_mixin.py:190} INFO - [2025-09-27T23:36:36.787+0100] {dag.py:4180} INFO - Setting next_dagrun for example_subdag_operator.section-1 to None, run_after=None
[2025-09-27T23:36:36.787+0100] {logging_mixin.py:190} INFO - [2025-09-27T23:36:36.787+0100] {dag.py:4180} INFO - Setting next_dagrun for example_subdag_operator.section-2 to None, run_after=None
[2025-09-27T23:36:36.791+0100] {logging_mixin.py:190} INFO - [2025-09-27T23:36:36.791+0100] {dag.py:3239} INFO - Sync 2 DAGs
[2025-09-27T23:36:36.794+0100] {logging_mixin.py:190} INFO - [2025-09-27T23:36:36.794+0100] {dag.py:4180} INFO - Setting next_dagrun for example_subdag_operator.section-1 to None, run_after=None
[2025-09-27T23:36:36.794+0100] {logging_mixin.py:190} INFO - [2025-09-27T23:36:36.794+0100] {dag.py:4180} INFO - Setting next_dagrun for example_subdag_operator.section-2 to None, run_after=None
[2025-09-27T23:36:36.805+0100] {processor.py:208} INFO - Processing /home/engineer/project/airflow_env/lib/python3.12/site-packages/airflow/example_dags/example_subdag_operator.py took 0.072 seconds
[2025-09-27T23:37:24.504+0100] {processor.py:186} INFO - Started process (PID=23178) to work on /home/engineer/project/airflow_env/lib/python3.12/site-packages/airflow/example_dags/example_subdag_operator.py
[2025-09-27T23:37:24.506+0100] {processor.py:914} INFO - Processing file /home/engineer/project/airflow_env/lib/python3.12/site-packages/airflow/example_dags/example_subdag_operator.py for tasks to queue
[2025-09-27T23:37:24.507+0100] {logging_mixin.py:190} INFO - [2025-09-27T23:37:24.507+0100] {dagbag.py:588} INFO - Filling up the DagBag from /home/engineer/project/airflow_env/lib/python3.12/site-packages/airflow/example_dags/example_subdag_operator.py
[2025-09-27T23:37:24.523+0100] {processor.py:925} INFO - DAG(s) 'example_subdag_operator.section-1', 'example_subdag_operator.section-2', 'example_subdag_operator' retrieved from /home/engineer/project/airflow_env/lib/python3.12/site-packages/airflow/example_dags/example_subdag_operator.py
[2025-09-27T23:37:24.532+0100] {logging_mixin.py:190} INFO - [2025-09-27T23:37:24.532+0100] {dag.py:3239} INFO - Sync 3 DAGs
[2025-09-27T23:37:24.545+0100] {logging_mixin.py:190} INFO - [2025-09-27T23:37:24.545+0100] {dag.py:4180} INFO - Setting next_dagrun for example_subdag_operator to 2022-01-01 00:00:00+00:00, run_after=2022-01-01 00:00:00+00:00
[2025-09-27T23:37:24.547+0100] {logging_mixin.py:190} INFO - [2025-09-27T23:37:24.547+0100] {dag.py:4180} INFO - Setting next_dagrun for example_subdag_operator.section-1 to None, run_after=None
[2025-09-27T23:37:24.547+0100] {logging_mixin.py:190} INFO - [2025-09-27T23:37:24.547+0100] {dag.py:4180} INFO - Setting next_dagrun for example_subdag_operator.section-2 to None, run_after=None
[2025-09-27T23:37:24.551+0100] {logging_mixin.py:190} INFO - [2025-09-27T23:37:24.551+0100] {dag.py:3239} INFO - Sync 2 DAGs
[2025-09-27T23:37:24.553+0100] {logging_mixin.py:190} INFO - [2025-09-27T23:37:24.553+0100] {dag.py:4180} INFO - Setting next_dagrun for example_subdag_operator.section-1 to None, run_after=None
[2025-09-27T23:37:24.553+0100] {logging_mixin.py:190} INFO - [2025-09-27T23:37:24.553+0100] {dag.py:4180} INFO - Setting next_dagrun for example_subdag_operator.section-2 to None, run_after=None
[2025-09-27T23:37:24.564+0100] {processor.py:208} INFO - Processing /home/engineer/project/airflow_env/lib/python3.12/site-packages/airflow/example_dags/example_subdag_operator.py took 0.064 seconds
[2025-09-27T23:38:50.402+0100] {processor.py:186} INFO - Started process (PID=23420) to work on /home/engineer/project/airflow_env/lib/python3.12/site-packages/airflow/example_dags/example_subdag_operator.py
[2025-09-27T23:38:50.403+0100] {processor.py:914} INFO - Processing file /home/engineer/project/airflow_env/lib/python3.12/site-packages/airflow/example_dags/example_subdag_operator.py for tasks to queue
[2025-09-27T23:38:50.404+0100] {logging_mixin.py:190} INFO - [2025-09-27T23:38:50.404+0100] {dagbag.py:588} INFO - Filling up the DagBag from /home/engineer/project/airflow_env/lib/python3.12/site-packages/airflow/example_dags/example_subdag_operator.py
[2025-09-27T23:38:50.423+0100] {processor.py:925} INFO - DAG(s) 'example_subdag_operator.section-1', 'example_subdag_operator.section-2', 'example_subdag_operator' retrieved from /home/engineer/project/airflow_env/lib/python3.12/site-packages/airflow/example_dags/example_subdag_operator.py
[2025-09-27T23:38:50.433+0100] {logging_mixin.py:190} INFO - [2025-09-27T23:38:50.433+0100] {dag.py:3239} INFO - Sync 3 DAGs
[2025-09-27T23:38:50.451+0100] {logging_mixin.py:190} INFO - [2025-09-27T23:38:50.451+0100] {dag.py:4180} INFO - Setting next_dagrun for example_subdag_operator to 2022-01-01 00:00:00+00:00, run_after=2022-01-01 00:00:00+00:00
[2025-09-27T23:38:50.454+0100] {logging_mixin.py:190} INFO - [2025-09-27T23:38:50.454+0100] {dag.py:4180} INFO - Setting next_dagrun for example_subdag_operator.section-1 to None, run_after=None
[2025-09-27T23:38:50.454+0100] {logging_mixin.py:190} INFO - [2025-09-27T23:38:50.454+0100] {dag.py:4180} INFO - Setting next_dagrun for example_subdag_operator.section-2 to None, run_after=None
[2025-09-27T23:38:50.459+0100] {logging_mixin.py:190} INFO - [2025-09-27T23:38:50.459+0100] {dag.py:3239} INFO - Sync 2 DAGs
[2025-09-27T23:38:50.462+0100] {logging_mixin.py:190} INFO - [2025-09-27T23:38:50.461+0100] {dag.py:4180} INFO - Setting next_dagrun for example_subdag_operator.section-1 to None, run_after=None
[2025-09-27T23:38:50.462+0100] {logging_mixin.py:190} INFO - [2025-09-27T23:38:50.462+0100] {dag.py:4180} INFO - Setting next_dagrun for example_subdag_operator.section-2 to None, run_after=None
[2025-09-27T23:38:50.472+0100] {processor.py:208} INFO - Processing /home/engineer/project/airflow_env/lib/python3.12/site-packages/airflow/example_dags/example_subdag_operator.py took 0.075 seconds
[2025-09-27T23:39:39.999+0100] {processor.py:186} INFO - Started process (PID=23621) to work on /home/engineer/project/airflow_env/lib/python3.12/site-packages/airflow/example_dags/example_subdag_operator.py
[2025-09-27T23:39:40.006+0100] {processor.py:914} INFO - Processing file /home/engineer/project/airflow_env/lib/python3.12/site-packages/airflow/example_dags/example_subdag_operator.py for tasks to queue
[2025-09-27T23:39:40.007+0100] {logging_mixin.py:190} INFO - [2025-09-27T23:39:40.006+0100] {dagbag.py:588} INFO - Filling up the DagBag from /home/engineer/project/airflow_env/lib/python3.12/site-packages/airflow/example_dags/example_subdag_operator.py
[2025-09-27T23:39:40.025+0100] {processor.py:925} INFO - DAG(s) 'example_subdag_operator.section-1', 'example_subdag_operator.section-2', 'example_subdag_operator' retrieved from /home/engineer/project/airflow_env/lib/python3.12/site-packages/airflow/example_dags/example_subdag_operator.py
[2025-09-27T23:39:40.035+0100] {logging_mixin.py:190} INFO - [2025-09-27T23:39:40.034+0100] {dag.py:3239} INFO - Sync 3 DAGs
[2025-09-27T23:39:40.051+0100] {logging_mixin.py:190} INFO - [2025-09-27T23:39:40.051+0100] {dag.py:4180} INFO - Setting next_dagrun for example_subdag_operator to 2022-01-01 00:00:00+00:00, run_after=2022-01-01 00:00:00+00:00
[2025-09-27T23:39:40.053+0100] {logging_mixin.py:190} INFO - [2025-09-27T23:39:40.053+0100] {dag.py:4180} INFO - Setting next_dagrun for example_subdag_operator.section-1 to None, run_after=None
[2025-09-27T23:39:40.054+0100] {logging_mixin.py:190} INFO - [2025-09-27T23:39:40.054+0100] {dag.py:4180} INFO - Setting next_dagrun for example_subdag_operator.section-2 to None, run_after=None
[2025-09-27T23:39:40.058+0100] {logging_mixin.py:190} INFO - [2025-09-27T23:39:40.058+0100] {dag.py:3239} INFO - Sync 2 DAGs
[2025-09-27T23:39:40.061+0100] {logging_mixin.py:190} INFO - [2025-09-27T23:39:40.060+0100] {dag.py:4180} INFO - Setting next_dagrun for example_subdag_operator.section-1 to None, run_after=None
[2025-09-27T23:39:40.061+0100] {logging_mixin.py:190} INFO - [2025-09-27T23:39:40.061+0100] {dag.py:4180} INFO - Setting next_dagrun for example_subdag_operator.section-2 to None, run_after=None
[2025-09-27T23:39:40.072+0100] {processor.py:208} INFO - Processing /home/engineer/project/airflow_env/lib/python3.12/site-packages/airflow/example_dags/example_subdag_operator.py took 0.077 seconds
[2025-09-27T23:40:29.148+0100] {processor.py:186} INFO - Started process (PID=23817) to work on /home/engineer/project/airflow_env/lib/python3.12/site-packages/airflow/example_dags/example_subdag_operator.py
[2025-09-27T23:40:29.150+0100] {processor.py:914} INFO - Processing file /home/engineer/project/airflow_env/lib/python3.12/site-packages/airflow/example_dags/example_subdag_operator.py for tasks to queue
[2025-09-27T23:40:29.151+0100] {logging_mixin.py:190} INFO - [2025-09-27T23:40:29.151+0100] {dagbag.py:588} INFO - Filling up the DagBag from /home/engineer/project/airflow_env/lib/python3.12/site-packages/airflow/example_dags/example_subdag_operator.py
[2025-09-27T23:40:29.177+0100] {processor.py:925} INFO - DAG(s) 'example_subdag_operator.section-1', 'example_subdag_operator.section-2', 'example_subdag_operator' retrieved from /home/engineer/project/airflow_env/lib/python3.12/site-packages/airflow/example_dags/example_subdag_operator.py
[2025-09-27T23:40:29.190+0100] {logging_mixin.py:190} INFO - [2025-09-27T23:40:29.190+0100] {dag.py:3239} INFO - Sync 3 DAGs
[2025-09-27T23:40:29.208+0100] {logging_mixin.py:190} INFO - [2025-09-27T23:40:29.208+0100] {dag.py:4180} INFO - Setting next_dagrun for example_subdag_operator to 2022-01-01 00:00:00+00:00, run_after=2022-01-01 00:00:00+00:00
[2025-09-27T23:40:29.212+0100] {logging_mixin.py:190} INFO - [2025-09-27T23:40:29.212+0100] {dag.py:4180} INFO - Setting next_dagrun for example_subdag_operator.section-1 to None, run_after=None
[2025-09-27T23:40:29.213+0100] {logging_mixin.py:190} INFO - [2025-09-27T23:40:29.213+0100] {dag.py:4180} INFO - Setting next_dagrun for example_subdag_operator.section-2 to None, run_after=None
[2025-09-27T23:40:29.220+0100] {logging_mixin.py:190} INFO - [2025-09-27T23:40:29.219+0100] {dag.py:3239} INFO - Sync 2 DAGs
[2025-09-27T23:40:29.223+0100] {logging_mixin.py:190} INFO - [2025-09-27T23:40:29.223+0100] {dag.py:4180} INFO - Setting next_dagrun for example_subdag_operator.section-1 to None, run_after=None
[2025-09-27T23:40:29.224+0100] {logging_mixin.py:190} INFO - [2025-09-27T23:40:29.224+0100] {dag.py:4180} INFO - Setting next_dagrun for example_subdag_operator.section-2 to None, run_after=None
[2025-09-27T23:40:29.243+0100] {processor.py:208} INFO - Processing /home/engineer/project/airflow_env/lib/python3.12/site-packages/airflow/example_dags/example_subdag_operator.py took 0.101 seconds
[2025-09-27T23:41:18.266+0100] {processor.py:186} INFO - Started process (PID=24012) to work on /home/engineer/project/airflow_env/lib/python3.12/site-packages/airflow/example_dags/example_subdag_operator.py
[2025-09-27T23:41:18.267+0100] {processor.py:914} INFO - Processing file /home/engineer/project/airflow_env/lib/python3.12/site-packages/airflow/example_dags/example_subdag_operator.py for tasks to queue
[2025-09-27T23:41:18.268+0100] {logging_mixin.py:190} INFO - [2025-09-27T23:41:18.268+0100] {dagbag.py:588} INFO - Filling up the DagBag from /home/engineer/project/airflow_env/lib/python3.12/site-packages/airflow/example_dags/example_subdag_operator.py
[2025-09-27T23:41:18.283+0100] {processor.py:925} INFO - DAG(s) 'example_subdag_operator.section-1', 'example_subdag_operator.section-2', 'example_subdag_operator' retrieved from /home/engineer/project/airflow_env/lib/python3.12/site-packages/airflow/example_dags/example_subdag_operator.py
[2025-09-27T23:41:18.293+0100] {logging_mixin.py:190} INFO - [2025-09-27T23:41:18.292+0100] {dag.py:3239} INFO - Sync 3 DAGs
[2025-09-27T23:41:18.308+0100] {logging_mixin.py:190} INFO - [2025-09-27T23:41:18.308+0100] {dag.py:4180} INFO - Setting next_dagrun for example_subdag_operator to 2022-01-01 00:00:00+00:00, run_after=2022-01-01 00:00:00+00:00
[2025-09-27T23:41:18.310+0100] {logging_mixin.py:190} INFO - [2025-09-27T23:41:18.310+0100] {dag.py:4180} INFO - Setting next_dagrun for example_subdag_operator.section-1 to None, run_after=None
[2025-09-27T23:41:18.311+0100] {logging_mixin.py:190} INFO - [2025-09-27T23:41:18.310+0100] {dag.py:4180} INFO - Setting next_dagrun for example_subdag_operator.section-2 to None, run_after=None
[2025-09-27T23:41:18.315+0100] {logging_mixin.py:190} INFO - [2025-09-27T23:41:18.315+0100] {dag.py:3239} INFO - Sync 2 DAGs
[2025-09-27T23:41:18.317+0100] {logging_mixin.py:190} INFO - [2025-09-27T23:41:18.317+0100] {dag.py:4180} INFO - Setting next_dagrun for example_subdag_operator.section-1 to None, run_after=None
[2025-09-27T23:41:18.317+0100] {logging_mixin.py:190} INFO - [2025-09-27T23:41:18.317+0100] {dag.py:4180} INFO - Setting next_dagrun for example_subdag_operator.section-2 to None, run_after=None
[2025-09-27T23:41:18.330+0100] {processor.py:208} INFO - Processing /home/engineer/project/airflow_env/lib/python3.12/site-packages/airflow/example_dags/example_subdag_operator.py took 0.068 seconds
[2025-09-27T23:42:09.156+0100] {processor.py:186} INFO - Started process (PID=24233) to work on /home/engineer/project/airflow_env/lib/python3.12/site-packages/airflow/example_dags/example_subdag_operator.py
[2025-09-27T23:42:09.163+0100] {processor.py:914} INFO - Processing file /home/engineer/project/airflow_env/lib/python3.12/site-packages/airflow/example_dags/example_subdag_operator.py for tasks to queue
[2025-09-27T23:42:09.165+0100] {logging_mixin.py:190} INFO - [2025-09-27T23:42:09.164+0100] {dagbag.py:588} INFO - Filling up the DagBag from /home/engineer/project/airflow_env/lib/python3.12/site-packages/airflow/example_dags/example_subdag_operator.py
[2025-09-27T23:42:09.189+0100] {processor.py:925} INFO - DAG(s) 'example_subdag_operator.section-1', 'example_subdag_operator.section-2', 'example_subdag_operator' retrieved from /home/engineer/project/airflow_env/lib/python3.12/site-packages/airflow/example_dags/example_subdag_operator.py
[2025-09-27T23:42:09.203+0100] {logging_mixin.py:190} INFO - [2025-09-27T23:42:09.203+0100] {dag.py:3239} INFO - Sync 3 DAGs
[2025-09-27T23:42:09.221+0100] {logging_mixin.py:190} INFO - [2025-09-27T23:42:09.221+0100] {dag.py:4180} INFO - Setting next_dagrun for example_subdag_operator to 2022-01-01 00:00:00+00:00, run_after=2022-01-01 00:00:00+00:00
[2025-09-27T23:42:09.224+0100] {logging_mixin.py:190} INFO - [2025-09-27T23:42:09.223+0100] {dag.py:4180} INFO - Setting next_dagrun for example_subdag_operator.section-1 to None, run_after=None
[2025-09-27T23:42:09.225+0100] {logging_mixin.py:190} INFO - [2025-09-27T23:42:09.224+0100] {dag.py:4180} INFO - Setting next_dagrun for example_subdag_operator.section-2 to None, run_after=None
[2025-09-27T23:42:09.233+0100] {logging_mixin.py:190} INFO - [2025-09-27T23:42:09.233+0100] {dag.py:3239} INFO - Sync 2 DAGs
[2025-09-27T23:42:09.238+0100] {logging_mixin.py:190} INFO - [2025-09-27T23:42:09.238+0100] {dag.py:4180} INFO - Setting next_dagrun for example_subdag_operator.section-1 to None, run_after=None
[2025-09-27T23:42:09.238+0100] {logging_mixin.py:190} INFO - [2025-09-27T23:42:09.238+0100] {dag.py:4180} INFO - Setting next_dagrun for example_subdag_operator.section-2 to None, run_after=None
[2025-09-27T23:42:09.252+0100] {processor.py:208} INFO - Processing /home/engineer/project/airflow_env/lib/python3.12/site-packages/airflow/example_dags/example_subdag_operator.py took 0.101 seconds
[2025-09-27T23:42:58.742+0100] {processor.py:186} INFO - Started process (PID=24436) to work on /home/engineer/project/airflow_env/lib/python3.12/site-packages/airflow/example_dags/example_subdag_operator.py
[2025-09-27T23:42:58.746+0100] {processor.py:914} INFO - Processing file /home/engineer/project/airflow_env/lib/python3.12/site-packages/airflow/example_dags/example_subdag_operator.py for tasks to queue
[2025-09-27T23:42:58.748+0100] {logging_mixin.py:190} INFO - [2025-09-27T23:42:58.747+0100] {dagbag.py:588} INFO - Filling up the DagBag from /home/engineer/project/airflow_env/lib/python3.12/site-packages/airflow/example_dags/example_subdag_operator.py
[2025-09-27T23:42:58.774+0100] {processor.py:925} INFO - DAG(s) 'example_subdag_operator.section-1', 'example_subdag_operator.section-2', 'example_subdag_operator' retrieved from /home/engineer/project/airflow_env/lib/python3.12/site-packages/airflow/example_dags/example_subdag_operator.py
[2025-09-27T23:42:58.788+0100] {logging_mixin.py:190} INFO - [2025-09-27T23:42:58.787+0100] {dag.py:3239} INFO - Sync 3 DAGs
[2025-09-27T23:42:58.811+0100] {logging_mixin.py:190} INFO - [2025-09-27T23:42:58.811+0100] {dag.py:4180} INFO - Setting next_dagrun for example_subdag_operator to 2022-01-01 00:00:00+00:00, run_after=2022-01-01 00:00:00+00:00
[2025-09-27T23:42:58.814+0100] {logging_mixin.py:190} INFO - [2025-09-27T23:42:58.814+0100] {dag.py:4180} INFO - Setting next_dagrun for example_subdag_operator.section-1 to None, run_after=None
[2025-09-27T23:42:58.815+0100] {logging_mixin.py:190} INFO - [2025-09-27T23:42:58.815+0100] {dag.py:4180} INFO - Setting next_dagrun for example_subdag_operator.section-2 to None, run_after=None
[2025-09-27T23:42:58.823+0100] {logging_mixin.py:190} INFO - [2025-09-27T23:42:58.822+0100] {dag.py:3239} INFO - Sync 2 DAGs
[2025-09-27T23:42:58.828+0100] {logging_mixin.py:190} INFO - [2025-09-27T23:42:58.827+0100] {dag.py:4180} INFO - Setting next_dagrun for example_subdag_operator.section-1 to None, run_after=None
[2025-09-27T23:42:58.828+0100] {logging_mixin.py:190} INFO - [2025-09-27T23:42:58.828+0100] {dag.py:4180} INFO - Setting next_dagrun for example_subdag_operator.section-2 to None, run_after=None
[2025-09-27T23:42:58.842+0100] {processor.py:208} INFO - Processing /home/engineer/project/airflow_env/lib/python3.12/site-packages/airflow/example_dags/example_subdag_operator.py took 0.106 seconds
[2025-09-27T23:43:50.978+0100] {processor.py:186} INFO - Started process (PID=24703) to work on /home/engineer/project/airflow_env/lib/python3.12/site-packages/airflow/example_dags/example_subdag_operator.py
[2025-09-27T23:43:50.980+0100] {processor.py:914} INFO - Processing file /home/engineer/project/airflow_env/lib/python3.12/site-packages/airflow/example_dags/example_subdag_operator.py for tasks to queue
[2025-09-27T23:43:50.981+0100] {logging_mixin.py:190} INFO - [2025-09-27T23:43:50.981+0100] {dagbag.py:588} INFO - Filling up the DagBag from /home/engineer/project/airflow_env/lib/python3.12/site-packages/airflow/example_dags/example_subdag_operator.py
[2025-09-27T23:43:50.999+0100] {processor.py:925} INFO - DAG(s) 'example_subdag_operator.section-1', 'example_subdag_operator.section-2', 'example_subdag_operator' retrieved from /home/engineer/project/airflow_env/lib/python3.12/site-packages/airflow/example_dags/example_subdag_operator.py
[2025-09-27T23:43:51.010+0100] {logging_mixin.py:190} INFO - [2025-09-27T23:43:51.009+0100] {dag.py:3239} INFO - Sync 3 DAGs
[2025-09-27T23:43:51.026+0100] {logging_mixin.py:190} INFO - [2025-09-27T23:43:51.026+0100] {dag.py:4180} INFO - Setting next_dagrun for example_subdag_operator to 2022-01-01 00:00:00+00:00, run_after=2022-01-01 00:00:00+00:00
[2025-09-27T23:43:51.028+0100] {logging_mixin.py:190} INFO - [2025-09-27T23:43:51.028+0100] {dag.py:4180} INFO - Setting next_dagrun for example_subdag_operator.section-1 to None, run_after=None
[2025-09-27T23:43:51.029+0100] {logging_mixin.py:190} INFO - [2025-09-27T23:43:51.029+0100] {dag.py:4180} INFO - Setting next_dagrun for example_subdag_operator.section-2 to None, run_after=None
[2025-09-27T23:43:51.033+0100] {logging_mixin.py:190} INFO - [2025-09-27T23:43:51.033+0100] {dag.py:3239} INFO - Sync 2 DAGs
[2025-09-27T23:43:51.035+0100] {logging_mixin.py:190} INFO - [2025-09-27T23:43:51.035+0100] {dag.py:4180} INFO - Setting next_dagrun for example_subdag_operator.section-1 to None, run_after=None
[2025-09-27T23:43:51.035+0100] {logging_mixin.py:190} INFO - [2025-09-27T23:43:51.035+0100] {dag.py:4180} INFO - Setting next_dagrun for example_subdag_operator.section-2 to None, run_after=None
[2025-09-27T23:43:51.047+0100] {processor.py:208} INFO - Processing /home/engineer/project/airflow_env/lib/python3.12/site-packages/airflow/example_dags/example_subdag_operator.py took 0.072 seconds
