[2025-09-27T23:27:06.417+0100] {processor.py:186} INFO - Started process (PID=19943) to work on /home/engineer/project/airflow_env/lib/python3.12/site-packages/airflow/example_dags/example_dataset_alias.py
[2025-09-27T23:27:06.417+0100] {processor.py:914} INFO - Processing file /home/engineer/project/airflow_env/lib/python3.12/site-packages/airflow/example_dags/example_dataset_alias.py for tasks to queue
[2025-09-27T23:27:06.420+0100] {logging_mixin.py:190} INFO - [2025-09-27T23:27:06.419+0100] {dagbag.py:588} INFO - Filling up the DagBag from /home/engineer/project/airflow_env/lib/python3.12/site-packages/airflow/example_dags/example_dataset_alias.py
[2025-09-27T23:27:06.437+0100] {processor.py:925} INFO - DAG(s) 'dataset_alias_example_alias_consumer', 'dataset_s3_bucket_producer', 'dataset_alias_example_alias_producer', 'dataset_s3_bucket_consumer' retrieved from /home/engineer/project/airflow_env/lib/python3.12/site-packages/airflow/example_dags/example_dataset_alias.py
[2025-09-27T23:27:06.527+0100] {logging_mixin.py:190} INFO - [2025-09-27T23:27:06.525+0100] {override.py:1900} INFO - Created Permission View: can delete on DAG:dataset_alias_example_alias_consumer
[2025-09-27T23:27:06.536+0100] {logging_mixin.py:190} INFO - [2025-09-27T23:27:06.536+0100] {override.py:1900} INFO - Created Permission View: can read on DAG:dataset_alias_example_alias_consumer
[2025-09-27T23:27:06.544+0100] {logging_mixin.py:190} INFO - [2025-09-27T23:27:06.543+0100] {override.py:1900} INFO - Created Permission View: can edit on DAG:dataset_alias_example_alias_consumer
[2025-09-27T23:27:06.560+0100] {logging_mixin.py:190} INFO - [2025-09-27T23:27:06.560+0100] {override.py:1900} INFO - Created Permission View: can delete on DAG Run:dataset_alias_example_alias_consumer
[2025-09-27T23:27:06.570+0100] {logging_mixin.py:190} INFO - [2025-09-27T23:27:06.570+0100] {override.py:1900} INFO - Created Permission View: can read on DAG Run:dataset_alias_example_alias_consumer
[2025-09-27T23:27:06.578+0100] {logging_mixin.py:190} INFO - [2025-09-27T23:27:06.578+0100] {override.py:1900} INFO - Created Permission View: can create on DAG Run:dataset_alias_example_alias_consumer
[2025-09-27T23:27:06.585+0100] {logging_mixin.py:190} INFO - [2025-09-27T23:27:06.585+0100] {override.py:1900} INFO - Created Permission View: menu access on DAG Run:dataset_alias_example_alias_consumer
[2025-09-27T23:27:06.601+0100] {logging_mixin.py:190} INFO - [2025-09-27T23:27:06.601+0100] {override.py:1900} INFO - Created Permission View: can delete on DAG:dataset_s3_bucket_producer
[2025-09-27T23:27:06.608+0100] {logging_mixin.py:190} INFO - [2025-09-27T23:27:06.608+0100] {override.py:1900} INFO - Created Permission View: can read on DAG:dataset_s3_bucket_producer
[2025-09-27T23:27:06.615+0100] {logging_mixin.py:190} INFO - [2025-09-27T23:27:06.615+0100] {override.py:1900} INFO - Created Permission View: can edit on DAG:dataset_s3_bucket_producer
[2025-09-27T23:27:06.626+0100] {logging_mixin.py:190} INFO - [2025-09-27T23:27:06.625+0100] {override.py:1900} INFO - Created Permission View: can delete on DAG Run:dataset_s3_bucket_producer
[2025-09-27T23:27:06.631+0100] {logging_mixin.py:190} INFO - [2025-09-27T23:27:06.631+0100] {override.py:1900} INFO - Created Permission View: can read on DAG Run:dataset_s3_bucket_producer
[2025-09-27T23:27:06.637+0100] {logging_mixin.py:190} INFO - [2025-09-27T23:27:06.636+0100] {override.py:1900} INFO - Created Permission View: can create on DAG Run:dataset_s3_bucket_producer
[2025-09-27T23:27:06.648+0100] {logging_mixin.py:190} INFO - [2025-09-27T23:27:06.648+0100] {override.py:1900} INFO - Created Permission View: menu access on DAG Run:dataset_s3_bucket_producer
[2025-09-27T23:27:06.676+0100] {logging_mixin.py:190} INFO - [2025-09-27T23:27:06.676+0100] {override.py:1900} INFO - Created Permission View: can delete on DAG:dataset_alias_example_alias_producer
[2025-09-27T23:27:06.685+0100] {logging_mixin.py:190} INFO - [2025-09-27T23:27:06.685+0100] {override.py:1900} INFO - Created Permission View: can read on DAG:dataset_alias_example_alias_producer
[2025-09-27T23:27:06.692+0100] {logging_mixin.py:190} INFO - [2025-09-27T23:27:06.692+0100] {override.py:1900} INFO - Created Permission View: can edit on DAG:dataset_alias_example_alias_producer
[2025-09-27T23:27:06.702+0100] {logging_mixin.py:190} INFO - [2025-09-27T23:27:06.702+0100] {override.py:1900} INFO - Created Permission View: can delete on DAG Run:dataset_alias_example_alias_producer
[2025-09-27T23:27:06.709+0100] {logging_mixin.py:190} INFO - [2025-09-27T23:27:06.709+0100] {override.py:1900} INFO - Created Permission View: can read on DAG Run:dataset_alias_example_alias_producer
[2025-09-27T23:27:06.718+0100] {logging_mixin.py:190} INFO - [2025-09-27T23:27:06.717+0100] {override.py:1900} INFO - Created Permission View: can create on DAG Run:dataset_alias_example_alias_producer
[2025-09-27T23:27:06.725+0100] {logging_mixin.py:190} INFO - [2025-09-27T23:27:06.725+0100] {override.py:1900} INFO - Created Permission View: menu access on DAG Run:dataset_alias_example_alias_producer
[2025-09-27T23:27:06.742+0100] {logging_mixin.py:190} INFO - [2025-09-27T23:27:06.741+0100] {override.py:1900} INFO - Created Permission View: can delete on DAG:dataset_s3_bucket_consumer
[2025-09-27T23:27:06.748+0100] {logging_mixin.py:190} INFO - [2025-09-27T23:27:06.747+0100] {override.py:1900} INFO - Created Permission View: can read on DAG:dataset_s3_bucket_consumer
[2025-09-27T23:27:06.753+0100] {logging_mixin.py:190} INFO - [2025-09-27T23:27:06.753+0100] {override.py:1900} INFO - Created Permission View: can edit on DAG:dataset_s3_bucket_consumer
[2025-09-27T23:27:06.763+0100] {logging_mixin.py:190} INFO - [2025-09-27T23:27:06.763+0100] {override.py:1900} INFO - Created Permission View: can delete on DAG Run:dataset_s3_bucket_consumer
[2025-09-27T23:27:06.769+0100] {logging_mixin.py:190} INFO - [2025-09-27T23:27:06.769+0100] {override.py:1900} INFO - Created Permission View: can read on DAG Run:dataset_s3_bucket_consumer
[2025-09-27T23:27:06.776+0100] {logging_mixin.py:190} INFO - [2025-09-27T23:27:06.776+0100] {override.py:1900} INFO - Created Permission View: can create on DAG Run:dataset_s3_bucket_consumer
[2025-09-27T23:27:06.782+0100] {logging_mixin.py:190} INFO - [2025-09-27T23:27:06.782+0100] {override.py:1900} INFO - Created Permission View: menu access on DAG Run:dataset_s3_bucket_consumer
[2025-09-27T23:27:06.783+0100] {logging_mixin.py:190} INFO - [2025-09-27T23:27:06.782+0100] {dag.py:3239} INFO - Sync 4 DAGs
[2025-09-27T23:27:06.794+0100] {logging_mixin.py:190} INFO - [2025-09-27T23:27:06.793+0100] {dag.py:3262} INFO - Creating ORM DAG for dataset_s3_bucket_consumer
[2025-09-27T23:27:06.794+0100] {logging_mixin.py:190} INFO - [2025-09-27T23:27:06.794+0100] {dag.py:3262} INFO - Creating ORM DAG for dataset_alias_example_alias_producer
[2025-09-27T23:27:06.794+0100] {logging_mixin.py:190} INFO - [2025-09-27T23:27:06.794+0100] {dag.py:3262} INFO - Creating ORM DAG for dataset_s3_bucket_producer
[2025-09-27T23:27:06.795+0100] {logging_mixin.py:190} INFO - [2025-09-27T23:27:06.795+0100] {dag.py:3262} INFO - Creating ORM DAG for dataset_alias_example_alias_consumer
[2025-09-27T23:27:06.802+0100] {logging_mixin.py:190} INFO - [2025-09-27T23:27:06.801+0100] {dag.py:4180} INFO - Setting next_dagrun for dataset_alias_example_alias_consumer to None, run_after=None
[2025-09-27T23:27:06.802+0100] {logging_mixin.py:190} INFO - [2025-09-27T23:27:06.802+0100] {dag.py:4180} INFO - Setting next_dagrun for dataset_alias_example_alias_producer to None, run_after=None
[2025-09-27T23:27:06.803+0100] {logging_mixin.py:190} INFO - [2025-09-27T23:27:06.803+0100] {dag.py:4180} INFO - Setting next_dagrun for dataset_s3_bucket_consumer to None, run_after=None
[2025-09-27T23:27:06.803+0100] {logging_mixin.py:190} INFO - [2025-09-27T23:27:06.803+0100] {dag.py:4180} INFO - Setting next_dagrun for dataset_s3_bucket_producer to None, run_after=None
[2025-09-27T23:27:06.833+0100] {processor.py:208} INFO - Processing /home/engineer/project/airflow_env/lib/python3.12/site-packages/airflow/example_dags/example_dataset_alias.py took 0.422 seconds
[2025-09-27T23:28:03.620+0100] {processor.py:186} INFO - Started process (PID=20228) to work on /home/engineer/project/airflow_env/lib/python3.12/site-packages/airflow/example_dags/example_dataset_alias.py
[2025-09-27T23:28:03.628+0100] {processor.py:914} INFO - Processing file /home/engineer/project/airflow_env/lib/python3.12/site-packages/airflow/example_dags/example_dataset_alias.py for tasks to queue
[2025-09-27T23:28:03.629+0100] {logging_mixin.py:190} INFO - [2025-09-27T23:28:03.629+0100] {dagbag.py:588} INFO - Filling up the DagBag from /home/engineer/project/airflow_env/lib/python3.12/site-packages/airflow/example_dags/example_dataset_alias.py
[2025-09-27T23:28:03.646+0100] {processor.py:925} INFO - DAG(s) 'dataset_s3_bucket_producer', 'dataset_alias_example_alias_producer', 'dataset_alias_example_alias_consumer', 'dataset_s3_bucket_consumer' retrieved from /home/engineer/project/airflow_env/lib/python3.12/site-packages/airflow/example_dags/example_dataset_alias.py
[2025-09-27T23:28:03.657+0100] {logging_mixin.py:190} INFO - [2025-09-27T23:28:03.657+0100] {dag.py:3239} INFO - Sync 4 DAGs
[2025-09-27T23:28:03.668+0100] {logging_mixin.py:190} INFO - [2025-09-27T23:28:03.668+0100] {dag.py:4180} INFO - Setting next_dagrun for dataset_alias_example_alias_consumer to None, run_after=None
[2025-09-27T23:28:03.669+0100] {logging_mixin.py:190} INFO - [2025-09-27T23:28:03.669+0100] {dag.py:4180} INFO - Setting next_dagrun for dataset_alias_example_alias_producer to None, run_after=None
[2025-09-27T23:28:03.670+0100] {logging_mixin.py:190} INFO - [2025-09-27T23:28:03.670+0100] {dag.py:4180} INFO - Setting next_dagrun for dataset_s3_bucket_consumer to None, run_after=None
[2025-09-27T23:28:03.670+0100] {logging_mixin.py:190} INFO - [2025-09-27T23:28:03.670+0100] {dag.py:4180} INFO - Setting next_dagrun for dataset_s3_bucket_producer to None, run_after=None
[2025-09-27T23:28:03.687+0100] {processor.py:208} INFO - Processing /home/engineer/project/airflow_env/lib/python3.12/site-packages/airflow/example_dags/example_dataset_alias.py took 0.071 seconds
[2025-09-27T23:28:56.830+0100] {processor.py:186} INFO - Started process (PID=20440) to work on /home/engineer/project/airflow_env/lib/python3.12/site-packages/airflow/example_dags/example_dataset_alias.py
[2025-09-27T23:28:56.831+0100] {processor.py:914} INFO - Processing file /home/engineer/project/airflow_env/lib/python3.12/site-packages/airflow/example_dags/example_dataset_alias.py for tasks to queue
[2025-09-27T23:28:56.833+0100] {logging_mixin.py:190} INFO - [2025-09-27T23:28:56.833+0100] {dagbag.py:588} INFO - Filling up the DagBag from /home/engineer/project/airflow_env/lib/python3.12/site-packages/airflow/example_dags/example_dataset_alias.py
[2025-09-27T23:28:56.850+0100] {processor.py:925} INFO - DAG(s) 'dataset_alias_example_alias_consumer', 'dataset_alias_example_alias_producer', 'dataset_s3_bucket_consumer', 'dataset_s3_bucket_producer' retrieved from /home/engineer/project/airflow_env/lib/python3.12/site-packages/airflow/example_dags/example_dataset_alias.py
[2025-09-27T23:28:56.860+0100] {logging_mixin.py:190} INFO - [2025-09-27T23:28:56.860+0100] {dag.py:3239} INFO - Sync 4 DAGs
[2025-09-27T23:28:56.873+0100] {logging_mixin.py:190} INFO - [2025-09-27T23:28:56.873+0100] {dag.py:4180} INFO - Setting next_dagrun for dataset_alias_example_alias_consumer to None, run_after=None
[2025-09-27T23:28:56.875+0100] {logging_mixin.py:190} INFO - [2025-09-27T23:28:56.875+0100] {dag.py:4180} INFO - Setting next_dagrun for dataset_alias_example_alias_producer to None, run_after=None
[2025-09-27T23:28:56.875+0100] {logging_mixin.py:190} INFO - [2025-09-27T23:28:56.875+0100] {dag.py:4180} INFO - Setting next_dagrun for dataset_s3_bucket_consumer to None, run_after=None
[2025-09-27T23:28:56.876+0100] {logging_mixin.py:190} INFO - [2025-09-27T23:28:56.875+0100] {dag.py:4180} INFO - Setting next_dagrun for dataset_s3_bucket_producer to None, run_after=None
[2025-09-27T23:28:56.896+0100] {processor.py:208} INFO - Processing /home/engineer/project/airflow_env/lib/python3.12/site-packages/airflow/example_dags/example_dataset_alias.py took 0.069 seconds
[2025-09-27T23:30:04.671+0100] {processor.py:186} INFO - Started process (PID=20718) to work on /home/engineer/project/airflow_env/lib/python3.12/site-packages/airflow/example_dags/example_dataset_alias.py
[2025-09-27T23:30:04.678+0100] {processor.py:914} INFO - Processing file /home/engineer/project/airflow_env/lib/python3.12/site-packages/airflow/example_dags/example_dataset_alias.py for tasks to queue
[2025-09-27T23:30:04.679+0100] {logging_mixin.py:190} INFO - [2025-09-27T23:30:04.679+0100] {dagbag.py:588} INFO - Filling up the DagBag from /home/engineer/project/airflow_env/lib/python3.12/site-packages/airflow/example_dags/example_dataset_alias.py
[2025-09-27T23:30:04.697+0100] {processor.py:925} INFO - DAG(s) 'dataset_alias_example_alias_consumer', 'dataset_s3_bucket_producer', 'dataset_alias_example_alias_producer', 'dataset_s3_bucket_consumer' retrieved from /home/engineer/project/airflow_env/lib/python3.12/site-packages/airflow/example_dags/example_dataset_alias.py
[2025-09-27T23:30:04.708+0100] {logging_mixin.py:190} INFO - [2025-09-27T23:30:04.708+0100] {dag.py:3239} INFO - Sync 4 DAGs
[2025-09-27T23:30:04.720+0100] {logging_mixin.py:190} INFO - [2025-09-27T23:30:04.720+0100] {dag.py:4180} INFO - Setting next_dagrun for dataset_alias_example_alias_consumer to None, run_after=None
[2025-09-27T23:30:04.721+0100] {logging_mixin.py:190} INFO - [2025-09-27T23:30:04.721+0100] {dag.py:4180} INFO - Setting next_dagrun for dataset_alias_example_alias_producer to None, run_after=None
[2025-09-27T23:30:04.722+0100] {logging_mixin.py:190} INFO - [2025-09-27T23:30:04.722+0100] {dag.py:4180} INFO - Setting next_dagrun for dataset_s3_bucket_consumer to None, run_after=None
[2025-09-27T23:30:04.722+0100] {logging_mixin.py:190} INFO - [2025-09-27T23:30:04.722+0100] {dag.py:4180} INFO - Setting next_dagrun for dataset_s3_bucket_producer to None, run_after=None
[2025-09-27T23:30:04.740+0100] {processor.py:208} INFO - Processing /home/engineer/project/airflow_env/lib/python3.12/site-packages/airflow/example_dags/example_dataset_alias.py took 0.073 seconds
[2025-09-27T23:31:17.455+0100] {processor.py:186} INFO - Started process (PID=21594) to work on /home/engineer/project/airflow_env/lib/python3.12/site-packages/airflow/example_dags/example_dataset_alias.py
[2025-09-27T23:31:17.456+0100] {processor.py:914} INFO - Processing file /home/engineer/project/airflow_env/lib/python3.12/site-packages/airflow/example_dags/example_dataset_alias.py for tasks to queue
[2025-09-27T23:31:17.458+0100] {logging_mixin.py:190} INFO - [2025-09-27T23:31:17.458+0100] {dagbag.py:588} INFO - Filling up the DagBag from /home/engineer/project/airflow_env/lib/python3.12/site-packages/airflow/example_dags/example_dataset_alias.py
[2025-09-27T23:31:17.478+0100] {processor.py:925} INFO - DAG(s) 'dataset_s3_bucket_producer', 'dataset_s3_bucket_consumer', 'dataset_alias_example_alias_consumer', 'dataset_alias_example_alias_producer' retrieved from /home/engineer/project/airflow_env/lib/python3.12/site-packages/airflow/example_dags/example_dataset_alias.py
[2025-09-27T23:31:17.491+0100] {logging_mixin.py:190} INFO - [2025-09-27T23:31:17.491+0100] {dag.py:3239} INFO - Sync 4 DAGs
[2025-09-27T23:31:17.595+0100] {logging_mixin.py:190} INFO - [2025-09-27T23:31:17.595+0100] {dag.py:4180} INFO - Setting next_dagrun for dataset_alias_example_alias_consumer to None, run_after=None
[2025-09-27T23:31:17.596+0100] {logging_mixin.py:190} INFO - [2025-09-27T23:31:17.596+0100] {dag.py:4180} INFO - Setting next_dagrun for dataset_alias_example_alias_producer to None, run_after=None
[2025-09-27T23:31:17.597+0100] {logging_mixin.py:190} INFO - [2025-09-27T23:31:17.597+0100] {dag.py:4180} INFO - Setting next_dagrun for dataset_s3_bucket_consumer to None, run_after=None
[2025-09-27T23:31:17.598+0100] {logging_mixin.py:190} INFO - [2025-09-27T23:31:17.597+0100] {dag.py:4180} INFO - Setting next_dagrun for dataset_s3_bucket_producer to None, run_after=None
[2025-09-27T23:31:17.614+0100] {processor.py:208} INFO - Processing /home/engineer/project/airflow_env/lib/python3.12/site-packages/airflow/example_dags/example_dataset_alias.py took 0.165 seconds
[2025-09-27T23:32:14.567+0100] {processor.py:186} INFO - Started process (PID=21922) to work on /home/engineer/project/airflow_env/lib/python3.12/site-packages/airflow/example_dags/example_dataset_alias.py
[2025-09-27T23:32:14.574+0100] {processor.py:914} INFO - Processing file /home/engineer/project/airflow_env/lib/python3.12/site-packages/airflow/example_dags/example_dataset_alias.py for tasks to queue
[2025-09-27T23:32:14.576+0100] {logging_mixin.py:190} INFO - [2025-09-27T23:32:14.576+0100] {dagbag.py:588} INFO - Filling up the DagBag from /home/engineer/project/airflow_env/lib/python3.12/site-packages/airflow/example_dags/example_dataset_alias.py
[2025-09-27T23:32:14.597+0100] {processor.py:925} INFO - DAG(s) 'dataset_s3_bucket_producer', 'dataset_alias_example_alias_producer', 'dataset_alias_example_alias_consumer', 'dataset_s3_bucket_consumer' retrieved from /home/engineer/project/airflow_env/lib/python3.12/site-packages/airflow/example_dags/example_dataset_alias.py
[2025-09-27T23:32:14.611+0100] {logging_mixin.py:190} INFO - [2025-09-27T23:32:14.611+0100] {dag.py:3239} INFO - Sync 4 DAGs
[2025-09-27T23:32:14.625+0100] {logging_mixin.py:190} INFO - [2025-09-27T23:32:14.625+0100] {dag.py:4180} INFO - Setting next_dagrun for dataset_alias_example_alias_consumer to None, run_after=None
[2025-09-27T23:32:14.626+0100] {logging_mixin.py:190} INFO - [2025-09-27T23:32:14.626+0100] {dag.py:4180} INFO - Setting next_dagrun for dataset_alias_example_alias_producer to None, run_after=None
[2025-09-27T23:32:14.627+0100] {logging_mixin.py:190} INFO - [2025-09-27T23:32:14.627+0100] {dag.py:4180} INFO - Setting next_dagrun for dataset_s3_bucket_consumer to None, run_after=None
[2025-09-27T23:32:14.627+0100] {logging_mixin.py:190} INFO - [2025-09-27T23:32:14.627+0100] {dag.py:4180} INFO - Setting next_dagrun for dataset_s3_bucket_producer to None, run_after=None
[2025-09-27T23:32:14.644+0100] {processor.py:208} INFO - Processing /home/engineer/project/airflow_env/lib/python3.12/site-packages/airflow/example_dags/example_dataset_alias.py took 0.081 seconds
[2025-09-27T23:33:24.350+0100] {processor.py:186} INFO - Started process (PID=22201) to work on /home/engineer/project/airflow_env/lib/python3.12/site-packages/airflow/example_dags/example_dataset_alias.py
[2025-09-27T23:33:24.357+0100] {processor.py:914} INFO - Processing file /home/engineer/project/airflow_env/lib/python3.12/site-packages/airflow/example_dags/example_dataset_alias.py for tasks to queue
[2025-09-27T23:33:24.358+0100] {logging_mixin.py:190} INFO - [2025-09-27T23:33:24.358+0100] {dagbag.py:588} INFO - Filling up the DagBag from /home/engineer/project/airflow_env/lib/python3.12/site-packages/airflow/example_dags/example_dataset_alias.py
[2025-09-27T23:33:24.377+0100] {processor.py:925} INFO - DAG(s) 'dataset_alias_example_alias_consumer', 'dataset_alias_example_alias_producer', 'dataset_s3_bucket_consumer', 'dataset_s3_bucket_producer' retrieved from /home/engineer/project/airflow_env/lib/python3.12/site-packages/airflow/example_dags/example_dataset_alias.py
[2025-09-27T23:33:24.390+0100] {logging_mixin.py:190} INFO - [2025-09-27T23:33:24.389+0100] {dag.py:3239} INFO - Sync 4 DAGs
[2025-09-27T23:33:24.404+0100] {logging_mixin.py:190} INFO - [2025-09-27T23:33:24.404+0100] {dag.py:4180} INFO - Setting next_dagrun for dataset_alias_example_alias_consumer to None, run_after=None
[2025-09-27T23:33:24.405+0100] {logging_mixin.py:190} INFO - [2025-09-27T23:33:24.405+0100] {dag.py:4180} INFO - Setting next_dagrun for dataset_alias_example_alias_producer to None, run_after=None
[2025-09-27T23:33:24.406+0100] {logging_mixin.py:190} INFO - [2025-09-27T23:33:24.406+0100] {dag.py:4180} INFO - Setting next_dagrun for dataset_s3_bucket_consumer to None, run_after=None
[2025-09-27T23:33:24.406+0100] {logging_mixin.py:190} INFO - [2025-09-27T23:33:24.406+0100] {dag.py:4180} INFO - Setting next_dagrun for dataset_s3_bucket_producer to None, run_after=None
[2025-09-27T23:33:24.425+0100] {processor.py:208} INFO - Processing /home/engineer/project/airflow_env/lib/python3.12/site-packages/airflow/example_dags/example_dataset_alias.py took 0.079 seconds
[2025-09-27T23:34:16.677+0100] {processor.py:186} INFO - Started process (PID=22405) to work on /home/engineer/project/airflow_env/lib/python3.12/site-packages/airflow/example_dags/example_dataset_alias.py
[2025-09-27T23:34:16.685+0100] {processor.py:914} INFO - Processing file /home/engineer/project/airflow_env/lib/python3.12/site-packages/airflow/example_dags/example_dataset_alias.py for tasks to queue
[2025-09-27T23:34:16.688+0100] {logging_mixin.py:190} INFO - [2025-09-27T23:34:16.688+0100] {dagbag.py:588} INFO - Filling up the DagBag from /home/engineer/project/airflow_env/lib/python3.12/site-packages/airflow/example_dags/example_dataset_alias.py
[2025-09-27T23:34:16.722+0100] {processor.py:925} INFO - DAG(s) 'dataset_alias_example_alias_consumer', 'dataset_alias_example_alias_producer', 'dataset_s3_bucket_producer', 'dataset_s3_bucket_consumer' retrieved from /home/engineer/project/airflow_env/lib/python3.12/site-packages/airflow/example_dags/example_dataset_alias.py
[2025-09-27T23:34:16.747+0100] {logging_mixin.py:190} INFO - [2025-09-27T23:34:16.746+0100] {dag.py:3239} INFO - Sync 4 DAGs
[2025-09-27T23:34:16.770+0100] {logging_mixin.py:190} INFO - [2025-09-27T23:34:16.770+0100] {dag.py:4180} INFO - Setting next_dagrun for dataset_alias_example_alias_consumer to None, run_after=None
[2025-09-27T23:34:16.773+0100] {logging_mixin.py:190} INFO - [2025-09-27T23:34:16.772+0100] {dag.py:4180} INFO - Setting next_dagrun for dataset_alias_example_alias_producer to None, run_after=None
[2025-09-27T23:34:16.773+0100] {logging_mixin.py:190} INFO - [2025-09-27T23:34:16.773+0100] {dag.py:4180} INFO - Setting next_dagrun for dataset_s3_bucket_consumer to None, run_after=None
[2025-09-27T23:34:16.774+0100] {logging_mixin.py:190} INFO - [2025-09-27T23:34:16.774+0100] {dag.py:4180} INFO - Setting next_dagrun for dataset_s3_bucket_producer to None, run_after=None
[2025-09-27T23:34:16.795+0100] {processor.py:208} INFO - Processing /home/engineer/project/airflow_env/lib/python3.12/site-packages/airflow/example_dags/example_dataset_alias.py took 0.123 seconds
[2025-09-27T23:35:29.844+0100] {processor.py:186} INFO - Started process (PID=22697) to work on /home/engineer/project/airflow_env/lib/python3.12/site-packages/airflow/example_dags/example_dataset_alias.py
[2025-09-27T23:35:29.845+0100] {processor.py:914} INFO - Processing file /home/engineer/project/airflow_env/lib/python3.12/site-packages/airflow/example_dags/example_dataset_alias.py for tasks to queue
[2025-09-27T23:35:29.847+0100] {logging_mixin.py:190} INFO - [2025-09-27T23:35:29.847+0100] {dagbag.py:588} INFO - Filling up the DagBag from /home/engineer/project/airflow_env/lib/python3.12/site-packages/airflow/example_dags/example_dataset_alias.py
[2025-09-27T23:35:29.863+0100] {processor.py:925} INFO - DAG(s) 'dataset_alias_example_alias_consumer', 'dataset_s3_bucket_consumer', 'dataset_alias_example_alias_producer', 'dataset_s3_bucket_producer' retrieved from /home/engineer/project/airflow_env/lib/python3.12/site-packages/airflow/example_dags/example_dataset_alias.py
[2025-09-27T23:35:29.875+0100] {logging_mixin.py:190} INFO - [2025-09-27T23:35:29.875+0100] {dag.py:3239} INFO - Sync 4 DAGs
[2025-09-27T23:35:29.887+0100] {logging_mixin.py:190} INFO - [2025-09-27T23:35:29.887+0100] {dag.py:4180} INFO - Setting next_dagrun for dataset_alias_example_alias_consumer to None, run_after=None
[2025-09-27T23:35:29.889+0100] {logging_mixin.py:190} INFO - [2025-09-27T23:35:29.888+0100] {dag.py:4180} INFO - Setting next_dagrun for dataset_alias_example_alias_producer to None, run_after=None
[2025-09-27T23:35:29.889+0100] {logging_mixin.py:190} INFO - [2025-09-27T23:35:29.889+0100] {dag.py:4180} INFO - Setting next_dagrun for dataset_s3_bucket_consumer to None, run_after=None
[2025-09-27T23:35:29.890+0100] {logging_mixin.py:190} INFO - [2025-09-27T23:35:29.890+0100] {dag.py:4180} INFO - Setting next_dagrun for dataset_s3_bucket_producer to None, run_after=None
[2025-09-27T23:35:29.906+0100] {processor.py:208} INFO - Processing /home/engineer/project/airflow_env/lib/python3.12/site-packages/airflow/example_dags/example_dataset_alias.py took 0.066 seconds
[2025-09-27T23:36:43.965+0100] {processor.py:186} INFO - Started process (PID=23014) to work on /home/engineer/project/airflow_env/lib/python3.12/site-packages/airflow/example_dags/example_dataset_alias.py
[2025-09-27T23:36:43.972+0100] {processor.py:914} INFO - Processing file /home/engineer/project/airflow_env/lib/python3.12/site-packages/airflow/example_dags/example_dataset_alias.py for tasks to queue
[2025-09-27T23:36:43.973+0100] {logging_mixin.py:190} INFO - [2025-09-27T23:36:43.973+0100] {dagbag.py:588} INFO - Filling up the DagBag from /home/engineer/project/airflow_env/lib/python3.12/site-packages/airflow/example_dags/example_dataset_alias.py
[2025-09-27T23:36:43.990+0100] {processor.py:925} INFO - DAG(s) 'dataset_alias_example_alias_consumer', 'dataset_alias_example_alias_producer', 'dataset_s3_bucket_producer', 'dataset_s3_bucket_consumer' retrieved from /home/engineer/project/airflow_env/lib/python3.12/site-packages/airflow/example_dags/example_dataset_alias.py
[2025-09-27T23:36:44.002+0100] {logging_mixin.py:190} INFO - [2025-09-27T23:36:44.002+0100] {dag.py:3239} INFO - Sync 4 DAGs
[2025-09-27T23:36:44.015+0100] {logging_mixin.py:190} INFO - [2025-09-27T23:36:44.014+0100] {dag.py:4180} INFO - Setting next_dagrun for dataset_alias_example_alias_consumer to None, run_after=None
[2025-09-27T23:36:44.016+0100] {logging_mixin.py:190} INFO - [2025-09-27T23:36:44.016+0100] {dag.py:4180} INFO - Setting next_dagrun for dataset_alias_example_alias_producer to None, run_after=None
[2025-09-27T23:36:44.016+0100] {logging_mixin.py:190} INFO - [2025-09-27T23:36:44.016+0100] {dag.py:4180} INFO - Setting next_dagrun for dataset_s3_bucket_consumer to None, run_after=None
[2025-09-27T23:36:44.017+0100] {logging_mixin.py:190} INFO - [2025-09-27T23:36:44.017+0100] {dag.py:4180} INFO - Setting next_dagrun for dataset_s3_bucket_producer to None, run_after=None
[2025-09-27T23:36:44.034+0100] {processor.py:208} INFO - Processing /home/engineer/project/airflow_env/lib/python3.12/site-packages/airflow/example_dags/example_dataset_alias.py took 0.072 seconds
[2025-09-27T23:38:30.957+0100] {processor.py:186} INFO - Started process (PID=23347) to work on /home/engineer/project/airflow_env/lib/python3.12/site-packages/airflow/example_dags/example_dataset_alias.py
[2025-09-27T23:38:30.964+0100] {processor.py:914} INFO - Processing file /home/engineer/project/airflow_env/lib/python3.12/site-packages/airflow/example_dags/example_dataset_alias.py for tasks to queue
[2025-09-27T23:38:30.965+0100] {logging_mixin.py:190} INFO - [2025-09-27T23:38:30.965+0100] {dagbag.py:588} INFO - Filling up the DagBag from /home/engineer/project/airflow_env/lib/python3.12/site-packages/airflow/example_dags/example_dataset_alias.py
[2025-09-27T23:38:30.981+0100] {processor.py:925} INFO - DAG(s) 'dataset_s3_bucket_producer', 'dataset_alias_example_alias_producer', 'dataset_s3_bucket_consumer', 'dataset_alias_example_alias_consumer' retrieved from /home/engineer/project/airflow_env/lib/python3.12/site-packages/airflow/example_dags/example_dataset_alias.py
[2025-09-27T23:38:30.993+0100] {logging_mixin.py:190} INFO - [2025-09-27T23:38:30.993+0100] {dag.py:3239} INFO - Sync 4 DAGs
[2025-09-27T23:38:31.006+0100] {logging_mixin.py:190} INFO - [2025-09-27T23:38:31.006+0100] {dag.py:4180} INFO - Setting next_dagrun for dataset_alias_example_alias_consumer to None, run_after=None
[2025-09-27T23:38:31.008+0100] {logging_mixin.py:190} INFO - [2025-09-27T23:38:31.008+0100] {dag.py:4180} INFO - Setting next_dagrun for dataset_alias_example_alias_producer to None, run_after=None
[2025-09-27T23:38:31.008+0100] {logging_mixin.py:190} INFO - [2025-09-27T23:38:31.008+0100] {dag.py:4180} INFO - Setting next_dagrun for dataset_s3_bucket_consumer to None, run_after=None
[2025-09-27T23:38:31.009+0100] {logging_mixin.py:190} INFO - [2025-09-27T23:38:31.009+0100] {dag.py:4180} INFO - Setting next_dagrun for dataset_s3_bucket_producer to None, run_after=None
[2025-09-27T23:38:31.026+0100] {processor.py:208} INFO - Processing /home/engineer/project/airflow_env/lib/python3.12/site-packages/airflow/example_dags/example_dataset_alias.py took 0.073 seconds
[2025-09-27T23:39:45.753+0100] {processor.py:186} INFO - Started process (PID=23640) to work on /home/engineer/project/airflow_env/lib/python3.12/site-packages/airflow/example_dags/example_dataset_alias.py
[2025-09-27T23:39:45.754+0100] {processor.py:914} INFO - Processing file /home/engineer/project/airflow_env/lib/python3.12/site-packages/airflow/example_dags/example_dataset_alias.py for tasks to queue
[2025-09-27T23:39:45.755+0100] {logging_mixin.py:190} INFO - [2025-09-27T23:39:45.755+0100] {dagbag.py:588} INFO - Filling up the DagBag from /home/engineer/project/airflow_env/lib/python3.12/site-packages/airflow/example_dags/example_dataset_alias.py
[2025-09-27T23:39:45.772+0100] {processor.py:925} INFO - DAG(s) 'dataset_alias_example_alias_producer', 'dataset_alias_example_alias_consumer', 'dataset_s3_bucket_consumer', 'dataset_s3_bucket_producer' retrieved from /home/engineer/project/airflow_env/lib/python3.12/site-packages/airflow/example_dags/example_dataset_alias.py
[2025-09-27T23:39:45.785+0100] {logging_mixin.py:190} INFO - [2025-09-27T23:39:45.785+0100] {dag.py:3239} INFO - Sync 4 DAGs
[2025-09-27T23:39:45.798+0100] {logging_mixin.py:190} INFO - [2025-09-27T23:39:45.797+0100] {dag.py:4180} INFO - Setting next_dagrun for dataset_alias_example_alias_consumer to None, run_after=None
[2025-09-27T23:39:45.799+0100] {logging_mixin.py:190} INFO - [2025-09-27T23:39:45.799+0100] {dag.py:4180} INFO - Setting next_dagrun for dataset_alias_example_alias_producer to None, run_after=None
[2025-09-27T23:39:45.800+0100] {logging_mixin.py:190} INFO - [2025-09-27T23:39:45.799+0100] {dag.py:4180} INFO - Setting next_dagrun for dataset_s3_bucket_consumer to None, run_after=None
[2025-09-27T23:39:45.800+0100] {logging_mixin.py:190} INFO - [2025-09-27T23:39:45.800+0100] {dag.py:4180} INFO - Setting next_dagrun for dataset_s3_bucket_producer to None, run_after=None
[2025-09-27T23:39:45.817+0100] {processor.py:208} INFO - Processing /home/engineer/project/airflow_env/lib/python3.12/site-packages/airflow/example_dags/example_dataset_alias.py took 0.069 seconds
[2025-09-27T23:40:58.842+0100] {processor.py:186} INFO - Started process (PID=23933) to work on /home/engineer/project/airflow_env/lib/python3.12/site-packages/airflow/example_dags/example_dataset_alias.py
[2025-09-27T23:40:58.849+0100] {processor.py:914} INFO - Processing file /home/engineer/project/airflow_env/lib/python3.12/site-packages/airflow/example_dags/example_dataset_alias.py for tasks to queue
[2025-09-27T23:40:58.850+0100] {logging_mixin.py:190} INFO - [2025-09-27T23:40:58.850+0100] {dagbag.py:588} INFO - Filling up the DagBag from /home/engineer/project/airflow_env/lib/python3.12/site-packages/airflow/example_dags/example_dataset_alias.py
[2025-09-27T23:40:58.879+0100] {processor.py:925} INFO - DAG(s) 'dataset_alias_example_alias_consumer', 'dataset_alias_example_alias_producer', 'dataset_s3_bucket_producer', 'dataset_s3_bucket_consumer' retrieved from /home/engineer/project/airflow_env/lib/python3.12/site-packages/airflow/example_dags/example_dataset_alias.py
[2025-09-27T23:40:58.901+0100] {logging_mixin.py:190} INFO - [2025-09-27T23:40:58.901+0100] {dag.py:3239} INFO - Sync 4 DAGs
[2025-09-27T23:40:58.924+0100] {logging_mixin.py:190} INFO - [2025-09-27T23:40:58.924+0100] {dag.py:4180} INFO - Setting next_dagrun for dataset_alias_example_alias_consumer to None, run_after=None
[2025-09-27T23:40:58.927+0100] {logging_mixin.py:190} INFO - [2025-09-27T23:40:58.927+0100] {dag.py:4180} INFO - Setting next_dagrun for dataset_alias_example_alias_producer to None, run_after=None
[2025-09-27T23:40:58.928+0100] {logging_mixin.py:190} INFO - [2025-09-27T23:40:58.928+0100] {dag.py:4180} INFO - Setting next_dagrun for dataset_s3_bucket_consumer to None, run_after=None
[2025-09-27T23:40:58.929+0100] {logging_mixin.py:190} INFO - [2025-09-27T23:40:58.929+0100] {dag.py:4180} INFO - Setting next_dagrun for dataset_s3_bucket_producer to None, run_after=None
[2025-09-27T23:40:58.954+0100] {processor.py:208} INFO - Processing /home/engineer/project/airflow_env/lib/python3.12/site-packages/airflow/example_dags/example_dataset_alias.py took 0.118 seconds
[2025-09-27T23:42:14.906+0100] {processor.py:186} INFO - Started process (PID=24257) to work on /home/engineer/project/airflow_env/lib/python3.12/site-packages/airflow/example_dags/example_dataset_alias.py
[2025-09-27T23:42:14.907+0100] {processor.py:914} INFO - Processing file /home/engineer/project/airflow_env/lib/python3.12/site-packages/airflow/example_dags/example_dataset_alias.py for tasks to queue
[2025-09-27T23:42:14.909+0100] {logging_mixin.py:190} INFO - [2025-09-27T23:42:14.909+0100] {dagbag.py:588} INFO - Filling up the DagBag from /home/engineer/project/airflow_env/lib/python3.12/site-packages/airflow/example_dags/example_dataset_alias.py
[2025-09-27T23:42:14.942+0100] {processor.py:925} INFO - DAG(s) 'dataset_alias_example_alias_consumer', 'dataset_s3_bucket_consumer', 'dataset_s3_bucket_producer', 'dataset_alias_example_alias_producer' retrieved from /home/engineer/project/airflow_env/lib/python3.12/site-packages/airflow/example_dags/example_dataset_alias.py
[2025-09-27T23:42:14.958+0100] {logging_mixin.py:190} INFO - [2025-09-27T23:42:14.958+0100] {dag.py:3239} INFO - Sync 4 DAGs
[2025-09-27T23:42:14.975+0100] {logging_mixin.py:190} INFO - [2025-09-27T23:42:14.975+0100] {dag.py:4180} INFO - Setting next_dagrun for dataset_alias_example_alias_consumer to None, run_after=None
[2025-09-27T23:42:14.977+0100] {logging_mixin.py:190} INFO - [2025-09-27T23:42:14.977+0100] {dag.py:4180} INFO - Setting next_dagrun for dataset_alias_example_alias_producer to None, run_after=None
[2025-09-27T23:42:14.978+0100] {logging_mixin.py:190} INFO - [2025-09-27T23:42:14.978+0100] {dag.py:4180} INFO - Setting next_dagrun for dataset_s3_bucket_consumer to None, run_after=None
[2025-09-27T23:42:14.979+0100] {logging_mixin.py:190} INFO - [2025-09-27T23:42:14.978+0100] {dag.py:4180} INFO - Setting next_dagrun for dataset_s3_bucket_producer to None, run_after=None
[2025-09-27T23:42:14.997+0100] {processor.py:208} INFO - Processing /home/engineer/project/airflow_env/lib/python3.12/site-packages/airflow/example_dags/example_dataset_alias.py took 0.097 seconds
[2025-09-27T23:43:32.535+0100] {processor.py:186} INFO - Started process (PID=24629) to work on /home/engineer/project/airflow_env/lib/python3.12/site-packages/airflow/example_dags/example_dataset_alias.py
[2025-09-27T23:43:32.543+0100] {processor.py:914} INFO - Processing file /home/engineer/project/airflow_env/lib/python3.12/site-packages/airflow/example_dags/example_dataset_alias.py for tasks to queue
[2025-09-27T23:43:32.544+0100] {logging_mixin.py:190} INFO - [2025-09-27T23:43:32.543+0100] {dagbag.py:588} INFO - Filling up the DagBag from /home/engineer/project/airflow_env/lib/python3.12/site-packages/airflow/example_dags/example_dataset_alias.py
[2025-09-27T23:43:32.562+0100] {processor.py:925} INFO - DAG(s) 'dataset_alias_example_alias_consumer', 'dataset_alias_example_alias_producer', 'dataset_s3_bucket_consumer', 'dataset_s3_bucket_producer' retrieved from /home/engineer/project/airflow_env/lib/python3.12/site-packages/airflow/example_dags/example_dataset_alias.py
[2025-09-27T23:43:32.576+0100] {logging_mixin.py:190} INFO - [2025-09-27T23:43:32.576+0100] {dag.py:3239} INFO - Sync 4 DAGs
[2025-09-27T23:43:32.591+0100] {logging_mixin.py:190} INFO - [2025-09-27T23:43:32.591+0100] {dag.py:4180} INFO - Setting next_dagrun for dataset_alias_example_alias_consumer to None, run_after=None
[2025-09-27T23:43:32.593+0100] {logging_mixin.py:190} INFO - [2025-09-27T23:43:32.593+0100] {dag.py:4180} INFO - Setting next_dagrun for dataset_alias_example_alias_producer to None, run_after=None
[2025-09-27T23:43:32.593+0100] {logging_mixin.py:190} INFO - [2025-09-27T23:43:32.593+0100] {dag.py:4180} INFO - Setting next_dagrun for dataset_s3_bucket_consumer to None, run_after=None
[2025-09-27T23:43:32.594+0100] {logging_mixin.py:190} INFO - [2025-09-27T23:43:32.594+0100] {dag.py:4180} INFO - Setting next_dagrun for dataset_s3_bucket_producer to None, run_after=None
[2025-09-27T23:43:32.613+0100] {processor.py:208} INFO - Processing /home/engineer/project/airflow_env/lib/python3.12/site-packages/airflow/example_dags/example_dataset_alias.py took 0.082 seconds
