[2025-09-27T23:26:18.704+0100] {processor.py:186} INFO - Started process (PID=19715) to work on /home/engineer/project/airflow_env/lib/python3.12/site-packages/airflow/example_dags/example_kubernetes_executor.py
[2025-09-27T23:26:18.704+0100] {processor.py:914} INFO - Processing file /home/engineer/project/airflow_env/lib/python3.12/site-packages/airflow/example_dags/example_kubernetes_executor.py for tasks to queue
[2025-09-27T23:26:18.706+0100] {logging_mixin.py:190} INFO - [2025-09-27T23:26:18.706+0100] {dagbag.py:588} INFO - Filling up the DagBag from /home/engineer/project/airflow_env/lib/python3.12/site-packages/airflow/example_dags/example_kubernetes_executor.py
[2025-09-27T23:26:18.709+0100] {logging_mixin.py:190} INFO - [2025-09-27T23:26:18.708+0100] {example_kubernetes_executor.py:39} WARNING - The example_kubernetes_executor example DAG requires the kubernetes provider. Please install it with: pip install apache-airflow[cncf.kubernetes]
[2025-09-27T23:26:18.709+0100] {processor.py:927} WARNING - No viable dags retrieved from /home/engineer/project/airflow_env/lib/python3.12/site-packages/airflow/example_dags/example_kubernetes_executor.py
[2025-09-27T23:26:18.718+0100] {processor.py:208} INFO - Processing /home/engineer/project/airflow_env/lib/python3.12/site-packages/airflow/example_dags/example_kubernetes_executor.py took 0.018 seconds
[2025-09-27T23:27:20.782+0100] {processor.py:186} INFO - Started process (PID=19997) to work on /home/engineer/project/airflow_env/lib/python3.12/site-packages/airflow/example_dags/example_kubernetes_executor.py
[2025-09-27T23:27:20.789+0100] {processor.py:914} INFO - Processing file /home/engineer/project/airflow_env/lib/python3.12/site-packages/airflow/example_dags/example_kubernetes_executor.py for tasks to queue
[2025-09-27T23:27:20.790+0100] {logging_mixin.py:190} INFO - [2025-09-27T23:27:20.790+0100] {dagbag.py:588} INFO - Filling up the DagBag from /home/engineer/project/airflow_env/lib/python3.12/site-packages/airflow/example_dags/example_kubernetes_executor.py
[2025-09-27T23:27:20.792+0100] {logging_mixin.py:190} INFO - [2025-09-27T23:27:20.792+0100] {example_kubernetes_executor.py:39} WARNING - The example_kubernetes_executor example DAG requires the kubernetes provider. Please install it with: pip install apache-airflow[cncf.kubernetes]
[2025-09-27T23:27:20.792+0100] {processor.py:927} WARNING - No viable dags retrieved from /home/engineer/project/airflow_env/lib/python3.12/site-packages/airflow/example_dags/example_kubernetes_executor.py
[2025-09-27T23:27:20.801+0100] {processor.py:208} INFO - Processing /home/engineer/project/airflow_env/lib/python3.12/site-packages/airflow/example_dags/example_kubernetes_executor.py took 0.023 seconds
[2025-09-27T23:28:15.561+0100] {processor.py:186} INFO - Started process (PID=20275) to work on /home/engineer/project/airflow_env/lib/python3.12/site-packages/airflow/example_dags/example_kubernetes_executor.py
[2025-09-27T23:28:15.568+0100] {processor.py:914} INFO - Processing file /home/engineer/project/airflow_env/lib/python3.12/site-packages/airflow/example_dags/example_kubernetes_executor.py for tasks to queue
[2025-09-27T23:28:15.570+0100] {logging_mixin.py:190} INFO - [2025-09-27T23:28:15.569+0100] {dagbag.py:588} INFO - Filling up the DagBag from /home/engineer/project/airflow_env/lib/python3.12/site-packages/airflow/example_dags/example_kubernetes_executor.py
[2025-09-27T23:28:15.572+0100] {logging_mixin.py:190} INFO - [2025-09-27T23:28:15.571+0100] {example_kubernetes_executor.py:39} WARNING - The example_kubernetes_executor example DAG requires the kubernetes provider. Please install it with: pip install apache-airflow[cncf.kubernetes]
[2025-09-27T23:28:15.572+0100] {processor.py:927} WARNING - No viable dags retrieved from /home/engineer/project/airflow_env/lib/python3.12/site-packages/airflow/example_dags/example_kubernetes_executor.py
[2025-09-27T23:28:15.579+0100] {processor.py:208} INFO - Processing /home/engineer/project/airflow_env/lib/python3.12/site-packages/airflow/example_dags/example_kubernetes_executor.py took 0.021 seconds
[2025-09-27T23:29:01.875+0100] {processor.py:186} INFO - Started process (PID=20463) to work on /home/engineer/project/airflow_env/lib/python3.12/site-packages/airflow/example_dags/example_kubernetes_executor.py
[2025-09-27T23:29:01.876+0100] {processor.py:914} INFO - Processing file /home/engineer/project/airflow_env/lib/python3.12/site-packages/airflow/example_dags/example_kubernetes_executor.py for tasks to queue
[2025-09-27T23:29:01.878+0100] {logging_mixin.py:190} INFO - [2025-09-27T23:29:01.878+0100] {dagbag.py:588} INFO - Filling up the DagBag from /home/engineer/project/airflow_env/lib/python3.12/site-packages/airflow/example_dags/example_kubernetes_executor.py
[2025-09-27T23:29:01.880+0100] {logging_mixin.py:190} INFO - [2025-09-27T23:29:01.880+0100] {example_kubernetes_executor.py:39} WARNING - The example_kubernetes_executor example DAG requires the kubernetes provider. Please install it with: pip install apache-airflow[cncf.kubernetes]
[2025-09-27T23:29:01.880+0100] {processor.py:927} WARNING - No viable dags retrieved from /home/engineer/project/airflow_env/lib/python3.12/site-packages/airflow/example_dags/example_kubernetes_executor.py
[2025-09-27T23:29:01.888+0100] {processor.py:208} INFO - Processing /home/engineer/project/airflow_env/lib/python3.12/site-packages/airflow/example_dags/example_kubernetes_executor.py took 0.016 seconds
[2025-09-27T23:29:48.337+0100] {processor.py:186} INFO - Started process (PID=20650) to work on /home/engineer/project/airflow_env/lib/python3.12/site-packages/airflow/example_dags/example_kubernetes_executor.py
[2025-09-27T23:29:48.345+0100] {processor.py:914} INFO - Processing file /home/engineer/project/airflow_env/lib/python3.12/site-packages/airflow/example_dags/example_kubernetes_executor.py for tasks to queue
[2025-09-27T23:29:48.347+0100] {logging_mixin.py:190} INFO - [2025-09-27T23:29:48.347+0100] {dagbag.py:588} INFO - Filling up the DagBag from /home/engineer/project/airflow_env/lib/python3.12/site-packages/airflow/example_dags/example_kubernetes_executor.py
[2025-09-27T23:29:48.349+0100] {logging_mixin.py:190} INFO - [2025-09-27T23:29:48.349+0100] {example_kubernetes_executor.py:39} WARNING - The example_kubernetes_executor example DAG requires the kubernetes provider. Please install it with: pip install apache-airflow[cncf.kubernetes]
[2025-09-27T23:29:48.349+0100] {processor.py:927} WARNING - No viable dags retrieved from /home/engineer/project/airflow_env/lib/python3.12/site-packages/airflow/example_dags/example_kubernetes_executor.py
[2025-09-27T23:29:48.358+0100] {processor.py:208} INFO - Processing /home/engineer/project/airflow_env/lib/python3.12/site-packages/airflow/example_dags/example_kubernetes_executor.py took 0.025 seconds
[2025-09-27T23:30:33.075+0100] {processor.py:186} INFO - Started process (PID=20871) to work on /home/engineer/project/airflow_env/lib/python3.12/site-packages/airflow/example_dags/example_kubernetes_executor.py
[2025-09-27T23:30:33.082+0100] {processor.py:914} INFO - Processing file /home/engineer/project/airflow_env/lib/python3.12/site-packages/airflow/example_dags/example_kubernetes_executor.py for tasks to queue
[2025-09-27T23:30:33.084+0100] {logging_mixin.py:190} INFO - [2025-09-27T23:30:33.083+0100] {dagbag.py:588} INFO - Filling up the DagBag from /home/engineer/project/airflow_env/lib/python3.12/site-packages/airflow/example_dags/example_kubernetes_executor.py
[2025-09-27T23:30:33.086+0100] {logging_mixin.py:190} INFO - [2025-09-27T23:30:33.086+0100] {example_kubernetes_executor.py:39} WARNING - The example_kubernetes_executor example DAG requires the kubernetes provider. Please install it with: pip install apache-airflow[cncf.kubernetes]
[2025-09-27T23:30:33.086+0100] {processor.py:927} WARNING - No viable dags retrieved from /home/engineer/project/airflow_env/lib/python3.12/site-packages/airflow/example_dags/example_kubernetes_executor.py
[2025-09-27T23:30:33.096+0100] {processor.py:208} INFO - Processing /home/engineer/project/airflow_env/lib/python3.12/site-packages/airflow/example_dags/example_kubernetes_executor.py took 0.025 seconds
[2025-09-27T23:31:23.852+0100] {processor.py:186} INFO - Started process (PID=21639) to work on /home/engineer/project/airflow_env/lib/python3.12/site-packages/airflow/example_dags/example_kubernetes_executor.py
[2025-09-27T23:31:23.853+0100] {processor.py:914} INFO - Processing file /home/engineer/project/airflow_env/lib/python3.12/site-packages/airflow/example_dags/example_kubernetes_executor.py for tasks to queue
[2025-09-27T23:31:23.855+0100] {logging_mixin.py:190} INFO - [2025-09-27T23:31:23.855+0100] {dagbag.py:588} INFO - Filling up the DagBag from /home/engineer/project/airflow_env/lib/python3.12/site-packages/airflow/example_dags/example_kubernetes_executor.py
[2025-09-27T23:31:23.857+0100] {logging_mixin.py:190} INFO - [2025-09-27T23:31:23.857+0100] {example_kubernetes_executor.py:39} WARNING - The example_kubernetes_executor example DAG requires the kubernetes provider. Please install it with: pip install apache-airflow[cncf.kubernetes]
[2025-09-27T23:31:23.857+0100] {processor.py:927} WARNING - No viable dags retrieved from /home/engineer/project/airflow_env/lib/python3.12/site-packages/airflow/example_dags/example_kubernetes_executor.py
[2025-09-27T23:31:23.865+0100] {processor.py:208} INFO - Processing /home/engineer/project/airflow_env/lib/python3.12/site-packages/airflow/example_dags/example_kubernetes_executor.py took 0.017 seconds
[2025-09-27T23:32:19.708+0100] {processor.py:186} INFO - Started process (PID=21940) to work on /home/engineer/project/airflow_env/lib/python3.12/site-packages/airflow/example_dags/example_kubernetes_executor.py
[2025-09-27T23:32:19.709+0100] {processor.py:914} INFO - Processing file /home/engineer/project/airflow_env/lib/python3.12/site-packages/airflow/example_dags/example_kubernetes_executor.py for tasks to queue
[2025-09-27T23:32:19.711+0100] {logging_mixin.py:190} INFO - [2025-09-27T23:32:19.711+0100] {dagbag.py:588} INFO - Filling up the DagBag from /home/engineer/project/airflow_env/lib/python3.12/site-packages/airflow/example_dags/example_kubernetes_executor.py
[2025-09-27T23:32:19.713+0100] {logging_mixin.py:190} INFO - [2025-09-27T23:32:19.713+0100] {example_kubernetes_executor.py:39} WARNING - The example_kubernetes_executor example DAG requires the kubernetes provider. Please install it with: pip install apache-airflow[cncf.kubernetes]
[2025-09-27T23:32:19.713+0100] {processor.py:927} WARNING - No viable dags retrieved from /home/engineer/project/airflow_env/lib/python3.12/site-packages/airflow/example_dags/example_kubernetes_executor.py
[2025-09-27T23:32:19.721+0100] {processor.py:208} INFO - Processing /home/engineer/project/airflow_env/lib/python3.12/site-packages/airflow/example_dags/example_kubernetes_executor.py took 0.017 seconds
[2025-09-27T23:33:06.075+0100] {processor.py:186} INFO - Started process (PID=22128) to work on /home/engineer/project/airflow_env/lib/python3.12/site-packages/airflow/example_dags/example_kubernetes_executor.py
[2025-09-27T23:33:06.082+0100] {processor.py:914} INFO - Processing file /home/engineer/project/airflow_env/lib/python3.12/site-packages/airflow/example_dags/example_kubernetes_executor.py for tasks to queue
[2025-09-27T23:33:06.085+0100] {logging_mixin.py:190} INFO - [2025-09-27T23:33:06.085+0100] {dagbag.py:588} INFO - Filling up the DagBag from /home/engineer/project/airflow_env/lib/python3.12/site-packages/airflow/example_dags/example_kubernetes_executor.py
[2025-09-27T23:33:06.087+0100] {logging_mixin.py:190} INFO - [2025-09-27T23:33:06.087+0100] {example_kubernetes_executor.py:39} WARNING - The example_kubernetes_executor example DAG requires the kubernetes provider. Please install it with: pip install apache-airflow[cncf.kubernetes]
[2025-09-27T23:33:06.087+0100] {processor.py:927} WARNING - No viable dags retrieved from /home/engineer/project/airflow_env/lib/python3.12/site-packages/airflow/example_dags/example_kubernetes_executor.py
[2025-09-27T23:33:06.096+0100] {processor.py:208} INFO - Processing /home/engineer/project/airflow_env/lib/python3.12/site-packages/airflow/example_dags/example_kubernetes_executor.py took 0.026 seconds
[2025-09-27T23:33:55.870+0100] {processor.py:186} INFO - Started process (PID=22323) to work on /home/engineer/project/airflow_env/lib/python3.12/site-packages/airflow/example_dags/example_kubernetes_executor.py
[2025-09-27T23:33:55.877+0100] {processor.py:914} INFO - Processing file /home/engineer/project/airflow_env/lib/python3.12/site-packages/airflow/example_dags/example_kubernetes_executor.py for tasks to queue
[2025-09-27T23:33:55.879+0100] {logging_mixin.py:190} INFO - [2025-09-27T23:33:55.879+0100] {dagbag.py:588} INFO - Filling up the DagBag from /home/engineer/project/airflow_env/lib/python3.12/site-packages/airflow/example_dags/example_kubernetes_executor.py
[2025-09-27T23:33:55.881+0100] {logging_mixin.py:190} INFO - [2025-09-27T23:33:55.881+0100] {example_kubernetes_executor.py:39} WARNING - The example_kubernetes_executor example DAG requires the kubernetes provider. Please install it with: pip install apache-airflow[cncf.kubernetes]
[2025-09-27T23:33:55.881+0100] {processor.py:927} WARNING - No viable dags retrieved from /home/engineer/project/airflow_env/lib/python3.12/site-packages/airflow/example_dags/example_kubernetes_executor.py
[2025-09-27T23:33:55.890+0100] {processor.py:208} INFO - Processing /home/engineer/project/airflow_env/lib/python3.12/site-packages/airflow/example_dags/example_kubernetes_executor.py took 0.025 seconds
[2025-09-27T23:34:45.404+0100] {processor.py:186} INFO - Started process (PID=22518) to work on /home/engineer/project/airflow_env/lib/python3.12/site-packages/airflow/example_dags/example_kubernetes_executor.py
[2025-09-27T23:34:45.411+0100] {processor.py:914} INFO - Processing file /home/engineer/project/airflow_env/lib/python3.12/site-packages/airflow/example_dags/example_kubernetes_executor.py for tasks to queue
[2025-09-27T23:34:45.413+0100] {logging_mixin.py:190} INFO - [2025-09-27T23:34:45.412+0100] {dagbag.py:588} INFO - Filling up the DagBag from /home/engineer/project/airflow_env/lib/python3.12/site-packages/airflow/example_dags/example_kubernetes_executor.py
[2025-09-27T23:34:45.415+0100] {logging_mixin.py:190} INFO - [2025-09-27T23:34:45.414+0100] {example_kubernetes_executor.py:39} WARNING - The example_kubernetes_executor example DAG requires the kubernetes provider. Please install it with: pip install apache-airflow[cncf.kubernetes]
[2025-09-27T23:34:45.415+0100] {processor.py:927} WARNING - No viable dags retrieved from /home/engineer/project/airflow_env/lib/python3.12/site-packages/airflow/example_dags/example_kubernetes_executor.py
[2025-09-27T23:34:45.423+0100] {processor.py:208} INFO - Processing /home/engineer/project/airflow_env/lib/python3.12/site-packages/airflow/example_dags/example_kubernetes_executor.py took 0.023 seconds
[2025-09-27T23:35:33.844+0100] {processor.py:186} INFO - Started process (PID=22713) to work on /home/engineer/project/airflow_env/lib/python3.12/site-packages/airflow/example_dags/example_kubernetes_executor.py
[2025-09-27T23:35:33.851+0100] {processor.py:914} INFO - Processing file /home/engineer/project/airflow_env/lib/python3.12/site-packages/airflow/example_dags/example_kubernetes_executor.py for tasks to queue
[2025-09-27T23:35:33.853+0100] {logging_mixin.py:190} INFO - [2025-09-27T23:35:33.853+0100] {dagbag.py:588} INFO - Filling up the DagBag from /home/engineer/project/airflow_env/lib/python3.12/site-packages/airflow/example_dags/example_kubernetes_executor.py
[2025-09-27T23:35:33.855+0100] {logging_mixin.py:190} INFO - [2025-09-27T23:35:33.855+0100] {example_kubernetes_executor.py:39} WARNING - The example_kubernetes_executor example DAG requires the kubernetes provider. Please install it with: pip install apache-airflow[cncf.kubernetes]
[2025-09-27T23:35:33.855+0100] {processor.py:927} WARNING - No viable dags retrieved from /home/engineer/project/airflow_env/lib/python3.12/site-packages/airflow/example_dags/example_kubernetes_executor.py
[2025-09-27T23:35:33.863+0100] {processor.py:208} INFO - Processing /home/engineer/project/airflow_env/lib/python3.12/site-packages/airflow/example_dags/example_kubernetes_executor.py took 0.022 seconds
[2025-09-27T23:36:24.038+0100] {processor.py:186} INFO - Started process (PID=22932) to work on /home/engineer/project/airflow_env/lib/python3.12/site-packages/airflow/example_dags/example_kubernetes_executor.py
[2025-09-27T23:36:24.045+0100] {processor.py:914} INFO - Processing file /home/engineer/project/airflow_env/lib/python3.12/site-packages/airflow/example_dags/example_kubernetes_executor.py for tasks to queue
[2025-09-27T23:36:24.046+0100] {logging_mixin.py:190} INFO - [2025-09-27T23:36:24.046+0100] {dagbag.py:588} INFO - Filling up the DagBag from /home/engineer/project/airflow_env/lib/python3.12/site-packages/airflow/example_dags/example_kubernetes_executor.py
[2025-09-27T23:36:24.049+0100] {logging_mixin.py:190} INFO - [2025-09-27T23:36:24.048+0100] {example_kubernetes_executor.py:39} WARNING - The example_kubernetes_executor example DAG requires the kubernetes provider. Please install it with: pip install apache-airflow[cncf.kubernetes]
[2025-09-27T23:36:24.049+0100] {processor.py:927} WARNING - No viable dags retrieved from /home/engineer/project/airflow_env/lib/python3.12/site-packages/airflow/example_dags/example_kubernetes_executor.py
[2025-09-27T23:36:24.057+0100] {processor.py:208} INFO - Processing /home/engineer/project/airflow_env/lib/python3.12/site-packages/airflow/example_dags/example_kubernetes_executor.py took 0.023 seconds
[2025-09-27T23:37:12.523+0100] {processor.py:186} INFO - Started process (PID=23128) to work on /home/engineer/project/airflow_env/lib/python3.12/site-packages/airflow/example_dags/example_kubernetes_executor.py
[2025-09-27T23:37:12.530+0100] {processor.py:914} INFO - Processing file /home/engineer/project/airflow_env/lib/python3.12/site-packages/airflow/example_dags/example_kubernetes_executor.py for tasks to queue
[2025-09-27T23:37:12.530+0100] {logging_mixin.py:190} INFO - [2025-09-27T23:37:12.530+0100] {dagbag.py:588} INFO - Filling up the DagBag from /home/engineer/project/airflow_env/lib/python3.12/site-packages/airflow/example_dags/example_kubernetes_executor.py
[2025-09-27T23:37:12.532+0100] {logging_mixin.py:190} INFO - [2025-09-27T23:37:12.532+0100] {example_kubernetes_executor.py:39} WARNING - The example_kubernetes_executor example DAG requires the kubernetes provider. Please install it with: pip install apache-airflow[cncf.kubernetes]
[2025-09-27T23:37:12.532+0100] {processor.py:927} WARNING - No viable dags retrieved from /home/engineer/project/airflow_env/lib/python3.12/site-packages/airflow/example_dags/example_kubernetes_executor.py
[2025-09-27T23:37:12.540+0100] {processor.py:208} INFO - Processing /home/engineer/project/airflow_env/lib/python3.12/site-packages/airflow/example_dags/example_kubernetes_executor.py took 0.021 seconds
[2025-09-27T23:38:36.103+0100] {processor.py:186} INFO - Started process (PID=23364) to work on /home/engineer/project/airflow_env/lib/python3.12/site-packages/airflow/example_dags/example_kubernetes_executor.py
[2025-09-27T23:38:36.105+0100] {processor.py:914} INFO - Processing file /home/engineer/project/airflow_env/lib/python3.12/site-packages/airflow/example_dags/example_kubernetes_executor.py for tasks to queue
[2025-09-27T23:38:36.106+0100] {logging_mixin.py:190} INFO - [2025-09-27T23:38:36.105+0100] {dagbag.py:588} INFO - Filling up the DagBag from /home/engineer/project/airflow_env/lib/python3.12/site-packages/airflow/example_dags/example_kubernetes_executor.py
[2025-09-27T23:38:36.108+0100] {logging_mixin.py:190} INFO - [2025-09-27T23:38:36.108+0100] {example_kubernetes_executor.py:39} WARNING - The example_kubernetes_executor example DAG requires the kubernetes provider. Please install it with: pip install apache-airflow[cncf.kubernetes]
[2025-09-27T23:38:36.108+0100] {processor.py:927} WARNING - No viable dags retrieved from /home/engineer/project/airflow_env/lib/python3.12/site-packages/airflow/example_dags/example_kubernetes_executor.py
[2025-09-27T23:38:36.117+0100] {processor.py:208} INFO - Processing /home/engineer/project/airflow_env/lib/python3.12/site-packages/airflow/example_dags/example_kubernetes_executor.py took 0.018 seconds
[2025-09-27T23:39:25.196+0100] {processor.py:186} INFO - Started process (PID=23559) to work on /home/engineer/project/airflow_env/lib/python3.12/site-packages/airflow/example_dags/example_kubernetes_executor.py
[2025-09-27T23:39:25.197+0100] {processor.py:914} INFO - Processing file /home/engineer/project/airflow_env/lib/python3.12/site-packages/airflow/example_dags/example_kubernetes_executor.py for tasks to queue
[2025-09-27T23:39:25.198+0100] {logging_mixin.py:190} INFO - [2025-09-27T23:39:25.198+0100] {dagbag.py:588} INFO - Filling up the DagBag from /home/engineer/project/airflow_env/lib/python3.12/site-packages/airflow/example_dags/example_kubernetes_executor.py
[2025-09-27T23:39:25.200+0100] {logging_mixin.py:190} INFO - [2025-09-27T23:39:25.200+0100] {example_kubernetes_executor.py:39} WARNING - The example_kubernetes_executor example DAG requires the kubernetes provider. Please install it with: pip install apache-airflow[cncf.kubernetes]
[2025-09-27T23:39:25.200+0100] {processor.py:927} WARNING - No viable dags retrieved from /home/engineer/project/airflow_env/lib/python3.12/site-packages/airflow/example_dags/example_kubernetes_executor.py
[2025-09-27T23:39:25.208+0100] {processor.py:208} INFO - Processing /home/engineer/project/airflow_env/lib/python3.12/site-packages/airflow/example_dags/example_kubernetes_executor.py took 0.016 seconds
[2025-09-27T23:40:15.689+0100] {processor.py:186} INFO - Started process (PID=23761) to work on /home/engineer/project/airflow_env/lib/python3.12/site-packages/airflow/example_dags/example_kubernetes_executor.py
[2025-09-27T23:40:15.696+0100] {processor.py:914} INFO - Processing file /home/engineer/project/airflow_env/lib/python3.12/site-packages/airflow/example_dags/example_kubernetes_executor.py for tasks to queue
[2025-09-27T23:40:15.697+0100] {logging_mixin.py:190} INFO - [2025-09-27T23:40:15.697+0100] {dagbag.py:588} INFO - Filling up the DagBag from /home/engineer/project/airflow_env/lib/python3.12/site-packages/airflow/example_dags/example_kubernetes_executor.py
[2025-09-27T23:40:15.700+0100] {logging_mixin.py:190} INFO - [2025-09-27T23:40:15.700+0100] {example_kubernetes_executor.py:39} WARNING - The example_kubernetes_executor example DAG requires the kubernetes provider. Please install it with: pip install apache-airflow[cncf.kubernetes]
[2025-09-27T23:40:15.700+0100] {processor.py:927} WARNING - No viable dags retrieved from /home/engineer/project/airflow_env/lib/python3.12/site-packages/airflow/example_dags/example_kubernetes_executor.py
[2025-09-27T23:40:15.711+0100] {processor.py:208} INFO - Processing /home/engineer/project/airflow_env/lib/python3.12/site-packages/airflow/example_dags/example_kubernetes_executor.py took 0.028 seconds
[2025-09-27T23:41:03.994+0100] {processor.py:186} INFO - Started process (PID=23956) to work on /home/engineer/project/airflow_env/lib/python3.12/site-packages/airflow/example_dags/example_kubernetes_executor.py
[2025-09-27T23:41:03.996+0100] {processor.py:914} INFO - Processing file /home/engineer/project/airflow_env/lib/python3.12/site-packages/airflow/example_dags/example_kubernetes_executor.py for tasks to queue
[2025-09-27T23:41:03.997+0100] {logging_mixin.py:190} INFO - [2025-09-27T23:41:03.997+0100] {dagbag.py:588} INFO - Filling up the DagBag from /home/engineer/project/airflow_env/lib/python3.12/site-packages/airflow/example_dags/example_kubernetes_executor.py
[2025-09-27T23:41:04.000+0100] {logging_mixin.py:190} INFO - [2025-09-27T23:41:04.000+0100] {example_kubernetes_executor.py:39} WARNING - The example_kubernetes_executor example DAG requires the kubernetes provider. Please install it with: pip install apache-airflow[cncf.kubernetes]
[2025-09-27T23:41:04.003+0100] {processor.py:927} WARNING - No viable dags retrieved from /home/engineer/project/airflow_env/lib/python3.12/site-packages/airflow/example_dags/example_kubernetes_executor.py
[2025-09-27T23:41:04.018+0100] {processor.py:208} INFO - Processing /home/engineer/project/airflow_env/lib/python3.12/site-packages/airflow/example_dags/example_kubernetes_executor.py took 0.029 seconds
[2025-09-27T23:41:55.475+0100] {processor.py:186} INFO - Started process (PID=24174) to work on /home/engineer/project/airflow_env/lib/python3.12/site-packages/airflow/example_dags/example_kubernetes_executor.py
[2025-09-27T23:41:55.482+0100] {processor.py:914} INFO - Processing file /home/engineer/project/airflow_env/lib/python3.12/site-packages/airflow/example_dags/example_kubernetes_executor.py for tasks to queue
[2025-09-27T23:41:55.483+0100] {logging_mixin.py:190} INFO - [2025-09-27T23:41:55.483+0100] {dagbag.py:588} INFO - Filling up the DagBag from /home/engineer/project/airflow_env/lib/python3.12/site-packages/airflow/example_dags/example_kubernetes_executor.py
[2025-09-27T23:41:55.485+0100] {logging_mixin.py:190} INFO - [2025-09-27T23:41:55.485+0100] {example_kubernetes_executor.py:39} WARNING - The example_kubernetes_executor example DAG requires the kubernetes provider. Please install it with: pip install apache-airflow[cncf.kubernetes]
[2025-09-27T23:41:55.486+0100] {processor.py:927} WARNING - No viable dags retrieved from /home/engineer/project/airflow_env/lib/python3.12/site-packages/airflow/example_dags/example_kubernetes_executor.py
[2025-09-27T23:41:55.493+0100] {processor.py:208} INFO - Processing /home/engineer/project/airflow_env/lib/python3.12/site-packages/airflow/example_dags/example_kubernetes_executor.py took 0.022 seconds
[2025-09-27T23:42:45.979+0100] {processor.py:186} INFO - Started process (PID=24380) to work on /home/engineer/project/airflow_env/lib/python3.12/site-packages/airflow/example_dags/example_kubernetes_executor.py
[2025-09-27T23:42:45.981+0100] {processor.py:914} INFO - Processing file /home/engineer/project/airflow_env/lib/python3.12/site-packages/airflow/example_dags/example_kubernetes_executor.py for tasks to queue
[2025-09-27T23:42:45.983+0100] {logging_mixin.py:190} INFO - [2025-09-27T23:42:45.983+0100] {dagbag.py:588} INFO - Filling up the DagBag from /home/engineer/project/airflow_env/lib/python3.12/site-packages/airflow/example_dags/example_kubernetes_executor.py
[2025-09-27T23:42:45.986+0100] {logging_mixin.py:190} INFO - [2025-09-27T23:42:45.986+0100] {example_kubernetes_executor.py:39} WARNING - The example_kubernetes_executor example DAG requires the kubernetes provider. Please install it with: pip install apache-airflow[cncf.kubernetes]
[2025-09-27T23:42:45.987+0100] {processor.py:927} WARNING - No viable dags retrieved from /home/engineer/project/airflow_env/lib/python3.12/site-packages/airflow/example_dags/example_kubernetes_executor.py
[2025-09-27T23:42:45.997+0100] {processor.py:208} INFO - Processing /home/engineer/project/airflow_env/lib/python3.12/site-packages/airflow/example_dags/example_kubernetes_executor.py took 0.025 seconds
[2025-09-27T23:43:37.296+0100] {processor.py:186} INFO - Started process (PID=24646) to work on /home/engineer/project/airflow_env/lib/python3.12/site-packages/airflow/example_dags/example_kubernetes_executor.py
[2025-09-27T23:43:37.303+0100] {processor.py:914} INFO - Processing file /home/engineer/project/airflow_env/lib/python3.12/site-packages/airflow/example_dags/example_kubernetes_executor.py for tasks to queue
[2025-09-27T23:43:37.304+0100] {logging_mixin.py:190} INFO - [2025-09-27T23:43:37.303+0100] {dagbag.py:588} INFO - Filling up the DagBag from /home/engineer/project/airflow_env/lib/python3.12/site-packages/airflow/example_dags/example_kubernetes_executor.py
[2025-09-27T23:43:37.306+0100] {logging_mixin.py:190} INFO - [2025-09-27T23:43:37.306+0100] {example_kubernetes_executor.py:39} WARNING - The example_kubernetes_executor example DAG requires the kubernetes provider. Please install it with: pip install apache-airflow[cncf.kubernetes]
[2025-09-27T23:43:37.306+0100] {processor.py:927} WARNING - No viable dags retrieved from /home/engineer/project/airflow_env/lib/python3.12/site-packages/airflow/example_dags/example_kubernetes_executor.py
[2025-09-27T23:43:37.314+0100] {processor.py:208} INFO - Processing /home/engineer/project/airflow_env/lib/python3.12/site-packages/airflow/example_dags/example_kubernetes_executor.py took 0.024 seconds
