[2025-09-27T23:26:32.453+0100] {processor.py:186} INFO - Started process (PID=19815) to work on /home/engineer/project/airflow_env/lib/python3.12/site-packages/airflow/example_dags/example_external_task_marker_dag.py
[2025-09-27T23:26:32.454+0100] {processor.py:914} INFO - Processing file /home/engineer/project/airflow_env/lib/python3.12/site-packages/airflow/example_dags/example_external_task_marker_dag.py for tasks to queue
[2025-09-27T23:26:32.456+0100] {logging_mixin.py:190} INFO - [2025-09-27T23:26:32.455+0100] {dagbag.py:588} INFO - Filling up the DagBag from /home/engineer/project/airflow_env/lib/python3.12/site-packages/airflow/example_dags/example_external_task_marker_dag.py
[2025-09-27T23:26:32.461+0100] {processor.py:925} INFO - DAG(s) 'example_external_task_marker_child', 'example_external_task_marker_parent' retrieved from /home/engineer/project/airflow_env/lib/python3.12/site-packages/airflow/example_dags/example_external_task_marker_dag.py
[2025-09-27T23:26:32.537+0100] {logging_mixin.py:190} INFO - [2025-09-27T23:26:32.537+0100] {override.py:1900} INFO - Created Permission View: can delete on DAG:example_external_task_marker_child
[2025-09-27T23:26:32.547+0100] {logging_mixin.py:190} INFO - [2025-09-27T23:26:32.546+0100] {override.py:1900} INFO - Created Permission View: can read on DAG:example_external_task_marker_child
[2025-09-27T23:26:32.554+0100] {logging_mixin.py:190} INFO - [2025-09-27T23:26:32.553+0100] {override.py:1900} INFO - Created Permission View: can edit on DAG:example_external_task_marker_child
[2025-09-27T23:26:32.565+0100] {logging_mixin.py:190} INFO - [2025-09-27T23:26:32.565+0100] {override.py:1900} INFO - Created Permission View: can delete on DAG Run:example_external_task_marker_child
[2025-09-27T23:26:32.572+0100] {logging_mixin.py:190} INFO - [2025-09-27T23:26:32.572+0100] {override.py:1900} INFO - Created Permission View: can read on DAG Run:example_external_task_marker_child
[2025-09-27T23:26:32.579+0100] {logging_mixin.py:190} INFO - [2025-09-27T23:26:32.578+0100] {override.py:1900} INFO - Created Permission View: can create on DAG Run:example_external_task_marker_child
[2025-09-27T23:26:32.586+0100] {logging_mixin.py:190} INFO - [2025-09-27T23:26:32.586+0100] {override.py:1900} INFO - Created Permission View: menu access on DAG Run:example_external_task_marker_child
[2025-09-27T23:26:32.601+0100] {logging_mixin.py:190} INFO - [2025-09-27T23:26:32.601+0100] {override.py:1900} INFO - Created Permission View: can delete on DAG:example_external_task_marker_parent
[2025-09-27T23:26:32.608+0100] {logging_mixin.py:190} INFO - [2025-09-27T23:26:32.607+0100] {override.py:1900} INFO - Created Permission View: can read on DAG:example_external_task_marker_parent
[2025-09-27T23:26:32.614+0100] {logging_mixin.py:190} INFO - [2025-09-27T23:26:32.613+0100] {override.py:1900} INFO - Created Permission View: can edit on DAG:example_external_task_marker_parent
[2025-09-27T23:26:32.623+0100] {logging_mixin.py:190} INFO - [2025-09-27T23:26:32.623+0100] {override.py:1900} INFO - Created Permission View: can delete on DAG Run:example_external_task_marker_parent
[2025-09-27T23:26:32.629+0100] {logging_mixin.py:190} INFO - [2025-09-27T23:26:32.629+0100] {override.py:1900} INFO - Created Permission View: can read on DAG Run:example_external_task_marker_parent
[2025-09-27T23:26:32.635+0100] {logging_mixin.py:190} INFO - [2025-09-27T23:26:32.634+0100] {override.py:1900} INFO - Created Permission View: can create on DAG Run:example_external_task_marker_parent
[2025-09-27T23:26:32.640+0100] {logging_mixin.py:190} INFO - [2025-09-27T23:26:32.640+0100] {override.py:1900} INFO - Created Permission View: menu access on DAG Run:example_external_task_marker_parent
[2025-09-27T23:26:32.641+0100] {logging_mixin.py:190} INFO - [2025-09-27T23:26:32.640+0100] {dag.py:3239} INFO - Sync 2 DAGs
[2025-09-27T23:26:32.650+0100] {logging_mixin.py:190} INFO - [2025-09-27T23:26:32.649+0100] {dag.py:3262} INFO - Creating ORM DAG for example_external_task_marker_parent
[2025-09-27T23:26:32.650+0100] {logging_mixin.py:190} INFO - [2025-09-27T23:26:32.650+0100] {dag.py:3262} INFO - Creating ORM DAG for example_external_task_marker_child
[2025-09-27T23:26:32.650+0100] {logging_mixin.py:190} INFO - [2025-09-27T23:26:32.650+0100] {dag.py:4180} INFO - Setting next_dagrun for example_external_task_marker_child to None, run_after=None
[2025-09-27T23:26:32.651+0100] {logging_mixin.py:190} INFO - [2025-09-27T23:26:32.651+0100] {dag.py:4180} INFO - Setting next_dagrun for example_external_task_marker_parent to None, run_after=None
[2025-09-27T23:26:32.667+0100] {processor.py:208} INFO - Processing /home/engineer/project/airflow_env/lib/python3.12/site-packages/airflow/example_dags/example_external_task_marker_dag.py took 0.218 seconds
[2025-09-27T23:27:32.209+0100] {processor.py:186} INFO - Started process (PID=20045) to work on /home/engineer/project/airflow_env/lib/python3.12/site-packages/airflow/example_dags/example_external_task_marker_dag.py
[2025-09-27T23:27:32.216+0100] {processor.py:914} INFO - Processing file /home/engineer/project/airflow_env/lib/python3.12/site-packages/airflow/example_dags/example_external_task_marker_dag.py for tasks to queue
[2025-09-27T23:27:32.217+0100] {logging_mixin.py:190} INFO - [2025-09-27T23:27:32.217+0100] {dagbag.py:588} INFO - Filling up the DagBag from /home/engineer/project/airflow_env/lib/python3.12/site-packages/airflow/example_dags/example_external_task_marker_dag.py
[2025-09-27T23:27:32.223+0100] {processor.py:925} INFO - DAG(s) 'example_external_task_marker_parent', 'example_external_task_marker_child' retrieved from /home/engineer/project/airflow_env/lib/python3.12/site-packages/airflow/example_dags/example_external_task_marker_dag.py
[2025-09-27T23:27:32.235+0100] {logging_mixin.py:190} INFO - [2025-09-27T23:27:32.235+0100] {dag.py:3239} INFO - Sync 2 DAGs
[2025-09-27T23:27:32.243+0100] {logging_mixin.py:190} INFO - [2025-09-27T23:27:32.243+0100] {dag.py:4180} INFO - Setting next_dagrun for example_external_task_marker_child to None, run_after=None
[2025-09-27T23:27:32.245+0100] {logging_mixin.py:190} INFO - [2025-09-27T23:27:32.245+0100] {dag.py:4180} INFO - Setting next_dagrun for example_external_task_marker_parent to None, run_after=None
[2025-09-27T23:27:32.262+0100] {processor.py:208} INFO - Processing /home/engineer/project/airflow_env/lib/python3.12/site-packages/airflow/example_dags/example_external_task_marker_dag.py took 0.057 seconds
[2025-09-27T23:28:25.862+0100] {processor.py:186} INFO - Started process (PID=20317) to work on /home/engineer/project/airflow_env/lib/python3.12/site-packages/airflow/example_dags/example_external_task_marker_dag.py
[2025-09-27T23:28:25.869+0100] {processor.py:914} INFO - Processing file /home/engineer/project/airflow_env/lib/python3.12/site-packages/airflow/example_dags/example_external_task_marker_dag.py for tasks to queue
[2025-09-27T23:28:25.870+0100] {logging_mixin.py:190} INFO - [2025-09-27T23:28:25.870+0100] {dagbag.py:588} INFO - Filling up the DagBag from /home/engineer/project/airflow_env/lib/python3.12/site-packages/airflow/example_dags/example_external_task_marker_dag.py
[2025-09-27T23:28:25.876+0100] {processor.py:925} INFO - DAG(s) 'example_external_task_marker_child', 'example_external_task_marker_parent' retrieved from /home/engineer/project/airflow_env/lib/python3.12/site-packages/airflow/example_dags/example_external_task_marker_dag.py
[2025-09-27T23:28:25.888+0100] {logging_mixin.py:190} INFO - [2025-09-27T23:28:25.888+0100] {dag.py:3239} INFO - Sync 2 DAGs
[2025-09-27T23:28:25.895+0100] {logging_mixin.py:190} INFO - [2025-09-27T23:28:25.895+0100] {dag.py:4180} INFO - Setting next_dagrun for example_external_task_marker_child to None, run_after=None
[2025-09-27T23:28:25.897+0100] {logging_mixin.py:190} INFO - [2025-09-27T23:28:25.897+0100] {dag.py:4180} INFO - Setting next_dagrun for example_external_task_marker_parent to None, run_after=None
[2025-09-27T23:28:25.912+0100] {processor.py:208} INFO - Processing /home/engineer/project/airflow_env/lib/python3.12/site-packages/airflow/example_dags/example_external_task_marker_dag.py took 0.054 seconds
[2025-09-27T23:29:12.841+0100] {processor.py:186} INFO - Started process (PID=20505) to work on /home/engineer/project/airflow_env/lib/python3.12/site-packages/airflow/example_dags/example_external_task_marker_dag.py
[2025-09-27T23:29:12.842+0100] {processor.py:914} INFO - Processing file /home/engineer/project/airflow_env/lib/python3.12/site-packages/airflow/example_dags/example_external_task_marker_dag.py for tasks to queue
[2025-09-27T23:29:12.844+0100] {logging_mixin.py:190} INFO - [2025-09-27T23:29:12.844+0100] {dagbag.py:588} INFO - Filling up the DagBag from /home/engineer/project/airflow_env/lib/python3.12/site-packages/airflow/example_dags/example_external_task_marker_dag.py
[2025-09-27T23:29:12.856+0100] {processor.py:925} INFO - DAG(s) 'example_external_task_marker_child', 'example_external_task_marker_parent' retrieved from /home/engineer/project/airflow_env/lib/python3.12/site-packages/airflow/example_dags/example_external_task_marker_dag.py
[2025-09-27T23:29:12.876+0100] {logging_mixin.py:190} INFO - [2025-09-27T23:29:12.876+0100] {dag.py:3239} INFO - Sync 2 DAGs
[2025-09-27T23:29:12.891+0100] {logging_mixin.py:190} INFO - [2025-09-27T23:29:12.890+0100] {dag.py:4180} INFO - Setting next_dagrun for example_external_task_marker_child to None, run_after=None
[2025-09-27T23:29:12.896+0100] {logging_mixin.py:190} INFO - [2025-09-27T23:29:12.895+0100] {dag.py:4180} INFO - Setting next_dagrun for example_external_task_marker_parent to None, run_after=None
[2025-09-27T23:29:12.918+0100] {processor.py:208} INFO - Processing /home/engineer/project/airflow_env/lib/python3.12/site-packages/airflow/example_dags/example_external_task_marker_dag.py took 0.083 seconds
[2025-09-27T23:29:59.113+0100] {processor.py:186} INFO - Started process (PID=20693) to work on /home/engineer/project/airflow_env/lib/python3.12/site-packages/airflow/example_dags/example_external_task_marker_dag.py
[2025-09-27T23:29:59.115+0100] {processor.py:914} INFO - Processing file /home/engineer/project/airflow_env/lib/python3.12/site-packages/airflow/example_dags/example_external_task_marker_dag.py for tasks to queue
[2025-09-27T23:29:59.116+0100] {logging_mixin.py:190} INFO - [2025-09-27T23:29:59.116+0100] {dagbag.py:588} INFO - Filling up the DagBag from /home/engineer/project/airflow_env/lib/python3.12/site-packages/airflow/example_dags/example_external_task_marker_dag.py
[2025-09-27T23:29:59.122+0100] {processor.py:925} INFO - DAG(s) 'example_external_task_marker_child', 'example_external_task_marker_parent' retrieved from /home/engineer/project/airflow_env/lib/python3.12/site-packages/airflow/example_dags/example_external_task_marker_dag.py
[2025-09-27T23:29:59.134+0100] {logging_mixin.py:190} INFO - [2025-09-27T23:29:59.134+0100] {dag.py:3239} INFO - Sync 2 DAGs
[2025-09-27T23:29:59.143+0100] {logging_mixin.py:190} INFO - [2025-09-27T23:29:59.143+0100] {dag.py:4180} INFO - Setting next_dagrun for example_external_task_marker_child to None, run_after=None
[2025-09-27T23:29:59.145+0100] {logging_mixin.py:190} INFO - [2025-09-27T23:29:59.145+0100] {dag.py:4180} INFO - Setting next_dagrun for example_external_task_marker_parent to None, run_after=None
[2025-09-27T23:29:59.160+0100] {processor.py:208} INFO - Processing /home/engineer/project/airflow_env/lib/python3.12/site-packages/airflow/example_dags/example_external_task_marker_dag.py took 0.050 seconds
[2025-09-27T23:30:44.348+0100] {processor.py:186} INFO - Started process (PID=20935) to work on /home/engineer/project/airflow_env/lib/python3.12/site-packages/airflow/example_dags/example_external_task_marker_dag.py
[2025-09-27T23:30:44.350+0100] {processor.py:914} INFO - Processing file /home/engineer/project/airflow_env/lib/python3.12/site-packages/airflow/example_dags/example_external_task_marker_dag.py for tasks to queue
[2025-09-27T23:30:44.353+0100] {logging_mixin.py:190} INFO - [2025-09-27T23:30:44.352+0100] {dagbag.py:588} INFO - Filling up the DagBag from /home/engineer/project/airflow_env/lib/python3.12/site-packages/airflow/example_dags/example_external_task_marker_dag.py
[2025-09-27T23:30:44.361+0100] {processor.py:925} INFO - DAG(s) 'example_external_task_marker_child', 'example_external_task_marker_parent' retrieved from /home/engineer/project/airflow_env/lib/python3.12/site-packages/airflow/example_dags/example_external_task_marker_dag.py
[2025-09-27T23:30:44.381+0100] {logging_mixin.py:190} INFO - [2025-09-27T23:30:44.381+0100] {dag.py:3239} INFO - Sync 2 DAGs
[2025-09-27T23:30:44.393+0100] {logging_mixin.py:190} INFO - [2025-09-27T23:30:44.393+0100] {dag.py:4180} INFO - Setting next_dagrun for example_external_task_marker_child to None, run_after=None
[2025-09-27T23:30:44.396+0100] {logging_mixin.py:190} INFO - [2025-09-27T23:30:44.396+0100] {dag.py:4180} INFO - Setting next_dagrun for example_external_task_marker_parent to None, run_after=None
[2025-09-27T23:30:44.415+0100] {processor.py:208} INFO - Processing /home/engineer/project/airflow_env/lib/python3.12/site-packages/airflow/example_dags/example_external_task_marker_dag.py took 0.073 seconds
[2025-09-27T23:31:36.885+0100] {processor.py:186} INFO - Started process (PID=21687) to work on /home/engineer/project/airflow_env/lib/python3.12/site-packages/airflow/example_dags/example_external_task_marker_dag.py
[2025-09-27T23:31:36.892+0100] {processor.py:914} INFO - Processing file /home/engineer/project/airflow_env/lib/python3.12/site-packages/airflow/example_dags/example_external_task_marker_dag.py for tasks to queue
[2025-09-27T23:31:36.894+0100] {logging_mixin.py:190} INFO - [2025-09-27T23:31:36.894+0100] {dagbag.py:588} INFO - Filling up the DagBag from /home/engineer/project/airflow_env/lib/python3.12/site-packages/airflow/example_dags/example_external_task_marker_dag.py
[2025-09-27T23:31:36.987+0100] {processor.py:925} INFO - DAG(s) 'example_external_task_marker_parent', 'example_external_task_marker_child' retrieved from /home/engineer/project/airflow_env/lib/python3.12/site-packages/airflow/example_dags/example_external_task_marker_dag.py
[2025-09-27T23:31:36.996+0100] {logging_mixin.py:190} INFO - [2025-09-27T23:31:36.996+0100] {dag.py:3239} INFO - Sync 2 DAGs
[2025-09-27T23:31:37.003+0100] {logging_mixin.py:190} INFO - [2025-09-27T23:31:37.003+0100] {dag.py:4180} INFO - Setting next_dagrun for example_external_task_marker_child to None, run_after=None
[2025-09-27T23:31:37.005+0100] {logging_mixin.py:190} INFO - [2025-09-27T23:31:37.005+0100] {dag.py:4180} INFO - Setting next_dagrun for example_external_task_marker_parent to None, run_after=None
[2025-09-27T23:31:37.021+0100] {processor.py:208} INFO - Processing /home/engineer/project/airflow_env/lib/python3.12/site-packages/airflow/example_dags/example_external_task_marker_dag.py took 0.140 seconds
[2025-09-27T23:32:29.993+0100] {processor.py:186} INFO - Started process (PID=21982) to work on /home/engineer/project/airflow_env/lib/python3.12/site-packages/airflow/example_dags/example_external_task_marker_dag.py
[2025-09-27T23:32:29.994+0100] {processor.py:914} INFO - Processing file /home/engineer/project/airflow_env/lib/python3.12/site-packages/airflow/example_dags/example_external_task_marker_dag.py for tasks to queue
[2025-09-27T23:32:29.996+0100] {logging_mixin.py:190} INFO - [2025-09-27T23:32:29.996+0100] {dagbag.py:588} INFO - Filling up the DagBag from /home/engineer/project/airflow_env/lib/python3.12/site-packages/airflow/example_dags/example_external_task_marker_dag.py
[2025-09-27T23:32:30.002+0100] {processor.py:925} INFO - DAG(s) 'example_external_task_marker_parent', 'example_external_task_marker_child' retrieved from /home/engineer/project/airflow_env/lib/python3.12/site-packages/airflow/example_dags/example_external_task_marker_dag.py
[2025-09-27T23:32:30.015+0100] {logging_mixin.py:190} INFO - [2025-09-27T23:32:30.015+0100] {dag.py:3239} INFO - Sync 2 DAGs
[2025-09-27T23:32:30.024+0100] {logging_mixin.py:190} INFO - [2025-09-27T23:32:30.023+0100] {dag.py:4180} INFO - Setting next_dagrun for example_external_task_marker_child to None, run_after=None
[2025-09-27T23:32:30.026+0100] {logging_mixin.py:190} INFO - [2025-09-27T23:32:30.026+0100] {dag.py:4180} INFO - Setting next_dagrun for example_external_task_marker_parent to None, run_after=None
[2025-09-27T23:32:30.041+0100] {processor.py:208} INFO - Processing /home/engineer/project/airflow_env/lib/python3.12/site-packages/airflow/example_dags/example_external_task_marker_dag.py took 0.052 seconds
[2025-09-27T23:33:18.403+0100] {processor.py:186} INFO - Started process (PID=22176) to work on /home/engineer/project/airflow_env/lib/python3.12/site-packages/airflow/example_dags/example_external_task_marker_dag.py
[2025-09-27T23:33:18.404+0100] {processor.py:914} INFO - Processing file /home/engineer/project/airflow_env/lib/python3.12/site-packages/airflow/example_dags/example_external_task_marker_dag.py for tasks to queue
[2025-09-27T23:33:18.406+0100] {logging_mixin.py:190} INFO - [2025-09-27T23:33:18.405+0100] {dagbag.py:588} INFO - Filling up the DagBag from /home/engineer/project/airflow_env/lib/python3.12/site-packages/airflow/example_dags/example_external_task_marker_dag.py
[2025-09-27T23:33:18.411+0100] {processor.py:925} INFO - DAG(s) 'example_external_task_marker_child', 'example_external_task_marker_parent' retrieved from /home/engineer/project/airflow_env/lib/python3.12/site-packages/airflow/example_dags/example_external_task_marker_dag.py
[2025-09-27T23:33:18.424+0100] {logging_mixin.py:190} INFO - [2025-09-27T23:33:18.424+0100] {dag.py:3239} INFO - Sync 2 DAGs
[2025-09-27T23:33:18.433+0100] {logging_mixin.py:190} INFO - [2025-09-27T23:33:18.433+0100] {dag.py:4180} INFO - Setting next_dagrun for example_external_task_marker_child to None, run_after=None
[2025-09-27T23:33:18.436+0100] {logging_mixin.py:190} INFO - [2025-09-27T23:33:18.436+0100] {dag.py:4180} INFO - Setting next_dagrun for example_external_task_marker_parent to None, run_after=None
[2025-09-27T23:33:18.452+0100] {processor.py:208} INFO - Processing /home/engineer/project/airflow_env/lib/python3.12/site-packages/airflow/example_dags/example_external_task_marker_dag.py took 0.054 seconds
[2025-09-27T23:34:06.451+0100] {processor.py:186} INFO - Started process (PID=22365) to work on /home/engineer/project/airflow_env/lib/python3.12/site-packages/airflow/example_dags/example_external_task_marker_dag.py
[2025-09-27T23:34:06.452+0100] {processor.py:914} INFO - Processing file /home/engineer/project/airflow_env/lib/python3.12/site-packages/airflow/example_dags/example_external_task_marker_dag.py for tasks to queue
[2025-09-27T23:34:06.454+0100] {logging_mixin.py:190} INFO - [2025-09-27T23:34:06.453+0100] {dagbag.py:588} INFO - Filling up the DagBag from /home/engineer/project/airflow_env/lib/python3.12/site-packages/airflow/example_dags/example_external_task_marker_dag.py
[2025-09-27T23:34:06.459+0100] {processor.py:925} INFO - DAG(s) 'example_external_task_marker_child', 'example_external_task_marker_parent' retrieved from /home/engineer/project/airflow_env/lib/python3.12/site-packages/airflow/example_dags/example_external_task_marker_dag.py
[2025-09-27T23:34:06.471+0100] {logging_mixin.py:190} INFO - [2025-09-27T23:34:06.471+0100] {dag.py:3239} INFO - Sync 2 DAGs
[2025-09-27T23:34:06.479+0100] {logging_mixin.py:190} INFO - [2025-09-27T23:34:06.479+0100] {dag.py:4180} INFO - Setting next_dagrun for example_external_task_marker_child to None, run_after=None
[2025-09-27T23:34:06.481+0100] {logging_mixin.py:190} INFO - [2025-09-27T23:34:06.481+0100] {dag.py:4180} INFO - Setting next_dagrun for example_external_task_marker_parent to None, run_after=None
[2025-09-27T23:34:06.495+0100] {processor.py:208} INFO - Processing /home/engineer/project/airflow_env/lib/python3.12/site-packages/airflow/example_dags/example_external_task_marker_dag.py took 0.047 seconds
[2025-09-27T23:34:57.788+0100] {processor.py:186} INFO - Started process (PID=22566) to work on /home/engineer/project/airflow_env/lib/python3.12/site-packages/airflow/example_dags/example_external_task_marker_dag.py
[2025-09-27T23:34:57.789+0100] {processor.py:914} INFO - Processing file /home/engineer/project/airflow_env/lib/python3.12/site-packages/airflow/example_dags/example_external_task_marker_dag.py for tasks to queue
[2025-09-27T23:34:57.791+0100] {logging_mixin.py:190} INFO - [2025-09-27T23:34:57.790+0100] {dagbag.py:588} INFO - Filling up the DagBag from /home/engineer/project/airflow_env/lib/python3.12/site-packages/airflow/example_dags/example_external_task_marker_dag.py
[2025-09-27T23:34:57.797+0100] {processor.py:925} INFO - DAG(s) 'example_external_task_marker_parent', 'example_external_task_marker_child' retrieved from /home/engineer/project/airflow_env/lib/python3.12/site-packages/airflow/example_dags/example_external_task_marker_dag.py
[2025-09-27T23:34:57.809+0100] {logging_mixin.py:190} INFO - [2025-09-27T23:34:57.809+0100] {dag.py:3239} INFO - Sync 2 DAGs
[2025-09-27T23:34:57.817+0100] {logging_mixin.py:190} INFO - [2025-09-27T23:34:57.817+0100] {dag.py:4180} INFO - Setting next_dagrun for example_external_task_marker_child to None, run_after=None
[2025-09-27T23:34:57.819+0100] {logging_mixin.py:190} INFO - [2025-09-27T23:34:57.819+0100] {dag.py:4180} INFO - Setting next_dagrun for example_external_task_marker_parent to None, run_after=None
[2025-09-27T23:34:57.833+0100] {processor.py:208} INFO - Processing /home/engineer/project/airflow_env/lib/python3.12/site-packages/airflow/example_dags/example_external_task_marker_dag.py took 0.050 seconds
[2025-09-27T23:35:44.966+0100] {processor.py:186} INFO - Started process (PID=22755) to work on /home/engineer/project/airflow_env/lib/python3.12/site-packages/airflow/example_dags/example_external_task_marker_dag.py
[2025-09-27T23:35:44.973+0100] {processor.py:914} INFO - Processing file /home/engineer/project/airflow_env/lib/python3.12/site-packages/airflow/example_dags/example_external_task_marker_dag.py for tasks to queue
[2025-09-27T23:35:44.975+0100] {logging_mixin.py:190} INFO - [2025-09-27T23:35:44.975+0100] {dagbag.py:588} INFO - Filling up the DagBag from /home/engineer/project/airflow_env/lib/python3.12/site-packages/airflow/example_dags/example_external_task_marker_dag.py
[2025-09-27T23:35:44.981+0100] {processor.py:925} INFO - DAG(s) 'example_external_task_marker_parent', 'example_external_task_marker_child' retrieved from /home/engineer/project/airflow_env/lib/python3.12/site-packages/airflow/example_dags/example_external_task_marker_dag.py
[2025-09-27T23:35:44.993+0100] {logging_mixin.py:190} INFO - [2025-09-27T23:35:44.993+0100] {dag.py:3239} INFO - Sync 2 DAGs
[2025-09-27T23:35:45.001+0100] {logging_mixin.py:190} INFO - [2025-09-27T23:35:45.001+0100] {dag.py:4180} INFO - Setting next_dagrun for example_external_task_marker_child to None, run_after=None
[2025-09-27T23:35:45.003+0100] {logging_mixin.py:190} INFO - [2025-09-27T23:35:45.003+0100] {dag.py:4180} INFO - Setting next_dagrun for example_external_task_marker_parent to None, run_after=None
[2025-09-27T23:35:45.017+0100] {processor.py:208} INFO - Processing /home/engineer/project/airflow_env/lib/python3.12/site-packages/airflow/example_dags/example_external_task_marker_dag.py took 0.055 seconds
[2025-09-27T23:36:35.437+0100] {processor.py:186} INFO - Started process (PID=22980) to work on /home/engineer/project/airflow_env/lib/python3.12/site-packages/airflow/example_dags/example_external_task_marker_dag.py
[2025-09-27T23:36:35.439+0100] {processor.py:914} INFO - Processing file /home/engineer/project/airflow_env/lib/python3.12/site-packages/airflow/example_dags/example_external_task_marker_dag.py for tasks to queue
[2025-09-27T23:36:35.440+0100] {logging_mixin.py:190} INFO - [2025-09-27T23:36:35.439+0100] {dagbag.py:588} INFO - Filling up the DagBag from /home/engineer/project/airflow_env/lib/python3.12/site-packages/airflow/example_dags/example_external_task_marker_dag.py
[2025-09-27T23:36:35.445+0100] {processor.py:925} INFO - DAG(s) 'example_external_task_marker_parent', 'example_external_task_marker_child' retrieved from /home/engineer/project/airflow_env/lib/python3.12/site-packages/airflow/example_dags/example_external_task_marker_dag.py
[2025-09-27T23:36:35.458+0100] {logging_mixin.py:190} INFO - [2025-09-27T23:36:35.457+0100] {dag.py:3239} INFO - Sync 2 DAGs
[2025-09-27T23:36:35.466+0100] {logging_mixin.py:190} INFO - [2025-09-27T23:36:35.466+0100] {dag.py:4180} INFO - Setting next_dagrun for example_external_task_marker_child to None, run_after=None
[2025-09-27T23:36:35.468+0100] {logging_mixin.py:190} INFO - [2025-09-27T23:36:35.468+0100] {dag.py:4180} INFO - Setting next_dagrun for example_external_task_marker_parent to None, run_after=None
[2025-09-27T23:36:35.482+0100] {processor.py:208} INFO - Processing /home/engineer/project/airflow_env/lib/python3.12/site-packages/airflow/example_dags/example_external_task_marker_dag.py took 0.048 seconds
[2025-09-27T23:37:22.799+0100] {processor.py:186} INFO - Started process (PID=23170) to work on /home/engineer/project/airflow_env/lib/python3.12/site-packages/airflow/example_dags/example_external_task_marker_dag.py
[2025-09-27T23:37:22.806+0100] {processor.py:914} INFO - Processing file /home/engineer/project/airflow_env/lib/python3.12/site-packages/airflow/example_dags/example_external_task_marker_dag.py for tasks to queue
[2025-09-27T23:37:22.807+0100] {logging_mixin.py:190} INFO - [2025-09-27T23:37:22.807+0100] {dagbag.py:588} INFO - Filling up the DagBag from /home/engineer/project/airflow_env/lib/python3.12/site-packages/airflow/example_dags/example_external_task_marker_dag.py
[2025-09-27T23:37:22.813+0100] {processor.py:925} INFO - DAG(s) 'example_external_task_marker_child', 'example_external_task_marker_parent' retrieved from /home/engineer/project/airflow_env/lib/python3.12/site-packages/airflow/example_dags/example_external_task_marker_dag.py
[2025-09-27T23:37:22.827+0100] {logging_mixin.py:190} INFO - [2025-09-27T23:37:22.827+0100] {dag.py:3239} INFO - Sync 2 DAGs
[2025-09-27T23:37:22.837+0100] {logging_mixin.py:190} INFO - [2025-09-27T23:37:22.837+0100] {dag.py:4180} INFO - Setting next_dagrun for example_external_task_marker_child to None, run_after=None
[2025-09-27T23:37:22.839+0100] {logging_mixin.py:190} INFO - [2025-09-27T23:37:22.839+0100] {dag.py:4180} INFO - Setting next_dagrun for example_external_task_marker_parent to None, run_after=None
[2025-09-27T23:37:22.854+0100] {processor.py:208} INFO - Processing /home/engineer/project/airflow_env/lib/python3.12/site-packages/airflow/example_dags/example_external_task_marker_dag.py took 0.059 seconds
[2025-09-27T23:38:48.373+0100] {processor.py:186} INFO - Started process (PID=23412) to work on /home/engineer/project/airflow_env/lib/python3.12/site-packages/airflow/example_dags/example_external_task_marker_dag.py
[2025-09-27T23:38:48.375+0100] {processor.py:914} INFO - Processing file /home/engineer/project/airflow_env/lib/python3.12/site-packages/airflow/example_dags/example_external_task_marker_dag.py for tasks to queue
[2025-09-27T23:38:48.376+0100] {logging_mixin.py:190} INFO - [2025-09-27T23:38:48.376+0100] {dagbag.py:588} INFO - Filling up the DagBag from /home/engineer/project/airflow_env/lib/python3.12/site-packages/airflow/example_dags/example_external_task_marker_dag.py
[2025-09-27T23:38:48.384+0100] {processor.py:925} INFO - DAG(s) 'example_external_task_marker_parent', 'example_external_task_marker_child' retrieved from /home/engineer/project/airflow_env/lib/python3.12/site-packages/airflow/example_dags/example_external_task_marker_dag.py
[2025-09-27T23:38:48.400+0100] {logging_mixin.py:190} INFO - [2025-09-27T23:38:48.400+0100] {dag.py:3239} INFO - Sync 2 DAGs
[2025-09-27T23:38:48.412+0100] {logging_mixin.py:190} INFO - [2025-09-27T23:38:48.412+0100] {dag.py:4180} INFO - Setting next_dagrun for example_external_task_marker_child to None, run_after=None
[2025-09-27T23:38:48.415+0100] {logging_mixin.py:190} INFO - [2025-09-27T23:38:48.414+0100] {dag.py:4180} INFO - Setting next_dagrun for example_external_task_marker_parent to None, run_after=None
[2025-09-27T23:38:48.431+0100] {processor.py:208} INFO - Processing /home/engineer/project/airflow_env/lib/python3.12/site-packages/airflow/example_dags/example_external_task_marker_dag.py took 0.064 seconds
[2025-09-27T23:39:37.742+0100] {processor.py:186} INFO - Started process (PID=23613) to work on /home/engineer/project/airflow_env/lib/python3.12/site-packages/airflow/example_dags/example_external_task_marker_dag.py
[2025-09-27T23:39:37.749+0100] {processor.py:914} INFO - Processing file /home/engineer/project/airflow_env/lib/python3.12/site-packages/airflow/example_dags/example_external_task_marker_dag.py for tasks to queue
[2025-09-27T23:39:37.750+0100] {logging_mixin.py:190} INFO - [2025-09-27T23:39:37.750+0100] {dagbag.py:588} INFO - Filling up the DagBag from /home/engineer/project/airflow_env/lib/python3.12/site-packages/airflow/example_dags/example_external_task_marker_dag.py
[2025-09-27T23:39:37.756+0100] {processor.py:925} INFO - DAG(s) 'example_external_task_marker_parent', 'example_external_task_marker_child' retrieved from /home/engineer/project/airflow_env/lib/python3.12/site-packages/airflow/example_dags/example_external_task_marker_dag.py
[2025-09-27T23:39:37.768+0100] {logging_mixin.py:190} INFO - [2025-09-27T23:39:37.768+0100] {dag.py:3239} INFO - Sync 2 DAGs
[2025-09-27T23:39:37.778+0100] {logging_mixin.py:190} INFO - [2025-09-27T23:39:37.777+0100] {dag.py:4180} INFO - Setting next_dagrun for example_external_task_marker_child to None, run_after=None
[2025-09-27T23:39:37.780+0100] {logging_mixin.py:190} INFO - [2025-09-27T23:39:37.780+0100] {dag.py:4180} INFO - Setting next_dagrun for example_external_task_marker_parent to None, run_after=None
[2025-09-27T23:39:37.794+0100] {processor.py:208} INFO - Processing /home/engineer/project/airflow_env/lib/python3.12/site-packages/airflow/example_dags/example_external_task_marker_dag.py took 0.056 seconds
[2025-09-27T23:40:26.862+0100] {processor.py:186} INFO - Started process (PID=23809) to work on /home/engineer/project/airflow_env/lib/python3.12/site-packages/airflow/example_dags/example_external_task_marker_dag.py
[2025-09-27T23:40:26.863+0100] {processor.py:914} INFO - Processing file /home/engineer/project/airflow_env/lib/python3.12/site-packages/airflow/example_dags/example_external_task_marker_dag.py for tasks to queue
[2025-09-27T23:40:26.865+0100] {logging_mixin.py:190} INFO - [2025-09-27T23:40:26.864+0100] {dagbag.py:588} INFO - Filling up the DagBag from /home/engineer/project/airflow_env/lib/python3.12/site-packages/airflow/example_dags/example_external_task_marker_dag.py
[2025-09-27T23:40:26.873+0100] {processor.py:925} INFO - DAG(s) 'example_external_task_marker_parent', 'example_external_task_marker_child' retrieved from /home/engineer/project/airflow_env/lib/python3.12/site-packages/airflow/example_dags/example_external_task_marker_dag.py
[2025-09-27T23:40:26.889+0100] {logging_mixin.py:190} INFO - [2025-09-27T23:40:26.889+0100] {dag.py:3239} INFO - Sync 2 DAGs
[2025-09-27T23:40:26.906+0100] {logging_mixin.py:190} INFO - [2025-09-27T23:40:26.906+0100] {dag.py:4180} INFO - Setting next_dagrun for example_external_task_marker_child to None, run_after=None
[2025-09-27T23:40:26.911+0100] {logging_mixin.py:190} INFO - [2025-09-27T23:40:26.910+0100] {dag.py:4180} INFO - Setting next_dagrun for example_external_task_marker_parent to None, run_after=None
[2025-09-27T23:40:26.933+0100] {processor.py:208} INFO - Processing /home/engineer/project/airflow_env/lib/python3.12/site-packages/airflow/example_dags/example_external_task_marker_dag.py took 0.075 seconds
[2025-09-27T23:41:16.209+0100] {processor.py:186} INFO - Started process (PID=24004) to work on /home/engineer/project/airflow_env/lib/python3.12/site-packages/airflow/example_dags/example_external_task_marker_dag.py
[2025-09-27T23:41:16.216+0100] {processor.py:914} INFO - Processing file /home/engineer/project/airflow_env/lib/python3.12/site-packages/airflow/example_dags/example_external_task_marker_dag.py for tasks to queue
[2025-09-27T23:41:16.217+0100] {logging_mixin.py:190} INFO - [2025-09-27T23:41:16.217+0100] {dagbag.py:588} INFO - Filling up the DagBag from /home/engineer/project/airflow_env/lib/python3.12/site-packages/airflow/example_dags/example_external_task_marker_dag.py
[2025-09-27T23:41:16.224+0100] {processor.py:925} INFO - DAG(s) 'example_external_task_marker_child', 'example_external_task_marker_parent' retrieved from /home/engineer/project/airflow_env/lib/python3.12/site-packages/airflow/example_dags/example_external_task_marker_dag.py
[2025-09-27T23:41:16.238+0100] {logging_mixin.py:190} INFO - [2025-09-27T23:41:16.238+0100] {dag.py:3239} INFO - Sync 2 DAGs
[2025-09-27T23:41:16.249+0100] {logging_mixin.py:190} INFO - [2025-09-27T23:41:16.249+0100] {dag.py:4180} INFO - Setting next_dagrun for example_external_task_marker_child to None, run_after=None
[2025-09-27T23:41:16.251+0100] {logging_mixin.py:190} INFO - [2025-09-27T23:41:16.251+0100] {dag.py:4180} INFO - Setting next_dagrun for example_external_task_marker_parent to None, run_after=None
[2025-09-27T23:41:16.270+0100] {processor.py:208} INFO - Processing /home/engineer/project/airflow_env/lib/python3.12/site-packages/airflow/example_dags/example_external_task_marker_dag.py took 0.065 seconds
[2025-09-27T23:42:06.892+0100] {processor.py:186} INFO - Started process (PID=24225) to work on /home/engineer/project/airflow_env/lib/python3.12/site-packages/airflow/example_dags/example_external_task_marker_dag.py
[2025-09-27T23:42:06.893+0100] {processor.py:914} INFO - Processing file /home/engineer/project/airflow_env/lib/python3.12/site-packages/airflow/example_dags/example_external_task_marker_dag.py for tasks to queue
[2025-09-27T23:42:06.894+0100] {logging_mixin.py:190} INFO - [2025-09-27T23:42:06.893+0100] {dagbag.py:588} INFO - Filling up the DagBag from /home/engineer/project/airflow_env/lib/python3.12/site-packages/airflow/example_dags/example_external_task_marker_dag.py
[2025-09-27T23:42:06.900+0100] {processor.py:925} INFO - DAG(s) 'example_external_task_marker_parent', 'example_external_task_marker_child' retrieved from /home/engineer/project/airflow_env/lib/python3.12/site-packages/airflow/example_dags/example_external_task_marker_dag.py
[2025-09-27T23:42:06.913+0100] {logging_mixin.py:190} INFO - [2025-09-27T23:42:06.913+0100] {dag.py:3239} INFO - Sync 2 DAGs
[2025-09-27T23:42:06.922+0100] {logging_mixin.py:190} INFO - [2025-09-27T23:42:06.922+0100] {dag.py:4180} INFO - Setting next_dagrun for example_external_task_marker_child to None, run_after=None
[2025-09-27T23:42:06.924+0100] {logging_mixin.py:190} INFO - [2025-09-27T23:42:06.924+0100] {dag.py:4180} INFO - Setting next_dagrun for example_external_task_marker_parent to None, run_after=None
[2025-09-27T23:42:06.942+0100] {processor.py:208} INFO - Processing /home/engineer/project/airflow_env/lib/python3.12/site-packages/airflow/example_dags/example_external_task_marker_dag.py took 0.054 seconds
[2025-09-27T23:42:56.461+0100] {processor.py:186} INFO - Started process (PID=24422) to work on /home/engineer/project/airflow_env/lib/python3.12/site-packages/airflow/example_dags/example_external_task_marker_dag.py
[2025-09-27T23:42:56.462+0100] {processor.py:914} INFO - Processing file /home/engineer/project/airflow_env/lib/python3.12/site-packages/airflow/example_dags/example_external_task_marker_dag.py for tasks to queue
[2025-09-27T23:42:56.464+0100] {logging_mixin.py:190} INFO - [2025-09-27T23:42:56.464+0100] {dagbag.py:588} INFO - Filling up the DagBag from /home/engineer/project/airflow_env/lib/python3.12/site-packages/airflow/example_dags/example_external_task_marker_dag.py
[2025-09-27T23:42:56.473+0100] {processor.py:925} INFO - DAG(s) 'example_external_task_marker_child', 'example_external_task_marker_parent' retrieved from /home/engineer/project/airflow_env/lib/python3.12/site-packages/airflow/example_dags/example_external_task_marker_dag.py
[2025-09-27T23:42:56.488+0100] {logging_mixin.py:190} INFO - [2025-09-27T23:42:56.487+0100] {dag.py:3239} INFO - Sync 2 DAGs
[2025-09-27T23:42:56.499+0100] {logging_mixin.py:190} INFO - [2025-09-27T23:42:56.499+0100] {dag.py:4180} INFO - Setting next_dagrun for example_external_task_marker_child to None, run_after=None
[2025-09-27T23:42:56.502+0100] {logging_mixin.py:190} INFO - [2025-09-27T23:42:56.502+0100] {dag.py:4180} INFO - Setting next_dagrun for example_external_task_marker_parent to None, run_after=None
[2025-09-27T23:42:56.518+0100] {processor.py:208} INFO - Processing /home/engineer/project/airflow_env/lib/python3.12/site-packages/airflow/example_dags/example_external_task_marker_dag.py took 0.064 seconds
[2025-09-27T23:43:48.719+0100] {processor.py:186} INFO - Started process (PID=24694) to work on /home/engineer/project/airflow_env/lib/python3.12/site-packages/airflow/example_dags/example_external_task_marker_dag.py
[2025-09-27T23:43:48.726+0100] {processor.py:914} INFO - Processing file /home/engineer/project/airflow_env/lib/python3.12/site-packages/airflow/example_dags/example_external_task_marker_dag.py for tasks to queue
[2025-09-27T23:43:48.727+0100] {logging_mixin.py:190} INFO - [2025-09-27T23:43:48.726+0100] {dagbag.py:588} INFO - Filling up the DagBag from /home/engineer/project/airflow_env/lib/python3.12/site-packages/airflow/example_dags/example_external_task_marker_dag.py
[2025-09-27T23:43:48.734+0100] {processor.py:925} INFO - DAG(s) 'example_external_task_marker_child', 'example_external_task_marker_parent' retrieved from /home/engineer/project/airflow_env/lib/python3.12/site-packages/airflow/example_dags/example_external_task_marker_dag.py
[2025-09-27T23:43:48.751+0100] {logging_mixin.py:190} INFO - [2025-09-27T23:43:48.750+0100] {dag.py:3239} INFO - Sync 2 DAGs
[2025-09-27T23:43:48.762+0100] {logging_mixin.py:190} INFO - [2025-09-27T23:43:48.762+0100] {dag.py:4180} INFO - Setting next_dagrun for example_external_task_marker_child to None, run_after=None
[2025-09-27T23:43:48.764+0100] {logging_mixin.py:190} INFO - [2025-09-27T23:43:48.764+0100] {dag.py:4180} INFO - Setting next_dagrun for example_external_task_marker_parent to None, run_after=None
[2025-09-27T23:43:48.781+0100] {processor.py:208} INFO - Processing /home/engineer/project/airflow_env/lib/python3.12/site-packages/airflow/example_dags/example_external_task_marker_dag.py took 0.068 seconds
