[2025-09-27T23:27:01.162+0100] {processor.py:186} INFO - Started process (PID=19926) to work on /home/engineer/project/airflow_env/lib/python3.12/site-packages/airflow/example_dags/example_dynamic_task_mapping_with_no_taskflow_operators.py
[2025-09-27T23:27:01.163+0100] {processor.py:914} INFO - Processing file /home/engineer/project/airflow_env/lib/python3.12/site-packages/airflow/example_dags/example_dynamic_task_mapping_with_no_taskflow_operators.py for tasks to queue
[2025-09-27T23:27:01.164+0100] {logging_mixin.py:190} INFO - [2025-09-27T23:27:01.164+0100] {dagbag.py:588} INFO - Filling up the DagBag from /home/engineer/project/airflow_env/lib/python3.12/site-packages/airflow/example_dags/example_dynamic_task_mapping_with_no_taskflow_operators.py
[2025-09-27T23:27:01.170+0100] {processor.py:925} INFO - DAG(s) 'example_dynamic_task_mapping_with_no_taskflow_operators' retrieved from /home/engineer/project/airflow_env/lib/python3.12/site-packages/airflow/example_dags/example_dynamic_task_mapping_with_no_taskflow_operators.py
[2025-09-27T23:27:01.248+0100] {logging_mixin.py:190} INFO - [2025-09-27T23:27:01.247+0100] {override.py:1900} INFO - Created Permission View: can delete on DAG:example_dynamic_task_mapping_with_no_taskflow_operators
[2025-09-27T23:27:01.257+0100] {logging_mixin.py:190} INFO - [2025-09-27T23:27:01.257+0100] {override.py:1900} INFO - Created Permission View: can read on DAG:example_dynamic_task_mapping_with_no_taskflow_operators
[2025-09-27T23:27:01.263+0100] {logging_mixin.py:190} INFO - [2025-09-27T23:27:01.263+0100] {override.py:1900} INFO - Created Permission View: can edit on DAG:example_dynamic_task_mapping_with_no_taskflow_operators
[2025-09-27T23:27:01.274+0100] {logging_mixin.py:190} INFO - [2025-09-27T23:27:01.273+0100] {override.py:1900} INFO - Created Permission View: can delete on DAG Run:example_dynamic_task_mapping_with_no_taskflow_operators
[2025-09-27T23:27:01.279+0100] {logging_mixin.py:190} INFO - [2025-09-27T23:27:01.279+0100] {override.py:1900} INFO - Created Permission View: can read on DAG Run:example_dynamic_task_mapping_with_no_taskflow_operators
[2025-09-27T23:27:01.286+0100] {logging_mixin.py:190} INFO - [2025-09-27T23:27:01.286+0100] {override.py:1900} INFO - Created Permission View: can create on DAG Run:example_dynamic_task_mapping_with_no_taskflow_operators
[2025-09-27T23:27:01.291+0100] {logging_mixin.py:190} INFO - [2025-09-27T23:27:01.291+0100] {override.py:1900} INFO - Created Permission View: menu access on DAG Run:example_dynamic_task_mapping_with_no_taskflow_operators
[2025-09-27T23:27:01.292+0100] {logging_mixin.py:190} INFO - [2025-09-27T23:27:01.292+0100] {dag.py:3239} INFO - Sync 1 DAGs
[2025-09-27T23:27:01.300+0100] {logging_mixin.py:190} INFO - [2025-09-27T23:27:01.300+0100] {dag.py:3262} INFO - Creating ORM DAG for example_dynamic_task_mapping_with_no_taskflow_operators
[2025-09-27T23:27:01.300+0100] {logging_mixin.py:190} INFO - [2025-09-27T23:27:01.300+0100] {dag.py:4180} INFO - Setting next_dagrun for example_dynamic_task_mapping_with_no_taskflow_operators to None, run_after=None
[2025-09-27T23:27:01.312+0100] {processor.py:208} INFO - Processing /home/engineer/project/airflow_env/lib/python3.12/site-packages/airflow/example_dags/example_dynamic_task_mapping_with_no_taskflow_operators.py took 0.154 seconds
[2025-09-27T23:27:58.761+0100] {processor.py:186} INFO - Started process (PID=20211) to work on /home/engineer/project/airflow_env/lib/python3.12/site-packages/airflow/example_dags/example_dynamic_task_mapping_with_no_taskflow_operators.py
[2025-09-27T23:27:58.762+0100] {processor.py:914} INFO - Processing file /home/engineer/project/airflow_env/lib/python3.12/site-packages/airflow/example_dags/example_dynamic_task_mapping_with_no_taskflow_operators.py for tasks to queue
[2025-09-27T23:27:58.763+0100] {logging_mixin.py:190} INFO - [2025-09-27T23:27:58.763+0100] {dagbag.py:588} INFO - Filling up the DagBag from /home/engineer/project/airflow_env/lib/python3.12/site-packages/airflow/example_dags/example_dynamic_task_mapping_with_no_taskflow_operators.py
[2025-09-27T23:27:58.769+0100] {processor.py:925} INFO - DAG(s) 'example_dynamic_task_mapping_with_no_taskflow_operators' retrieved from /home/engineer/project/airflow_env/lib/python3.12/site-packages/airflow/example_dags/example_dynamic_task_mapping_with_no_taskflow_operators.py
[2025-09-27T23:27:58.779+0100] {logging_mixin.py:190} INFO - [2025-09-27T23:27:58.779+0100] {dag.py:3239} INFO - Sync 1 DAGs
[2025-09-27T23:27:58.789+0100] {logging_mixin.py:190} INFO - [2025-09-27T23:27:58.788+0100] {dag.py:4180} INFO - Setting next_dagrun for example_dynamic_task_mapping_with_no_taskflow_operators to None, run_after=None
[2025-09-27T23:27:58.805+0100] {processor.py:208} INFO - Processing /home/engineer/project/airflow_env/lib/python3.12/site-packages/airflow/example_dags/example_dynamic_task_mapping_with_no_taskflow_operators.py took 0.048 seconds
[2025-09-27T23:28:51.728+0100] {processor.py:186} INFO - Started process (PID=20423) to work on /home/engineer/project/airflow_env/lib/python3.12/site-packages/airflow/example_dags/example_dynamic_task_mapping_with_no_taskflow_operators.py
[2025-09-27T23:28:51.729+0100] {processor.py:914} INFO - Processing file /home/engineer/project/airflow_env/lib/python3.12/site-packages/airflow/example_dags/example_dynamic_task_mapping_with_no_taskflow_operators.py for tasks to queue
[2025-09-27T23:28:51.730+0100] {logging_mixin.py:190} INFO - [2025-09-27T23:28:51.730+0100] {dagbag.py:588} INFO - Filling up the DagBag from /home/engineer/project/airflow_env/lib/python3.12/site-packages/airflow/example_dags/example_dynamic_task_mapping_with_no_taskflow_operators.py
[2025-09-27T23:28:51.737+0100] {processor.py:925} INFO - DAG(s) 'example_dynamic_task_mapping_with_no_taskflow_operators' retrieved from /home/engineer/project/airflow_env/lib/python3.12/site-packages/airflow/example_dags/example_dynamic_task_mapping_with_no_taskflow_operators.py
[2025-09-27T23:28:51.749+0100] {logging_mixin.py:190} INFO - [2025-09-27T23:28:51.748+0100] {dag.py:3239} INFO - Sync 1 DAGs
[2025-09-27T23:28:51.758+0100] {logging_mixin.py:190} INFO - [2025-09-27T23:28:51.758+0100] {dag.py:4180} INFO - Setting next_dagrun for example_dynamic_task_mapping_with_no_taskflow_operators to None, run_after=None
[2025-09-27T23:28:51.776+0100] {processor.py:208} INFO - Processing /home/engineer/project/airflow_env/lib/python3.12/site-packages/airflow/example_dags/example_dynamic_task_mapping_with_no_taskflow_operators.py took 0.053 seconds
[2025-09-27T23:29:43.690+0100] {processor.py:186} INFO - Started process (PID=20628) to work on /home/engineer/project/airflow_env/lib/python3.12/site-packages/airflow/example_dags/example_dynamic_task_mapping_with_no_taskflow_operators.py
[2025-09-27T23:29:43.691+0100] {processor.py:914} INFO - Processing file /home/engineer/project/airflow_env/lib/python3.12/site-packages/airflow/example_dags/example_dynamic_task_mapping_with_no_taskflow_operators.py for tasks to queue
[2025-09-27T23:29:43.692+0100] {logging_mixin.py:190} INFO - [2025-09-27T23:29:43.692+0100] {dagbag.py:588} INFO - Filling up the DagBag from /home/engineer/project/airflow_env/lib/python3.12/site-packages/airflow/example_dags/example_dynamic_task_mapping_with_no_taskflow_operators.py
[2025-09-27T23:29:43.698+0100] {processor.py:925} INFO - DAG(s) 'example_dynamic_task_mapping_with_no_taskflow_operators' retrieved from /home/engineer/project/airflow_env/lib/python3.12/site-packages/airflow/example_dags/example_dynamic_task_mapping_with_no_taskflow_operators.py
[2025-09-27T23:29:43.709+0100] {logging_mixin.py:190} INFO - [2025-09-27T23:29:43.709+0100] {dag.py:3239} INFO - Sync 1 DAGs
[2025-09-27T23:29:43.718+0100] {logging_mixin.py:190} INFO - [2025-09-27T23:29:43.718+0100] {dag.py:4180} INFO - Setting next_dagrun for example_dynamic_task_mapping_with_no_taskflow_operators to None, run_after=None
[2025-09-27T23:29:43.734+0100] {processor.py:208} INFO - Processing /home/engineer/project/airflow_env/lib/python3.12/site-packages/airflow/example_dags/example_dynamic_task_mapping_with_no_taskflow_operators.py took 0.048 seconds
[2025-09-27T23:30:53.349+0100] {processor.py:186} INFO - Started process (PID=21141) to work on /home/engineer/project/airflow_env/lib/python3.12/site-packages/airflow/example_dags/example_dynamic_task_mapping_with_no_taskflow_operators.py
[2025-09-27T23:30:53.356+0100] {processor.py:914} INFO - Processing file /home/engineer/project/airflow_env/lib/python3.12/site-packages/airflow/example_dags/example_dynamic_task_mapping_with_no_taskflow_operators.py for tasks to queue
[2025-09-27T23:30:53.359+0100] {logging_mixin.py:190} INFO - [2025-09-27T23:30:53.358+0100] {dagbag.py:588} INFO - Filling up the DagBag from /home/engineer/project/airflow_env/lib/python3.12/site-packages/airflow/example_dags/example_dynamic_task_mapping_with_no_taskflow_operators.py
[2025-09-27T23:30:53.366+0100] {processor.py:925} INFO - DAG(s) 'example_dynamic_task_mapping_with_no_taskflow_operators' retrieved from /home/engineer/project/airflow_env/lib/python3.12/site-packages/airflow/example_dags/example_dynamic_task_mapping_with_no_taskflow_operators.py
[2025-09-27T23:30:53.380+0100] {logging_mixin.py:190} INFO - [2025-09-27T23:30:53.380+0100] {dag.py:3239} INFO - Sync 1 DAGs
[2025-09-27T23:30:53.392+0100] {logging_mixin.py:190} INFO - [2025-09-27T23:30:53.392+0100] {dag.py:4180} INFO - Setting next_dagrun for example_dynamic_task_mapping_with_no_taskflow_operators to None, run_after=None
[2025-09-27T23:30:53.410+0100] {processor.py:208} INFO - Processing /home/engineer/project/airflow_env/lib/python3.12/site-packages/airflow/example_dags/example_dynamic_task_mapping_with_no_taskflow_operators.py took 0.066 seconds
[2025-09-27T23:32:09.428+0100] {processor.py:186} INFO - Started process (PID=21899) to work on /home/engineer/project/airflow_env/lib/python3.12/site-packages/airflow/example_dags/example_dynamic_task_mapping_with_no_taskflow_operators.py
[2025-09-27T23:32:09.435+0100] {processor.py:914} INFO - Processing file /home/engineer/project/airflow_env/lib/python3.12/site-packages/airflow/example_dags/example_dynamic_task_mapping_with_no_taskflow_operators.py for tasks to queue
[2025-09-27T23:32:09.437+0100] {logging_mixin.py:190} INFO - [2025-09-27T23:32:09.436+0100] {dagbag.py:588} INFO - Filling up the DagBag from /home/engineer/project/airflow_env/lib/python3.12/site-packages/airflow/example_dags/example_dynamic_task_mapping_with_no_taskflow_operators.py
[2025-09-27T23:32:09.443+0100] {processor.py:925} INFO - DAG(s) 'example_dynamic_task_mapping_with_no_taskflow_operators' retrieved from /home/engineer/project/airflow_env/lib/python3.12/site-packages/airflow/example_dags/example_dynamic_task_mapping_with_no_taskflow_operators.py
[2025-09-27T23:32:09.453+0100] {logging_mixin.py:190} INFO - [2025-09-27T23:32:09.453+0100] {dag.py:3239} INFO - Sync 1 DAGs
[2025-09-27T23:32:09.462+0100] {logging_mixin.py:190} INFO - [2025-09-27T23:32:09.461+0100] {dag.py:4180} INFO - Setting next_dagrun for example_dynamic_task_mapping_with_no_taskflow_operators to None, run_after=None
[2025-09-27T23:32:09.477+0100] {processor.py:208} INFO - Processing /home/engineer/project/airflow_env/lib/python3.12/site-packages/airflow/example_dags/example_dynamic_task_mapping_with_no_taskflow_operators.py took 0.053 seconds
[2025-09-27T23:32:59.086+0100] {processor.py:186} INFO - Started process (PID=22097) to work on /home/engineer/project/airflow_env/lib/python3.12/site-packages/airflow/example_dags/example_dynamic_task_mapping_with_no_taskflow_operators.py
[2025-09-27T23:32:59.093+0100] {processor.py:914} INFO - Processing file /home/engineer/project/airflow_env/lib/python3.12/site-packages/airflow/example_dags/example_dynamic_task_mapping_with_no_taskflow_operators.py for tasks to queue
[2025-09-27T23:32:59.095+0100] {logging_mixin.py:190} INFO - [2025-09-27T23:32:59.095+0100] {dagbag.py:588} INFO - Filling up the DagBag from /home/engineer/project/airflow_env/lib/python3.12/site-packages/airflow/example_dags/example_dynamic_task_mapping_with_no_taskflow_operators.py
[2025-09-27T23:32:59.102+0100] {processor.py:925} INFO - DAG(s) 'example_dynamic_task_mapping_with_no_taskflow_operators' retrieved from /home/engineer/project/airflow_env/lib/python3.12/site-packages/airflow/example_dags/example_dynamic_task_mapping_with_no_taskflow_operators.py
[2025-09-27T23:32:59.113+0100] {logging_mixin.py:190} INFO - [2025-09-27T23:32:59.113+0100] {dag.py:3239} INFO - Sync 1 DAGs
[2025-09-27T23:32:59.123+0100] {logging_mixin.py:190} INFO - [2025-09-27T23:32:59.123+0100] {dag.py:4180} INFO - Setting next_dagrun for example_dynamic_task_mapping_with_no_taskflow_operators to None, run_after=None
[2025-09-27T23:32:59.142+0100] {processor.py:208} INFO - Processing /home/engineer/project/airflow_env/lib/python3.12/site-packages/airflow/example_dags/example_dynamic_task_mapping_with_no_taskflow_operators.py took 0.060 seconds
[2025-09-27T23:33:50.414+0100] {processor.py:186} INFO - Started process (PID=22299) to work on /home/engineer/project/airflow_env/lib/python3.12/site-packages/airflow/example_dags/example_dynamic_task_mapping_with_no_taskflow_operators.py
[2025-09-27T23:33:50.415+0100] {processor.py:914} INFO - Processing file /home/engineer/project/airflow_env/lib/python3.12/site-packages/airflow/example_dags/example_dynamic_task_mapping_with_no_taskflow_operators.py for tasks to queue
[2025-09-27T23:33:50.417+0100] {logging_mixin.py:190} INFO - [2025-09-27T23:33:50.416+0100] {dagbag.py:588} INFO - Filling up the DagBag from /home/engineer/project/airflow_env/lib/python3.12/site-packages/airflow/example_dags/example_dynamic_task_mapping_with_no_taskflow_operators.py
[2025-09-27T23:33:50.423+0100] {processor.py:925} INFO - DAG(s) 'example_dynamic_task_mapping_with_no_taskflow_operators' retrieved from /home/engineer/project/airflow_env/lib/python3.12/site-packages/airflow/example_dags/example_dynamic_task_mapping_with_no_taskflow_operators.py
[2025-09-27T23:33:50.434+0100] {logging_mixin.py:190} INFO - [2025-09-27T23:33:50.434+0100] {dag.py:3239} INFO - Sync 1 DAGs
[2025-09-27T23:33:50.444+0100] {logging_mixin.py:190} INFO - [2025-09-27T23:33:50.443+0100] {dag.py:4180} INFO - Setting next_dagrun for example_dynamic_task_mapping_with_no_taskflow_operators to None, run_after=None
[2025-09-27T23:33:50.459+0100] {processor.py:208} INFO - Processing /home/engineer/project/airflow_env/lib/python3.12/site-packages/airflow/example_dags/example_dynamic_task_mapping_with_no_taskflow_operators.py took 0.049 seconds
[2025-09-27T23:35:03.063+0100] {processor.py:186} INFO - Started process (PID=22590) to work on /home/engineer/project/airflow_env/lib/python3.12/site-packages/airflow/example_dags/example_dynamic_task_mapping_with_no_taskflow_operators.py
[2025-09-27T23:35:03.065+0100] {processor.py:914} INFO - Processing file /home/engineer/project/airflow_env/lib/python3.12/site-packages/airflow/example_dags/example_dynamic_task_mapping_with_no_taskflow_operators.py for tasks to queue
[2025-09-27T23:35:03.067+0100] {logging_mixin.py:190} INFO - [2025-09-27T23:35:03.066+0100] {dagbag.py:588} INFO - Filling up the DagBag from /home/engineer/project/airflow_env/lib/python3.12/site-packages/airflow/example_dags/example_dynamic_task_mapping_with_no_taskflow_operators.py
[2025-09-27T23:35:03.072+0100] {processor.py:925} INFO - DAG(s) 'example_dynamic_task_mapping_with_no_taskflow_operators' retrieved from /home/engineer/project/airflow_env/lib/python3.12/site-packages/airflow/example_dags/example_dynamic_task_mapping_with_no_taskflow_operators.py
[2025-09-27T23:35:03.083+0100] {logging_mixin.py:190} INFO - [2025-09-27T23:35:03.083+0100] {dag.py:3239} INFO - Sync 1 DAGs
[2025-09-27T23:35:03.091+0100] {logging_mixin.py:190} INFO - [2025-09-27T23:35:03.091+0100] {dag.py:4180} INFO - Setting next_dagrun for example_dynamic_task_mapping_with_no_taskflow_operators to None, run_after=None
[2025-09-27T23:35:03.108+0100] {processor.py:208} INFO - Processing /home/engineer/project/airflow_env/lib/python3.12/site-packages/airflow/example_dags/example_dynamic_task_mapping_with_no_taskflow_operators.py took 0.049 seconds
[2025-09-27T23:35:52.644+0100] {processor.py:186} INFO - Started process (PID=22786) to work on /home/engineer/project/airflow_env/lib/python3.12/site-packages/airflow/example_dags/example_dynamic_task_mapping_with_no_taskflow_operators.py
[2025-09-27T23:35:52.651+0100] {processor.py:914} INFO - Processing file /home/engineer/project/airflow_env/lib/python3.12/site-packages/airflow/example_dags/example_dynamic_task_mapping_with_no_taskflow_operators.py for tasks to queue
[2025-09-27T23:35:52.653+0100] {logging_mixin.py:190} INFO - [2025-09-27T23:35:52.652+0100] {dagbag.py:588} INFO - Filling up the DagBag from /home/engineer/project/airflow_env/lib/python3.12/site-packages/airflow/example_dags/example_dynamic_task_mapping_with_no_taskflow_operators.py
[2025-09-27T23:35:52.658+0100] {processor.py:925} INFO - DAG(s) 'example_dynamic_task_mapping_with_no_taskflow_operators' retrieved from /home/engineer/project/airflow_env/lib/python3.12/site-packages/airflow/example_dags/example_dynamic_task_mapping_with_no_taskflow_operators.py
[2025-09-27T23:35:52.669+0100] {logging_mixin.py:190} INFO - [2025-09-27T23:35:52.669+0100] {dag.py:3239} INFO - Sync 1 DAGs
[2025-09-27T23:35:52.678+0100] {logging_mixin.py:190} INFO - [2025-09-27T23:35:52.678+0100] {dag.py:4180} INFO - Setting next_dagrun for example_dynamic_task_mapping_with_no_taskflow_operators to None, run_after=None
[2025-09-27T23:35:52.694+0100] {processor.py:208} INFO - Processing /home/engineer/project/airflow_env/lib/python3.12/site-packages/airflow/example_dags/example_dynamic_task_mapping_with_no_taskflow_operators.py took 0.054 seconds
[2025-09-27T23:36:40.574+0100] {processor.py:186} INFO - Started process (PID=23005) to work on /home/engineer/project/airflow_env/lib/python3.12/site-packages/airflow/example_dags/example_dynamic_task_mapping_with_no_taskflow_operators.py
[2025-09-27T23:36:40.576+0100] {processor.py:914} INFO - Processing file /home/engineer/project/airflow_env/lib/python3.12/site-packages/airflow/example_dags/example_dynamic_task_mapping_with_no_taskflow_operators.py for tasks to queue
[2025-09-27T23:36:40.577+0100] {logging_mixin.py:190} INFO - [2025-09-27T23:36:40.576+0100] {dagbag.py:588} INFO - Filling up the DagBag from /home/engineer/project/airflow_env/lib/python3.12/site-packages/airflow/example_dags/example_dynamic_task_mapping_with_no_taskflow_operators.py
[2025-09-27T23:36:40.582+0100] {processor.py:925} INFO - DAG(s) 'example_dynamic_task_mapping_with_no_taskflow_operators' retrieved from /home/engineer/project/airflow_env/lib/python3.12/site-packages/airflow/example_dags/example_dynamic_task_mapping_with_no_taskflow_operators.py
[2025-09-27T23:36:40.593+0100] {logging_mixin.py:190} INFO - [2025-09-27T23:36:40.593+0100] {dag.py:3239} INFO - Sync 1 DAGs
[2025-09-27T23:36:40.604+0100] {logging_mixin.py:190} INFO - [2025-09-27T23:36:40.604+0100] {dag.py:4180} INFO - Setting next_dagrun for example_dynamic_task_mapping_with_no_taskflow_operators to None, run_after=None
[2025-09-27T23:36:40.620+0100] {processor.py:208} INFO - Processing /home/engineer/project/airflow_env/lib/python3.12/site-packages/airflow/example_dags/example_dynamic_task_mapping_with_no_taskflow_operators.py took 0.050 seconds
[2025-09-27T23:38:28.080+0100] {processor.py:186} INFO - Started process (PID=23311) to work on /home/engineer/project/airflow_env/lib/python3.12/site-packages/airflow/example_dags/example_dynamic_task_mapping_with_no_taskflow_operators.py
[2025-09-27T23:38:28.088+0100] {processor.py:914} INFO - Processing file /home/engineer/project/airflow_env/lib/python3.12/site-packages/airflow/example_dags/example_dynamic_task_mapping_with_no_taskflow_operators.py for tasks to queue
[2025-09-27T23:38:28.088+0100] {logging_mixin.py:190} INFO - [2025-09-27T23:38:28.088+0100] {dagbag.py:588} INFO - Filling up the DagBag from /home/engineer/project/airflow_env/lib/python3.12/site-packages/airflow/example_dags/example_dynamic_task_mapping_with_no_taskflow_operators.py
[2025-09-27T23:38:28.094+0100] {processor.py:925} INFO - DAG(s) 'example_dynamic_task_mapping_with_no_taskflow_operators' retrieved from /home/engineer/project/airflow_env/lib/python3.12/site-packages/airflow/example_dags/example_dynamic_task_mapping_with_no_taskflow_operators.py
[2025-09-27T23:38:28.105+0100] {logging_mixin.py:190} INFO - [2025-09-27T23:38:28.105+0100] {dag.py:3239} INFO - Sync 1 DAGs
[2025-09-27T23:38:28.114+0100] {logging_mixin.py:190} INFO - [2025-09-27T23:38:28.114+0100] {dag.py:4180} INFO - Setting next_dagrun for example_dynamic_task_mapping_with_no_taskflow_operators to None, run_after=None
[2025-09-27T23:38:28.131+0100] {processor.py:208} INFO - Processing /home/engineer/project/airflow_env/lib/python3.12/site-packages/airflow/example_dags/example_dynamic_task_mapping_with_no_taskflow_operators.py took 0.055 seconds
[2025-09-27T23:39:43.877+0100] {processor.py:186} INFO - Started process (PID=23637) to work on /home/engineer/project/airflow_env/lib/python3.12/site-packages/airflow/example_dags/example_dynamic_task_mapping_with_no_taskflow_operators.py
[2025-09-27T23:39:43.884+0100] {processor.py:914} INFO - Processing file /home/engineer/project/airflow_env/lib/python3.12/site-packages/airflow/example_dags/example_dynamic_task_mapping_with_no_taskflow_operators.py for tasks to queue
[2025-09-27T23:39:43.885+0100] {logging_mixin.py:190} INFO - [2025-09-27T23:39:43.884+0100] {dagbag.py:588} INFO - Filling up the DagBag from /home/engineer/project/airflow_env/lib/python3.12/site-packages/airflow/example_dags/example_dynamic_task_mapping_with_no_taskflow_operators.py
[2025-09-27T23:39:43.891+0100] {processor.py:925} INFO - DAG(s) 'example_dynamic_task_mapping_with_no_taskflow_operators' retrieved from /home/engineer/project/airflow_env/lib/python3.12/site-packages/airflow/example_dags/example_dynamic_task_mapping_with_no_taskflow_operators.py
[2025-09-27T23:39:43.902+0100] {logging_mixin.py:190} INFO - [2025-09-27T23:39:43.902+0100] {dag.py:3239} INFO - Sync 1 DAGs
[2025-09-27T23:39:43.911+0100] {logging_mixin.py:190} INFO - [2025-09-27T23:39:43.911+0100] {dag.py:4180} INFO - Setting next_dagrun for example_dynamic_task_mapping_with_no_taskflow_operators to None, run_after=None
[2025-09-27T23:39:43.927+0100] {processor.py:208} INFO - Processing /home/engineer/project/airflow_env/lib/python3.12/site-packages/airflow/example_dags/example_dynamic_task_mapping_with_no_taskflow_operators.py took 0.054 seconds
[2025-09-27T23:40:33.110+0100] {processor.py:186} INFO - Started process (PID=23833) to work on /home/engineer/project/airflow_env/lib/python3.12/site-packages/airflow/example_dags/example_dynamic_task_mapping_with_no_taskflow_operators.py
[2025-09-27T23:40:33.118+0100] {processor.py:914} INFO - Processing file /home/engineer/project/airflow_env/lib/python3.12/site-packages/airflow/example_dags/example_dynamic_task_mapping_with_no_taskflow_operators.py for tasks to queue
[2025-09-27T23:40:33.119+0100] {logging_mixin.py:190} INFO - [2025-09-27T23:40:33.119+0100] {dagbag.py:588} INFO - Filling up the DagBag from /home/engineer/project/airflow_env/lib/python3.12/site-packages/airflow/example_dags/example_dynamic_task_mapping_with_no_taskflow_operators.py
[2025-09-27T23:40:33.129+0100] {processor.py:925} INFO - DAG(s) 'example_dynamic_task_mapping_with_no_taskflow_operators' retrieved from /home/engineer/project/airflow_env/lib/python3.12/site-packages/airflow/example_dags/example_dynamic_task_mapping_with_no_taskflow_operators.py
[2025-09-27T23:40:33.144+0100] {logging_mixin.py:190} INFO - [2025-09-27T23:40:33.144+0100] {dag.py:3239} INFO - Sync 1 DAGs
[2025-09-27T23:40:33.157+0100] {logging_mixin.py:190} INFO - [2025-09-27T23:40:33.156+0100] {dag.py:4180} INFO - Setting next_dagrun for example_dynamic_task_mapping_with_no_taskflow_operators to None, run_after=None
[2025-09-27T23:40:33.178+0100] {processor.py:208} INFO - Processing /home/engineer/project/airflow_env/lib/python3.12/site-packages/airflow/example_dags/example_dynamic_task_mapping_with_no_taskflow_operators.py took 0.075 seconds
[2025-09-27T23:41:46.477+0100] {processor.py:186} INFO - Started process (PID=24122) to work on /home/engineer/project/airflow_env/lib/python3.12/site-packages/airflow/example_dags/example_dynamic_task_mapping_with_no_taskflow_operators.py
[2025-09-27T23:41:46.485+0100] {processor.py:914} INFO - Processing file /home/engineer/project/airflow_env/lib/python3.12/site-packages/airflow/example_dags/example_dynamic_task_mapping_with_no_taskflow_operators.py for tasks to queue
[2025-09-27T23:41:46.486+0100] {logging_mixin.py:190} INFO - [2025-09-27T23:41:46.486+0100] {dagbag.py:588} INFO - Filling up the DagBag from /home/engineer/project/airflow_env/lib/python3.12/site-packages/airflow/example_dags/example_dynamic_task_mapping_with_no_taskflow_operators.py
[2025-09-27T23:41:46.493+0100] {processor.py:925} INFO - DAG(s) 'example_dynamic_task_mapping_with_no_taskflow_operators' retrieved from /home/engineer/project/airflow_env/lib/python3.12/site-packages/airflow/example_dags/example_dynamic_task_mapping_with_no_taskflow_operators.py
[2025-09-27T23:41:46.506+0100] {logging_mixin.py:190} INFO - [2025-09-27T23:41:46.506+0100] {dag.py:3239} INFO - Sync 1 DAGs
[2025-09-27T23:41:46.519+0100] {logging_mixin.py:190} INFO - [2025-09-27T23:41:46.518+0100] {dag.py:4180} INFO - Setting next_dagrun for example_dynamic_task_mapping_with_no_taskflow_operators to None, run_after=None
[2025-09-27T23:41:46.537+0100] {processor.py:208} INFO - Processing /home/engineer/project/airflow_env/lib/python3.12/site-packages/airflow/example_dags/example_dynamic_task_mapping_with_no_taskflow_operators.py took 0.064 seconds
[2025-09-27T23:42:37.313+0100] {processor.py:186} INFO - Started process (PID=24348) to work on /home/engineer/project/airflow_env/lib/python3.12/site-packages/airflow/example_dags/example_dynamic_task_mapping_with_no_taskflow_operators.py
[2025-09-27T23:42:37.314+0100] {processor.py:914} INFO - Processing file /home/engineer/project/airflow_env/lib/python3.12/site-packages/airflow/example_dags/example_dynamic_task_mapping_with_no_taskflow_operators.py for tasks to queue
[2025-09-27T23:42:37.316+0100] {logging_mixin.py:190} INFO - [2025-09-27T23:42:37.315+0100] {dagbag.py:588} INFO - Filling up the DagBag from /home/engineer/project/airflow_env/lib/python3.12/site-packages/airflow/example_dags/example_dynamic_task_mapping_with_no_taskflow_operators.py
[2025-09-27T23:42:37.324+0100] {processor.py:925} INFO - DAG(s) 'example_dynamic_task_mapping_with_no_taskflow_operators' retrieved from /home/engineer/project/airflow_env/lib/python3.12/site-packages/airflow/example_dags/example_dynamic_task_mapping_with_no_taskflow_operators.py
[2025-09-27T23:42:37.338+0100] {logging_mixin.py:190} INFO - [2025-09-27T23:42:37.338+0100] {dag.py:3239} INFO - Sync 1 DAGs
[2025-09-27T23:42:37.351+0100] {logging_mixin.py:190} INFO - [2025-09-27T23:42:37.351+0100] {dag.py:4180} INFO - Setting next_dagrun for example_dynamic_task_mapping_with_no_taskflow_operators to None, run_after=None
[2025-09-27T23:42:37.380+0100] {processor.py:208} INFO - Processing /home/engineer/project/airflow_env/lib/python3.12/site-packages/airflow/example_dags/example_dynamic_task_mapping_with_no_taskflow_operators.py took 0.073 seconds
[2025-09-27T23:43:29.286+0100] {processor.py:186} INFO - Started process (PID=24613) to work on /home/engineer/project/airflow_env/lib/python3.12/site-packages/airflow/example_dags/example_dynamic_task_mapping_with_no_taskflow_operators.py
[2025-09-27T23:43:29.293+0100] {processor.py:914} INFO - Processing file /home/engineer/project/airflow_env/lib/python3.12/site-packages/airflow/example_dags/example_dynamic_task_mapping_with_no_taskflow_operators.py for tasks to queue
[2025-09-27T23:43:29.294+0100] {logging_mixin.py:190} INFO - [2025-09-27T23:43:29.294+0100] {dagbag.py:588} INFO - Filling up the DagBag from /home/engineer/project/airflow_env/lib/python3.12/site-packages/airflow/example_dags/example_dynamic_task_mapping_with_no_taskflow_operators.py
[2025-09-27T23:43:29.302+0100] {processor.py:925} INFO - DAG(s) 'example_dynamic_task_mapping_with_no_taskflow_operators' retrieved from /home/engineer/project/airflow_env/lib/python3.12/site-packages/airflow/example_dags/example_dynamic_task_mapping_with_no_taskflow_operators.py
[2025-09-27T23:43:29.319+0100] {logging_mixin.py:190} INFO - [2025-09-27T23:43:29.319+0100] {dag.py:3239} INFO - Sync 1 DAGs
[2025-09-27T23:43:29.330+0100] {logging_mixin.py:190} INFO - [2025-09-27T23:43:29.330+0100] {dag.py:4180} INFO - Setting next_dagrun for example_dynamic_task_mapping_with_no_taskflow_operators to None, run_after=None
[2025-09-27T23:43:29.348+0100] {processor.py:208} INFO - Processing /home/engineer/project/airflow_env/lib/python3.12/site-packages/airflow/example_dags/example_dynamic_task_mapping_with_no_taskflow_operators.py took 0.068 seconds
[2025-09-27T23:44:19.559+0100] {processor.py:186} INFO - Started process (PID=24938) to work on /home/engineer/project/airflow_env/lib/python3.12/site-packages/airflow/example_dags/example_dynamic_task_mapping_with_no_taskflow_operators.py
[2025-09-27T23:44:19.560+0100] {processor.py:914} INFO - Processing file /home/engineer/project/airflow_env/lib/python3.12/site-packages/airflow/example_dags/example_dynamic_task_mapping_with_no_taskflow_operators.py for tasks to queue
[2025-09-27T23:44:19.561+0100] {logging_mixin.py:190} INFO - [2025-09-27T23:44:19.561+0100] {dagbag.py:588} INFO - Filling up the DagBag from /home/engineer/project/airflow_env/lib/python3.12/site-packages/airflow/example_dags/example_dynamic_task_mapping_with_no_taskflow_operators.py
[2025-09-27T23:44:19.567+0100] {processor.py:925} INFO - DAG(s) 'example_dynamic_task_mapping_with_no_taskflow_operators' retrieved from /home/engineer/project/airflow_env/lib/python3.12/site-packages/airflow/example_dags/example_dynamic_task_mapping_with_no_taskflow_operators.py
[2025-09-27T23:44:19.580+0100] {logging_mixin.py:190} INFO - [2025-09-27T23:44:19.579+0100] {dag.py:3239} INFO - Sync 1 DAGs
[2025-09-27T23:44:19.589+0100] {logging_mixin.py:190} INFO - [2025-09-27T23:44:19.589+0100] {dag.py:4180} INFO - Setting next_dagrun for example_dynamic_task_mapping_with_no_taskflow_operators to None, run_after=None
[2025-09-27T23:44:19.607+0100] {processor.py:208} INFO - Processing /home/engineer/project/airflow_env/lib/python3.12/site-packages/airflow/example_dags/example_dynamic_task_mapping_with_no_taskflow_operators.py took 0.052 seconds
