[2025-09-27T23:26:38.062+0100] {processor.py:186} INFO - Started process (PID=19836) to work on /home/engineer/project/airflow_env/lib/python3.12/site-packages/airflow/example_dags/example_outlet_event_extra.py
[2025-09-27T23:26:38.062+0100] {processor.py:914} INFO - Processing file /home/engineer/project/airflow_env/lib/python3.12/site-packages/airflow/example_dags/example_outlet_event_extra.py for tasks to queue
[2025-09-27T23:26:38.064+0100] {logging_mixin.py:190} INFO - [2025-09-27T23:26:38.064+0100] {dagbag.py:588} INFO - Filling up the DagBag from /home/engineer/project/airflow_env/lib/python3.12/site-packages/airflow/example_dags/example_outlet_event_extra.py
[2025-09-27T23:26:38.075+0100] {processor.py:925} INFO - DAG(s) 'dataset_with_extra_from_classic_operator', 'dataset_with_extra_by_yield', 'dataset_with_extra_by_context' retrieved from /home/engineer/project/airflow_env/lib/python3.12/site-packages/airflow/example_dags/example_outlet_event_extra.py
[2025-09-27T23:26:38.143+0100] {logging_mixin.py:190} INFO - [2025-09-27T23:26:38.143+0100] {override.py:1900} INFO - Created Permission View: can delete on DAG:dataset_with_extra_from_classic_operator
[2025-09-27T23:26:38.151+0100] {logging_mixin.py:190} INFO - [2025-09-27T23:26:38.151+0100] {override.py:1900} INFO - Created Permission View: can read on DAG:dataset_with_extra_from_classic_operator
[2025-09-27T23:26:38.157+0100] {logging_mixin.py:190} INFO - [2025-09-27T23:26:38.156+0100] {override.py:1900} INFO - Created Permission View: can edit on DAG:dataset_with_extra_from_classic_operator
[2025-09-27T23:26:38.168+0100] {logging_mixin.py:190} INFO - [2025-09-27T23:26:38.167+0100] {override.py:1900} INFO - Created Permission View: can delete on DAG Run:dataset_with_extra_from_classic_operator
[2025-09-27T23:26:38.173+0100] {logging_mixin.py:190} INFO - [2025-09-27T23:26:38.173+0100] {override.py:1900} INFO - Created Permission View: can read on DAG Run:dataset_with_extra_from_classic_operator
[2025-09-27T23:26:38.179+0100] {logging_mixin.py:190} INFO - [2025-09-27T23:26:38.179+0100] {override.py:1900} INFO - Created Permission View: can create on DAG Run:dataset_with_extra_from_classic_operator
[2025-09-27T23:26:38.185+0100] {logging_mixin.py:190} INFO - [2025-09-27T23:26:38.185+0100] {override.py:1900} INFO - Created Permission View: menu access on DAG Run:dataset_with_extra_from_classic_operator
[2025-09-27T23:26:38.198+0100] {logging_mixin.py:190} INFO - [2025-09-27T23:26:38.197+0100] {override.py:1900} INFO - Created Permission View: can delete on DAG:dataset_with_extra_by_yield
[2025-09-27T23:26:38.203+0100] {logging_mixin.py:190} INFO - [2025-09-27T23:26:38.203+0100] {override.py:1900} INFO - Created Permission View: can read on DAG:dataset_with_extra_by_yield
[2025-09-27T23:26:38.208+0100] {logging_mixin.py:190} INFO - [2025-09-27T23:26:38.208+0100] {override.py:1900} INFO - Created Permission View: can edit on DAG:dataset_with_extra_by_yield
[2025-09-27T23:26:38.217+0100] {logging_mixin.py:190} INFO - [2025-09-27T23:26:38.217+0100] {override.py:1900} INFO - Created Permission View: can delete on DAG Run:dataset_with_extra_by_yield
[2025-09-27T23:26:38.222+0100] {logging_mixin.py:190} INFO - [2025-09-27T23:26:38.222+0100] {override.py:1900} INFO - Created Permission View: can read on DAG Run:dataset_with_extra_by_yield
[2025-09-27T23:26:38.227+0100] {logging_mixin.py:190} INFO - [2025-09-27T23:26:38.227+0100] {override.py:1900} INFO - Created Permission View: can create on DAG Run:dataset_with_extra_by_yield
[2025-09-27T23:26:38.232+0100] {logging_mixin.py:190} INFO - [2025-09-27T23:26:38.232+0100] {override.py:1900} INFO - Created Permission View: menu access on DAG Run:dataset_with_extra_by_yield
[2025-09-27T23:26:38.243+0100] {logging_mixin.py:190} INFO - [2025-09-27T23:26:38.243+0100] {override.py:1900} INFO - Created Permission View: can delete on DAG:dataset_with_extra_by_context
[2025-09-27T23:26:38.249+0100] {logging_mixin.py:190} INFO - [2025-09-27T23:26:38.248+0100] {override.py:1900} INFO - Created Permission View: can read on DAG:dataset_with_extra_by_context
[2025-09-27T23:26:38.254+0100] {logging_mixin.py:190} INFO - [2025-09-27T23:26:38.254+0100] {override.py:1900} INFO - Created Permission View: can edit on DAG:dataset_with_extra_by_context
[2025-09-27T23:26:38.263+0100] {logging_mixin.py:190} INFO - [2025-09-27T23:26:38.262+0100] {override.py:1900} INFO - Created Permission View: can delete on DAG Run:dataset_with_extra_by_context
[2025-09-27T23:26:38.268+0100] {logging_mixin.py:190} INFO - [2025-09-27T23:26:38.267+0100] {override.py:1900} INFO - Created Permission View: can read on DAG Run:dataset_with_extra_by_context
[2025-09-27T23:26:38.273+0100] {logging_mixin.py:190} INFO - [2025-09-27T23:26:38.273+0100] {override.py:1900} INFO - Created Permission View: can create on DAG Run:dataset_with_extra_by_context
[2025-09-27T23:26:38.280+0100] {logging_mixin.py:190} INFO - [2025-09-27T23:26:38.279+0100] {override.py:1900} INFO - Created Permission View: menu access on DAG Run:dataset_with_extra_by_context
[2025-09-27T23:26:38.280+0100] {logging_mixin.py:190} INFO - [2025-09-27T23:26:38.280+0100] {dag.py:3239} INFO - Sync 3 DAGs
[2025-09-27T23:26:38.289+0100] {logging_mixin.py:190} INFO - [2025-09-27T23:26:38.289+0100] {dag.py:3262} INFO - Creating ORM DAG for dataset_with_extra_by_context
[2025-09-27T23:26:38.290+0100] {logging_mixin.py:190} INFO - [2025-09-27T23:26:38.290+0100] {dag.py:3262} INFO - Creating ORM DAG for dataset_with_extra_from_classic_operator
[2025-09-27T23:26:38.290+0100] {logging_mixin.py:190} INFO - [2025-09-27T23:26:38.290+0100] {dag.py:3262} INFO - Creating ORM DAG for dataset_with_extra_by_yield
[2025-09-27T23:26:38.298+0100] {logging_mixin.py:190} INFO - [2025-09-27T23:26:38.297+0100] {dag.py:4180} INFO - Setting next_dagrun for dataset_with_extra_by_context to 2025-09-26 00:00:00+00:00, run_after=2025-09-27 00:00:00+00:00
[2025-09-27T23:26:38.299+0100] {logging_mixin.py:190} INFO - [2025-09-27T23:26:38.299+0100] {dag.py:4180} INFO - Setting next_dagrun for dataset_with_extra_by_yield to 2025-09-26 00:00:00+00:00, run_after=2025-09-27 00:00:00+00:00
[2025-09-27T23:26:38.300+0100] {logging_mixin.py:190} INFO - [2025-09-27T23:26:38.300+0100] {dag.py:4180} INFO - Setting next_dagrun for dataset_with_extra_from_classic_operator to 2025-09-26 00:00:00+00:00, run_after=2025-09-27 00:00:00+00:00
[2025-09-27T23:26:38.319+0100] {processor.py:208} INFO - Processing /home/engineer/project/airflow_env/lib/python3.12/site-packages/airflow/example_dags/example_outlet_event_extra.py took 0.262 seconds
[2025-09-27T23:27:38.495+0100] {processor.py:186} INFO - Started process (PID=20069) to work on /home/engineer/project/airflow_env/lib/python3.12/site-packages/airflow/example_dags/example_outlet_event_extra.py
[2025-09-27T23:27:38.502+0100] {processor.py:914} INFO - Processing file /home/engineer/project/airflow_env/lib/python3.12/site-packages/airflow/example_dags/example_outlet_event_extra.py for tasks to queue
[2025-09-27T23:27:38.504+0100] {logging_mixin.py:190} INFO - [2025-09-27T23:27:38.503+0100] {dagbag.py:588} INFO - Filling up the DagBag from /home/engineer/project/airflow_env/lib/python3.12/site-packages/airflow/example_dags/example_outlet_event_extra.py
[2025-09-27T23:27:38.514+0100] {processor.py:925} INFO - DAG(s) 'dataset_with_extra_by_yield', 'dataset_with_extra_by_context', 'dataset_with_extra_from_classic_operator' retrieved from /home/engineer/project/airflow_env/lib/python3.12/site-packages/airflow/example_dags/example_outlet_event_extra.py
[2025-09-27T23:27:38.527+0100] {logging_mixin.py:190} INFO - [2025-09-27T23:27:38.526+0100] {dag.py:3239} INFO - Sync 3 DAGs
[2025-09-27T23:27:38.539+0100] {logging_mixin.py:190} INFO - [2025-09-27T23:27:38.539+0100] {dag.py:4180} INFO - Setting next_dagrun for dataset_with_extra_by_context to 2025-09-26 00:00:00+00:00, run_after=2025-09-27 00:00:00+00:00
[2025-09-27T23:27:38.542+0100] {logging_mixin.py:190} INFO - [2025-09-27T23:27:38.542+0100] {dag.py:4180} INFO - Setting next_dagrun for dataset_with_extra_by_yield to 2025-09-26 00:00:00+00:00, run_after=2025-09-27 00:00:00+00:00
[2025-09-27T23:27:38.543+0100] {logging_mixin.py:190} INFO - [2025-09-27T23:27:38.543+0100] {dag.py:4180} INFO - Setting next_dagrun for dataset_with_extra_from_classic_operator to 2025-09-26 00:00:00+00:00, run_after=2025-09-27 00:00:00+00:00
[2025-09-27T23:27:38.562+0100] {processor.py:208} INFO - Processing /home/engineer/project/airflow_env/lib/python3.12/site-packages/airflow/example_dags/example_outlet_event_extra.py took 0.071 seconds
[2025-09-27T23:28:31.451+0100] {processor.py:186} INFO - Started process (PID=20341) to work on /home/engineer/project/airflow_env/lib/python3.12/site-packages/airflow/example_dags/example_outlet_event_extra.py
[2025-09-27T23:28:31.458+0100] {processor.py:914} INFO - Processing file /home/engineer/project/airflow_env/lib/python3.12/site-packages/airflow/example_dags/example_outlet_event_extra.py for tasks to queue
[2025-09-27T23:28:31.460+0100] {logging_mixin.py:190} INFO - [2025-09-27T23:28:31.460+0100] {dagbag.py:588} INFO - Filling up the DagBag from /home/engineer/project/airflow_env/lib/python3.12/site-packages/airflow/example_dags/example_outlet_event_extra.py
[2025-09-27T23:28:31.469+0100] {processor.py:925} INFO - DAG(s) 'dataset_with_extra_by_context', 'dataset_with_extra_by_yield', 'dataset_with_extra_from_classic_operator' retrieved from /home/engineer/project/airflow_env/lib/python3.12/site-packages/airflow/example_dags/example_outlet_event_extra.py
[2025-09-27T23:28:31.482+0100] {logging_mixin.py:190} INFO - [2025-09-27T23:28:31.482+0100] {dag.py:3239} INFO - Sync 3 DAGs
[2025-09-27T23:28:31.495+0100] {logging_mixin.py:190} INFO - [2025-09-27T23:28:31.495+0100] {dag.py:4180} INFO - Setting next_dagrun for dataset_with_extra_by_context to 2025-09-26 00:00:00+00:00, run_after=2025-09-27 00:00:00+00:00
[2025-09-27T23:28:31.497+0100] {logging_mixin.py:190} INFO - [2025-09-27T23:28:31.497+0100] {dag.py:4180} INFO - Setting next_dagrun for dataset_with_extra_by_yield to 2025-09-26 00:00:00+00:00, run_after=2025-09-27 00:00:00+00:00
[2025-09-27T23:28:31.498+0100] {logging_mixin.py:190} INFO - [2025-09-27T23:28:31.498+0100] {dag.py:4180} INFO - Setting next_dagrun for dataset_with_extra_from_classic_operator to 2025-09-26 00:00:00+00:00, run_after=2025-09-27 00:00:00+00:00
[2025-09-27T23:28:31.517+0100] {processor.py:208} INFO - Processing /home/engineer/project/airflow_env/lib/python3.12/site-packages/airflow/example_dags/example_outlet_event_extra.py took 0.070 seconds
[2025-09-27T23:29:23.128+0100] {processor.py:186} INFO - Started process (PID=20547) to work on /home/engineer/project/airflow_env/lib/python3.12/site-packages/airflow/example_dags/example_outlet_event_extra.py
[2025-09-27T23:29:23.129+0100] {processor.py:914} INFO - Processing file /home/engineer/project/airflow_env/lib/python3.12/site-packages/airflow/example_dags/example_outlet_event_extra.py for tasks to queue
[2025-09-27T23:29:23.130+0100] {logging_mixin.py:190} INFO - [2025-09-27T23:29:23.130+0100] {dagbag.py:588} INFO - Filling up the DagBag from /home/engineer/project/airflow_env/lib/python3.12/site-packages/airflow/example_dags/example_outlet_event_extra.py
[2025-09-27T23:29:23.140+0100] {processor.py:925} INFO - DAG(s) 'dataset_with_extra_from_classic_operator', 'dataset_with_extra_by_yield', 'dataset_with_extra_by_context' retrieved from /home/engineer/project/airflow_env/lib/python3.12/site-packages/airflow/example_dags/example_outlet_event_extra.py
[2025-09-27T23:29:23.153+0100] {logging_mixin.py:190} INFO - [2025-09-27T23:29:23.153+0100] {dag.py:3239} INFO - Sync 3 DAGs
[2025-09-27T23:29:23.166+0100] {logging_mixin.py:190} INFO - [2025-09-27T23:29:23.166+0100] {dag.py:4180} INFO - Setting next_dagrun for dataset_with_extra_by_context to 2025-09-26 00:00:00+00:00, run_after=2025-09-27 00:00:00+00:00
[2025-09-27T23:29:23.168+0100] {logging_mixin.py:190} INFO - [2025-09-27T23:29:23.168+0100] {dag.py:4180} INFO - Setting next_dagrun for dataset_with_extra_by_yield to 2025-09-26 00:00:00+00:00, run_after=2025-09-27 00:00:00+00:00
[2025-09-27T23:29:23.169+0100] {logging_mixin.py:190} INFO - [2025-09-27T23:29:23.169+0100] {dag.py:4180} INFO - Setting next_dagrun for dataset_with_extra_from_classic_operator to 2025-09-26 00:00:00+00:00, run_after=2025-09-27 00:00:00+00:00
[2025-09-27T23:29:23.186+0100] {processor.py:208} INFO - Processing /home/engineer/project/airflow_env/lib/python3.12/site-packages/airflow/example_dags/example_outlet_event_extra.py took 0.062 seconds
[2025-09-27T23:30:10.549+0100] {processor.py:186} INFO - Started process (PID=20736) to work on /home/engineer/project/airflow_env/lib/python3.12/site-packages/airflow/example_dags/example_outlet_event_extra.py
[2025-09-27T23:30:10.550+0100] {processor.py:914} INFO - Processing file /home/engineer/project/airflow_env/lib/python3.12/site-packages/airflow/example_dags/example_outlet_event_extra.py for tasks to queue
[2025-09-27T23:30:10.551+0100] {logging_mixin.py:190} INFO - [2025-09-27T23:30:10.551+0100] {dagbag.py:588} INFO - Filling up the DagBag from /home/engineer/project/airflow_env/lib/python3.12/site-packages/airflow/example_dags/example_outlet_event_extra.py
[2025-09-27T23:30:10.562+0100] {processor.py:925} INFO - DAG(s) 'dataset_with_extra_by_yield', 'dataset_with_extra_by_context', 'dataset_with_extra_from_classic_operator' retrieved from /home/engineer/project/airflow_env/lib/python3.12/site-packages/airflow/example_dags/example_outlet_event_extra.py
[2025-09-27T23:30:10.578+0100] {logging_mixin.py:190} INFO - [2025-09-27T23:30:10.578+0100] {dag.py:3239} INFO - Sync 3 DAGs
[2025-09-27T23:30:10.592+0100] {logging_mixin.py:190} INFO - [2025-09-27T23:30:10.592+0100] {dag.py:4180} INFO - Setting next_dagrun for dataset_with_extra_by_context to 2025-09-26 00:00:00+00:00, run_after=2025-09-27 00:00:00+00:00
[2025-09-27T23:30:10.595+0100] {logging_mixin.py:190} INFO - [2025-09-27T23:30:10.595+0100] {dag.py:4180} INFO - Setting next_dagrun for dataset_with_extra_by_yield to 2025-09-26 00:00:00+00:00, run_after=2025-09-27 00:00:00+00:00
[2025-09-27T23:30:10.596+0100] {logging_mixin.py:190} INFO - [2025-09-27T23:30:10.596+0100] {dag.py:4180} INFO - Setting next_dagrun for dataset_with_extra_from_classic_operator to 2025-09-26 00:00:00+00:00, run_after=2025-09-27 00:00:00+00:00
[2025-09-27T23:30:10.615+0100] {processor.py:208} INFO - Processing /home/engineer/project/airflow_env/lib/python3.12/site-packages/airflow/example_dags/example_outlet_event_extra.py took 0.070 seconds
[2025-09-27T23:30:59.105+0100] {processor.py:186} INFO - Started process (PID=21190) to work on /home/engineer/project/airflow_env/lib/python3.12/site-packages/airflow/example_dags/example_outlet_event_extra.py
[2025-09-27T23:30:59.112+0100] {processor.py:914} INFO - Processing file /home/engineer/project/airflow_env/lib/python3.12/site-packages/airflow/example_dags/example_outlet_event_extra.py for tasks to queue
[2025-09-27T23:30:59.114+0100] {logging_mixin.py:190} INFO - [2025-09-27T23:30:59.113+0100] {dagbag.py:588} INFO - Filling up the DagBag from /home/engineer/project/airflow_env/lib/python3.12/site-packages/airflow/example_dags/example_outlet_event_extra.py
[2025-09-27T23:30:59.124+0100] {processor.py:925} INFO - DAG(s) 'dataset_with_extra_by_context', 'dataset_with_extra_by_yield', 'dataset_with_extra_from_classic_operator' retrieved from /home/engineer/project/airflow_env/lib/python3.12/site-packages/airflow/example_dags/example_outlet_event_extra.py
[2025-09-27T23:30:59.141+0100] {logging_mixin.py:190} INFO - [2025-09-27T23:30:59.140+0100] {dag.py:3239} INFO - Sync 3 DAGs
[2025-09-27T23:30:59.156+0100] {logging_mixin.py:190} INFO - [2025-09-27T23:30:59.156+0100] {dag.py:4180} INFO - Setting next_dagrun for dataset_with_extra_by_context to 2025-09-26 00:00:00+00:00, run_after=2025-09-27 00:00:00+00:00
[2025-09-27T23:30:59.160+0100] {logging_mixin.py:190} INFO - [2025-09-27T23:30:59.160+0100] {dag.py:4180} INFO - Setting next_dagrun for dataset_with_extra_by_yield to 2025-09-26 00:00:00+00:00, run_after=2025-09-27 00:00:00+00:00
[2025-09-27T23:30:59.162+0100] {logging_mixin.py:190} INFO - [2025-09-27T23:30:59.162+0100] {dag.py:4180} INFO - Setting next_dagrun for dataset_with_extra_from_classic_operator to 2025-09-26 00:00:00+00:00, run_after=2025-09-27 00:00:00+00:00
[2025-09-27T23:30:59.291+0100] {processor.py:208} INFO - Processing /home/engineer/project/airflow_env/lib/python3.12/site-packages/airflow/example_dags/example_outlet_event_extra.py took 0.190 seconds
[2025-09-27T23:31:52.892+0100] {processor.py:186} INFO - Started process (PID=21751) to work on /home/engineer/project/airflow_env/lib/python3.12/site-packages/airflow/example_dags/example_outlet_event_extra.py
[2025-09-27T23:31:52.899+0100] {processor.py:914} INFO - Processing file /home/engineer/project/airflow_env/lib/python3.12/site-packages/airflow/example_dags/example_outlet_event_extra.py for tasks to queue
[2025-09-27T23:31:52.901+0100] {logging_mixin.py:190} INFO - [2025-09-27T23:31:52.900+0100] {dagbag.py:588} INFO - Filling up the DagBag from /home/engineer/project/airflow_env/lib/python3.12/site-packages/airflow/example_dags/example_outlet_event_extra.py
[2025-09-27T23:31:52.912+0100] {processor.py:925} INFO - DAG(s) 'dataset_with_extra_from_classic_operator', 'dataset_with_extra_by_yield', 'dataset_with_extra_by_context' retrieved from /home/engineer/project/airflow_env/lib/python3.12/site-packages/airflow/example_dags/example_outlet_event_extra.py
[2025-09-27T23:31:52.927+0100] {logging_mixin.py:190} INFO - [2025-09-27T23:31:52.927+0100] {dag.py:3239} INFO - Sync 3 DAGs
[2025-09-27T23:31:52.944+0100] {logging_mixin.py:190} INFO - [2025-09-27T23:31:52.944+0100] {dag.py:4180} INFO - Setting next_dagrun for dataset_with_extra_by_context to 2025-09-26 00:00:00+00:00, run_after=2025-09-27 00:00:00+00:00
[2025-09-27T23:31:52.947+0100] {logging_mixin.py:190} INFO - [2025-09-27T23:31:52.947+0100] {dag.py:4180} INFO - Setting next_dagrun for dataset_with_extra_by_yield to 2025-09-26 00:00:00+00:00, run_after=2025-09-27 00:00:00+00:00
[2025-09-27T23:31:52.948+0100] {logging_mixin.py:190} INFO - [2025-09-27T23:31:52.948+0100] {dag.py:4180} INFO - Setting next_dagrun for dataset_with_extra_from_classic_operator to 2025-09-26 00:00:00+00:00, run_after=2025-09-27 00:00:00+00:00
[2025-09-27T23:31:52.966+0100] {processor.py:208} INFO - Processing /home/engineer/project/airflow_env/lib/python3.12/site-packages/airflow/example_dags/example_outlet_event_extra.py took 0.080 seconds
[2025-09-27T23:32:43.825+0100] {processor.py:186} INFO - Started process (PID=22039) to work on /home/engineer/project/airflow_env/lib/python3.12/site-packages/airflow/example_dags/example_outlet_event_extra.py
[2025-09-27T23:32:43.832+0100] {processor.py:914} INFO - Processing file /home/engineer/project/airflow_env/lib/python3.12/site-packages/airflow/example_dags/example_outlet_event_extra.py for tasks to queue
[2025-09-27T23:32:43.835+0100] {logging_mixin.py:190} INFO - [2025-09-27T23:32:43.834+0100] {dagbag.py:588} INFO - Filling up the DagBag from /home/engineer/project/airflow_env/lib/python3.12/site-packages/airflow/example_dags/example_outlet_event_extra.py
[2025-09-27T23:32:43.845+0100] {processor.py:925} INFO - DAG(s) 'dataset_with_extra_by_yield', 'dataset_with_extra_by_context', 'dataset_with_extra_from_classic_operator' retrieved from /home/engineer/project/airflow_env/lib/python3.12/site-packages/airflow/example_dags/example_outlet_event_extra.py
[2025-09-27T23:32:43.859+0100] {logging_mixin.py:190} INFO - [2025-09-27T23:32:43.859+0100] {dag.py:3239} INFO - Sync 3 DAGs
[2025-09-27T23:32:43.875+0100] {logging_mixin.py:190} INFO - [2025-09-27T23:32:43.875+0100] {dag.py:4180} INFO - Setting next_dagrun for dataset_with_extra_by_context to 2025-09-26 00:00:00+00:00, run_after=2025-09-27 00:00:00+00:00
[2025-09-27T23:32:43.878+0100] {logging_mixin.py:190} INFO - [2025-09-27T23:32:43.878+0100] {dag.py:4180} INFO - Setting next_dagrun for dataset_with_extra_by_yield to 2025-09-26 00:00:00+00:00, run_after=2025-09-27 00:00:00+00:00
[2025-09-27T23:32:43.879+0100] {logging_mixin.py:190} INFO - [2025-09-27T23:32:43.879+0100] {dag.py:4180} INFO - Setting next_dagrun for dataset_with_extra_from_classic_operator to 2025-09-26 00:00:00+00:00, run_after=2025-09-27 00:00:00+00:00
[2025-09-27T23:32:43.900+0100] {processor.py:208} INFO - Processing /home/engineer/project/airflow_env/lib/python3.12/site-packages/airflow/example_dags/example_outlet_event_extra.py took 0.079 seconds
[2025-09-27T23:33:31.650+0100] {processor.py:186} INFO - Started process (PID=22226) to work on /home/engineer/project/airflow_env/lib/python3.12/site-packages/airflow/example_dags/example_outlet_event_extra.py
[2025-09-27T23:33:31.658+0100] {processor.py:914} INFO - Processing file /home/engineer/project/airflow_env/lib/python3.12/site-packages/airflow/example_dags/example_outlet_event_extra.py for tasks to queue
[2025-09-27T23:33:31.660+0100] {logging_mixin.py:190} INFO - [2025-09-27T23:33:31.659+0100] {dagbag.py:588} INFO - Filling up the DagBag from /home/engineer/project/airflow_env/lib/python3.12/site-packages/airflow/example_dags/example_outlet_event_extra.py
[2025-09-27T23:33:31.672+0100] {processor.py:925} INFO - DAG(s) 'dataset_with_extra_by_context', 'dataset_with_extra_by_yield', 'dataset_with_extra_from_classic_operator' retrieved from /home/engineer/project/airflow_env/lib/python3.12/site-packages/airflow/example_dags/example_outlet_event_extra.py
[2025-09-27T23:33:31.697+0100] {logging_mixin.py:190} INFO - [2025-09-27T23:33:31.697+0100] {dag.py:3239} INFO - Sync 3 DAGs
[2025-09-27T23:33:31.718+0100] {logging_mixin.py:190} INFO - [2025-09-27T23:33:31.717+0100] {dag.py:4180} INFO - Setting next_dagrun for dataset_with_extra_by_context to 2025-09-26 00:00:00+00:00, run_after=2025-09-27 00:00:00+00:00
[2025-09-27T23:33:31.721+0100] {logging_mixin.py:190} INFO - [2025-09-27T23:33:31.721+0100] {dag.py:4180} INFO - Setting next_dagrun for dataset_with_extra_by_yield to 2025-09-26 00:00:00+00:00, run_after=2025-09-27 00:00:00+00:00
[2025-09-27T23:33:31.722+0100] {logging_mixin.py:190} INFO - [2025-09-27T23:33:31.722+0100] {dag.py:4180} INFO - Setting next_dagrun for dataset_with_extra_from_classic_operator to 2025-09-26 00:00:00+00:00, run_after=2025-09-27 00:00:00+00:00
[2025-09-27T23:33:31.742+0100] {processor.py:208} INFO - Processing /home/engineer/project/airflow_env/lib/python3.12/site-packages/airflow/example_dags/example_outlet_event_extra.py took 0.095 seconds
[2025-09-27T23:34:21.930+0100] {processor.py:186} INFO - Started process (PID=22428) to work on /home/engineer/project/airflow_env/lib/python3.12/site-packages/airflow/example_dags/example_outlet_event_extra.py
[2025-09-27T23:34:21.938+0100] {processor.py:914} INFO - Processing file /home/engineer/project/airflow_env/lib/python3.12/site-packages/airflow/example_dags/example_outlet_event_extra.py for tasks to queue
[2025-09-27T23:34:21.942+0100] {logging_mixin.py:190} INFO - [2025-09-27T23:34:21.941+0100] {dagbag.py:588} INFO - Filling up the DagBag from /home/engineer/project/airflow_env/lib/python3.12/site-packages/airflow/example_dags/example_outlet_event_extra.py
[2025-09-27T23:34:21.960+0100] {processor.py:925} INFO - DAG(s) 'dataset_with_extra_from_classic_operator', 'dataset_with_extra_by_yield', 'dataset_with_extra_by_context' retrieved from /home/engineer/project/airflow_env/lib/python3.12/site-packages/airflow/example_dags/example_outlet_event_extra.py
[2025-09-27T23:34:21.985+0100] {logging_mixin.py:190} INFO - [2025-09-27T23:34:21.985+0100] {dag.py:3239} INFO - Sync 3 DAGs
[2025-09-27T23:34:22.004+0100] {logging_mixin.py:190} INFO - [2025-09-27T23:34:22.003+0100] {dag.py:4180} INFO - Setting next_dagrun for dataset_with_extra_by_context to 2025-09-26 00:00:00+00:00, run_after=2025-09-27 00:00:00+00:00
[2025-09-27T23:34:22.007+0100] {logging_mixin.py:190} INFO - [2025-09-27T23:34:22.007+0100] {dag.py:4180} INFO - Setting next_dagrun for dataset_with_extra_by_yield to 2025-09-26 00:00:00+00:00, run_after=2025-09-27 00:00:00+00:00
[2025-09-27T23:34:22.008+0100] {logging_mixin.py:190} INFO - [2025-09-27T23:34:22.008+0100] {dag.py:4180} INFO - Setting next_dagrun for dataset_with_extra_from_classic_operator to 2025-09-26 00:00:00+00:00, run_after=2025-09-27 00:00:00+00:00
[2025-09-27T23:34:22.034+0100] {processor.py:208} INFO - Processing /home/engineer/project/airflow_env/lib/python3.12/site-packages/airflow/example_dags/example_outlet_event_extra.py took 0.110 seconds
[2025-09-27T23:35:11.592+0100] {processor.py:186} INFO - Started process (PID=22623) to work on /home/engineer/project/airflow_env/lib/python3.12/site-packages/airflow/example_dags/example_outlet_event_extra.py
[2025-09-27T23:35:11.599+0100] {processor.py:914} INFO - Processing file /home/engineer/project/airflow_env/lib/python3.12/site-packages/airflow/example_dags/example_outlet_event_extra.py for tasks to queue
[2025-09-27T23:35:11.600+0100] {logging_mixin.py:190} INFO - [2025-09-27T23:35:11.600+0100] {dagbag.py:588} INFO - Filling up the DagBag from /home/engineer/project/airflow_env/lib/python3.12/site-packages/airflow/example_dags/example_outlet_event_extra.py
[2025-09-27T23:35:11.610+0100] {processor.py:925} INFO - DAG(s) 'dataset_with_extra_by_context', 'dataset_with_extra_by_yield', 'dataset_with_extra_from_classic_operator' retrieved from /home/engineer/project/airflow_env/lib/python3.12/site-packages/airflow/example_dags/example_outlet_event_extra.py
[2025-09-27T23:35:11.623+0100] {logging_mixin.py:190} INFO - [2025-09-27T23:35:11.623+0100] {dag.py:3239} INFO - Sync 3 DAGs
[2025-09-27T23:35:11.637+0100] {logging_mixin.py:190} INFO - [2025-09-27T23:35:11.637+0100] {dag.py:4180} INFO - Setting next_dagrun for dataset_with_extra_by_context to 2025-09-26 00:00:00+00:00, run_after=2025-09-27 00:00:00+00:00
[2025-09-27T23:35:11.639+0100] {logging_mixin.py:190} INFO - [2025-09-27T23:35:11.639+0100] {dag.py:4180} INFO - Setting next_dagrun for dataset_with_extra_by_yield to 2025-09-26 00:00:00+00:00, run_after=2025-09-27 00:00:00+00:00
[2025-09-27T23:35:11.641+0100] {logging_mixin.py:190} INFO - [2025-09-27T23:35:11.640+0100] {dag.py:4180} INFO - Setting next_dagrun for dataset_with_extra_from_classic_operator to 2025-09-26 00:00:00+00:00, run_after=2025-09-27 00:00:00+00:00
[2025-09-27T23:35:11.660+0100] {processor.py:208} INFO - Processing /home/engineer/project/airflow_env/lib/python3.12/site-packages/airflow/example_dags/example_outlet_event_extra.py took 0.072 seconds
[2025-09-27T23:35:59.524+0100] {processor.py:186} INFO - Started process (PID=22811) to work on /home/engineer/project/airflow_env/lib/python3.12/site-packages/airflow/example_dags/example_outlet_event_extra.py
[2025-09-27T23:35:59.532+0100] {processor.py:914} INFO - Processing file /home/engineer/project/airflow_env/lib/python3.12/site-packages/airflow/example_dags/example_outlet_event_extra.py for tasks to queue
[2025-09-27T23:35:59.534+0100] {logging_mixin.py:190} INFO - [2025-09-27T23:35:59.534+0100] {dagbag.py:588} INFO - Filling up the DagBag from /home/engineer/project/airflow_env/lib/python3.12/site-packages/airflow/example_dags/example_outlet_event_extra.py
[2025-09-27T23:35:59.545+0100] {processor.py:925} INFO - DAG(s) 'dataset_with_extra_from_classic_operator', 'dataset_with_extra_by_context', 'dataset_with_extra_by_yield' retrieved from /home/engineer/project/airflow_env/lib/python3.12/site-packages/airflow/example_dags/example_outlet_event_extra.py
[2025-09-27T23:35:59.560+0100] {logging_mixin.py:190} INFO - [2025-09-27T23:35:59.560+0100] {dag.py:3239} INFO - Sync 3 DAGs
[2025-09-27T23:35:59.578+0100] {logging_mixin.py:190} INFO - [2025-09-27T23:35:59.578+0100] {dag.py:4180} INFO - Setting next_dagrun for dataset_with_extra_by_context to 2025-09-26 00:00:00+00:00, run_after=2025-09-27 00:00:00+00:00
[2025-09-27T23:35:59.581+0100] {logging_mixin.py:190} INFO - [2025-09-27T23:35:59.581+0100] {dag.py:4180} INFO - Setting next_dagrun for dataset_with_extra_by_yield to 2025-09-26 00:00:00+00:00, run_after=2025-09-27 00:00:00+00:00
[2025-09-27T23:35:59.582+0100] {logging_mixin.py:190} INFO - [2025-09-27T23:35:59.582+0100] {dag.py:4180} INFO - Setting next_dagrun for dataset_with_extra_from_classic_operator to 2025-09-26 00:00:00+00:00, run_after=2025-09-27 00:00:00+00:00
[2025-09-27T23:35:59.601+0100] {processor.py:208} INFO - Processing /home/engineer/project/airflow_env/lib/python3.12/site-packages/airflow/example_dags/example_outlet_event_extra.py took 0.081 seconds
[2025-09-27T23:36:49.102+0100] {processor.py:186} INFO - Started process (PID=23037) to work on /home/engineer/project/airflow_env/lib/python3.12/site-packages/airflow/example_dags/example_outlet_event_extra.py
[2025-09-27T23:36:49.109+0100] {processor.py:914} INFO - Processing file /home/engineer/project/airflow_env/lib/python3.12/site-packages/airflow/example_dags/example_outlet_event_extra.py for tasks to queue
[2025-09-27T23:36:49.110+0100] {logging_mixin.py:190} INFO - [2025-09-27T23:36:49.110+0100] {dagbag.py:588} INFO - Filling up the DagBag from /home/engineer/project/airflow_env/lib/python3.12/site-packages/airflow/example_dags/example_outlet_event_extra.py
[2025-09-27T23:36:49.119+0100] {processor.py:925} INFO - DAG(s) 'dataset_with_extra_from_classic_operator', 'dataset_with_extra_by_yield', 'dataset_with_extra_by_context' retrieved from /home/engineer/project/airflow_env/lib/python3.12/site-packages/airflow/example_dags/example_outlet_event_extra.py
[2025-09-27T23:36:49.132+0100] {logging_mixin.py:190} INFO - [2025-09-27T23:36:49.132+0100] {dag.py:3239} INFO - Sync 3 DAGs
[2025-09-27T23:36:49.147+0100] {logging_mixin.py:190} INFO - [2025-09-27T23:36:49.147+0100] {dag.py:4180} INFO - Setting next_dagrun for dataset_with_extra_by_context to 2025-09-26 00:00:00+00:00, run_after=2025-09-27 00:00:00+00:00
[2025-09-27T23:36:49.150+0100] {logging_mixin.py:190} INFO - [2025-09-27T23:36:49.150+0100] {dag.py:4180} INFO - Setting next_dagrun for dataset_with_extra_by_yield to 2025-09-26 00:00:00+00:00, run_after=2025-09-27 00:00:00+00:00
[2025-09-27T23:36:49.151+0100] {logging_mixin.py:190} INFO - [2025-09-27T23:36:49.151+0100] {dag.py:4180} INFO - Setting next_dagrun for dataset_with_extra_from_classic_operator to 2025-09-26 00:00:00+00:00, run_after=2025-09-27 00:00:00+00:00
[2025-09-27T23:36:49.171+0100] {processor.py:208} INFO - Processing /home/engineer/project/airflow_env/lib/python3.12/site-packages/airflow/example_dags/example_outlet_event_extra.py took 0.072 seconds
[2025-09-27T23:37:36.468+0100] {processor.py:186} INFO - Started process (PID=23226) to work on /home/engineer/project/airflow_env/lib/python3.12/site-packages/airflow/example_dags/example_outlet_event_extra.py
[2025-09-27T23:37:36.470+0100] {processor.py:914} INFO - Processing file /home/engineer/project/airflow_env/lib/python3.12/site-packages/airflow/example_dags/example_outlet_event_extra.py for tasks to queue
[2025-09-27T23:37:36.470+0100] {logging_mixin.py:190} INFO - [2025-09-27T23:37:36.470+0100] {dagbag.py:588} INFO - Filling up the DagBag from /home/engineer/project/airflow_env/lib/python3.12/site-packages/airflow/example_dags/example_outlet_event_extra.py
[2025-09-27T23:37:36.480+0100] {processor.py:925} INFO - DAG(s) 'dataset_with_extra_by_yield', 'dataset_with_extra_by_context', 'dataset_with_extra_from_classic_operator' retrieved from /home/engineer/project/airflow_env/lib/python3.12/site-packages/airflow/example_dags/example_outlet_event_extra.py
[2025-09-27T23:37:36.494+0100] {logging_mixin.py:190} INFO - [2025-09-27T23:37:36.494+0100] {dag.py:3239} INFO - Sync 3 DAGs
[2025-09-27T23:37:36.508+0100] {logging_mixin.py:190} INFO - [2025-09-27T23:37:36.508+0100] {dag.py:4180} INFO - Setting next_dagrun for dataset_with_extra_by_context to 2025-09-26 00:00:00+00:00, run_after=2025-09-27 00:00:00+00:00
[2025-09-27T23:37:36.511+0100] {logging_mixin.py:190} INFO - [2025-09-27T23:37:36.511+0100] {dag.py:4180} INFO - Setting next_dagrun for dataset_with_extra_by_yield to 2025-09-26 00:00:00+00:00, run_after=2025-09-27 00:00:00+00:00
[2025-09-27T23:37:36.512+0100] {logging_mixin.py:190} INFO - [2025-09-27T23:37:36.512+0100] {dag.py:4180} INFO - Setting next_dagrun for dataset_with_extra_from_classic_operator to 2025-09-26 00:00:00+00:00, run_after=2025-09-27 00:00:00+00:00
[2025-09-27T23:37:36.530+0100] {processor.py:208} INFO - Processing /home/engineer/project/airflow_env/lib/python3.12/site-packages/airflow/example_dags/example_outlet_event_extra.py took 0.066 seconds
[2025-09-27T23:38:54.315+0100] {processor.py:186} INFO - Started process (PID=23436) to work on /home/engineer/project/airflow_env/lib/python3.12/site-packages/airflow/example_dags/example_outlet_event_extra.py
[2025-09-27T23:38:54.322+0100] {processor.py:914} INFO - Processing file /home/engineer/project/airflow_env/lib/python3.12/site-packages/airflow/example_dags/example_outlet_event_extra.py for tasks to queue
[2025-09-27T23:38:54.323+0100] {logging_mixin.py:190} INFO - [2025-09-27T23:38:54.323+0100] {dagbag.py:588} INFO - Filling up the DagBag from /home/engineer/project/airflow_env/lib/python3.12/site-packages/airflow/example_dags/example_outlet_event_extra.py
[2025-09-27T23:38:54.335+0100] {processor.py:925} INFO - DAG(s) 'dataset_with_extra_by_yield', 'dataset_with_extra_from_classic_operator', 'dataset_with_extra_by_context' retrieved from /home/engineer/project/airflow_env/lib/python3.12/site-packages/airflow/example_dags/example_outlet_event_extra.py
[2025-09-27T23:38:54.350+0100] {logging_mixin.py:190} INFO - [2025-09-27T23:38:54.350+0100] {dag.py:3239} INFO - Sync 3 DAGs
[2025-09-27T23:38:54.366+0100] {logging_mixin.py:190} INFO - [2025-09-27T23:38:54.366+0100] {dag.py:4180} INFO - Setting next_dagrun for dataset_with_extra_by_context to 2025-09-26 00:00:00+00:00, run_after=2025-09-27 00:00:00+00:00
[2025-09-27T23:38:54.369+0100] {logging_mixin.py:190} INFO - [2025-09-27T23:38:54.369+0100] {dag.py:4180} INFO - Setting next_dagrun for dataset_with_extra_by_yield to 2025-09-26 00:00:00+00:00, run_after=2025-09-27 00:00:00+00:00
[2025-09-27T23:38:54.370+0100] {logging_mixin.py:190} INFO - [2025-09-27T23:38:54.370+0100] {dag.py:4180} INFO - Setting next_dagrun for dataset_with_extra_from_classic_operator to 2025-09-26 00:00:00+00:00, run_after=2025-09-27 00:00:00+00:00
[2025-09-27T23:38:54.388+0100] {processor.py:208} INFO - Processing /home/engineer/project/airflow_env/lib/python3.12/site-packages/airflow/example_dags/example_outlet_event_extra.py took 0.077 seconds
[2025-09-27T23:39:49.148+0100] {processor.py:186} INFO - Started process (PID=23655) to work on /home/engineer/project/airflow_env/lib/python3.12/site-packages/airflow/example_dags/example_outlet_event_extra.py
[2025-09-27T23:39:49.149+0100] {processor.py:914} INFO - Processing file /home/engineer/project/airflow_env/lib/python3.12/site-packages/airflow/example_dags/example_outlet_event_extra.py for tasks to queue
[2025-09-27T23:39:49.150+0100] {logging_mixin.py:190} INFO - [2025-09-27T23:39:49.150+0100] {dagbag.py:588} INFO - Filling up the DagBag from /home/engineer/project/airflow_env/lib/python3.12/site-packages/airflow/example_dags/example_outlet_event_extra.py
[2025-09-27T23:39:49.160+0100] {processor.py:925} INFO - DAG(s) 'dataset_with_extra_from_classic_operator', 'dataset_with_extra_by_yield', 'dataset_with_extra_by_context' retrieved from /home/engineer/project/airflow_env/lib/python3.12/site-packages/airflow/example_dags/example_outlet_event_extra.py
[2025-09-27T23:39:49.173+0100] {logging_mixin.py:190} INFO - [2025-09-27T23:39:49.173+0100] {dag.py:3239} INFO - Sync 3 DAGs
[2025-09-27T23:39:49.188+0100] {logging_mixin.py:190} INFO - [2025-09-27T23:39:49.188+0100] {dag.py:4180} INFO - Setting next_dagrun for dataset_with_extra_by_context to 2025-09-26 00:00:00+00:00, run_after=2025-09-27 00:00:00+00:00
[2025-09-27T23:39:49.190+0100] {logging_mixin.py:190} INFO - [2025-09-27T23:39:49.190+0100] {dag.py:4180} INFO - Setting next_dagrun for dataset_with_extra_by_yield to 2025-09-26 00:00:00+00:00, run_after=2025-09-27 00:00:00+00:00
[2025-09-27T23:39:49.191+0100] {logging_mixin.py:190} INFO - [2025-09-27T23:39:49.191+0100] {dag.py:4180} INFO - Setting next_dagrun for dataset_with_extra_from_classic_operator to 2025-09-26 00:00:00+00:00, run_after=2025-09-27 00:00:00+00:00
[2025-09-27T23:39:49.209+0100] {processor.py:208} INFO - Processing /home/engineer/project/airflow_env/lib/python3.12/site-packages/airflow/example_dags/example_outlet_event_extra.py took 0.066 seconds
[2025-09-27T23:40:38.251+0100] {processor.py:186} INFO - Started process (PID=23851) to work on /home/engineer/project/airflow_env/lib/python3.12/site-packages/airflow/example_dags/example_outlet_event_extra.py
[2025-09-27T23:40:38.253+0100] {processor.py:914} INFO - Processing file /home/engineer/project/airflow_env/lib/python3.12/site-packages/airflow/example_dags/example_outlet_event_extra.py for tasks to queue
[2025-09-27T23:40:38.254+0100] {logging_mixin.py:190} INFO - [2025-09-27T23:40:38.254+0100] {dagbag.py:588} INFO - Filling up the DagBag from /home/engineer/project/airflow_env/lib/python3.12/site-packages/airflow/example_dags/example_outlet_event_extra.py
[2025-09-27T23:40:38.270+0100] {processor.py:925} INFO - DAG(s) 'dataset_with_extra_by_context', 'dataset_with_extra_by_yield', 'dataset_with_extra_from_classic_operator' retrieved from /home/engineer/project/airflow_env/lib/python3.12/site-packages/airflow/example_dags/example_outlet_event_extra.py
[2025-09-27T23:40:38.292+0100] {logging_mixin.py:190} INFO - [2025-09-27T23:40:38.292+0100] {dag.py:3239} INFO - Sync 3 DAGs
[2025-09-27T23:40:38.318+0100] {logging_mixin.py:190} INFO - [2025-09-27T23:40:38.318+0100] {dag.py:4180} INFO - Setting next_dagrun for dataset_with_extra_by_context to 2025-09-26 00:00:00+00:00, run_after=2025-09-27 00:00:00+00:00
[2025-09-27T23:40:38.322+0100] {logging_mixin.py:190} INFO - [2025-09-27T23:40:38.322+0100] {dag.py:4180} INFO - Setting next_dagrun for dataset_with_extra_by_yield to 2025-09-26 00:00:00+00:00, run_after=2025-09-27 00:00:00+00:00
[2025-09-27T23:40:38.323+0100] {logging_mixin.py:190} INFO - [2025-09-27T23:40:38.323+0100] {dag.py:4180} INFO - Setting next_dagrun for dataset_with_extra_from_classic_operator to 2025-09-26 00:00:00+00:00, run_after=2025-09-27 00:00:00+00:00
[2025-09-27T23:40:38.351+0100] {processor.py:208} INFO - Processing /home/engineer/project/airflow_env/lib/python3.12/site-packages/airflow/example_dags/example_outlet_event_extra.py took 0.106 seconds
[2025-09-27T23:41:28.629+0100] {processor.py:186} INFO - Started process (PID=24052) to work on /home/engineer/project/airflow_env/lib/python3.12/site-packages/airflow/example_dags/example_outlet_event_extra.py
[2025-09-27T23:41:28.630+0100] {processor.py:914} INFO - Processing file /home/engineer/project/airflow_env/lib/python3.12/site-packages/airflow/example_dags/example_outlet_event_extra.py for tasks to queue
[2025-09-27T23:41:28.631+0100] {logging_mixin.py:190} INFO - [2025-09-27T23:41:28.631+0100] {dagbag.py:588} INFO - Filling up the DagBag from /home/engineer/project/airflow_env/lib/python3.12/site-packages/airflow/example_dags/example_outlet_event_extra.py
[2025-09-27T23:41:28.641+0100] {processor.py:925} INFO - DAG(s) 'dataset_with_extra_from_classic_operator', 'dataset_with_extra_by_yield', 'dataset_with_extra_by_context' retrieved from /home/engineer/project/airflow_env/lib/python3.12/site-packages/airflow/example_dags/example_outlet_event_extra.py
[2025-09-27T23:41:28.654+0100] {logging_mixin.py:190} INFO - [2025-09-27T23:41:28.654+0100] {dag.py:3239} INFO - Sync 3 DAGs
[2025-09-27T23:41:28.669+0100] {logging_mixin.py:190} INFO - [2025-09-27T23:41:28.668+0100] {dag.py:4180} INFO - Setting next_dagrun for dataset_with_extra_by_context to 2025-09-26 00:00:00+00:00, run_after=2025-09-27 00:00:00+00:00
[2025-09-27T23:41:28.671+0100] {logging_mixin.py:190} INFO - [2025-09-27T23:41:28.671+0100] {dag.py:4180} INFO - Setting next_dagrun for dataset_with_extra_by_yield to 2025-09-26 00:00:00+00:00, run_after=2025-09-27 00:00:00+00:00
[2025-09-27T23:41:28.673+0100] {logging_mixin.py:190} INFO - [2025-09-27T23:41:28.673+0100] {dag.py:4180} INFO - Setting next_dagrun for dataset_with_extra_from_classic_operator to 2025-09-26 00:00:00+00:00, run_after=2025-09-27 00:00:00+00:00
[2025-09-27T23:41:28.692+0100] {processor.py:208} INFO - Processing /home/engineer/project/airflow_env/lib/python3.12/site-packages/airflow/example_dags/example_outlet_event_extra.py took 0.067 seconds
[2025-09-27T23:42:17.887+0100] {processor.py:186} INFO - Started process (PID=24272) to work on /home/engineer/project/airflow_env/lib/python3.12/site-packages/airflow/example_dags/example_outlet_event_extra.py
[2025-09-27T23:42:17.895+0100] {processor.py:914} INFO - Processing file /home/engineer/project/airflow_env/lib/python3.12/site-packages/airflow/example_dags/example_outlet_event_extra.py for tasks to queue
[2025-09-27T23:42:17.897+0100] {logging_mixin.py:190} INFO - [2025-09-27T23:42:17.896+0100] {dagbag.py:588} INFO - Filling up the DagBag from /home/engineer/project/airflow_env/lib/python3.12/site-packages/airflow/example_dags/example_outlet_event_extra.py
[2025-09-27T23:42:17.910+0100] {processor.py:925} INFO - DAG(s) 'dataset_with_extra_by_context', 'dataset_with_extra_by_yield', 'dataset_with_extra_from_classic_operator' retrieved from /home/engineer/project/airflow_env/lib/python3.12/site-packages/airflow/example_dags/example_outlet_event_extra.py
[2025-09-27T23:42:17.931+0100] {logging_mixin.py:190} INFO - [2025-09-27T23:42:17.931+0100] {dag.py:3239} INFO - Sync 3 DAGs
[2025-09-27T23:42:17.955+0100] {logging_mixin.py:190} INFO - [2025-09-27T23:42:17.954+0100] {dag.py:4180} INFO - Setting next_dagrun for dataset_with_extra_by_context to 2025-09-26 00:00:00+00:00, run_after=2025-09-27 00:00:00+00:00
[2025-09-27T23:42:17.958+0100] {logging_mixin.py:190} INFO - [2025-09-27T23:42:17.958+0100] {dag.py:4180} INFO - Setting next_dagrun for dataset_with_extra_by_yield to 2025-09-26 00:00:00+00:00, run_after=2025-09-27 00:00:00+00:00
[2025-09-27T23:42:17.960+0100] {logging_mixin.py:190} INFO - [2025-09-27T23:42:17.960+0100] {dag.py:4180} INFO - Setting next_dagrun for dataset_with_extra_from_classic_operator to 2025-09-26 00:00:00+00:00, run_after=2025-09-27 00:00:00+00:00
[2025-09-27T23:42:17.981+0100] {processor.py:208} INFO - Processing /home/engineer/project/airflow_env/lib/python3.12/site-packages/airflow/example_dags/example_outlet_event_extra.py took 0.099 seconds
[2025-09-27T23:43:10.079+0100] {processor.py:186} INFO - Started process (PID=24477) to work on /home/engineer/project/airflow_env/lib/python3.12/site-packages/airflow/example_dags/example_outlet_event_extra.py
[2025-09-27T23:43:10.080+0100] {processor.py:914} INFO - Processing file /home/engineer/project/airflow_env/lib/python3.12/site-packages/airflow/example_dags/example_outlet_event_extra.py for tasks to queue
[2025-09-27T23:43:10.081+0100] {logging_mixin.py:190} INFO - [2025-09-27T23:43:10.081+0100] {dagbag.py:588} INFO - Filling up the DagBag from /home/engineer/project/airflow_env/lib/python3.12/site-packages/airflow/example_dags/example_outlet_event_extra.py
[2025-09-27T23:43:10.091+0100] {processor.py:925} INFO - DAG(s) 'dataset_with_extra_by_context', 'dataset_with_extra_from_classic_operator', 'dataset_with_extra_by_yield' retrieved from /home/engineer/project/airflow_env/lib/python3.12/site-packages/airflow/example_dags/example_outlet_event_extra.py
[2025-09-27T23:43:10.107+0100] {logging_mixin.py:190} INFO - [2025-09-27T23:43:10.106+0100] {dag.py:3239} INFO - Sync 3 DAGs
[2025-09-27T23:43:10.125+0100] {logging_mixin.py:190} INFO - [2025-09-27T23:43:10.125+0100] {dag.py:4180} INFO - Setting next_dagrun for dataset_with_extra_by_context to 2025-09-26 00:00:00+00:00, run_after=2025-09-27 00:00:00+00:00
[2025-09-27T23:43:10.128+0100] {logging_mixin.py:190} INFO - [2025-09-27T23:43:10.128+0100] {dag.py:4180} INFO - Setting next_dagrun for dataset_with_extra_by_yield to 2025-09-26 00:00:00+00:00, run_after=2025-09-27 00:00:00+00:00
[2025-09-27T23:43:10.129+0100] {logging_mixin.py:190} INFO - [2025-09-27T23:43:10.129+0100] {dag.py:4180} INFO - Setting next_dagrun for dataset_with_extra_from_classic_operator to 2025-09-26 00:00:00+00:00, run_after=2025-09-27 00:00:00+00:00
[2025-09-27T23:43:10.148+0100] {processor.py:208} INFO - Processing /home/engineer/project/airflow_env/lib/python3.12/site-packages/airflow/example_dags/example_outlet_event_extra.py took 0.074 seconds
[2025-09-27T23:44:01.364+0100] {processor.py:186} INFO - Started process (PID=24804) to work on /home/engineer/project/airflow_env/lib/python3.12/site-packages/airflow/example_dags/example_outlet_event_extra.py
[2025-09-27T23:44:01.372+0100] {processor.py:914} INFO - Processing file /home/engineer/project/airflow_env/lib/python3.12/site-packages/airflow/example_dags/example_outlet_event_extra.py for tasks to queue
[2025-09-27T23:44:01.374+0100] {logging_mixin.py:190} INFO - [2025-09-27T23:44:01.374+0100] {dagbag.py:588} INFO - Filling up the DagBag from /home/engineer/project/airflow_env/lib/python3.12/site-packages/airflow/example_dags/example_outlet_event_extra.py
[2025-09-27T23:44:01.388+0100] {processor.py:925} INFO - DAG(s) 'dataset_with_extra_by_context', 'dataset_with_extra_from_classic_operator', 'dataset_with_extra_by_yield' retrieved from /home/engineer/project/airflow_env/lib/python3.12/site-packages/airflow/example_dags/example_outlet_event_extra.py
[2025-09-27T23:44:01.410+0100] {logging_mixin.py:190} INFO - [2025-09-27T23:44:01.410+0100] {dag.py:3239} INFO - Sync 3 DAGs
[2025-09-27T23:44:01.429+0100] {logging_mixin.py:190} INFO - [2025-09-27T23:44:01.428+0100] {dag.py:4180} INFO - Setting next_dagrun for dataset_with_extra_by_context to 2025-09-26 00:00:00+00:00, run_after=2025-09-27 00:00:00+00:00
[2025-09-27T23:44:01.431+0100] {logging_mixin.py:190} INFO - [2025-09-27T23:44:01.431+0100] {dag.py:4180} INFO - Setting next_dagrun for dataset_with_extra_by_yield to 2025-09-26 00:00:00+00:00, run_after=2025-09-27 00:00:00+00:00
[2025-09-27T23:44:01.432+0100] {logging_mixin.py:190} INFO - [2025-09-27T23:44:01.432+0100] {dag.py:4180} INFO - Setting next_dagrun for dataset_with_extra_from_classic_operator to 2025-09-26 00:00:00+00:00, run_after=2025-09-27 00:00:00+00:00
[2025-09-27T23:44:01.454+0100] {processor.py:208} INFO - Processing /home/engineer/project/airflow_env/lib/python3.12/site-packages/airflow/example_dags/example_outlet_event_extra.py took 0.095 seconds
