[2025-09-27T23:27:05.178+0100] {processor.py:186} INFO - Started process (PID=19942) to work on /home/engineer/project/airflow_env/lib/python3.12/site-packages/airflow/example_dags/example_bash_decorator.py
[2025-09-27T23:27:05.179+0100] {processor.py:914} INFO - Processing file /home/engineer/project/airflow_env/lib/python3.12/site-packages/airflow/example_dags/example_bash_decorator.py for tasks to queue
[2025-09-27T23:27:05.181+0100] {logging_mixin.py:190} INFO - [2025-09-27T23:27:05.181+0100] {dagbag.py:588} INFO - Filling up the DagBag from /home/engineer/project/airflow_env/lib/python3.12/site-packages/airflow/example_dags/example_bash_decorator.py
[2025-09-27T23:27:05.198+0100] {processor.py:925} INFO - DAG(s) 'example_bash_decorator' retrieved from /home/engineer/project/airflow_env/lib/python3.12/site-packages/airflow/example_dags/example_bash_decorator.py
[2025-09-27T23:27:05.300+0100] {logging_mixin.py:190} INFO - [2025-09-27T23:27:05.299+0100] {override.py:1900} INFO - Created Permission View: can delete on DAG:example_bash_decorator
[2025-09-27T23:27:05.309+0100] {logging_mixin.py:190} INFO - [2025-09-27T23:27:05.308+0100] {override.py:1900} INFO - Created Permission View: can read on DAG:example_bash_decorator
[2025-09-27T23:27:05.315+0100] {logging_mixin.py:190} INFO - [2025-09-27T23:27:05.315+0100] {override.py:1900} INFO - Created Permission View: can edit on DAG:example_bash_decorator
[2025-09-27T23:27:05.324+0100] {logging_mixin.py:190} INFO - [2025-09-27T23:27:05.324+0100] {override.py:1900} INFO - Created Permission View: can delete on DAG Run:example_bash_decorator
[2025-09-27T23:27:05.330+0100] {logging_mixin.py:190} INFO - [2025-09-27T23:27:05.330+0100] {override.py:1900} INFO - Created Permission View: can read on DAG Run:example_bash_decorator
[2025-09-27T23:27:05.336+0100] {logging_mixin.py:190} INFO - [2025-09-27T23:27:05.336+0100] {override.py:1900} INFO - Created Permission View: can create on DAG Run:example_bash_decorator
[2025-09-27T23:27:05.342+0100] {logging_mixin.py:190} INFO - [2025-09-27T23:27:05.341+0100] {override.py:1900} INFO - Created Permission View: menu access on DAG Run:example_bash_decorator
[2025-09-27T23:27:05.342+0100] {logging_mixin.py:190} INFO - [2025-09-27T23:27:05.342+0100] {dag.py:3239} INFO - Sync 1 DAGs
[2025-09-27T23:27:05.350+0100] {logging_mixin.py:190} INFO - [2025-09-27T23:27:05.350+0100] {dag.py:3262} INFO - Creating ORM DAG for example_bash_decorator
[2025-09-27T23:27:05.351+0100] {logging_mixin.py:190} INFO - [2025-09-27T23:27:05.351+0100] {dag.py:4180} INFO - Setting next_dagrun for example_bash_decorator to None, run_after=None
[2025-09-27T23:27:05.365+0100] {processor.py:208} INFO - Processing /home/engineer/project/airflow_env/lib/python3.12/site-packages/airflow/example_dags/example_bash_decorator.py took 0.192 seconds
[2025-09-27T23:28:03.072+0100] {processor.py:186} INFO - Started process (PID=20227) to work on /home/engineer/project/airflow_env/lib/python3.12/site-packages/airflow/example_dags/example_bash_decorator.py
[2025-09-27T23:28:03.079+0100] {processor.py:914} INFO - Processing file /home/engineer/project/airflow_env/lib/python3.12/site-packages/airflow/example_dags/example_bash_decorator.py for tasks to queue
[2025-09-27T23:28:03.080+0100] {logging_mixin.py:190} INFO - [2025-09-27T23:28:03.080+0100] {dagbag.py:588} INFO - Filling up the DagBag from /home/engineer/project/airflow_env/lib/python3.12/site-packages/airflow/example_dags/example_bash_decorator.py
[2025-09-27T23:28:03.090+0100] {processor.py:925} INFO - DAG(s) 'example_bash_decorator' retrieved from /home/engineer/project/airflow_env/lib/python3.12/site-packages/airflow/example_dags/example_bash_decorator.py
[2025-09-27T23:28:03.103+0100] {logging_mixin.py:190} INFO - [2025-09-27T23:28:03.103+0100] {dag.py:3239} INFO - Sync 1 DAGs
[2025-09-27T23:28:03.111+0100] {logging_mixin.py:190} INFO - [2025-09-27T23:28:03.111+0100] {dag.py:4180} INFO - Setting next_dagrun for example_bash_decorator to None, run_after=None
[2025-09-27T23:28:03.129+0100] {processor.py:208} INFO - Processing /home/engineer/project/airflow_env/lib/python3.12/site-packages/airflow/example_dags/example_bash_decorator.py took 0.060 seconds
[2025-09-27T23:28:55.693+0100] {processor.py:186} INFO - Started process (PID=20439) to work on /home/engineer/project/airflow_env/lib/python3.12/site-packages/airflow/example_dags/example_bash_decorator.py
[2025-09-27T23:28:55.695+0100] {processor.py:914} INFO - Processing file /home/engineer/project/airflow_env/lib/python3.12/site-packages/airflow/example_dags/example_bash_decorator.py for tasks to queue
[2025-09-27T23:28:55.697+0100] {logging_mixin.py:190} INFO - [2025-09-27T23:28:55.696+0100] {dagbag.py:588} INFO - Filling up the DagBag from /home/engineer/project/airflow_env/lib/python3.12/site-packages/airflow/example_dags/example_bash_decorator.py
[2025-09-27T23:28:55.709+0100] {processor.py:925} INFO - DAG(s) 'example_bash_decorator' retrieved from /home/engineer/project/airflow_env/lib/python3.12/site-packages/airflow/example_dags/example_bash_decorator.py
[2025-09-27T23:28:55.724+0100] {logging_mixin.py:190} INFO - [2025-09-27T23:28:55.724+0100] {dag.py:3239} INFO - Sync 1 DAGs
[2025-09-27T23:28:55.733+0100] {logging_mixin.py:190} INFO - [2025-09-27T23:28:55.733+0100] {dag.py:4180} INFO - Setting next_dagrun for example_bash_decorator to None, run_after=None
[2025-09-27T23:28:55.750+0100] {processor.py:208} INFO - Processing /home/engineer/project/airflow_env/lib/python3.12/site-packages/airflow/example_dags/example_bash_decorator.py took 0.061 seconds
[2025-09-27T23:30:04.260+0100] {processor.py:186} INFO - Started process (PID=20711) to work on /home/engineer/project/airflow_env/lib/python3.12/site-packages/airflow/example_dags/example_bash_decorator.py
[2025-09-27T23:30:04.261+0100] {processor.py:914} INFO - Processing file /home/engineer/project/airflow_env/lib/python3.12/site-packages/airflow/example_dags/example_bash_decorator.py for tasks to queue
[2025-09-27T23:30:04.263+0100] {logging_mixin.py:190} INFO - [2025-09-27T23:30:04.262+0100] {dagbag.py:588} INFO - Filling up the DagBag from /home/engineer/project/airflow_env/lib/python3.12/site-packages/airflow/example_dags/example_bash_decorator.py
[2025-09-27T23:30:04.272+0100] {processor.py:925} INFO - DAG(s) 'example_bash_decorator' retrieved from /home/engineer/project/airflow_env/lib/python3.12/site-packages/airflow/example_dags/example_bash_decorator.py
[2025-09-27T23:30:04.287+0100] {logging_mixin.py:190} INFO - [2025-09-27T23:30:04.287+0100] {dag.py:3239} INFO - Sync 1 DAGs
[2025-09-27T23:30:04.296+0100] {logging_mixin.py:190} INFO - [2025-09-27T23:30:04.296+0100] {dag.py:4180} INFO - Setting next_dagrun for example_bash_decorator to None, run_after=None
[2025-09-27T23:30:04.315+0100] {processor.py:208} INFO - Processing /home/engineer/project/airflow_env/lib/python3.12/site-packages/airflow/example_dags/example_bash_decorator.py took 0.059 seconds
[2025-09-27T23:31:16.382+0100] {processor.py:186} INFO - Started process (PID=21587) to work on /home/engineer/project/airflow_env/lib/python3.12/site-packages/airflow/example_dags/example_bash_decorator.py
[2025-09-27T23:31:16.390+0100] {processor.py:914} INFO - Processing file /home/engineer/project/airflow_env/lib/python3.12/site-packages/airflow/example_dags/example_bash_decorator.py for tasks to queue
[2025-09-27T23:31:16.392+0100] {logging_mixin.py:190} INFO - [2025-09-27T23:31:16.392+0100] {dagbag.py:588} INFO - Filling up the DagBag from /home/engineer/project/airflow_env/lib/python3.12/site-packages/airflow/example_dags/example_bash_decorator.py
[2025-09-27T23:31:16.404+0100] {processor.py:925} INFO - DAG(s) 'example_bash_decorator' retrieved from /home/engineer/project/airflow_env/lib/python3.12/site-packages/airflow/example_dags/example_bash_decorator.py
[2025-09-27T23:31:16.419+0100] {logging_mixin.py:190} INFO - [2025-09-27T23:31:16.419+0100] {dag.py:3239} INFO - Sync 1 DAGs
[2025-09-27T23:31:16.521+0100] {logging_mixin.py:190} INFO - [2025-09-27T23:31:16.521+0100] {dag.py:4180} INFO - Setting next_dagrun for example_bash_decorator to None, run_after=None
[2025-09-27T23:31:16.539+0100] {processor.py:208} INFO - Processing /home/engineer/project/airflow_env/lib/python3.12/site-packages/airflow/example_dags/example_bash_decorator.py took 0.161 seconds
[2025-09-27T23:32:13.426+0100] {processor.py:186} INFO - Started process (PID=21915) to work on /home/engineer/project/airflow_env/lib/python3.12/site-packages/airflow/example_dags/example_bash_decorator.py
[2025-09-27T23:32:13.433+0100] {processor.py:914} INFO - Processing file /home/engineer/project/airflow_env/lib/python3.12/site-packages/airflow/example_dags/example_bash_decorator.py for tasks to queue
[2025-09-27T23:32:13.435+0100] {logging_mixin.py:190} INFO - [2025-09-27T23:32:13.435+0100] {dagbag.py:588} INFO - Filling up the DagBag from /home/engineer/project/airflow_env/lib/python3.12/site-packages/airflow/example_dags/example_bash_decorator.py
[2025-09-27T23:32:13.446+0100] {processor.py:925} INFO - DAG(s) 'example_bash_decorator' retrieved from /home/engineer/project/airflow_env/lib/python3.12/site-packages/airflow/example_dags/example_bash_decorator.py
[2025-09-27T23:32:13.459+0100] {logging_mixin.py:190} INFO - [2025-09-27T23:32:13.459+0100] {dag.py:3239} INFO - Sync 1 DAGs
[2025-09-27T23:32:13.469+0100] {logging_mixin.py:190} INFO - [2025-09-27T23:32:13.469+0100] {dag.py:4180} INFO - Setting next_dagrun for example_bash_decorator to None, run_after=None
[2025-09-27T23:32:13.487+0100] {processor.py:208} INFO - Processing /home/engineer/project/airflow_env/lib/python3.12/site-packages/airflow/example_dags/example_bash_decorator.py took 0.065 seconds
[2025-09-27T23:33:23.215+0100] {processor.py:186} INFO - Started process (PID=22194) to work on /home/engineer/project/airflow_env/lib/python3.12/site-packages/airflow/example_dags/example_bash_decorator.py
[2025-09-27T23:33:23.223+0100] {processor.py:914} INFO - Processing file /home/engineer/project/airflow_env/lib/python3.12/site-packages/airflow/example_dags/example_bash_decorator.py for tasks to queue
[2025-09-27T23:33:23.224+0100] {logging_mixin.py:190} INFO - [2025-09-27T23:33:23.224+0100] {dagbag.py:588} INFO - Filling up the DagBag from /home/engineer/project/airflow_env/lib/python3.12/site-packages/airflow/example_dags/example_bash_decorator.py
[2025-09-27T23:33:23.236+0100] {processor.py:925} INFO - DAG(s) 'example_bash_decorator' retrieved from /home/engineer/project/airflow_env/lib/python3.12/site-packages/airflow/example_dags/example_bash_decorator.py
[2025-09-27T23:33:23.249+0100] {logging_mixin.py:190} INFO - [2025-09-27T23:33:23.249+0100] {dag.py:3239} INFO - Sync 1 DAGs
[2025-09-27T23:33:23.257+0100] {logging_mixin.py:190} INFO - [2025-09-27T23:33:23.257+0100] {dag.py:4180} INFO - Setting next_dagrun for example_bash_decorator to None, run_after=None
[2025-09-27T23:33:23.275+0100] {processor.py:208} INFO - Processing /home/engineer/project/airflow_env/lib/python3.12/site-packages/airflow/example_dags/example_bash_decorator.py took 0.064 seconds
[2025-09-27T23:34:16.147+0100] {processor.py:186} INFO - Started process (PID=22404) to work on /home/engineer/project/airflow_env/lib/python3.12/site-packages/airflow/example_dags/example_bash_decorator.py
[2025-09-27T23:34:16.155+0100] {processor.py:914} INFO - Processing file /home/engineer/project/airflow_env/lib/python3.12/site-packages/airflow/example_dags/example_bash_decorator.py for tasks to queue
[2025-09-27T23:34:16.158+0100] {logging_mixin.py:190} INFO - [2025-09-27T23:34:16.157+0100] {dagbag.py:588} INFO - Filling up the DagBag from /home/engineer/project/airflow_env/lib/python3.12/site-packages/airflow/example_dags/example_bash_decorator.py
[2025-09-27T23:34:16.170+0100] {processor.py:925} INFO - DAG(s) 'example_bash_decorator' retrieved from /home/engineer/project/airflow_env/lib/python3.12/site-packages/airflow/example_dags/example_bash_decorator.py
[2025-09-27T23:34:16.192+0100] {logging_mixin.py:190} INFO - [2025-09-27T23:34:16.191+0100] {dag.py:3239} INFO - Sync 1 DAGs
[2025-09-27T23:34:16.208+0100] {logging_mixin.py:190} INFO - [2025-09-27T23:34:16.208+0100] {dag.py:4180} INFO - Setting next_dagrun for example_bash_decorator to None, run_after=None
[2025-09-27T23:34:16.231+0100] {processor.py:208} INFO - Processing /home/engineer/project/airflow_env/lib/python3.12/site-packages/airflow/example_dags/example_bash_decorator.py took 0.088 seconds
[2025-09-27T23:35:28.707+0100] {processor.py:186} INFO - Started process (PID=22690) to work on /home/engineer/project/airflow_env/lib/python3.12/site-packages/airflow/example_dags/example_bash_decorator.py
[2025-09-27T23:35:28.714+0100] {processor.py:914} INFO - Processing file /home/engineer/project/airflow_env/lib/python3.12/site-packages/airflow/example_dags/example_bash_decorator.py for tasks to queue
[2025-09-27T23:35:28.715+0100] {logging_mixin.py:190} INFO - [2025-09-27T23:35:28.715+0100] {dagbag.py:588} INFO - Filling up the DagBag from /home/engineer/project/airflow_env/lib/python3.12/site-packages/airflow/example_dags/example_bash_decorator.py
[2025-09-27T23:35:28.726+0100] {processor.py:925} INFO - DAG(s) 'example_bash_decorator' retrieved from /home/engineer/project/airflow_env/lib/python3.12/site-packages/airflow/example_dags/example_bash_decorator.py
[2025-09-27T23:35:28.738+0100] {logging_mixin.py:190} INFO - [2025-09-27T23:35:28.738+0100] {dag.py:3239} INFO - Sync 1 DAGs
[2025-09-27T23:35:28.746+0100] {logging_mixin.py:190} INFO - [2025-09-27T23:35:28.746+0100] {dag.py:4180} INFO - Setting next_dagrun for example_bash_decorator to None, run_after=None
[2025-09-27T23:35:28.760+0100] {processor.py:208} INFO - Processing /home/engineer/project/airflow_env/lib/python3.12/site-packages/airflow/example_dags/example_bash_decorator.py took 0.058 seconds
[2025-09-27T23:36:42.838+0100] {processor.py:186} INFO - Started process (PID=23013) to work on /home/engineer/project/airflow_env/lib/python3.12/site-packages/airflow/example_dags/example_bash_decorator.py
[2025-09-27T23:36:42.839+0100] {processor.py:914} INFO - Processing file /home/engineer/project/airflow_env/lib/python3.12/site-packages/airflow/example_dags/example_bash_decorator.py for tasks to queue
[2025-09-27T23:36:42.840+0100] {logging_mixin.py:190} INFO - [2025-09-27T23:36:42.839+0100] {dagbag.py:588} INFO - Filling up the DagBag from /home/engineer/project/airflow_env/lib/python3.12/site-packages/airflow/example_dags/example_bash_decorator.py
[2025-09-27T23:36:42.850+0100] {processor.py:925} INFO - DAG(s) 'example_bash_decorator' retrieved from /home/engineer/project/airflow_env/lib/python3.12/site-packages/airflow/example_dags/example_bash_decorator.py
[2025-09-27T23:36:42.863+0100] {logging_mixin.py:190} INFO - [2025-09-27T23:36:42.863+0100] {dag.py:3239} INFO - Sync 1 DAGs
[2025-09-27T23:36:42.873+0100] {logging_mixin.py:190} INFO - [2025-09-27T23:36:42.873+0100] {dag.py:4180} INFO - Setting next_dagrun for example_bash_decorator to None, run_after=None
[2025-09-27T23:36:42.891+0100] {processor.py:208} INFO - Processing /home/engineer/project/airflow_env/lib/python3.12/site-packages/airflow/example_dags/example_bash_decorator.py took 0.057 seconds
[2025-09-27T23:38:29.827+0100] {processor.py:186} INFO - Started process (PID=23331) to work on /home/engineer/project/airflow_env/lib/python3.12/site-packages/airflow/example_dags/example_bash_decorator.py
[2025-09-27T23:38:29.828+0100] {processor.py:914} INFO - Processing file /home/engineer/project/airflow_env/lib/python3.12/site-packages/airflow/example_dags/example_bash_decorator.py for tasks to queue
[2025-09-27T23:38:29.830+0100] {logging_mixin.py:190} INFO - [2025-09-27T23:38:29.829+0100] {dagbag.py:588} INFO - Filling up the DagBag from /home/engineer/project/airflow_env/lib/python3.12/site-packages/airflow/example_dags/example_bash_decorator.py
[2025-09-27T23:38:29.843+0100] {processor.py:925} INFO - DAG(s) 'example_bash_decorator' retrieved from /home/engineer/project/airflow_env/lib/python3.12/site-packages/airflow/example_dags/example_bash_decorator.py
[2025-09-27T23:38:29.865+0100] {logging_mixin.py:190} INFO - [2025-09-27T23:38:29.865+0100] {dag.py:3239} INFO - Sync 1 DAGs
[2025-09-27T23:38:29.876+0100] {logging_mixin.py:190} INFO - [2025-09-27T23:38:29.876+0100] {dag.py:4180} INFO - Setting next_dagrun for example_bash_decorator to None, run_after=None
[2025-09-27T23:38:29.892+0100] {processor.py:208} INFO - Processing /home/engineer/project/airflow_env/lib/python3.12/site-packages/airflow/example_dags/example_bash_decorator.py took 0.070 seconds
[2025-09-27T23:39:45.481+0100] {processor.py:186} INFO - Started process (PID=23639) to work on /home/engineer/project/airflow_env/lib/python3.12/site-packages/airflow/example_dags/example_bash_decorator.py
[2025-09-27T23:39:45.482+0100] {processor.py:914} INFO - Processing file /home/engineer/project/airflow_env/lib/python3.12/site-packages/airflow/example_dags/example_bash_decorator.py for tasks to queue
[2025-09-27T23:39:45.484+0100] {logging_mixin.py:190} INFO - [2025-09-27T23:39:45.484+0100] {dagbag.py:588} INFO - Filling up the DagBag from /home/engineer/project/airflow_env/lib/python3.12/site-packages/airflow/example_dags/example_bash_decorator.py
[2025-09-27T23:39:45.497+0100] {processor.py:925} INFO - DAG(s) 'example_bash_decorator' retrieved from /home/engineer/project/airflow_env/lib/python3.12/site-packages/airflow/example_dags/example_bash_decorator.py
[2025-09-27T23:39:45.512+0100] {logging_mixin.py:190} INFO - [2025-09-27T23:39:45.512+0100] {dag.py:3239} INFO - Sync 1 DAGs
[2025-09-27T23:39:45.525+0100] {logging_mixin.py:190} INFO - [2025-09-27T23:39:45.525+0100] {dag.py:4180} INFO - Setting next_dagrun for example_bash_decorator to None, run_after=None
[2025-09-27T23:39:45.544+0100] {processor.py:208} INFO - Processing /home/engineer/project/airflow_env/lib/python3.12/site-packages/airflow/example_dags/example_bash_decorator.py took 0.068 seconds
[2025-09-27T23:40:57.695+0100] {processor.py:186} INFO - Started process (PID=23932) to work on /home/engineer/project/airflow_env/lib/python3.12/site-packages/airflow/example_dags/example_bash_decorator.py
[2025-09-27T23:40:57.697+0100] {processor.py:914} INFO - Processing file /home/engineer/project/airflow_env/lib/python3.12/site-packages/airflow/example_dags/example_bash_decorator.py for tasks to queue
[2025-09-27T23:40:57.698+0100] {logging_mixin.py:190} INFO - [2025-09-27T23:40:57.698+0100] {dagbag.py:588} INFO - Filling up the DagBag from /home/engineer/project/airflow_env/lib/python3.12/site-packages/airflow/example_dags/example_bash_decorator.py
[2025-09-27T23:40:57.714+0100] {processor.py:925} INFO - DAG(s) 'example_bash_decorator' retrieved from /home/engineer/project/airflow_env/lib/python3.12/site-packages/airflow/example_dags/example_bash_decorator.py
[2025-09-27T23:40:57.741+0100] {logging_mixin.py:190} INFO - [2025-09-27T23:40:57.740+0100] {dag.py:3239} INFO - Sync 1 DAGs
[2025-09-27T23:40:57.757+0100] {logging_mixin.py:190} INFO - [2025-09-27T23:40:57.757+0100] {dag.py:4180} INFO - Setting next_dagrun for example_bash_decorator to None, run_after=None
[2025-09-27T23:40:57.781+0100] {processor.py:208} INFO - Processing /home/engineer/project/airflow_env/lib/python3.12/site-packages/airflow/example_dags/example_bash_decorator.py took 0.092 seconds
[2025-09-27T23:41:48.740+0100] {processor.py:186} INFO - Started process (PID=24130) to work on /home/engineer/project/airflow_env/lib/python3.12/site-packages/airflow/example_dags/example_bash_decorator.py
[2025-09-27T23:41:48.742+0100] {processor.py:914} INFO - Processing file /home/engineer/project/airflow_env/lib/python3.12/site-packages/airflow/example_dags/example_bash_decorator.py for tasks to queue
[2025-09-27T23:41:48.743+0100] {logging_mixin.py:190} INFO - [2025-09-27T23:41:48.742+0100] {dagbag.py:588} INFO - Filling up the DagBag from /home/engineer/project/airflow_env/lib/python3.12/site-packages/airflow/example_dags/example_bash_decorator.py
[2025-09-27T23:41:48.754+0100] {processor.py:925} INFO - DAG(s) 'example_bash_decorator' retrieved from /home/engineer/project/airflow_env/lib/python3.12/site-packages/airflow/example_dags/example_bash_decorator.py
[2025-09-27T23:41:48.767+0100] {logging_mixin.py:190} INFO - [2025-09-27T23:41:48.767+0100] {dag.py:3239} INFO - Sync 1 DAGs
[2025-09-27T23:41:48.777+0100] {logging_mixin.py:190} INFO - [2025-09-27T23:41:48.777+0100] {dag.py:4180} INFO - Setting next_dagrun for example_bash_decorator to None, run_after=None
[2025-09-27T23:41:48.794+0100] {processor.py:208} INFO - Processing /home/engineer/project/airflow_env/lib/python3.12/site-packages/airflow/example_dags/example_bash_decorator.py took 0.057 seconds
[2025-09-27T23:43:03.302+0100] {processor.py:186} INFO - Started process (PID=24453) to work on /home/engineer/project/airflow_env/lib/python3.12/site-packages/airflow/example_dags/example_bash_decorator.py
[2025-09-27T23:43:03.304+0100] {processor.py:914} INFO - Processing file /home/engineer/project/airflow_env/lib/python3.12/site-packages/airflow/example_dags/example_bash_decorator.py for tasks to queue
[2025-09-27T23:43:03.305+0100] {logging_mixin.py:190} INFO - [2025-09-27T23:43:03.305+0100] {dagbag.py:588} INFO - Filling up the DagBag from /home/engineer/project/airflow_env/lib/python3.12/site-packages/airflow/example_dags/example_bash_decorator.py
[2025-09-27T23:43:03.316+0100] {processor.py:925} INFO - DAG(s) 'example_bash_decorator' retrieved from /home/engineer/project/airflow_env/lib/python3.12/site-packages/airflow/example_dags/example_bash_decorator.py
[2025-09-27T23:43:03.331+0100] {logging_mixin.py:190} INFO - [2025-09-27T23:43:03.331+0100] {dag.py:3239} INFO - Sync 1 DAGs
[2025-09-27T23:43:03.344+0100] {logging_mixin.py:190} INFO - [2025-09-27T23:43:03.344+0100] {dag.py:4180} INFO - Setting next_dagrun for example_bash_decorator to None, run_after=None
[2025-09-27T23:43:03.363+0100] {processor.py:208} INFO - Processing /home/engineer/project/airflow_env/lib/python3.12/site-packages/airflow/example_dags/example_bash_decorator.py took 0.066 seconds
[2025-09-27T23:43:55.913+0100] {processor.py:186} INFO - Started process (PID=24750) to work on /home/engineer/project/airflow_env/lib/python3.12/site-packages/airflow/example_dags/example_bash_decorator.py
[2025-09-27T23:43:55.920+0100] {processor.py:914} INFO - Processing file /home/engineer/project/airflow_env/lib/python3.12/site-packages/airflow/example_dags/example_bash_decorator.py for tasks to queue
[2025-09-27T23:43:55.921+0100] {logging_mixin.py:190} INFO - [2025-09-27T23:43:55.921+0100] {dagbag.py:588} INFO - Filling up the DagBag from /home/engineer/project/airflow_env/lib/python3.12/site-packages/airflow/example_dags/example_bash_decorator.py
[2025-09-27T23:43:55.937+0100] {processor.py:925} INFO - DAG(s) 'example_bash_decorator' retrieved from /home/engineer/project/airflow_env/lib/python3.12/site-packages/airflow/example_dags/example_bash_decorator.py
[2025-09-27T23:43:55.954+0100] {logging_mixin.py:190} INFO - [2025-09-27T23:43:55.954+0100] {dag.py:3239} INFO - Sync 1 DAGs
[2025-09-27T23:43:55.966+0100] {logging_mixin.py:190} INFO - [2025-09-27T23:43:55.966+0100] {dag.py:4180} INFO - Setting next_dagrun for example_bash_decorator to None, run_after=None
[2025-09-27T23:43:55.985+0100] {processor.py:208} INFO - Processing /home/engineer/project/airflow_env/lib/python3.12/site-packages/airflow/example_dags/example_bash_decorator.py took 0.078 seconds
