[2025-09-27T23:26:53.560+0100] {processor.py:186} INFO - Started process (PID=19895) to work on /home/engineer/project/airflow_env/lib/python3.12/site-packages/airflow/example_dags/example_inlet_event_extra.py
[2025-09-27T23:26:53.561+0100] {processor.py:914} INFO - Processing file /home/engineer/project/airflow_env/lib/python3.12/site-packages/airflow/example_dags/example_inlet_event_extra.py for tasks to queue
[2025-09-27T23:26:53.562+0100] {logging_mixin.py:190} INFO - [2025-09-27T23:26:53.562+0100] {dagbag.py:588} INFO - Filling up the DagBag from /home/engineer/project/airflow_env/lib/python3.12/site-packages/airflow/example_dags/example_inlet_event_extra.py
[2025-09-27T23:26:53.570+0100] {processor.py:925} INFO - DAG(s) 'read_dataset_event', 'read_dataset_event_from_classic' retrieved from /home/engineer/project/airflow_env/lib/python3.12/site-packages/airflow/example_dags/example_inlet_event_extra.py
[2025-09-27T23:26:53.645+0100] {logging_mixin.py:190} INFO - [2025-09-27T23:26:53.644+0100] {override.py:1900} INFO - Created Permission View: can delete on DAG:read_dataset_event
[2025-09-27T23:26:53.654+0100] {logging_mixin.py:190} INFO - [2025-09-27T23:26:53.654+0100] {override.py:1900} INFO - Created Permission View: can read on DAG:read_dataset_event
[2025-09-27T23:26:53.661+0100] {logging_mixin.py:190} INFO - [2025-09-27T23:26:53.661+0100] {override.py:1900} INFO - Created Permission View: can edit on DAG:read_dataset_event
[2025-09-27T23:26:53.670+0100] {logging_mixin.py:190} INFO - [2025-09-27T23:26:53.670+0100] {override.py:1900} INFO - Created Permission View: can delete on DAG Run:read_dataset_event
[2025-09-27T23:26:53.676+0100] {logging_mixin.py:190} INFO - [2025-09-27T23:26:53.676+0100] {override.py:1900} INFO - Created Permission View: can read on DAG Run:read_dataset_event
[2025-09-27T23:26:53.682+0100] {logging_mixin.py:190} INFO - [2025-09-27T23:26:53.682+0100] {override.py:1900} INFO - Created Permission View: can create on DAG Run:read_dataset_event
[2025-09-27T23:26:53.687+0100] {logging_mixin.py:190} INFO - [2025-09-27T23:26:53.687+0100] {override.py:1900} INFO - Created Permission View: menu access on DAG Run:read_dataset_event
[2025-09-27T23:26:53.698+0100] {logging_mixin.py:190} INFO - [2025-09-27T23:26:53.698+0100] {override.py:1900} INFO - Created Permission View: can delete on DAG:read_dataset_event_from_classic
[2025-09-27T23:26:53.705+0100] {logging_mixin.py:190} INFO - [2025-09-27T23:26:53.705+0100] {override.py:1900} INFO - Created Permission View: can read on DAG:read_dataset_event_from_classic
[2025-09-27T23:26:53.711+0100] {logging_mixin.py:190} INFO - [2025-09-27T23:26:53.711+0100] {override.py:1900} INFO - Created Permission View: can edit on DAG:read_dataset_event_from_classic
[2025-09-27T23:26:53.720+0100] {logging_mixin.py:190} INFO - [2025-09-27T23:26:53.720+0100] {override.py:1900} INFO - Created Permission View: can delete on DAG Run:read_dataset_event_from_classic
[2025-09-27T23:26:53.725+0100] {logging_mixin.py:190} INFO - [2025-09-27T23:26:53.725+0100] {override.py:1900} INFO - Created Permission View: can read on DAG Run:read_dataset_event_from_classic
[2025-09-27T23:26:53.730+0100] {logging_mixin.py:190} INFO - [2025-09-27T23:26:53.729+0100] {override.py:1900} INFO - Created Permission View: can create on DAG Run:read_dataset_event_from_classic
[2025-09-27T23:26:53.736+0100] {logging_mixin.py:190} INFO - [2025-09-27T23:26:53.735+0100] {override.py:1900} INFO - Created Permission View: menu access on DAG Run:read_dataset_event_from_classic
[2025-09-27T23:26:53.736+0100] {logging_mixin.py:190} INFO - [2025-09-27T23:26:53.736+0100] {dag.py:3239} INFO - Sync 2 DAGs
[2025-09-27T23:26:53.743+0100] {logging_mixin.py:190} INFO - [2025-09-27T23:26:53.743+0100] {dag.py:3262} INFO - Creating ORM DAG for read_dataset_event_from_classic
[2025-09-27T23:26:53.744+0100] {logging_mixin.py:190} INFO - [2025-09-27T23:26:53.743+0100] {dag.py:3262} INFO - Creating ORM DAG for read_dataset_event
[2025-09-27T23:26:53.750+0100] {logging_mixin.py:190} INFO - [2025-09-27T23:26:53.749+0100] {dag.py:4180} INFO - Setting next_dagrun for read_dataset_event to 2025-09-26 00:00:00+00:00, run_after=2025-09-27 00:00:00+00:00
[2025-09-27T23:26:53.751+0100] {logging_mixin.py:190} INFO - [2025-09-27T23:26:53.750+0100] {dag.py:4180} INFO - Setting next_dagrun for read_dataset_event_from_classic to 2025-09-26 00:00:00+00:00, run_after=2025-09-27 00:00:00+00:00
[2025-09-27T23:26:53.764+0100] {processor.py:208} INFO - Processing /home/engineer/project/airflow_env/lib/python3.12/site-packages/airflow/example_dags/example_inlet_event_extra.py took 0.208 seconds
[2025-09-27T23:27:51.651+0100] {processor.py:186} INFO - Started process (PID=20186) to work on /home/engineer/project/airflow_env/lib/python3.12/site-packages/airflow/example_dags/example_inlet_event_extra.py
[2025-09-27T23:27:51.658+0100] {processor.py:914} INFO - Processing file /home/engineer/project/airflow_env/lib/python3.12/site-packages/airflow/example_dags/example_inlet_event_extra.py for tasks to queue
[2025-09-27T23:27:51.660+0100] {logging_mixin.py:190} INFO - [2025-09-27T23:27:51.659+0100] {dagbag.py:588} INFO - Filling up the DagBag from /home/engineer/project/airflow_env/lib/python3.12/site-packages/airflow/example_dags/example_inlet_event_extra.py
[2025-09-27T23:27:51.668+0100] {processor.py:925} INFO - DAG(s) 'read_dataset_event', 'read_dataset_event_from_classic' retrieved from /home/engineer/project/airflow_env/lib/python3.12/site-packages/airflow/example_dags/example_inlet_event_extra.py
[2025-09-27T23:27:51.679+0100] {logging_mixin.py:190} INFO - [2025-09-27T23:27:51.679+0100] {dag.py:3239} INFO - Sync 2 DAGs
[2025-09-27T23:27:51.692+0100] {logging_mixin.py:190} INFO - [2025-09-27T23:27:51.692+0100] {dag.py:4180} INFO - Setting next_dagrun for read_dataset_event to 2025-09-26 00:00:00+00:00, run_after=2025-09-27 00:00:00+00:00
[2025-09-27T23:27:51.694+0100] {logging_mixin.py:190} INFO - [2025-09-27T23:27:51.694+0100] {dag.py:4180} INFO - Setting next_dagrun for read_dataset_event_from_classic to 2025-09-26 00:00:00+00:00, run_after=2025-09-27 00:00:00+00:00
[2025-09-27T23:27:51.708+0100] {processor.py:208} INFO - Processing /home/engineer/project/airflow_env/lib/python3.12/site-packages/airflow/example_dags/example_inlet_event_extra.py took 0.061 seconds
[2025-09-27T23:28:45.332+0100] {processor.py:186} INFO - Started process (PID=20398) to work on /home/engineer/project/airflow_env/lib/python3.12/site-packages/airflow/example_dags/example_inlet_event_extra.py
[2025-09-27T23:28:45.333+0100] {processor.py:914} INFO - Processing file /home/engineer/project/airflow_env/lib/python3.12/site-packages/airflow/example_dags/example_inlet_event_extra.py for tasks to queue
[2025-09-27T23:28:45.334+0100] {logging_mixin.py:190} INFO - [2025-09-27T23:28:45.334+0100] {dagbag.py:588} INFO - Filling up the DagBag from /home/engineer/project/airflow_env/lib/python3.12/site-packages/airflow/example_dags/example_inlet_event_extra.py
[2025-09-27T23:28:45.345+0100] {processor.py:925} INFO - DAG(s) 'read_dataset_event_from_classic', 'read_dataset_event' retrieved from /home/engineer/project/airflow_env/lib/python3.12/site-packages/airflow/example_dags/example_inlet_event_extra.py
[2025-09-27T23:28:45.357+0100] {logging_mixin.py:190} INFO - [2025-09-27T23:28:45.357+0100] {dag.py:3239} INFO - Sync 2 DAGs
[2025-09-27T23:28:45.370+0100] {logging_mixin.py:190} INFO - [2025-09-27T23:28:45.370+0100] {dag.py:4180} INFO - Setting next_dagrun for read_dataset_event to 2025-09-26 00:00:00+00:00, run_after=2025-09-27 00:00:00+00:00
[2025-09-27T23:28:45.373+0100] {logging_mixin.py:190} INFO - [2025-09-27T23:28:45.372+0100] {dag.py:4180} INFO - Setting next_dagrun for read_dataset_event_from_classic to 2025-09-26 00:00:00+00:00, run_after=2025-09-27 00:00:00+00:00
[2025-09-27T23:28:45.386+0100] {processor.py:208} INFO - Processing /home/engineer/project/airflow_env/lib/python3.12/site-packages/airflow/example_dags/example_inlet_event_extra.py took 0.059 seconds
[2025-09-27T23:29:37.805+0100] {processor.py:186} INFO - Started process (PID=20603) to work on /home/engineer/project/airflow_env/lib/python3.12/site-packages/airflow/example_dags/example_inlet_event_extra.py
[2025-09-27T23:29:37.812+0100] {processor.py:914} INFO - Processing file /home/engineer/project/airflow_env/lib/python3.12/site-packages/airflow/example_dags/example_inlet_event_extra.py for tasks to queue
[2025-09-27T23:29:37.814+0100] {logging_mixin.py:190} INFO - [2025-09-27T23:29:37.813+0100] {dagbag.py:588} INFO - Filling up the DagBag from /home/engineer/project/airflow_env/lib/python3.12/site-packages/airflow/example_dags/example_inlet_event_extra.py
[2025-09-27T23:29:37.822+0100] {processor.py:925} INFO - DAG(s) 'read_dataset_event_from_classic', 'read_dataset_event' retrieved from /home/engineer/project/airflow_env/lib/python3.12/site-packages/airflow/example_dags/example_inlet_event_extra.py
[2025-09-27T23:29:37.835+0100] {logging_mixin.py:190} INFO - [2025-09-27T23:29:37.835+0100] {dag.py:3239} INFO - Sync 2 DAGs
[2025-09-27T23:29:37.850+0100] {logging_mixin.py:190} INFO - [2025-09-27T23:29:37.849+0100] {dag.py:4180} INFO - Setting next_dagrun for read_dataset_event to 2025-09-26 00:00:00+00:00, run_after=2025-09-27 00:00:00+00:00
[2025-09-27T23:29:37.852+0100] {logging_mixin.py:190} INFO - [2025-09-27T23:29:37.852+0100] {dag.py:4180} INFO - Setting next_dagrun for read_dataset_event_from_classic to 2025-09-26 00:00:00+00:00, run_after=2025-09-27 00:00:00+00:00
[2025-09-27T23:29:37.868+0100] {processor.py:208} INFO - Processing /home/engineer/project/airflow_env/lib/python3.12/site-packages/airflow/example_dags/example_inlet_event_extra.py took 0.067 seconds
[2025-09-27T23:30:24.180+0100] {processor.py:186} INFO - Started process (PID=20810) to work on /home/engineer/project/airflow_env/lib/python3.12/site-packages/airflow/example_dags/example_inlet_event_extra.py
[2025-09-27T23:30:24.187+0100] {processor.py:914} INFO - Processing file /home/engineer/project/airflow_env/lib/python3.12/site-packages/airflow/example_dags/example_inlet_event_extra.py for tasks to queue
[2025-09-27T23:30:24.189+0100] {logging_mixin.py:190} INFO - [2025-09-27T23:30:24.189+0100] {dagbag.py:588} INFO - Filling up the DagBag from /home/engineer/project/airflow_env/lib/python3.12/site-packages/airflow/example_dags/example_inlet_event_extra.py
[2025-09-27T23:30:24.200+0100] {processor.py:925} INFO - DAG(s) 'read_dataset_event_from_classic', 'read_dataset_event' retrieved from /home/engineer/project/airflow_env/lib/python3.12/site-packages/airflow/example_dags/example_inlet_event_extra.py
[2025-09-27T23:30:24.217+0100] {logging_mixin.py:190} INFO - [2025-09-27T23:30:24.217+0100] {dag.py:3239} INFO - Sync 2 DAGs
[2025-09-27T23:30:24.235+0100] {logging_mixin.py:190} INFO - [2025-09-27T23:30:24.235+0100] {dag.py:4180} INFO - Setting next_dagrun for read_dataset_event to 2025-09-26 00:00:00+00:00, run_after=2025-09-27 00:00:00+00:00
[2025-09-27T23:30:24.238+0100] {logging_mixin.py:190} INFO - [2025-09-27T23:30:24.238+0100] {dag.py:4180} INFO - Setting next_dagrun for read_dataset_event_from_classic to 2025-09-26 00:00:00+00:00, run_after=2025-09-27 00:00:00+00:00
[2025-09-27T23:30:24.254+0100] {processor.py:208} INFO - Processing /home/engineer/project/airflow_env/lib/python3.12/site-packages/airflow/example_dags/example_inlet_event_extra.py took 0.080 seconds
[2025-09-27T23:31:12.383+0100] {processor.py:186} INFO - Started process (PID=21559) to work on /home/engineer/project/airflow_env/lib/python3.12/site-packages/airflow/example_dags/example_inlet_event_extra.py
[2025-09-27T23:31:12.385+0100] {processor.py:914} INFO - Processing file /home/engineer/project/airflow_env/lib/python3.12/site-packages/airflow/example_dags/example_inlet_event_extra.py for tasks to queue
[2025-09-27T23:31:12.387+0100] {logging_mixin.py:190} INFO - [2025-09-27T23:31:12.387+0100] {dagbag.py:588} INFO - Filling up the DagBag from /home/engineer/project/airflow_env/lib/python3.12/site-packages/airflow/example_dags/example_inlet_event_extra.py
[2025-09-27T23:31:12.400+0100] {processor.py:925} INFO - DAG(s) 'read_dataset_event', 'read_dataset_event_from_classic' retrieved from /home/engineer/project/airflow_env/lib/python3.12/site-packages/airflow/example_dags/example_inlet_event_extra.py
[2025-09-27T23:31:12.418+0100] {logging_mixin.py:190} INFO - [2025-09-27T23:31:12.418+0100] {dag.py:3239} INFO - Sync 2 DAGs
[2025-09-27T23:31:12.559+0100] {logging_mixin.py:190} INFO - [2025-09-27T23:31:12.559+0100] {dag.py:4180} INFO - Setting next_dagrun for read_dataset_event to 2025-09-26 00:00:00+00:00, run_after=2025-09-27 00:00:00+00:00
[2025-09-27T23:31:12.563+0100] {logging_mixin.py:190} INFO - [2025-09-27T23:31:12.563+0100] {dag.py:4180} INFO - Setting next_dagrun for read_dataset_event_from_classic to 2025-09-26 00:00:00+00:00, run_after=2025-09-27 00:00:00+00:00
[2025-09-27T23:31:12.579+0100] {processor.py:208} INFO - Processing /home/engineer/project/airflow_env/lib/python3.12/site-packages/airflow/example_dags/example_inlet_event_extra.py took 0.202 seconds
[2025-09-27T23:32:07.155+0100] {processor.py:186} INFO - Started process (PID=21861) to work on /home/engineer/project/airflow_env/lib/python3.12/site-packages/airflow/example_dags/example_inlet_event_extra.py
[2025-09-27T23:32:07.156+0100] {processor.py:914} INFO - Processing file /home/engineer/project/airflow_env/lib/python3.12/site-packages/airflow/example_dags/example_inlet_event_extra.py for tasks to queue
[2025-09-27T23:32:07.158+0100] {logging_mixin.py:190} INFO - [2025-09-27T23:32:07.158+0100] {dagbag.py:588} INFO - Filling up the DagBag from /home/engineer/project/airflow_env/lib/python3.12/site-packages/airflow/example_dags/example_inlet_event_extra.py
[2025-09-27T23:32:07.167+0100] {processor.py:925} INFO - DAG(s) 'read_dataset_event', 'read_dataset_event_from_classic' retrieved from /home/engineer/project/airflow_env/lib/python3.12/site-packages/airflow/example_dags/example_inlet_event_extra.py
[2025-09-27T23:32:07.179+0100] {logging_mixin.py:190} INFO - [2025-09-27T23:32:07.178+0100] {dag.py:3239} INFO - Sync 2 DAGs
[2025-09-27T23:32:07.193+0100] {logging_mixin.py:190} INFO - [2025-09-27T23:32:07.193+0100] {dag.py:4180} INFO - Setting next_dagrun for read_dataset_event to 2025-09-26 00:00:00+00:00, run_after=2025-09-27 00:00:00+00:00
[2025-09-27T23:32:07.196+0100] {logging_mixin.py:190} INFO - [2025-09-27T23:32:07.196+0100] {dag.py:4180} INFO - Setting next_dagrun for read_dataset_event_from_classic to 2025-09-26 00:00:00+00:00, run_after=2025-09-27 00:00:00+00:00
[2025-09-27T23:32:07.216+0100] {processor.py:208} INFO - Processing /home/engineer/project/airflow_env/lib/python3.12/site-packages/airflow/example_dags/example_inlet_event_extra.py took 0.065 seconds
[2025-09-27T23:32:56.826+0100] {processor.py:186} INFO - Started process (PID=22089) to work on /home/engineer/project/airflow_env/lib/python3.12/site-packages/airflow/example_dags/example_inlet_event_extra.py
[2025-09-27T23:32:56.828+0100] {processor.py:914} INFO - Processing file /home/engineer/project/airflow_env/lib/python3.12/site-packages/airflow/example_dags/example_inlet_event_extra.py for tasks to queue
[2025-09-27T23:32:56.829+0100] {logging_mixin.py:190} INFO - [2025-09-27T23:32:56.829+0100] {dagbag.py:588} INFO - Filling up the DagBag from /home/engineer/project/airflow_env/lib/python3.12/site-packages/airflow/example_dags/example_inlet_event_extra.py
[2025-09-27T23:32:56.838+0100] {processor.py:925} INFO - DAG(s) 'read_dataset_event', 'read_dataset_event_from_classic' retrieved from /home/engineer/project/airflow_env/lib/python3.12/site-packages/airflow/example_dags/example_inlet_event_extra.py
[2025-09-27T23:32:56.850+0100] {logging_mixin.py:190} INFO - [2025-09-27T23:32:56.850+0100] {dag.py:3239} INFO - Sync 2 DAGs
[2025-09-27T23:32:56.865+0100] {logging_mixin.py:190} INFO - [2025-09-27T23:32:56.864+0100] {dag.py:4180} INFO - Setting next_dagrun for read_dataset_event to 2025-09-26 00:00:00+00:00, run_after=2025-09-27 00:00:00+00:00
[2025-09-27T23:32:56.867+0100] {logging_mixin.py:190} INFO - [2025-09-27T23:32:56.867+0100] {dag.py:4180} INFO - Setting next_dagrun for read_dataset_event_from_classic to 2025-09-26 00:00:00+00:00, run_after=2025-09-27 00:00:00+00:00
[2025-09-27T23:32:56.884+0100] {processor.py:208} INFO - Processing /home/engineer/project/airflow_env/lib/python3.12/site-packages/airflow/example_dags/example_inlet_event_extra.py took 0.062 seconds
[2025-09-27T23:33:45.735+0100] {processor.py:186} INFO - Started process (PID=22282) to work on /home/engineer/project/airflow_env/lib/python3.12/site-packages/airflow/example_dags/example_inlet_event_extra.py
[2025-09-27T23:33:45.741+0100] {processor.py:914} INFO - Processing file /home/engineer/project/airflow_env/lib/python3.12/site-packages/airflow/example_dags/example_inlet_event_extra.py for tasks to queue
[2025-09-27T23:33:45.743+0100] {logging_mixin.py:190} INFO - [2025-09-27T23:33:45.743+0100] {dagbag.py:588} INFO - Filling up the DagBag from /home/engineer/project/airflow_env/lib/python3.12/site-packages/airflow/example_dags/example_inlet_event_extra.py
[2025-09-27T23:33:45.752+0100] {processor.py:925} INFO - DAG(s) 'read_dataset_event_from_classic', 'read_dataset_event' retrieved from /home/engineer/project/airflow_env/lib/python3.12/site-packages/airflow/example_dags/example_inlet_event_extra.py
[2025-09-27T23:33:45.763+0100] {logging_mixin.py:190} INFO - [2025-09-27T23:33:45.763+0100] {dag.py:3239} INFO - Sync 2 DAGs
[2025-09-27T23:33:45.777+0100] {logging_mixin.py:190} INFO - [2025-09-27T23:33:45.776+0100] {dag.py:4180} INFO - Setting next_dagrun for read_dataset_event to 2025-09-26 00:00:00+00:00, run_after=2025-09-27 00:00:00+00:00
[2025-09-27T23:33:45.779+0100] {logging_mixin.py:190} INFO - [2025-09-27T23:33:45.779+0100] {dag.py:4180} INFO - Setting next_dagrun for read_dataset_event_from_classic to 2025-09-26 00:00:00+00:00, run_after=2025-09-27 00:00:00+00:00
[2025-09-27T23:33:45.796+0100] {processor.py:208} INFO - Processing /home/engineer/project/airflow_env/lib/python3.12/site-packages/airflow/example_dags/example_inlet_event_extra.py took 0.065 seconds
[2025-09-27T23:34:36.402+0100] {processor.py:186} INFO - Started process (PID=22484) to work on /home/engineer/project/airflow_env/lib/python3.12/site-packages/airflow/example_dags/example_inlet_event_extra.py
[2025-09-27T23:34:36.409+0100] {processor.py:914} INFO - Processing file /home/engineer/project/airflow_env/lib/python3.12/site-packages/airflow/example_dags/example_inlet_event_extra.py for tasks to queue
[2025-09-27T23:34:36.410+0100] {logging_mixin.py:190} INFO - [2025-09-27T23:34:36.410+0100] {dagbag.py:588} INFO - Filling up the DagBag from /home/engineer/project/airflow_env/lib/python3.12/site-packages/airflow/example_dags/example_inlet_event_extra.py
[2025-09-27T23:34:36.419+0100] {processor.py:925} INFO - DAG(s) 'read_dataset_event_from_classic', 'read_dataset_event' retrieved from /home/engineer/project/airflow_env/lib/python3.12/site-packages/airflow/example_dags/example_inlet_event_extra.py
[2025-09-27T23:34:36.431+0100] {logging_mixin.py:190} INFO - [2025-09-27T23:34:36.431+0100] {dag.py:3239} INFO - Sync 2 DAGs
[2025-09-27T23:34:36.446+0100] {logging_mixin.py:190} INFO - [2025-09-27T23:34:36.446+0100] {dag.py:4180} INFO - Setting next_dagrun for read_dataset_event to 2025-09-26 00:00:00+00:00, run_after=2025-09-27 00:00:00+00:00
[2025-09-27T23:34:36.448+0100] {logging_mixin.py:190} INFO - [2025-09-27T23:34:36.448+0100] {dag.py:4180} INFO - Setting next_dagrun for read_dataset_event_from_classic to 2025-09-26 00:00:00+00:00, run_after=2025-09-27 00:00:00+00:00
[2025-09-27T23:34:36.462+0100] {processor.py:208} INFO - Processing /home/engineer/project/airflow_env/lib/python3.12/site-packages/airflow/example_dags/example_inlet_event_extra.py took 0.064 seconds
[2025-09-27T23:35:23.571+0100] {processor.py:186} INFO - Started process (PID=22673) to work on /home/engineer/project/airflow_env/lib/python3.12/site-packages/airflow/example_dags/example_inlet_event_extra.py
[2025-09-27T23:35:23.578+0100] {processor.py:914} INFO - Processing file /home/engineer/project/airflow_env/lib/python3.12/site-packages/airflow/example_dags/example_inlet_event_extra.py for tasks to queue
[2025-09-27T23:35:23.579+0100] {logging_mixin.py:190} INFO - [2025-09-27T23:35:23.579+0100] {dagbag.py:588} INFO - Filling up the DagBag from /home/engineer/project/airflow_env/lib/python3.12/site-packages/airflow/example_dags/example_inlet_event_extra.py
[2025-09-27T23:35:23.588+0100] {processor.py:925} INFO - DAG(s) 'read_dataset_event_from_classic', 'read_dataset_event' retrieved from /home/engineer/project/airflow_env/lib/python3.12/site-packages/airflow/example_dags/example_inlet_event_extra.py
[2025-09-27T23:35:23.599+0100] {logging_mixin.py:190} INFO - [2025-09-27T23:35:23.599+0100] {dag.py:3239} INFO - Sync 2 DAGs
[2025-09-27T23:35:23.612+0100] {logging_mixin.py:190} INFO - [2025-09-27T23:35:23.612+0100] {dag.py:4180} INFO - Setting next_dagrun for read_dataset_event to 2025-09-26 00:00:00+00:00, run_after=2025-09-27 00:00:00+00:00
[2025-09-27T23:35:23.614+0100] {logging_mixin.py:190} INFO - [2025-09-27T23:35:23.614+0100] {dag.py:4180} INFO - Setting next_dagrun for read_dataset_event_from_classic to 2025-09-26 00:00:00+00:00, run_after=2025-09-27 00:00:00+00:00
[2025-09-27T23:35:23.629+0100] {processor.py:208} INFO - Processing /home/engineer/project/airflow_env/lib/python3.12/site-packages/airflow/example_dags/example_inlet_event_extra.py took 0.063 seconds
[2025-09-27T23:36:13.187+0100] {processor.py:186} INFO - Started process (PID=22867) to work on /home/engineer/project/airflow_env/lib/python3.12/site-packages/airflow/example_dags/example_inlet_event_extra.py
[2025-09-27T23:36:13.194+0100] {processor.py:914} INFO - Processing file /home/engineer/project/airflow_env/lib/python3.12/site-packages/airflow/example_dags/example_inlet_event_extra.py for tasks to queue
[2025-09-27T23:36:13.195+0100] {logging_mixin.py:190} INFO - [2025-09-27T23:36:13.195+0100] {dagbag.py:588} INFO - Filling up the DagBag from /home/engineer/project/airflow_env/lib/python3.12/site-packages/airflow/example_dags/example_inlet_event_extra.py
[2025-09-27T23:36:13.204+0100] {processor.py:925} INFO - DAG(s) 'read_dataset_event_from_classic', 'read_dataset_event' retrieved from /home/engineer/project/airflow_env/lib/python3.12/site-packages/airflow/example_dags/example_inlet_event_extra.py
[2025-09-27T23:36:13.215+0100] {logging_mixin.py:190} INFO - [2025-09-27T23:36:13.215+0100] {dag.py:3239} INFO - Sync 2 DAGs
[2025-09-27T23:36:13.229+0100] {logging_mixin.py:190} INFO - [2025-09-27T23:36:13.229+0100] {dag.py:4180} INFO - Setting next_dagrun for read_dataset_event to 2025-09-26 00:00:00+00:00, run_after=2025-09-27 00:00:00+00:00
[2025-09-27T23:36:13.231+0100] {logging_mixin.py:190} INFO - [2025-09-27T23:36:13.231+0100] {dag.py:4180} INFO - Setting next_dagrun for read_dataset_event_from_classic to 2025-09-26 00:00:00+00:00, run_after=2025-09-27 00:00:00+00:00
[2025-09-27T23:36:13.246+0100] {processor.py:208} INFO - Processing /home/engineer/project/airflow_env/lib/python3.12/site-packages/airflow/example_dags/example_inlet_event_extra.py took 0.063 seconds
[2025-09-27T23:37:02.252+0100] {processor.py:186} INFO - Started process (PID=23087) to work on /home/engineer/project/airflow_env/lib/python3.12/site-packages/airflow/example_dags/example_inlet_event_extra.py
[2025-09-27T23:37:02.259+0100] {processor.py:914} INFO - Processing file /home/engineer/project/airflow_env/lib/python3.12/site-packages/airflow/example_dags/example_inlet_event_extra.py for tasks to queue
[2025-09-27T23:37:02.260+0100] {logging_mixin.py:190} INFO - [2025-09-27T23:37:02.260+0100] {dagbag.py:588} INFO - Filling up the DagBag from /home/engineer/project/airflow_env/lib/python3.12/site-packages/airflow/example_dags/example_inlet_event_extra.py
[2025-09-27T23:37:02.268+0100] {processor.py:925} INFO - DAG(s) 'read_dataset_event', 'read_dataset_event_from_classic' retrieved from /home/engineer/project/airflow_env/lib/python3.12/site-packages/airflow/example_dags/example_inlet_event_extra.py
[2025-09-27T23:37:02.280+0100] {logging_mixin.py:190} INFO - [2025-09-27T23:37:02.280+0100] {dag.py:3239} INFO - Sync 2 DAGs
[2025-09-27T23:37:02.295+0100] {logging_mixin.py:190} INFO - [2025-09-27T23:37:02.295+0100] {dag.py:4180} INFO - Setting next_dagrun for read_dataset_event to 2025-09-26 00:00:00+00:00, run_after=2025-09-27 00:00:00+00:00
[2025-09-27T23:37:02.297+0100] {logging_mixin.py:190} INFO - [2025-09-27T23:37:02.297+0100] {dag.py:4180} INFO - Setting next_dagrun for read_dataset_event_from_classic to 2025-09-26 00:00:00+00:00, run_after=2025-09-27 00:00:00+00:00
[2025-09-27T23:37:02.312+0100] {processor.py:208} INFO - Processing /home/engineer/project/airflow_env/lib/python3.12/site-packages/airflow/example_dags/example_inlet_event_extra.py took 0.065 seconds
[2025-09-27T23:37:49.628+0100] {processor.py:186} INFO - Started process (PID=23294) to work on /home/engineer/project/airflow_env/lib/python3.12/site-packages/airflow/example_dags/example_inlet_event_extra.py
[2025-09-27T23:37:49.635+0100] {processor.py:914} INFO - Processing file /home/engineer/project/airflow_env/lib/python3.12/site-packages/airflow/example_dags/example_inlet_event_extra.py for tasks to queue
[2025-09-27T23:37:49.636+0100] {logging_mixin.py:190} INFO - [2025-09-27T23:37:49.635+0100] {dagbag.py:588} INFO - Filling up the DagBag from /home/engineer/project/airflow_env/lib/python3.12/site-packages/airflow/example_dags/example_inlet_event_extra.py
[2025-09-27T23:37:49.645+0100] {processor.py:925} INFO - DAG(s) 'read_dataset_event', 'read_dataset_event_from_classic' retrieved from /home/engineer/project/airflow_env/lib/python3.12/site-packages/airflow/example_dags/example_inlet_event_extra.py
[2025-09-27T23:37:49.656+0100] {logging_mixin.py:190} INFO - [2025-09-27T23:37:49.656+0100] {dag.py:3239} INFO - Sync 2 DAGs
[2025-09-27T23:37:49.671+0100] {logging_mixin.py:190} INFO - [2025-09-27T23:37:49.671+0100] {dag.py:4180} INFO - Setting next_dagrun for read_dataset_event to 2025-09-26 00:00:00+00:00, run_after=2025-09-27 00:00:00+00:00
[2025-09-27T23:37:49.673+0100] {logging_mixin.py:190} INFO - [2025-09-27T23:37:49.673+0100] {dag.py:4180} INFO - Setting next_dagrun for read_dataset_event_from_classic to 2025-09-26 00:00:00+00:00, run_after=2025-09-27 00:00:00+00:00
[2025-09-27T23:37:49.688+0100] {processor.py:208} INFO - Processing /home/engineer/project/airflow_env/lib/python3.12/site-packages/airflow/example_dags/example_inlet_event_extra.py took 0.065 seconds
[2025-09-27T23:39:09.073+0100] {processor.py:186} INFO - Started process (PID=23495) to work on /home/engineer/project/airflow_env/lib/python3.12/site-packages/airflow/example_dags/example_inlet_event_extra.py
[2025-09-27T23:39:09.075+0100] {processor.py:914} INFO - Processing file /home/engineer/project/airflow_env/lib/python3.12/site-packages/airflow/example_dags/example_inlet_event_extra.py for tasks to queue
[2025-09-27T23:39:09.076+0100] {logging_mixin.py:190} INFO - [2025-09-27T23:39:09.075+0100] {dagbag.py:588} INFO - Filling up the DagBag from /home/engineer/project/airflow_env/lib/python3.12/site-packages/airflow/example_dags/example_inlet_event_extra.py
[2025-09-27T23:39:09.091+0100] {processor.py:925} INFO - DAG(s) 'read_dataset_event_from_classic', 'read_dataset_event' retrieved from /home/engineer/project/airflow_env/lib/python3.12/site-packages/airflow/example_dags/example_inlet_event_extra.py
[2025-09-27T23:39:09.108+0100] {logging_mixin.py:190} INFO - [2025-09-27T23:39:09.108+0100] {dag.py:3239} INFO - Sync 2 DAGs
[2025-09-27T23:39:09.128+0100] {logging_mixin.py:190} INFO - [2025-09-27T23:39:09.127+0100] {dag.py:4180} INFO - Setting next_dagrun for read_dataset_event to 2025-09-26 00:00:00+00:00, run_after=2025-09-27 00:00:00+00:00
[2025-09-27T23:39:09.131+0100] {logging_mixin.py:190} INFO - [2025-09-27T23:39:09.131+0100] {dag.py:4180} INFO - Setting next_dagrun for read_dataset_event_from_classic to 2025-09-26 00:00:00+00:00, run_after=2025-09-27 00:00:00+00:00
[2025-09-27T23:39:09.151+0100] {processor.py:208} INFO - Processing /home/engineer/project/airflow_env/lib/python3.12/site-packages/airflow/example_dags/example_inlet_event_extra.py took 0.083 seconds
[2025-09-27T23:40:02.301+0100] {processor.py:186} INFO - Started process (PID=23711) to work on /home/engineer/project/airflow_env/lib/python3.12/site-packages/airflow/example_dags/example_inlet_event_extra.py
[2025-09-27T23:40:02.308+0100] {processor.py:914} INFO - Processing file /home/engineer/project/airflow_env/lib/python3.12/site-packages/airflow/example_dags/example_inlet_event_extra.py for tasks to queue
[2025-09-27T23:40:02.309+0100] {logging_mixin.py:190} INFO - [2025-09-27T23:40:02.308+0100] {dagbag.py:588} INFO - Filling up the DagBag from /home/engineer/project/airflow_env/lib/python3.12/site-packages/airflow/example_dags/example_inlet_event_extra.py
[2025-09-27T23:40:02.318+0100] {processor.py:925} INFO - DAG(s) 'read_dataset_event_from_classic', 'read_dataset_event' retrieved from /home/engineer/project/airflow_env/lib/python3.12/site-packages/airflow/example_dags/example_inlet_event_extra.py
[2025-09-27T23:40:02.331+0100] {logging_mixin.py:190} INFO - [2025-09-27T23:40:02.331+0100] {dag.py:3239} INFO - Sync 2 DAGs
[2025-09-27T23:40:02.347+0100] {logging_mixin.py:190} INFO - [2025-09-27T23:40:02.347+0100] {dag.py:4180} INFO - Setting next_dagrun for read_dataset_event to 2025-09-26 00:00:00+00:00, run_after=2025-09-27 00:00:00+00:00
[2025-09-27T23:40:02.350+0100] {logging_mixin.py:190} INFO - [2025-09-27T23:40:02.350+0100] {dag.py:4180} INFO - Setting next_dagrun for read_dataset_event_from_classic to 2025-09-26 00:00:00+00:00, run_after=2025-09-27 00:00:00+00:00
[2025-09-27T23:40:02.365+0100] {processor.py:208} INFO - Processing /home/engineer/project/airflow_env/lib/python3.12/site-packages/airflow/example_dags/example_inlet_event_extra.py took 0.068 seconds
[2025-09-27T23:40:52.063+0100] {processor.py:186} INFO - Started process (PID=23907) to work on /home/engineer/project/airflow_env/lib/python3.12/site-packages/airflow/example_dags/example_inlet_event_extra.py
[2025-09-27T23:40:52.071+0100] {processor.py:914} INFO - Processing file /home/engineer/project/airflow_env/lib/python3.12/site-packages/airflow/example_dags/example_inlet_event_extra.py for tasks to queue
[2025-09-27T23:40:52.072+0100] {logging_mixin.py:190} INFO - [2025-09-27T23:40:52.071+0100] {dagbag.py:588} INFO - Filling up the DagBag from /home/engineer/project/airflow_env/lib/python3.12/site-packages/airflow/example_dags/example_inlet_event_extra.py
[2025-09-27T23:40:52.085+0100] {processor.py:925} INFO - DAG(s) 'read_dataset_event_from_classic', 'read_dataset_event' retrieved from /home/engineer/project/airflow_env/lib/python3.12/site-packages/airflow/example_dags/example_inlet_event_extra.py
[2025-09-27T23:40:52.103+0100] {logging_mixin.py:190} INFO - [2025-09-27T23:40:52.103+0100] {dag.py:3239} INFO - Sync 2 DAGs
[2025-09-27T23:40:52.123+0100] {logging_mixin.py:190} INFO - [2025-09-27T23:40:52.123+0100] {dag.py:4180} INFO - Setting next_dagrun for read_dataset_event to 2025-09-26 00:00:00+00:00, run_after=2025-09-27 00:00:00+00:00
[2025-09-27T23:40:52.127+0100] {logging_mixin.py:190} INFO - [2025-09-27T23:40:52.127+0100] {dag.py:4180} INFO - Setting next_dagrun for read_dataset_event_from_classic to 2025-09-26 00:00:00+00:00, run_after=2025-09-27 00:00:00+00:00
[2025-09-27T23:40:52.144+0100] {processor.py:208} INFO - Processing /home/engineer/project/airflow_env/lib/python3.12/site-packages/airflow/example_dags/example_inlet_event_extra.py took 0.087 seconds
[2025-09-27T23:41:41.181+0100] {processor.py:186} INFO - Started process (PID=24104) to work on /home/engineer/project/airflow_env/lib/python3.12/site-packages/airflow/example_dags/example_inlet_event_extra.py
[2025-09-27T23:41:41.188+0100] {processor.py:914} INFO - Processing file /home/engineer/project/airflow_env/lib/python3.12/site-packages/airflow/example_dags/example_inlet_event_extra.py for tasks to queue
[2025-09-27T23:41:41.189+0100] {logging_mixin.py:190} INFO - [2025-09-27T23:41:41.188+0100] {dagbag.py:588} INFO - Filling up the DagBag from /home/engineer/project/airflow_env/lib/python3.12/site-packages/airflow/example_dags/example_inlet_event_extra.py
[2025-09-27T23:41:41.198+0100] {processor.py:925} INFO - DAG(s) 'read_dataset_event_from_classic', 'read_dataset_event' retrieved from /home/engineer/project/airflow_env/lib/python3.12/site-packages/airflow/example_dags/example_inlet_event_extra.py
[2025-09-27T23:41:41.209+0100] {logging_mixin.py:190} INFO - [2025-09-27T23:41:41.209+0100] {dag.py:3239} INFO - Sync 2 DAGs
[2025-09-27T23:41:41.223+0100] {logging_mixin.py:190} INFO - [2025-09-27T23:41:41.223+0100] {dag.py:4180} INFO - Setting next_dagrun for read_dataset_event to 2025-09-26 00:00:00+00:00, run_after=2025-09-27 00:00:00+00:00
[2025-09-27T23:41:41.226+0100] {logging_mixin.py:190} INFO - [2025-09-27T23:41:41.225+0100] {dag.py:4180} INFO - Setting next_dagrun for read_dataset_event_from_classic to 2025-09-26 00:00:00+00:00, run_after=2025-09-27 00:00:00+00:00
[2025-09-27T23:41:41.241+0100] {processor.py:208} INFO - Processing /home/engineer/project/airflow_env/lib/python3.12/site-packages/airflow/example_dags/example_inlet_event_extra.py took 0.065 seconds
[2025-09-27T23:42:31.891+0100] {processor.py:186} INFO - Started process (PID=24324) to work on /home/engineer/project/airflow_env/lib/python3.12/site-packages/airflow/example_dags/example_inlet_event_extra.py
[2025-09-27T23:42:31.893+0100] {processor.py:914} INFO - Processing file /home/engineer/project/airflow_env/lib/python3.12/site-packages/airflow/example_dags/example_inlet_event_extra.py for tasks to queue
[2025-09-27T23:42:31.895+0100] {logging_mixin.py:190} INFO - [2025-09-27T23:42:31.894+0100] {dagbag.py:588} INFO - Filling up the DagBag from /home/engineer/project/airflow_env/lib/python3.12/site-packages/airflow/example_dags/example_inlet_event_extra.py
[2025-09-27T23:42:31.911+0100] {processor.py:925} INFO - DAG(s) 'read_dataset_event', 'read_dataset_event_from_classic' retrieved from /home/engineer/project/airflow_env/lib/python3.12/site-packages/airflow/example_dags/example_inlet_event_extra.py
[2025-09-27T23:42:31.932+0100] {logging_mixin.py:190} INFO - [2025-09-27T23:42:31.932+0100] {dag.py:3239} INFO - Sync 2 DAGs
[2025-09-27T23:42:31.956+0100] {logging_mixin.py:190} INFO - [2025-09-27T23:42:31.956+0100] {dag.py:4180} INFO - Setting next_dagrun for read_dataset_event to 2025-09-26 00:00:00+00:00, run_after=2025-09-27 00:00:00+00:00
[2025-09-27T23:42:31.960+0100] {logging_mixin.py:190} INFO - [2025-09-27T23:42:31.960+0100] {dag.py:4180} INFO - Setting next_dagrun for read_dataset_event_from_classic to 2025-09-26 00:00:00+00:00, run_after=2025-09-27 00:00:00+00:00
[2025-09-27T23:42:31.979+0100] {processor.py:208} INFO - Processing /home/engineer/project/airflow_env/lib/python3.12/site-packages/airflow/example_dags/example_inlet_event_extra.py took 0.094 seconds
[2025-09-27T23:43:24.137+0100] {processor.py:186} INFO - Started process (PID=24593) to work on /home/engineer/project/airflow_env/lib/python3.12/site-packages/airflow/example_dags/example_inlet_event_extra.py
[2025-09-27T23:43:24.144+0100] {processor.py:914} INFO - Processing file /home/engineer/project/airflow_env/lib/python3.12/site-packages/airflow/example_dags/example_inlet_event_extra.py for tasks to queue
[2025-09-27T23:43:24.145+0100] {logging_mixin.py:190} INFO - [2025-09-27T23:43:24.145+0100] {dagbag.py:588} INFO - Filling up the DagBag from /home/engineer/project/airflow_env/lib/python3.12/site-packages/airflow/example_dags/example_inlet_event_extra.py
[2025-09-27T23:43:24.155+0100] {processor.py:925} INFO - DAG(s) 'read_dataset_event_from_classic', 'read_dataset_event' retrieved from /home/engineer/project/airflow_env/lib/python3.12/site-packages/airflow/example_dags/example_inlet_event_extra.py
[2025-09-27T23:43:24.171+0100] {logging_mixin.py:190} INFO - [2025-09-27T23:43:24.170+0100] {dag.py:3239} INFO - Sync 2 DAGs
[2025-09-27T23:43:24.188+0100] {logging_mixin.py:190} INFO - [2025-09-27T23:43:24.188+0100] {dag.py:4180} INFO - Setting next_dagrun for read_dataset_event to 2025-09-26 00:00:00+00:00, run_after=2025-09-27 00:00:00+00:00
[2025-09-27T23:43:24.191+0100] {logging_mixin.py:190} INFO - [2025-09-27T23:43:24.191+0100] {dag.py:4180} INFO - Setting next_dagrun for read_dataset_event_from_classic to 2025-09-26 00:00:00+00:00, run_after=2025-09-27 00:00:00+00:00
[2025-09-27T23:43:24.207+0100] {processor.py:208} INFO - Processing /home/engineer/project/airflow_env/lib/python3.12/site-packages/airflow/example_dags/example_inlet_event_extra.py took 0.076 seconds
[2025-09-27T23:44:14.413+0100] {processor.py:186} INFO - Started process (PID=24902) to work on /home/engineer/project/airflow_env/lib/python3.12/site-packages/airflow/example_dags/example_inlet_event_extra.py
[2025-09-27T23:44:14.415+0100] {processor.py:914} INFO - Processing file /home/engineer/project/airflow_env/lib/python3.12/site-packages/airflow/example_dags/example_inlet_event_extra.py for tasks to queue
[2025-09-27T23:44:14.416+0100] {logging_mixin.py:190} INFO - [2025-09-27T23:44:14.416+0100] {dagbag.py:588} INFO - Filling up the DagBag from /home/engineer/project/airflow_env/lib/python3.12/site-packages/airflow/example_dags/example_inlet_event_extra.py
[2025-09-27T23:44:14.425+0100] {processor.py:925} INFO - DAG(s) 'read_dataset_event_from_classic', 'read_dataset_event' retrieved from /home/engineer/project/airflow_env/lib/python3.12/site-packages/airflow/example_dags/example_inlet_event_extra.py
[2025-09-27T23:44:14.439+0100] {logging_mixin.py:190} INFO - [2025-09-27T23:44:14.439+0100] {dag.py:3239} INFO - Sync 2 DAGs
[2025-09-27T23:44:14.454+0100] {logging_mixin.py:190} INFO - [2025-09-27T23:44:14.454+0100] {dag.py:4180} INFO - Setting next_dagrun for read_dataset_event to 2025-09-26 00:00:00+00:00, run_after=2025-09-27 00:00:00+00:00
[2025-09-27T23:44:14.457+0100] {logging_mixin.py:190} INFO - [2025-09-27T23:44:14.457+0100] {dag.py:4180} INFO - Setting next_dagrun for read_dataset_event_from_classic to 2025-09-26 00:00:00+00:00, run_after=2025-09-27 00:00:00+00:00
[2025-09-27T23:44:14.473+0100] {processor.py:208} INFO - Processing /home/engineer/project/airflow_env/lib/python3.12/site-packages/airflow/example_dags/example_inlet_event_extra.py took 0.064 seconds
