[2025-09-27T23:27:13.181+0100] {processor.py:186} INFO - Started process (PID=19972) to work on /home/engineer/project/airflow_env/lib/python3.12/site-packages/airflow/example_dags/example_bash_operator.py
[2025-09-27T23:27:13.182+0100] {processor.py:914} INFO - Processing file /home/engineer/project/airflow_env/lib/python3.12/site-packages/airflow/example_dags/example_bash_operator.py for tasks to queue
[2025-09-27T23:27:13.183+0100] {logging_mixin.py:190} INFO - [2025-09-27T23:27:13.183+0100] {dagbag.py:588} INFO - Filling up the DagBag from /home/engineer/project/airflow_env/lib/python3.12/site-packages/airflow/example_dags/example_bash_operator.py
[2025-09-27T23:27:13.192+0100] {processor.py:925} INFO - DAG(s) 'example_bash_operator' retrieved from /home/engineer/project/airflow_env/lib/python3.12/site-packages/airflow/example_dags/example_bash_operator.py
[2025-09-27T23:27:13.273+0100] {logging_mixin.py:190} INFO - [2025-09-27T23:27:13.272+0100] {override.py:1900} INFO - Created Permission View: can delete on DAG:example_bash_operator
[2025-09-27T23:27:13.283+0100] {logging_mixin.py:190} INFO - [2025-09-27T23:27:13.283+0100] {override.py:1900} INFO - Created Permission View: can read on DAG:example_bash_operator
[2025-09-27T23:27:13.291+0100] {logging_mixin.py:190} INFO - [2025-09-27T23:27:13.290+0100] {override.py:1900} INFO - Created Permission View: can edit on DAG:example_bash_operator
[2025-09-27T23:27:13.300+0100] {logging_mixin.py:190} INFO - [2025-09-27T23:27:13.299+0100] {override.py:1900} INFO - Created Permission View: can delete on DAG Run:example_bash_operator
[2025-09-27T23:27:13.306+0100] {logging_mixin.py:190} INFO - [2025-09-27T23:27:13.306+0100] {override.py:1900} INFO - Created Permission View: can read on DAG Run:example_bash_operator
[2025-09-27T23:27:13.312+0100] {logging_mixin.py:190} INFO - [2025-09-27T23:27:13.311+0100] {override.py:1900} INFO - Created Permission View: can create on DAG Run:example_bash_operator
[2025-09-27T23:27:13.317+0100] {logging_mixin.py:190} INFO - [2025-09-27T23:27:13.317+0100] {override.py:1900} INFO - Created Permission View: menu access on DAG Run:example_bash_operator
[2025-09-27T23:27:13.317+0100] {logging_mixin.py:190} INFO - [2025-09-27T23:27:13.317+0100] {dag.py:3239} INFO - Sync 1 DAGs
[2025-09-27T23:27:13.326+0100] {logging_mixin.py:190} INFO - [2025-09-27T23:27:13.325+0100] {dag.py:3262} INFO - Creating ORM DAG for example_bash_operator
[2025-09-27T23:27:13.332+0100] {logging_mixin.py:190} INFO - [2025-09-27T23:27:13.331+0100] {dag.py:4180} INFO - Setting next_dagrun for example_bash_operator to 2025-09-26 00:00:00+00:00, run_after=2025-09-27 00:00:00+00:00
[2025-09-27T23:27:13.350+0100] {processor.py:208} INFO - Processing /home/engineer/project/airflow_env/lib/python3.12/site-packages/airflow/example_dags/example_bash_operator.py took 0.172 seconds
[2025-09-27T23:28:08.906+0100] {processor.py:186} INFO - Started process (PID=20251) to work on /home/engineer/project/airflow_env/lib/python3.12/site-packages/airflow/example_dags/example_bash_operator.py
[2025-09-27T23:28:08.907+0100] {processor.py:914} INFO - Processing file /home/engineer/project/airflow_env/lib/python3.12/site-packages/airflow/example_dags/example_bash_operator.py for tasks to queue
[2025-09-27T23:28:08.909+0100] {logging_mixin.py:190} INFO - [2025-09-27T23:28:08.909+0100] {dagbag.py:588} INFO - Filling up the DagBag from /home/engineer/project/airflow_env/lib/python3.12/site-packages/airflow/example_dags/example_bash_operator.py
[2025-09-27T23:28:08.918+0100] {processor.py:925} INFO - DAG(s) 'example_bash_operator' retrieved from /home/engineer/project/airflow_env/lib/python3.12/site-packages/airflow/example_dags/example_bash_operator.py
[2025-09-27T23:28:08.931+0100] {logging_mixin.py:190} INFO - [2025-09-27T23:28:08.931+0100] {dag.py:3239} INFO - Sync 1 DAGs
[2025-09-27T23:28:08.943+0100] {logging_mixin.py:190} INFO - [2025-09-27T23:28:08.943+0100] {dag.py:4180} INFO - Setting next_dagrun for example_bash_operator to 2025-09-26 00:00:00+00:00, run_after=2025-09-27 00:00:00+00:00
[2025-09-27T23:28:08.959+0100] {processor.py:208} INFO - Processing /home/engineer/project/airflow_env/lib/python3.12/site-packages/airflow/example_dags/example_bash_operator.py took 0.057 seconds
[2025-09-27T23:29:19.129+0100] {processor.py:186} INFO - Started process (PID=20530) to work on /home/engineer/project/airflow_env/lib/python3.12/site-packages/airflow/example_dags/example_bash_operator.py
[2025-09-27T23:29:19.130+0100] {processor.py:914} INFO - Processing file /home/engineer/project/airflow_env/lib/python3.12/site-packages/airflow/example_dags/example_bash_operator.py for tasks to queue
[2025-09-27T23:29:19.132+0100] {logging_mixin.py:190} INFO - [2025-09-27T23:29:19.132+0100] {dagbag.py:588} INFO - Filling up the DagBag from /home/engineer/project/airflow_env/lib/python3.12/site-packages/airflow/example_dags/example_bash_operator.py
[2025-09-27T23:29:19.142+0100] {processor.py:925} INFO - DAG(s) 'example_bash_operator' retrieved from /home/engineer/project/airflow_env/lib/python3.12/site-packages/airflow/example_dags/example_bash_operator.py
[2025-09-27T23:29:19.160+0100] {logging_mixin.py:190} INFO - [2025-09-27T23:29:19.160+0100] {dag.py:3239} INFO - Sync 1 DAGs
[2025-09-27T23:29:19.176+0100] {logging_mixin.py:190} INFO - [2025-09-27T23:29:19.175+0100] {dag.py:4180} INFO - Setting next_dagrun for example_bash_operator to 2025-09-26 00:00:00+00:00, run_after=2025-09-27 00:00:00+00:00
[2025-09-27T23:29:19.194+0100] {processor.py:208} INFO - Processing /home/engineer/project/airflow_env/lib/python3.12/site-packages/airflow/example_dags/example_bash_operator.py took 0.069 seconds
[2025-09-27T23:30:27.124+0100] {processor.py:186} INFO - Started process (PID=20839) to work on /home/engineer/project/airflow_env/lib/python3.12/site-packages/airflow/example_dags/example_bash_operator.py
[2025-09-27T23:30:27.125+0100] {processor.py:914} INFO - Processing file /home/engineer/project/airflow_env/lib/python3.12/site-packages/airflow/example_dags/example_bash_operator.py for tasks to queue
[2025-09-27T23:30:27.127+0100] {logging_mixin.py:190} INFO - [2025-09-27T23:30:27.127+0100] {dagbag.py:588} INFO - Filling up the DagBag from /home/engineer/project/airflow_env/lib/python3.12/site-packages/airflow/example_dags/example_bash_operator.py
[2025-09-27T23:30:27.145+0100] {processor.py:925} INFO - DAG(s) 'example_bash_operator' retrieved from /home/engineer/project/airflow_env/lib/python3.12/site-packages/airflow/example_dags/example_bash_operator.py
[2025-09-27T23:30:27.162+0100] {logging_mixin.py:190} INFO - [2025-09-27T23:30:27.162+0100] {dag.py:3239} INFO - Sync 1 DAGs
[2025-09-27T23:30:27.178+0100] {logging_mixin.py:190} INFO - [2025-09-27T23:30:27.178+0100] {dag.py:4180} INFO - Setting next_dagrun for example_bash_operator to 2025-09-26 00:00:00+00:00, run_after=2025-09-27 00:00:00+00:00
[2025-09-27T23:30:27.199+0100] {processor.py:208} INFO - Processing /home/engineer/project/airflow_env/lib/python3.12/site-packages/airflow/example_dags/example_bash_operator.py took 0.081 seconds
[2025-09-27T23:31:45.914+0100] {processor.py:186} INFO - Started process (PID=21726) to work on /home/engineer/project/airflow_env/lib/python3.12/site-packages/airflow/example_dags/example_bash_operator.py
[2025-09-27T23:31:45.922+0100] {processor.py:914} INFO - Processing file /home/engineer/project/airflow_env/lib/python3.12/site-packages/airflow/example_dags/example_bash_operator.py for tasks to queue
[2025-09-27T23:31:45.923+0100] {logging_mixin.py:190} INFO - [2025-09-27T23:31:45.923+0100] {dagbag.py:588} INFO - Filling up the DagBag from /home/engineer/project/airflow_env/lib/python3.12/site-packages/airflow/example_dags/example_bash_operator.py
[2025-09-27T23:31:45.934+0100] {processor.py:925} INFO - DAG(s) 'example_bash_operator' retrieved from /home/engineer/project/airflow_env/lib/python3.12/site-packages/airflow/example_dags/example_bash_operator.py
[2025-09-27T23:31:45.953+0100] {logging_mixin.py:190} INFO - [2025-09-27T23:31:45.953+0100] {dag.py:3239} INFO - Sync 1 DAGs
[2025-09-27T23:31:45.968+0100] {logging_mixin.py:190} INFO - [2025-09-27T23:31:45.968+0100] {dag.py:4180} INFO - Setting next_dagrun for example_bash_operator to 2025-09-26 00:00:00+00:00, run_after=2025-09-27 00:00:00+00:00
[2025-09-27T23:31:45.985+0100] {processor.py:208} INFO - Processing /home/engineer/project/airflow_env/lib/python3.12/site-packages/airflow/example_dags/example_bash_operator.py took 0.077 seconds
[2025-09-27T23:32:39.142+0100] {processor.py:186} INFO - Started process (PID=22022) to work on /home/engineer/project/airflow_env/lib/python3.12/site-packages/airflow/example_dags/example_bash_operator.py
[2025-09-27T23:32:39.144+0100] {processor.py:914} INFO - Processing file /home/engineer/project/airflow_env/lib/python3.12/site-packages/airflow/example_dags/example_bash_operator.py for tasks to queue
[2025-09-27T23:32:39.146+0100] {logging_mixin.py:190} INFO - [2025-09-27T23:32:39.145+0100] {dagbag.py:588} INFO - Filling up the DagBag from /home/engineer/project/airflow_env/lib/python3.12/site-packages/airflow/example_dags/example_bash_operator.py
[2025-09-27T23:32:39.157+0100] {processor.py:925} INFO - DAG(s) 'example_bash_operator' retrieved from /home/engineer/project/airflow_env/lib/python3.12/site-packages/airflow/example_dags/example_bash_operator.py
[2025-09-27T23:32:39.176+0100] {logging_mixin.py:190} INFO - [2025-09-27T23:32:39.176+0100] {dag.py:3239} INFO - Sync 1 DAGs
[2025-09-27T23:32:39.191+0100] {logging_mixin.py:190} INFO - [2025-09-27T23:32:39.191+0100] {dag.py:4180} INFO - Setting next_dagrun for example_bash_operator to 2025-09-26 00:00:00+00:00, run_after=2025-09-27 00:00:00+00:00
[2025-09-27T23:32:39.210+0100] {processor.py:208} INFO - Processing /home/engineer/project/airflow_env/lib/python3.12/site-packages/airflow/example_dags/example_bash_operator.py took 0.073 seconds
[2025-09-27T23:33:51.884+0100] {processor.py:186} INFO - Started process (PID=22307) to work on /home/engineer/project/airflow_env/lib/python3.12/site-packages/airflow/example_dags/example_bash_operator.py
[2025-09-27T23:33:51.891+0100] {processor.py:914} INFO - Processing file /home/engineer/project/airflow_env/lib/python3.12/site-packages/airflow/example_dags/example_bash_operator.py for tasks to queue
[2025-09-27T23:33:51.893+0100] {logging_mixin.py:190} INFO - [2025-09-27T23:33:51.892+0100] {dagbag.py:588} INFO - Filling up the DagBag from /home/engineer/project/airflow_env/lib/python3.12/site-packages/airflow/example_dags/example_bash_operator.py
[2025-09-27T23:33:51.902+0100] {processor.py:925} INFO - DAG(s) 'example_bash_operator' retrieved from /home/engineer/project/airflow_env/lib/python3.12/site-packages/airflow/example_dags/example_bash_operator.py
[2025-09-27T23:33:51.916+0100] {logging_mixin.py:190} INFO - [2025-09-27T23:33:51.916+0100] {dag.py:3239} INFO - Sync 1 DAGs
[2025-09-27T23:33:51.929+0100] {logging_mixin.py:190} INFO - [2025-09-27T23:33:51.929+0100] {dag.py:4180} INFO - Setting next_dagrun for example_bash_operator to 2025-09-26 00:00:00+00:00, run_after=2025-09-27 00:00:00+00:00
[2025-09-27T23:33:51.947+0100] {processor.py:208} INFO - Processing /home/engineer/project/airflow_env/lib/python3.12/site-packages/airflow/example_dags/example_bash_operator.py took 0.067 seconds
[2025-09-27T23:35:06.789+0100] {processor.py:186} INFO - Started process (PID=22606) to work on /home/engineer/project/airflow_env/lib/python3.12/site-packages/airflow/example_dags/example_bash_operator.py
[2025-09-27T23:35:06.796+0100] {processor.py:914} INFO - Processing file /home/engineer/project/airflow_env/lib/python3.12/site-packages/airflow/example_dags/example_bash_operator.py for tasks to queue
[2025-09-27T23:35:06.797+0100] {logging_mixin.py:190} INFO - [2025-09-27T23:35:06.797+0100] {dagbag.py:588} INFO - Filling up the DagBag from /home/engineer/project/airflow_env/lib/python3.12/site-packages/airflow/example_dags/example_bash_operator.py
[2025-09-27T23:35:06.807+0100] {processor.py:925} INFO - DAG(s) 'example_bash_operator' retrieved from /home/engineer/project/airflow_env/lib/python3.12/site-packages/airflow/example_dags/example_bash_operator.py
[2025-09-27T23:35:06.820+0100] {logging_mixin.py:190} INFO - [2025-09-27T23:35:06.820+0100] {dag.py:3239} INFO - Sync 1 DAGs
[2025-09-27T23:35:06.833+0100] {logging_mixin.py:190} INFO - [2025-09-27T23:35:06.833+0100] {dag.py:4180} INFO - Setting next_dagrun for example_bash_operator to 2025-09-26 00:00:00+00:00, run_after=2025-09-27 00:00:00+00:00
[2025-09-27T23:35:06.848+0100] {processor.py:208} INFO - Processing /home/engineer/project/airflow_env/lib/python3.12/site-packages/airflow/example_dags/example_bash_operator.py took 0.064 seconds
[2025-09-27T23:36:20.046+0100] {processor.py:186} INFO - Started process (PID=22922) to work on /home/engineer/project/airflow_env/lib/python3.12/site-packages/airflow/example_dags/example_bash_operator.py
[2025-09-27T23:36:20.047+0100] {processor.py:914} INFO - Processing file /home/engineer/project/airflow_env/lib/python3.12/site-packages/airflow/example_dags/example_bash_operator.py for tasks to queue
[2025-09-27T23:36:20.048+0100] {logging_mixin.py:190} INFO - [2025-09-27T23:36:20.047+0100] {dagbag.py:588} INFO - Filling up the DagBag from /home/engineer/project/airflow_env/lib/python3.12/site-packages/airflow/example_dags/example_bash_operator.py
[2025-09-27T23:36:20.058+0100] {processor.py:925} INFO - DAG(s) 'example_bash_operator' retrieved from /home/engineer/project/airflow_env/lib/python3.12/site-packages/airflow/example_dags/example_bash_operator.py
[2025-09-27T23:36:20.071+0100] {logging_mixin.py:190} INFO - [2025-09-27T23:36:20.071+0100] {dag.py:3239} INFO - Sync 1 DAGs
[2025-09-27T23:36:20.084+0100] {logging_mixin.py:190} INFO - [2025-09-27T23:36:20.084+0100] {dag.py:4180} INFO - Setting next_dagrun for example_bash_operator to 2025-09-26 00:00:00+00:00, run_after=2025-09-27 00:00:00+00:00
[2025-09-27T23:36:20.100+0100] {processor.py:208} INFO - Processing /home/engineer/project/airflow_env/lib/python3.12/site-packages/airflow/example_dags/example_bash_operator.py took 0.058 seconds
[2025-09-27T23:37:31.354+0100] {processor.py:186} INFO - Started process (PID=23203) to work on /home/engineer/project/airflow_env/lib/python3.12/site-packages/airflow/example_dags/example_bash_operator.py
[2025-09-27T23:37:31.355+0100] {processor.py:914} INFO - Processing file /home/engineer/project/airflow_env/lib/python3.12/site-packages/airflow/example_dags/example_bash_operator.py for tasks to queue
[2025-09-27T23:37:31.356+0100] {logging_mixin.py:190} INFO - [2025-09-27T23:37:31.356+0100] {dagbag.py:588} INFO - Filling up the DagBag from /home/engineer/project/airflow_env/lib/python3.12/site-packages/airflow/example_dags/example_bash_operator.py
[2025-09-27T23:37:31.368+0100] {processor.py:925} INFO - DAG(s) 'example_bash_operator' retrieved from /home/engineer/project/airflow_env/lib/python3.12/site-packages/airflow/example_dags/example_bash_operator.py
[2025-09-27T23:37:31.393+0100] {logging_mixin.py:190} INFO - [2025-09-27T23:37:31.392+0100] {dag.py:3239} INFO - Sync 1 DAGs
[2025-09-27T23:37:31.411+0100] {logging_mixin.py:190} INFO - [2025-09-27T23:37:31.411+0100] {dag.py:4180} INFO - Setting next_dagrun for example_bash_operator to 2025-09-26 00:00:00+00:00, run_after=2025-09-27 00:00:00+00:00
[2025-09-27T23:37:31.431+0100] {processor.py:208} INFO - Processing /home/engineer/project/airflow_env/lib/python3.12/site-packages/airflow/example_dags/example_bash_operator.py took 0.082 seconds
[2025-09-27T23:39:20.060+0100] {processor.py:186} INFO - Started process (PID=23541) to work on /home/engineer/project/airflow_env/lib/python3.12/site-packages/airflow/example_dags/example_bash_operator.py
[2025-09-27T23:39:20.061+0100] {processor.py:914} INFO - Processing file /home/engineer/project/airflow_env/lib/python3.12/site-packages/airflow/example_dags/example_bash_operator.py for tasks to queue
[2025-09-27T23:39:20.062+0100] {logging_mixin.py:190} INFO - [2025-09-27T23:39:20.062+0100] {dagbag.py:588} INFO - Filling up the DagBag from /home/engineer/project/airflow_env/lib/python3.12/site-packages/airflow/example_dags/example_bash_operator.py
[2025-09-27T23:39:20.071+0100] {processor.py:925} INFO - DAG(s) 'example_bash_operator' retrieved from /home/engineer/project/airflow_env/lib/python3.12/site-packages/airflow/example_dags/example_bash_operator.py
[2025-09-27T23:39:20.086+0100] {logging_mixin.py:190} INFO - [2025-09-27T23:39:20.086+0100] {dag.py:3239} INFO - Sync 1 DAGs
[2025-09-27T23:39:20.099+0100] {logging_mixin.py:190} INFO - [2025-09-27T23:39:20.099+0100] {dag.py:4180} INFO - Setting next_dagrun for example_bash_operator to 2025-09-26 00:00:00+00:00, run_after=2025-09-27 00:00:00+00:00
[2025-09-27T23:39:20.115+0100] {processor.py:208} INFO - Processing /home/engineer/project/airflow_env/lib/python3.12/site-packages/airflow/example_dags/example_bash_operator.py took 0.058 seconds
[2025-09-27T23:40:34.545+0100] {processor.py:186} INFO - Started process (PID=23835) to work on /home/engineer/project/airflow_env/lib/python3.12/site-packages/airflow/example_dags/example_bash_operator.py
[2025-09-27T23:40:34.547+0100] {processor.py:914} INFO - Processing file /home/engineer/project/airflow_env/lib/python3.12/site-packages/airflow/example_dags/example_bash_operator.py for tasks to queue
[2025-09-27T23:40:34.549+0100] {logging_mixin.py:190} INFO - [2025-09-27T23:40:34.548+0100] {dagbag.py:588} INFO - Filling up the DagBag from /home/engineer/project/airflow_env/lib/python3.12/site-packages/airflow/example_dags/example_bash_operator.py
[2025-09-27T23:40:34.563+0100] {processor.py:925} INFO - DAG(s) 'example_bash_operator' retrieved from /home/engineer/project/airflow_env/lib/python3.12/site-packages/airflow/example_dags/example_bash_operator.py
[2025-09-27T23:40:34.582+0100] {logging_mixin.py:190} INFO - [2025-09-27T23:40:34.582+0100] {dag.py:3239} INFO - Sync 1 DAGs
[2025-09-27T23:40:34.601+0100] {logging_mixin.py:190} INFO - [2025-09-27T23:40:34.601+0100] {dag.py:4180} INFO - Setting next_dagrun for example_bash_operator to 2025-09-26 00:00:00+00:00, run_after=2025-09-27 00:00:00+00:00
[2025-09-27T23:40:34.624+0100] {processor.py:208} INFO - Processing /home/engineer/project/airflow_env/lib/python3.12/site-packages/airflow/example_dags/example_bash_operator.py took 0.086 seconds
[2025-09-27T23:41:50.327+0100] {processor.py:186} INFO - Started process (PID=24138) to work on /home/engineer/project/airflow_env/lib/python3.12/site-packages/airflow/example_dags/example_bash_operator.py
[2025-09-27T23:41:50.335+0100] {processor.py:914} INFO - Processing file /home/engineer/project/airflow_env/lib/python3.12/site-packages/airflow/example_dags/example_bash_operator.py for tasks to queue
[2025-09-27T23:41:50.336+0100] {logging_mixin.py:190} INFO - [2025-09-27T23:41:50.336+0100] {dagbag.py:588} INFO - Filling up the DagBag from /home/engineer/project/airflow_env/lib/python3.12/site-packages/airflow/example_dags/example_bash_operator.py
[2025-09-27T23:41:50.346+0100] {processor.py:925} INFO - DAG(s) 'example_bash_operator' retrieved from /home/engineer/project/airflow_env/lib/python3.12/site-packages/airflow/example_dags/example_bash_operator.py
[2025-09-27T23:41:50.360+0100] {logging_mixin.py:190} INFO - [2025-09-27T23:41:50.360+0100] {dag.py:3239} INFO - Sync 1 DAGs
[2025-09-27T23:41:50.374+0100] {logging_mixin.py:190} INFO - [2025-09-27T23:41:50.374+0100] {dag.py:4180} INFO - Setting next_dagrun for example_bash_operator to 2025-09-26 00:00:00+00:00, run_after=2025-09-27 00:00:00+00:00
[2025-09-27T23:41:50.391+0100] {processor.py:208} INFO - Processing /home/engineer/project/airflow_env/lib/python3.12/site-packages/airflow/example_dags/example_bash_operator.py took 0.067 seconds
[2025-09-27T23:43:05.564+0100] {processor.py:186} INFO - Started process (PID=24461) to work on /home/engineer/project/airflow_env/lib/python3.12/site-packages/airflow/example_dags/example_bash_operator.py
[2025-09-27T23:43:05.565+0100] {processor.py:914} INFO - Processing file /home/engineer/project/airflow_env/lib/python3.12/site-packages/airflow/example_dags/example_bash_operator.py for tasks to queue
[2025-09-27T23:43:05.567+0100] {logging_mixin.py:190} INFO - [2025-09-27T23:43:05.566+0100] {dagbag.py:588} INFO - Filling up the DagBag from /home/engineer/project/airflow_env/lib/python3.12/site-packages/airflow/example_dags/example_bash_operator.py
[2025-09-27T23:43:05.577+0100] {processor.py:925} INFO - DAG(s) 'example_bash_operator' retrieved from /home/engineer/project/airflow_env/lib/python3.12/site-packages/airflow/example_dags/example_bash_operator.py
[2025-09-27T23:43:05.593+0100] {logging_mixin.py:190} INFO - [2025-09-27T23:43:05.593+0100] {dag.py:3239} INFO - Sync 1 DAGs
[2025-09-27T23:43:05.611+0100] {logging_mixin.py:190} INFO - [2025-09-27T23:43:05.611+0100] {dag.py:4180} INFO - Setting next_dagrun for example_bash_operator to 2025-09-26 00:00:00+00:00, run_after=2025-09-27 00:00:00+00:00
[2025-09-27T23:43:05.630+0100] {processor.py:208} INFO - Processing /home/engineer/project/airflow_env/lib/python3.12/site-packages/airflow/example_dags/example_bash_operator.py took 0.070 seconds
[2025-09-27T23:44:00.132+0100] {processor.py:186} INFO - Started process (PID=24788) to work on /home/engineer/project/airflow_env/lib/python3.12/site-packages/airflow/example_dags/example_bash_operator.py
[2025-09-27T23:44:00.140+0100] {processor.py:914} INFO - Processing file /home/engineer/project/airflow_env/lib/python3.12/site-packages/airflow/example_dags/example_bash_operator.py for tasks to queue
[2025-09-27T23:44:00.141+0100] {logging_mixin.py:190} INFO - [2025-09-27T23:44:00.141+0100] {dagbag.py:588} INFO - Filling up the DagBag from /home/engineer/project/airflow_env/lib/python3.12/site-packages/airflow/example_dags/example_bash_operator.py
[2025-09-27T23:44:00.158+0100] {processor.py:925} INFO - DAG(s) 'example_bash_operator' retrieved from /home/engineer/project/airflow_env/lib/python3.12/site-packages/airflow/example_dags/example_bash_operator.py
[2025-09-27T23:44:00.185+0100] {logging_mixin.py:190} INFO - [2025-09-27T23:44:00.185+0100] {dag.py:3239} INFO - Sync 1 DAGs
[2025-09-27T23:44:00.208+0100] {logging_mixin.py:190} INFO - [2025-09-27T23:44:00.208+0100] {dag.py:4180} INFO - Setting next_dagrun for example_bash_operator to 2025-09-26 00:00:00+00:00, run_after=2025-09-27 00:00:00+00:00
[2025-09-27T23:44:00.229+0100] {processor.py:208} INFO - Processing /home/engineer/project/airflow_env/lib/python3.12/site-packages/airflow/example_dags/example_bash_operator.py took 0.103 seconds
