[2025-09-27T23:26:54.898+0100] {processor.py:186} INFO - Started process (PID=19902) to work on /home/engineer/project/airflow_env/lib/python3.12/site-packages/airflow/example_dags/example_latest_only_with_trigger.py
[2025-09-27T23:26:54.898+0100] {processor.py:914} INFO - Processing file /home/engineer/project/airflow_env/lib/python3.12/site-packages/airflow/example_dags/example_latest_only_with_trigger.py for tasks to queue
[2025-09-27T23:26:54.900+0100] {logging_mixin.py:190} INFO - [2025-09-27T23:26:54.899+0100] {dagbag.py:588} INFO - Filling up the DagBag from /home/engineer/project/airflow_env/lib/python3.12/site-packages/airflow/example_dags/example_latest_only_with_trigger.py
[2025-09-27T23:26:54.905+0100] {processor.py:925} INFO - DAG(s) 'latest_only_with_trigger' retrieved from /home/engineer/project/airflow_env/lib/python3.12/site-packages/airflow/example_dags/example_latest_only_with_trigger.py
[2025-09-27T23:26:54.976+0100] {logging_mixin.py:190} INFO - [2025-09-27T23:26:54.976+0100] {override.py:1900} INFO - Created Permission View: can delete on DAG:latest_only_with_trigger
[2025-09-27T23:26:54.986+0100] {logging_mixin.py:190} INFO - [2025-09-27T23:26:54.985+0100] {override.py:1900} INFO - Created Permission View: can read on DAG:latest_only_with_trigger
[2025-09-27T23:26:54.991+0100] {logging_mixin.py:190} INFO - [2025-09-27T23:26:54.991+0100] {override.py:1900} INFO - Created Permission View: can edit on DAG:latest_only_with_trigger
[2025-09-27T23:26:55.000+0100] {logging_mixin.py:190} INFO - [2025-09-27T23:26:55.000+0100] {override.py:1900} INFO - Created Permission View: can delete on DAG Run:latest_only_with_trigger
[2025-09-27T23:26:55.005+0100] {logging_mixin.py:190} INFO - [2025-09-27T23:26:55.005+0100] {override.py:1900} INFO - Created Permission View: can read on DAG Run:latest_only_with_trigger
[2025-09-27T23:26:55.011+0100] {logging_mixin.py:190} INFO - [2025-09-27T23:26:55.011+0100] {override.py:1900} INFO - Created Permission View: can create on DAG Run:latest_only_with_trigger
[2025-09-27T23:26:55.016+0100] {logging_mixin.py:190} INFO - [2025-09-27T23:26:55.016+0100] {override.py:1900} INFO - Created Permission View: menu access on DAG Run:latest_only_with_trigger
[2025-09-27T23:26:55.017+0100] {logging_mixin.py:190} INFO - [2025-09-27T23:26:55.016+0100] {dag.py:3239} INFO - Sync 1 DAGs
[2025-09-27T23:26:55.023+0100] {logging_mixin.py:190} INFO - [2025-09-27T23:26:55.023+0100] {dag.py:3262} INFO - Creating ORM DAG for latest_only_with_trigger
[2025-09-27T23:26:55.028+0100] {logging_mixin.py:190} INFO - [2025-09-27T23:26:55.028+0100] {dag.py:4180} INFO - Setting next_dagrun for latest_only_with_trigger to 2025-09-27 16:00:00+00:00, run_after=2025-09-27 20:00:00+00:00
[2025-09-27T23:26:55.044+0100] {processor.py:208} INFO - Processing /home/engineer/project/airflow_env/lib/python3.12/site-packages/airflow/example_dags/example_latest_only_with_trigger.py took 0.150 seconds
[2025-09-27T23:27:52.788+0100] {processor.py:186} INFO - Started process (PID=20187) to work on /home/engineer/project/airflow_env/lib/python3.12/site-packages/airflow/example_dags/example_latest_only_with_trigger.py
[2025-09-27T23:27:52.796+0100] {processor.py:914} INFO - Processing file /home/engineer/project/airflow_env/lib/python3.12/site-packages/airflow/example_dags/example_latest_only_with_trigger.py for tasks to queue
[2025-09-27T23:27:52.798+0100] {logging_mixin.py:190} INFO - [2025-09-27T23:27:52.797+0100] {dagbag.py:588} INFO - Filling up the DagBag from /home/engineer/project/airflow_env/lib/python3.12/site-packages/airflow/example_dags/example_latest_only_with_trigger.py
[2025-09-27T23:27:52.804+0100] {processor.py:925} INFO - DAG(s) 'latest_only_with_trigger' retrieved from /home/engineer/project/airflow_env/lib/python3.12/site-packages/airflow/example_dags/example_latest_only_with_trigger.py
[2025-09-27T23:27:52.817+0100] {logging_mixin.py:190} INFO - [2025-09-27T23:27:52.817+0100] {dag.py:3239} INFO - Sync 1 DAGs
[2025-09-27T23:27:52.833+0100] {logging_mixin.py:190} INFO - [2025-09-27T23:27:52.832+0100] {dag.py:4180} INFO - Setting next_dagrun for latest_only_with_trigger to 2025-09-27 16:00:00+00:00, run_after=2025-09-27 20:00:00+00:00
[2025-09-27T23:27:52.850+0100] {processor.py:208} INFO - Processing /home/engineer/project/airflow_env/lib/python3.12/site-packages/airflow/example_dags/example_latest_only_with_trigger.py took 0.066 seconds
[2025-09-27T23:28:46.470+0100] {processor.py:186} INFO - Started process (PID=20399) to work on /home/engineer/project/airflow_env/lib/python3.12/site-packages/airflow/example_dags/example_latest_only_with_trigger.py
[2025-09-27T23:28:46.471+0100] {processor.py:914} INFO - Processing file /home/engineer/project/airflow_env/lib/python3.12/site-packages/airflow/example_dags/example_latest_only_with_trigger.py for tasks to queue
[2025-09-27T23:28:46.472+0100] {logging_mixin.py:190} INFO - [2025-09-27T23:28:46.472+0100] {dagbag.py:588} INFO - Filling up the DagBag from /home/engineer/project/airflow_env/lib/python3.12/site-packages/airflow/example_dags/example_latest_only_with_trigger.py
[2025-09-27T23:28:46.478+0100] {processor.py:925} INFO - DAG(s) 'latest_only_with_trigger' retrieved from /home/engineer/project/airflow_env/lib/python3.12/site-packages/airflow/example_dags/example_latest_only_with_trigger.py
[2025-09-27T23:28:46.489+0100] {logging_mixin.py:190} INFO - [2025-09-27T23:28:46.489+0100] {dag.py:3239} INFO - Sync 1 DAGs
[2025-09-27T23:28:46.501+0100] {logging_mixin.py:190} INFO - [2025-09-27T23:28:46.501+0100] {dag.py:4180} INFO - Setting next_dagrun for latest_only_with_trigger to 2025-09-27 16:00:00+00:00, run_after=2025-09-27 20:00:00+00:00
[2025-09-27T23:28:46.517+0100] {processor.py:208} INFO - Processing /home/engineer/project/airflow_env/lib/python3.12/site-packages/airflow/example_dags/example_latest_only_with_trigger.py took 0.052 seconds
[2025-09-27T23:29:38.545+0100] {processor.py:186} INFO - Started process (PID=20610) to work on /home/engineer/project/airflow_env/lib/python3.12/site-packages/airflow/example_dags/example_latest_only_with_trigger.py
[2025-09-27T23:29:38.552+0100] {processor.py:914} INFO - Processing file /home/engineer/project/airflow_env/lib/python3.12/site-packages/airflow/example_dags/example_latest_only_with_trigger.py for tasks to queue
[2025-09-27T23:29:38.554+0100] {logging_mixin.py:190} INFO - [2025-09-27T23:29:38.553+0100] {dagbag.py:588} INFO - Filling up the DagBag from /home/engineer/project/airflow_env/lib/python3.12/site-packages/airflow/example_dags/example_latest_only_with_trigger.py
[2025-09-27T23:29:38.559+0100] {processor.py:925} INFO - DAG(s) 'latest_only_with_trigger' retrieved from /home/engineer/project/airflow_env/lib/python3.12/site-packages/airflow/example_dags/example_latest_only_with_trigger.py
[2025-09-27T23:29:38.570+0100] {logging_mixin.py:190} INFO - [2025-09-27T23:29:38.569+0100] {dag.py:3239} INFO - Sync 1 DAGs
[2025-09-27T23:29:38.581+0100] {logging_mixin.py:190} INFO - [2025-09-27T23:29:38.581+0100] {dag.py:4180} INFO - Setting next_dagrun for latest_only_with_trigger to 2025-09-27 16:00:00+00:00, run_after=2025-09-27 20:00:00+00:00
[2025-09-27T23:29:38.596+0100] {processor.py:208} INFO - Processing /home/engineer/project/airflow_env/lib/python3.12/site-packages/airflow/example_dags/example_latest_only_with_trigger.py took 0.055 seconds
[2025-09-27T23:30:24.843+0100] {processor.py:186} INFO - Started process (PID=20811) to work on /home/engineer/project/airflow_env/lib/python3.12/site-packages/airflow/example_dags/example_latest_only_with_trigger.py
[2025-09-27T23:30:24.851+0100] {processor.py:914} INFO - Processing file /home/engineer/project/airflow_env/lib/python3.12/site-packages/airflow/example_dags/example_latest_only_with_trigger.py for tasks to queue
[2025-09-27T23:30:24.853+0100] {logging_mixin.py:190} INFO - [2025-09-27T23:30:24.852+0100] {dagbag.py:588} INFO - Filling up the DagBag from /home/engineer/project/airflow_env/lib/python3.12/site-packages/airflow/example_dags/example_latest_only_with_trigger.py
[2025-09-27T23:30:24.859+0100] {processor.py:925} INFO - DAG(s) 'latest_only_with_trigger' retrieved from /home/engineer/project/airflow_env/lib/python3.12/site-packages/airflow/example_dags/example_latest_only_with_trigger.py
[2025-09-27T23:30:24.875+0100] {logging_mixin.py:190} INFO - [2025-09-27T23:30:24.875+0100] {dag.py:3239} INFO - Sync 1 DAGs
[2025-09-27T23:30:24.893+0100] {logging_mixin.py:190} INFO - [2025-09-27T23:30:24.893+0100] {dag.py:4180} INFO - Setting next_dagrun for latest_only_with_trigger to 2025-09-27 16:00:00+00:00, run_after=2025-09-27 20:00:00+00:00
[2025-09-27T23:30:24.915+0100] {processor.py:208} INFO - Processing /home/engineer/project/airflow_env/lib/python3.12/site-packages/airflow/example_dags/example_latest_only_with_trigger.py took 0.077 seconds
[2025-09-27T23:31:13.715+0100] {processor.py:186} INFO - Started process (PID=21575) to work on /home/engineer/project/airflow_env/lib/python3.12/site-packages/airflow/example_dags/example_latest_only_with_trigger.py
[2025-09-27T23:31:13.723+0100] {processor.py:914} INFO - Processing file /home/engineer/project/airflow_env/lib/python3.12/site-packages/airflow/example_dags/example_latest_only_with_trigger.py for tasks to queue
[2025-09-27T23:31:13.725+0100] {logging_mixin.py:190} INFO - [2025-09-27T23:31:13.724+0100] {dagbag.py:588} INFO - Filling up the DagBag from /home/engineer/project/airflow_env/lib/python3.12/site-packages/airflow/example_dags/example_latest_only_with_trigger.py
[2025-09-27T23:31:13.732+0100] {processor.py:925} INFO - DAG(s) 'latest_only_with_trigger' retrieved from /home/engineer/project/airflow_env/lib/python3.12/site-packages/airflow/example_dags/example_latest_only_with_trigger.py
[2025-09-27T23:31:13.747+0100] {logging_mixin.py:190} INFO - [2025-09-27T23:31:13.747+0100] {dag.py:3239} INFO - Sync 1 DAGs
[2025-09-27T23:31:13.768+0100] {logging_mixin.py:190} INFO - [2025-09-27T23:31:13.768+0100] {dag.py:4180} INFO - Setting next_dagrun for latest_only_with_trigger to 2025-09-27 16:00:00+00:00, run_after=2025-09-27 20:00:00+00:00
[2025-09-27T23:31:13.905+0100] {processor.py:208} INFO - Processing /home/engineer/project/airflow_env/lib/python3.12/site-packages/airflow/example_dags/example_latest_only_with_trigger.py took 0.195 seconds
[2025-09-27T23:32:08.287+0100] {processor.py:186} INFO - Started process (PID=21877) to work on /home/engineer/project/airflow_env/lib/python3.12/site-packages/airflow/example_dags/example_latest_only_with_trigger.py
[2025-09-27T23:32:08.289+0100] {processor.py:914} INFO - Processing file /home/engineer/project/airflow_env/lib/python3.12/site-packages/airflow/example_dags/example_latest_only_with_trigger.py for tasks to queue
[2025-09-27T23:32:08.290+0100] {logging_mixin.py:190} INFO - [2025-09-27T23:32:08.290+0100] {dagbag.py:588} INFO - Filling up the DagBag from /home/engineer/project/airflow_env/lib/python3.12/site-packages/airflow/example_dags/example_latest_only_with_trigger.py
[2025-09-27T23:32:08.296+0100] {processor.py:925} INFO - DAG(s) 'latest_only_with_trigger' retrieved from /home/engineer/project/airflow_env/lib/python3.12/site-packages/airflow/example_dags/example_latest_only_with_trigger.py
[2025-09-27T23:32:08.307+0100] {logging_mixin.py:190} INFO - [2025-09-27T23:32:08.307+0100] {dag.py:3239} INFO - Sync 1 DAGs
[2025-09-27T23:32:08.323+0100] {logging_mixin.py:190} INFO - [2025-09-27T23:32:08.322+0100] {dag.py:4180} INFO - Setting next_dagrun for latest_only_with_trigger to 2025-09-27 16:00:00+00:00, run_after=2025-09-27 20:00:00+00:00
[2025-09-27T23:32:08.341+0100] {processor.py:208} INFO - Processing /home/engineer/project/airflow_env/lib/python3.12/site-packages/airflow/example_dags/example_latest_only_with_trigger.py took 0.057 seconds
[2025-09-27T23:32:57.955+0100] {processor.py:186} INFO - Started process (PID=22096) to work on /home/engineer/project/airflow_env/lib/python3.12/site-packages/airflow/example_dags/example_latest_only_with_trigger.py
[2025-09-27T23:32:57.956+0100] {processor.py:914} INFO - Processing file /home/engineer/project/airflow_env/lib/python3.12/site-packages/airflow/example_dags/example_latest_only_with_trigger.py for tasks to queue
[2025-09-27T23:32:57.958+0100] {logging_mixin.py:190} INFO - [2025-09-27T23:32:57.958+0100] {dagbag.py:588} INFO - Filling up the DagBag from /home/engineer/project/airflow_env/lib/python3.12/site-packages/airflow/example_dags/example_latest_only_with_trigger.py
[2025-09-27T23:32:57.963+0100] {processor.py:925} INFO - DAG(s) 'latest_only_with_trigger' retrieved from /home/engineer/project/airflow_env/lib/python3.12/site-packages/airflow/example_dags/example_latest_only_with_trigger.py
[2025-09-27T23:32:57.977+0100] {logging_mixin.py:190} INFO - [2025-09-27T23:32:57.976+0100] {dag.py:3239} INFO - Sync 1 DAGs
[2025-09-27T23:32:57.993+0100] {logging_mixin.py:190} INFO - [2025-09-27T23:32:57.993+0100] {dag.py:4180} INFO - Setting next_dagrun for latest_only_with_trigger to 2025-09-27 16:00:00+00:00, run_after=2025-09-27 20:00:00+00:00
[2025-09-27T23:32:58.014+0100] {processor.py:208} INFO - Processing /home/engineer/project/airflow_env/lib/python3.12/site-packages/airflow/example_dags/example_latest_only_with_trigger.py took 0.064 seconds
[2025-09-27T23:33:45.891+0100] {processor.py:186} INFO - Started process (PID=22283) to work on /home/engineer/project/airflow_env/lib/python3.12/site-packages/airflow/example_dags/example_latest_only_with_trigger.py
[2025-09-27T23:33:45.892+0100] {processor.py:914} INFO - Processing file /home/engineer/project/airflow_env/lib/python3.12/site-packages/airflow/example_dags/example_latest_only_with_trigger.py for tasks to queue
[2025-09-27T23:33:45.893+0100] {logging_mixin.py:190} INFO - [2025-09-27T23:33:45.893+0100] {dagbag.py:588} INFO - Filling up the DagBag from /home/engineer/project/airflow_env/lib/python3.12/site-packages/airflow/example_dags/example_latest_only_with_trigger.py
[2025-09-27T23:33:45.899+0100] {processor.py:925} INFO - DAG(s) 'latest_only_with_trigger' retrieved from /home/engineer/project/airflow_env/lib/python3.12/site-packages/airflow/example_dags/example_latest_only_with_trigger.py
[2025-09-27T23:33:45.910+0100] {logging_mixin.py:190} INFO - [2025-09-27T23:33:45.910+0100] {dag.py:3239} INFO - Sync 1 DAGs
[2025-09-27T23:33:45.923+0100] {logging_mixin.py:190} INFO - [2025-09-27T23:33:45.923+0100] {dag.py:4180} INFO - Setting next_dagrun for latest_only_with_trigger to 2025-09-27 16:00:00+00:00, run_after=2025-09-27 20:00:00+00:00
[2025-09-27T23:33:45.939+0100] {processor.py:208} INFO - Processing /home/engineer/project/airflow_env/lib/python3.12/site-packages/airflow/example_dags/example_latest_only_with_trigger.py took 0.053 seconds
[2025-09-27T23:34:37.180+0100] {processor.py:186} INFO - Started process (PID=22485) to work on /home/engineer/project/airflow_env/lib/python3.12/site-packages/airflow/example_dags/example_latest_only_with_trigger.py
[2025-09-27T23:34:37.187+0100] {processor.py:914} INFO - Processing file /home/engineer/project/airflow_env/lib/python3.12/site-packages/airflow/example_dags/example_latest_only_with_trigger.py for tasks to queue
[2025-09-27T23:34:37.188+0100] {logging_mixin.py:190} INFO - [2025-09-27T23:34:37.188+0100] {dagbag.py:588} INFO - Filling up the DagBag from /home/engineer/project/airflow_env/lib/python3.12/site-packages/airflow/example_dags/example_latest_only_with_trigger.py
[2025-09-27T23:34:37.194+0100] {processor.py:925} INFO - DAG(s) 'latest_only_with_trigger' retrieved from /home/engineer/project/airflow_env/lib/python3.12/site-packages/airflow/example_dags/example_latest_only_with_trigger.py
[2025-09-27T23:34:37.205+0100] {logging_mixin.py:190} INFO - [2025-09-27T23:34:37.205+0100] {dag.py:3239} INFO - Sync 1 DAGs
[2025-09-27T23:34:37.218+0100] {logging_mixin.py:190} INFO - [2025-09-27T23:34:37.218+0100] {dag.py:4180} INFO - Setting next_dagrun for latest_only_with_trigger to 2025-09-27 16:00:00+00:00, run_after=2025-09-27 20:00:00+00:00
[2025-09-27T23:34:37.235+0100] {processor.py:208} INFO - Processing /home/engineer/project/airflow_env/lib/python3.12/site-packages/airflow/example_dags/example_latest_only_with_trigger.py took 0.059 seconds
[2025-09-27T23:35:24.709+0100] {processor.py:186} INFO - Started process (PID=22674) to work on /home/engineer/project/airflow_env/lib/python3.12/site-packages/airflow/example_dags/example_latest_only_with_trigger.py
[2025-09-27T23:35:24.716+0100] {processor.py:914} INFO - Processing file /home/engineer/project/airflow_env/lib/python3.12/site-packages/airflow/example_dags/example_latest_only_with_trigger.py for tasks to queue
[2025-09-27T23:35:24.718+0100] {logging_mixin.py:190} INFO - [2025-09-27T23:35:24.718+0100] {dagbag.py:588} INFO - Filling up the DagBag from /home/engineer/project/airflow_env/lib/python3.12/site-packages/airflow/example_dags/example_latest_only_with_trigger.py
[2025-09-27T23:35:24.724+0100] {processor.py:925} INFO - DAG(s) 'latest_only_with_trigger' retrieved from /home/engineer/project/airflow_env/lib/python3.12/site-packages/airflow/example_dags/example_latest_only_with_trigger.py
[2025-09-27T23:35:24.736+0100] {logging_mixin.py:190} INFO - [2025-09-27T23:35:24.735+0100] {dag.py:3239} INFO - Sync 1 DAGs
[2025-09-27T23:35:24.748+0100] {logging_mixin.py:190} INFO - [2025-09-27T23:35:24.748+0100] {dag.py:4180} INFO - Setting next_dagrun for latest_only_with_trigger to 2025-09-27 16:00:00+00:00, run_after=2025-09-27 20:00:00+00:00
[2025-09-27T23:35:24.764+0100] {processor.py:208} INFO - Processing /home/engineer/project/airflow_env/lib/python3.12/site-packages/airflow/example_dags/example_latest_only_with_trigger.py took 0.059 seconds
[2025-09-27T23:36:14.314+0100] {processor.py:186} INFO - Started process (PID=22874) to work on /home/engineer/project/airflow_env/lib/python3.12/site-packages/airflow/example_dags/example_latest_only_with_trigger.py
[2025-09-27T23:36:14.321+0100] {processor.py:914} INFO - Processing file /home/engineer/project/airflow_env/lib/python3.12/site-packages/airflow/example_dags/example_latest_only_with_trigger.py for tasks to queue
[2025-09-27T23:36:14.323+0100] {logging_mixin.py:190} INFO - [2025-09-27T23:36:14.323+0100] {dagbag.py:588} INFO - Filling up the DagBag from /home/engineer/project/airflow_env/lib/python3.12/site-packages/airflow/example_dags/example_latest_only_with_trigger.py
[2025-09-27T23:36:14.328+0100] {processor.py:925} INFO - DAG(s) 'latest_only_with_trigger' retrieved from /home/engineer/project/airflow_env/lib/python3.12/site-packages/airflow/example_dags/example_latest_only_with_trigger.py
[2025-09-27T23:36:14.340+0100] {logging_mixin.py:190} INFO - [2025-09-27T23:36:14.339+0100] {dag.py:3239} INFO - Sync 1 DAGs
[2025-09-27T23:36:14.352+0100] {logging_mixin.py:190} INFO - [2025-09-27T23:36:14.352+0100] {dag.py:4180} INFO - Setting next_dagrun for latest_only_with_trigger to 2025-09-27 16:00:00+00:00, run_after=2025-09-27 20:00:00+00:00
[2025-09-27T23:36:14.374+0100] {processor.py:208} INFO - Processing /home/engineer/project/airflow_env/lib/python3.12/site-packages/airflow/example_dags/example_latest_only_with_trigger.py took 0.063 seconds
[2025-09-27T23:37:03.379+0100] {processor.py:186} INFO - Started process (PID=23094) to work on /home/engineer/project/airflow_env/lib/python3.12/site-packages/airflow/example_dags/example_latest_only_with_trigger.py
[2025-09-27T23:37:03.386+0100] {processor.py:914} INFO - Processing file /home/engineer/project/airflow_env/lib/python3.12/site-packages/airflow/example_dags/example_latest_only_with_trigger.py for tasks to queue
[2025-09-27T23:37:03.387+0100] {logging_mixin.py:190} INFO - [2025-09-27T23:37:03.386+0100] {dagbag.py:588} INFO - Filling up the DagBag from /home/engineer/project/airflow_env/lib/python3.12/site-packages/airflow/example_dags/example_latest_only_with_trigger.py
[2025-09-27T23:37:03.393+0100] {processor.py:925} INFO - DAG(s) 'latest_only_with_trigger' retrieved from /home/engineer/project/airflow_env/lib/python3.12/site-packages/airflow/example_dags/example_latest_only_with_trigger.py
[2025-09-27T23:37:03.405+0100] {logging_mixin.py:190} INFO - [2025-09-27T23:37:03.405+0100] {dag.py:3239} INFO - Sync 1 DAGs
[2025-09-27T23:37:03.420+0100] {logging_mixin.py:190} INFO - [2025-09-27T23:37:03.420+0100] {dag.py:4180} INFO - Setting next_dagrun for latest_only_with_trigger to 2025-09-27 16:00:00+00:00, run_after=2025-09-27 20:00:00+00:00
[2025-09-27T23:37:03.436+0100] {processor.py:208} INFO - Processing /home/engineer/project/airflow_env/lib/python3.12/site-packages/airflow/example_dags/example_latest_only_with_trigger.py took 0.061 seconds
[2025-09-27T23:37:50.761+0100] {processor.py:186} INFO - Started process (PID=23301) to work on /home/engineer/project/airflow_env/lib/python3.12/site-packages/airflow/example_dags/example_latest_only_with_trigger.py
[2025-09-27T23:37:50.769+0100] {processor.py:914} INFO - Processing file /home/engineer/project/airflow_env/lib/python3.12/site-packages/airflow/example_dags/example_latest_only_with_trigger.py for tasks to queue
[2025-09-27T23:37:50.770+0100] {logging_mixin.py:190} INFO - [2025-09-27T23:37:50.770+0100] {dagbag.py:588} INFO - Filling up the DagBag from /home/engineer/project/airflow_env/lib/python3.12/site-packages/airflow/example_dags/example_latest_only_with_trigger.py
[2025-09-27T23:37:50.779+0100] {processor.py:925} INFO - DAG(s) 'latest_only_with_trigger' retrieved from /home/engineer/project/airflow_env/lib/python3.12/site-packages/airflow/example_dags/example_latest_only_with_trigger.py
[2025-09-27T23:37:50.792+0100] {logging_mixin.py:190} INFO - [2025-09-27T23:37:50.791+0100] {dag.py:3239} INFO - Sync 1 DAGs
[2025-09-27T23:37:50.808+0100] {logging_mixin.py:190} INFO - [2025-09-27T23:37:50.808+0100] {dag.py:4180} INFO - Setting next_dagrun for latest_only_with_trigger to 2025-09-27 16:00:00+00:00, run_after=2025-09-27 20:00:00+00:00
[2025-09-27T23:37:50.824+0100] {processor.py:208} INFO - Processing /home/engineer/project/airflow_env/lib/python3.12/site-packages/airflow/example_dags/example_latest_only_with_trigger.py took 0.072 seconds
[2025-09-27T23:39:09.685+0100] {processor.py:186} INFO - Started process (PID=23499) to work on /home/engineer/project/airflow_env/lib/python3.12/site-packages/airflow/example_dags/example_latest_only_with_trigger.py
[2025-09-27T23:39:09.692+0100] {processor.py:914} INFO - Processing file /home/engineer/project/airflow_env/lib/python3.12/site-packages/airflow/example_dags/example_latest_only_with_trigger.py for tasks to queue
[2025-09-27T23:39:09.693+0100] {logging_mixin.py:190} INFO - [2025-09-27T23:39:09.692+0100] {dagbag.py:588} INFO - Filling up the DagBag from /home/engineer/project/airflow_env/lib/python3.12/site-packages/airflow/example_dags/example_latest_only_with_trigger.py
[2025-09-27T23:39:09.699+0100] {processor.py:925} INFO - DAG(s) 'latest_only_with_trigger' retrieved from /home/engineer/project/airflow_env/lib/python3.12/site-packages/airflow/example_dags/example_latest_only_with_trigger.py
[2025-09-27T23:39:09.710+0100] {logging_mixin.py:190} INFO - [2025-09-27T23:39:09.710+0100] {dag.py:3239} INFO - Sync 1 DAGs
[2025-09-27T23:39:09.722+0100] {logging_mixin.py:190} INFO - [2025-09-27T23:39:09.722+0100] {dag.py:4180} INFO - Setting next_dagrun for latest_only_with_trigger to 2025-09-27 16:00:00+00:00, run_after=2025-09-27 20:00:00+00:00
[2025-09-27T23:39:09.738+0100] {processor.py:208} INFO - Processing /home/engineer/project/airflow_env/lib/python3.12/site-packages/airflow/example_dags/example_latest_only_with_trigger.py took 0.057 seconds
[2025-09-27T23:40:03.431+0100] {processor.py:186} INFO - Started process (PID=23712) to work on /home/engineer/project/airflow_env/lib/python3.12/site-packages/airflow/example_dags/example_latest_only_with_trigger.py
[2025-09-27T23:40:03.439+0100] {processor.py:914} INFO - Processing file /home/engineer/project/airflow_env/lib/python3.12/site-packages/airflow/example_dags/example_latest_only_with_trigger.py for tasks to queue
[2025-09-27T23:40:03.441+0100] {logging_mixin.py:190} INFO - [2025-09-27T23:40:03.440+0100] {dagbag.py:588} INFO - Filling up the DagBag from /home/engineer/project/airflow_env/lib/python3.12/site-packages/airflow/example_dags/example_latest_only_with_trigger.py
[2025-09-27T23:40:03.448+0100] {processor.py:925} INFO - DAG(s) 'latest_only_with_trigger' retrieved from /home/engineer/project/airflow_env/lib/python3.12/site-packages/airflow/example_dags/example_latest_only_with_trigger.py
[2025-09-27T23:40:03.463+0100] {logging_mixin.py:190} INFO - [2025-09-27T23:40:03.462+0100] {dag.py:3239} INFO - Sync 1 DAGs
[2025-09-27T23:40:03.477+0100] {logging_mixin.py:190} INFO - [2025-09-27T23:40:03.477+0100] {dag.py:4180} INFO - Setting next_dagrun for latest_only_with_trigger to 2025-09-27 16:00:00+00:00, run_after=2025-09-27 20:00:00+00:00
[2025-09-27T23:40:03.493+0100] {processor.py:208} INFO - Processing /home/engineer/project/airflow_env/lib/python3.12/site-packages/airflow/example_dags/example_latest_only_with_trigger.py took 0.066 seconds
[2025-09-27T23:40:52.554+0100] {processor.py:186} INFO - Started process (PID=23908) to work on /home/engineer/project/airflow_env/lib/python3.12/site-packages/airflow/example_dags/example_latest_only_with_trigger.py
[2025-09-27T23:40:52.555+0100] {processor.py:914} INFO - Processing file /home/engineer/project/airflow_env/lib/python3.12/site-packages/airflow/example_dags/example_latest_only_with_trigger.py for tasks to queue
[2025-09-27T23:40:52.557+0100] {logging_mixin.py:190} INFO - [2025-09-27T23:40:52.556+0100] {dagbag.py:588} INFO - Filling up the DagBag from /home/engineer/project/airflow_env/lib/python3.12/site-packages/airflow/example_dags/example_latest_only_with_trigger.py
[2025-09-27T23:40:52.565+0100] {processor.py:925} INFO - DAG(s) 'latest_only_with_trigger' retrieved from /home/engineer/project/airflow_env/lib/python3.12/site-packages/airflow/example_dags/example_latest_only_with_trigger.py
[2025-09-27T23:40:52.583+0100] {logging_mixin.py:190} INFO - [2025-09-27T23:40:52.582+0100] {dag.py:3239} INFO - Sync 1 DAGs
[2025-09-27T23:40:52.604+0100] {logging_mixin.py:190} INFO - [2025-09-27T23:40:52.604+0100] {dag.py:4180} INFO - Setting next_dagrun for latest_only_with_trigger to 2025-09-27 16:00:00+00:00, run_after=2025-09-27 20:00:00+00:00
[2025-09-27T23:40:52.624+0100] {processor.py:208} INFO - Processing /home/engineer/project/airflow_env/lib/python3.12/site-packages/airflow/example_dags/example_latest_only_with_trigger.py took 0.077 seconds
[2025-09-27T23:41:42.312+0100] {processor.py:186} INFO - Started process (PID=24105) to work on /home/engineer/project/airflow_env/lib/python3.12/site-packages/airflow/example_dags/example_latest_only_with_trigger.py
[2025-09-27T23:41:42.319+0100] {processor.py:914} INFO - Processing file /home/engineer/project/airflow_env/lib/python3.12/site-packages/airflow/example_dags/example_latest_only_with_trigger.py for tasks to queue
[2025-09-27T23:41:42.320+0100] {logging_mixin.py:190} INFO - [2025-09-27T23:41:42.319+0100] {dagbag.py:588} INFO - Filling up the DagBag from /home/engineer/project/airflow_env/lib/python3.12/site-packages/airflow/example_dags/example_latest_only_with_trigger.py
[2025-09-27T23:41:42.325+0100] {processor.py:925} INFO - DAG(s) 'latest_only_with_trigger' retrieved from /home/engineer/project/airflow_env/lib/python3.12/site-packages/airflow/example_dags/example_latest_only_with_trigger.py
[2025-09-27T23:41:42.338+0100] {logging_mixin.py:190} INFO - [2025-09-27T23:41:42.338+0100] {dag.py:3239} INFO - Sync 1 DAGs
[2025-09-27T23:41:42.353+0100] {logging_mixin.py:190} INFO - [2025-09-27T23:41:42.353+0100] {dag.py:4180} INFO - Setting next_dagrun for latest_only_with_trigger to 2025-09-27 16:00:00+00:00, run_after=2025-09-27 20:00:00+00:00
[2025-09-27T23:41:42.370+0100] {processor.py:208} INFO - Processing /home/engineer/project/airflow_env/lib/python3.12/site-packages/airflow/example_dags/example_latest_only_with_trigger.py took 0.062 seconds
[2025-09-27T23:42:33.033+0100] {processor.py:186} INFO - Started process (PID=24331) to work on /home/engineer/project/airflow_env/lib/python3.12/site-packages/airflow/example_dags/example_latest_only_with_trigger.py
[2025-09-27T23:42:33.041+0100] {processor.py:914} INFO - Processing file /home/engineer/project/airflow_env/lib/python3.12/site-packages/airflow/example_dags/example_latest_only_with_trigger.py for tasks to queue
[2025-09-27T23:42:33.042+0100] {logging_mixin.py:190} INFO - [2025-09-27T23:42:33.042+0100] {dagbag.py:588} INFO - Filling up the DagBag from /home/engineer/project/airflow_env/lib/python3.12/site-packages/airflow/example_dags/example_latest_only_with_trigger.py
[2025-09-27T23:42:33.051+0100] {processor.py:925} INFO - DAG(s) 'latest_only_with_trigger' retrieved from /home/engineer/project/airflow_env/lib/python3.12/site-packages/airflow/example_dags/example_latest_only_with_trigger.py
[2025-09-27T23:42:33.070+0100] {logging_mixin.py:190} INFO - [2025-09-27T23:42:33.070+0100] {dag.py:3239} INFO - Sync 1 DAGs
[2025-09-27T23:42:33.090+0100] {logging_mixin.py:190} INFO - [2025-09-27T23:42:33.090+0100] {dag.py:4180} INFO - Setting next_dagrun for latest_only_with_trigger to 2025-09-27 16:00:00+00:00, run_after=2025-09-27 20:00:00+00:00
[2025-09-27T23:42:33.114+0100] {processor.py:208} INFO - Processing /home/engineer/project/airflow_env/lib/python3.12/site-packages/airflow/example_dags/example_latest_only_with_trigger.py took 0.088 seconds
[2025-09-27T23:43:25.263+0100] {processor.py:186} INFO - Started process (PID=24594) to work on /home/engineer/project/airflow_env/lib/python3.12/site-packages/airflow/example_dags/example_latest_only_with_trigger.py
[2025-09-27T23:43:25.265+0100] {processor.py:914} INFO - Processing file /home/engineer/project/airflow_env/lib/python3.12/site-packages/airflow/example_dags/example_latest_only_with_trigger.py for tasks to queue
[2025-09-27T23:43:25.265+0100] {logging_mixin.py:190} INFO - [2025-09-27T23:43:25.265+0100] {dagbag.py:588} INFO - Filling up the DagBag from /home/engineer/project/airflow_env/lib/python3.12/site-packages/airflow/example_dags/example_latest_only_with_trigger.py
[2025-09-27T23:43:25.273+0100] {processor.py:925} INFO - DAG(s) 'latest_only_with_trigger' retrieved from /home/engineer/project/airflow_env/lib/python3.12/site-packages/airflow/example_dags/example_latest_only_with_trigger.py
[2025-09-27T23:43:25.285+0100] {logging_mixin.py:190} INFO - [2025-09-27T23:43:25.285+0100] {dag.py:3239} INFO - Sync 1 DAGs
[2025-09-27T23:43:25.299+0100] {logging_mixin.py:190} INFO - [2025-09-27T23:43:25.299+0100] {dag.py:4180} INFO - Setting next_dagrun for latest_only_with_trigger to 2025-09-27 16:00:00+00:00, run_after=2025-09-27 20:00:00+00:00
[2025-09-27T23:43:25.314+0100] {processor.py:208} INFO - Processing /home/engineer/project/airflow_env/lib/python3.12/site-packages/airflow/example_dags/example_latest_only_with_trigger.py took 0.054 seconds
[2025-09-27T23:44:15.542+0100] {processor.py:186} INFO - Started process (PID=24909) to work on /home/engineer/project/airflow_env/lib/python3.12/site-packages/airflow/example_dags/example_latest_only_with_trigger.py
[2025-09-27T23:44:15.544+0100] {processor.py:914} INFO - Processing file /home/engineer/project/airflow_env/lib/python3.12/site-packages/airflow/example_dags/example_latest_only_with_trigger.py for tasks to queue
[2025-09-27T23:44:15.545+0100] {logging_mixin.py:190} INFO - [2025-09-27T23:44:15.545+0100] {dagbag.py:588} INFO - Filling up the DagBag from /home/engineer/project/airflow_env/lib/python3.12/site-packages/airflow/example_dags/example_latest_only_with_trigger.py
[2025-09-27T23:44:15.552+0100] {processor.py:925} INFO - DAG(s) 'latest_only_with_trigger' retrieved from /home/engineer/project/airflow_env/lib/python3.12/site-packages/airflow/example_dags/example_latest_only_with_trigger.py
[2025-09-27T23:44:15.565+0100] {logging_mixin.py:190} INFO - [2025-09-27T23:44:15.565+0100] {dag.py:3239} INFO - Sync 1 DAGs
[2025-09-27T23:44:15.580+0100] {logging_mixin.py:190} INFO - [2025-09-27T23:44:15.579+0100] {dag.py:4180} INFO - Setting next_dagrun for latest_only_with_trigger to 2025-09-27 16:00:00+00:00, run_after=2025-09-27 20:00:00+00:00
[2025-09-27T23:44:15.599+0100] {processor.py:208} INFO - Processing /home/engineer/project/airflow_env/lib/python3.12/site-packages/airflow/example_dags/example_latest_only_with_trigger.py took 0.061 seconds
