[2025-09-27T23:26:36.619+0100] {processor.py:186} INFO - Started process (PID=19831) to work on /home/engineer/project/airflow_env/lib/python3.12/site-packages/airflow/example_dags/example_task_group_decorator.py
[2025-09-27T23:26:36.620+0100] {processor.py:914} INFO - Processing file /home/engineer/project/airflow_env/lib/python3.12/site-packages/airflow/example_dags/example_task_group_decorator.py for tasks to queue
[2025-09-27T23:26:36.621+0100] {logging_mixin.py:190} INFO - [2025-09-27T23:26:36.621+0100] {dagbag.py:588} INFO - Filling up the DagBag from /home/engineer/project/airflow_env/lib/python3.12/site-packages/airflow/example_dags/example_task_group_decorator.py
[2025-09-27T23:26:36.630+0100] {processor.py:925} INFO - DAG(s) 'example_task_group_decorator' retrieved from /home/engineer/project/airflow_env/lib/python3.12/site-packages/airflow/example_dags/example_task_group_decorator.py
[2025-09-27T23:26:36.711+0100] {logging_mixin.py:190} INFO - [2025-09-27T23:26:36.710+0100] {override.py:1900} INFO - Created Permission View: can delete on DAG:example_task_group_decorator
[2025-09-27T23:26:36.722+0100] {logging_mixin.py:190} INFO - [2025-09-27T23:26:36.721+0100] {override.py:1900} INFO - Created Permission View: can read on DAG:example_task_group_decorator
[2025-09-27T23:26:36.728+0100] {logging_mixin.py:190} INFO - [2025-09-27T23:26:36.727+0100] {override.py:1900} INFO - Created Permission View: can edit on DAG:example_task_group_decorator
[2025-09-27T23:26:36.740+0100] {logging_mixin.py:190} INFO - [2025-09-27T23:26:36.740+0100] {override.py:1900} INFO - Created Permission View: can delete on DAG Run:example_task_group_decorator
[2025-09-27T23:26:36.748+0100] {logging_mixin.py:190} INFO - [2025-09-27T23:26:36.747+0100] {override.py:1900} INFO - Created Permission View: can read on DAG Run:example_task_group_decorator
[2025-09-27T23:26:36.755+0100] {logging_mixin.py:190} INFO - [2025-09-27T23:26:36.755+0100] {override.py:1900} INFO - Created Permission View: can create on DAG Run:example_task_group_decorator
[2025-09-27T23:26:36.760+0100] {logging_mixin.py:190} INFO - [2025-09-27T23:26:36.760+0100] {override.py:1900} INFO - Created Permission View: menu access on DAG Run:example_task_group_decorator
[2025-09-27T23:26:36.761+0100] {logging_mixin.py:190} INFO - [2025-09-27T23:26:36.761+0100] {dag.py:3239} INFO - Sync 1 DAGs
[2025-09-27T23:26:36.770+0100] {logging_mixin.py:190} INFO - [2025-09-27T23:26:36.770+0100] {dag.py:3262} INFO - Creating ORM DAG for example_task_group_decorator
[2025-09-27T23:26:36.771+0100] {logging_mixin.py:190} INFO - [2025-09-27T23:26:36.771+0100] {dag.py:4180} INFO - Setting next_dagrun for example_task_group_decorator to None, run_after=None
[2025-09-27T23:26:36.788+0100] {processor.py:208} INFO - Processing /home/engineer/project/airflow_env/lib/python3.12/site-packages/airflow/example_dags/example_task_group_decorator.py took 0.173 seconds
[2025-09-27T23:27:36.222+0100] {processor.py:186} INFO - Started process (PID=20061) to work on /home/engineer/project/airflow_env/lib/python3.12/site-packages/airflow/example_dags/example_task_group_decorator.py
[2025-09-27T23:27:36.223+0100] {processor.py:914} INFO - Processing file /home/engineer/project/airflow_env/lib/python3.12/site-packages/airflow/example_dags/example_task_group_decorator.py for tasks to queue
[2025-09-27T23:27:36.224+0100] {logging_mixin.py:190} INFO - [2025-09-27T23:27:36.224+0100] {dagbag.py:588} INFO - Filling up the DagBag from /home/engineer/project/airflow_env/lib/python3.12/site-packages/airflow/example_dags/example_task_group_decorator.py
[2025-09-27T23:27:36.234+0100] {processor.py:925} INFO - DAG(s) 'example_task_group_decorator' retrieved from /home/engineer/project/airflow_env/lib/python3.12/site-packages/airflow/example_dags/example_task_group_decorator.py
[2025-09-27T23:27:36.246+0100] {logging_mixin.py:190} INFO - [2025-09-27T23:27:36.246+0100] {dag.py:3239} INFO - Sync 1 DAGs
[2025-09-27T23:27:36.254+0100] {logging_mixin.py:190} INFO - [2025-09-27T23:27:36.254+0100] {dag.py:4180} INFO - Setting next_dagrun for example_task_group_decorator to None, run_after=None
[2025-09-27T23:27:36.269+0100] {processor.py:208} INFO - Processing /home/engineer/project/airflow_env/lib/python3.12/site-packages/airflow/example_dags/example_task_group_decorator.py took 0.051 seconds
[2025-09-27T23:28:29.181+0100] {processor.py:186} INFO - Started process (PID=20333) to work on /home/engineer/project/airflow_env/lib/python3.12/site-packages/airflow/example_dags/example_task_group_decorator.py
[2025-09-27T23:28:29.188+0100] {processor.py:914} INFO - Processing file /home/engineer/project/airflow_env/lib/python3.12/site-packages/airflow/example_dags/example_task_group_decorator.py for tasks to queue
[2025-09-27T23:28:29.189+0100] {logging_mixin.py:190} INFO - [2025-09-27T23:28:29.189+0100] {dagbag.py:588} INFO - Filling up the DagBag from /home/engineer/project/airflow_env/lib/python3.12/site-packages/airflow/example_dags/example_task_group_decorator.py
[2025-09-27T23:28:29.199+0100] {processor.py:925} INFO - DAG(s) 'example_task_group_decorator' retrieved from /home/engineer/project/airflow_env/lib/python3.12/site-packages/airflow/example_dags/example_task_group_decorator.py
[2025-09-27T23:28:29.212+0100] {logging_mixin.py:190} INFO - [2025-09-27T23:28:29.211+0100] {dag.py:3239} INFO - Sync 1 DAGs
[2025-09-27T23:28:29.219+0100] {logging_mixin.py:190} INFO - [2025-09-27T23:28:29.219+0100] {dag.py:4180} INFO - Setting next_dagrun for example_task_group_decorator to None, run_after=None
[2025-09-27T23:28:29.234+0100] {processor.py:208} INFO - Processing /home/engineer/project/airflow_env/lib/python3.12/site-packages/airflow/example_dags/example_task_group_decorator.py took 0.057 seconds
[2025-09-27T23:29:17.406+0100] {processor.py:186} INFO - Started process (PID=20521) to work on /home/engineer/project/airflow_env/lib/python3.12/site-packages/airflow/example_dags/example_task_group_decorator.py
[2025-09-27T23:29:17.407+0100] {processor.py:914} INFO - Processing file /home/engineer/project/airflow_env/lib/python3.12/site-packages/airflow/example_dags/example_task_group_decorator.py for tasks to queue
[2025-09-27T23:29:17.408+0100] {logging_mixin.py:190} INFO - [2025-09-27T23:29:17.408+0100] {dagbag.py:588} INFO - Filling up the DagBag from /home/engineer/project/airflow_env/lib/python3.12/site-packages/airflow/example_dags/example_task_group_decorator.py
[2025-09-27T23:29:17.426+0100] {processor.py:925} INFO - DAG(s) 'example_task_group_decorator' retrieved from /home/engineer/project/airflow_env/lib/python3.12/site-packages/airflow/example_dags/example_task_group_decorator.py
[2025-09-27T23:29:17.450+0100] {logging_mixin.py:190} INFO - [2025-09-27T23:29:17.449+0100] {dag.py:3239} INFO - Sync 1 DAGs
[2025-09-27T23:29:17.461+0100] {logging_mixin.py:190} INFO - [2025-09-27T23:29:17.461+0100] {dag.py:4180} INFO - Setting next_dagrun for example_task_group_decorator to None, run_after=None
[2025-09-27T23:29:17.482+0100] {processor.py:208} INFO - Processing /home/engineer/project/airflow_env/lib/python3.12/site-packages/airflow/example_dags/example_task_group_decorator.py took 0.081 seconds
[2025-09-27T23:30:09.202+0100] {processor.py:186} INFO - Started process (PID=20734) to work on /home/engineer/project/airflow_env/lib/python3.12/site-packages/airflow/example_dags/example_task_group_decorator.py
[2025-09-27T23:30:09.203+0100] {processor.py:914} INFO - Processing file /home/engineer/project/airflow_env/lib/python3.12/site-packages/airflow/example_dags/example_task_group_decorator.py for tasks to queue
[2025-09-27T23:30:09.204+0100] {logging_mixin.py:190} INFO - [2025-09-27T23:30:09.204+0100] {dagbag.py:588} INFO - Filling up the DagBag from /home/engineer/project/airflow_env/lib/python3.12/site-packages/airflow/example_dags/example_task_group_decorator.py
[2025-09-27T23:30:09.214+0100] {processor.py:925} INFO - DAG(s) 'example_task_group_decorator' retrieved from /home/engineer/project/airflow_env/lib/python3.12/site-packages/airflow/example_dags/example_task_group_decorator.py
[2025-09-27T23:30:09.231+0100] {logging_mixin.py:190} INFO - [2025-09-27T23:30:09.231+0100] {dag.py:3239} INFO - Sync 1 DAGs
[2025-09-27T23:30:09.240+0100] {logging_mixin.py:190} INFO - [2025-09-27T23:30:09.240+0100] {dag.py:4180} INFO - Setting next_dagrun for example_task_group_decorator to None, run_after=None
[2025-09-27T23:30:09.259+0100] {processor.py:208} INFO - Processing /home/engineer/project/airflow_env/lib/python3.12/site-packages/airflow/example_dags/example_task_group_decorator.py took 0.062 seconds
[2025-09-27T23:30:56.839+0100] {processor.py:186} INFO - Started process (PID=21182) to work on /home/engineer/project/airflow_env/lib/python3.12/site-packages/airflow/example_dags/example_task_group_decorator.py
[2025-09-27T23:30:56.840+0100] {processor.py:914} INFO - Processing file /home/engineer/project/airflow_env/lib/python3.12/site-packages/airflow/example_dags/example_task_group_decorator.py for tasks to queue
[2025-09-27T23:30:56.842+0100] {logging_mixin.py:190} INFO - [2025-09-27T23:30:56.842+0100] {dagbag.py:588} INFO - Filling up the DagBag from /home/engineer/project/airflow_env/lib/python3.12/site-packages/airflow/example_dags/example_task_group_decorator.py
[2025-09-27T23:30:56.856+0100] {processor.py:925} INFO - DAG(s) 'example_task_group_decorator' retrieved from /home/engineer/project/airflow_env/lib/python3.12/site-packages/airflow/example_dags/example_task_group_decorator.py
[2025-09-27T23:30:56.875+0100] {logging_mixin.py:190} INFO - [2025-09-27T23:30:56.874+0100] {dag.py:3239} INFO - Sync 1 DAGs
[2025-09-27T23:30:56.886+0100] {logging_mixin.py:190} INFO - [2025-09-27T23:30:56.885+0100] {dag.py:4180} INFO - Setting next_dagrun for example_task_group_decorator to None, run_after=None
[2025-09-27T23:30:56.905+0100] {processor.py:208} INFO - Processing /home/engineer/project/airflow_env/lib/python3.12/site-packages/airflow/example_dags/example_task_group_decorator.py took 0.071 seconds
[2025-09-27T23:31:50.892+0100] {processor.py:186} INFO - Started process (PID=21743) to work on /home/engineer/project/airflow_env/lib/python3.12/site-packages/airflow/example_dags/example_task_group_decorator.py
[2025-09-27T23:31:50.900+0100] {processor.py:914} INFO - Processing file /home/engineer/project/airflow_env/lib/python3.12/site-packages/airflow/example_dags/example_task_group_decorator.py for tasks to queue
[2025-09-27T23:31:50.901+0100] {logging_mixin.py:190} INFO - [2025-09-27T23:31:50.901+0100] {dagbag.py:588} INFO - Filling up the DagBag from /home/engineer/project/airflow_env/lib/python3.12/site-packages/airflow/example_dags/example_task_group_decorator.py
[2025-09-27T23:31:50.913+0100] {processor.py:925} INFO - DAG(s) 'example_task_group_decorator' retrieved from /home/engineer/project/airflow_env/lib/python3.12/site-packages/airflow/example_dags/example_task_group_decorator.py
[2025-09-27T23:31:50.928+0100] {logging_mixin.py:190} INFO - [2025-09-27T23:31:50.928+0100] {dag.py:3239} INFO - Sync 1 DAGs
[2025-09-27T23:31:50.937+0100] {logging_mixin.py:190} INFO - [2025-09-27T23:31:50.937+0100] {dag.py:4180} INFO - Setting next_dagrun for example_task_group_decorator to None, run_after=None
[2025-09-27T23:31:50.953+0100] {processor.py:208} INFO - Processing /home/engineer/project/airflow_env/lib/python3.12/site-packages/airflow/example_dags/example_task_group_decorator.py took 0.067 seconds
[2025-09-27T23:32:42.540+0100] {processor.py:186} INFO - Started process (PID=22031) to work on /home/engineer/project/airflow_env/lib/python3.12/site-packages/airflow/example_dags/example_task_group_decorator.py
[2025-09-27T23:32:42.547+0100] {processor.py:914} INFO - Processing file /home/engineer/project/airflow_env/lib/python3.12/site-packages/airflow/example_dags/example_task_group_decorator.py for tasks to queue
[2025-09-27T23:32:42.549+0100] {logging_mixin.py:190} INFO - [2025-09-27T23:32:42.549+0100] {dagbag.py:588} INFO - Filling up the DagBag from /home/engineer/project/airflow_env/lib/python3.12/site-packages/airflow/example_dags/example_task_group_decorator.py
[2025-09-27T23:32:42.559+0100] {processor.py:925} INFO - DAG(s) 'example_task_group_decorator' retrieved from /home/engineer/project/airflow_env/lib/python3.12/site-packages/airflow/example_dags/example_task_group_decorator.py
[2025-09-27T23:32:42.573+0100] {logging_mixin.py:190} INFO - [2025-09-27T23:32:42.573+0100] {dag.py:3239} INFO - Sync 1 DAGs
[2025-09-27T23:32:42.582+0100] {logging_mixin.py:190} INFO - [2025-09-27T23:32:42.581+0100] {dag.py:4180} INFO - Setting next_dagrun for example_task_group_decorator to None, run_after=None
[2025-09-27T23:32:42.598+0100] {processor.py:208} INFO - Processing /home/engineer/project/airflow_env/lib/python3.12/site-packages/airflow/example_dags/example_task_group_decorator.py took 0.062 seconds
[2025-09-27T23:33:29.898+0100] {processor.py:186} INFO - Started process (PID=22218) to work on /home/engineer/project/airflow_env/lib/python3.12/site-packages/airflow/example_dags/example_task_group_decorator.py
[2025-09-27T23:33:29.905+0100] {processor.py:914} INFO - Processing file /home/engineer/project/airflow_env/lib/python3.12/site-packages/airflow/example_dags/example_task_group_decorator.py for tasks to queue
[2025-09-27T23:33:29.907+0100] {logging_mixin.py:190} INFO - [2025-09-27T23:33:29.906+0100] {dagbag.py:588} INFO - Filling up the DagBag from /home/engineer/project/airflow_env/lib/python3.12/site-packages/airflow/example_dags/example_task_group_decorator.py
[2025-09-27T23:33:29.917+0100] {processor.py:925} INFO - DAG(s) 'example_task_group_decorator' retrieved from /home/engineer/project/airflow_env/lib/python3.12/site-packages/airflow/example_dags/example_task_group_decorator.py
[2025-09-27T23:33:29.930+0100] {logging_mixin.py:190} INFO - [2025-09-27T23:33:29.930+0100] {dag.py:3239} INFO - Sync 1 DAGs
[2025-09-27T23:33:29.938+0100] {logging_mixin.py:190} INFO - [2025-09-27T23:33:29.938+0100] {dag.py:4180} INFO - Setting next_dagrun for example_task_group_decorator to None, run_after=None
[2025-09-27T23:33:29.954+0100] {processor.py:208} INFO - Processing /home/engineer/project/airflow_env/lib/python3.12/site-packages/airflow/example_dags/example_task_group_decorator.py took 0.059 seconds
[2025-09-27T23:34:19.681+0100] {processor.py:186} INFO - Started process (PID=22420) to work on /home/engineer/project/airflow_env/lib/python3.12/site-packages/airflow/example_dags/example_task_group_decorator.py
[2025-09-27T23:34:19.683+0100] {processor.py:914} INFO - Processing file /home/engineer/project/airflow_env/lib/python3.12/site-packages/airflow/example_dags/example_task_group_decorator.py for tasks to queue
[2025-09-27T23:34:19.685+0100] {logging_mixin.py:190} INFO - [2025-09-27T23:34:19.685+0100] {dagbag.py:588} INFO - Filling up the DagBag from /home/engineer/project/airflow_env/lib/python3.12/site-packages/airflow/example_dags/example_task_group_decorator.py
[2025-09-27T23:34:19.698+0100] {processor.py:925} INFO - DAG(s) 'example_task_group_decorator' retrieved from /home/engineer/project/airflow_env/lib/python3.12/site-packages/airflow/example_dags/example_task_group_decorator.py
[2025-09-27T23:34:19.713+0100] {logging_mixin.py:190} INFO - [2025-09-27T23:34:19.713+0100] {dag.py:3239} INFO - Sync 1 DAGs
[2025-09-27T23:34:19.723+0100] {logging_mixin.py:190} INFO - [2025-09-27T23:34:19.722+0100] {dag.py:4180} INFO - Setting next_dagrun for example_task_group_decorator to None, run_after=None
[2025-09-27T23:34:19.744+0100] {processor.py:208} INFO - Processing /home/engineer/project/airflow_env/lib/python3.12/site-packages/airflow/example_dags/example_task_group_decorator.py took 0.068 seconds
[2025-09-27T23:35:09.337+0100] {processor.py:186} INFO - Started process (PID=22615) to work on /home/engineer/project/airflow_env/lib/python3.12/site-packages/airflow/example_dags/example_task_group_decorator.py
[2025-09-27T23:35:09.338+0100] {processor.py:914} INFO - Processing file /home/engineer/project/airflow_env/lib/python3.12/site-packages/airflow/example_dags/example_task_group_decorator.py for tasks to queue
[2025-09-27T23:35:09.340+0100] {logging_mixin.py:190} INFO - [2025-09-27T23:35:09.339+0100] {dagbag.py:588} INFO - Filling up the DagBag from /home/engineer/project/airflow_env/lib/python3.12/site-packages/airflow/example_dags/example_task_group_decorator.py
[2025-09-27T23:35:09.350+0100] {processor.py:925} INFO - DAG(s) 'example_task_group_decorator' retrieved from /home/engineer/project/airflow_env/lib/python3.12/site-packages/airflow/example_dags/example_task_group_decorator.py
[2025-09-27T23:35:09.363+0100] {logging_mixin.py:190} INFO - [2025-09-27T23:35:09.363+0100] {dag.py:3239} INFO - Sync 1 DAGs
[2025-09-27T23:35:09.371+0100] {logging_mixin.py:190} INFO - [2025-09-27T23:35:09.371+0100] {dag.py:4180} INFO - Setting next_dagrun for example_task_group_decorator to None, run_after=None
[2025-09-27T23:35:09.388+0100] {processor.py:208} INFO - Processing /home/engineer/project/airflow_env/lib/python3.12/site-packages/airflow/example_dags/example_task_group_decorator.py took 0.055 seconds
[2025-09-27T23:35:57.351+0100] {processor.py:186} INFO - Started process (PID=22803) to work on /home/engineer/project/airflow_env/lib/python3.12/site-packages/airflow/example_dags/example_task_group_decorator.py
[2025-09-27T23:35:57.352+0100] {processor.py:914} INFO - Processing file /home/engineer/project/airflow_env/lib/python3.12/site-packages/airflow/example_dags/example_task_group_decorator.py for tasks to queue
[2025-09-27T23:35:57.354+0100] {logging_mixin.py:190} INFO - [2025-09-27T23:35:57.354+0100] {dagbag.py:588} INFO - Filling up the DagBag from /home/engineer/project/airflow_env/lib/python3.12/site-packages/airflow/example_dags/example_task_group_decorator.py
[2025-09-27T23:35:57.365+0100] {processor.py:925} INFO - DAG(s) 'example_task_group_decorator' retrieved from /home/engineer/project/airflow_env/lib/python3.12/site-packages/airflow/example_dags/example_task_group_decorator.py
[2025-09-27T23:35:57.378+0100] {logging_mixin.py:190} INFO - [2025-09-27T23:35:57.378+0100] {dag.py:3239} INFO - Sync 1 DAGs
[2025-09-27T23:35:57.386+0100] {logging_mixin.py:190} INFO - [2025-09-27T23:35:57.386+0100] {dag.py:4180} INFO - Setting next_dagrun for example_task_group_decorator to None, run_after=None
[2025-09-27T23:35:57.404+0100] {processor.py:208} INFO - Processing /home/engineer/project/airflow_env/lib/python3.12/site-packages/airflow/example_dags/example_task_group_decorator.py took 0.057 seconds
[2025-09-27T23:36:46.846+0100] {processor.py:186} INFO - Started process (PID=23029) to work on /home/engineer/project/airflow_env/lib/python3.12/site-packages/airflow/example_dags/example_task_group_decorator.py
[2025-09-27T23:36:46.853+0100] {processor.py:914} INFO - Processing file /home/engineer/project/airflow_env/lib/python3.12/site-packages/airflow/example_dags/example_task_group_decorator.py for tasks to queue
[2025-09-27T23:36:46.854+0100] {logging_mixin.py:190} INFO - [2025-09-27T23:36:46.854+0100] {dagbag.py:588} INFO - Filling up the DagBag from /home/engineer/project/airflow_env/lib/python3.12/site-packages/airflow/example_dags/example_task_group_decorator.py
[2025-09-27T23:36:46.865+0100] {processor.py:925} INFO - DAG(s) 'example_task_group_decorator' retrieved from /home/engineer/project/airflow_env/lib/python3.12/site-packages/airflow/example_dags/example_task_group_decorator.py
[2025-09-27T23:36:46.878+0100] {logging_mixin.py:190} INFO - [2025-09-27T23:36:46.878+0100] {dag.py:3239} INFO - Sync 1 DAGs
[2025-09-27T23:36:46.887+0100] {logging_mixin.py:190} INFO - [2025-09-27T23:36:46.887+0100] {dag.py:4180} INFO - Setting next_dagrun for example_task_group_decorator to None, run_after=None
[2025-09-27T23:36:46.902+0100] {processor.py:208} INFO - Processing /home/engineer/project/airflow_env/lib/python3.12/site-packages/airflow/example_dags/example_task_group_decorator.py took 0.060 seconds
[2025-09-27T23:37:34.213+0100] {processor.py:186} INFO - Started process (PID=23218) to work on /home/engineer/project/airflow_env/lib/python3.12/site-packages/airflow/example_dags/example_task_group_decorator.py
[2025-09-27T23:37:34.220+0100] {processor.py:914} INFO - Processing file /home/engineer/project/airflow_env/lib/python3.12/site-packages/airflow/example_dags/example_task_group_decorator.py for tasks to queue
[2025-09-27T23:37:34.221+0100] {logging_mixin.py:190} INFO - [2025-09-27T23:37:34.220+0100] {dagbag.py:588} INFO - Filling up the DagBag from /home/engineer/project/airflow_env/lib/python3.12/site-packages/airflow/example_dags/example_task_group_decorator.py
[2025-09-27T23:37:34.231+0100] {processor.py:925} INFO - DAG(s) 'example_task_group_decorator' retrieved from /home/engineer/project/airflow_env/lib/python3.12/site-packages/airflow/example_dags/example_task_group_decorator.py
[2025-09-27T23:37:34.244+0100] {logging_mixin.py:190} INFO - [2025-09-27T23:37:34.244+0100] {dag.py:3239} INFO - Sync 1 DAGs
[2025-09-27T23:37:34.253+0100] {logging_mixin.py:190} INFO - [2025-09-27T23:37:34.253+0100] {dag.py:4180} INFO - Setting next_dagrun for example_task_group_decorator to None, run_after=None
[2025-09-27T23:37:34.268+0100] {processor.py:208} INFO - Processing /home/engineer/project/airflow_env/lib/python3.12/site-packages/airflow/example_dags/example_task_group_decorator.py took 0.059 seconds
[2025-09-27T23:38:52.663+0100] {processor.py:186} INFO - Started process (PID=23428) to work on /home/engineer/project/airflow_env/lib/python3.12/site-packages/airflow/example_dags/example_task_group_decorator.py
[2025-09-27T23:38:52.665+0100] {processor.py:914} INFO - Processing file /home/engineer/project/airflow_env/lib/python3.12/site-packages/airflow/example_dags/example_task_group_decorator.py for tasks to queue
[2025-09-27T23:38:52.666+0100] {logging_mixin.py:190} INFO - [2025-09-27T23:38:52.665+0100] {dagbag.py:588} INFO - Filling up the DagBag from /home/engineer/project/airflow_env/lib/python3.12/site-packages/airflow/example_dags/example_task_group_decorator.py
[2025-09-27T23:38:52.678+0100] {processor.py:925} INFO - DAG(s) 'example_task_group_decorator' retrieved from /home/engineer/project/airflow_env/lib/python3.12/site-packages/airflow/example_dags/example_task_group_decorator.py
[2025-09-27T23:38:52.692+0100] {logging_mixin.py:190} INFO - [2025-09-27T23:38:52.692+0100] {dag.py:3239} INFO - Sync 1 DAGs
[2025-09-27T23:38:52.703+0100] {logging_mixin.py:190} INFO - [2025-09-27T23:38:52.703+0100] {dag.py:4180} INFO - Setting next_dagrun for example_task_group_decorator to None, run_after=None
[2025-09-27T23:38:52.720+0100] {processor.py:208} INFO - Processing /home/engineer/project/airflow_env/lib/python3.12/site-packages/airflow/example_dags/example_task_group_decorator.py took 0.063 seconds
[2025-09-27T23:39:41.757+0100] {processor.py:186} INFO - Started process (PID=23623) to work on /home/engineer/project/airflow_env/lib/python3.12/site-packages/airflow/example_dags/example_task_group_decorator.py
[2025-09-27T23:39:41.764+0100] {processor.py:914} INFO - Processing file /home/engineer/project/airflow_env/lib/python3.12/site-packages/airflow/example_dags/example_task_group_decorator.py for tasks to queue
[2025-09-27T23:39:41.765+0100] {logging_mixin.py:190} INFO - [2025-09-27T23:39:41.765+0100] {dagbag.py:588} INFO - Filling up the DagBag from /home/engineer/project/airflow_env/lib/python3.12/site-packages/airflow/example_dags/example_task_group_decorator.py
[2025-09-27T23:39:41.784+0100] {processor.py:925} INFO - DAG(s) 'example_task_group_decorator' retrieved from /home/engineer/project/airflow_env/lib/python3.12/site-packages/airflow/example_dags/example_task_group_decorator.py
[2025-09-27T23:39:41.803+0100] {logging_mixin.py:190} INFO - [2025-09-27T23:39:41.803+0100] {dag.py:3239} INFO - Sync 1 DAGs
[2025-09-27T23:39:41.815+0100] {logging_mixin.py:190} INFO - [2025-09-27T23:39:41.814+0100] {dag.py:4180} INFO - Setting next_dagrun for example_task_group_decorator to None, run_after=None
[2025-09-27T23:39:41.839+0100] {processor.py:208} INFO - Processing /home/engineer/project/airflow_env/lib/python3.12/site-packages/airflow/example_dags/example_task_group_decorator.py took 0.089 seconds
[2025-09-27T23:40:30.824+0100] {processor.py:186} INFO - Started process (PID=23819) to work on /home/engineer/project/airflow_env/lib/python3.12/site-packages/airflow/example_dags/example_task_group_decorator.py
[2025-09-27T23:40:30.831+0100] {processor.py:914} INFO - Processing file /home/engineer/project/airflow_env/lib/python3.12/site-packages/airflow/example_dags/example_task_group_decorator.py for tasks to queue
[2025-09-27T23:40:30.833+0100] {logging_mixin.py:190} INFO - [2025-09-27T23:40:30.833+0100] {dagbag.py:588} INFO - Filling up the DagBag from /home/engineer/project/airflow_env/lib/python3.12/site-packages/airflow/example_dags/example_task_group_decorator.py
[2025-09-27T23:40:30.853+0100] {processor.py:925} INFO - DAG(s) 'example_task_group_decorator' retrieved from /home/engineer/project/airflow_env/lib/python3.12/site-packages/airflow/example_dags/example_task_group_decorator.py
[2025-09-27T23:40:30.874+0100] {logging_mixin.py:190} INFO - [2025-09-27T23:40:30.874+0100] {dag.py:3239} INFO - Sync 1 DAGs
[2025-09-27T23:40:30.891+0100] {logging_mixin.py:190} INFO - [2025-09-27T23:40:30.890+0100] {dag.py:4180} INFO - Setting next_dagrun for example_task_group_decorator to None, run_after=None
[2025-09-27T23:40:30.912+0100] {processor.py:208} INFO - Processing /home/engineer/project/airflow_env/lib/python3.12/site-packages/airflow/example_dags/example_task_group_decorator.py took 0.094 seconds
[2025-09-27T23:41:20.554+0100] {processor.py:186} INFO - Started process (PID=24020) to work on /home/engineer/project/airflow_env/lib/python3.12/site-packages/airflow/example_dags/example_task_group_decorator.py
[2025-09-27T23:41:20.562+0100] {processor.py:914} INFO - Processing file /home/engineer/project/airflow_env/lib/python3.12/site-packages/airflow/example_dags/example_task_group_decorator.py for tasks to queue
[2025-09-27T23:41:20.563+0100] {logging_mixin.py:190} INFO - [2025-09-27T23:41:20.562+0100] {dagbag.py:588} INFO - Filling up the DagBag from /home/engineer/project/airflow_env/lib/python3.12/site-packages/airflow/example_dags/example_task_group_decorator.py
[2025-09-27T23:41:20.574+0100] {processor.py:925} INFO - DAG(s) 'example_task_group_decorator' retrieved from /home/engineer/project/airflow_env/lib/python3.12/site-packages/airflow/example_dags/example_task_group_decorator.py
[2025-09-27T23:41:20.590+0100] {logging_mixin.py:190} INFO - [2025-09-27T23:41:20.590+0100] {dag.py:3239} INFO - Sync 1 DAGs
[2025-09-27T23:41:20.601+0100] {logging_mixin.py:190} INFO - [2025-09-27T23:41:20.601+0100] {dag.py:4180} INFO - Setting next_dagrun for example_task_group_decorator to None, run_after=None
[2025-09-27T23:41:20.618+0100] {processor.py:208} INFO - Processing /home/engineer/project/airflow_env/lib/python3.12/site-packages/airflow/example_dags/example_task_group_decorator.py took 0.069 seconds
[2025-09-27T23:42:10.905+0100] {processor.py:186} INFO - Started process (PID=24241) to work on /home/engineer/project/airflow_env/lib/python3.12/site-packages/airflow/example_dags/example_task_group_decorator.py
[2025-09-27T23:42:10.911+0100] {processor.py:914} INFO - Processing file /home/engineer/project/airflow_env/lib/python3.12/site-packages/airflow/example_dags/example_task_group_decorator.py for tasks to queue
[2025-09-27T23:42:10.913+0100] {logging_mixin.py:190} INFO - [2025-09-27T23:42:10.912+0100] {dagbag.py:588} INFO - Filling up the DagBag from /home/engineer/project/airflow_env/lib/python3.12/site-packages/airflow/example_dags/example_task_group_decorator.py
[2025-09-27T23:42:10.925+0100] {processor.py:925} INFO - DAG(s) 'example_task_group_decorator' retrieved from /home/engineer/project/airflow_env/lib/python3.12/site-packages/airflow/example_dags/example_task_group_decorator.py
[2025-09-27T23:42:10.941+0100] {logging_mixin.py:190} INFO - [2025-09-27T23:42:10.941+0100] {dag.py:3239} INFO - Sync 1 DAGs
[2025-09-27T23:42:10.951+0100] {logging_mixin.py:190} INFO - [2025-09-27T23:42:10.951+0100] {dag.py:4180} INFO - Setting next_dagrun for example_task_group_decorator to None, run_after=None
[2025-09-27T23:42:10.976+0100] {processor.py:208} INFO - Processing /home/engineer/project/airflow_env/lib/python3.12/site-packages/airflow/example_dags/example_task_group_decorator.py took 0.077 seconds
[2025-09-27T23:43:01.124+0100] {processor.py:186} INFO - Started process (PID=24444) to work on /home/engineer/project/airflow_env/lib/python3.12/site-packages/airflow/example_dags/example_task_group_decorator.py
[2025-09-27T23:43:01.131+0100] {processor.py:914} INFO - Processing file /home/engineer/project/airflow_env/lib/python3.12/site-packages/airflow/example_dags/example_task_group_decorator.py for tasks to queue
[2025-09-27T23:43:01.133+0100] {logging_mixin.py:190} INFO - [2025-09-27T23:43:01.132+0100] {dagbag.py:588} INFO - Filling up the DagBag from /home/engineer/project/airflow_env/lib/python3.12/site-packages/airflow/example_dags/example_task_group_decorator.py
[2025-09-27T23:43:01.149+0100] {processor.py:925} INFO - DAG(s) 'example_task_group_decorator' retrieved from /home/engineer/project/airflow_env/lib/python3.12/site-packages/airflow/example_dags/example_task_group_decorator.py
[2025-09-27T23:43:01.169+0100] {logging_mixin.py:190} INFO - [2025-09-27T23:43:01.169+0100] {dag.py:3239} INFO - Sync 1 DAGs
[2025-09-27T23:43:01.188+0100] {logging_mixin.py:190} INFO - [2025-09-27T23:43:01.188+0100] {dag.py:4180} INFO - Setting next_dagrun for example_task_group_decorator to None, run_after=None
[2025-09-27T23:43:01.216+0100] {processor.py:208} INFO - Processing /home/engineer/project/airflow_env/lib/python3.12/site-packages/airflow/example_dags/example_task_group_decorator.py took 0.100 seconds
[2025-09-27T23:43:52.715+0100] {processor.py:186} INFO - Started process (PID=24711) to work on /home/engineer/project/airflow_env/lib/python3.12/site-packages/airflow/example_dags/example_task_group_decorator.py
[2025-09-27T23:43:52.716+0100] {processor.py:914} INFO - Processing file /home/engineer/project/airflow_env/lib/python3.12/site-packages/airflow/example_dags/example_task_group_decorator.py for tasks to queue
[2025-09-27T23:43:52.717+0100] {logging_mixin.py:190} INFO - [2025-09-27T23:43:52.717+0100] {dagbag.py:588} INFO - Filling up the DagBag from /home/engineer/project/airflow_env/lib/python3.12/site-packages/airflow/example_dags/example_task_group_decorator.py
[2025-09-27T23:43:52.728+0100] {processor.py:925} INFO - DAG(s) 'example_task_group_decorator' retrieved from /home/engineer/project/airflow_env/lib/python3.12/site-packages/airflow/example_dags/example_task_group_decorator.py
[2025-09-27T23:43:52.744+0100] {logging_mixin.py:190} INFO - [2025-09-27T23:43:52.744+0100] {dag.py:3239} INFO - Sync 1 DAGs
[2025-09-27T23:43:52.753+0100] {logging_mixin.py:190} INFO - [2025-09-27T23:43:52.753+0100] {dag.py:4180} INFO - Setting next_dagrun for example_task_group_decorator to None, run_after=None
[2025-09-27T23:43:52.770+0100] {processor.py:208} INFO - Processing /home/engineer/project/airflow_env/lib/python3.12/site-packages/airflow/example_dags/example_task_group_decorator.py took 0.060 seconds
