[2025-09-27T23:26:44.640+0100] {processor.py:186} INFO - Started process (PID=19863) to work on /home/engineer/project/airflow_env/lib/python3.12/site-packages/airflow/example_dags/tutorial_taskflow_api.py
[2025-09-27T23:26:44.640+0100] {processor.py:914} INFO - Processing file /home/engineer/project/airflow_env/lib/python3.12/site-packages/airflow/example_dags/tutorial_taskflow_api.py for tasks to queue
[2025-09-27T23:26:44.642+0100] {logging_mixin.py:190} INFO - [2025-09-27T23:26:44.642+0100] {dagbag.py:588} INFO - Filling up the DagBag from /home/engineer/project/airflow_env/lib/python3.12/site-packages/airflow/example_dags/tutorial_taskflow_api.py
[2025-09-27T23:26:44.649+0100] {processor.py:925} INFO - DAG(s) 'tutorial_taskflow_api' retrieved from /home/engineer/project/airflow_env/lib/python3.12/site-packages/airflow/example_dags/tutorial_taskflow_api.py
[2025-09-27T23:26:44.721+0100] {logging_mixin.py:190} INFO - [2025-09-27T23:26:44.720+0100] {override.py:1900} INFO - Created Permission View: can delete on DAG:tutorial_taskflow_api
[2025-09-27T23:26:44.729+0100] {logging_mixin.py:190} INFO - [2025-09-27T23:26:44.729+0100] {override.py:1900} INFO - Created Permission View: can read on DAG:tutorial_taskflow_api
[2025-09-27T23:26:44.735+0100] {logging_mixin.py:190} INFO - [2025-09-27T23:26:44.735+0100] {override.py:1900} INFO - Created Permission View: can edit on DAG:tutorial_taskflow_api
[2025-09-27T23:26:44.745+0100] {logging_mixin.py:190} INFO - [2025-09-27T23:26:44.744+0100] {override.py:1900} INFO - Created Permission View: can delete on DAG Run:tutorial_taskflow_api
[2025-09-27T23:26:44.752+0100] {logging_mixin.py:190} INFO - [2025-09-27T23:26:44.751+0100] {override.py:1900} INFO - Created Permission View: can read on DAG Run:tutorial_taskflow_api
[2025-09-27T23:26:44.758+0100] {logging_mixin.py:190} INFO - [2025-09-27T23:26:44.758+0100] {override.py:1900} INFO - Created Permission View: can create on DAG Run:tutorial_taskflow_api
[2025-09-27T23:26:44.766+0100] {logging_mixin.py:190} INFO - [2025-09-27T23:26:44.766+0100] {override.py:1900} INFO - Created Permission View: menu access on DAG Run:tutorial_taskflow_api
[2025-09-27T23:26:44.766+0100] {logging_mixin.py:190} INFO - [2025-09-27T23:26:44.766+0100] {dag.py:3239} INFO - Sync 1 DAGs
[2025-09-27T23:26:44.774+0100] {logging_mixin.py:190} INFO - [2025-09-27T23:26:44.774+0100] {dag.py:3262} INFO - Creating ORM DAG for tutorial_taskflow_api
[2025-09-27T23:26:44.775+0100] {logging_mixin.py:190} INFO - [2025-09-27T23:26:44.774+0100] {dag.py:4180} INFO - Setting next_dagrun for tutorial_taskflow_api to None, run_after=None
[2025-09-27T23:26:44.789+0100] {processor.py:208} INFO - Processing /home/engineer/project/airflow_env/lib/python3.12/site-packages/airflow/example_dags/tutorial_taskflow_api.py took 0.153 seconds
[2025-09-27T23:27:44.758+0100] {processor.py:186} INFO - Started process (PID=20109) to work on /home/engineer/project/airflow_env/lib/python3.12/site-packages/airflow/example_dags/tutorial_taskflow_api.py
[2025-09-27T23:27:44.765+0100] {processor.py:914} INFO - Processing file /home/engineer/project/airflow_env/lib/python3.12/site-packages/airflow/example_dags/tutorial_taskflow_api.py for tasks to queue
[2025-09-27T23:27:44.766+0100] {logging_mixin.py:190} INFO - [2025-09-27T23:27:44.766+0100] {dagbag.py:588} INFO - Filling up the DagBag from /home/engineer/project/airflow_env/lib/python3.12/site-packages/airflow/example_dags/tutorial_taskflow_api.py
[2025-09-27T23:27:44.772+0100] {processor.py:925} INFO - DAG(s) 'tutorial_taskflow_api' retrieved from /home/engineer/project/airflow_env/lib/python3.12/site-packages/airflow/example_dags/tutorial_taskflow_api.py
[2025-09-27T23:27:44.782+0100] {logging_mixin.py:190} INFO - [2025-09-27T23:27:44.782+0100] {dag.py:3239} INFO - Sync 1 DAGs
[2025-09-27T23:27:44.791+0100] {logging_mixin.py:190} INFO - [2025-09-27T23:27:44.791+0100] {dag.py:4180} INFO - Setting next_dagrun for tutorial_taskflow_api to None, run_after=None
[2025-09-27T23:27:44.809+0100] {processor.py:208} INFO - Processing /home/engineer/project/airflow_env/lib/python3.12/site-packages/airflow/example_dags/tutorial_taskflow_api.py took 0.055 seconds
[2025-09-27T23:28:37.885+0100] {processor.py:186} INFO - Started process (PID=20366) to work on /home/engineer/project/airflow_env/lib/python3.12/site-packages/airflow/example_dags/tutorial_taskflow_api.py
[2025-09-27T23:28:37.892+0100] {processor.py:914} INFO - Processing file /home/engineer/project/airflow_env/lib/python3.12/site-packages/airflow/example_dags/tutorial_taskflow_api.py for tasks to queue
[2025-09-27T23:28:37.893+0100] {logging_mixin.py:190} INFO - [2025-09-27T23:28:37.893+0100] {dagbag.py:588} INFO - Filling up the DagBag from /home/engineer/project/airflow_env/lib/python3.12/site-packages/airflow/example_dags/tutorial_taskflow_api.py
[2025-09-27T23:28:37.899+0100] {processor.py:925} INFO - DAG(s) 'tutorial_taskflow_api' retrieved from /home/engineer/project/airflow_env/lib/python3.12/site-packages/airflow/example_dags/tutorial_taskflow_api.py
[2025-09-27T23:28:37.909+0100] {logging_mixin.py:190} INFO - [2025-09-27T23:28:37.909+0100] {dag.py:3239} INFO - Sync 1 DAGs
[2025-09-27T23:28:37.917+0100] {logging_mixin.py:190} INFO - [2025-09-27T23:28:37.917+0100] {dag.py:4180} INFO - Setting next_dagrun for tutorial_taskflow_api to None, run_after=None
[2025-09-27T23:28:37.933+0100] {processor.py:208} INFO - Processing /home/engineer/project/airflow_env/lib/python3.12/site-packages/airflow/example_dags/tutorial_taskflow_api.py took 0.052 seconds
[2025-09-27T23:29:29.410+0100] {processor.py:186} INFO - Started process (PID=20571) to work on /home/engineer/project/airflow_env/lib/python3.12/site-packages/airflow/example_dags/tutorial_taskflow_api.py
[2025-09-27T23:29:29.411+0100] {processor.py:914} INFO - Processing file /home/engineer/project/airflow_env/lib/python3.12/site-packages/airflow/example_dags/tutorial_taskflow_api.py for tasks to queue
[2025-09-27T23:29:29.412+0100] {logging_mixin.py:190} INFO - [2025-09-27T23:29:29.412+0100] {dagbag.py:588} INFO - Filling up the DagBag from /home/engineer/project/airflow_env/lib/python3.12/site-packages/airflow/example_dags/tutorial_taskflow_api.py
[2025-09-27T23:29:29.418+0100] {processor.py:925} INFO - DAG(s) 'tutorial_taskflow_api' retrieved from /home/engineer/project/airflow_env/lib/python3.12/site-packages/airflow/example_dags/tutorial_taskflow_api.py
[2025-09-27T23:29:29.431+0100] {logging_mixin.py:190} INFO - [2025-09-27T23:29:29.431+0100] {dag.py:3239} INFO - Sync 1 DAGs
[2025-09-27T23:29:29.440+0100] {logging_mixin.py:190} INFO - [2025-09-27T23:29:29.440+0100] {dag.py:4180} INFO - Setting next_dagrun for tutorial_taskflow_api to None, run_after=None
[2025-09-27T23:29:29.458+0100] {processor.py:208} INFO - Processing /home/engineer/project/airflow_env/lib/python3.12/site-packages/airflow/example_dags/tutorial_taskflow_api.py took 0.053 seconds
[2025-09-27T23:30:16.823+0100] {processor.py:186} INFO - Started process (PID=20760) to work on /home/engineer/project/airflow_env/lib/python3.12/site-packages/airflow/example_dags/tutorial_taskflow_api.py
[2025-09-27T23:30:16.830+0100] {processor.py:914} INFO - Processing file /home/engineer/project/airflow_env/lib/python3.12/site-packages/airflow/example_dags/tutorial_taskflow_api.py for tasks to queue
[2025-09-27T23:30:16.833+0100] {logging_mixin.py:190} INFO - [2025-09-27T23:30:16.832+0100] {dagbag.py:588} INFO - Filling up the DagBag from /home/engineer/project/airflow_env/lib/python3.12/site-packages/airflow/example_dags/tutorial_taskflow_api.py
[2025-09-27T23:30:16.843+0100] {processor.py:925} INFO - DAG(s) 'tutorial_taskflow_api' retrieved from /home/engineer/project/airflow_env/lib/python3.12/site-packages/airflow/example_dags/tutorial_taskflow_api.py
[2025-09-27T23:30:16.863+0100] {logging_mixin.py:190} INFO - [2025-09-27T23:30:16.863+0100] {dag.py:3239} INFO - Sync 1 DAGs
[2025-09-27T23:30:16.876+0100] {logging_mixin.py:190} INFO - [2025-09-27T23:30:16.876+0100] {dag.py:4180} INFO - Setting next_dagrun for tutorial_taskflow_api to None, run_after=None
[2025-09-27T23:30:16.896+0100] {processor.py:208} INFO - Processing /home/engineer/project/airflow_env/lib/python3.12/site-packages/airflow/example_dags/tutorial_taskflow_api.py took 0.079 seconds
[2025-09-27T23:31:04.823+0100] {processor.py:186} INFO - Started process (PID=21237) to work on /home/engineer/project/airflow_env/lib/python3.12/site-packages/airflow/example_dags/tutorial_taskflow_api.py
[2025-09-27T23:31:04.824+0100] {processor.py:914} INFO - Processing file /home/engineer/project/airflow_env/lib/python3.12/site-packages/airflow/example_dags/tutorial_taskflow_api.py for tasks to queue
[2025-09-27T23:31:04.826+0100] {logging_mixin.py:190} INFO - [2025-09-27T23:31:04.826+0100] {dagbag.py:588} INFO - Filling up the DagBag from /home/engineer/project/airflow_env/lib/python3.12/site-packages/airflow/example_dags/tutorial_taskflow_api.py
[2025-09-27T23:31:04.834+0100] {processor.py:925} INFO - DAG(s) 'tutorial_taskflow_api' retrieved from /home/engineer/project/airflow_env/lib/python3.12/site-packages/airflow/example_dags/tutorial_taskflow_api.py
[2025-09-27T23:31:04.851+0100] {logging_mixin.py:190} INFO - [2025-09-27T23:31:04.851+0100] {dag.py:3239} INFO - Sync 1 DAGs
[2025-09-27T23:31:04.863+0100] {logging_mixin.py:190} INFO - [2025-09-27T23:31:04.862+0100] {dag.py:4180} INFO - Setting next_dagrun for tutorial_taskflow_api to None, run_after=None
[2025-09-27T23:31:04.893+0100] {processor.py:208} INFO - Processing /home/engineer/project/airflow_env/lib/python3.12/site-packages/airflow/example_dags/tutorial_taskflow_api.py took 0.074 seconds
[2025-09-27T23:31:59.175+0100] {processor.py:186} INFO - Started process (PID=21787) to work on /home/engineer/project/airflow_env/lib/python3.12/site-packages/airflow/example_dags/tutorial_taskflow_api.py
[2025-09-27T23:31:59.176+0100] {processor.py:914} INFO - Processing file /home/engineer/project/airflow_env/lib/python3.12/site-packages/airflow/example_dags/tutorial_taskflow_api.py for tasks to queue
[2025-09-27T23:31:59.178+0100] {logging_mixin.py:190} INFO - [2025-09-27T23:31:59.178+0100] {dagbag.py:588} INFO - Filling up the DagBag from /home/engineer/project/airflow_env/lib/python3.12/site-packages/airflow/example_dags/tutorial_taskflow_api.py
[2025-09-27T23:31:59.186+0100] {processor.py:925} INFO - DAG(s) 'tutorial_taskflow_api' retrieved from /home/engineer/project/airflow_env/lib/python3.12/site-packages/airflow/example_dags/tutorial_taskflow_api.py
[2025-09-27T23:31:59.198+0100] {logging_mixin.py:190} INFO - [2025-09-27T23:31:59.198+0100] {dag.py:3239} INFO - Sync 1 DAGs
[2025-09-27T23:31:59.207+0100] {logging_mixin.py:190} INFO - [2025-09-27T23:31:59.207+0100] {dag.py:4180} INFO - Setting next_dagrun for tutorial_taskflow_api to None, run_after=None
[2025-09-27T23:31:59.224+0100] {processor.py:208} INFO - Processing /home/engineer/project/airflow_env/lib/python3.12/site-packages/airflow/example_dags/tutorial_taskflow_api.py took 0.055 seconds
[2025-09-27T23:32:49.418+0100] {processor.py:186} INFO - Started process (PID=22063) to work on /home/engineer/project/airflow_env/lib/python3.12/site-packages/airflow/example_dags/tutorial_taskflow_api.py
[2025-09-27T23:32:49.425+0100] {processor.py:914} INFO - Processing file /home/engineer/project/airflow_env/lib/python3.12/site-packages/airflow/example_dags/tutorial_taskflow_api.py for tasks to queue
[2025-09-27T23:32:49.427+0100] {logging_mixin.py:190} INFO - [2025-09-27T23:32:49.427+0100] {dagbag.py:588} INFO - Filling up the DagBag from /home/engineer/project/airflow_env/lib/python3.12/site-packages/airflow/example_dags/tutorial_taskflow_api.py
[2025-09-27T23:32:49.433+0100] {processor.py:925} INFO - DAG(s) 'tutorial_taskflow_api' retrieved from /home/engineer/project/airflow_env/lib/python3.12/site-packages/airflow/example_dags/tutorial_taskflow_api.py
[2025-09-27T23:32:49.444+0100] {logging_mixin.py:190} INFO - [2025-09-27T23:32:49.444+0100] {dag.py:3239} INFO - Sync 1 DAGs
[2025-09-27T23:32:49.453+0100] {logging_mixin.py:190} INFO - [2025-09-27T23:32:49.452+0100] {dag.py:4180} INFO - Setting next_dagrun for tutorial_taskflow_api to None, run_after=None
[2025-09-27T23:32:49.469+0100] {processor.py:208} INFO - Processing /home/engineer/project/airflow_env/lib/python3.12/site-packages/airflow/example_dags/tutorial_taskflow_api.py took 0.055 seconds
[2025-09-27T23:33:37.883+0100] {processor.py:186} INFO - Started process (PID=22250) to work on /home/engineer/project/airflow_env/lib/python3.12/site-packages/airflow/example_dags/tutorial_taskflow_api.py
[2025-09-27T23:33:37.890+0100] {processor.py:914} INFO - Processing file /home/engineer/project/airflow_env/lib/python3.12/site-packages/airflow/example_dags/tutorial_taskflow_api.py for tasks to queue
[2025-09-27T23:33:37.892+0100] {logging_mixin.py:190} INFO - [2025-09-27T23:33:37.892+0100] {dagbag.py:588} INFO - Filling up the DagBag from /home/engineer/project/airflow_env/lib/python3.12/site-packages/airflow/example_dags/tutorial_taskflow_api.py
[2025-09-27T23:33:37.898+0100] {processor.py:925} INFO - DAG(s) 'tutorial_taskflow_api' retrieved from /home/engineer/project/airflow_env/lib/python3.12/site-packages/airflow/example_dags/tutorial_taskflow_api.py
[2025-09-27T23:33:37.909+0100] {logging_mixin.py:190} INFO - [2025-09-27T23:33:37.908+0100] {dag.py:3239} INFO - Sync 1 DAGs
[2025-09-27T23:33:37.917+0100] {logging_mixin.py:190} INFO - [2025-09-27T23:33:37.916+0100] {dag.py:4180} INFO - Setting next_dagrun for tutorial_taskflow_api to None, run_after=None
[2025-09-27T23:33:37.933+0100] {processor.py:208} INFO - Processing /home/engineer/project/airflow_env/lib/python3.12/site-packages/airflow/example_dags/tutorial_taskflow_api.py took 0.053 seconds
[2025-09-27T23:34:28.313+0100] {processor.py:186} INFO - Started process (PID=22452) to work on /home/engineer/project/airflow_env/lib/python3.12/site-packages/airflow/example_dags/tutorial_taskflow_api.py
[2025-09-27T23:34:28.320+0100] {processor.py:914} INFO - Processing file /home/engineer/project/airflow_env/lib/python3.12/site-packages/airflow/example_dags/tutorial_taskflow_api.py for tasks to queue
[2025-09-27T23:34:28.322+0100] {logging_mixin.py:190} INFO - [2025-09-27T23:34:28.322+0100] {dagbag.py:588} INFO - Filling up the DagBag from /home/engineer/project/airflow_env/lib/python3.12/site-packages/airflow/example_dags/tutorial_taskflow_api.py
[2025-09-27T23:34:28.328+0100] {processor.py:925} INFO - DAG(s) 'tutorial_taskflow_api' retrieved from /home/engineer/project/airflow_env/lib/python3.12/site-packages/airflow/example_dags/tutorial_taskflow_api.py
[2025-09-27T23:34:28.339+0100] {logging_mixin.py:190} INFO - [2025-09-27T23:34:28.339+0100] {dag.py:3239} INFO - Sync 1 DAGs
[2025-09-27T23:34:28.348+0100] {logging_mixin.py:190} INFO - [2025-09-27T23:34:28.348+0100] {dag.py:4180} INFO - Setting next_dagrun for tutorial_taskflow_api to None, run_after=None
[2025-09-27T23:34:28.366+0100] {processor.py:208} INFO - Processing /home/engineer/project/airflow_env/lib/python3.12/site-packages/airflow/example_dags/tutorial_taskflow_api.py took 0.057 seconds
[2025-09-27T23:35:16.916+0100] {processor.py:186} INFO - Started process (PID=22647) to work on /home/engineer/project/airflow_env/lib/python3.12/site-packages/airflow/example_dags/tutorial_taskflow_api.py
[2025-09-27T23:35:16.918+0100] {processor.py:914} INFO - Processing file /home/engineer/project/airflow_env/lib/python3.12/site-packages/airflow/example_dags/tutorial_taskflow_api.py for tasks to queue
[2025-09-27T23:35:16.919+0100] {logging_mixin.py:190} INFO - [2025-09-27T23:35:16.919+0100] {dagbag.py:588} INFO - Filling up the DagBag from /home/engineer/project/airflow_env/lib/python3.12/site-packages/airflow/example_dags/tutorial_taskflow_api.py
[2025-09-27T23:35:16.925+0100] {processor.py:925} INFO - DAG(s) 'tutorial_taskflow_api' retrieved from /home/engineer/project/airflow_env/lib/python3.12/site-packages/airflow/example_dags/tutorial_taskflow_api.py
[2025-09-27T23:35:16.936+0100] {logging_mixin.py:190} INFO - [2025-09-27T23:35:16.936+0100] {dag.py:3239} INFO - Sync 1 DAGs
[2025-09-27T23:35:16.944+0100] {logging_mixin.py:190} INFO - [2025-09-27T23:35:16.944+0100] {dag.py:4180} INFO - Setting next_dagrun for tutorial_taskflow_api to None, run_after=None
[2025-09-27T23:35:16.960+0100] {processor.py:208} INFO - Processing /home/engineer/project/airflow_env/lib/python3.12/site-packages/airflow/example_dags/tutorial_taskflow_api.py took 0.048 seconds
[2025-09-27T23:36:05.223+0100] {processor.py:186} INFO - Started process (PID=22835) to work on /home/engineer/project/airflow_env/lib/python3.12/site-packages/airflow/example_dags/tutorial_taskflow_api.py
[2025-09-27T23:36:05.230+0100] {processor.py:914} INFO - Processing file /home/engineer/project/airflow_env/lib/python3.12/site-packages/airflow/example_dags/tutorial_taskflow_api.py for tasks to queue
[2025-09-27T23:36:05.232+0100] {logging_mixin.py:190} INFO - [2025-09-27T23:36:05.232+0100] {dagbag.py:588} INFO - Filling up the DagBag from /home/engineer/project/airflow_env/lib/python3.12/site-packages/airflow/example_dags/tutorial_taskflow_api.py
[2025-09-27T23:36:05.238+0100] {processor.py:925} INFO - DAG(s) 'tutorial_taskflow_api' retrieved from /home/engineer/project/airflow_env/lib/python3.12/site-packages/airflow/example_dags/tutorial_taskflow_api.py
[2025-09-27T23:36:05.249+0100] {logging_mixin.py:190} INFO - [2025-09-27T23:36:05.249+0100] {dag.py:3239} INFO - Sync 1 DAGs
[2025-09-27T23:36:05.257+0100] {logging_mixin.py:190} INFO - [2025-09-27T23:36:05.257+0100] {dag.py:4180} INFO - Setting next_dagrun for tutorial_taskflow_api to None, run_after=None
[2025-09-27T23:36:05.274+0100] {processor.py:208} INFO - Processing /home/engineer/project/airflow_env/lib/python3.12/site-packages/airflow/example_dags/tutorial_taskflow_api.py took 0.055 seconds
[2025-09-27T23:36:55.367+0100] {processor.py:186} INFO - Started process (PID=23061) to work on /home/engineer/project/airflow_env/lib/python3.12/site-packages/airflow/example_dags/tutorial_taskflow_api.py
[2025-09-27T23:36:55.374+0100] {processor.py:914} INFO - Processing file /home/engineer/project/airflow_env/lib/python3.12/site-packages/airflow/example_dags/tutorial_taskflow_api.py for tasks to queue
[2025-09-27T23:36:55.375+0100] {logging_mixin.py:190} INFO - [2025-09-27T23:36:55.375+0100] {dagbag.py:588} INFO - Filling up the DagBag from /home/engineer/project/airflow_env/lib/python3.12/site-packages/airflow/example_dags/tutorial_taskflow_api.py
[2025-09-27T23:36:55.381+0100] {processor.py:925} INFO - DAG(s) 'tutorial_taskflow_api' retrieved from /home/engineer/project/airflow_env/lib/python3.12/site-packages/airflow/example_dags/tutorial_taskflow_api.py
[2025-09-27T23:36:55.392+0100] {logging_mixin.py:190} INFO - [2025-09-27T23:36:55.392+0100] {dag.py:3239} INFO - Sync 1 DAGs
[2025-09-27T23:36:55.402+0100] {logging_mixin.py:190} INFO - [2025-09-27T23:36:55.402+0100] {dag.py:4180} INFO - Setting next_dagrun for tutorial_taskflow_api to None, run_after=None
[2025-09-27T23:36:55.419+0100] {processor.py:208} INFO - Processing /home/engineer/project/airflow_env/lib/python3.12/site-packages/airflow/example_dags/tutorial_taskflow_api.py took 0.055 seconds
[2025-09-27T23:37:41.902+0100] {processor.py:186} INFO - Started process (PID=23250) to work on /home/engineer/project/airflow_env/lib/python3.12/site-packages/airflow/example_dags/tutorial_taskflow_api.py
[2025-09-27T23:37:41.909+0100] {processor.py:914} INFO - Processing file /home/engineer/project/airflow_env/lib/python3.12/site-packages/airflow/example_dags/tutorial_taskflow_api.py for tasks to queue
[2025-09-27T23:37:41.910+0100] {logging_mixin.py:190} INFO - [2025-09-27T23:37:41.910+0100] {dagbag.py:588} INFO - Filling up the DagBag from /home/engineer/project/airflow_env/lib/python3.12/site-packages/airflow/example_dags/tutorial_taskflow_api.py
[2025-09-27T23:37:41.917+0100] {processor.py:925} INFO - DAG(s) 'tutorial_taskflow_api' retrieved from /home/engineer/project/airflow_env/lib/python3.12/site-packages/airflow/example_dags/tutorial_taskflow_api.py
[2025-09-27T23:37:41.929+0100] {logging_mixin.py:190} INFO - [2025-09-27T23:37:41.929+0100] {dag.py:3239} INFO - Sync 1 DAGs
[2025-09-27T23:37:41.939+0100] {logging_mixin.py:190} INFO - [2025-09-27T23:37:41.939+0100] {dag.py:4180} INFO - Setting next_dagrun for tutorial_taskflow_api to None, run_after=None
[2025-09-27T23:37:41.957+0100] {processor.py:208} INFO - Processing /home/engineer/project/airflow_env/lib/python3.12/site-packages/airflow/example_dags/tutorial_taskflow_api.py took 0.059 seconds
[2025-09-27T23:39:00.089+0100] {processor.py:186} INFO - Started process (PID=23460) to work on /home/engineer/project/airflow_env/lib/python3.12/site-packages/airflow/example_dags/tutorial_taskflow_api.py
[2025-09-27T23:39:00.097+0100] {processor.py:914} INFO - Processing file /home/engineer/project/airflow_env/lib/python3.12/site-packages/airflow/example_dags/tutorial_taskflow_api.py for tasks to queue
[2025-09-27T23:39:00.099+0100] {logging_mixin.py:190} INFO - [2025-09-27T23:39:00.098+0100] {dagbag.py:588} INFO - Filling up the DagBag from /home/engineer/project/airflow_env/lib/python3.12/site-packages/airflow/example_dags/tutorial_taskflow_api.py
[2025-09-27T23:39:00.105+0100] {processor.py:925} INFO - DAG(s) 'tutorial_taskflow_api' retrieved from /home/engineer/project/airflow_env/lib/python3.12/site-packages/airflow/example_dags/tutorial_taskflow_api.py
[2025-09-27T23:39:00.117+0100] {logging_mixin.py:190} INFO - [2025-09-27T23:39:00.117+0100] {dag.py:3239} INFO - Sync 1 DAGs
[2025-09-27T23:39:00.127+0100] {logging_mixin.py:190} INFO - [2025-09-27T23:39:00.127+0100] {dag.py:4180} INFO - Setting next_dagrun for tutorial_taskflow_api to None, run_after=None
[2025-09-27T23:39:00.144+0100] {processor.py:208} INFO - Processing /home/engineer/project/airflow_env/lib/python3.12/site-packages/airflow/example_dags/tutorial_taskflow_api.py took 0.059 seconds
[2025-09-27T23:39:55.136+0100] {processor.py:186} INFO - Started process (PID=23679) to work on /home/engineer/project/airflow_env/lib/python3.12/site-packages/airflow/example_dags/tutorial_taskflow_api.py
[2025-09-27T23:39:55.137+0100] {processor.py:914} INFO - Processing file /home/engineer/project/airflow_env/lib/python3.12/site-packages/airflow/example_dags/tutorial_taskflow_api.py for tasks to queue
[2025-09-27T23:39:55.138+0100] {logging_mixin.py:190} INFO - [2025-09-27T23:39:55.138+0100] {dagbag.py:588} INFO - Filling up the DagBag from /home/engineer/project/airflow_env/lib/python3.12/site-packages/airflow/example_dags/tutorial_taskflow_api.py
[2025-09-27T23:39:55.145+0100] {processor.py:925} INFO - DAG(s) 'tutorial_taskflow_api' retrieved from /home/engineer/project/airflow_env/lib/python3.12/site-packages/airflow/example_dags/tutorial_taskflow_api.py
[2025-09-27T23:39:55.156+0100] {logging_mixin.py:190} INFO - [2025-09-27T23:39:55.156+0100] {dag.py:3239} INFO - Sync 1 DAGs
[2025-09-27T23:39:55.165+0100] {logging_mixin.py:190} INFO - [2025-09-27T23:39:55.165+0100] {dag.py:4180} INFO - Setting next_dagrun for tutorial_taskflow_api to None, run_after=None
[2025-09-27T23:39:55.183+0100] {processor.py:208} INFO - Processing /home/engineer/project/airflow_env/lib/python3.12/site-packages/airflow/example_dags/tutorial_taskflow_api.py took 0.051 seconds
[2025-09-27T23:40:44.536+0100] {processor.py:186} INFO - Started process (PID=23875) to work on /home/engineer/project/airflow_env/lib/python3.12/site-packages/airflow/example_dags/tutorial_taskflow_api.py
[2025-09-27T23:40:44.537+0100] {processor.py:914} INFO - Processing file /home/engineer/project/airflow_env/lib/python3.12/site-packages/airflow/example_dags/tutorial_taskflow_api.py for tasks to queue
[2025-09-27T23:40:44.539+0100] {logging_mixin.py:190} INFO - [2025-09-27T23:40:44.538+0100] {dagbag.py:588} INFO - Filling up the DagBag from /home/engineer/project/airflow_env/lib/python3.12/site-packages/airflow/example_dags/tutorial_taskflow_api.py
[2025-09-27T23:40:44.547+0100] {processor.py:925} INFO - DAG(s) 'tutorial_taskflow_api' retrieved from /home/engineer/project/airflow_env/lib/python3.12/site-packages/airflow/example_dags/tutorial_taskflow_api.py
[2025-09-27T23:40:44.563+0100] {logging_mixin.py:190} INFO - [2025-09-27T23:40:44.563+0100] {dag.py:3239} INFO - Sync 1 DAGs
[2025-09-27T23:40:44.575+0100] {logging_mixin.py:190} INFO - [2025-09-27T23:40:44.575+0100] {dag.py:4180} INFO - Setting next_dagrun for tutorial_taskflow_api to None, run_after=None
[2025-09-27T23:40:44.595+0100] {processor.py:208} INFO - Processing /home/engineer/project/airflow_env/lib/python3.12/site-packages/airflow/example_dags/tutorial_taskflow_api.py took 0.066 seconds
[2025-09-27T23:41:33.772+0100] {processor.py:186} INFO - Started process (PID=24072) to work on /home/engineer/project/airflow_env/lib/python3.12/site-packages/airflow/example_dags/tutorial_taskflow_api.py
[2025-09-27T23:41:33.773+0100] {processor.py:914} INFO - Processing file /home/engineer/project/airflow_env/lib/python3.12/site-packages/airflow/example_dags/tutorial_taskflow_api.py for tasks to queue
[2025-09-27T23:41:33.774+0100] {logging_mixin.py:190} INFO - [2025-09-27T23:41:33.774+0100] {dagbag.py:588} INFO - Filling up the DagBag from /home/engineer/project/airflow_env/lib/python3.12/site-packages/airflow/example_dags/tutorial_taskflow_api.py
[2025-09-27T23:41:33.783+0100] {processor.py:925} INFO - DAG(s) 'tutorial_taskflow_api' retrieved from /home/engineer/project/airflow_env/lib/python3.12/site-packages/airflow/example_dags/tutorial_taskflow_api.py
[2025-09-27T23:41:33.796+0100] {logging_mixin.py:190} INFO - [2025-09-27T23:41:33.796+0100] {dag.py:3239} INFO - Sync 1 DAGs
[2025-09-27T23:41:33.805+0100] {logging_mixin.py:190} INFO - [2025-09-27T23:41:33.805+0100] {dag.py:4180} INFO - Setting next_dagrun for tutorial_taskflow_api to None, run_after=None
[2025-09-27T23:41:33.820+0100] {processor.py:208} INFO - Processing /home/engineer/project/airflow_env/lib/python3.12/site-packages/airflow/example_dags/tutorial_taskflow_api.py took 0.054 seconds
[2025-09-27T23:42:24.712+0100] {processor.py:186} INFO - Started process (PID=24298) to work on /home/engineer/project/airflow_env/lib/python3.12/site-packages/airflow/example_dags/tutorial_taskflow_api.py
[2025-09-27T23:42:24.720+0100] {processor.py:914} INFO - Processing file /home/engineer/project/airflow_env/lib/python3.12/site-packages/airflow/example_dags/tutorial_taskflow_api.py for tasks to queue
[2025-09-27T23:42:24.721+0100] {logging_mixin.py:190} INFO - [2025-09-27T23:42:24.721+0100] {dagbag.py:588} INFO - Filling up the DagBag from /home/engineer/project/airflow_env/lib/python3.12/site-packages/airflow/example_dags/tutorial_taskflow_api.py
[2025-09-27T23:42:24.728+0100] {processor.py:925} INFO - DAG(s) 'tutorial_taskflow_api' retrieved from /home/engineer/project/airflow_env/lib/python3.12/site-packages/airflow/example_dags/tutorial_taskflow_api.py
[2025-09-27T23:42:24.741+0100] {logging_mixin.py:190} INFO - [2025-09-27T23:42:24.741+0100] {dag.py:3239} INFO - Sync 1 DAGs
[2025-09-27T23:42:24.750+0100] {logging_mixin.py:190} INFO - [2025-09-27T23:42:24.749+0100] {dag.py:4180} INFO - Setting next_dagrun for tutorial_taskflow_api to None, run_after=None
[2025-09-27T23:42:24.771+0100] {processor.py:208} INFO - Processing /home/engineer/project/airflow_env/lib/python3.12/site-packages/airflow/example_dags/tutorial_taskflow_api.py took 0.064 seconds
[2025-09-27T23:43:16.243+0100] {processor.py:186} INFO - Started process (PID=24516) to work on /home/engineer/project/airflow_env/lib/python3.12/site-packages/airflow/example_dags/tutorial_taskflow_api.py
[2025-09-27T23:43:16.250+0100] {processor.py:914} INFO - Processing file /home/engineer/project/airflow_env/lib/python3.12/site-packages/airflow/example_dags/tutorial_taskflow_api.py for tasks to queue
[2025-09-27T23:43:16.251+0100] {logging_mixin.py:190} INFO - [2025-09-27T23:43:16.251+0100] {dagbag.py:588} INFO - Filling up the DagBag from /home/engineer/project/airflow_env/lib/python3.12/site-packages/airflow/example_dags/tutorial_taskflow_api.py
[2025-09-27T23:43:16.261+0100] {processor.py:925} INFO - DAG(s) 'tutorial_taskflow_api' retrieved from /home/engineer/project/airflow_env/lib/python3.12/site-packages/airflow/example_dags/tutorial_taskflow_api.py
[2025-09-27T23:43:16.275+0100] {logging_mixin.py:190} INFO - [2025-09-27T23:43:16.274+0100] {dag.py:3239} INFO - Sync 1 DAGs
[2025-09-27T23:43:16.286+0100] {logging_mixin.py:190} INFO - [2025-09-27T23:43:16.285+0100] {dag.py:4180} INFO - Setting next_dagrun for tutorial_taskflow_api to None, run_after=None
[2025-09-27T23:43:16.306+0100] {processor.py:208} INFO - Processing /home/engineer/project/airflow_env/lib/python3.12/site-packages/airflow/example_dags/tutorial_taskflow_api.py took 0.069 seconds
[2025-09-27T23:44:06.396+0100] {processor.py:186} INFO - Started process (PID=24858) to work on /home/engineer/project/airflow_env/lib/python3.12/site-packages/airflow/example_dags/tutorial_taskflow_api.py
[2025-09-27T23:44:06.403+0100] {processor.py:914} INFO - Processing file /home/engineer/project/airflow_env/lib/python3.12/site-packages/airflow/example_dags/tutorial_taskflow_api.py for tasks to queue
[2025-09-27T23:44:06.405+0100] {logging_mixin.py:190} INFO - [2025-09-27T23:44:06.404+0100] {dagbag.py:588} INFO - Filling up the DagBag from /home/engineer/project/airflow_env/lib/python3.12/site-packages/airflow/example_dags/tutorial_taskflow_api.py
[2025-09-27T23:44:06.412+0100] {processor.py:925} INFO - DAG(s) 'tutorial_taskflow_api' retrieved from /home/engineer/project/airflow_env/lib/python3.12/site-packages/airflow/example_dags/tutorial_taskflow_api.py
[2025-09-27T23:44:06.425+0100] {logging_mixin.py:190} INFO - [2025-09-27T23:44:06.425+0100] {dag.py:3239} INFO - Sync 1 DAGs
[2025-09-27T23:44:06.434+0100] {logging_mixin.py:190} INFO - [2025-09-27T23:44:06.434+0100] {dag.py:4180} INFO - Setting next_dagrun for tutorial_taskflow_api to None, run_after=None
[2025-09-27T23:44:06.454+0100] {processor.py:208} INFO - Processing /home/engineer/project/airflow_env/lib/python3.12/site-packages/airflow/example_dags/tutorial_taskflow_api.py took 0.061 seconds
