[2025-09-27T23:26:47.785+0100] {processor.py:186} INFO - Started process (PID=19872) to work on /home/engineer/project/airflow_env/lib/python3.12/site-packages/airflow/example_dags/tutorial_dag.py
[2025-09-27T23:26:47.785+0100] {processor.py:914} INFO - Processing file /home/engineer/project/airflow_env/lib/python3.12/site-packages/airflow/example_dags/tutorial_dag.py for tasks to queue
[2025-09-27T23:26:47.787+0100] {logging_mixin.py:190} INFO - [2025-09-27T23:26:47.786+0100] {dagbag.py:588} INFO - Filling up the DagBag from /home/engineer/project/airflow_env/lib/python3.12/site-packages/airflow/example_dags/tutorial_dag.py
[2025-09-27T23:26:47.792+0100] {processor.py:925} INFO - DAG(s) 'tutorial_dag' retrieved from /home/engineer/project/airflow_env/lib/python3.12/site-packages/airflow/example_dags/tutorial_dag.py
[2025-09-27T23:26:47.866+0100] {logging_mixin.py:190} INFO - [2025-09-27T23:26:47.866+0100] {override.py:1900} INFO - Created Permission View: can delete on DAG:tutorial_dag
[2025-09-27T23:26:47.875+0100] {logging_mixin.py:190} INFO - [2025-09-27T23:26:47.874+0100] {override.py:1900} INFO - Created Permission View: can read on DAG:tutorial_dag
[2025-09-27T23:26:47.881+0100] {logging_mixin.py:190} INFO - [2025-09-27T23:26:47.881+0100] {override.py:1900} INFO - Created Permission View: can edit on DAG:tutorial_dag
[2025-09-27T23:26:47.893+0100] {logging_mixin.py:190} INFO - [2025-09-27T23:26:47.892+0100] {override.py:1900} INFO - Created Permission View: can delete on DAG Run:tutorial_dag
[2025-09-27T23:26:47.900+0100] {logging_mixin.py:190} INFO - [2025-09-27T23:26:47.900+0100] {override.py:1900} INFO - Created Permission View: can read on DAG Run:tutorial_dag
[2025-09-27T23:26:47.906+0100] {logging_mixin.py:190} INFO - [2025-09-27T23:26:47.906+0100] {override.py:1900} INFO - Created Permission View: can create on DAG Run:tutorial_dag
[2025-09-27T23:26:47.913+0100] {logging_mixin.py:190} INFO - [2025-09-27T23:26:47.912+0100] {override.py:1900} INFO - Created Permission View: menu access on DAG Run:tutorial_dag
[2025-09-27T23:26:47.913+0100] {logging_mixin.py:190} INFO - [2025-09-27T23:26:47.913+0100] {dag.py:3239} INFO - Sync 1 DAGs
[2025-09-27T23:26:47.922+0100] {logging_mixin.py:190} INFO - [2025-09-27T23:26:47.922+0100] {dag.py:3262} INFO - Creating ORM DAG for tutorial_dag
[2025-09-27T23:26:47.923+0100] {logging_mixin.py:190} INFO - [2025-09-27T23:26:47.923+0100] {dag.py:4180} INFO - Setting next_dagrun for tutorial_dag to None, run_after=None
[2025-09-27T23:26:47.936+0100] {processor.py:208} INFO - Processing /home/engineer/project/airflow_env/lib/python3.12/site-packages/airflow/example_dags/tutorial_dag.py took 0.155 seconds
[2025-09-27T23:27:47.638+0100] {processor.py:186} INFO - Started process (PID=20139) to work on /home/engineer/project/airflow_env/lib/python3.12/site-packages/airflow/example_dags/tutorial_dag.py
[2025-09-27T23:27:47.645+0100] {processor.py:914} INFO - Processing file /home/engineer/project/airflow_env/lib/python3.12/site-packages/airflow/example_dags/tutorial_dag.py for tasks to queue
[2025-09-27T23:27:47.646+0100] {logging_mixin.py:190} INFO - [2025-09-27T23:27:47.646+0100] {dagbag.py:588} INFO - Filling up the DagBag from /home/engineer/project/airflow_env/lib/python3.12/site-packages/airflow/example_dags/tutorial_dag.py
[2025-09-27T23:27:47.651+0100] {processor.py:925} INFO - DAG(s) 'tutorial_dag' retrieved from /home/engineer/project/airflow_env/lib/python3.12/site-packages/airflow/example_dags/tutorial_dag.py
[2025-09-27T23:27:47.662+0100] {logging_mixin.py:190} INFO - [2025-09-27T23:27:47.661+0100] {dag.py:3239} INFO - Sync 1 DAGs
[2025-09-27T23:27:47.670+0100] {logging_mixin.py:190} INFO - [2025-09-27T23:27:47.670+0100] {dag.py:4180} INFO - Setting next_dagrun for tutorial_dag to None, run_after=None
[2025-09-27T23:27:47.690+0100] {processor.py:208} INFO - Processing /home/engineer/project/airflow_env/lib/python3.12/site-packages/airflow/example_dags/tutorial_dag.py took 0.056 seconds
[2025-09-27T23:28:40.449+0100] {processor.py:186} INFO - Started process (PID=20375) to work on /home/engineer/project/airflow_env/lib/python3.12/site-packages/airflow/example_dags/tutorial_dag.py
[2025-09-27T23:28:40.451+0100] {processor.py:914} INFO - Processing file /home/engineer/project/airflow_env/lib/python3.12/site-packages/airflow/example_dags/tutorial_dag.py for tasks to queue
[2025-09-27T23:28:40.453+0100] {logging_mixin.py:190} INFO - [2025-09-27T23:28:40.452+0100] {dagbag.py:588} INFO - Filling up the DagBag from /home/engineer/project/airflow_env/lib/python3.12/site-packages/airflow/example_dags/tutorial_dag.py
[2025-09-27T23:28:40.458+0100] {processor.py:925} INFO - DAG(s) 'tutorial_dag' retrieved from /home/engineer/project/airflow_env/lib/python3.12/site-packages/airflow/example_dags/tutorial_dag.py
[2025-09-27T23:28:40.469+0100] {logging_mixin.py:190} INFO - [2025-09-27T23:28:40.469+0100] {dag.py:3239} INFO - Sync 1 DAGs
[2025-09-27T23:28:40.478+0100] {logging_mixin.py:190} INFO - [2025-09-27T23:28:40.478+0100] {dag.py:4180} INFO - Setting next_dagrun for tutorial_dag to None, run_after=None
[2025-09-27T23:28:40.495+0100] {processor.py:208} INFO - Processing /home/engineer/project/airflow_env/lib/python3.12/site-packages/airflow/example_dags/tutorial_dag.py took 0.051 seconds
[2025-09-27T23:29:32.275+0100] {processor.py:186} INFO - Started process (PID=20586) to work on /home/engineer/project/airflow_env/lib/python3.12/site-packages/airflow/example_dags/tutorial_dag.py
[2025-09-27T23:29:32.276+0100] {processor.py:914} INFO - Processing file /home/engineer/project/airflow_env/lib/python3.12/site-packages/airflow/example_dags/tutorial_dag.py for tasks to queue
[2025-09-27T23:29:32.278+0100] {logging_mixin.py:190} INFO - [2025-09-27T23:29:32.278+0100] {dagbag.py:588} INFO - Filling up the DagBag from /home/engineer/project/airflow_env/lib/python3.12/site-packages/airflow/example_dags/tutorial_dag.py
[2025-09-27T23:29:32.284+0100] {processor.py:925} INFO - DAG(s) 'tutorial_dag' retrieved from /home/engineer/project/airflow_env/lib/python3.12/site-packages/airflow/example_dags/tutorial_dag.py
[2025-09-27T23:29:32.295+0100] {logging_mixin.py:190} INFO - [2025-09-27T23:29:32.295+0100] {dag.py:3239} INFO - Sync 1 DAGs
[2025-09-27T23:29:32.303+0100] {logging_mixin.py:190} INFO - [2025-09-27T23:29:32.303+0100] {dag.py:4180} INFO - Setting next_dagrun for tutorial_dag to None, run_after=None
[2025-09-27T23:29:32.319+0100] {processor.py:208} INFO - Processing /home/engineer/project/airflow_env/lib/python3.12/site-packages/airflow/example_dags/tutorial_dag.py took 0.049 seconds
[2025-09-27T23:30:19.014+0100] {processor.py:186} INFO - Started process (PID=20776) to work on /home/engineer/project/airflow_env/lib/python3.12/site-packages/airflow/example_dags/tutorial_dag.py
[2025-09-27T23:30:19.016+0100] {processor.py:914} INFO - Processing file /home/engineer/project/airflow_env/lib/python3.12/site-packages/airflow/example_dags/tutorial_dag.py for tasks to queue
[2025-09-27T23:30:19.018+0100] {logging_mixin.py:190} INFO - [2025-09-27T23:30:19.018+0100] {dagbag.py:588} INFO - Filling up the DagBag from /home/engineer/project/airflow_env/lib/python3.12/site-packages/airflow/example_dags/tutorial_dag.py
[2025-09-27T23:30:19.026+0100] {processor.py:925} INFO - DAG(s) 'tutorial_dag' retrieved from /home/engineer/project/airflow_env/lib/python3.12/site-packages/airflow/example_dags/tutorial_dag.py
[2025-09-27T23:30:19.042+0100] {logging_mixin.py:190} INFO - [2025-09-27T23:30:19.042+0100] {dag.py:3239} INFO - Sync 1 DAGs
[2025-09-27T23:30:19.053+0100] {logging_mixin.py:190} INFO - [2025-09-27T23:30:19.053+0100] {dag.py:4180} INFO - Setting next_dagrun for tutorial_dag to None, run_after=None
[2025-09-27T23:30:19.072+0100] {processor.py:208} INFO - Processing /home/engineer/project/airflow_env/lib/python3.12/site-packages/airflow/example_dags/tutorial_dag.py took 0.062 seconds
[2025-09-27T23:31:07.140+0100] {processor.py:186} INFO - Started process (PID=21446) to work on /home/engineer/project/airflow_env/lib/python3.12/site-packages/airflow/example_dags/tutorial_dag.py
[2025-09-27T23:31:07.141+0100] {processor.py:914} INFO - Processing file /home/engineer/project/airflow_env/lib/python3.12/site-packages/airflow/example_dags/tutorial_dag.py for tasks to queue
[2025-09-27T23:31:07.143+0100] {logging_mixin.py:190} INFO - [2025-09-27T23:31:07.143+0100] {dagbag.py:588} INFO - Filling up the DagBag from /home/engineer/project/airflow_env/lib/python3.12/site-packages/airflow/example_dags/tutorial_dag.py
[2025-09-27T23:31:07.156+0100] {processor.py:925} INFO - DAG(s) 'tutorial_dag' retrieved from /home/engineer/project/airflow_env/lib/python3.12/site-packages/airflow/example_dags/tutorial_dag.py
[2025-09-27T23:31:07.172+0100] {logging_mixin.py:190} INFO - [2025-09-27T23:31:07.172+0100] {dag.py:3239} INFO - Sync 1 DAGs
[2025-09-27T23:31:07.184+0100] {logging_mixin.py:190} INFO - [2025-09-27T23:31:07.184+0100] {dag.py:4180} INFO - Setting next_dagrun for tutorial_dag to None, run_after=None
[2025-09-27T23:31:07.203+0100] {processor.py:208} INFO - Processing /home/engineer/project/airflow_env/lib/python3.12/site-packages/airflow/example_dags/tutorial_dag.py took 0.068 seconds
[2025-09-27T23:32:02.158+0100] {processor.py:186} INFO - Started process (PID=21805) to work on /home/engineer/project/airflow_env/lib/python3.12/site-packages/airflow/example_dags/tutorial_dag.py
[2025-09-27T23:32:02.166+0100] {processor.py:914} INFO - Processing file /home/engineer/project/airflow_env/lib/python3.12/site-packages/airflow/example_dags/tutorial_dag.py for tasks to queue
[2025-09-27T23:32:02.168+0100] {logging_mixin.py:190} INFO - [2025-09-27T23:32:02.168+0100] {dagbag.py:588} INFO - Filling up the DagBag from /home/engineer/project/airflow_env/lib/python3.12/site-packages/airflow/example_dags/tutorial_dag.py
[2025-09-27T23:32:02.175+0100] {processor.py:925} INFO - DAG(s) 'tutorial_dag' retrieved from /home/engineer/project/airflow_env/lib/python3.12/site-packages/airflow/example_dags/tutorial_dag.py
[2025-09-27T23:32:02.189+0100] {logging_mixin.py:190} INFO - [2025-09-27T23:32:02.188+0100] {dag.py:3239} INFO - Sync 1 DAGs
[2025-09-27T23:32:02.198+0100] {logging_mixin.py:190} INFO - [2025-09-27T23:32:02.198+0100] {dag.py:4180} INFO - Setting next_dagrun for tutorial_dag to None, run_after=None
[2025-09-27T23:32:02.214+0100] {processor.py:208} INFO - Processing /home/engineer/project/airflow_env/lib/python3.12/site-packages/airflow/example_dags/tutorial_dag.py took 0.059 seconds
[2025-09-27T23:32:52.539+0100] {processor.py:186} INFO - Started process (PID=22072) to work on /home/engineer/project/airflow_env/lib/python3.12/site-packages/airflow/example_dags/tutorial_dag.py
[2025-09-27T23:32:52.546+0100] {processor.py:914} INFO - Processing file /home/engineer/project/airflow_env/lib/python3.12/site-packages/airflow/example_dags/tutorial_dag.py for tasks to queue
[2025-09-27T23:32:52.548+0100] {logging_mixin.py:190} INFO - [2025-09-27T23:32:52.548+0100] {dagbag.py:588} INFO - Filling up the DagBag from /home/engineer/project/airflow_env/lib/python3.12/site-packages/airflow/example_dags/tutorial_dag.py
[2025-09-27T23:32:52.553+0100] {processor.py:925} INFO - DAG(s) 'tutorial_dag' retrieved from /home/engineer/project/airflow_env/lib/python3.12/site-packages/airflow/example_dags/tutorial_dag.py
[2025-09-27T23:32:52.564+0100] {logging_mixin.py:190} INFO - [2025-09-27T23:32:52.564+0100] {dag.py:3239} INFO - Sync 1 DAGs
[2025-09-27T23:32:52.575+0100] {logging_mixin.py:190} INFO - [2025-09-27T23:32:52.574+0100] {dag.py:4180} INFO - Setting next_dagrun for tutorial_dag to None, run_after=None
[2025-09-27T23:32:52.592+0100] {processor.py:208} INFO - Processing /home/engineer/project/airflow_env/lib/python3.12/site-packages/airflow/example_dags/tutorial_dag.py took 0.056 seconds
[2025-09-27T23:33:40.754+0100] {processor.py:186} INFO - Started process (PID=22265) to work on /home/engineer/project/airflow_env/lib/python3.12/site-packages/airflow/example_dags/tutorial_dag.py
[2025-09-27T23:33:40.755+0100] {processor.py:914} INFO - Processing file /home/engineer/project/airflow_env/lib/python3.12/site-packages/airflow/example_dags/tutorial_dag.py for tasks to queue
[2025-09-27T23:33:40.757+0100] {logging_mixin.py:190} INFO - [2025-09-27T23:33:40.756+0100] {dagbag.py:588} INFO - Filling up the DagBag from /home/engineer/project/airflow_env/lib/python3.12/site-packages/airflow/example_dags/tutorial_dag.py
[2025-09-27T23:33:40.762+0100] {processor.py:925} INFO - DAG(s) 'tutorial_dag' retrieved from /home/engineer/project/airflow_env/lib/python3.12/site-packages/airflow/example_dags/tutorial_dag.py
[2025-09-27T23:33:40.773+0100] {logging_mixin.py:190} INFO - [2025-09-27T23:33:40.773+0100] {dag.py:3239} INFO - Sync 1 DAGs
[2025-09-27T23:33:40.782+0100] {logging_mixin.py:190} INFO - [2025-09-27T23:33:40.782+0100] {dag.py:4180} INFO - Setting next_dagrun for tutorial_dag to None, run_after=None
[2025-09-27T23:33:40.800+0100] {processor.py:208} INFO - Processing /home/engineer/project/airflow_env/lib/python3.12/site-packages/airflow/example_dags/tutorial_dag.py took 0.050 seconds
[2025-09-27T23:34:31.700+0100] {processor.py:186} INFO - Started process (PID=22462) to work on /home/engineer/project/airflow_env/lib/python3.12/site-packages/airflow/example_dags/tutorial_dag.py
[2025-09-27T23:34:31.707+0100] {processor.py:914} INFO - Processing file /home/engineer/project/airflow_env/lib/python3.12/site-packages/airflow/example_dags/tutorial_dag.py for tasks to queue
[2025-09-27T23:34:31.709+0100] {logging_mixin.py:190} INFO - [2025-09-27T23:34:31.708+0100] {dagbag.py:588} INFO - Filling up the DagBag from /home/engineer/project/airflow_env/lib/python3.12/site-packages/airflow/example_dags/tutorial_dag.py
[2025-09-27T23:34:31.715+0100] {processor.py:925} INFO - DAG(s) 'tutorial_dag' retrieved from /home/engineer/project/airflow_env/lib/python3.12/site-packages/airflow/example_dags/tutorial_dag.py
[2025-09-27T23:34:31.727+0100] {logging_mixin.py:190} INFO - [2025-09-27T23:34:31.726+0100] {dag.py:3239} INFO - Sync 1 DAGs
[2025-09-27T23:34:31.736+0100] {logging_mixin.py:190} INFO - [2025-09-27T23:34:31.735+0100] {dag.py:4180} INFO - Setting next_dagrun for tutorial_dag to None, run_after=None
[2025-09-27T23:34:31.754+0100] {processor.py:208} INFO - Processing /home/engineer/project/airflow_env/lib/python3.12/site-packages/airflow/example_dags/tutorial_dag.py took 0.058 seconds
[2025-09-27T23:35:18.675+0100] {processor.py:186} INFO - Started process (PID=22650) to work on /home/engineer/project/airflow_env/lib/python3.12/site-packages/airflow/example_dags/tutorial_dag.py
[2025-09-27T23:35:18.676+0100] {processor.py:914} INFO - Processing file /home/engineer/project/airflow_env/lib/python3.12/site-packages/airflow/example_dags/tutorial_dag.py for tasks to queue
[2025-09-27T23:35:18.678+0100] {logging_mixin.py:190} INFO - [2025-09-27T23:35:18.677+0100] {dagbag.py:588} INFO - Filling up the DagBag from /home/engineer/project/airflow_env/lib/python3.12/site-packages/airflow/example_dags/tutorial_dag.py
[2025-09-27T23:35:18.685+0100] {processor.py:925} INFO - DAG(s) 'tutorial_dag' retrieved from /home/engineer/project/airflow_env/lib/python3.12/site-packages/airflow/example_dags/tutorial_dag.py
[2025-09-27T23:35:18.697+0100] {logging_mixin.py:190} INFO - [2025-09-27T23:35:18.697+0100] {dag.py:3239} INFO - Sync 1 DAGs
[2025-09-27T23:35:18.707+0100] {logging_mixin.py:190} INFO - [2025-09-27T23:35:18.707+0100] {dag.py:4180} INFO - Setting next_dagrun for tutorial_dag to None, run_after=None
[2025-09-27T23:35:18.722+0100] {processor.py:208} INFO - Processing /home/engineer/project/airflow_env/lib/python3.12/site-packages/airflow/example_dags/tutorial_dag.py took 0.052 seconds
[2025-09-27T23:36:07.775+0100] {processor.py:186} INFO - Started process (PID=22850) to work on /home/engineer/project/airflow_env/lib/python3.12/site-packages/airflow/example_dags/tutorial_dag.py
[2025-09-27T23:36:07.782+0100] {processor.py:914} INFO - Processing file /home/engineer/project/airflow_env/lib/python3.12/site-packages/airflow/example_dags/tutorial_dag.py for tasks to queue
[2025-09-27T23:36:07.783+0100] {logging_mixin.py:190} INFO - [2025-09-27T23:36:07.783+0100] {dagbag.py:588} INFO - Filling up the DagBag from /home/engineer/project/airflow_env/lib/python3.12/site-packages/airflow/example_dags/tutorial_dag.py
[2025-09-27T23:36:07.789+0100] {processor.py:925} INFO - DAG(s) 'tutorial_dag' retrieved from /home/engineer/project/airflow_env/lib/python3.12/site-packages/airflow/example_dags/tutorial_dag.py
[2025-09-27T23:36:07.800+0100] {logging_mixin.py:190} INFO - [2025-09-27T23:36:07.800+0100] {dag.py:3239} INFO - Sync 1 DAGs
[2025-09-27T23:36:07.808+0100] {logging_mixin.py:190} INFO - [2025-09-27T23:36:07.808+0100] {dag.py:4180} INFO - Setting next_dagrun for tutorial_dag to None, run_after=None
[2025-09-27T23:36:07.823+0100] {processor.py:208} INFO - Processing /home/engineer/project/airflow_env/lib/python3.12/site-packages/airflow/example_dags/tutorial_dag.py took 0.052 seconds
[2025-09-27T23:36:57.117+0100] {processor.py:186} INFO - Started process (PID=23070) to work on /home/engineer/project/airflow_env/lib/python3.12/site-packages/airflow/example_dags/tutorial_dag.py
[2025-09-27T23:36:57.124+0100] {processor.py:914} INFO - Processing file /home/engineer/project/airflow_env/lib/python3.12/site-packages/airflow/example_dags/tutorial_dag.py for tasks to queue
[2025-09-27T23:36:57.125+0100] {logging_mixin.py:190} INFO - [2025-09-27T23:36:57.124+0100] {dagbag.py:588} INFO - Filling up the DagBag from /home/engineer/project/airflow_env/lib/python3.12/site-packages/airflow/example_dags/tutorial_dag.py
[2025-09-27T23:36:57.130+0100] {processor.py:925} INFO - DAG(s) 'tutorial_dag' retrieved from /home/engineer/project/airflow_env/lib/python3.12/site-packages/airflow/example_dags/tutorial_dag.py
[2025-09-27T23:36:57.141+0100] {logging_mixin.py:190} INFO - [2025-09-27T23:36:57.140+0100] {dag.py:3239} INFO - Sync 1 DAGs
[2025-09-27T23:36:57.149+0100] {logging_mixin.py:190} INFO - [2025-09-27T23:36:57.149+0100] {dag.py:4180} INFO - Setting next_dagrun for tutorial_dag to None, run_after=None
[2025-09-27T23:36:57.164+0100] {processor.py:208} INFO - Processing /home/engineer/project/airflow_env/lib/python3.12/site-packages/airflow/example_dags/tutorial_dag.py took 0.051 seconds
[2025-09-27T23:37:44.490+0100] {processor.py:186} INFO - Started process (PID=23259) to work on /home/engineer/project/airflow_env/lib/python3.12/site-packages/airflow/example_dags/tutorial_dag.py
[2025-09-27T23:37:44.497+0100] {processor.py:914} INFO - Processing file /home/engineer/project/airflow_env/lib/python3.12/site-packages/airflow/example_dags/tutorial_dag.py for tasks to queue
[2025-09-27T23:37:44.497+0100] {logging_mixin.py:190} INFO - [2025-09-27T23:37:44.497+0100] {dagbag.py:588} INFO - Filling up the DagBag from /home/engineer/project/airflow_env/lib/python3.12/site-packages/airflow/example_dags/tutorial_dag.py
[2025-09-27T23:37:44.503+0100] {processor.py:925} INFO - DAG(s) 'tutorial_dag' retrieved from /home/engineer/project/airflow_env/lib/python3.12/site-packages/airflow/example_dags/tutorial_dag.py
[2025-09-27T23:37:44.513+0100] {logging_mixin.py:190} INFO - [2025-09-27T23:37:44.513+0100] {dag.py:3239} INFO - Sync 1 DAGs
[2025-09-27T23:37:44.522+0100] {logging_mixin.py:190} INFO - [2025-09-27T23:37:44.522+0100] {dag.py:4180} INFO - Setting next_dagrun for tutorial_dag to None, run_after=None
[2025-09-27T23:37:44.539+0100] {processor.py:208} INFO - Processing /home/engineer/project/airflow_env/lib/python3.12/site-packages/airflow/example_dags/tutorial_dag.py took 0.053 seconds
[2025-09-27T23:39:03.417+0100] {processor.py:186} INFO - Started process (PID=23475) to work on /home/engineer/project/airflow_env/lib/python3.12/site-packages/airflow/example_dags/tutorial_dag.py
[2025-09-27T23:39:03.419+0100] {processor.py:914} INFO - Processing file /home/engineer/project/airflow_env/lib/python3.12/site-packages/airflow/example_dags/tutorial_dag.py for tasks to queue
[2025-09-27T23:39:03.420+0100] {logging_mixin.py:190} INFO - [2025-09-27T23:39:03.419+0100] {dagbag.py:588} INFO - Filling up the DagBag from /home/engineer/project/airflow_env/lib/python3.12/site-packages/airflow/example_dags/tutorial_dag.py
[2025-09-27T23:39:03.426+0100] {processor.py:925} INFO - DAG(s) 'tutorial_dag' retrieved from /home/engineer/project/airflow_env/lib/python3.12/site-packages/airflow/example_dags/tutorial_dag.py
[2025-09-27T23:39:03.437+0100] {logging_mixin.py:190} INFO - [2025-09-27T23:39:03.437+0100] {dag.py:3239} INFO - Sync 1 DAGs
[2025-09-27T23:39:03.446+0100] {logging_mixin.py:190} INFO - [2025-09-27T23:39:03.445+0100] {dag.py:4180} INFO - Setting next_dagrun for tutorial_dag to None, run_after=None
[2025-09-27T23:39:03.462+0100] {processor.py:208} INFO - Processing /home/engineer/project/airflow_env/lib/python3.12/site-packages/airflow/example_dags/tutorial_dag.py took 0.049 seconds
[2025-09-27T23:39:57.164+0100] {processor.py:186} INFO - Started process (PID=23688) to work on /home/engineer/project/airflow_env/lib/python3.12/site-packages/airflow/example_dags/tutorial_dag.py
[2025-09-27T23:39:57.171+0100] {processor.py:914} INFO - Processing file /home/engineer/project/airflow_env/lib/python3.12/site-packages/airflow/example_dags/tutorial_dag.py for tasks to queue
[2025-09-27T23:39:57.172+0100] {logging_mixin.py:190} INFO - [2025-09-27T23:39:57.172+0100] {dagbag.py:588} INFO - Filling up the DagBag from /home/engineer/project/airflow_env/lib/python3.12/site-packages/airflow/example_dags/tutorial_dag.py
[2025-09-27T23:39:57.178+0100] {processor.py:925} INFO - DAG(s) 'tutorial_dag' retrieved from /home/engineer/project/airflow_env/lib/python3.12/site-packages/airflow/example_dags/tutorial_dag.py
[2025-09-27T23:39:57.189+0100] {logging_mixin.py:190} INFO - [2025-09-27T23:39:57.189+0100] {dag.py:3239} INFO - Sync 1 DAGs
[2025-09-27T23:39:57.197+0100] {logging_mixin.py:190} INFO - [2025-09-27T23:39:57.197+0100] {dag.py:4180} INFO - Setting next_dagrun for tutorial_dag to None, run_after=None
[2025-09-27T23:39:57.213+0100] {processor.py:208} INFO - Processing /home/engineer/project/airflow_env/lib/python3.12/site-packages/airflow/example_dags/tutorial_dag.py took 0.052 seconds
[2025-09-27T23:40:47.062+0100] {processor.py:186} INFO - Started process (PID=23884) to work on /home/engineer/project/airflow_env/lib/python3.12/site-packages/airflow/example_dags/tutorial_dag.py
[2025-09-27T23:40:47.066+0100] {processor.py:914} INFO - Processing file /home/engineer/project/airflow_env/lib/python3.12/site-packages/airflow/example_dags/tutorial_dag.py for tasks to queue
[2025-09-27T23:40:47.068+0100] {logging_mixin.py:190} INFO - [2025-09-27T23:40:47.067+0100] {dagbag.py:588} INFO - Filling up the DagBag from /home/engineer/project/airflow_env/lib/python3.12/site-packages/airflow/example_dags/tutorial_dag.py
[2025-09-27T23:40:47.077+0100] {processor.py:925} INFO - DAG(s) 'tutorial_dag' retrieved from /home/engineer/project/airflow_env/lib/python3.12/site-packages/airflow/example_dags/tutorial_dag.py
[2025-09-27T23:40:47.092+0100] {logging_mixin.py:190} INFO - [2025-09-27T23:40:47.092+0100] {dag.py:3239} INFO - Sync 1 DAGs
[2025-09-27T23:40:47.105+0100] {logging_mixin.py:190} INFO - [2025-09-27T23:40:47.104+0100] {dag.py:4180} INFO - Setting next_dagrun for tutorial_dag to None, run_after=None
[2025-09-27T23:40:47.125+0100] {processor.py:208} INFO - Processing /home/engineer/project/airflow_env/lib/python3.12/site-packages/airflow/example_dags/tutorial_dag.py took 0.070 seconds
[2025-09-27T23:41:36.505+0100] {processor.py:186} INFO - Started process (PID=24081) to work on /home/engineer/project/airflow_env/lib/python3.12/site-packages/airflow/example_dags/tutorial_dag.py
[2025-09-27T23:41:36.512+0100] {processor.py:914} INFO - Processing file /home/engineer/project/airflow_env/lib/python3.12/site-packages/airflow/example_dags/tutorial_dag.py for tasks to queue
[2025-09-27T23:41:36.513+0100] {logging_mixin.py:190} INFO - [2025-09-27T23:41:36.513+0100] {dagbag.py:588} INFO - Filling up the DagBag from /home/engineer/project/airflow_env/lib/python3.12/site-packages/airflow/example_dags/tutorial_dag.py
[2025-09-27T23:41:36.519+0100] {processor.py:925} INFO - DAG(s) 'tutorial_dag' retrieved from /home/engineer/project/airflow_env/lib/python3.12/site-packages/airflow/example_dags/tutorial_dag.py
[2025-09-27T23:41:36.529+0100] {logging_mixin.py:190} INFO - [2025-09-27T23:41:36.529+0100] {dag.py:3239} INFO - Sync 1 DAGs
[2025-09-27T23:41:36.538+0100] {logging_mixin.py:190} INFO - [2025-09-27T23:41:36.538+0100] {dag.py:4180} INFO - Setting next_dagrun for tutorial_dag to None, run_after=None
[2025-09-27T23:41:36.554+0100] {processor.py:208} INFO - Processing /home/engineer/project/airflow_env/lib/python3.12/site-packages/airflow/example_dags/tutorial_dag.py took 0.053 seconds
[2025-09-27T23:42:27.175+0100] {processor.py:186} INFO - Started process (PID=24307) to work on /home/engineer/project/airflow_env/lib/python3.12/site-packages/airflow/example_dags/tutorial_dag.py
[2025-09-27T23:42:27.177+0100] {processor.py:914} INFO - Processing file /home/engineer/project/airflow_env/lib/python3.12/site-packages/airflow/example_dags/tutorial_dag.py for tasks to queue
[2025-09-27T23:42:27.179+0100] {logging_mixin.py:190} INFO - [2025-09-27T23:42:27.178+0100] {dagbag.py:588} INFO - Filling up the DagBag from /home/engineer/project/airflow_env/lib/python3.12/site-packages/airflow/example_dags/tutorial_dag.py
[2025-09-27T23:42:27.190+0100] {processor.py:925} INFO - DAG(s) 'tutorial_dag' retrieved from /home/engineer/project/airflow_env/lib/python3.12/site-packages/airflow/example_dags/tutorial_dag.py
[2025-09-27T23:42:27.210+0100] {logging_mixin.py:190} INFO - [2025-09-27T23:42:27.209+0100] {dag.py:3239} INFO - Sync 1 DAGs
[2025-09-27T23:42:27.222+0100] {logging_mixin.py:190} INFO - [2025-09-27T23:42:27.222+0100] {dag.py:4180} INFO - Setting next_dagrun for tutorial_dag to None, run_after=None
[2025-09-27T23:42:27.244+0100] {processor.py:208} INFO - Processing /home/engineer/project/airflow_env/lib/python3.12/site-packages/airflow/example_dags/tutorial_dag.py took 0.074 seconds
[2025-09-27T23:43:18.538+0100] {processor.py:186} INFO - Started process (PID=24540) to work on /home/engineer/project/airflow_env/lib/python3.12/site-packages/airflow/example_dags/tutorial_dag.py
[2025-09-27T23:43:18.542+0100] {processor.py:914} INFO - Processing file /home/engineer/project/airflow_env/lib/python3.12/site-packages/airflow/example_dags/tutorial_dag.py for tasks to queue
[2025-09-27T23:43:18.543+0100] {logging_mixin.py:190} INFO - [2025-09-27T23:43:18.543+0100] {dagbag.py:588} INFO - Filling up the DagBag from /home/engineer/project/airflow_env/lib/python3.12/site-packages/airflow/example_dags/tutorial_dag.py
[2025-09-27T23:43:18.551+0100] {processor.py:925} INFO - DAG(s) 'tutorial_dag' retrieved from /home/engineer/project/airflow_env/lib/python3.12/site-packages/airflow/example_dags/tutorial_dag.py
[2025-09-27T23:43:18.566+0100] {logging_mixin.py:190} INFO - [2025-09-27T23:43:18.566+0100] {dag.py:3239} INFO - Sync 1 DAGs
[2025-09-27T23:43:18.579+0100] {logging_mixin.py:190} INFO - [2025-09-27T23:43:18.578+0100] {dag.py:4180} INFO - Setting next_dagrun for tutorial_dag to None, run_after=None
[2025-09-27T23:43:18.601+0100] {processor.py:208} INFO - Processing /home/engineer/project/airflow_env/lib/python3.12/site-packages/airflow/example_dags/tutorial_dag.py took 0.068 seconds
[2025-09-27T23:44:09.273+0100] {processor.py:186} INFO - Started process (PID=24867) to work on /home/engineer/project/airflow_env/lib/python3.12/site-packages/airflow/example_dags/tutorial_dag.py
[2025-09-27T23:44:09.280+0100] {processor.py:914} INFO - Processing file /home/engineer/project/airflow_env/lib/python3.12/site-packages/airflow/example_dags/tutorial_dag.py for tasks to queue
[2025-09-27T23:44:09.281+0100] {logging_mixin.py:190} INFO - [2025-09-27T23:44:09.281+0100] {dagbag.py:588} INFO - Filling up the DagBag from /home/engineer/project/airflow_env/lib/python3.12/site-packages/airflow/example_dags/tutorial_dag.py
[2025-09-27T23:44:09.287+0100] {processor.py:925} INFO - DAG(s) 'tutorial_dag' retrieved from /home/engineer/project/airflow_env/lib/python3.12/site-packages/airflow/example_dags/tutorial_dag.py
[2025-09-27T23:44:09.298+0100] {logging_mixin.py:190} INFO - [2025-09-27T23:44:09.298+0100] {dag.py:3239} INFO - Sync 1 DAGs
[2025-09-27T23:44:09.307+0100] {logging_mixin.py:190} INFO - [2025-09-27T23:44:09.307+0100] {dag.py:4180} INFO - Setting next_dagrun for tutorial_dag to None, run_after=None
[2025-09-27T23:44:09.323+0100] {processor.py:208} INFO - Processing /home/engineer/project/airflow_env/lib/python3.12/site-packages/airflow/example_dags/tutorial_dag.py took 0.053 seconds
