[2025-10-18T02:23:56.225+0100] {local_task_job_runner.py:123} INFO - ::group::Pre task execution logs
[2025-10-18T02:23:56.243+0100] {taskinstance.py:2612} INFO - Dependencies all met for dep_context=non-requeueable deps ti=<TaskInstance: process_web_log.transform_data scheduled__2025-10-17T00:00:00+00:00 [queued]>
[2025-10-18T02:23:56.259+0100] {taskinstance.py:2612} INFO - Dependencies all met for dep_context=requeueable deps ti=<TaskInstance: process_web_log.transform_data scheduled__2025-10-17T00:00:00+00:00 [queued]>
[2025-10-18T02:23:56.259+0100] {taskinstance.py:2865} INFO - Starting attempt 1 of 2
[2025-10-18T02:23:56.296+0100] {taskinstance.py:2888} INFO - Executing <Task(BashOperator): transform_data> on 2025-10-17 00:00:00+00:00
[2025-10-18T02:23:56.303+0100] {standard_task_runner.py:72} INFO - Started process 19738 to run task
[2025-10-18T02:23:56.310+0100] {standard_task_runner.py:104} INFO - Running: ['airflow', 'tasks', 'run', 'process_web_log', 'transform_data', 'scheduled__2025-10-17T00:00:00+00:00', '--job-id', '99', '--raw', '--subdir', 'DAGS_FOLDER/process_web_log.py', '--cfg-path', '/tmp/tmpmkam0ljx']
[2025-10-18T02:23:56.314+0100] {standard_task_runner.py:105} INFO - Job 99: Subtask transform_data
[2025-10-18T02:23:56.395+0100] {task_command.py:467} INFO - Running <TaskInstance: process_web_log.transform_data scheduled__2025-10-17T00:00:00+00:00 [running]> on host AZZ-PTT-1.localdomain
[2025-10-18T02:23:56.498+0100] {taskinstance.py:3131} INFO - Exporting env vars: AIRFLOW_CTX_DAG_EMAIL='kennethnebe@gmail.com' AIRFLOW_CTX_DAG_OWNER='Onyinyechukwu Kenneth Nebe' AIRFLOW_CTX_DAG_ID='process_web_log' AIRFLOW_CTX_TASK_ID='transform_data' AIRFLOW_CTX_EXECUTION_DATE='2025-10-17T00:00:00+00:00' AIRFLOW_CTX_TRY_NUMBER='1' AIRFLOW_CTX_DAG_RUN_ID='scheduled__2025-10-17T00:00:00+00:00'
[2025-10-18T02:23:56.499+0100] {taskinstance.py:731} INFO - ::endgroup::
[2025-10-18T02:23:56.522+0100] {subprocess.py:63} INFO - Tmp dir root location: /tmp
[2025-10-18T02:23:56.523+0100] {subprocess.py:75} INFO - Running command: ['/usr/bin/bash', '-c', 'grep -v "198.46.149.143" $AIRFLOW_HOME/dags/capstone/extracted_data.txt > $AIRFLOW_HOME/dags/capstone/transformed_data.txt']
[2025-10-18T02:23:56.531+0100] {subprocess.py:86} INFO - Output:
[2025-10-18T02:23:56.539+0100] {subprocess.py:97} INFO - Command exited with return code 0
[2025-10-18T02:23:56.565+0100] {taskinstance.py:340} INFO - ::group::Post task execution logs
[2025-10-18T02:23:56.566+0100] {taskinstance.py:352} INFO - Marking task as SUCCESS. dag_id=process_web_log, task_id=transform_data, run_id=scheduled__2025-10-17T00:00:00+00:00, execution_date=20251017T000000, start_date=20251018T012356, end_date=20251018T012356
[2025-10-18T02:23:56.605+0100] {local_task_job_runner.py:266} INFO - Task exited with return code 0
[2025-10-18T02:23:56.628+0100] {taskinstance.py:3900} INFO - 1 downstream tasks scheduled from follow-on schedule check
[2025-10-18T02:23:56.634+0100] {local_task_job_runner.py:245} INFO - ::endgroup::
