[2025-09-27T23:27:00.035+0100] {processor.py:186} INFO - Started process (PID=19919) to work on /home/engineer/project/airflow_env/lib/python3.12/site-packages/airflow/example_dags/plugins/event_listener.py
[2025-09-27T23:27:00.036+0100] {processor.py:914} INFO - Processing file /home/engineer/project/airflow_env/lib/python3.12/site-packages/airflow/example_dags/plugins/event_listener.py for tasks to queue
[2025-09-27T23:27:00.037+0100] {logging_mixin.py:190} INFO - [2025-09-27T23:27:00.037+0100] {dagbag.py:588} INFO - Filling up the DagBag from /home/engineer/project/airflow_env/lib/python3.12/site-packages/airflow/example_dags/plugins/event_listener.py
[2025-09-27T23:27:00.039+0100] {processor.py:927} WARNING - No viable dags retrieved from /home/engineer/project/airflow_env/lib/python3.12/site-packages/airflow/example_dags/plugins/event_listener.py
[2025-09-27T23:27:00.047+0100] {processor.py:208} INFO - Processing /home/engineer/project/airflow_env/lib/python3.12/site-packages/airflow/example_dags/plugins/event_listener.py took 0.016 seconds
[2025-09-27T23:27:57.925+0100] {processor.py:186} INFO - Started process (PID=20210) to work on /home/engineer/project/airflow_env/lib/python3.12/site-packages/airflow/example_dags/plugins/event_listener.py
[2025-09-27T23:27:57.933+0100] {processor.py:914} INFO - Processing file /home/engineer/project/airflow_env/lib/python3.12/site-packages/airflow/example_dags/plugins/event_listener.py for tasks to queue
[2025-09-27T23:27:57.934+0100] {logging_mixin.py:190} INFO - [2025-09-27T23:27:57.934+0100] {dagbag.py:588} INFO - Filling up the DagBag from /home/engineer/project/airflow_env/lib/python3.12/site-packages/airflow/example_dags/plugins/event_listener.py
[2025-09-27T23:27:57.936+0100] {processor.py:927} WARNING - No viable dags retrieved from /home/engineer/project/airflow_env/lib/python3.12/site-packages/airflow/example_dags/plugins/event_listener.py
[2025-09-27T23:27:57.943+0100] {processor.py:208} INFO - Processing /home/engineer/project/airflow_env/lib/python3.12/site-packages/airflow/example_dags/plugins/event_listener.py took 0.022 seconds
[2025-09-27T23:28:50.589+0100] {processor.py:186} INFO - Started process (PID=20416) to work on /home/engineer/project/airflow_env/lib/python3.12/site-packages/airflow/example_dags/plugins/event_listener.py
[2025-09-27T23:28:50.591+0100] {processor.py:914} INFO - Processing file /home/engineer/project/airflow_env/lib/python3.12/site-packages/airflow/example_dags/plugins/event_listener.py for tasks to queue
[2025-09-27T23:28:50.592+0100] {logging_mixin.py:190} INFO - [2025-09-27T23:28:50.592+0100] {dagbag.py:588} INFO - Filling up the DagBag from /home/engineer/project/airflow_env/lib/python3.12/site-packages/airflow/example_dags/plugins/event_listener.py
[2025-09-27T23:28:50.595+0100] {processor.py:927} WARNING - No viable dags retrieved from /home/engineer/project/airflow_env/lib/python3.12/site-packages/airflow/example_dags/plugins/event_listener.py
[2025-09-27T23:28:50.603+0100] {processor.py:208} INFO - Processing /home/engineer/project/airflow_env/lib/python3.12/site-packages/airflow/example_dags/plugins/event_listener.py took 0.019 seconds
[2025-09-27T23:29:43.547+0100] {processor.py:186} INFO - Started process (PID=20627) to work on /home/engineer/project/airflow_env/lib/python3.12/site-packages/airflow/example_dags/plugins/event_listener.py
[2025-09-27T23:29:43.549+0100] {processor.py:914} INFO - Processing file /home/engineer/project/airflow_env/lib/python3.12/site-packages/airflow/example_dags/plugins/event_listener.py for tasks to queue
[2025-09-27T23:29:43.550+0100] {logging_mixin.py:190} INFO - [2025-09-27T23:29:43.550+0100] {dagbag.py:588} INFO - Filling up the DagBag from /home/engineer/project/airflow_env/lib/python3.12/site-packages/airflow/example_dags/plugins/event_listener.py
[2025-09-27T23:29:43.551+0100] {processor.py:927} WARNING - No viable dags retrieved from /home/engineer/project/airflow_env/lib/python3.12/site-packages/airflow/example_dags/plugins/event_listener.py
[2025-09-27T23:29:43.559+0100] {processor.py:208} INFO - Processing /home/engineer/project/airflow_env/lib/python3.12/site-packages/airflow/example_dags/plugins/event_listener.py took 0.015 seconds
[2025-09-27T23:30:52.219+0100] {processor.py:186} INFO - Started process (PID=21132) to work on /home/engineer/project/airflow_env/lib/python3.12/site-packages/airflow/example_dags/plugins/event_listener.py
[2025-09-27T23:30:52.226+0100] {processor.py:914} INFO - Processing file /home/engineer/project/airflow_env/lib/python3.12/site-packages/airflow/example_dags/plugins/event_listener.py for tasks to queue
[2025-09-27T23:30:52.228+0100] {logging_mixin.py:190} INFO - [2025-09-27T23:30:52.227+0100] {dagbag.py:588} INFO - Filling up the DagBag from /home/engineer/project/airflow_env/lib/python3.12/site-packages/airflow/example_dags/plugins/event_listener.py
[2025-09-27T23:30:52.230+0100] {processor.py:927} WARNING - No viable dags retrieved from /home/engineer/project/airflow_env/lib/python3.12/site-packages/airflow/example_dags/plugins/event_listener.py
[2025-09-27T23:30:52.241+0100] {processor.py:208} INFO - Processing /home/engineer/project/airflow_env/lib/python3.12/site-packages/airflow/example_dags/plugins/event_listener.py took 0.026 seconds
[2025-09-27T23:31:44.781+0100] {processor.py:186} INFO - Started process (PID=21719) to work on /home/engineer/project/airflow_env/lib/python3.12/site-packages/airflow/example_dags/plugins/event_listener.py
[2025-09-27T23:31:44.782+0100] {processor.py:914} INFO - Processing file /home/engineer/project/airflow_env/lib/python3.12/site-packages/airflow/example_dags/plugins/event_listener.py for tasks to queue
[2025-09-27T23:31:44.784+0100] {logging_mixin.py:190} INFO - [2025-09-27T23:31:44.784+0100] {dagbag.py:588} INFO - Filling up the DagBag from /home/engineer/project/airflow_env/lib/python3.12/site-packages/airflow/example_dags/plugins/event_listener.py
[2025-09-27T23:31:44.786+0100] {processor.py:927} WARNING - No viable dags retrieved from /home/engineer/project/airflow_env/lib/python3.12/site-packages/airflow/example_dags/plugins/event_listener.py
[2025-09-27T23:31:44.796+0100] {processor.py:208} INFO - Processing /home/engineer/project/airflow_env/lib/python3.12/site-packages/airflow/example_dags/plugins/event_listener.py took 0.020 seconds
[2025-09-27T23:32:37.402+0100] {processor.py:186} INFO - Started process (PID=22014) to work on /home/engineer/project/airflow_env/lib/python3.12/site-packages/airflow/example_dags/plugins/event_listener.py
[2025-09-27T23:32:37.410+0100] {processor.py:914} INFO - Processing file /home/engineer/project/airflow_env/lib/python3.12/site-packages/airflow/example_dags/plugins/event_listener.py for tasks to queue
[2025-09-27T23:32:37.411+0100] {logging_mixin.py:190} INFO - [2025-09-27T23:32:37.411+0100] {dagbag.py:588} INFO - Filling up the DagBag from /home/engineer/project/airflow_env/lib/python3.12/site-packages/airflow/example_dags/plugins/event_listener.py
[2025-09-27T23:32:37.413+0100] {processor.py:927} WARNING - No viable dags retrieved from /home/engineer/project/airflow_env/lib/python3.12/site-packages/airflow/example_dags/plugins/event_listener.py
[2025-09-27T23:32:37.421+0100] {processor.py:208} INFO - Processing /home/engineer/project/airflow_env/lib/python3.12/site-packages/airflow/example_dags/plugins/event_listener.py took 0.023 seconds
[2025-09-27T23:33:49.290+0100] {processor.py:186} INFO - Started process (PID=22298) to work on /home/engineer/project/airflow_env/lib/python3.12/site-packages/airflow/example_dags/plugins/event_listener.py
[2025-09-27T23:33:49.298+0100] {processor.py:914} INFO - Processing file /home/engineer/project/airflow_env/lib/python3.12/site-packages/airflow/example_dags/plugins/event_listener.py for tasks to queue
[2025-09-27T23:33:49.299+0100] {logging_mixin.py:190} INFO - [2025-09-27T23:33:49.299+0100] {dagbag.py:588} INFO - Filling up the DagBag from /home/engineer/project/airflow_env/lib/python3.12/site-packages/airflow/example_dags/plugins/event_listener.py
[2025-09-27T23:33:49.301+0100] {processor.py:927} WARNING - No viable dags retrieved from /home/engineer/project/airflow_env/lib/python3.12/site-packages/airflow/example_dags/plugins/event_listener.py
[2025-09-27T23:33:49.311+0100] {processor.py:208} INFO - Processing /home/engineer/project/airflow_env/lib/python3.12/site-packages/airflow/example_dags/plugins/event_listener.py took 0.027 seconds
[2025-09-27T23:34:39.714+0100] {processor.py:186} INFO - Started process (PID=22494) to work on /home/engineer/project/airflow_env/lib/python3.12/site-packages/airflow/example_dags/plugins/event_listener.py
[2025-09-27T23:34:39.715+0100] {processor.py:914} INFO - Processing file /home/engineer/project/airflow_env/lib/python3.12/site-packages/airflow/example_dags/plugins/event_listener.py for tasks to queue
[2025-09-27T23:34:39.716+0100] {logging_mixin.py:190} INFO - [2025-09-27T23:34:39.716+0100] {dagbag.py:588} INFO - Filling up the DagBag from /home/engineer/project/airflow_env/lib/python3.12/site-packages/airflow/example_dags/plugins/event_listener.py
[2025-09-27T23:34:39.718+0100] {processor.py:927} WARNING - No viable dags retrieved from /home/engineer/project/airflow_env/lib/python3.12/site-packages/airflow/example_dags/plugins/event_listener.py
[2025-09-27T23:34:39.726+0100] {processor.py:208} INFO - Processing /home/engineer/project/airflow_env/lib/python3.12/site-packages/airflow/example_dags/plugins/event_listener.py took 0.017 seconds
[2025-09-27T23:35:51.517+0100] {processor.py:186} INFO - Started process (PID=22785) to work on /home/engineer/project/airflow_env/lib/python3.12/site-packages/airflow/example_dags/plugins/event_listener.py
[2025-09-27T23:35:51.524+0100] {processor.py:914} INFO - Processing file /home/engineer/project/airflow_env/lib/python3.12/site-packages/airflow/example_dags/plugins/event_listener.py for tasks to queue
[2025-09-27T23:35:51.526+0100] {logging_mixin.py:190} INFO - [2025-09-27T23:35:51.525+0100] {dagbag.py:588} INFO - Filling up the DagBag from /home/engineer/project/airflow_env/lib/python3.12/site-packages/airflow/example_dags/plugins/event_listener.py
[2025-09-27T23:35:51.527+0100] {processor.py:927} WARNING - No viable dags retrieved from /home/engineer/project/airflow_env/lib/python3.12/site-packages/airflow/example_dags/plugins/event_listener.py
[2025-09-27T23:35:51.535+0100] {processor.py:208} INFO - Processing /home/engineer/project/airflow_env/lib/python3.12/site-packages/airflow/example_dags/plugins/event_listener.py took 0.022 seconds
[2025-09-27T23:36:40.294+0100] {processor.py:186} INFO - Started process (PID=22998) to work on /home/engineer/project/airflow_env/lib/python3.12/site-packages/airflow/example_dags/plugins/event_listener.py
[2025-09-27T23:36:40.301+0100] {processor.py:914} INFO - Processing file /home/engineer/project/airflow_env/lib/python3.12/site-packages/airflow/example_dags/plugins/event_listener.py for tasks to queue
[2025-09-27T23:36:40.302+0100] {logging_mixin.py:190} INFO - [2025-09-27T23:36:40.301+0100] {dagbag.py:588} INFO - Filling up the DagBag from /home/engineer/project/airflow_env/lib/python3.12/site-packages/airflow/example_dags/plugins/event_listener.py
[2025-09-27T23:36:40.303+0100] {processor.py:927} WARNING - No viable dags retrieved from /home/engineer/project/airflow_env/lib/python3.12/site-packages/airflow/example_dags/plugins/event_listener.py
[2025-09-27T23:36:40.311+0100] {processor.py:208} INFO - Processing /home/engineer/project/airflow_env/lib/python3.12/site-packages/airflow/example_dags/plugins/event_listener.py took 0.021 seconds
[2025-09-27T23:37:27.944+0100] {processor.py:186} INFO - Started process (PID=23194) to work on /home/engineer/project/airflow_env/lib/python3.12/site-packages/airflow/example_dags/plugins/event_listener.py
[2025-09-27T23:37:27.950+0100] {processor.py:914} INFO - Processing file /home/engineer/project/airflow_env/lib/python3.12/site-packages/airflow/example_dags/plugins/event_listener.py for tasks to queue
[2025-09-27T23:37:27.951+0100] {logging_mixin.py:190} INFO - [2025-09-27T23:37:27.951+0100] {dagbag.py:588} INFO - Filling up the DagBag from /home/engineer/project/airflow_env/lib/python3.12/site-packages/airflow/example_dags/plugins/event_listener.py
[2025-09-27T23:37:27.953+0100] {processor.py:927} WARNING - No viable dags retrieved from /home/engineer/project/airflow_env/lib/python3.12/site-packages/airflow/example_dags/plugins/event_listener.py
[2025-09-27T23:37:27.962+0100] {processor.py:208} INFO - Processing /home/engineer/project/airflow_env/lib/python3.12/site-packages/airflow/example_dags/plugins/event_listener.py took 0.022 seconds
[2025-09-27T23:39:14.675+0100] {processor.py:186} INFO - Started process (PID=23516) to work on /home/engineer/project/airflow_env/lib/python3.12/site-packages/airflow/example_dags/plugins/event_listener.py
[2025-09-27T23:39:14.682+0100] {processor.py:914} INFO - Processing file /home/engineer/project/airflow_env/lib/python3.12/site-packages/airflow/example_dags/plugins/event_listener.py for tasks to queue
[2025-09-27T23:39:14.682+0100] {logging_mixin.py:190} INFO - [2025-09-27T23:39:14.682+0100] {dagbag.py:588} INFO - Filling up the DagBag from /home/engineer/project/airflow_env/lib/python3.12/site-packages/airflow/example_dags/plugins/event_listener.py
[2025-09-27T23:39:14.684+0100] {processor.py:927} WARNING - No viable dags retrieved from /home/engineer/project/airflow_env/lib/python3.12/site-packages/airflow/example_dags/plugins/event_listener.py
[2025-09-27T23:39:14.692+0100] {processor.py:208} INFO - Processing /home/engineer/project/airflow_env/lib/python3.12/site-packages/airflow/example_dags/plugins/event_listener.py took 0.021 seconds
[2025-09-27T23:40:08.563+0100] {processor.py:186} INFO - Started process (PID=23735) to work on /home/engineer/project/airflow_env/lib/python3.12/site-packages/airflow/example_dags/plugins/event_listener.py
[2025-09-27T23:40:08.564+0100] {processor.py:914} INFO - Processing file /home/engineer/project/airflow_env/lib/python3.12/site-packages/airflow/example_dags/plugins/event_listener.py for tasks to queue
[2025-09-27T23:40:08.565+0100] {logging_mixin.py:190} INFO - [2025-09-27T23:40:08.565+0100] {dagbag.py:588} INFO - Filling up the DagBag from /home/engineer/project/airflow_env/lib/python3.12/site-packages/airflow/example_dags/plugins/event_listener.py
[2025-09-27T23:40:08.567+0100] {processor.py:927} WARNING - No viable dags retrieved from /home/engineer/project/airflow_env/lib/python3.12/site-packages/airflow/example_dags/plugins/event_listener.py
[2025-09-27T23:40:08.574+0100] {processor.py:208} INFO - Processing /home/engineer/project/airflow_env/lib/python3.12/site-packages/airflow/example_dags/plugins/event_listener.py took 0.015 seconds
[2025-09-27T23:41:22.817+0100] {processor.py:186} INFO - Started process (PID=24028) to work on /home/engineer/project/airflow_env/lib/python3.12/site-packages/airflow/example_dags/plugins/event_listener.py
[2025-09-27T23:41:22.824+0100] {processor.py:914} INFO - Processing file /home/engineer/project/airflow_env/lib/python3.12/site-packages/airflow/example_dags/plugins/event_listener.py for tasks to queue
[2025-09-27T23:41:22.825+0100] {logging_mixin.py:190} INFO - [2025-09-27T23:41:22.825+0100] {dagbag.py:588} INFO - Filling up the DagBag from /home/engineer/project/airflow_env/lib/python3.12/site-packages/airflow/example_dags/plugins/event_listener.py
[2025-09-27T23:41:22.827+0100] {processor.py:927} WARNING - No viable dags retrieved from /home/engineer/project/airflow_env/lib/python3.12/site-packages/airflow/example_dags/plugins/event_listener.py
[2025-09-27T23:41:22.835+0100] {processor.py:208} INFO - Processing /home/engineer/project/airflow_env/lib/python3.12/site-packages/airflow/example_dags/plugins/event_listener.py took 0.022 seconds
[2025-09-27T23:42:13.180+0100] {processor.py:186} INFO - Started process (PID=24249) to work on /home/engineer/project/airflow_env/lib/python3.12/site-packages/airflow/example_dags/plugins/event_listener.py
[2025-09-27T23:42:13.187+0100] {processor.py:914} INFO - Processing file /home/engineer/project/airflow_env/lib/python3.12/site-packages/airflow/example_dags/plugins/event_listener.py for tasks to queue
[2025-09-27T23:42:13.189+0100] {logging_mixin.py:190} INFO - [2025-09-27T23:42:13.189+0100] {dagbag.py:588} INFO - Filling up the DagBag from /home/engineer/project/airflow_env/lib/python3.12/site-packages/airflow/example_dags/plugins/event_listener.py
[2025-09-27T23:42:13.192+0100] {processor.py:927} WARNING - No viable dags retrieved from /home/engineer/project/airflow_env/lib/python3.12/site-packages/airflow/example_dags/plugins/event_listener.py
[2025-09-27T23:42:13.204+0100] {processor.py:208} INFO - Processing /home/engineer/project/airflow_env/lib/python3.12/site-packages/airflow/example_dags/plugins/event_listener.py took 0.030 seconds
[2025-09-27T23:43:02.163+0100] {processor.py:186} INFO - Started process (PID=24446) to work on /home/engineer/project/airflow_env/lib/python3.12/site-packages/airflow/example_dags/plugins/event_listener.py
[2025-09-27T23:43:02.170+0100] {processor.py:914} INFO - Processing file /home/engineer/project/airflow_env/lib/python3.12/site-packages/airflow/example_dags/plugins/event_listener.py for tasks to queue
[2025-09-27T23:43:02.171+0100] {logging_mixin.py:190} INFO - [2025-09-27T23:43:02.171+0100] {dagbag.py:588} INFO - Filling up the DagBag from /home/engineer/project/airflow_env/lib/python3.12/site-packages/airflow/example_dags/plugins/event_listener.py
[2025-09-27T23:43:02.173+0100] {processor.py:927} WARNING - No viable dags retrieved from /home/engineer/project/airflow_env/lib/python3.12/site-packages/airflow/example_dags/plugins/event_listener.py
[2025-09-27T23:43:02.182+0100] {processor.py:208} INFO - Processing /home/engineer/project/airflow_env/lib/python3.12/site-packages/airflow/example_dags/plugins/event_listener.py took 0.024 seconds
[2025-09-27T23:43:54.992+0100] {processor.py:186} INFO - Started process (PID=24734) to work on /home/engineer/project/airflow_env/lib/python3.12/site-packages/airflow/example_dags/plugins/event_listener.py
[2025-09-27T23:43:54.993+0100] {processor.py:914} INFO - Processing file /home/engineer/project/airflow_env/lib/python3.12/site-packages/airflow/example_dags/plugins/event_listener.py for tasks to queue
[2025-09-27T23:43:54.995+0100] {logging_mixin.py:190} INFO - [2025-09-27T23:43:54.994+0100] {dagbag.py:588} INFO - Filling up the DagBag from /home/engineer/project/airflow_env/lib/python3.12/site-packages/airflow/example_dags/plugins/event_listener.py
[2025-09-27T23:43:54.998+0100] {processor.py:927} WARNING - No viable dags retrieved from /home/engineer/project/airflow_env/lib/python3.12/site-packages/airflow/example_dags/plugins/event_listener.py
[2025-09-27T23:43:55.007+0100] {processor.py:208} INFO - Processing /home/engineer/project/airflow_env/lib/python3.12/site-packages/airflow/example_dags/plugins/event_listener.py took 0.020 seconds
