[2025-09-27T23:26:58.899+0100] {processor.py:186} INFO - Started process (PID=19918) to work on /home/engineer/project/airflow_env/lib/python3.12/site-packages/airflow/example_dags/plugins/listener_plugin.py
[2025-09-27T23:26:58.900+0100] {processor.py:914} INFO - Processing file /home/engineer/project/airflow_env/lib/python3.12/site-packages/airflow/example_dags/plugins/listener_plugin.py for tasks to queue
[2025-09-27T23:26:58.901+0100] {logging_mixin.py:190} INFO - [2025-09-27T23:26:58.901+0100] {dagbag.py:588} INFO - Filling up the DagBag from /home/engineer/project/airflow_env/lib/python3.12/site-packages/airflow/example_dags/plugins/listener_plugin.py
[2025-09-27T23:26:58.903+0100] {processor.py:927} WARNING - No viable dags retrieved from /home/engineer/project/airflow_env/lib/python3.12/site-packages/airflow/example_dags/plugins/listener_plugin.py
[2025-09-27T23:26:58.911+0100] {processor.py:208} INFO - Processing /home/engineer/project/airflow_env/lib/python3.12/site-packages/airflow/example_dags/plugins/listener_plugin.py took 0.017 seconds
[2025-09-27T23:27:56.790+0100] {processor.py:186} INFO - Started process (PID=20203) to work on /home/engineer/project/airflow_env/lib/python3.12/site-packages/airflow/example_dags/plugins/listener_plugin.py
[2025-09-27T23:27:56.797+0100] {processor.py:914} INFO - Processing file /home/engineer/project/airflow_env/lib/python3.12/site-packages/airflow/example_dags/plugins/listener_plugin.py for tasks to queue
[2025-09-27T23:27:56.799+0100] {logging_mixin.py:190} INFO - [2025-09-27T23:27:56.799+0100] {dagbag.py:588} INFO - Filling up the DagBag from /home/engineer/project/airflow_env/lib/python3.12/site-packages/airflow/example_dags/plugins/listener_plugin.py
[2025-09-27T23:27:56.800+0100] {processor.py:927} WARNING - No viable dags retrieved from /home/engineer/project/airflow_env/lib/python3.12/site-packages/airflow/example_dags/plugins/listener_plugin.py
[2025-09-27T23:27:56.808+0100] {processor.py:208} INFO - Processing /home/engineer/project/airflow_env/lib/python3.12/site-packages/airflow/example_dags/plugins/listener_plugin.py took 0.022 seconds
[2025-09-27T23:28:49.451+0100] {processor.py:186} INFO - Started process (PID=20415) to work on /home/engineer/project/airflow_env/lib/python3.12/site-packages/airflow/example_dags/plugins/listener_plugin.py
[2025-09-27T23:28:49.452+0100] {processor.py:914} INFO - Processing file /home/engineer/project/airflow_env/lib/python3.12/site-packages/airflow/example_dags/plugins/listener_plugin.py for tasks to queue
[2025-09-27T23:28:49.454+0100] {logging_mixin.py:190} INFO - [2025-09-27T23:28:49.453+0100] {dagbag.py:588} INFO - Filling up the DagBag from /home/engineer/project/airflow_env/lib/python3.12/site-packages/airflow/example_dags/plugins/listener_plugin.py
[2025-09-27T23:28:49.455+0100] {processor.py:927} WARNING - No viable dags retrieved from /home/engineer/project/airflow_env/lib/python3.12/site-packages/airflow/example_dags/plugins/listener_plugin.py
[2025-09-27T23:28:49.464+0100] {processor.py:208} INFO - Processing /home/engineer/project/airflow_env/lib/python3.12/site-packages/airflow/example_dags/plugins/listener_plugin.py took 0.016 seconds
[2025-09-27T23:29:42.416+0100] {processor.py:186} INFO - Started process (PID=20626) to work on /home/engineer/project/airflow_env/lib/python3.12/site-packages/airflow/example_dags/plugins/listener_plugin.py
[2025-09-27T23:29:42.423+0100] {processor.py:914} INFO - Processing file /home/engineer/project/airflow_env/lib/python3.12/site-packages/airflow/example_dags/plugins/listener_plugin.py for tasks to queue
[2025-09-27T23:29:42.425+0100] {logging_mixin.py:190} INFO - [2025-09-27T23:29:42.425+0100] {dagbag.py:588} INFO - Filling up the DagBag from /home/engineer/project/airflow_env/lib/python3.12/site-packages/airflow/example_dags/plugins/listener_plugin.py
[2025-09-27T23:29:42.426+0100] {processor.py:927} WARNING - No viable dags retrieved from /home/engineer/project/airflow_env/lib/python3.12/site-packages/airflow/example_dags/plugins/listener_plugin.py
[2025-09-27T23:29:42.434+0100] {processor.py:208} INFO - Processing /home/engineer/project/airflow_env/lib/python3.12/site-packages/airflow/example_dags/plugins/listener_plugin.py took 0.022 seconds
[2025-09-27T23:30:51.082+0100] {processor.py:186} INFO - Started process (PID=21125) to work on /home/engineer/project/airflow_env/lib/python3.12/site-packages/airflow/example_dags/plugins/listener_plugin.py
[2025-09-27T23:30:51.083+0100] {processor.py:914} INFO - Processing file /home/engineer/project/airflow_env/lib/python3.12/site-packages/airflow/example_dags/plugins/listener_plugin.py for tasks to queue
[2025-09-27T23:30:51.085+0100] {logging_mixin.py:190} INFO - [2025-09-27T23:30:51.085+0100] {dagbag.py:588} INFO - Filling up the DagBag from /home/engineer/project/airflow_env/lib/python3.12/site-packages/airflow/example_dags/plugins/listener_plugin.py
[2025-09-27T23:30:51.086+0100] {processor.py:927} WARNING - No viable dags retrieved from /home/engineer/project/airflow_env/lib/python3.12/site-packages/airflow/example_dags/plugins/listener_plugin.py
[2025-09-27T23:30:51.094+0100] {processor.py:208} INFO - Processing /home/engineer/project/airflow_env/lib/python3.12/site-packages/airflow/example_dags/plugins/listener_plugin.py took 0.016 seconds
[2025-09-27T23:31:43.648+0100] {processor.py:186} INFO - Started process (PID=21712) to work on /home/engineer/project/airflow_env/lib/python3.12/site-packages/airflow/example_dags/plugins/listener_plugin.py
[2025-09-27T23:31:43.656+0100] {processor.py:914} INFO - Processing file /home/engineer/project/airflow_env/lib/python3.12/site-packages/airflow/example_dags/plugins/listener_plugin.py for tasks to queue
[2025-09-27T23:31:43.658+0100] {logging_mixin.py:190} INFO - [2025-09-27T23:31:43.658+0100] {dagbag.py:588} INFO - Filling up the DagBag from /home/engineer/project/airflow_env/lib/python3.12/site-packages/airflow/example_dags/plugins/listener_plugin.py
[2025-09-27T23:31:43.660+0100] {processor.py:927} WARNING - No viable dags retrieved from /home/engineer/project/airflow_env/lib/python3.12/site-packages/airflow/example_dags/plugins/listener_plugin.py
[2025-09-27T23:31:43.672+0100] {processor.py:208} INFO - Processing /home/engineer/project/airflow_env/lib/python3.12/site-packages/airflow/example_dags/plugins/listener_plugin.py took 0.030 seconds
[2025-09-27T23:32:36.274+0100] {processor.py:186} INFO - Started process (PID=22007) to work on /home/engineer/project/airflow_env/lib/python3.12/site-packages/airflow/example_dags/plugins/listener_plugin.py
[2025-09-27T23:32:36.281+0100] {processor.py:914} INFO - Processing file /home/engineer/project/airflow_env/lib/python3.12/site-packages/airflow/example_dags/plugins/listener_plugin.py for tasks to queue
[2025-09-27T23:32:36.283+0100] {logging_mixin.py:190} INFO - [2025-09-27T23:32:36.282+0100] {dagbag.py:588} INFO - Filling up the DagBag from /home/engineer/project/airflow_env/lib/python3.12/site-packages/airflow/example_dags/plugins/listener_plugin.py
[2025-09-27T23:32:36.284+0100] {processor.py:927} WARNING - No viable dags retrieved from /home/engineer/project/airflow_env/lib/python3.12/site-packages/airflow/example_dags/plugins/listener_plugin.py
[2025-09-27T23:32:36.293+0100] {processor.py:208} INFO - Processing /home/engineer/project/airflow_env/lib/python3.12/site-packages/airflow/example_dags/plugins/listener_plugin.py took 0.025 seconds
[2025-09-27T23:33:48.155+0100] {processor.py:186} INFO - Started process (PID=22291) to work on /home/engineer/project/airflow_env/lib/python3.12/site-packages/airflow/example_dags/plugins/listener_plugin.py
[2025-09-27T23:33:48.163+0100] {processor.py:914} INFO - Processing file /home/engineer/project/airflow_env/lib/python3.12/site-packages/airflow/example_dags/plugins/listener_plugin.py for tasks to queue
[2025-09-27T23:33:48.165+0100] {logging_mixin.py:190} INFO - [2025-09-27T23:33:48.164+0100] {dagbag.py:588} INFO - Filling up the DagBag from /home/engineer/project/airflow_env/lib/python3.12/site-packages/airflow/example_dags/plugins/listener_plugin.py
[2025-09-27T23:33:48.166+0100] {processor.py:927} WARNING - No viable dags retrieved from /home/engineer/project/airflow_env/lib/python3.12/site-packages/airflow/example_dags/plugins/listener_plugin.py
[2025-09-27T23:33:48.174+0100] {processor.py:208} INFO - Processing /home/engineer/project/airflow_env/lib/python3.12/site-packages/airflow/example_dags/plugins/listener_plugin.py took 0.023 seconds
[2025-09-27T23:34:38.585+0100] {processor.py:186} INFO - Started process (PID=22493) to work on /home/engineer/project/airflow_env/lib/python3.12/site-packages/airflow/example_dags/plugins/listener_plugin.py
[2025-09-27T23:34:38.592+0100] {processor.py:914} INFO - Processing file /home/engineer/project/airflow_env/lib/python3.12/site-packages/airflow/example_dags/plugins/listener_plugin.py for tasks to queue
[2025-09-27T23:34:38.594+0100] {logging_mixin.py:190} INFO - [2025-09-27T23:34:38.594+0100] {dagbag.py:588} INFO - Filling up the DagBag from /home/engineer/project/airflow_env/lib/python3.12/site-packages/airflow/example_dags/plugins/listener_plugin.py
[2025-09-27T23:34:38.596+0100] {processor.py:927} WARNING - No viable dags retrieved from /home/engineer/project/airflow_env/lib/python3.12/site-packages/airflow/example_dags/plugins/listener_plugin.py
[2025-09-27T23:34:38.606+0100] {processor.py:208} INFO - Processing /home/engineer/project/airflow_env/lib/python3.12/site-packages/airflow/example_dags/plugins/listener_plugin.py took 0.025 seconds
[2025-09-27T23:35:26.968+0100] {processor.py:186} INFO - Started process (PID=22688) to work on /home/engineer/project/airflow_env/lib/python3.12/site-packages/airflow/example_dags/plugins/listener_plugin.py
[2025-09-27T23:35:26.975+0100] {processor.py:914} INFO - Processing file /home/engineer/project/airflow_env/lib/python3.12/site-packages/airflow/example_dags/plugins/listener_plugin.py for tasks to queue
[2025-09-27T23:35:26.977+0100] {logging_mixin.py:190} INFO - [2025-09-27T23:35:26.977+0100] {dagbag.py:588} INFO - Filling up the DagBag from /home/engineer/project/airflow_env/lib/python3.12/site-packages/airflow/example_dags/plugins/listener_plugin.py
[2025-09-27T23:35:26.979+0100] {processor.py:927} WARNING - No viable dags retrieved from /home/engineer/project/airflow_env/lib/python3.12/site-packages/airflow/example_dags/plugins/listener_plugin.py
[2025-09-27T23:35:26.988+0100] {processor.py:208} INFO - Processing /home/engineer/project/airflow_env/lib/python3.12/site-packages/airflow/example_dags/plugins/listener_plugin.py took 0.024 seconds
[2025-09-27T23:36:15.351+0100] {processor.py:186} INFO - Started process (PID=22876) to work on /home/engineer/project/airflow_env/lib/python3.12/site-packages/airflow/example_dags/plugins/listener_plugin.py
[2025-09-27T23:36:15.358+0100] {processor.py:914} INFO - Processing file /home/engineer/project/airflow_env/lib/python3.12/site-packages/airflow/example_dags/plugins/listener_plugin.py for tasks to queue
[2025-09-27T23:36:15.359+0100] {logging_mixin.py:190} INFO - [2025-09-27T23:36:15.359+0100] {dagbag.py:588} INFO - Filling up the DagBag from /home/engineer/project/airflow_env/lib/python3.12/site-packages/airflow/example_dags/plugins/listener_plugin.py
[2025-09-27T23:36:15.361+0100] {processor.py:927} WARNING - No viable dags retrieved from /home/engineer/project/airflow_env/lib/python3.12/site-packages/airflow/example_dags/plugins/listener_plugin.py
[2025-09-27T23:36:15.368+0100] {processor.py:208} INFO - Processing /home/engineer/project/airflow_env/lib/python3.12/site-packages/airflow/example_dags/plugins/listener_plugin.py took 0.021 seconds
[2025-09-27T23:37:05.634+0100] {processor.py:186} INFO - Started process (PID=23102) to work on /home/engineer/project/airflow_env/lib/python3.12/site-packages/airflow/example_dags/plugins/listener_plugin.py
[2025-09-27T23:37:05.641+0100] {processor.py:914} INFO - Processing file /home/engineer/project/airflow_env/lib/python3.12/site-packages/airflow/example_dags/plugins/listener_plugin.py for tasks to queue
[2025-09-27T23:37:05.642+0100] {logging_mixin.py:190} INFO - [2025-09-27T23:37:05.641+0100] {dagbag.py:588} INFO - Filling up the DagBag from /home/engineer/project/airflow_env/lib/python3.12/site-packages/airflow/example_dags/plugins/listener_plugin.py
[2025-09-27T23:37:05.643+0100] {processor.py:927} WARNING - No viable dags retrieved from /home/engineer/project/airflow_env/lib/python3.12/site-packages/airflow/example_dags/plugins/listener_plugin.py
[2025-09-27T23:37:05.651+0100] {processor.py:208} INFO - Processing /home/engineer/project/airflow_env/lib/python3.12/site-packages/airflow/example_dags/plugins/listener_plugin.py took 0.021 seconds
[2025-09-27T23:39:13.546+0100] {processor.py:186} INFO - Started process (PID=23515) to work on /home/engineer/project/airflow_env/lib/python3.12/site-packages/airflow/example_dags/plugins/listener_plugin.py
[2025-09-27T23:39:13.553+0100] {processor.py:914} INFO - Processing file /home/engineer/project/airflow_env/lib/python3.12/site-packages/airflow/example_dags/plugins/listener_plugin.py for tasks to queue
[2025-09-27T23:39:13.554+0100] {logging_mixin.py:190} INFO - [2025-09-27T23:39:13.554+0100] {dagbag.py:588} INFO - Filling up the DagBag from /home/engineer/project/airflow_env/lib/python3.12/site-packages/airflow/example_dags/plugins/listener_plugin.py
[2025-09-27T23:39:13.555+0100] {processor.py:927} WARNING - No viable dags retrieved from /home/engineer/project/airflow_env/lib/python3.12/site-packages/airflow/example_dags/plugins/listener_plugin.py
[2025-09-27T23:39:13.563+0100] {processor.py:208} INFO - Processing /home/engineer/project/airflow_env/lib/python3.12/site-packages/airflow/example_dags/plugins/listener_plugin.py took 0.022 seconds
[2025-09-27T23:40:07.436+0100] {processor.py:186} INFO - Started process (PID=23728) to work on /home/engineer/project/airflow_env/lib/python3.12/site-packages/airflow/example_dags/plugins/listener_plugin.py
[2025-09-27T23:40:07.437+0100] {processor.py:914} INFO - Processing file /home/engineer/project/airflow_env/lib/python3.12/site-packages/airflow/example_dags/plugins/listener_plugin.py for tasks to queue
[2025-09-27T23:40:07.438+0100] {logging_mixin.py:190} INFO - [2025-09-27T23:40:07.438+0100] {dagbag.py:588} INFO - Filling up the DagBag from /home/engineer/project/airflow_env/lib/python3.12/site-packages/airflow/example_dags/plugins/listener_plugin.py
[2025-09-27T23:40:07.439+0100] {processor.py:927} WARNING - No viable dags retrieved from /home/engineer/project/airflow_env/lib/python3.12/site-packages/airflow/example_dags/plugins/listener_plugin.py
[2025-09-27T23:40:07.447+0100] {processor.py:208} INFO - Processing /home/engineer/project/airflow_env/lib/python3.12/site-packages/airflow/example_dags/plugins/listener_plugin.py took 0.016 seconds
[2025-09-27T23:40:55.632+0100] {processor.py:186} INFO - Started process (PID=23924) to work on /home/engineer/project/airflow_env/lib/python3.12/site-packages/airflow/example_dags/plugins/listener_plugin.py
[2025-09-27T23:40:55.640+0100] {processor.py:914} INFO - Processing file /home/engineer/project/airflow_env/lib/python3.12/site-packages/airflow/example_dags/plugins/listener_plugin.py for tasks to queue
[2025-09-27T23:40:55.642+0100] {logging_mixin.py:190} INFO - [2025-09-27T23:40:55.641+0100] {dagbag.py:588} INFO - Filling up the DagBag from /home/engineer/project/airflow_env/lib/python3.12/site-packages/airflow/example_dags/plugins/listener_plugin.py
[2025-09-27T23:40:55.644+0100] {processor.py:927} WARNING - No viable dags retrieved from /home/engineer/project/airflow_env/lib/python3.12/site-packages/airflow/example_dags/plugins/listener_plugin.py
[2025-09-27T23:40:55.656+0100] {processor.py:208} INFO - Processing /home/engineer/project/airflow_env/lib/python3.12/site-packages/airflow/example_dags/plugins/listener_plugin.py took 0.030 seconds
[2025-09-27T23:41:45.501+0100] {processor.py:186} INFO - Started process (PID=24121) to work on /home/engineer/project/airflow_env/lib/python3.12/site-packages/airflow/example_dags/plugins/listener_plugin.py
[2025-09-27T23:41:45.508+0100] {processor.py:914} INFO - Processing file /home/engineer/project/airflow_env/lib/python3.12/site-packages/airflow/example_dags/plugins/listener_plugin.py for tasks to queue
[2025-09-27T23:41:45.509+0100] {logging_mixin.py:190} INFO - [2025-09-27T23:41:45.508+0100] {dagbag.py:588} INFO - Filling up the DagBag from /home/engineer/project/airflow_env/lib/python3.12/site-packages/airflow/example_dags/plugins/listener_plugin.py
[2025-09-27T23:41:45.510+0100] {processor.py:927} WARNING - No viable dags retrieved from /home/engineer/project/airflow_env/lib/python3.12/site-packages/airflow/example_dags/plugins/listener_plugin.py
[2025-09-27T23:41:45.519+0100] {processor.py:208} INFO - Processing /home/engineer/project/airflow_env/lib/python3.12/site-packages/airflow/example_dags/plugins/listener_plugin.py took 0.023 seconds
[2025-09-27T23:42:36.173+0100] {processor.py:186} INFO - Started process (PID=24347) to work on /home/engineer/project/airflow_env/lib/python3.12/site-packages/airflow/example_dags/plugins/listener_plugin.py
[2025-09-27T23:42:36.180+0100] {processor.py:914} INFO - Processing file /home/engineer/project/airflow_env/lib/python3.12/site-packages/airflow/example_dags/plugins/listener_plugin.py for tasks to queue
[2025-09-27T23:42:36.183+0100] {logging_mixin.py:190} INFO - [2025-09-27T23:42:36.182+0100] {dagbag.py:588} INFO - Filling up the DagBag from /home/engineer/project/airflow_env/lib/python3.12/site-packages/airflow/example_dags/plugins/listener_plugin.py
[2025-09-27T23:42:36.186+0100] {processor.py:927} WARNING - No viable dags retrieved from /home/engineer/project/airflow_env/lib/python3.12/site-packages/airflow/example_dags/plugins/listener_plugin.py
[2025-09-27T23:42:36.201+0100] {processor.py:208} INFO - Processing /home/engineer/project/airflow_env/lib/python3.12/site-packages/airflow/example_dags/plugins/listener_plugin.py took 0.033 seconds
[2025-09-27T23:43:28.152+0100] {processor.py:186} INFO - Started process (PID=24612) to work on /home/engineer/project/airflow_env/lib/python3.12/site-packages/airflow/example_dags/plugins/listener_plugin.py
[2025-09-27T23:43:28.159+0100] {processor.py:914} INFO - Processing file /home/engineer/project/airflow_env/lib/python3.12/site-packages/airflow/example_dags/plugins/listener_plugin.py for tasks to queue
[2025-09-27T23:43:28.159+0100] {logging_mixin.py:190} INFO - [2025-09-27T23:43:28.159+0100] {dagbag.py:588} INFO - Filling up the DagBag from /home/engineer/project/airflow_env/lib/python3.12/site-packages/airflow/example_dags/plugins/listener_plugin.py
[2025-09-27T23:43:28.161+0100] {processor.py:927} WARNING - No viable dags retrieved from /home/engineer/project/airflow_env/lib/python3.12/site-packages/airflow/example_dags/plugins/listener_plugin.py
[2025-09-27T23:43:28.169+0100] {processor.py:208} INFO - Processing /home/engineer/project/airflow_env/lib/python3.12/site-packages/airflow/example_dags/plugins/listener_plugin.py took 0.021 seconds
[2025-09-27T23:44:18.416+0100] {processor.py:186} INFO - Started process (PID=24928) to work on /home/engineer/project/airflow_env/lib/python3.12/site-packages/airflow/example_dags/plugins/listener_plugin.py
[2025-09-27T23:44:18.423+0100] {processor.py:914} INFO - Processing file /home/engineer/project/airflow_env/lib/python3.12/site-packages/airflow/example_dags/plugins/listener_plugin.py for tasks to queue
[2025-09-27T23:44:18.424+0100] {logging_mixin.py:190} INFO - [2025-09-27T23:44:18.424+0100] {dagbag.py:588} INFO - Filling up the DagBag from /home/engineer/project/airflow_env/lib/python3.12/site-packages/airflow/example_dags/plugins/listener_plugin.py
[2025-09-27T23:44:18.425+0100] {processor.py:927} WARNING - No viable dags retrieved from /home/engineer/project/airflow_env/lib/python3.12/site-packages/airflow/example_dags/plugins/listener_plugin.py
[2025-09-27T23:44:18.433+0100] {processor.py:208} INFO - Processing /home/engineer/project/airflow_env/lib/python3.12/site-packages/airflow/example_dags/plugins/listener_plugin.py took 0.021 seconds
