[2025-09-28T10:51:31.947+0100] {local_task_job_runner.py:123} INFO - ::group::Pre task execution logs
[2025-09-28T10:51:32.008+0100] {taskinstance.py:2612} INFO - Dependencies all met for dep_context=non-requeueable deps ti=<TaskInstance: ETL_toll_data.unzip_data manual__2025-09-28T09:51:29.333501+00:00 [queued]>
[2025-09-28T10:51:32.013+0100] {taskinstance.py:2612} INFO - Dependencies all met for dep_context=requeueable deps ti=<TaskInstance: ETL_toll_data.unzip_data manual__2025-09-28T09:51:29.333501+00:00 [queued]>
[2025-09-28T10:51:32.014+0100] {taskinstance.py:2865} INFO - Starting attempt 1 of 2
[2025-09-28T10:51:32.024+0100] {taskinstance.py:2888} INFO - Executing <Task(BashOperator): unzip_data> on 2025-09-28 09:51:29.333501+00:00
[2025-09-28T10:51:32.027+0100] {standard_task_runner.py:72} INFO - Started process 14603 to run task
[2025-09-28T10:51:32.030+0100] {standard_task_runner.py:104} INFO - Running: ['airflow', 'tasks', 'run', 'ETL_toll_data', 'unzip_data', 'manual__2025-09-28T09:51:29.333501+00:00', '--job-id', '15', '--raw', '--subdir', 'DAGS_FOLDER/ETL_toll_data.py', '--cfg-path', '/tmp/tmpg1ocyhfe']
[2025-09-28T10:51:32.031+0100] {standard_task_runner.py:105} INFO - Job 15: Subtask unzip_data
[2025-09-28T10:51:32.065+0100] {task_command.py:467} INFO - Running <TaskInstance: ETL_toll_data.unzip_data manual__2025-09-28T09:51:29.333501+00:00 [running]> on host AZZ-PTT-1.localdomain
[2025-09-28T10:51:32.120+0100] {taskinstance.py:3131} INFO - Exporting env vars: AIRFLOW_CTX_DAG_EMAIL='thengineer@data.com' AIRFLOW_CTX_DAG_OWNER='The Engineer' AIRFLOW_CTX_DAG_ID='ETL_toll_data' AIRFLOW_CTX_TASK_ID='unzip_data' AIRFLOW_CTX_EXECUTION_DATE='2025-09-28T09:51:29.333501+00:00' AIRFLOW_CTX_TRY_NUMBER='1' AIRFLOW_CTX_DAG_RUN_ID='manual__2025-09-28T09:51:29.333501+00:00'
[2025-09-28T10:51:32.120+0100] {taskinstance.py:731} INFO - ::endgroup::
[2025-09-28T10:51:32.134+0100] {subprocess.py:63} INFO - Tmp dir root location: /tmp
[2025-09-28T10:51:32.135+0100] {subprocess.py:75} INFO - Running command: ['/usr/bin/bash', '-c', 'tar -xvf /home/engineer/project/tolldata.tgz -C /home/engineer/project/tolldata']
[2025-09-28T10:51:32.140+0100] {subprocess.py:86} INFO - Output:
[2025-09-28T10:51:32.148+0100] {subprocess.py:93} INFO - fileformats.txt
[2025-09-28T10:51:32.148+0100] {subprocess.py:93} INFO - payment-data.txt
[2025-09-28T10:51:32.151+0100] {subprocess.py:93} INFO - ._tollplaza-data.tsv
[2025-09-28T10:51:32.152+0100] {subprocess.py:93} INFO - tollplaza-data.tsv
[2025-09-28T10:51:32.155+0100] {subprocess.py:93} INFO - ._vehicle-data.csv
[2025-09-28T10:51:32.155+0100] {subprocess.py:93} INFO - vehicle-data.csv
[2025-09-28T10:51:32.159+0100] {subprocess.py:97} INFO - Command exited with return code 0
[2025-09-28T10:51:32.172+0100] {taskinstance.py:340} INFO - ::group::Post task execution logs
[2025-09-28T10:51:32.173+0100] {taskinstance.py:352} INFO - Marking task as SUCCESS. dag_id=ETL_toll_data, task_id=unzip_data, run_id=manual__2025-09-28T09:51:29.333501+00:00, execution_date=20250928T095129, start_date=20250928T095132, end_date=20250928T095132
[2025-09-28T10:51:32.204+0100] {local_task_job_runner.py:266} INFO - Task exited with return code 0
[2025-09-28T10:51:32.217+0100] {taskinstance.py:3900} INFO - 1 downstream tasks scheduled from follow-on schedule check
[2025-09-28T10:51:32.224+0100] {local_task_job_runner.py:245} INFO - ::endgroup::
