[2025-09-28T10:21:20.057+0100] {local_task_job_runner.py:123} INFO - ::group::Pre task execution logs
[2025-09-28T10:21:20.065+0100] {taskinstance.py:2612} INFO - Dependencies all met for dep_context=non-requeueable deps ti=<TaskInstance: ETL_toll_data.unzip_data manual__2025-09-28T09:21:17.553074+00:00 [queued]>
[2025-09-28T10:21:20.122+0100] {taskinstance.py:2612} INFO - Dependencies all met for dep_context=requeueable deps ti=<TaskInstance: ETL_toll_data.unzip_data manual__2025-09-28T09:21:17.553074+00:00 [queued]>
[2025-09-28T10:21:20.122+0100] {taskinstance.py:2865} INFO - Starting attempt 1 of 2
[2025-09-28T10:21:20.133+0100] {taskinstance.py:2888} INFO - Executing <Task(BashOperator): unzip_data> on 2025-09-28 09:21:17.553074+00:00
[2025-09-28T10:21:20.135+0100] {standard_task_runner.py:72} INFO - Started process 7567 to run task
[2025-09-28T10:21:20.138+0100] {standard_task_runner.py:104} INFO - Running: ['airflow', 'tasks', 'run', 'ETL_toll_data', 'unzip_data', 'manual__2025-09-28T09:21:17.553074+00:00', '--job-id', '4', '--raw', '--subdir', 'DAGS_FOLDER/ETL_toll_data.py', '--cfg-path', '/tmp/tmpnhyvu7_7']
[2025-09-28T10:21:20.139+0100] {standard_task_runner.py:105} INFO - Job 4: Subtask unzip_data
[2025-09-28T10:21:20.172+0100] {task_command.py:467} INFO - Running <TaskInstance: ETL_toll_data.unzip_data manual__2025-09-28T09:21:17.553074+00:00 [running]> on host AZZ-PTT-1.localdomain
[2025-09-28T10:21:20.221+0100] {taskinstance.py:3131} INFO - Exporting env vars: AIRFLOW_CTX_DAG_EMAIL='thengineer@data.com' AIRFLOW_CTX_DAG_OWNER='The Engineer' AIRFLOW_CTX_DAG_ID='ETL_toll_data' AIRFLOW_CTX_TASK_ID='unzip_data' AIRFLOW_CTX_EXECUTION_DATE='2025-09-28T09:21:17.553074+00:00' AIRFLOW_CTX_TRY_NUMBER='1' AIRFLOW_CTX_DAG_RUN_ID='manual__2025-09-28T09:21:17.553074+00:00'
[2025-09-28T10:21:20.221+0100] {taskinstance.py:731} INFO - ::endgroup::
[2025-09-28T10:21:20.237+0100] {subprocess.py:63} INFO - Tmp dir root location: /tmp
[2025-09-28T10:21:20.238+0100] {subprocess.py:75} INFO - Running command: ['/usr/bin/bash', '-c', 'tar -xvf /home/engineer/project/tolldata.tgz -C /home/engineer/project/tolldata']
[2025-09-28T10:21:20.242+0100] {subprocess.py:86} INFO - Output:
[2025-09-28T10:21:20.251+0100] {subprocess.py:93} INFO - fileformats.txt
[2025-09-28T10:21:20.252+0100] {subprocess.py:93} INFO - payment-data.txt
[2025-09-28T10:21:20.255+0100] {subprocess.py:93} INFO - ._tollplaza-data.tsv
[2025-09-28T10:21:20.255+0100] {subprocess.py:93} INFO - tollplaza-data.tsv
[2025-09-28T10:21:20.258+0100] {subprocess.py:93} INFO - ._vehicle-data.csv
[2025-09-28T10:21:20.258+0100] {subprocess.py:93} INFO - vehicle-data.csv
[2025-09-28T10:21:20.262+0100] {subprocess.py:97} INFO - Command exited with return code 0
[2025-09-28T10:21:20.275+0100] {taskinstance.py:340} INFO - ::group::Post task execution logs
[2025-09-28T10:21:20.275+0100] {taskinstance.py:352} INFO - Marking task as SUCCESS. dag_id=ETL_toll_data, task_id=unzip_data, run_id=manual__2025-09-28T09:21:17.553074+00:00, execution_date=20250928T092117, start_date=20250928T092120, end_date=20250928T092120
[2025-09-28T10:21:20.311+0100] {local_task_job_runner.py:266} INFO - Task exited with return code 0
[2025-09-28T10:21:20.323+0100] {taskinstance.py:3900} INFO - 1 downstream tasks scheduled from follow-on schedule check
[2025-09-28T10:21:20.328+0100] {local_task_job_runner.py:245} INFO - ::endgroup::
