[2025-09-28T10:21:23.102+0100] {local_task_job_runner.py:123} INFO - ::group::Pre task execution logs
[2025-09-28T10:21:23.109+0100] {taskinstance.py:2612} INFO - Dependencies all met for dep_context=non-requeueable deps ti=<TaskInstance: ETL_toll_data.extract_data_from_tsv manual__2025-09-28T09:21:17.553074+00:00 [queued]>
[2025-09-28T10:21:23.163+0100] {taskinstance.py:2612} INFO - Dependencies all met for dep_context=requeueable deps ti=<TaskInstance: ETL_toll_data.extract_data_from_tsv manual__2025-09-28T09:21:17.553074+00:00 [queued]>
[2025-09-28T10:21:23.163+0100] {taskinstance.py:2865} INFO - Starting attempt 1 of 2
[2025-09-28T10:21:23.174+0100] {taskinstance.py:2888} INFO - Executing <Task(BashOperator): extract_data_from_tsv> on 2025-09-28 09:21:17.553074+00:00
[2025-09-28T10:21:23.177+0100] {standard_task_runner.py:72} INFO - Started process 7598 to run task
[2025-09-28T10:21:23.179+0100] {standard_task_runner.py:104} INFO - Running: ['airflow', 'tasks', 'run', 'ETL_toll_data', 'extract_data_from_tsv', 'manual__2025-09-28T09:21:17.553074+00:00', '--job-id', '6', '--raw', '--subdir', 'DAGS_FOLDER/ETL_toll_data.py', '--cfg-path', '/tmp/tmp8k07q39o']
[2025-09-28T10:21:23.180+0100] {standard_task_runner.py:105} INFO - Job 6: Subtask extract_data_from_tsv
[2025-09-28T10:21:23.210+0100] {task_command.py:467} INFO - Running <TaskInstance: ETL_toll_data.extract_data_from_tsv manual__2025-09-28T09:21:17.553074+00:00 [running]> on host AZZ-PTT-1.localdomain
[2025-09-28T10:21:23.258+0100] {taskinstance.py:3131} INFO - Exporting env vars: AIRFLOW_CTX_DAG_EMAIL='thengineer@data.com' AIRFLOW_CTX_DAG_OWNER='The Engineer' AIRFLOW_CTX_DAG_ID='ETL_toll_data' AIRFLOW_CTX_TASK_ID='extract_data_from_tsv' AIRFLOW_CTX_EXECUTION_DATE='2025-09-28T09:21:17.553074+00:00' AIRFLOW_CTX_TRY_NUMBER='1' AIRFLOW_CTX_DAG_RUN_ID='manual__2025-09-28T09:21:17.553074+00:00'
[2025-09-28T10:21:23.259+0100] {taskinstance.py:731} INFO - ::endgroup::
[2025-09-28T10:21:23.269+0100] {subprocess.py:63} INFO - Tmp dir root location: /tmp
[2025-09-28T10:21:23.270+0100] {subprocess.py:75} INFO - Running command: ['/usr/bin/bash', '-c', "cut -d$'\t' -f5,6,7 /home/engineer/project/tolldata/tollplaza-data.tsv |tr -d '\n' |tr '\t' ',' > /home/engineer/project/tolldata/cleaned/tsv_data.csv"]
[2025-09-28T10:21:23.275+0100] {subprocess.py:86} INFO - Output:
[2025-09-28T10:21:23.279+0100] {subprocess.py:97} INFO - Command exited with return code 0
[2025-09-28T10:21:23.291+0100] {taskinstance.py:340} INFO - ::group::Post task execution logs
[2025-09-28T10:21:23.292+0100] {taskinstance.py:352} INFO - Marking task as SUCCESS. dag_id=ETL_toll_data, task_id=extract_data_from_tsv, run_id=manual__2025-09-28T09:21:17.553074+00:00, execution_date=20250928T092117, start_date=20250928T092123, end_date=20250928T092123
[2025-09-28T10:21:23.312+0100] {local_task_job_runner.py:266} INFO - Task exited with return code 0
[2025-09-28T10:21:23.324+0100] {taskinstance.py:3900} INFO - 1 downstream tasks scheduled from follow-on schedule check
[2025-09-28T10:21:23.329+0100] {local_task_job_runner.py:245} INFO - ::endgroup::
