[2025-09-28T11:53:37.524+0100] {local_task_job_runner.py:123} INFO - ::group::Pre task execution logs
[2025-09-28T11:53:37.535+0100] {taskinstance.py:2612} INFO - Dependencies all met for dep_context=non-requeueable deps ti=<TaskInstance: ETL_toll_data.extract_data_from_fixed_width manual__2025-09-28T10:53:25.390997+00:00 [queued]>
[2025-09-28T11:53:37.540+0100] {taskinstance.py:2612} INFO - Dependencies all met for dep_context=requeueable deps ti=<TaskInstance: ETL_toll_data.extract_data_from_fixed_width manual__2025-09-28T10:53:25.390997+00:00 [queued]>
[2025-09-28T11:53:37.540+0100] {taskinstance.py:2865} INFO - Starting attempt 1 of 2
[2025-09-28T11:53:37.559+0100] {taskinstance.py:2888} INFO - Executing <Task(BashOperator): extract_data_from_fixed_width> on 2025-09-28 10:53:25.390997+00:00
[2025-09-28T11:53:37.564+0100] {standard_task_runner.py:72} INFO - Started process 1042 to run task
[2025-09-28T11:53:37.568+0100] {standard_task_runner.py:104} INFO - Running: ['airflow', 'tasks', 'run', 'ETL_toll_data', 'extract_data_from_fixed_width', 'manual__2025-09-28T10:53:25.390997+00:00', '--job-id', '29', '--raw', '--subdir', 'DAGS_FOLDER/ETL_toll_data.py', '--cfg-path', '/tmp/tmp9bi0gjpe']
[2025-09-28T11:53:37.569+0100] {standard_task_runner.py:105} INFO - Job 29: Subtask extract_data_from_fixed_width
[2025-09-28T11:53:37.620+0100] {task_command.py:467} INFO - Running <TaskInstance: ETL_toll_data.extract_data_from_fixed_width manual__2025-09-28T10:53:25.390997+00:00 [running]> on host AZZ-PTT-1.localdomain
[2025-09-28T11:53:37.695+0100] {taskinstance.py:3131} INFO - Exporting env vars: AIRFLOW_CTX_DAG_EMAIL='thengineer@data.com' AIRFLOW_CTX_DAG_OWNER='The Engineer' AIRFLOW_CTX_DAG_ID='ETL_toll_data' AIRFLOW_CTX_TASK_ID='extract_data_from_fixed_width' AIRFLOW_CTX_EXECUTION_DATE='2025-09-28T10:53:25.390997+00:00' AIRFLOW_CTX_TRY_NUMBER='1' AIRFLOW_CTX_DAG_RUN_ID='manual__2025-09-28T10:53:25.390997+00:00'
[2025-09-28T11:53:37.696+0100] {taskinstance.py:731} INFO - ::endgroup::
[2025-09-28T11:53:37.708+0100] {subprocess.py:63} INFO - Tmp dir root location: /tmp
[2025-09-28T11:53:37.709+0100] {subprocess.py:75} INFO - Running command: ['/usr/bin/bash', '-c', "cut -c59-62,63-67 /home/engineer/project/tolldata/payment-data.txt | tr ' ' ',' > /home/engineer/project/tolldata/cleaned/fixed_width_data.csv"]
[2025-09-28T11:53:37.717+0100] {subprocess.py:86} INFO - Output:
[2025-09-28T11:53:37.721+0100] {subprocess.py:97} INFO - Command exited with return code 0
[2025-09-28T11:53:37.740+0100] {taskinstance.py:340} INFO - ::group::Post task execution logs
[2025-09-28T11:53:37.740+0100] {taskinstance.py:352} INFO - Marking task as SUCCESS. dag_id=ETL_toll_data, task_id=extract_data_from_fixed_width, run_id=manual__2025-09-28T10:53:25.390997+00:00, execution_date=20250928T105325, start_date=20250928T105337, end_date=20250928T105337
[2025-09-28T11:53:37.783+0100] {local_task_job_runner.py:266} INFO - Task exited with return code 0
[2025-09-28T11:53:37.817+0100] {taskinstance.py:3900} INFO - 1 downstream tasks scheduled from follow-on schedule check
[2025-09-28T11:53:37.823+0100] {local_task_job_runner.py:245} INFO - ::endgroup::
