[2025-10-18T02:22:25.396+0100] {local_task_job_runner.py:123} INFO - ::group::Pre task execution logs
[2025-10-18T02:22:25.407+0100] {taskinstance.py:2612} INFO - Dependencies all met for dep_context=non-requeueable deps ti=<TaskInstance: process_web_log.extract_data scheduled__2025-10-17T00:00:00+00:00 [queued]>
[2025-10-18T02:22:25.413+0100] {taskinstance.py:2612} INFO - Dependencies all met for dep_context=requeueable deps ti=<TaskInstance: process_web_log.extract_data scheduled__2025-10-17T00:00:00+00:00 [queued]>
[2025-10-18T02:22:25.413+0100] {taskinstance.py:2865} INFO - Starting attempt 1 of 2
[2025-10-18T02:22:25.425+0100] {taskinstance.py:2888} INFO - Executing <Task(BashOperator): extract_data> on 2025-10-17 00:00:00+00:00
[2025-10-18T02:22:25.432+0100] {standard_task_runner.py:72} INFO - Started process 19687 to run task
[2025-10-18T02:22:25.439+0100] {standard_task_runner.py:104} INFO - Running: ['airflow', 'tasks', 'run', 'process_web_log', 'extract_data', 'scheduled__2025-10-17T00:00:00+00:00', '--job-id', '98', '--raw', '--subdir', 'DAGS_FOLDER/process_web_log.py', '--cfg-path', '/tmp/tmpwt1vc0p7']
[2025-10-18T02:22:25.443+0100] {standard_task_runner.py:105} INFO - Job 98: Subtask extract_data
[2025-10-18T02:22:25.506+0100] {task_command.py:467} INFO - Running <TaskInstance: process_web_log.extract_data scheduled__2025-10-17T00:00:00+00:00 [running]> on host AZZ-PTT-1.localdomain
[2025-10-18T02:22:25.589+0100] {taskinstance.py:3131} INFO - Exporting env vars: AIRFLOW_CTX_DAG_EMAIL='kennethnebe@gmail.com' AIRFLOW_CTX_DAG_OWNER='Onyinyechukwu Kenneth Nebe' AIRFLOW_CTX_DAG_ID='process_web_log' AIRFLOW_CTX_TASK_ID='extract_data' AIRFLOW_CTX_EXECUTION_DATE='2025-10-17T00:00:00+00:00' AIRFLOW_CTX_TRY_NUMBER='1' AIRFLOW_CTX_DAG_RUN_ID='scheduled__2025-10-17T00:00:00+00:00'
[2025-10-18T02:22:25.590+0100] {taskinstance.py:731} INFO - ::endgroup::
[2025-10-18T02:22:25.617+0100] {subprocess.py:63} INFO - Tmp dir root location: /tmp
[2025-10-18T02:22:25.618+0100] {subprocess.py:75} INFO - Running command: ['/usr/bin/bash', '-c', 'cut -d " " -f1 $AIRFLOW_HOME/dags/capstone/accesslog.txt > $AIRFLOW_HOME/dags/capstone/extracted_data.txt']
[2025-10-18T02:22:25.629+0100] {subprocess.py:86} INFO - Output:
[2025-10-18T02:22:25.648+0100] {subprocess.py:97} INFO - Command exited with return code 0
[2025-10-18T02:22:25.676+0100] {taskinstance.py:340} INFO - ::group::Post task execution logs
[2025-10-18T02:22:25.677+0100] {taskinstance.py:352} INFO - Marking task as SUCCESS. dag_id=process_web_log, task_id=extract_data, run_id=scheduled__2025-10-17T00:00:00+00:00, execution_date=20251017T000000, start_date=20251018T012225, end_date=20251018T012225
[2025-10-18T02:22:25.736+0100] {local_task_job_runner.py:266} INFO - Task exited with return code 0
[2025-10-18T02:22:25.771+0100] {taskinstance.py:3900} INFO - 1 downstream tasks scheduled from follow-on schedule check
[2025-10-18T02:22:25.780+0100] {local_task_job_runner.py:245} INFO - ::endgroup::
