[2025-10-18T07:20:09.926+0100] {local_task_job_runner.py:123} INFO - ::group::Pre task execution logs
[2025-10-18T07:20:09.936+0100] {taskinstance.py:2612} INFO - Dependencies all met for dep_context=non-requeueable deps ti=<TaskInstance: process_web_log.load_data scheduled__2025-10-17T00:00:00+00:00 [queued]>
[2025-10-18T07:20:09.942+0100] {taskinstance.py:2612} INFO - Dependencies all met for dep_context=requeueable deps ti=<TaskInstance: process_web_log.load_data scheduled__2025-10-17T00:00:00+00:00 [queued]>
[2025-10-18T07:20:09.942+0100] {taskinstance.py:2865} INFO - Starting attempt 1 of 1
[2025-10-18T07:20:09.954+0100] {taskinstance.py:2888} INFO - Executing <Task(BashOperator): load_data> on 2025-10-17 00:00:00+00:00
[2025-10-18T07:20:09.957+0100] {standard_task_runner.py:72} INFO - Started process 19777 to run task
[2025-10-18T07:20:09.962+0100] {standard_task_runner.py:104} INFO - Running: ['airflow', 'tasks', 'run', 'process_web_log', 'load_data', 'scheduled__2025-10-17T00:00:00+00:00', '--job-id', '100', '--raw', '--subdir', 'DAGS_FOLDER/process_web_log.py', '--cfg-path', '/tmp/tmp8p_v5ddq']
[2025-10-18T07:20:09.964+0100] {standard_task_runner.py:105} INFO - Job 100: Subtask load_data
[2025-10-18T07:20:10.010+0100] {task_command.py:467} INFO - Running <TaskInstance: process_web_log.load_data scheduled__2025-10-17T00:00:00+00:00 [running]> on host AZZ-PTT-1.localdomain
[2025-10-18T07:20:10.076+0100] {taskinstance.py:3131} INFO - Exporting env vars: AIRFLOW_CTX_DAG_OWNER='airflow' AIRFLOW_CTX_DAG_ID='process_web_log' AIRFLOW_CTX_TASK_ID='load_data' AIRFLOW_CTX_EXECUTION_DATE='2025-10-17T00:00:00+00:00' AIRFLOW_CTX_TRY_NUMBER='1' AIRFLOW_CTX_DAG_RUN_ID='scheduled__2025-10-17T00:00:00+00:00'
[2025-10-18T07:20:10.077+0100] {taskinstance.py:731} INFO - ::endgroup::
[2025-10-18T07:20:10.090+0100] {subprocess.py:63} INFO - Tmp dir root location: /tmp
[2025-10-18T07:20:10.091+0100] {subprocess.py:75} INFO - Running command: ['/usr/bin/bash', '-c', 'tar -cvf $AIRFLOW_HOME/dags/capstone/weblog.tar $AIRFLOW_HOME/dags/capstone/transformed_data.txt']
[2025-10-18T07:20:10.098+0100] {subprocess.py:86} INFO - Output:
[2025-10-18T07:20:10.104+0100] {subprocess.py:93} INFO - tar: Removing leading `/' from member names
[2025-10-18T07:20:10.105+0100] {subprocess.py:93} INFO - /home/engineer/project/airflow_home/dags/capstone/transformed_data.txt
[2025-10-18T07:20:10.105+0100] {subprocess.py:97} INFO - Command exited with return code 0
[2025-10-18T07:20:10.122+0100] {taskinstance.py:340} INFO - ::group::Post task execution logs
[2025-10-18T07:20:10.122+0100] {taskinstance.py:352} INFO - Marking task as SUCCESS. dag_id=process_web_log, task_id=load_data, run_id=scheduled__2025-10-17T00:00:00+00:00, execution_date=20251017T000000, start_date=20251018T062009, end_date=20251018T062010
[2025-10-18T07:20:10.174+0100] {local_task_job_runner.py:266} INFO - Task exited with return code 0
[2025-10-18T07:20:10.182+0100] {taskinstance.py:3900} INFO - 0 downstream tasks scheduled from follow-on schedule check
[2025-10-18T07:20:10.183+0100] {local_task_job_runner.py:245} INFO - ::endgroup::
