[2025-09-28T10:21:26.133+0100] {local_task_job_runner.py:123} INFO - ::group::Pre task execution logs
[2025-09-28T10:21:26.201+0100] {taskinstance.py:2612} INFO - Dependencies all met for dep_context=non-requeueable deps ti=<TaskInstance: ETL_toll_data.consolidate_data manual__2025-09-28T09:21:17.553074+00:00 [queued]>
[2025-09-28T10:21:26.205+0100] {taskinstance.py:2612} INFO - Dependencies all met for dep_context=requeueable deps ti=<TaskInstance: ETL_toll_data.consolidate_data manual__2025-09-28T09:21:17.553074+00:00 [queued]>
[2025-09-28T10:21:26.206+0100] {taskinstance.py:2865} INFO - Starting attempt 1 of 2
[2025-09-28T10:21:26.219+0100] {taskinstance.py:2888} INFO - Executing <Task(BashOperator): consolidate_data> on 2025-09-28 09:21:17.553074+00:00
[2025-09-28T10:21:26.221+0100] {standard_task_runner.py:72} INFO - Started process 7682 to run task
[2025-09-28T10:21:26.225+0100] {standard_task_runner.py:104} INFO - Running: ['airflow', 'tasks', 'run', 'ETL_toll_data', 'consolidate_data', 'manual__2025-09-28T09:21:17.553074+00:00', '--job-id', '8', '--raw', '--subdir', 'DAGS_FOLDER/ETL_toll_data.py', '--cfg-path', '/tmp/tmpmuu0jton']
[2025-09-28T10:21:26.227+0100] {standard_task_runner.py:105} INFO - Job 8: Subtask consolidate_data
[2025-09-28T10:21:26.263+0100] {task_command.py:467} INFO - Running <TaskInstance: ETL_toll_data.consolidate_data manual__2025-09-28T09:21:17.553074+00:00 [running]> on host AZZ-PTT-1.localdomain
[2025-09-28T10:21:26.313+0100] {taskinstance.py:3131} INFO - Exporting env vars: AIRFLOW_CTX_DAG_EMAIL='thengineer@data.com' AIRFLOW_CTX_DAG_OWNER='The Engineer' AIRFLOW_CTX_DAG_ID='ETL_toll_data' AIRFLOW_CTX_TASK_ID='consolidate_data' AIRFLOW_CTX_EXECUTION_DATE='2025-09-28T09:21:17.553074+00:00' AIRFLOW_CTX_TRY_NUMBER='1' AIRFLOW_CTX_DAG_RUN_ID='manual__2025-09-28T09:21:17.553074+00:00'
[2025-09-28T10:21:26.314+0100] {taskinstance.py:731} INFO - ::endgroup::
[2025-09-28T10:21:26.322+0100] {subprocess.py:63} INFO - Tmp dir root location: /tmp
[2025-09-28T10:21:26.324+0100] {subprocess.py:75} INFO - Running command: ['/usr/bin/bash', '-c', "paste -d',' /home/engineer/project/tolldata/cleaned/csv_data.csv /home/engineer/project/tolldata/cleaned/tsv_data.csv /home/engineer/project/tolldata/cleaned/fixed_width_data.csv > /home/engineer/project/tolldata/cleaned/extracted_data.csv"]
[2025-09-28T10:21:26.329+0100] {subprocess.py:86} INFO - Output:
[2025-09-28T10:21:26.336+0100] {subprocess.py:97} INFO - Command exited with return code 0
[2025-09-28T10:21:26.351+0100] {taskinstance.py:340} INFO - ::group::Post task execution logs
[2025-09-28T10:21:26.351+0100] {taskinstance.py:352} INFO - Marking task as SUCCESS. dag_id=ETL_toll_data, task_id=consolidate_data, run_id=manual__2025-09-28T09:21:17.553074+00:00, execution_date=20250928T092117, start_date=20250928T092126, end_date=20250928T092126
[2025-09-28T10:21:26.398+0100] {local_task_job_runner.py:266} INFO - Task exited with return code 0
[2025-09-28T10:21:26.411+0100] {taskinstance.py:3900} INFO - 1 downstream tasks scheduled from follow-on schedule check
[2025-09-28T10:21:26.416+0100] {local_task_job_runner.py:245} INFO - ::endgroup::
