[2025-09-28T12:11:11.314+0100] {local_task_job_runner.py:123} INFO - ::group::Pre task execution logs
[2025-09-28T12:11:11.320+0100] {taskinstance.py:2612} INFO - Dependencies all met for dep_context=non-requeueable deps ti=<TaskInstance: ETL_toll_data.extract_data_from_tsv manual__2025-09-28T11:11:05.873650+00:00 [queued]>
[2025-09-28T12:11:11.323+0100] {taskinstance.py:2612} INFO - Dependencies all met for dep_context=requeueable deps ti=<TaskInstance: ETL_toll_data.extract_data_from_tsv manual__2025-09-28T11:11:05.873650+00:00 [queued]>
[2025-09-28T12:11:11.323+0100] {taskinstance.py:2865} INFO - Starting attempt 1 of 2
[2025-09-28T12:11:11.336+0100] {taskinstance.py:2888} INFO - Executing <Task(BashOperator): extract_data_from_tsv> on 2025-09-28 11:11:05.873650+00:00
[2025-09-28T12:11:11.340+0100] {standard_task_runner.py:72} INFO - Started process 6160 to run task
[2025-09-28T12:11:11.342+0100] {standard_task_runner.py:104} INFO - Running: ['airflow', 'tasks', 'run', 'ETL_toll_data', 'extract_data_from_tsv', 'manual__2025-09-28T11:11:05.873650+00:00', '--job-id', '34', '--raw', '--subdir', 'DAGS_FOLDER/ETL_toll_data.py', '--cfg-path', '/tmp/tmpoywjmxgy']
[2025-09-28T12:11:11.343+0100] {standard_task_runner.py:105} INFO - Job 34: Subtask extract_data_from_tsv
[2025-09-28T12:11:11.378+0100] {task_command.py:467} INFO - Running <TaskInstance: ETL_toll_data.extract_data_from_tsv manual__2025-09-28T11:11:05.873650+00:00 [running]> on host AZZ-PTT-1.localdomain
[2025-09-28T12:11:11.427+0100] {taskinstance.py:3131} INFO - Exporting env vars: AIRFLOW_CTX_DAG_EMAIL='kennethnebe@gmail.com' AIRFLOW_CTX_DAG_OWNER='The Engineer' AIRFLOW_CTX_DAG_ID='ETL_toll_data' AIRFLOW_CTX_TASK_ID='extract_data_from_tsv' AIRFLOW_CTX_EXECUTION_DATE='2025-09-28T11:11:05.873650+00:00' AIRFLOW_CTX_TRY_NUMBER='1' AIRFLOW_CTX_DAG_RUN_ID='manual__2025-09-28T11:11:05.873650+00:00'
[2025-09-28T12:11:11.428+0100] {taskinstance.py:731} INFO - ::endgroup::
[2025-09-28T12:11:11.437+0100] {subprocess.py:63} INFO - Tmp dir root location: /tmp
[2025-09-28T12:11:11.438+0100] {subprocess.py:75} INFO - Running command: ['/usr/bin/bash', '-c', "cut -d$'\t' -f5,6,7 /home/engineer/project/tolldata/tollplaza-data.tsv |tr -d '\n' |tr '\t' ',' > /home/engineer/project/tolldata/cleaned/tsv_data.csv"]
[2025-09-28T12:11:11.444+0100] {subprocess.py:86} INFO - Output:
[2025-09-28T12:11:11.449+0100] {subprocess.py:97} INFO - Command exited with return code 0
[2025-09-28T12:11:11.464+0100] {taskinstance.py:340} INFO - ::group::Post task execution logs
[2025-09-28T12:11:11.464+0100] {taskinstance.py:352} INFO - Marking task as SUCCESS. dag_id=ETL_toll_data, task_id=extract_data_from_tsv, run_id=manual__2025-09-28T11:11:05.873650+00:00, execution_date=20250928T111105, start_date=20250928T111111, end_date=20250928T111111
[2025-09-28T12:11:11.476+0100] {local_task_job_runner.py:266} INFO - Task exited with return code 0
[2025-09-28T12:11:11.489+0100] {taskinstance.py:3900} INFO - 1 downstream tasks scheduled from follow-on schedule check
[2025-09-28T12:11:11.492+0100] {local_task_job_runner.py:245} INFO - ::endgroup::
