[2025-10-15T20:35:23.999+0100] {local_task_job_runner.py:123} INFO - ::group::Pre task execution logs
[2025-10-15T20:35:24.005+0100] {taskinstance.py:2612} INFO - Dependencies all met for dep_context=non-requeueable deps ti=<TaskInstance: ETL_toll_data.extract_data_from_csv scheduled__2025-09-29T00:00:00+00:00 [queued]>
[2025-10-15T20:35:24.008+0100] {taskinstance.py:2612} INFO - Dependencies all met for dep_context=requeueable deps ti=<TaskInstance: ETL_toll_data.extract_data_from_csv scheduled__2025-09-29T00:00:00+00:00 [queued]>
[2025-10-15T20:35:24.009+0100] {taskinstance.py:2865} INFO - Starting attempt 1 of 2
[2025-10-15T20:35:24.019+0100] {taskinstance.py:2888} INFO - Executing <Task(BashOperator): extract_data_from_csv> on 2025-09-29 00:00:00+00:00
[2025-10-15T20:35:24.023+0100] {standard_task_runner.py:72} INFO - Started process 4882 to run task
[2025-10-15T20:35:24.025+0100] {standard_task_runner.py:104} INFO - Running: ['airflow', 'tasks', 'run', 'ETL_toll_data', 'extract_data_from_csv', 'scheduled__2025-09-29T00:00:00+00:00', '--job-id', '76', '--raw', '--subdir', 'DAGS_FOLDER/ETL_toll_data.py', '--cfg-path', '/tmp/tmprtqay_yc']
[2025-10-15T20:35:24.026+0100] {standard_task_runner.py:105} INFO - Job 76: Subtask extract_data_from_csv
[2025-10-15T20:35:24.058+0100] {task_command.py:467} INFO - Running <TaskInstance: ETL_toll_data.extract_data_from_csv scheduled__2025-09-29T00:00:00+00:00 [running]> on host AZZ-PTT-1.localdomain
[2025-10-15T20:35:24.106+0100] {taskinstance.py:3131} INFO - Exporting env vars: AIRFLOW_CTX_DAG_EMAIL='kennethnebe@gmail.com' AIRFLOW_CTX_DAG_OWNER='The Engineer' AIRFLOW_CTX_DAG_ID='ETL_toll_data' AIRFLOW_CTX_TASK_ID='extract_data_from_csv' AIRFLOW_CTX_EXECUTION_DATE='2025-09-29T00:00:00+00:00' AIRFLOW_CTX_TRY_NUMBER='1' AIRFLOW_CTX_DAG_RUN_ID='scheduled__2025-09-29T00:00:00+00:00'
[2025-10-15T20:35:24.107+0100] {taskinstance.py:731} INFO - ::endgroup::
[2025-10-15T20:35:24.115+0100] {subprocess.py:63} INFO - Tmp dir root location: /tmp
[2025-10-15T20:35:24.116+0100] {subprocess.py:75} INFO - Running command: ['/usr/bin/bash', '-c', "cut -d',' -f1-4 /home/engineer/project/tolldata/vehicle-data.csv > /home/engineer/project/tolldata/cleaned/csv_data.csv"]
[2025-10-15T20:35:24.121+0100] {subprocess.py:86} INFO - Output:
[2025-10-15T20:35:24.126+0100] {subprocess.py:97} INFO - Command exited with return code 0
[2025-10-15T20:35:24.140+0100] {taskinstance.py:340} INFO - ::group::Post task execution logs
[2025-10-15T20:35:24.140+0100] {taskinstance.py:352} INFO - Marking task as SUCCESS. dag_id=ETL_toll_data, task_id=extract_data_from_csv, run_id=scheduled__2025-09-29T00:00:00+00:00, execution_date=20250929T000000, start_date=20251015T193524, end_date=20251015T193524
[2025-10-15T20:35:24.159+0100] {local_task_job_runner.py:266} INFO - Task exited with return code 0
[2025-10-15T20:35:24.171+0100] {taskinstance.py:3900} INFO - 1 downstream tasks scheduled from follow-on schedule check
[2025-10-15T20:35:24.175+0100] {local_task_job_runner.py:245} INFO - ::endgroup::
